#
# A fatal error has been detected by the Java Runtime Environment:
#
#  EXCEPTION_ACCESS_VIOLATION (0xc0000005) at pc=0x00007ffed9c6c178, pid=7544, tid=8976
#
# JRE version: OpenJDK Runtime Environment (11.0.11+9) (build 11.0.11+9-b60-7590822)
# Java VM: OpenJDK 64-Bit Server VM (11.0.11+9-b60-7590822, mixed mode, tiered, compressed oops, g1 gc, windows-amd64)
# Problematic frame:
# V  [jvm.dll+0x4ec178]
#
# No core dump will be written. Minidumps are not enabled by default on client versions of Windows
#
# If you would like to submit a bug report, please visit:
#   https://bugreport.java.com/bugreport/crash.jsp
#

---------------  S U M M A R Y ------------

Command Line: -XX:MaxPermSize=4096m -XX:+HeapDumpOnOutOfMemoryError --add-opens=java.base/java.util=ALL-UNNAMED --add-opens=java.base/java.lang=ALL-UNNAMED --add-opens=java.base/java.lang.invoke=ALL-UNNAMED --add-opens=java.prefs/java.util.prefs=ALL-UNNAMED -Xmx4096m -Dfile.encoding=windows-1252 -Duser.country=IT -Duser.language=it -Duser.variant org.gradle.launcher.daemon.bootstrap.GradleDaemon 5.4.1

Host: Intel(R) Core(TM) i5-9600K CPU @ 3.70GHz, 6 cores, 15G,  Windows 10 , 64 bit Build 19041 (10.0.19041.1466)
Time: Wed Feb  9 04:40:18 2022 ora solare Europa occidentale elapsed time: 2.716302 seconds (0d 0h 0m 2s)

---------------  T H R E A D  ---------------

Current thread (0x000001aac7708800):  JavaThread "C2 CompilerThread1" daemon [_thread_in_native, id=8976, stack(0x00000064bdc00000,0x00000064bdd00000)]


Current CompileTask:
C2:   2716 3832       4       groovy.lang.MetaClassImpl$1MOPIter::methodNameAction (325 bytes)

Stack: [0x00000064bdc00000,0x00000064bdd00000],  sp=0x00000064bdcfbbd0,  free space=1006k
Native frames: (J=compiled Java code, j=interpreted, Vv=VM code, C=native code)
V  [jvm.dll+0x4ec178]
V  [jvm.dll+0x4ec856]
V  [jvm.dll+0x198971]
V  [jvm.dll+0x1fc2ee]
V  [jvm.dll+0x1fb3d4]
V  [jvm.dll+0x183d6c]
V  [jvm.dll+0x209a57]
V  [jvm.dll+0x2082a1]
V  [jvm.dll+0x6ef58f]
V  [jvm.dll+0x6e80b5]
V  [jvm.dll+0x5f1036]
C  [ucrtbase.dll+0x21bb2]
C  [KERNEL32.DLL+0x17034]
C  [ntdll.dll+0x52651]


siginfo: EXCEPTION_ACCESS_VIOLATION (0xc0000005), reading address 0xffffffffffffffff


Register to memory mapping:

RIP=0x00007ffed9c6c178 jvm.dll
RAX=0x00407ffeda17cf18 is an unknown value
RBX=0x0000000000000003 is an unknown value
RCX=0x0 is NULL
RDX=0x0 is NULL
RSP=0x00000064bdcfbbd0 is pointing into the stack for thread: 0x000001aac7708800
RBP=0x000001aacd2a97c8 points into unknown readable memory: 0x0000000000000000 | 00 00 00 00 00 00 00 00
RSI=0x000001aacbf506d0 points into unknown readable memory: 0xbf80000000000001 | 01 00 00 00 00 00 80 bf
RDI=0x0 is NULL
R8 =0x000001aac9b96f20 points into unknown readable memory: 0x0000000000000008 | 08 00 00 00 00 00 00 00
R9 =0x0000000000000008 is an unknown value
R10=0x00007ffed9780000 jvm.dll
R11=0x00000000000006b7 is an unknown value
R12=0x00007ffeda17cf18 jvm.dll
R13=0x000001aace4ab5f0 points into unknown readable memory: 0x0000000000000000 | 00 00 00 00 00 00 00 00
R14=0x00007ffed9780000 jvm.dll
R15=0x0000000000000001 is an unknown value


Registers:
RAX=0x00407ffeda17cf18, RBX=0x0000000000000003, RCX=0x0000000000000000, RDX=0x0000000000000000
RSP=0x00000064bdcfbbd0, RBP=0x000001aacd2a97c8, RSI=0x000001aacbf506d0, RDI=0x0000000000000000
R8 =0x000001aac9b96f20, R9 =0x0000000000000008, R10=0x00007ffed9780000, R11=0x00000000000006b7
R12=0x00007ffeda17cf18, R13=0x000001aace4ab5f0, R14=0x00007ffed9780000, R15=0x0000000000000001
RIP=0x00007ffed9c6c178, EFLAGS=0x0000000000010246

Top of Stack: (sp=0x00000064bdcfbbd0)
0x00000064bdcfbbd0:   0000000000000003 000001aacd2a97c8
0x00000064bdcfbbe0:   000001aacbf506d0 00007ffed9ad9054
0x00000064bdcfbbf0:   000001aace4ab5f0 0000000000000000
0x00000064bdcfbc00:   0000000400000001 00007ffe00000001
0x00000064bdcfbc10:   000001aac9b91220 00007ffe00000001
0x00000064bdcfbc20:   000001aac9b7cd48 0000000000000027
0x00000064bdcfbc30:   000001aacb596200 0000000000007fd8
0x00000064bdcfbc40:   0000000000000000 000001aacb596200
0x00000064bdcfbc50:   000001aaca142e88 000001aacb840120
0x00000064bdcfbc60:   0000000000000001 0000000000000008
0x00000064bdcfbc70:   00000064bdcfbe70 00007ffed9c6c856
0x00000064bdcfbc80:   00000064bdcfbe70 000001aaca142e88
0x00000064bdcfbc90:   0000000000000001 00000064bdcfbcd0
0x00000064bdcfbca0:   000001aac7704f58 000001aac770a900
0x00000064bdcfbcb0:   000001aac870bd40 000001aac8711010
0x00000064bdcfbcc0:   00000000002b83f0 000001aac8713d28 

Instructions: (pc=0x00007ffed9c6c178)
0x00007ffed9c6c078:   05 49 8b ec eb 08 e8 6d 0b 00 00 48 8b e8 48 8b
0x00007ffed9c6c088:   d3 48 8d 4c 24 30 e8 5d cd e6 ff 4c 8b 6c 24 20
0x00007ffed9c6c098:   4c 8d 35 61 3f b1 ff 4c 8d 25 72 0e 51 00 48 89
0x00007ffed9c6c0a8:   7c 24 70 41 bf 01 00 00 00 8b 54 24 30 85 d2 74
0x00007ffed9c6c0b8:   42 44 8b 4c 24 34 f6 c2 1f 75 0c c1 ea 05 41 83
0x00007ffed9c6c0c8:   c1 05 f6 c2 1f 74 f4 44 8b c2 41 83 e0 1f 43 0f
0x00007ffed9c6c0d8:   b6 8c 30 80 0e 83 00 43 0f b6 9c 30 60 0e 83 00
0x00007ffed9c6c0e8:   d3 ea 89 54 24 30 41 03 d9 42 8d 04 09 89 44 24
0x00007ffed9c6c0f8:   34 eb 0c 48 8d 4c 24 30 e8 3b cd e6 ff 8b d8 85
0x00007ffed9c6c108:   db 0f 84 82 00 00 00 48 8b 4e 08 8b d3 48 c1 ea
0x00007ffed9c6c118:   08 8b fb 4c 8b 04 d1 4d 3b c4 75 0d 8b d3 48 8b
0x00007ffed9c6c128:   ce e8 12 cf e6 ff 4c 8b c0 8b cb 45 8b cf 83 e1
0x00007ffed9c6c138:   1f 41 d3 e1 48 8b cf 48 c1 e9 05 83 e1 07 41 8b
0x00007ffed9c6c148:   14 88 8b c2 41 0b c1 41 89 04 88 41 23 d1 75 02
0x00007ffed9c6c158:   ff 06 85 d2 0f 85 4f ff ff ff 49 8b 45 08 48 8b
0x00007ffed9c6c168:   cf 48 c1 e9 08 48 c1 ef 05 83 e7 07 48 8b 04 c8
0x00007ffed9c6c178:   44 85 0c b8 0f 85 2f ff ff ff 8b d3 48 8b cd e8
0x00007ffed9c6c188:   64 f6 ca ff e9 20 ff ff ff 83 7d 00 00 48 8b b4
0x00007ffed9c6c198:   24 c0 00 00 00 4c 8b b4 24 b0 00 00 00 4c 8b ac
0x00007ffed9c6c1a8:   24 b8 00 00 00 4c 8b 64 24 28 74 63 41 8b 4d 4c
0x00007ffed9c6c1b8:   49 8b 46 28 ff c9 48 89 2c c8 4d 85 e4 75 5f 41
0x00007ffed9c6c1c8:   8b 4d 4c 8b c1 4c 8b 84 24 c8 00 00 00 c1 e8 05
0x00007ffed9c6c1d8:   41 3b 40 10 73 48 8b d0 83 e1 1f 49 8b 40 18 41
0x00007ffed9c6c1e8:   d3 e7 8b 04 90 41 23 c7 74 34 49 8b 5e 38 8b 7b
0x00007ffed9c6c1f8:   18 8d 47 01 89 43 18 3b 3b 72 0a 8b d7 48 8b cb
0x00007ffed9c6c208:   e8 53 4e c2 ff 48 8b 43 10 4c 89 2c f8 eb 0f 49
0x00007ffed9c6c218:   8b 46 30 48 89 85 98 00 00 00 49 89 6e 30 48 8b
0x00007ffed9c6c228:   7c 24 70 48 83 c4 78 41 5f 41 5e 41 5d 41 5c 5d
0x00007ffed9c6c238:   5b c3 cc cc cc cc cc cc 40 53 55 56 57 41 54 41
0x00007ffed9c6c248:   55 41 56 41 57 48 83 ec 78 89 51 50 48 8b d9 48
0x00007ffed9c6c258:   8b 51 58 b9 20 00 00 00 e8 fb 74 bc ff 8b 2d 11
0x00007ffed9c6c268:   c8 54 00 48 8b f8 41 be 08 00 00 00 48 85 c0 74 


Stack slot to memory mapping:
stack at sp + 0 slots: 0x0000000000000003 is an unknown value
stack at sp + 1 slots: 0x000001aacd2a97c8 points into unknown readable memory: 0x0000000000000000 | 00 00 00 00 00 00 00 00
stack at sp + 2 slots: 0x000001aacbf506d0 points into unknown readable memory: 0xbf80000000000001 | 01 00 00 00 00 00 80 bf
stack at sp + 3 slots: 0x00007ffed9ad9054 jvm.dll
stack at sp + 4 slots: 0x000001aace4ab5f0 points into unknown readable memory: 0x0000000000000000 | 00 00 00 00 00 00 00 00
stack at sp + 5 slots: 0x0 is NULL
stack at sp + 6 slots: 0x0000000400000001 is an unknown value
stack at sp + 7 slots: 0x00007ffe00000001 is an unknown value


---------------  P R O C E S S  ---------------

Threads class SMR info:
_java_thread_list=0x000001aac97a1680, length=34, elements={
0x000001aaa5f4b800, 0x000001aac6bde800, 0x000001aac6bd4000, 0x000001aac74b2800,
0x000001aac74b4800, 0x000001aac74b5800, 0x000001aac74b8800, 0x000001aac74bc000,
0x000001aac74c8000, 0x000001aac7641000, 0x000001aac7708800, 0x000001aac90d9000,
0x000001aac8f79000, 0x000001aac8cfb800, 0x000001aac8dfd800, 0x000001aac92d6800,
0x000001aac8373000, 0x000001aac8374000, 0x000001aac8c44000, 0x000001aac8a27000,
0x000001aac8b78000, 0x000001aac8b76000, 0x000001aac8b77800, 0x000001aac8b76800,
0x000001aac9cb3000, 0x000001aac9cb4800, 0x000001aac9cb5800, 0x000001aac9cb0000,
0x000001aac9cb2800, 0x000001aac9cb6800, 0x000001aac9cb0800, 0x000001aac9cb7000,
0x000001aac9cbb800, 0x000001aac9cba800
}

Java Threads: ( => current thread )
  0x000001aaa5f4b800 JavaThread "main" [_thread_blocked, id=8136, stack(0x00000064bcb00000,0x00000064bcc00000)]
  0x000001aac6bde800 JavaThread "Reference Handler" daemon [_thread_blocked, id=3008, stack(0x00000064bd200000,0x00000064bd300000)]
  0x000001aac6bd4000 JavaThread "Finalizer" daemon [_thread_blocked, id=3476, stack(0x00000064bd300000,0x00000064bd400000)]
  0x000001aac74b2800 JavaThread "Signal Dispatcher" daemon [_thread_blocked, id=8700, stack(0x00000064bd400000,0x00000064bd500000)]
  0x000001aac74b4800 JavaThread "Attach Listener" daemon [_thread_blocked, id=1656, stack(0x00000064bd500000,0x00000064bd600000)]
  0x000001aac74b5800 JavaThread "Service Thread" daemon [_thread_blocked, id=6716, stack(0x00000064bd600000,0x00000064bd700000)]
  0x000001aac74b8800 JavaThread "C2 CompilerThread0" daemon [_thread_in_native, id=6440, stack(0x00000064bd700000,0x00000064bd800000)]
  0x000001aac74bc000 JavaThread "C1 CompilerThread0" daemon [_thread_in_native, id=2988, stack(0x00000064bd800000,0x00000064bd900000)]
  0x000001aac74c8000 JavaThread "Sweeper thread" daemon [_thread_blocked, id=5980, stack(0x00000064bd900000,0x00000064bda00000)]
  0x000001aac7641000 JavaThread "Common-Cleaner" daemon [_thread_blocked, id=7316, stack(0x00000064bda00000,0x00000064bdb00000)]
=>0x000001aac7708800 JavaThread "C2 CompilerThread1" daemon [_thread_in_native, id=8976, stack(0x00000064bdc00000,0x00000064bdd00000)]
  0x000001aac90d9000 JavaThread "Daemon health stats" [_thread_blocked, id=2168, stack(0x00000064be200000,0x00000064be300000)]
  0x000001aac8f79000 JavaThread "Incoming local TCP Connector on port 51047" [_thread_in_native, id=2852, stack(0x00000064be300000,0x00000064be400000)]
  0x000001aac8cfb800 JavaThread "Daemon periodic checks" [_thread_blocked, id=6760, stack(0x00000064be400000,0x00000064be500000)]
  0x000001aac8dfd800 JavaThread "Daemon" [_thread_blocked, id=1576, stack(0x00000064be500000,0x00000064be600000)]
  0x000001aac92d6800 JavaThread "Handler for socket connection from /127.0.0.1:51047 to /127.0.0.1:51048" [_thread_in_native, id=3896, stack(0x00000064be600000,0x00000064be700000)]
  0x000001aac8373000 JavaThread "Cancel handler" [_thread_blocked, id=7908, stack(0x00000064be700000,0x00000064be800000)]
  0x000001aac8374000 JavaThread "Daemon worker" [_thread_in_Java, id=9112, stack(0x00000064be800000,0x00000064be900000)]
  0x000001aac8c44000 JavaThread "Asynchronous log dispatcher for DefaultDaemonConnection: socket connection from /127.0.0.1:51047 to /127.0.0.1:51048" [_thread_blocked, id=3812, stack(0x00000064be900000,0x00000064bea00000)]
  0x000001aac8a27000 JavaThread "Stdin handler" [_thread_blocked, id=2032, stack(0x00000064bea00000,0x00000064beb00000)]
  0x000001aac8b78000 JavaThread "Thread-8" [_thread_blocked, id=6180, stack(0x00000064beb00000,0x00000064bec00000)]
  0x000001aac8b76000 JavaThread "Cache worker for file hash cache (C:\Users\Emanuele\.gradle\caches\5.4.1\fileHashes)" [_thread_blocked, id=8360, stack(0x00000064bec00000,0x00000064bed00000)]
  0x000001aac8b77800 JavaThread "File lock request listener" [_thread_in_native, id=6976, stack(0x00000064bed00000,0x00000064bee00000)]
  0x000001aac8b76800 JavaThread "Cache worker for journal cache (C:\Users\Emanuele\.gradle\caches\journal-1)" [_thread_blocked, id=8680, stack(0x00000064bee00000,0x00000064bef00000)]
  0x000001aac9cb3000 JavaThread "Cache worker for file hash cache (D:\UNISA\Images-to-PDF-8.8.1\.gradle\5.4.1\fileHashes)" [_thread_blocked, id=968, stack(0x00000064bf000000,0x00000064bf100000)]
  0x000001aac9cb4800 JavaThread "Cache worker for cache directory md-supplier (C:\Users\Emanuele\.gradle\caches\5.4.1\md-supplier)" [_thread_blocked, id=2544, stack(0x00000064bf100000,0x00000064bf200000)]
  0x000001aac9cb5800 JavaThread "Cache worker for cache directory md-rule (C:\Users\Emanuele\.gradle\caches\5.4.1\md-rule)" [_thread_blocked, id=7232, stack(0x00000064bf200000,0x00000064bf300000)]
  0x000001aac9cb0000 JavaThread "Cache worker for execution history cache (C:\Users\Emanuele\.gradle\caches\5.4.1\executionHistory)" [_thread_blocked, id=7132, stack(0x00000064bf300000,0x00000064bf400000)]
  0x000001aac9cb2800 JavaThread "Build operations" [_thread_blocked, id=1552, stack(0x00000064bf400000,0x00000064bf500000)]
  0x000001aac9cb6800 JavaThread "Build operations Thread 2" [_thread_blocked, id=4024, stack(0x00000064bf500000,0x00000064bf600000)]
  0x000001aac9cb0800 JavaThread "Build operations Thread 3" [_thread_blocked, id=7472, stack(0x00000064bf600000,0x00000064bf700000)]
  0x000001aac9cb7000 JavaThread "Build operations Thread 4" [_thread_blocked, id=2440, stack(0x00000064bf700000,0x00000064bf800000)]
  0x000001aac9cbb800 JavaThread "Build operations Thread 5" [_thread_blocked, id=4256, stack(0x00000064bf800000,0x00000064bf900000)]
  0x000001aac9cba800 JavaThread "Build operations Thread 6" [_thread_blocked, id=1256, stack(0x00000064bf900000,0x00000064bfa00000)]

Other Threads:
  0x000001aac6ba8800 VMThread "VM Thread" [stack: 0x00000064bd100000,0x00000064bd200000] [id=3276]
  0x000001aac7641800 WatcherThread [stack: 0x00000064bdb00000,0x00000064bdc00000] [id=8876]
  0x000001aaa5f63000 GCTaskThread "GC Thread#0" [stack: 0x00000064bcc00000,0x00000064bcd00000] [id=5296]
  0x000001aac850d800 GCTaskThread "GC Thread#1" [stack: 0x00000064bdd00000,0x00000064bde00000] [id=4736]
  0x000001aac856c800 GCTaskThread "GC Thread#2" [stack: 0x00000064bde00000,0x00000064bdf00000] [id=9028]
  0x000001aac841a800 GCTaskThread "GC Thread#3" [stack: 0x00000064bdf00000,0x00000064be000000] [id=8788]
  0x000001aac8002800 GCTaskThread "GC Thread#4" [stack: 0x00000064be000000,0x00000064be100000] [id=7984]
  0x000001aac8724000 GCTaskThread "GC Thread#5" [stack: 0x00000064be100000,0x00000064be200000] [id=6704]
  0x000001aaa5fc0800 ConcurrentGCThread "G1 Main Marker" [stack: 0x00000064bcd00000,0x00000064bce00000] [id=5160]
  0x000001aaa5fc2000 ConcurrentGCThread "G1 Conc#0" [stack: 0x00000064bce00000,0x00000064bcf00000] [id=6992]
  0x000001aac98af000 ConcurrentGCThread "G1 Conc#1" [stack: 0x00000064bef00000,0x00000064bf000000] [id=3036]
  0x000001aaa602e800 ConcurrentGCThread "G1 Refine#0" [stack: 0x00000064bcf00000,0x00000064bd000000] [id=372]
  0x000001aac6a91800 ConcurrentGCThread "G1 Young RemSet Sampling" [stack: 0x00000064bd000000,0x00000064bd100000] [id=4216]

Threads with active compile tasks:
C2 CompilerThread0   2732 3846   !   4       java.lang.reflect.Executable::declaredAnnotations (85 bytes)
C1 CompilerThread0   2732 4493   !   2       org.gradle.cache.internal.DefaultCacheAccess::getFileLock (97 bytes)
C2 CompilerThread1   2732 3832       4       groovy.lang.MetaClassImpl$1MOPIter::methodNameAction (325 bytes)

VM state:not at safepoint (normal execution)

VM Mutex/Monitor currently owned by a thread: None

Heap address: 0x0000000700000000, size: 4096 MB, Compressed Oops mode: Zero based, Oop shift amount: 3
Narrow klass base: 0x0000000800000000, Narrow klass shift: 0
Compressed class space size: 1073741824 Address: 0x0000000800000000

Heap:
 garbage-first heap   total 315392K, used 51148K [0x0000000700000000, 0x0000000800000000)
  region size 1024K, 37 young (37888K), 10 survivors (10240K)
 Metaspace       used 45188K, capacity 46080K, committed 46208K, reserved 1089536K
  class space    used 5611K, capacity 5912K, committed 6016K, reserved 1048576K
Heap Regions: E=young(eden), S=young(survivor), O=old, HS=humongous(starts), HC=humongous(continues), CS=collection set, F=free, A=archive, TAMS=top-at-mark-start (previous, next)
|   0|0x0000000700000000, 0x0000000700100000, 0x0000000700100000|100%| O|  |TAMS 0x0000000700100000, 0x0000000700000000| Untracked 
|   1|0x0000000700100000, 0x0000000700200000, 0x0000000700200000|100%| O|  |TAMS 0x0000000700200000, 0x0000000700100000| Untracked 
|   2|0x0000000700200000, 0x0000000700300000, 0x0000000700300000|100%|HS|  |TAMS 0x0000000700300000, 0x0000000700200000| Complete 
|   3|0x0000000700300000, 0x0000000700400000, 0x0000000700400000|100%|HS|  |TAMS 0x0000000700400000, 0x0000000700300000| Complete 
|   4|0x0000000700400000, 0x0000000700500000, 0x0000000700500000|100%|HC|  |TAMS 0x0000000700500000, 0x0000000700400000| Complete 
|   5|0x0000000700500000, 0x0000000700600000, 0x0000000700600000|100%| O|  |TAMS 0x0000000700600000, 0x0000000700500000| Untracked 
|   6|0x0000000700600000, 0x0000000700700000, 0x0000000700700000|100%| O|  |TAMS 0x0000000700700000, 0x0000000700600000| Untracked 
|   7|0x0000000700700000, 0x0000000700800000, 0x0000000700800000|100%| O|  |TAMS 0x0000000700800000, 0x0000000700700000| Untracked 
|   8|0x0000000700800000, 0x0000000700900000, 0x0000000700900000|100%| O|  |TAMS 0x0000000700900000, 0x0000000700800000| Untracked 
|   9|0x0000000700900000, 0x0000000700a00000, 0x0000000700a00000|100%| O|  |TAMS 0x0000000700a00000, 0x0000000700900000| Untracked 
|  10|0x0000000700a00000, 0x0000000700b00000, 0x0000000700b00000|100%| O|  |TAMS 0x0000000700b00000, 0x0000000700a00000| Untracked 
|  11|0x0000000700b00000, 0x0000000700c00000, 0x0000000700c00000|100%| O|  |TAMS 0x0000000700c00000, 0x0000000700b00000| Untracked 
|  12|0x0000000700c00000, 0x0000000700d00000, 0x0000000700d00000|100%| O|  |TAMS 0x0000000700d00000, 0x0000000700c00000| Untracked 
|  13|0x0000000700d00000, 0x0000000700e00000, 0x0000000700e00000|100%| O|  |TAMS 0x0000000700e00000, 0x0000000700d00000| Untracked 
|  14|0x0000000700e00000, 0x0000000700e47c00, 0x0000000700f00000| 28%| O|  |TAMS 0x0000000700e47c00, 0x0000000700e00000| Untracked 
|  15|0x0000000700f00000, 0x0000000700f00000, 0x0000000701000000|  0%| F|  |TAMS 0x0000000700f00000, 0x0000000700f00000| Untracked 
|  16|0x0000000701000000, 0x0000000701000000, 0x0000000701100000|  0%| F|  |TAMS 0x0000000701000000, 0x0000000701000000| Untracked 
|  17|0x0000000701100000, 0x0000000701100000, 0x0000000701200000|  0%| F|  |TAMS 0x0000000701100000, 0x0000000701100000| Untracked 
|  18|0x0000000701200000, 0x0000000701200000, 0x0000000701300000|  0%| F|  |TAMS 0x0000000701200000, 0x0000000701200000| Untracked 
|  19|0x0000000701300000, 0x0000000701300000, 0x0000000701400000|  0%| F|  |TAMS 0x0000000701300000, 0x0000000701300000| Untracked 
|  20|0x0000000701400000, 0x0000000701400000, 0x0000000701500000|  0%| F|  |TAMS 0x0000000701400000, 0x0000000701400000| Untracked 
|  21|0x0000000701500000, 0x0000000701500000, 0x0000000701600000|  0%| F|  |TAMS 0x0000000701500000, 0x0000000701500000| Untracked 
|  22|0x0000000701600000, 0x0000000701600000, 0x0000000701700000|  0%| F|  |TAMS 0x0000000701600000, 0x0000000701600000| Untracked 
|  23|0x0000000701700000, 0x0000000701700000, 0x0000000701800000|  0%| F|  |TAMS 0x0000000701700000, 0x0000000701700000| Untracked 
|  24|0x0000000701800000, 0x0000000701800000, 0x0000000701900000|  0%| F|  |TAMS 0x0000000701800000, 0x0000000701800000| Untracked 
|  25|0x0000000701900000, 0x0000000701900000, 0x0000000701a00000|  0%| F|  |TAMS 0x0000000701900000, 0x0000000701900000| Untracked 
|  26|0x0000000701a00000, 0x0000000701a00000, 0x0000000701b00000|  0%| F|  |TAMS 0x0000000701a00000, 0x0000000701a00000| Untracked 
|  27|0x0000000701b00000, 0x0000000701b00000, 0x0000000701c00000|  0%| F|  |TAMS 0x0000000701b00000, 0x0000000701b00000| Untracked 
|  28|0x0000000701c00000, 0x0000000701c00000, 0x0000000701d00000|  0%| F|  |TAMS 0x0000000701c00000, 0x0000000701c00000| Untracked 
|  29|0x0000000701d00000, 0x0000000701d00000, 0x0000000701e00000|  0%| F|  |TAMS 0x0000000701d00000, 0x0000000701d00000| Untracked 
|  30|0x0000000701e00000, 0x0000000701e00000, 0x0000000701f00000|  0%| F|  |TAMS 0x0000000701e00000, 0x0000000701e00000| Untracked 
|  31|0x0000000701f00000, 0x0000000701f00000, 0x0000000702000000|  0%| F|  |TAMS 0x0000000701f00000, 0x0000000701f00000| Untracked 
|  32|0x0000000702000000, 0x0000000702000000, 0x0000000702100000|  0%| F|  |TAMS 0x0000000702000000, 0x0000000702000000| Untracked 
|  33|0x0000000702100000, 0x0000000702100000, 0x0000000702200000|  0%| F|  |TAMS 0x0000000702100000, 0x0000000702100000| Untracked 
|  34|0x0000000702200000, 0x0000000702200000, 0x0000000702300000|  0%| F|  |TAMS 0x0000000702200000, 0x0000000702200000| Untracked 
|  35|0x0000000702300000, 0x0000000702300000, 0x0000000702400000|  0%| F|  |TAMS 0x0000000702300000, 0x0000000702300000| Untracked 
|  36|0x0000000702400000, 0x0000000702400000, 0x0000000702500000|  0%| F|  |TAMS 0x0000000702400000, 0x0000000702400000| Untracked 
|  37|0x0000000702500000, 0x0000000702500000, 0x0000000702600000|  0%| F|  |TAMS 0x0000000702500000, 0x0000000702500000| Untracked 
|  38|0x0000000702600000, 0x0000000702600000, 0x0000000702700000|  0%| F|  |TAMS 0x0000000702600000, 0x0000000702600000| Untracked 
|  39|0x0000000702700000, 0x0000000702700000, 0x0000000702800000|  0%| F|  |TAMS 0x0000000702700000, 0x0000000702700000| Untracked 
|  40|0x0000000702800000, 0x0000000702800000, 0x0000000702900000|  0%| F|  |TAMS 0x0000000702800000, 0x0000000702800000| Untracked 
|  41|0x0000000702900000, 0x0000000702900000, 0x0000000702a00000|  0%| F|  |TAMS 0x0000000702900000, 0x0000000702900000| Untracked 
|  42|0x0000000702a00000, 0x0000000702a00000, 0x0000000702b00000|  0%| F|  |TAMS 0x0000000702a00000, 0x0000000702a00000| Untracked 
|  43|0x0000000702b00000, 0x0000000702b00000, 0x0000000702c00000|  0%| F|  |TAMS 0x0000000702b00000, 0x0000000702b00000| Untracked 
|  44|0x0000000702c00000, 0x0000000702c00000, 0x0000000702d00000|  0%| F|  |TAMS 0x0000000702c00000, 0x0000000702c00000| Untracked 
|  45|0x0000000702d00000, 0x0000000702d00000, 0x0000000702e00000|  0%| F|  |TAMS 0x0000000702d00000, 0x0000000702d00000| Untracked 
|  46|0x0000000702e00000, 0x0000000702e00000, 0x0000000702f00000|  0%| F|  |TAMS 0x0000000702e00000, 0x0000000702e00000| Untracked 
|  47|0x0000000702f00000, 0x0000000702f00000, 0x0000000703000000|  0%| F|  |TAMS 0x0000000702f00000, 0x0000000702f00000| Untracked 
|  48|0x0000000703000000, 0x0000000703000000, 0x0000000703100000|  0%| F|  |TAMS 0x0000000703000000, 0x0000000703000000| Untracked 
|  49|0x0000000703100000, 0x0000000703100000, 0x0000000703200000|  0%| F|  |TAMS 0x0000000703100000, 0x0000000703100000| Untracked 
|  50|0x0000000703200000, 0x0000000703200000, 0x0000000703300000|  0%| F|  |TAMS 0x0000000703200000, 0x0000000703200000| Untracked 
|  51|0x0000000703300000, 0x0000000703300000, 0x0000000703400000|  0%| F|  |TAMS 0x0000000703300000, 0x0000000703300000| Untracked 
|  52|0x0000000703400000, 0x0000000703400000, 0x0000000703500000|  0%| F|  |TAMS 0x0000000703400000, 0x0000000703400000| Untracked 
|  53|0x0000000703500000, 0x0000000703500000, 0x0000000703600000|  0%| F|  |TAMS 0x0000000703500000, 0x0000000703500000| Untracked 
|  54|0x0000000703600000, 0x0000000703600000, 0x0000000703700000|  0%| F|  |TAMS 0x0000000703600000, 0x0000000703600000| Untracked 
|  55|0x0000000703700000, 0x0000000703700000, 0x0000000703800000|  0%| F|  |TAMS 0x0000000703700000, 0x0000000703700000| Untracked 
|  56|0x0000000703800000, 0x0000000703800000, 0x0000000703900000|  0%| F|  |TAMS 0x0000000703800000, 0x0000000703800000| Untracked 
|  57|0x0000000703900000, 0x0000000703900000, 0x0000000703a00000|  0%| F|  |TAMS 0x0000000703900000, 0x0000000703900000| Untracked 
|  58|0x0000000703a00000, 0x0000000703a00000, 0x0000000703b00000|  0%| F|  |TAMS 0x0000000703a00000, 0x0000000703a00000| Untracked 
|  59|0x0000000703b00000, 0x0000000703b00000, 0x0000000703c00000|  0%| F|  |TAMS 0x0000000703b00000, 0x0000000703b00000| Untracked 
|  60|0x0000000703c00000, 0x0000000703c00000, 0x0000000703d00000|  0%| F|  |TAMS 0x0000000703c00000, 0x0000000703c00000| Untracked 
|  61|0x0000000703d00000, 0x0000000703d00000, 0x0000000703e00000|  0%| F|  |TAMS 0x0000000703d00000, 0x0000000703d00000| Untracked 
|  62|0x0000000703e00000, 0x0000000703e00000, 0x0000000703f00000|  0%| F|  |TAMS 0x0000000703e00000, 0x0000000703e00000| Untracked 
|  63|0x0000000703f00000, 0x0000000703f00000, 0x0000000704000000|  0%| F|  |TAMS 0x0000000703f00000, 0x0000000703f00000| Untracked 
|  64|0x0000000704000000, 0x0000000704000000, 0x0000000704100000|  0%| F|  |TAMS 0x0000000704000000, 0x0000000704000000| Untracked 
|  65|0x0000000704100000, 0x0000000704100000, 0x0000000704200000|  0%| F|  |TAMS 0x0000000704100000, 0x0000000704100000| Untracked 
|  66|0x0000000704200000, 0x0000000704200000, 0x0000000704300000|  0%| F|  |TAMS 0x0000000704200000, 0x0000000704200000| Untracked 
|  67|0x0000000704300000, 0x0000000704300000, 0x0000000704400000|  0%| F|  |TAMS 0x0000000704300000, 0x0000000704300000| Untracked 
|  68|0x0000000704400000, 0x0000000704400000, 0x0000000704500000|  0%| F|  |TAMS 0x0000000704400000, 0x0000000704400000| Untracked 
|  69|0x0000000704500000, 0x0000000704500000, 0x0000000704600000|  0%| F|  |TAMS 0x0000000704500000, 0x0000000704500000| Untracked 
|  70|0x0000000704600000, 0x0000000704600000, 0x0000000704700000|  0%| F|  |TAMS 0x0000000704600000, 0x0000000704600000| Untracked 
|  71|0x0000000704700000, 0x0000000704700000, 0x0000000704800000|  0%| F|  |TAMS 0x0000000704700000, 0x0000000704700000| Untracked 
|  72|0x0000000704800000, 0x0000000704800000, 0x0000000704900000|  0%| F|  |TAMS 0x0000000704800000, 0x0000000704800000| Untracked 
|  73|0x0000000704900000, 0x0000000704900000, 0x0000000704a00000|  0%| F|  |TAMS 0x0000000704900000, 0x0000000704900000| Untracked 
|  74|0x0000000704a00000, 0x0000000704a00000, 0x0000000704b00000|  0%| F|  |TAMS 0x0000000704a00000, 0x0000000704a00000| Untracked 
|  75|0x0000000704b00000, 0x0000000704b00000, 0x0000000704c00000|  0%| F|  |TAMS 0x0000000704b00000, 0x0000000704b00000| Untracked 
|  76|0x0000000704c00000, 0x0000000704c00000, 0x0000000704d00000|  0%| F|  |TAMS 0x0000000704c00000, 0x0000000704c00000| Untracked 
|  77|0x0000000704d00000, 0x0000000704d00000, 0x0000000704e00000|  0%| F|  |TAMS 0x0000000704d00000, 0x0000000704d00000| Untracked 
|  78|0x0000000704e00000, 0x0000000704e00000, 0x0000000704f00000|  0%| F|  |TAMS 0x0000000704e00000, 0x0000000704e00000| Untracked 
|  79|0x0000000704f00000, 0x0000000704f00000, 0x0000000705000000|  0%| F|  |TAMS 0x0000000704f00000, 0x0000000704f00000| Untracked 
|  80|0x0000000705000000, 0x0000000705000000, 0x0000000705100000|  0%| F|  |TAMS 0x0000000705000000, 0x0000000705000000| Untracked 
|  81|0x0000000705100000, 0x0000000705100000, 0x0000000705200000|  0%| F|  |TAMS 0x0000000705100000, 0x0000000705100000| Untracked 
|  82|0x0000000705200000, 0x0000000705200000, 0x0000000705300000|  0%| F|  |TAMS 0x0000000705200000, 0x0000000705200000| Untracked 
|  83|0x0000000705300000, 0x0000000705300000, 0x0000000705400000|  0%| F|  |TAMS 0x0000000705300000, 0x0000000705300000| Untracked 
|  84|0x0000000705400000, 0x0000000705400000, 0x0000000705500000|  0%| F|  |TAMS 0x0000000705400000, 0x0000000705400000| Untracked 
|  85|0x0000000705500000, 0x0000000705500000, 0x0000000705600000|  0%| F|  |TAMS 0x0000000705500000, 0x0000000705500000| Untracked 
|  86|0x0000000705600000, 0x0000000705600000, 0x0000000705700000|  0%| F|  |TAMS 0x0000000705600000, 0x0000000705600000| Untracked 
|  87|0x0000000705700000, 0x0000000705700000, 0x0000000705800000|  0%| F|  |TAMS 0x0000000705700000, 0x0000000705700000| Untracked 
|  88|0x0000000705800000, 0x0000000705800000, 0x0000000705900000|  0%| F|  |TAMS 0x0000000705800000, 0x0000000705800000| Untracked 
|  89|0x0000000705900000, 0x0000000705900000, 0x0000000705a00000|  0%| F|  |TAMS 0x0000000705900000, 0x0000000705900000| Untracked 
|  90|0x0000000705a00000, 0x0000000705a00000, 0x0000000705b00000|  0%| F|  |TAMS 0x0000000705a00000, 0x0000000705a00000| Untracked 
|  91|0x0000000705b00000, 0x0000000705b00000, 0x0000000705c00000|  0%| F|  |TAMS 0x0000000705b00000, 0x0000000705b00000| Untracked 
|  92|0x0000000705c00000, 0x0000000705c00000, 0x0000000705d00000|  0%| F|  |TAMS 0x0000000705c00000, 0x0000000705c00000| Untracked 
|  93|0x0000000705d00000, 0x0000000705d00000, 0x0000000705e00000|  0%| F|  |TAMS 0x0000000705d00000, 0x0000000705d00000| Untracked 
|  94|0x0000000705e00000, 0x0000000705e00000, 0x0000000705f00000|  0%| F|  |TAMS 0x0000000705e00000, 0x0000000705e00000| Untracked 
|  95|0x0000000705f00000, 0x0000000705f00000, 0x0000000706000000|  0%| F|  |TAMS 0x0000000705f00000, 0x0000000705f00000| Untracked 
|  96|0x0000000706000000, 0x0000000706000000, 0x0000000706100000|  0%| F|  |TAMS 0x0000000706000000, 0x0000000706000000| Untracked 
|  97|0x0000000706100000, 0x0000000706100000, 0x0000000706200000|  0%| F|  |TAMS 0x0000000706100000, 0x0000000706100000| Untracked 
|  98|0x0000000706200000, 0x0000000706200000, 0x0000000706300000|  0%| F|  |TAMS 0x0000000706200000, 0x0000000706200000| Untracked 
|  99|0x0000000706300000, 0x0000000706300000, 0x0000000706400000|  0%| F|  |TAMS 0x0000000706300000, 0x0000000706300000| Untracked 
| 100|0x0000000706400000, 0x0000000706400000, 0x0000000706500000|  0%| F|  |TAMS 0x0000000706400000, 0x0000000706400000| Untracked 
| 101|0x0000000706500000, 0x0000000706500000, 0x0000000706600000|  0%| F|  |TAMS 0x0000000706500000, 0x0000000706500000| Untracked 
| 102|0x0000000706600000, 0x0000000706600000, 0x0000000706700000|  0%| F|  |TAMS 0x0000000706600000, 0x0000000706600000| Untracked 
| 103|0x0000000706700000, 0x0000000706700000, 0x0000000706800000|  0%| F|  |TAMS 0x0000000706700000, 0x0000000706700000| Untracked 
| 104|0x0000000706800000, 0x0000000706800000, 0x0000000706900000|  0%| F|  |TAMS 0x0000000706800000, 0x0000000706800000| Untracked 
| 105|0x0000000706900000, 0x0000000706900000, 0x0000000706a00000|  0%| F|  |TAMS 0x0000000706900000, 0x0000000706900000| Untracked 
| 106|0x0000000706a00000, 0x0000000706a00000, 0x0000000706b00000|  0%| F|  |TAMS 0x0000000706a00000, 0x0000000706a00000| Untracked 
| 107|0x0000000706b00000, 0x0000000706b00000, 0x0000000706c00000|  0%| F|  |TAMS 0x0000000706b00000, 0x0000000706b00000| Untracked 
| 108|0x0000000706c00000, 0x0000000706c00000, 0x0000000706d00000|  0%| F|  |TAMS 0x0000000706c00000, 0x0000000706c00000| Untracked 
| 109|0x0000000706d00000, 0x0000000706d00000, 0x0000000706e00000|  0%| F|  |TAMS 0x0000000706d00000, 0x0000000706d00000| Untracked 
| 110|0x0000000706e00000, 0x0000000706e00000, 0x0000000706f00000|  0%| F|  |TAMS 0x0000000706e00000, 0x0000000706e00000| Untracked 
| 111|0x0000000706f00000, 0x0000000706f00000, 0x0000000707000000|  0%| F|  |TAMS 0x0000000706f00000, 0x0000000706f00000| Untracked 
| 112|0x0000000707000000, 0x0000000707000000, 0x0000000707100000|  0%| F|  |TAMS 0x0000000707000000, 0x0000000707000000| Untracked 
| 113|0x0000000707100000, 0x0000000707100000, 0x0000000707200000|  0%| F|  |TAMS 0x0000000707100000, 0x0000000707100000| Untracked 
| 114|0x0000000707200000, 0x0000000707200000, 0x0000000707300000|  0%| F|  |TAMS 0x0000000707200000, 0x0000000707200000| Untracked 
| 115|0x0000000707300000, 0x0000000707300000, 0x0000000707400000|  0%| F|  |TAMS 0x0000000707300000, 0x0000000707300000| Untracked 
| 116|0x0000000707400000, 0x0000000707400000, 0x0000000707500000|  0%| F|  |TAMS 0x0000000707400000, 0x0000000707400000| Untracked 
| 117|0x0000000707500000, 0x0000000707500000, 0x0000000707600000|  0%| F|  |TAMS 0x0000000707500000, 0x0000000707500000| Untracked 
| 118|0x0000000707600000, 0x0000000707600000, 0x0000000707700000|  0%| F|  |TAMS 0x0000000707600000, 0x0000000707600000| Untracked 
| 119|0x0000000707700000, 0x0000000707700000, 0x0000000707800000|  0%| F|  |TAMS 0x0000000707700000, 0x0000000707700000| Untracked 
| 120|0x0000000707800000, 0x0000000707800000, 0x0000000707900000|  0%| F|  |TAMS 0x0000000707800000, 0x0000000707800000| Untracked 
| 121|0x0000000707900000, 0x0000000707900000, 0x0000000707a00000|  0%| F|  |TAMS 0x0000000707900000, 0x0000000707900000| Untracked 
| 122|0x0000000707a00000, 0x0000000707a00000, 0x0000000707b00000|  0%| F|  |TAMS 0x0000000707a00000, 0x0000000707a00000| Untracked 
| 123|0x0000000707b00000, 0x0000000707b00000, 0x0000000707c00000|  0%| F|  |TAMS 0x0000000707b00000, 0x0000000707b00000| Untracked 
| 124|0x0000000707c00000, 0x0000000707c00000, 0x0000000707d00000|  0%| F|  |TAMS 0x0000000707c00000, 0x0000000707c00000| Untracked 
| 125|0x0000000707d00000, 0x0000000707d00000, 0x0000000707e00000|  0%| F|  |TAMS 0x0000000707d00000, 0x0000000707d00000| Untracked 
| 126|0x0000000707e00000, 0x0000000707e00000, 0x0000000707f00000|  0%| F|  |TAMS 0x0000000707e00000, 0x0000000707e00000| Untracked 
| 127|0x0000000707f00000, 0x0000000707f00000, 0x0000000708000000|  0%| F|  |TAMS 0x0000000707f00000, 0x0000000707f00000| Untracked 
| 128|0x0000000708000000, 0x0000000708000000, 0x0000000708100000|  0%| F|  |TAMS 0x0000000708000000, 0x0000000708000000| Untracked 
| 129|0x0000000708100000, 0x0000000708100000, 0x0000000708200000|  0%| F|  |TAMS 0x0000000708100000, 0x0000000708100000| Untracked 
| 130|0x0000000708200000, 0x0000000708200000, 0x0000000708300000|  0%| F|  |TAMS 0x0000000708200000, 0x0000000708200000| Untracked 
| 131|0x0000000708300000, 0x0000000708300000, 0x0000000708400000|  0%| F|  |TAMS 0x0000000708300000, 0x0000000708300000| Untracked 
| 132|0x0000000708400000, 0x0000000708400000, 0x0000000708500000|  0%| F|  |TAMS 0x0000000708400000, 0x0000000708400000| Untracked 
| 133|0x0000000708500000, 0x0000000708500000, 0x0000000708600000|  0%| F|  |TAMS 0x0000000708500000, 0x0000000708500000| Untracked 
| 134|0x0000000708600000, 0x0000000708600000, 0x0000000708700000|  0%| F|  |TAMS 0x0000000708600000, 0x0000000708600000| Untracked 
| 135|0x0000000708700000, 0x0000000708700000, 0x0000000708800000|  0%| F|  |TAMS 0x0000000708700000, 0x0000000708700000| Untracked 
| 136|0x0000000708800000, 0x0000000708800000, 0x0000000708900000|  0%| F|  |TAMS 0x0000000708800000, 0x0000000708800000| Untracked 
| 137|0x0000000708900000, 0x0000000708900000, 0x0000000708a00000|  0%| F|  |TAMS 0x0000000708900000, 0x0000000708900000| Untracked 
| 138|0x0000000708a00000, 0x0000000708a00000, 0x0000000708b00000|  0%| F|  |TAMS 0x0000000708a00000, 0x0000000708a00000| Untracked 
| 139|0x0000000708b00000, 0x0000000708b00000, 0x0000000708c00000|  0%| F|  |TAMS 0x0000000708b00000, 0x0000000708b00000| Untracked 
| 140|0x0000000708c00000, 0x0000000708c00000, 0x0000000708d00000|  0%| F|  |TAMS 0x0000000708c00000, 0x0000000708c00000| Untracked 
| 141|0x0000000708d00000, 0x0000000708d00000, 0x0000000708e00000|  0%| F|  |TAMS 0x0000000708d00000, 0x0000000708d00000| Untracked 
| 142|0x0000000708e00000, 0x0000000708e00000, 0x0000000708f00000|  0%| F|  |TAMS 0x0000000708e00000, 0x0000000708e00000| Untracked 
| 143|0x0000000708f00000, 0x0000000708fab6e0, 0x0000000709000000| 66%| S|CS|TAMS 0x0000000708f00000, 0x0000000708f00000| Complete 
| 144|0x0000000709000000, 0x0000000709100000, 0x0000000709100000|100%| S|CS|TAMS 0x0000000709000000, 0x0000000709000000| Complete 
| 145|0x0000000709100000, 0x0000000709200000, 0x0000000709200000|100%| S|CS|TAMS 0x0000000709100000, 0x0000000709100000| Complete 
| 146|0x0000000709200000, 0x0000000709300000, 0x0000000709300000|100%| S|CS|TAMS 0x0000000709200000, 0x0000000709200000| Complete 
| 147|0x0000000709300000, 0x0000000709400000, 0x0000000709400000|100%| S|CS|TAMS 0x0000000709300000, 0x0000000709300000| Complete 
| 148|0x0000000709400000, 0x0000000709500000, 0x0000000709500000|100%| S|CS|TAMS 0x0000000709400000, 0x0000000709400000| Complete 
| 149|0x0000000709500000, 0x0000000709600000, 0x0000000709600000|100%| S|CS|TAMS 0x0000000709500000, 0x0000000709500000| Complete 
| 150|0x0000000709600000, 0x0000000709700000, 0x0000000709700000|100%| S|CS|TAMS 0x0000000709600000, 0x0000000709600000| Complete 
| 151|0x0000000709700000, 0x0000000709800000, 0x0000000709800000|100%| S|CS|TAMS 0x0000000709700000, 0x0000000709700000| Complete 
| 152|0x0000000709800000, 0x0000000709900000, 0x0000000709900000|100%| S|CS|TAMS 0x0000000709800000, 0x0000000709800000| Complete 
| 153|0x0000000709900000, 0x0000000709900000, 0x0000000709a00000|  0%| F|  |TAMS 0x0000000709900000, 0x0000000709900000| Untracked 
| 154|0x0000000709a00000, 0x0000000709a00000, 0x0000000709b00000|  0%| F|  |TAMS 0x0000000709a00000, 0x0000000709a00000| Untracked 
| 155|0x0000000709b00000, 0x0000000709b00000, 0x0000000709c00000|  0%| F|  |TAMS 0x0000000709b00000, 0x0000000709b00000| Untracked 
| 156|0x0000000709c00000, 0x0000000709c00000, 0x0000000709d00000|  0%| F|  |TAMS 0x0000000709c00000, 0x0000000709c00000| Untracked 
| 157|0x0000000709d00000, 0x0000000709d00000, 0x0000000709e00000|  0%| F|  |TAMS 0x0000000709d00000, 0x0000000709d00000| Untracked 
| 158|0x0000000709e00000, 0x0000000709e00000, 0x0000000709f00000|  0%| F|  |TAMS 0x0000000709e00000, 0x0000000709e00000| Untracked 
| 159|0x0000000709f00000, 0x0000000709f00000, 0x000000070a000000|  0%| F|  |TAMS 0x0000000709f00000, 0x0000000709f00000| Untracked 
| 160|0x000000070a000000, 0x000000070a000000, 0x000000070a100000|  0%| F|  |TAMS 0x000000070a000000, 0x000000070a000000| Untracked 
| 161|0x000000070a100000, 0x000000070a100000, 0x000000070a200000|  0%| F|  |TAMS 0x000000070a100000, 0x000000070a100000| Untracked 
| 162|0x000000070a200000, 0x000000070a200000, 0x000000070a300000|  0%| F|  |TAMS 0x000000070a200000, 0x000000070a200000| Untracked 
| 163|0x000000070a300000, 0x000000070a300000, 0x000000070a400000|  0%| F|  |TAMS 0x000000070a300000, 0x000000070a300000| Untracked 
| 164|0x000000070a400000, 0x000000070a400000, 0x000000070a500000|  0%| F|  |TAMS 0x000000070a400000, 0x000000070a400000| Untracked 
| 165|0x000000070a500000, 0x000000070a500000, 0x000000070a600000|  0%| F|  |TAMS 0x000000070a500000, 0x000000070a500000| Untracked 
| 166|0x000000070a600000, 0x000000070a600000, 0x000000070a700000|  0%| F|  |TAMS 0x000000070a600000, 0x000000070a600000| Untracked 
| 167|0x000000070a700000, 0x000000070a700000, 0x000000070a800000|  0%| F|  |TAMS 0x000000070a700000, 0x000000070a700000| Untracked 
| 168|0x000000070a800000, 0x000000070a800000, 0x000000070a900000|  0%| F|  |TAMS 0x000000070a800000, 0x000000070a800000| Untracked 
| 169|0x000000070a900000, 0x000000070a900000, 0x000000070aa00000|  0%| F|  |TAMS 0x000000070a900000, 0x000000070a900000| Untracked 
| 170|0x000000070aa00000, 0x000000070aa00000, 0x000000070ab00000|  0%| F|  |TAMS 0x000000070aa00000, 0x000000070aa00000| Untracked 
| 171|0x000000070ab00000, 0x000000070ab00000, 0x000000070ac00000|  0%| F|  |TAMS 0x000000070ab00000, 0x000000070ab00000| Untracked 
| 172|0x000000070ac00000, 0x000000070ac00000, 0x000000070ad00000|  0%| F|  |TAMS 0x000000070ac00000, 0x000000070ac00000| Untracked 
| 173|0x000000070ad00000, 0x000000070ad00000, 0x000000070ae00000|  0%| F|  |TAMS 0x000000070ad00000, 0x000000070ad00000| Untracked 
| 174|0x000000070ae00000, 0x000000070ae00000, 0x000000070af00000|  0%| F|  |TAMS 0x000000070ae00000, 0x000000070ae00000| Untracked 
| 175|0x000000070af00000, 0x000000070af00000, 0x000000070b000000|  0%| F|  |TAMS 0x000000070af00000, 0x000000070af00000| Untracked 
| 176|0x000000070b000000, 0x000000070b000000, 0x000000070b100000|  0%| F|  |TAMS 0x000000070b000000, 0x000000070b000000| Untracked 
| 177|0x000000070b100000, 0x000000070b100000, 0x000000070b200000|  0%| F|  |TAMS 0x000000070b100000, 0x000000070b100000| Untracked 
| 178|0x000000070b200000, 0x000000070b200000, 0x000000070b300000|  0%| F|  |TAMS 0x000000070b200000, 0x000000070b200000| Untracked 
| 179|0x000000070b300000, 0x000000070b300000, 0x000000070b400000|  0%| F|  |TAMS 0x000000070b300000, 0x000000070b300000| Untracked 
| 180|0x000000070b400000, 0x000000070b400000, 0x000000070b500000|  0%| F|  |TAMS 0x000000070b400000, 0x000000070b400000| Untracked 
| 181|0x000000070b500000, 0x000000070b500000, 0x000000070b600000|  0%| F|  |TAMS 0x000000070b500000, 0x000000070b500000| Untracked 
| 182|0x000000070b600000, 0x000000070b600000, 0x000000070b700000|  0%| F|  |TAMS 0x000000070b600000, 0x000000070b600000| Untracked 
| 183|0x000000070b700000, 0x000000070b700000, 0x000000070b800000|  0%| F|  |TAMS 0x000000070b700000, 0x000000070b700000| Untracked 
| 184|0x000000070b800000, 0x000000070b800000, 0x000000070b900000|  0%| F|  |TAMS 0x000000070b800000, 0x000000070b800000| Untracked 
| 185|0x000000070b900000, 0x000000070b900000, 0x000000070ba00000|  0%| F|  |TAMS 0x000000070b900000, 0x000000070b900000| Untracked 
| 186|0x000000070ba00000, 0x000000070ba00000, 0x000000070bb00000|  0%| F|  |TAMS 0x000000070ba00000, 0x000000070ba00000| Untracked 
| 187|0x000000070bb00000, 0x000000070bb00000, 0x000000070bc00000|  0%| F|  |TAMS 0x000000070bb00000, 0x000000070bb00000| Untracked 
| 188|0x000000070bc00000, 0x000000070bc00000, 0x000000070bd00000|  0%| F|  |TAMS 0x000000070bc00000, 0x000000070bc00000| Untracked 
| 189|0x000000070bd00000, 0x000000070bd00000, 0x000000070be00000|  0%| F|  |TAMS 0x000000070bd00000, 0x000000070bd00000| Untracked 
| 190|0x000000070be00000, 0x000000070be00000, 0x000000070bf00000|  0%| F|  |TAMS 0x000000070be00000, 0x000000070be00000| Untracked 
| 191|0x000000070bf00000, 0x000000070bf00000, 0x000000070c000000|  0%| F|  |TAMS 0x000000070bf00000, 0x000000070bf00000| Untracked 
| 192|0x000000070c000000, 0x000000070c000000, 0x000000070c100000|  0%| F|  |TAMS 0x000000070c000000, 0x000000070c000000| Untracked 
| 193|0x000000070c100000, 0x000000070c100000, 0x000000070c200000|  0%| F|  |TAMS 0x000000070c100000, 0x000000070c100000| Untracked 
| 194|0x000000070c200000, 0x000000070c200000, 0x000000070c300000|  0%| F|  |TAMS 0x000000070c200000, 0x000000070c200000| Untracked 
| 195|0x000000070c300000, 0x000000070c300000, 0x000000070c400000|  0%| F|  |TAMS 0x000000070c300000, 0x000000070c300000| Untracked 
| 196|0x000000070c400000, 0x000000070c400000, 0x000000070c500000|  0%| F|  |TAMS 0x000000070c400000, 0x000000070c400000| Untracked 
| 197|0x000000070c500000, 0x000000070c500000, 0x000000070c600000|  0%| F|  |TAMS 0x000000070c500000, 0x000000070c500000| Untracked 
| 198|0x000000070c600000, 0x000000070c600000, 0x000000070c700000|  0%| F|  |TAMS 0x000000070c600000, 0x000000070c600000| Untracked 
| 199|0x000000070c700000, 0x000000070c700000, 0x000000070c800000|  0%| F|  |TAMS 0x000000070c700000, 0x000000070c700000| Untracked 
| 200|0x000000070c800000, 0x000000070c800000, 0x000000070c900000|  0%| F|  |TAMS 0x000000070c800000, 0x000000070c800000| Untracked 
| 201|0x000000070c900000, 0x000000070c900000, 0x000000070ca00000|  0%| F|  |TAMS 0x000000070c900000, 0x000000070c900000| Untracked 
| 202|0x000000070ca00000, 0x000000070ca00000, 0x000000070cb00000|  0%| F|  |TAMS 0x000000070ca00000, 0x000000070ca00000| Untracked 
| 203|0x000000070cb00000, 0x000000070cb00000, 0x000000070cc00000|  0%| F|  |TAMS 0x000000070cb00000, 0x000000070cb00000| Untracked 
| 204|0x000000070cc00000, 0x000000070cc00000, 0x000000070cd00000|  0%| F|  |TAMS 0x000000070cc00000, 0x000000070cc00000| Untracked 
| 205|0x000000070cd00000, 0x000000070cd00000, 0x000000070ce00000|  0%| F|  |TAMS 0x000000070cd00000, 0x000000070cd00000| Untracked 
| 206|0x000000070ce00000, 0x000000070ce00000, 0x000000070cf00000|  0%| F|  |TAMS 0x000000070ce00000, 0x000000070ce00000| Untracked 
| 207|0x000000070cf00000, 0x000000070cf00000, 0x000000070d000000|  0%| F|  |TAMS 0x000000070cf00000, 0x000000070cf00000| Untracked 
| 208|0x000000070d000000, 0x000000070d000000, 0x000000070d100000|  0%| F|  |TAMS 0x000000070d000000, 0x000000070d000000| Untracked 
| 209|0x000000070d100000, 0x000000070d100000, 0x000000070d200000|  0%| F|  |TAMS 0x000000070d100000, 0x000000070d100000| Untracked 
| 210|0x000000070d200000, 0x000000070d200000, 0x000000070d300000|  0%| F|  |TAMS 0x000000070d200000, 0x000000070d200000| Untracked 
| 211|0x000000070d300000, 0x000000070d300000, 0x000000070d400000|  0%| F|  |TAMS 0x000000070d300000, 0x000000070d300000| Untracked 
| 212|0x000000070d400000, 0x000000070d400000, 0x000000070d500000|  0%| F|  |TAMS 0x000000070d400000, 0x000000070d400000| Untracked 
| 213|0x000000070d500000, 0x000000070d500000, 0x000000070d600000|  0%| F|  |TAMS 0x000000070d500000, 0x000000070d500000| Untracked 
| 214|0x000000070d600000, 0x000000070d600000, 0x000000070d700000|  0%| F|  |TAMS 0x000000070d600000, 0x000000070d600000| Untracked 
| 215|0x000000070d700000, 0x000000070d700000, 0x000000070d800000|  0%| F|  |TAMS 0x000000070d700000, 0x000000070d700000| Untracked 
| 216|0x000000070d800000, 0x000000070d800000, 0x000000070d900000|  0%| F|  |TAMS 0x000000070d800000, 0x000000070d800000| Untracked 
| 217|0x000000070d900000, 0x000000070d900000, 0x000000070da00000|  0%| F|  |TAMS 0x000000070d900000, 0x000000070d900000| Untracked 
| 218|0x000000070da00000, 0x000000070da00000, 0x000000070db00000|  0%| F|  |TAMS 0x000000070da00000, 0x000000070da00000| Untracked 
| 219|0x000000070db00000, 0x000000070db00000, 0x000000070dc00000|  0%| F|  |TAMS 0x000000070db00000, 0x000000070db00000| Untracked 
| 220|0x000000070dc00000, 0x000000070dc00000, 0x000000070dd00000|  0%| F|  |TAMS 0x000000070dc00000, 0x000000070dc00000| Untracked 
| 221|0x000000070dd00000, 0x000000070dd00000, 0x000000070de00000|  0%| F|  |TAMS 0x000000070dd00000, 0x000000070dd00000| Untracked 
| 222|0x000000070de00000, 0x000000070de00000, 0x000000070df00000|  0%| F|  |TAMS 0x000000070de00000, 0x000000070de00000| Untracked 
| 223|0x000000070df00000, 0x000000070df00000, 0x000000070e000000|  0%| F|  |TAMS 0x000000070df00000, 0x000000070df00000| Untracked 
| 224|0x000000070e000000, 0x000000070e000000, 0x000000070e100000|  0%| F|  |TAMS 0x000000070e000000, 0x000000070e000000| Untracked 
| 225|0x000000070e100000, 0x000000070e100000, 0x000000070e200000|  0%| F|  |TAMS 0x000000070e100000, 0x000000070e100000| Untracked 
| 226|0x000000070e200000, 0x000000070e200000, 0x000000070e300000|  0%| F|  |TAMS 0x000000070e200000, 0x000000070e200000| Untracked 
| 227|0x000000070e300000, 0x000000070e300000, 0x000000070e400000|  0%| F|  |TAMS 0x000000070e300000, 0x000000070e300000| Untracked 
| 228|0x000000070e400000, 0x000000070e400000, 0x000000070e500000|  0%| F|  |TAMS 0x000000070e400000, 0x000000070e400000| Untracked 
| 229|0x000000070e500000, 0x000000070e500000, 0x000000070e600000|  0%| F|  |TAMS 0x000000070e500000, 0x000000070e500000| Untracked 
| 230|0x000000070e600000, 0x000000070e600000, 0x000000070e700000|  0%| F|  |TAMS 0x000000070e600000, 0x000000070e600000| Untracked 
| 231|0x000000070e700000, 0x000000070e700000, 0x000000070e800000|  0%| F|  |TAMS 0x000000070e700000, 0x000000070e700000| Untracked 
| 232|0x000000070e800000, 0x000000070e800000, 0x000000070e900000|  0%| F|  |TAMS 0x000000070e800000, 0x000000070e800000| Untracked 
| 233|0x000000070e900000, 0x000000070e900000, 0x000000070ea00000|  0%| F|  |TAMS 0x000000070e900000, 0x000000070e900000| Untracked 
| 234|0x000000070ea00000, 0x000000070ea00000, 0x000000070eb00000|  0%| F|  |TAMS 0x000000070ea00000, 0x000000070ea00000| Untracked 
| 235|0x000000070eb00000, 0x000000070eb00000, 0x000000070ec00000|  0%| F|  |TAMS 0x000000070eb00000, 0x000000070eb00000| Untracked 
| 236|0x000000070ec00000, 0x000000070ec00000, 0x000000070ed00000|  0%| F|  |TAMS 0x000000070ec00000, 0x000000070ec00000| Untracked 
| 237|0x000000070ed00000, 0x000000070ed00000, 0x000000070ee00000|  0%| F|  |TAMS 0x000000070ed00000, 0x000000070ed00000| Untracked 
| 238|0x000000070ee00000, 0x000000070ee00000, 0x000000070ef00000|  0%| F|  |TAMS 0x000000070ee00000, 0x000000070ee00000| Untracked 
| 239|0x000000070ef00000, 0x000000070ef00000, 0x000000070f000000|  0%| F|  |TAMS 0x000000070ef00000, 0x000000070ef00000| Untracked 
| 240|0x000000070f000000, 0x000000070f000000, 0x000000070f100000|  0%| F|  |TAMS 0x000000070f000000, 0x000000070f000000| Untracked 
| 241|0x000000070f100000, 0x000000070f100000, 0x000000070f200000|  0%| F|  |TAMS 0x000000070f100000, 0x000000070f100000| Untracked 
| 242|0x000000070f200000, 0x000000070f200000, 0x000000070f300000|  0%| F|  |TAMS 0x000000070f200000, 0x000000070f200000| Untracked 
| 243|0x000000070f300000, 0x000000070f300000, 0x000000070f400000|  0%| F|  |TAMS 0x000000070f300000, 0x000000070f300000| Untracked 
| 244|0x000000070f400000, 0x000000070f400000, 0x000000070f500000|  0%| F|  |TAMS 0x000000070f400000, 0x000000070f400000| Untracked 
| 245|0x000000070f500000, 0x000000070f500000, 0x000000070f600000|  0%| F|  |TAMS 0x000000070f500000, 0x000000070f500000| Untracked 
| 246|0x000000070f600000, 0x000000070f600000, 0x000000070f700000|  0%| F|  |TAMS 0x000000070f600000, 0x000000070f600000| Untracked 
| 247|0x000000070f700000, 0x000000070f700000, 0x000000070f800000|  0%| F|  |TAMS 0x000000070f700000, 0x000000070f700000| Untracked 
| 248|0x000000070f800000, 0x000000070f800000, 0x000000070f900000|  0%| F|  |TAMS 0x000000070f800000, 0x000000070f800000| Untracked 
| 249|0x000000070f900000, 0x000000070f900000, 0x000000070fa00000|  0%| F|  |TAMS 0x000000070f900000, 0x000000070f900000| Untracked 
| 250|0x000000070fa00000, 0x000000070fa00000, 0x000000070fb00000|  0%| F|  |TAMS 0x000000070fa00000, 0x000000070fa00000| Untracked 
| 251|0x000000070fb00000, 0x000000070fb00000, 0x000000070fc00000|  0%| F|  |TAMS 0x000000070fb00000, 0x000000070fb00000| Untracked 
| 252|0x000000070fc00000, 0x000000070fc00000, 0x000000070fd00000|  0%| F|  |TAMS 0x000000070fc00000, 0x000000070fc00000| Untracked 
| 253|0x000000070fd00000, 0x000000070fd00000, 0x000000070fe00000|  0%| F|  |TAMS 0x000000070fd00000, 0x000000070fd00000| Untracked 
| 254|0x000000070fe00000, 0x000000070fe00000, 0x000000070ff00000|  0%| F|  |TAMS 0x000000070fe00000, 0x000000070fe00000| Untracked 
| 255|0x000000070ff00000, 0x000000070ff00000, 0x0000000710000000|  0%| F|  |TAMS 0x000000070ff00000, 0x000000070ff00000| Untracked 
| 256|0x0000000710000000, 0x0000000710000000, 0x0000000710100000|  0%| F|  |TAMS 0x0000000710000000, 0x0000000710000000| Untracked 
| 257|0x0000000710100000, 0x0000000710100000, 0x0000000710200000|  0%| F|  |TAMS 0x0000000710100000, 0x0000000710100000| Untracked 
| 258|0x0000000710200000, 0x0000000710200000, 0x0000000710300000|  0%| F|  |TAMS 0x0000000710200000, 0x0000000710200000| Untracked 
| 259|0x0000000710300000, 0x0000000710300000, 0x0000000710400000|  0%| F|  |TAMS 0x0000000710300000, 0x0000000710300000| Untracked 
| 260|0x0000000710400000, 0x0000000710400000, 0x0000000710500000|  0%| F|  |TAMS 0x0000000710400000, 0x0000000710400000| Untracked 
| 261|0x0000000710500000, 0x0000000710500000, 0x0000000710600000|  0%| F|  |TAMS 0x0000000710500000, 0x0000000710500000| Untracked 
| 262|0x0000000710600000, 0x0000000710600000, 0x0000000710700000|  0%| F|  |TAMS 0x0000000710600000, 0x0000000710600000| Untracked 
| 263|0x0000000710700000, 0x0000000710700000, 0x0000000710800000|  0%| F|  |TAMS 0x0000000710700000, 0x0000000710700000| Untracked 
| 264|0x0000000710800000, 0x0000000710800000, 0x0000000710900000|  0%| F|  |TAMS 0x0000000710800000, 0x0000000710800000| Untracked 
| 265|0x0000000710900000, 0x0000000710900000, 0x0000000710a00000|  0%| F|  |TAMS 0x0000000710900000, 0x0000000710900000| Untracked 
| 266|0x0000000710a00000, 0x0000000710a00000, 0x0000000710b00000|  0%| F|  |TAMS 0x0000000710a00000, 0x0000000710a00000| Untracked 
| 267|0x0000000710b00000, 0x0000000710b00000, 0x0000000710c00000|  0%| F|  |TAMS 0x0000000710b00000, 0x0000000710b00000| Untracked 
| 268|0x0000000710c00000, 0x0000000710c00000, 0x0000000710d00000|  0%| F|  |TAMS 0x0000000710c00000, 0x0000000710c00000| Untracked 
| 269|0x0000000710d00000, 0x0000000710d00000, 0x0000000710e00000|  0%| F|  |TAMS 0x0000000710d00000, 0x0000000710d00000| Untracked 
| 270|0x0000000710e00000, 0x0000000710e00000, 0x0000000710f00000|  0%| F|  |TAMS 0x0000000710e00000, 0x0000000710e00000| Untracked 
| 271|0x0000000710f00000, 0x0000000710f00000, 0x0000000711000000|  0%| F|  |TAMS 0x0000000710f00000, 0x0000000710f00000| Untracked 
| 272|0x0000000711000000, 0x0000000711000000, 0x0000000711100000|  0%| F|  |TAMS 0x0000000711000000, 0x0000000711000000| Untracked 
| 273|0x0000000711100000, 0x0000000711100000, 0x0000000711200000|  0%| F|  |TAMS 0x0000000711100000, 0x0000000711100000| Untracked 
| 274|0x0000000711200000, 0x0000000711200000, 0x0000000711300000|  0%| F|  |TAMS 0x0000000711200000, 0x0000000711200000| Untracked 
| 275|0x0000000711300000, 0x0000000711300000, 0x0000000711400000|  0%| F|  |TAMS 0x0000000711300000, 0x0000000711300000| Untracked 
| 276|0x0000000711400000, 0x0000000711400000, 0x0000000711500000|  0%| F|  |TAMS 0x0000000711400000, 0x0000000711400000| Untracked 
| 277|0x0000000711500000, 0x0000000711500000, 0x0000000711600000|  0%| F|  |TAMS 0x0000000711500000, 0x0000000711500000| Untracked 
| 278|0x0000000711600000, 0x0000000711600000, 0x0000000711700000|  0%| F|  |TAMS 0x0000000711600000, 0x0000000711600000| Untracked 
| 279|0x0000000711700000, 0x0000000711700000, 0x0000000711800000|  0%| F|  |TAMS 0x0000000711700000, 0x0000000711700000| Untracked 
| 280|0x0000000711800000, 0x0000000711881010, 0x0000000711900000| 50%| E|  |TAMS 0x0000000711800000, 0x0000000711800000| Complete 
| 281|0x0000000711900000, 0x0000000711a00000, 0x0000000711a00000|100%| E|CS|TAMS 0x0000000711900000, 0x0000000711900000| Complete 
| 282|0x0000000711a00000, 0x0000000711b00000, 0x0000000711b00000|100%| E|CS|TAMS 0x0000000711a00000, 0x0000000711a00000| Complete 
| 283|0x0000000711b00000, 0x0000000711c00000, 0x0000000711c00000|100%| E|CS|TAMS 0x0000000711b00000, 0x0000000711b00000| Complete 
| 284|0x0000000711c00000, 0x0000000711d00000, 0x0000000711d00000|100%| E|CS|TAMS 0x0000000711c00000, 0x0000000711c00000| Complete 
| 285|0x0000000711d00000, 0x0000000711e00000, 0x0000000711e00000|100%| E|CS|TAMS 0x0000000711d00000, 0x0000000711d00000| Complete 
| 286|0x0000000711e00000, 0x0000000711f00000, 0x0000000711f00000|100%| E|CS|TAMS 0x0000000711e00000, 0x0000000711e00000| Complete 
| 287|0x0000000711f00000, 0x0000000712000000, 0x0000000712000000|100%| E|CS|TAMS 0x0000000711f00000, 0x0000000711f00000| Complete 
| 288|0x0000000712000000, 0x0000000712100000, 0x0000000712100000|100%| E|CS|TAMS 0x0000000712000000, 0x0000000712000000| Complete 
| 289|0x0000000712100000, 0x0000000712200000, 0x0000000712200000|100%| E|CS|TAMS 0x0000000712100000, 0x0000000712100000| Complete 
| 290|0x0000000712200000, 0x0000000712300000, 0x0000000712300000|100%| E|CS|TAMS 0x0000000712200000, 0x0000000712200000| Complete 
| 291|0x0000000712300000, 0x0000000712400000, 0x0000000712400000|100%| E|CS|TAMS 0x0000000712300000, 0x0000000712300000| Complete 
| 292|0x0000000712400000, 0x0000000712500000, 0x0000000712500000|100%| E|CS|TAMS 0x0000000712400000, 0x0000000712400000| Complete 
| 293|0x0000000712500000, 0x0000000712600000, 0x0000000712600000|100%| E|CS|TAMS 0x0000000712500000, 0x0000000712500000| Complete 
| 294|0x0000000712600000, 0x0000000712700000, 0x0000000712700000|100%| E|CS|TAMS 0x0000000712600000, 0x0000000712600000| Complete 
| 295|0x0000000712700000, 0x0000000712800000, 0x0000000712800000|100%| E|CS|TAMS 0x0000000712700000, 0x0000000712700000| Complete 
| 296|0x0000000712800000, 0x0000000712900000, 0x0000000712900000|100%| E|CS|TAMS 0x0000000712800000, 0x0000000712800000| Complete 
| 297|0x0000000712900000, 0x0000000712a00000, 0x0000000712a00000|100%| E|CS|TAMS 0x0000000712900000, 0x0000000712900000| Complete 
| 298|0x0000000712a00000, 0x0000000712b00000, 0x0000000712b00000|100%| E|CS|TAMS 0x0000000712a00000, 0x0000000712a00000| Complete 
| 299|0x0000000712b00000, 0x0000000712c00000, 0x0000000712c00000|100%| E|CS|TAMS 0x0000000712b00000, 0x0000000712b00000| Complete 
| 300|0x0000000712c00000, 0x0000000712d00000, 0x0000000712d00000|100%| E|CS|TAMS 0x0000000712c00000, 0x0000000712c00000| Complete 
| 301|0x0000000712d00000, 0x0000000712e00000, 0x0000000712e00000|100%| E|CS|TAMS 0x0000000712d00000, 0x0000000712d00000| Complete 
| 302|0x0000000712e00000, 0x0000000712f00000, 0x0000000712f00000|100%| E|CS|TAMS 0x0000000712e00000, 0x0000000712e00000| Complete 
| 303|0x0000000712f00000, 0x0000000713000000, 0x0000000713000000|100%| E|CS|TAMS 0x0000000712f00000, 0x0000000712f00000| Complete 
| 304|0x0000000713000000, 0x0000000713100000, 0x0000000713100000|100%| E|CS|TAMS 0x0000000713000000, 0x0000000713000000| Complete 
| 305|0x0000000713100000, 0x0000000713200000, 0x0000000713200000|100%| E|CS|TAMS 0x0000000713100000, 0x0000000713100000| Complete 
| 306|0x0000000713200000, 0x0000000713300000, 0x0000000713300000|100%| E|CS|TAMS 0x0000000713200000, 0x0000000713200000| Complete 
| 307|0x0000000713300000, 0x0000000713400000, 0x0000000713400000|100%| E|CS|TAMS 0x0000000713300000, 0x0000000713300000| Complete 

Card table byte_map: [0x000001aabb270000,0x000001aabba70000] _byte_map_base: 0x000001aab7a70000

Marking Bits (Prev, Next): (CMBitMap*) 0x000001aaa5fafdf8, (CMBitMap*) 0x000001aaa5fafe30
 Prev Bits: [0x000001aabc270000, 0x000001aac0270000)
 Next Bits: [0x000001aac0270000, 0x000001aac4270000)

Polling page: 0x000001aaa6030000

Metaspace:

Usage:
  Non-class:     39.23 MB capacity,    38.66 MB ( 99%) used,   510.74 KB (  1%) free+waste,    65.13 KB ( <1%) overhead. 
      Class:      5.77 MB capacity,     5.48 MB ( 95%) used,   271.45 KB (  5%) free+waste,    28.88 KB ( <1%) overhead. 
       Both:     45.00 MB capacity,    44.14 MB ( 98%) used,   782.19 KB (  2%) free+waste,    94.00 KB ( <1%) overhead. 

Virtual space:
  Non-class space:       40.00 MB reserved,      39.25 MB ( 98%) committed 
      Class space:        1.00 GB reserved,       5.88 MB ( <1%) committed 
             Both:        1.04 GB reserved,      45.13 MB (  4%) committed 

Chunk freelists:
   Non-Class:  24.00 KB
       Class:  8.00 KB
        Both:  32.00 KB

MaxMetaspaceSize: 17179869184.00 GB
CompressedClassSpaceSize: 1.00 GB

CodeHeap 'non-profiled nmethods': size=120064Kb used=1967Kb max_used=1967Kb free=118096Kb
 bounds [0x000001aab2ce0000, 0x000001aab2f50000, 0x000001aaba220000]
CodeHeap 'profiled nmethods': size=120000Kb used=9219Kb max_used=9219Kb free=110780Kb
 bounds [0x000001aaab7b0000, 0x000001aaac0c0000, 0x000001aab2ce0000]
CodeHeap 'non-nmethods': size=5696Kb used=2221Kb max_used=2277Kb free=3474Kb
 bounds [0x000001aaab220000, 0x000001aaab490000, 0x000001aaab7b0000]
 total_blobs=5260 nmethods=4479 adapters=692
 compilation: enabled
              stopped_count=0, restarted_count=0
 full_count=0

Compilation events (20 events):
Event: 2.706 Thread 0x000001aac74bc000 4389       2       org.gradle.api.internal.attributes.DefaultImmutableAttributes::findEntry (37 bytes)
Event: 2.707 Thread 0x000001aac74bc000 nmethod 4389 0x000001aaac082c90 code [0x000001aaac082e40, 0x000001aaac082fe8]
Event: 2.707 Thread 0x000001aac74bc000 4394       2       com.google.common.collect.ImmutableSet::of (9 bytes)
Event: 2.707 Thread 0x000001aac74bc000 nmethod 4394 0x000001aaac083090 code [0x000001aaac083260, 0x000001aaac0834c8]
Event: 2.707 Thread 0x000001aac74bc000 4390       2       com.google.common.collect.SingletonImmutableSet::iterator (8 bytes)
Event: 2.707 Thread 0x000001aac74bc000 nmethod 4390 0x000001aaac083610 code [0x000001aaac0837c0, 0x000001aaac083978]
Event: 2.707 Thread 0x000001aac74bc000 4391       2       com.google.common.collect.Iterators::singletonIterator (9 bytes)
Event: 2.707 Thread 0x000001aac74bc000 nmethod 4391 0x000001aaac083a10 code [0x000001aaac083bc0, 0x000001aaac083d58]
Event: 2.707 Thread 0x000001aac74bc000 4392       1       org.gradle.api.internal.artifacts.ivyservice.resolveengine.artifact.DefaultArtifactSet::getSchema (5 bytes)
Event: 2.707 Thread 0x000001aac74bc000 nmethod 4392 0x000001aab2ec7d10 code [0x000001aab2ec7ec0, 0x000001aab2ec7f78]
Event: 2.707 Thread 0x000001aac74bc000 4393       1       org.gradle.api.internal.artifacts.ivyservice.resolveengine.artifact.DefaultArtifactSet::getOverriddenAttributes (5 bytes)
Event: 2.707 Thread 0x000001aac74bc000 nmethod 4393 0x000001aab2ec8010 code [0x000001aab2ec81c0, 0x000001aab2ec8278]
Event: 2.707 Thread 0x000001aac74bc000 4395       1       org.gradle.api.internal.artifacts.ivyservice.resolveengine.artifact.ArtifactBackedResolvedVariant::getAttributes (5 bytes)
Event: 2.707 Thread 0x000001aac74bc000 nmethod 4395 0x000001aab2ec8310 code [0x000001aab2ec84c0, 0x000001aab2ec8578]
Event: 2.707 Thread 0x000001aac74bc000 4396       1       org.gradle.api.internal.artifacts.ivyservice.resolveengine.artifact.ArtifactBackedResolvedVariant::getArtifacts (5 bytes)
Event: 2.707 Thread 0x000001aac74bc000 nmethod 4396 0x000001aab2ec8610 code [0x000001aab2ec87c0, 0x000001aab2ec8878]
Event: 2.707 Thread 0x000001aac74bc000 4397       2       sun.nio.fs.WindowsPath::getNameCount (10 bytes)
Event: 2.707 Thread 0x000001aac74bc000 nmethod 4397 0x000001aaac083e10 code [0x000001aaac083fc0, 0x000001aaac0840e8]
Event: 2.709 Thread 0x000001aac74bc000 4398       2       java.util.AbstractList$Itr::hasNext (20 bytes)
Event: 2.709 Thread 0x000001aac74bc000 nmethod 4398 0x000001aaac084190 code [0x000001aaac084340, 0x000001aaac084488]

GC Heap History (10 events):
Event: 0.365 GC heap before
{Heap before GC invocations=0 (full 0):
 garbage-first heap   total 262144K, used 27648K [0x0000000700000000, 0x0000000800000000)
  region size 1024K, 22 young (22528K), 0 survivors (0K)
 Metaspace       used 10661K, capacity 10918K, committed 11008K, reserved 1058816K
  class space    used 1129K, capacity 1194K, committed 1280K, reserved 1048576K
}
Event: 0.367 GC heap after
{Heap after GC invocations=1 (full 0):
 garbage-first heap   total 262144K, used 7616K [0x0000000700000000, 0x0000000800000000)
  region size 1024K, 3 young (3072K), 3 survivors (3072K)
 Metaspace       used 10661K, capacity 10918K, committed 11008K, reserved 1058816K
  class space    used 1129K, capacity 1194K, committed 1280K, reserved 1048576K
}
Event: 1.069 GC heap before
{Heap before GC invocations=1 (full 0):
 garbage-first heap   total 262144K, used 82368K [0x0000000700000000, 0x0000000800000000)
  region size 1024K, 78 young (79872K), 3 survivors (3072K)
 Metaspace       used 20750K, capacity 21165K, committed 21248K, reserved 1067008K
  class space    used 2624K, capacity 2776K, committed 2816K, reserved 1048576K
}
Event: 1.074 GC heap after
{Heap after GC invocations=2 (full 0):
 garbage-first heap   total 262144K, used 14978K [0x0000000700000000, 0x0000000800000000)
  region size 1024K, 11 young (11264K), 11 survivors (11264K)
 Metaspace       used 20750K, capacity 21165K, committed 21248K, reserved 1067008K
  class space    used 2624K, capacity 2776K, committed 2816K, reserved 1048576K
}
Event: 1.361 GC heap before
{Heap before GC invocations=3 (full 0):
 garbage-first heap   total 262144K, used 51842K [0x0000000700000000, 0x0000000800000000)
  region size 1024K, 47 young (48128K), 11 survivors (11264K)
 Metaspace       used 27219K, capacity 27729K, committed 27776K, reserved 1073152K
  class space    used 3469K, capacity 3684K, committed 3712K, reserved 1048576K
}
Event: 1.366 GC heap after
{Heap after GC invocations=4 (full 0):
 garbage-first heap   total 262144K, used 17307K [0x0000000700000000, 0x0000000800000000)
  region size 1024K, 3 young (3072K), 3 survivors (3072K)
 Metaspace       used 27219K, capacity 27729K, committed 27776K, reserved 1073152K
  class space    used 3469K, capacity 3684K, committed 3712K, reserved 1048576K
}
Event: 1.838 GC heap before
{Heap before GC invocations=4 (full 0):
 garbage-first heap   total 262144K, used 74651K [0x0000000700000000, 0x0000000800000000)
  region size 1024K, 58 young (59392K), 3 survivors (3072K)
 Metaspace       used 35222K, capacity 35782K, committed 35840K, reserved 1081344K
  class space    used 4221K, capacity 4426K, committed 4480K, reserved 1048576K
}
Event: 1.845 GC heap after
{Heap after GC invocations=5 (full 0):
 garbage-first heap   total 262144K, used 21043K [0x0000000700000000, 0x0000000800000000)
  region size 1024K, 7 young (7168K), 7 survivors (7168K)
 Metaspace       used 35222K, capacity 35782K, committed 35840K, reserved 1081344K
  class space    used 4221K, capacity 4426K, committed 4480K, reserved 1048576K
}
Event: 2.544 GC heap before
{Heap before GC invocations=6 (full 0):
 garbage-first heap   total 262144K, used 119347K [0x0000000700000000, 0x0000000800000000)
  region size 1024K, 103 young (105472K), 7 survivors (7168K)
 Metaspace       used 43195K, capacity 44001K, committed 44032K, reserved 1087488K
  class space    used 5360K, capacity 5624K, committed 5632K, reserved 1048576K
}
Event: 2.550 GC heap after
{Heap after GC invocations=7 (full 0):
 garbage-first heap   total 315392K, used 24524K [0x0000000700000000, 0x0000000800000000)
  region size 1024K, 10 young (10240K), 10 survivors (10240K)
 Metaspace       used 43195K, capacity 44001K, committed 44032K, reserved 1087488K
  class space    used 5360K, capacity 5624K, committed 5632K, reserved 1048576K
}

Deoptimization events (20 events):
Event: 2.689 Thread 0x000001aac9cb6800 Uncommon trap: trap_request=0xffffff4d fr.pc=0x000001aab2d9405c relative=0x0000000000000f9c
Event: 2.689 Thread 0x000001aac9cba800 Uncommon trap: trap_request=0xffffff4d fr.pc=0x000001aab2d9405c relative=0x0000000000000f9c
Event: 2.689 Thread 0x000001aac9cb0800 Uncommon trap: trap_request=0xffffff4d fr.pc=0x000001aab2d9405c relative=0x0000000000000f9c
Event: 2.689 Thread 0x000001aac9cba800 Uncommon trap: reason=unstable_if action=reinterpret pc=0x000001aab2d9405c method=java.util.concurrent.ConcurrentHashMap.addCount(JI)V @ 34 c2
Event: 2.689 Thread 0x000001aac9cb0800 Uncommon trap: reason=unstable_if action=reinterpret pc=0x000001aab2d9405c method=java.util.concurrent.ConcurrentHashMap.addCount(JI)V @ 34 c2
Event: 2.689 Thread 0x000001aac9cb0800 DEOPT PACKING pc=0x000001aab2d9405c sp=0x00000064bf6fecb0
Event: 2.689 Thread 0x000001aac9cba800 DEOPT PACKING pc=0x000001aab2d9405c sp=0x00000064bf9fe660
Event: 2.689 Thread 0x000001aac9cb0800 DEOPT UNPACKING pc=0x000001aaab2468af sp=0x00000064bf6feb80 mode 2
Event: 2.689 Thread 0x000001aac9cb6800 Uncommon trap: reason=unstable_if action=reinterpret pc=0x000001aab2d9405c method=java.util.concurrent.ConcurrentHashMap.addCount(JI)V @ 34 c2
Event: 2.689 Thread 0x000001aac9cb6800 DEOPT PACKING pc=0x000001aab2d9405c sp=0x00000064bf5fec00
Event: 2.689 Thread 0x000001aac9cb6800 DEOPT UNPACKING pc=0x000001aaab2468af sp=0x00000064bf5fead0 mode 2
Event: 2.689 Thread 0x000001aac9cba800 DEOPT UNPACKING pc=0x000001aaab2468af sp=0x00000064bf9fe530 mode 2
Event: 2.690 Thread 0x000001aac9cb6800 Uncommon trap: trap_request=0xffffff4d fr.pc=0x000001aab2d52e2c relative=0x000000000000014c
Event: 2.690 Thread 0x000001aac9cba800 Uncommon trap: trap_request=0xffffff4d fr.pc=0x000001aab2d52e2c relative=0x000000000000014c
Event: 2.690 Thread 0x000001aac9cb6800 Uncommon trap: reason=unstable_if action=reinterpret pc=0x000001aab2d52e2c method=java.util.concurrent.ConcurrentHashMap.addCount(JI)V @ 7 c2
Event: 2.690 Thread 0x000001aac9cba800 Uncommon trap: reason=unstable_if action=reinterpret pc=0x000001aab2d52e2c method=java.util.concurrent.ConcurrentHashMap.addCount(JI)V @ 7 c2
Event: 2.690 Thread 0x000001aac9cb6800 DEOPT PACKING pc=0x000001aab2d52e2c sp=0x00000064bf5feb60
Event: 2.690 Thread 0x000001aac9cba800 DEOPT PACKING pc=0x000001aab2d52e2c sp=0x00000064bf9fe5c0
Event: 2.690 Thread 0x000001aac9cb6800 DEOPT UNPACKING pc=0x000001aaab2468af sp=0x00000064bf5feac0 mode 2
Event: 2.690 Thread 0x000001aac9cba800 DEOPT UNPACKING pc=0x000001aaab2468af sp=0x00000064bf9fe520 mode 2

Classes redefined (0 events):
No events

Internal exceptions (20 events):
Event: 2.320 Thread 0x000001aac8374000 Exception <a 'java/lang/ClassNotFoundException'{0x000000070bc300b0}: org/gradle/api/internal/DefaultNamedDomainObjectCollectionCustomizer> (0x000000070bc300b0) thrown at [./src/hotspot/share/classfile/systemDictionary.cpp, line 231]
Event: 2.321 Thread 0x000001aac8374000 Exception <a 'java/lang/ClassNotFoundException'{0x000000070bc7f138}: org/gradle/api/internal/DefaultNamedDomainObjectListCustomizer> (0x000000070bc7f138) thrown at [./src/hotspot/share/classfile/systemDictionary.cpp, line 231]
Event: 2.322 Thread 0x000001aac8374000 Exception <a 'java/lang/ClassNotFoundException'{0x000000070bcc23d8}: org/gradle/api/internal/artifacts/DefaultArtifactRepositoryContainerCustomizer> (0x000000070bcc23d8) thrown at [./src/hotspot/share/classfile/systemDictionary.cpp, line 231]
Event: 2.323 Thread 0x000001aac8374000 Exception <a 'java/lang/ClassNotFoundException'{0x000000070bcfb570}: org/gradle/api/internal/artifacts/dsl/DefaultRepositoryHandlerCustomizer> (0x000000070bcfb570) thrown at [./src/hotspot/share/classfile/systemDictionary.cpp, line 231]
Event: 2.323 Thread 0x000001aac8374000 Exception <a 'java/lang/ClassNotFoundException'{0x000000070bb3efa8}: org/gradle/api/internal/artifacts/dsl/DefaultRepositoryHandler_DecoratedCustomizer> (0x000000070bb3efa8) thrown at [./src/hotspot/share/classfile/systemDictionary.cpp, line 231]
Event: 2.344 Thread 0x000001aac8374000 Exception <a 'java/lang/ClassNotFoundException'{0x000000070b8fb348}: org/gradle/api/internal/artifacts/repositories/DefaultMavenArtifactRepository_DecoratedBeanInfo> (0x000000070b8fb348) thrown at [./src/hotspot/share/classfile/systemDictionary.cpp, line 231]
Event: 2.345 Thread 0x000001aac8374000 Exception <a 'java/lang/ClassNotFoundException'{0x000000070b72a210}: org/gradle/api/internal/artifacts/repositories/DefaultMavenArtifactRepositoryBeanInfo> (0x000000070b72a210) thrown at [./src/hotspot/share/classfile/systemDictionary.cpp, line 231]
Event: 2.345 Thread 0x000001aac8374000 Exception <a 'java/lang/ClassNotFoundException'{0x000000070b75af98}: org/gradle/api/internal/artifacts/repositories/AbstractAuthenticationSupportedRepositoryBeanInfo> (0x000000070b75af98) thrown at [./src/hotspot/share/classfile/systemDictionary.cpp, line 231]
Event: 2.346 Thread 0x000001aac8374000 Exception <a 'java/lang/ClassNotFoundException'{0x000000070b78bfa0}: org/gradle/api/internal/artifacts/repositories/AbstractResolutionAwareArtifactRepositoryBeanInfo> (0x000000070b78bfa0) thrown at [./src/hotspot/share/classfile/systemDictionary.cpp, line 231]
Event: 2.346 Thread 0x000001aac8374000 Exception <a 'java/lang/ClassNotFoundException'{0x000000070b7b9488}: org/gradle/api/internal/artifacts/repositories/AbstractArtifactRepositoryBeanInfo> (0x000000070b7b9488) thrown at [./src/hotspot/share/classfile/systemDictionary.cpp, line 231]
Event: 2.346 Thread 0x000001aac8374000 Exception <a 'java/lang/ClassNotFoundException'{0x000000070b7e85c0}: org/gradle/api/internal/artifacts/repositories/AbstractArtifactRepositoryCustomizer> (0x000000070b7e85c0) thrown at [./src/hotspot/share/classfile/systemDictionary.cpp, line 231]
Event: 2.347 Thread 0x000001aac8374000 Exception <a 'java/lang/ClassNotFoundException'{0x000000070b6347b8}: org/gradle/api/internal/artifacts/repositories/AbstractResolutionAwareArtifactRepositoryCustomizer> (0x000000070b6347b8) thrown at [./src/hotspot/share/classfile/systemDictionary.cpp, line 231]
Event: 2.348 Thread 0x000001aac8374000 Exception <a 'java/lang/ClassNotFoundException'{0x000000070b66e978}: org/gradle/api/internal/artifacts/repositories/AbstractAuthenticationSupportedRepositoryCustomizer> (0x000000070b66e978) thrown at [./src/hotspot/share/classfile/systemDictionary.cpp, line 231]
Event: 2.349 Thread 0x000001aac8374000 Exception <a 'java/lang/ClassNotFoundException'{0x000000070b6ac070}: org/gradle/api/internal/artifacts/repositories/DefaultMavenArtifactRepositoryCustomizer> (0x000000070b6ac070) thrown at [./src/hotspot/share/classfile/systemDictionary.cpp, line 231]
Event: 2.349 Thread 0x000001aac8374000 Exception <a 'java/lang/ClassNotFoundException'{0x000000070b6ecb08}: org/gradle/api/internal/artifacts/repositories/DefaultMavenArtifactRepository_DecoratedCustomizer> (0x000000070b6ecb08) thrown at [./src/hotspot/share/classfile/systemDictionary.cpp, line 231]
Event: 2.464 Thread 0x000001aac8374000 Exception <a 'java/lang/ClassNotFoundException'{0x000000070a3ef538}: org/gradle/api/internal/artifacts/dsl/dependencies/DefaultDependencyHandler_DecoratedBeanInfo> (0x000000070a3ef538) thrown at [./src/hotspot/share/classfile/systemDictionary.cpp, line 231]
Event: 2.464 Thread 0x000001aac8374000 Exception <a 'java/lang/ClassNotFoundException'{0x000000070a21ac20}: org/gradle/api/internal/artifacts/dsl/dependencies/DefaultDependencyHandlerBeanInfo> (0x000000070a21ac20) thrown at [./src/hotspot/share/classfile/systemDictionary.cpp, line 231]
Event: 2.465 Thread 0x000001aac8374000 Exception <a 'java/lang/ClassNotFoundException'{0x000000070a2463b8}: org/gradle/api/internal/artifacts/dsl/dependencies/DefaultDependencyHandlerCustomizer> (0x000000070a2463b8) thrown at [./src/hotspot/share/classfile/systemDictionary.cpp, line 231]
Event: 2.466 Thread 0x000001aac8374000 Exception <a 'java/lang/ClassNotFoundException'{0x000000070a293778}: org/gradle/api/internal/artifacts/dsl/dependencies/DefaultDependencyHandler_DecoratedCustomizer> (0x000000070a293778) thrown at [./src/hotspot/share/classfile/systemDictionary.cpp, line 231]
Event: 2.666 Thread 0x000001aac8374000 Exception <a 'java/lang/NoSuchMethodError'{0x00000007125b2ff8}: 'void java.lang.invoke.DirectMethodHandle$Holder.invokeSpecial(java.lang.Object, java.lang.Object, java.lang.Object, java.lang.Object)'> (0x00000007125b2ff8) thrown at [./src/hotspot/share/interpreter/linkResolver.cpp, line 773]

Events (20 events):
Event: 2.705 loading class org/gradle/api/internal/artifacts/ResolveArtifactsBuildOperationType
Event: 2.705 loading class org/gradle/api/internal/artifacts/ResolveArtifactsBuildOperationType done
Event: 2.705 loading class org/gradle/api/internal/artifacts/ResolveArtifactsBuildOperationType$Result
Event: 2.705 loading class org/gradle/api/internal/artifacts/ResolveArtifactsBuildOperationType$Result done
Event: 2.706 loading class org/gradle/api/internal/artifacts/ResolveArtifactsBuildOperationType$1
Event: 2.706 loading class org/gradle/api/internal/artifacts/ResolveArtifactsBuildOperationType$1 done
Event: 2.706 loading class org/gradle/composite/internal/CompositeProjectComponentArtifactMetadata
Event: 2.706 loading class org/gradle/composite/internal/CompositeProjectComponentArtifactMetadata done
Event: 2.706 loading class org/gradle/internal/component/local/model/LocalComponentArtifactMetadata
Event: 2.706 loading class org/gradle/internal/component/local/model/LocalComponentArtifactMetadata done
Event: 2.706 loading class org/gradle/api/internal/artifacts/ivyservice/ResolvedFilesCollectingVisitor
Event: 2.706 loading class org/gradle/api/internal/artifacts/ivyservice/ResolvedFilesCollectingVisitor done
Event: 2.708 loading class org/gradle/api/internal/file/DefaultFileCollectionFactory$FixedFileCollection
Event: 2.708 loading class org/gradle/api/internal/file/DefaultFileCollectionFactory$FixedFileCollection done
Event: 2.709 loading class org/gradle/internal/snapshot/impl/DefaultFileSystemSnapshotter$FileCollectionLeafVisitorImpl
Event: 2.709 loading class org/gradle/internal/snapshot/impl/DefaultFileSystemSnapshotter$FileCollectionLeafVisitorImpl done
Event: 2.709 loading class org/gradle/internal/snapshot/impl/DefaultFileSystemSnapshotter$2
Event: 2.709 loading class org/gradle/internal/snapshot/impl/DefaultFileSystemSnapshotter$2 done
Event: 2.709 loading class org/gradle/internal/snapshot/impl/DefaultFileSystemSnapshotter$InternableString
Event: 2.709 loading class org/gradle/internal/snapshot/impl/DefaultFileSystemSnapshotter$InternableString done


Dynamic libraries:
0x00007ff74bcb0000 - 0x00007ff74bcba000 	C:\Program Files\Android\Android Studio\jre\bin\java.exe
0x00007fff17c30000 - 0x00007fff17e25000 	C:\Windows\SYSTEM32\ntdll.dll
0x00007fff16220000 - 0x00007fff162de000 	C:\Windows\System32\KERNEL32.DLL
0x00007fff157f0000 - 0x00007fff15ab8000 	C:\Windows\System32\KERNELBASE.dll
0x00007fff15340000 - 0x00007fff15440000 	C:\Windows\System32\ucrtbase.dll
0x00007fff00ea0000 - 0x00007fff00eb7000 	C:\Program Files\Android\Android Studio\jre\bin\VCRUNTIME140.dll
0x00007ffeff460000 - 0x00007ffeff479000 	C:\Program Files\Android\Android Studio\jre\bin\jli.dll
0x00007fff17990000 - 0x00007fff17b31000 	C:\Windows\System32\USER32.dll
0x00007fff03920000 - 0x00007fff03bba000 	C:\Windows\WinSxS\amd64_microsoft.windows.common-controls_6595b64144ccf1df_6.0.19041.1110_none_60b5254171f9507e\COMCTL32.dll
0x00007fff157c0000 - 0x00007fff157e2000 	C:\Windows\System32\win32u.dll
0x00007fff16490000 - 0x00007fff164bb000 	C:\Windows\System32\GDI32.dll
0x00007fff15680000 - 0x00007fff1578d000 	C:\Windows\System32\gdi32full.dll
0x00007fff15440000 - 0x00007fff154dd000 	C:\Windows\System32\msvcp_win.dll
0x00007fff16120000 - 0x00007fff161be000 	C:\Windows\System32\msvcrt.dll
0x00007fff15c70000 - 0x00007fff15ca0000 	C:\Windows\System32\IMM32.DLL
0x00007ffefe4c0000 - 0x00007ffefe55d000 	C:\Program Files\Android\Android Studio\jre\bin\msvcp140.dll
0x00007ffed9780000 - 0x00007ffeda255000 	C:\Program Files\Android\Android Studio\jre\bin\server\jvm.dll
0x00007fff162e0000 - 0x00007fff1638e000 	C:\Windows\System32\ADVAPI32.dll
0x00007fff172c0000 - 0x00007fff1735c000 	C:\Windows\System32\sechost.dll
0x00007fff17860000 - 0x00007fff17985000 	C:\Windows\System32\RPCRT4.dll
0x00007fff16480000 - 0x00007fff16488000 	C:\Windows\System32\PSAPI.DLL
0x00007fff082a0000 - 0x00007fff082c7000 	C:\Windows\SYSTEM32\WINMM.dll
0x00007ffeff900000 - 0x00007ffeff909000 	C:\Windows\SYSTEM32\WSOCK32.dll
0x00007fff16c10000 - 0x00007fff16c7b000 	C:\Windows\System32\WS2_32.dll
0x00007fff10cb0000 - 0x00007fff10cba000 	C:\Windows\SYSTEM32\VERSION.dll
0x00007fff13250000 - 0x00007fff13262000 	C:\Windows\SYSTEM32\kernel.appcore.dll
0x00007fff10a10000 - 0x00007fff10a21000 	C:\Program Files\Android\Android Studio\jre\bin\verify.dll
0x00007fff07960000 - 0x00007fff07b44000 	C:\Windows\SYSTEM32\DBGHELP.DLL
0x00007ffef4e70000 - 0x00007ffef4e9c000 	C:\Windows\SYSTEM32\dbgcore.DLL
0x00007fff15540000 - 0x00007fff155c2000 	C:\Windows\System32\bcryptPrimitives.dll
0x00007fff10780000 - 0x00007fff107a9000 	C:\Program Files\Android\Android Studio\jre\bin\java.dll
0x00007fff10a00000 - 0x00007fff10a0b000 	C:\Program Files\Android\Android Studio\jre\bin\jimage.dll
0x00007fff0d520000 - 0x00007fff0d538000 	C:\Program Files\Android\Android Studio\jre\bin\zip.dll
0x00007fff164c0000 - 0x00007fff16c04000 	C:\Windows\System32\SHELL32.dll
0x00007fff13450000 - 0x00007fff13be5000 	C:\Windows\SYSTEM32\windows.storage.dll
0x00007fff16c80000 - 0x00007fff16fd5000 	C:\Windows\System32\combase.dll
0x00007fff14cc0000 - 0x00007fff14cee000 	C:\Windows\SYSTEM32\Wldp.dll
0x00007fff17520000 - 0x00007fff175cd000 	C:\Windows\System32\SHCORE.dll
0x00007fff161c0000 - 0x00007fff16215000 	C:\Windows\System32\shlwapi.dll
0x00007fff15280000 - 0x00007fff1529f000 	C:\Windows\SYSTEM32\profapi.dll
0x00007fff0d4a0000 - 0x00007fff0d4ba000 	C:\Program Files\Android\Android Studio\jre\bin\net.dll
0x00007fff0bbf0000 - 0x00007fff0bcfc000 	C:\Windows\SYSTEM32\WINHTTP.dll
0x00007fff14a20000 - 0x00007fff14a8a000 	C:\Windows\system32\mswsock.dll
0x00007ffefff30000 - 0x00007ffefff44000 	C:\Program Files\Android\Android Studio\jre\bin\nio.dll
0x00007fff0cd60000 - 0x00007fff0cd86000 	C:\Users\Emanuele\.gradle\native\29\windows-amd64\native-platform.dll
0x00007fff0d510000 - 0x00007fff0d51a000 	C:\Program Files\Android\Android Studio\jre\bin\management.dll
0x00007fff0d490000 - 0x00007fff0d49d000 	C:\Program Files\Android\Android Studio\jre\bin\management_ext.dll
0x00007fff14c10000 - 0x00007fff14c28000 	C:\Windows\SYSTEM32\CRYPTSP.dll
0x00007fff143a0000 - 0x00007fff143d4000 	C:\Windows\system32\rsaenh.dll
0x00007fff15790000 - 0x00007fff157b7000 	C:\Windows\System32\bcrypt.dll
0x00007fff15240000 - 0x00007fff1526e000 	C:\Windows\SYSTEM32\USERENV.dll
0x00007fff14c30000 - 0x00007fff14c3c000 	C:\Windows\SYSTEM32\CRYPTBASE.dll
0x00007fff14710000 - 0x00007fff1474b000 	C:\Windows\SYSTEM32\IPHLPAPI.DLL
0x00007fff17360000 - 0x00007fff17368000 	C:\Windows\System32\NSI.dll
0x00007fff0cf90000 - 0x00007fff0cfa7000 	C:\Windows\SYSTEM32\dhcpcsvc6.DLL
0x00007fff0cf70000 - 0x00007fff0cf8d000 	C:\Windows\SYSTEM32\dhcpcsvc.DLL
0x00007fff14750000 - 0x00007fff1481b000 	C:\Windows\SYSTEM32\DNSAPI.dll

dbghelp: loaded successfully - version: 4.0.5 - missing functions: none
symbol engine: initialized successfully - sym options: 0x614 - pdb path: .;C:\Program Files\Android\Android Studio\jre\bin;C:\Windows\SYSTEM32;C:\Windows\WinSxS\amd64_microsoft.windows.common-controls_6595b64144ccf1df_6.0.19041.1110_none_60b5254171f9507e;C:\Program Files\Android\Android Studio\jre\bin\server;C:\Users\Emanuele\.gradle\native\29\windows-amd64

VM Arguments:
jvm_args: -XX:MaxPermSize=4096m -XX:+HeapDumpOnOutOfMemoryError --add-opens=java.base/java.util=ALL-UNNAMED --add-opens=java.base/java.lang=ALL-UNNAMED --add-opens=java.base/java.lang.invoke=ALL-UNNAMED --add-opens=java.prefs/java.util.prefs=ALL-UNNAMED -Xmx4096m -Dfile.encoding=windows-1252 -Duser.country=IT -Duser.language=it -Duser.variant 
java_command: org.gradle.launcher.daemon.bootstrap.GradleDaemon 5.4.1
java_class_path (initial): C:\Users\Emanuele\.gradle\wrapper\dists\gradle-5.4.1-all\3221gyojl5jsh0helicew7rwx\gradle-5.4.1\lib\gradle-launcher-5.4.1.jar
Launcher Type: SUN_STANDARD

[Global flags]
     intx CICompilerCount                          = 3                                         {product} {ergonomic}
     uint ConcGCThreads                            = 2                                         {product} {ergonomic}
     uint G1ConcRefinementThreads                  = 6                                         {product} {ergonomic}
   size_t G1HeapRegionSize                         = 1048576                                   {product} {ergonomic}
    uintx GCDrainStackTargetSize                   = 64                                        {product} {ergonomic}
     bool HeapDumpOnOutOfMemoryError               = true                                   {manageable} {command line}
   size_t InitialHeapSize                          = 268435456                                 {product} {ergonomic}
   size_t MarkStackSize                            = 4194304                                   {product} {ergonomic}
   size_t MaxHeapSize                              = 4294967296                                {product} {command line}
   size_t MaxNewSize                               = 2576351232                                {product} {ergonomic}
   size_t MinHeapDeltaBytes                        = 1048576                                   {product} {ergonomic}
    uintx NonNMethodCodeHeapSize                   = 5830732                                {pd product} {ergonomic}
    uintx NonProfiledCodeHeapSize                  = 122913754                              {pd product} {ergonomic}
    uintx ProfiledCodeHeapSize                     = 122913754                              {pd product} {ergonomic}
    uintx ReservedCodeCacheSize                    = 251658240                              {pd product} {ergonomic}
     bool SegmentedCodeCache                       = true                                      {product} {ergonomic}
     bool UseCompressedClassPointers               = true                                 {lp64_product} {ergonomic}
     bool UseCompressedOops                        = true                                 {lp64_product} {ergonomic}
     bool UseG1GC                                  = true                                      {product} {ergonomic}
     bool UseLargePagesIndividualAllocation        = false                                  {pd product} {ergonomic}

Logging:
Log output configuration:
 #0: stdout all=warning uptime,level,tags
 #1: stderr all=off uptime,level,tags

Environment Variables:
PATH=C:\Program Files\Common Files\Oracle\Java\javapath;C:\Program Files (x86)\Common Files\Oracle\Java\javapath;C:\Windows\system32;C:\Windows;C:\Windows\System32\Wbem;C:\Windows\System32\WindowsPowerShell\v1.0\;C:\Windows\System32\OpenSSH\;C:\Program Files\NVIDIA Corporation\NVIDIA NvDLISR;C:\Program Files (x86)\NVIDIA Corporation\PhysX\Common;C:\Program Files\dotnet\;C:\Program Files\Git\cmd;C:\Users\Emanuele\AppData\Local\Microsoft\WindowsApps;C:\Users\Emanuele\AppData\Local\GitHubDesktop\bin
USERNAME=Emanuele
OS=Windows_NT
PROCESSOR_IDENTIFIER=Intel64 Family 6 Model 158 Stepping 12, GenuineIntel



---------------  S Y S T E M  ---------------

OS: Windows 10 , 64 bit Build 19041 (10.0.19041.1466)
OS uptime: 0 days 1:19 hours

CPU:total 6 (initial active 6) (6 cores per cpu, 1 threads per core) family 6 model 158 stepping 12 microcode 0xae, cmov, cx8, fxsr, mmx, sse, sse2, sse3, ssse3, sse4.1, sse4.2, popcnt, avx, avx2, aes, clmul, erms, rtm, 3dnowpref, lzcnt, tsc, tscinvbit, bmi1, bmi2, adx, fma

Memory: 4k page, system-wide physical 16316M (10089M free)
TotalPageFile size 18748M (AvailPageFile size 11213M)
current process WorkingSet (physical memory assigned to process): 330M, peak: 330M
current process commit charge ("private bytes"): 517M, peak: 520M

vm_info: OpenJDK 64-Bit Server VM (11.0.11+9-b60-7590822) for windows-amd64 JRE (11.0.11+9-b60-7590822), built on Jul 29 2021 21:43:44 by "builder" with MS VC++ 14.0 (VS2015)

END.
