#
# A fatal error has been detected by the Java Runtime Environment:
#
#  EXCEPTION_ACCESS_VIOLATION (0xc0000005) at pc=0x00007fffe763d2d4, pid=8092, tid=3212
#
# JRE version: OpenJDK Runtime Environment (11.0.11+9) (build 11.0.11+9-b60-7590822)
# Java VM: OpenJDK 64-Bit Server VM (11.0.11+9-b60-7590822, mixed mode, tiered, compressed oops, g1 gc, windows-amd64)
# Problematic frame:
# V  [jvm.dll+0x18d2d4]
#
# No core dump will be written. Minidumps are not enabled by default on client versions of Windows
#
# If you would like to submit a bug report, please visit:
#   https://bugreport.java.com/bugreport/crash.jsp
#

---------------  S U M M A R Y ------------

Command Line: -XX:MaxPermSize=4096m -XX:+HeapDumpOnOutOfMemoryError --add-opens=java.base/java.util=ALL-UNNAMED --add-opens=java.base/java.lang=ALL-UNNAMED --add-opens=java.base/java.lang.invoke=ALL-UNNAMED --add-opens=java.prefs/java.util.prefs=ALL-UNNAMED -Xmx4096m -Dfile.encoding=windows-1252 -Duser.country=IT -Duser.language=it -Duser.variant org.gradle.launcher.daemon.bootstrap.GradleDaemon 5.4.1

Host: Intel(R) Core(TM) i5-9600K CPU @ 3.70GHz, 6 cores, 15G,  Windows 10 , 64 bit Build 19041 (10.0.19041.1466)
Time: Fri Feb  4 16:15:03 2022 ora solare Europa occidentale elapsed time: 574.598969 seconds (0d 0h 9m 34s)

---------------  T H R E A D  ---------------

Current thread (0x00000256d6d1d000):  ConcurrentGCThread "G1 Conc#1" [stack: 0x000000ac20200000,0x000000ac20300000] [id=3212]

Stack: [0x000000ac20200000,0x000000ac20300000],  sp=0x000000ac202ff308,  free space=1020k
Native frames: (J=compiled Java code, j=interpreted, Vv=VM code, C=native code)
V  [jvm.dll+0x18d2d4]


siginfo: EXCEPTION_ACCESS_VIOLATION (0xc0000005), reading address 0x000000000000c110


Register to memory mapping:

RIP=0x00007fffe763d2d4 jvm.dll
RAX=0x000000000000c000 is an unknown value
RBX=0x0000000701de22f0 is pointing into object: java.lang.reflect.Method 
{0x0000000701de22b0} - klass: 'java/lang/reflect/Method'
RCX=0x0000000800000000 is pointing into metadata
RDX=0x0000000701de22f0 is pointing into object: java.lang.reflect.Method 
{0x0000000701de22b0} - klass: 'java/lang/reflect/Method'
RSP=0x000000ac202ff308 points into unknown readable memory: 0x00007fffe778b2fa | fa b2 78 e7 ff 7f 00 00
RBP=0x00000256b585fd70 points into unknown readable memory: 0x00000256b5870800 | 00 08 87 b5 56 02 00 00
RSI=0x0000000000000001 is an unknown value
RDI=0x0 is NULL
R8 =0x0 is NULL
R9 =0x0000000800000000 is pointing into metadata
R10=0x00000256b585fd70 points into unknown readable memory: 0x00000256b5870800 | 00 08 87 b5 56 02 00 00
R11=0x346dc5d63886594b is an unknown value
R12=0x000000000000000c is an unknown value
R13=0xaaaaaaaaaaaaaaab is an unknown value
R14=0x0 is NULL
R15=0x00000007039057e8 is an oop: org.gradle.internal.fingerprint.impl.DefaultFileSystemLocationFingerprint 
{0x00000007039057e8} - klass: 'org/gradle/internal/fingerprint/impl/DefaultFileSystemLocationFingerprint'


Registers:
RAX=0x000000000000c000, RBX=0x0000000701de22f0, RCX=0x0000000800000000, RDX=0x0000000701de22f0
RSP=0x000000ac202ff308, RBP=0x00000256b585fd70, RSI=0x0000000000000001, RDI=0x0000000000000000
R8 =0x0000000000000000, R9 =0x0000000800000000, R10=0x00000256b585fd70, R11=0x346dc5d63886594b
R12=0x000000000000000c, R13=0xaaaaaaaaaaaaaaab, R14=0x0000000000000000, R15=0x00000007039057e8
RIP=0x00007fffe763d2d4, EFLAGS=0x0000000000010246

Top of Stack: (sp=0x000000ac202ff308)
0x000000ac202ff308:   00007fffe778b2fa 0000000701de22f0
0x000000ac202ff318:   000000080094c588 00000256b5875e40
0x000000ac202ff328:   0000000000000001 000000080094c590
0x000000ac202ff338:   00007fffe778b1a6 000000080094c588
0x000000ac202ff348:   0000000701de22f0 00000256b5875ee0
0x000000ac202ff358:   000000ac202ff548 0000000000000000
0x000000ac202ff368:   00007fffe778b251 0000000703905800
0x000000ac202ff378:   00007fffe778303d 0000000000000003
0x000000ac202ff388:   00000007039057f4 00000256b5875ee0
0x000000ac202ff398:   00007fffe7a9c0cc 000000ac202ff520
0x000000ac202ff3a8:   00000256d6e50f01 000000080094c308
0x000000ac202ff3b8:   00007fffe77828f1 0000000000000003
0x000000ac202ff3c8:   000000ac202ff548 00000007039057e8
0x000000ac202ff3d8:   00000256d6e50f01 00000007039057e8
0x000000ac202ff3e8:   00007fffe7790cdf 00000256b5875ee0
0x000000ac202ff3f8:   0000000000720000 0000000000000000 

Instructions: (pc=0x00007fffe763d2d4)
0x00007fffe763d1d4:   11 86 98 03 00 00 48 8b 5c 24 40 48 8b 74 24 48
0x00007fffe763d1e4:   48 83 c4 30 5f c3 48 8b 07 48 8d 54 24 20 48 8b
0x00007fffe763d1f4:   cf 66 0f 7f 44 24 20 ff 50 38 48 8b 5c 24 40 48
0x00007fffe763d204:   8b 74 24 48 48 83 c4 30 5f c3 cc cc 48 8b 49 38
0x00007fffe763d214:   48 8b 01 48 ff 60 28 cc cc cc cc cc 80 3d 51 f6
0x00007fffe763d224:   86 00 00 48 8b c1 74 1b 8b 51 08 8b 0d 63 6a 82
0x00007fffe763d234:   00 48 d3 e2 48 8b c8 48 03 15 4e 6a 82 00 e9 19
0x00007fffe763d244:   00 00 00 48 8b 51 08 48 8b c8 e9 0d 00 00 00 cc
0x00007fffe763d254:   cc cc cc cc cc cc cc cc cc cc cc cc 4c 8b ca 48
0x00007fffe763d264:   8b d1 45 8b 41 08 45 85 c0 7e 0e 41 f6 c0 01 75
0x00007fffe763d274:   59 41 c1 f8 03 41 8b c0 c3 79 4f 80 3d f2 f5 86
0x00007fffe763d284:   00 00 b8 0c 00 00 00 b9 10 00 00 00 0f 45 c8 8b
0x00007fffe763d294:   05 2b b4 80 00 ff c8 4c 63 c8 48 63 c1 41 8b c8
0x00007fffe763d2a4:   83 e1 3f 48 63 14 10 41 8b c0 48 c1 f8 10 0f b6
0x00007fffe763d2b4:   c0 48 d3 e2 49 8d 0c 11 49 f7 d1 48 03 c1 49 c1
0x00007fffe763d2c4:   e9 03 48 c1 e8 03 41 23 c1 c3 49 8b 01 49 8b c9
0x00007fffe763d2d4:   48 ff a0 10 01 00 00 cc cc cc cc cc 48 83 ec 38
0x00007fffe763d2e4:   0f 10 02 48 8b 49 38 48 8d 54 24 20 0f 29 44 24
0x00007fffe763d2f4:   20 e8 66 f0 ff ff 48 83 c4 38 c3 cc 48 89 5c 24
0x00007fffe763d304:   08 55 56 57 41 54 41 55 41 56 41 57 48 8d 6c 24
0x00007fffe763d314:   e0 48 81 ec 20 01 00 00 48 8b 05 1d ef 83 00 48
0x00007fffe763d324:   33 c4 48 89 45 10 48 8b 05 5f 60 86 00 45 33 ed
0x00007fffe763d334:   4c 8b b5 80 00 00 00 4c 8b fa 48 8b bd 88 00 00
0x00007fffe763d344:   00 4d 8b c6 49 8b d6 49 8b f1 48 8b 48 38 48 8b
0x00007fffe763d354:   59 48 49 8b cf c7 45 c0 ff ff ff ff 44 89 6d d4
0x00007fffe763d364:   4c 89 6d d8 44 88 6d e0 c7 45 e8 ff ff ff ff 44
0x00007fffe763d374:   89 6d fc 4c 89 6d 00 44 88 6d 08 e8 7c 15 f6 ff
0x00007fffe763d384:   41 b1 01 4c 8d 45 e8 41 8d 55 04 49 8b cf e8 b9
0x00007fffe763d394:   d1 f4 ff 48 8b 05 62 92 6e 00 4c 8d 25 ab 60 5c
0x00007fffe763d3a4:   00 48 89 44 24 30 4c 8d 44 24 70 0f b6 05 b9 f4
0x00007fffe763d3b4:   86 00 49 8b d6 f6 d8 48 89 74 24 20 4c 89 74 24
0x00007fffe763d3c4:   28 0f 10 44 24 20 1b c9 44 89 6c 24 3c 83 c1 03 


Stack slot to memory mapping:
stack at sp + 0 slots: 0x00007fffe778b2fa jvm.dll
stack at sp + 1 slots: 0x0000000701de22f0 is pointing into object: java.lang.reflect.Method 
{0x0000000701de22b0} - klass: 'java/lang/reflect/Method'
stack at sp + 2 slots: 0x000000080094c588 is pointing into metadata
stack at sp + 3 slots: 0x00000256b5875e40 points into unknown readable memory: 0x0000025600000064 | 64 00 00 00 56 02 00 00
stack at sp + 4 slots: 0x0000000000000001 is an unknown value
stack at sp + 5 slots: 0x000000080094c590 is a pointer to class: 
org.gradle.internal.fingerprint.impl.DefaultFileSystemLocationFingerprint$1 {0x000000080094c598}
stack at sp + 6 slots: 0x00007fffe778b1a6 jvm.dll
stack at sp + 7 slots: 0x000000080094c588 is pointing into metadata


---------------  P R O C E S S  ---------------

Threads class SMR info:
_java_thread_list=0x00000256d7d6c5a0, length=45, elements={
0x00000256b57fb800, 0x00000256d4cdd800, 0x00000256d4ce0800, 0x00000256d55ca800,
0x00000256d55cc800, 0x00000256d55cd800, 0x00000256d55d0800, 0x00000256d55d4000,
0x00000256d55d6000, 0x00000256d5745000, 0x00000256d608a000, 0x00000256d61fd800,
0x00000256d706e800, 0x00000256d72ac800, 0x00000256d72ae000, 0x00000256d72ab800,
0x00000256d9d1f800, 0x00000256d9d29000, 0x00000256d9d2b800, 0x00000256db477000,
0x00000256db473800, 0x00000256db474800, 0x00000256db472000, 0x00000256db46f800,
0x00000256db476000, 0x00000256db470800, 0x00000256db471000, 0x00000256db477800,
0x00000256db478800, 0x00000256db473000, 0x00000256db47e000, 0x00000256db47b000,
0x00000256db47c800, 0x00000256db47d800, 0x00000256db479800, 0x00000256d9d20000,
0x00000256d9d24000, 0x00000256d9d1e800, 0x00000256d9d22800, 0x00000256d9d25000,
0x00000256d9d21000, 0x00000256d9d2a000, 0x00000256d9d2b000, 0x00000256d9d26000,
0x00000256d9d2c800
}

Java Threads: ( => current thread )
  0x00000256b57fb800 JavaThread "main" [_thread_blocked, id=1868, stack(0x000000ac1de00000,0x000000ac1df00000)]
  0x00000256d4cdd800 JavaThread "Reference Handler" daemon [_thread_blocked, id=5364, stack(0x000000ac1e500000,0x000000ac1e600000)]
  0x00000256d4ce0800 JavaThread "Finalizer" daemon [_thread_blocked, id=1508, stack(0x000000ac1e600000,0x000000ac1e700000)]
  0x00000256d55ca800 JavaThread "Signal Dispatcher" daemon [_thread_blocked, id=948, stack(0x000000ac1e700000,0x000000ac1e800000)]
  0x00000256d55cc800 JavaThread "Attach Listener" daemon [_thread_blocked, id=3604, stack(0x000000ac1e800000,0x000000ac1e900000)]
  0x00000256d55cd800 JavaThread "Service Thread" daemon [_thread_blocked, id=1964, stack(0x000000ac1e900000,0x000000ac1ea00000)]
  0x00000256d55d0800 JavaThread "C2 CompilerThread0" daemon [_thread_in_native, id=2036, stack(0x000000ac1ea00000,0x000000ac1eb00000)]
  0x00000256d55d4000 JavaThread "C1 CompilerThread0" daemon [_thread_blocked, id=1584, stack(0x000000ac1eb00000,0x000000ac1ec00000)]
  0x00000256d55d6000 JavaThread "Sweeper thread" daemon [_thread_blocked, id=8548, stack(0x000000ac1ec00000,0x000000ac1ed00000)]
  0x00000256d5745000 JavaThread "Common-Cleaner" daemon [_thread_blocked, id=9136, stack(0x000000ac1ed00000,0x000000ac1ee00000)]
  0x00000256d608a000 JavaThread "Daemon health stats" [_thread_blocked, id=9144, stack(0x000000ac1f500000,0x000000ac1f600000)]
  0x00000256d61fd800 JavaThread "Incoming local TCP Connector on port 49858" [_thread_in_native, id=9140, stack(0x000000ac1f600000,0x000000ac1f700000)]
  0x00000256d706e800 JavaThread "Daemon periodic checks" [_thread_blocked, id=1180, stack(0x000000ac1f700000,0x000000ac1f800000)]
  0x00000256d72ac800 JavaThread "Cache worker for file hash cache (C:\Users\Emanuele\.gradle\caches\5.4.1\fileHashes)" [_thread_blocked, id=2892, stack(0x000000ac1ff00000,0x000000ac20000000)]
  0x00000256d72ae000 JavaThread "File lock request listener" [_thread_in_native, id=3208, stack(0x000000ac20000000,0x000000ac20100000)]
  0x00000256d72ab800 JavaThread "Cache worker for journal cache (C:\Users\Emanuele\.gradle\caches\journal-1)" [_thread_blocked, id=3216, stack(0x000000ac20100000,0x000000ac20200000)]
  0x00000256d9d1f800 JavaThread "Cache worker for execution history cache (C:\Users\Emanuele\.gradle\caches\5.4.1\executionHistory)" [_thread_blocked, id=3356, stack(0x000000ac20600000,0x000000ac20700000)]
  0x00000256d9d29000 JavaThread "Memory manager" [_thread_blocked, id=4556, stack(0x000000ac21000000,0x000000ac21100000)]
  0x00000256d9d2b800 JavaThread "Cache worker for file content cache (C:\Users\Emanuele\.gradle\caches\5.4.1\fileContent)" [_thread_blocked, id=7408, stack(0x000000ac21100000,0x000000ac21200000)]
  0x00000256db477000 JavaThread "Cache worker for Java compile cache (C:\Users\Emanuele\.gradle\caches\5.4.1\javaCompile)" [_thread_blocked, id=1812, stack(0x000000ac21700000,0x000000ac21800000)]
  0x00000256db473800 JavaThread "Daemon Thread 4" [_thread_blocked, id=1480, stack(0x000000ac1db00000,0x000000ac1dc00000)]
  0x00000256db474800 JavaThread "Handler for socket connection from /127.0.0.1:49858 to /127.0.0.1:62585" [_thread_in_native, id=6392, stack(0x000000ac1dc00000,0x000000ac1dd00000)]
  0x00000256db472000 JavaThread "Cancel handler" [_thread_blocked, id=872, stack(0x000000ac1dd00000,0x000000ac1de00000)]
  0x00000256db46f800 JavaThread "Daemon worker Thread 4" [_thread_blocked, id=5452, stack(0x000000ac1f800000,0x000000ac1f900000)]
  0x00000256db476000 JavaThread "Asynchronous log dispatcher for DefaultDaemonConnection: socket connection from /127.0.0.1:49858 to /127.0.0.1:62585" [_thread_blocked, id=1732, stack(0x000000ac1f900000,0x000000ac1fa00000)]
  0x00000256db470800 JavaThread "Stdin handler" [_thread_blocked, id=9928, stack(0x000000ac1fa00000,0x000000ac1fb00000)]
  0x00000256db471000 JavaThread "Thread-151" [_thread_blocked, id=9748, stack(0x000000ac1fb00000,0x000000ac1fc00000)]
  0x00000256db477800 JavaThread "Cache worker for file hash cache (D:\UNISA\Images-to-PDF-8.8.1\.gradle\5.4.1\fileHashes)" [_thread_blocked, id=5484, stack(0x000000ac1fc00000,0x000000ac1fd00000)]
  0x00000256db478800 JavaThread "C2 CompilerThread1" daemon [_thread_in_native, id=6744, stack(0x000000ac1fd00000,0x000000ac1fe00000)]
  0x00000256db473000 JavaThread "Cache worker for cache directory md-supplier (C:\Users\Emanuele\.gradle\caches\5.4.1\md-supplier)" [_thread_blocked, id=10164, stack(0x000000ac1fe00000,0x000000ac1ff00000)]
  0x00000256db47e000 JavaThread "Cache worker for cache directory md-rule (C:\Users\Emanuele\.gradle\caches\5.4.1\md-rule)" [_thread_blocked, id=9820, stack(0x000000ac20300000,0x000000ac20400000)]
  0x00000256db47b000 JavaThread "Build operations" [_thread_blocked, id=8128, stack(0x000000ac20400000,0x000000ac20500000)]
  0x00000256db47c800 JavaThread "Build operations Thread 2" [_thread_blocked, id=9940, stack(0x000000ac20500000,0x000000ac20600000)]
  0x00000256db47d800 JavaThread "Build operations Thread 3" [_thread_blocked, id=5348, stack(0x000000ac20700000,0x000000ac20800000)]
  0x00000256db479800 JavaThread "Build operations Thread 4" [_thread_blocked, id=10048, stack(0x000000ac20800000,0x000000ac20900000)]
  0x00000256d9d20000 JavaThread "Build operations Thread 5" [_thread_blocked, id=4324, stack(0x000000ac20900000,0x000000ac20a00000)]
  0x00000256d9d24000 JavaThread "Build operations Thread 6" [_thread_blocked, id=6448, stack(0x000000ac20a00000,0x000000ac20b00000)]
  0x00000256d9d1e800 JavaThread "Cache worker for Build Output Cleanup Cache (D:\UNISA\Images-to-PDF-8.8.1\.gradle\buildOutputCleanup)" [_thread_blocked, id=7188, stack(0x000000ac20b00000,0x000000ac20c00000)]
  0x00000256d9d22800 JavaThread "Cache worker for file content cache (D:\UNISA\Images-to-PDF-8.8.1\.gradle\5.4.1\fileContent)" [_thread_blocked, id=9576, stack(0x000000ac20c00000,0x000000ac20d00000)]
  0x00000256d9d25000 JavaThread "Execution worker for ':'" [_thread_blocked, id=4340, stack(0x000000ac20e00000,0x000000ac20f00000)]
  0x00000256d9d21000 JavaThread "Execution worker for ':' Thread 2" [_thread_blocked, id=5420, stack(0x000000ac20f00000,0x000000ac21000000)]
  0x00000256d9d2a000 JavaThread "Execution worker for ':' Thread 3" [_thread_blocked, id=9264, stack(0x000000ac21200000,0x000000ac21300000)]
  0x00000256d9d2b000 JavaThread "Execution worker for ':' Thread 4" [_thread_blocked, id=9456, stack(0x000000ac21300000,0x000000ac21400000)]
  0x00000256d9d26000 JavaThread "Execution worker for ':' Thread 5" [_thread_blocked, id=1104, stack(0x000000ac21400000,0x000000ac21500000)]
  0x00000256d9d2c800 JavaThread "Cache worker for execution history cache (D:\UNISA\Images-to-PDF-8.8.1\.gradle\5.4.1\executionHistory)" [_thread_blocked, id=8708, stack(0x000000ac21500000,0x000000ac21600000)]

Other Threads:
  0x00000256d4cb9800 VMThread "VM Thread" [stack: 0x000000ac1e400000,0x000000ac1e500000] [id=1900]
  0x00000256d576f000 WatcherThread [stack: 0x000000ac1ee00000,0x000000ac1ef00000] [id=9192]
  0x00000256b5813000 GCTaskThread "GC Thread#0" [stack: 0x000000ac1df00000,0x000000ac1e000000] [id=1880]
  0x00000256d66a2800 GCTaskThread "GC Thread#1" [stack: 0x000000ac1f000000,0x000000ac1f100000] [id=1396]
  0x00000256d683b800 GCTaskThread "GC Thread#2" [stack: 0x000000ac1f100000,0x000000ac1f200000] [id=1456]
  0x00000256d646c800 GCTaskThread "GC Thread#3" [stack: 0x000000ac1f200000,0x000000ac1f300000] [id=1068]
  0x00000256d646d000 GCTaskThread "GC Thread#4" [stack: 0x000000ac1f300000,0x000000ac1f400000] [id=1844]
  0x00000256d6837800 GCTaskThread "GC Thread#5" [stack: 0x000000ac1f400000,0x000000ac1f500000] [id=3992]
  0x00000256b5870800 ConcurrentGCThread "G1 Main Marker" [stack: 0x000000ac1e000000,0x000000ac1e100000] [id=3792]
  0x00000256b5874000 ConcurrentGCThread "G1 Conc#0" [stack: 0x000000ac1e100000,0x000000ac1e200000] [id=1960]
=>0x00000256d6d1d000 ConcurrentGCThread "G1 Conc#1" [stack: 0x000000ac20200000,0x000000ac20300000] [id=3212]
  0x00000256d4ba2800 ConcurrentGCThread "G1 Refine#0" [stack: 0x000000ac1e200000,0x000000ac1e300000] [id=4372]
  0x00000256d9346800 ConcurrentGCThread "G1 Refine#1" [stack: 0x000000ac1ef00000,0x000000ac1f000000] [id=3044]
  0x00000256d9f13000 ConcurrentGCThread "G1 Refine#2" [stack: 0x000000ac20d00000,0x000000ac20e00000] [id=4344]
  0x00000256d4ba4800 ConcurrentGCThread "G1 Young RemSet Sampling" [stack: 0x000000ac1e300000,0x000000ac1e400000] [id=5408]

Threads with active compile tasks:
C2 CompilerThread0 574611 14660       4       org.gradle.cache.internal.CrossProcessSynchronizingCache$1::create (17 bytes)
C2 CompilerThread1 574611 14664   !   4       org.gradle.cache.internal.LockOnDemandCrossProcessCacheAccess::withFileLock (24 bytes)

VM state:not at safepoint (normal execution)

VM Mutex/Monitor currently owned by a thread: None

Heap address: 0x0000000700000000, size: 4096 MB, Compressed Oops mode: Zero based, Oop shift amount: 3
Narrow klass base: 0x0000000800000000, Narrow klass shift: 0
Compressed class space size: 1073741824 Address: 0x0000000800000000

Heap:
 garbage-first heap   total 378880K, used 119812K [0x0000000700000000, 0x0000000800000000)
  region size 1024K, 20 young (20480K), 11 survivors (11264K)
 Metaspace       used 100040K, capacity 102918K, committed 103104K, reserved 1138688K
  class space    used 12264K, capacity 13203K, committed 13304K, reserved 1048576K
Heap Regions: E=young(eden), S=young(survivor), O=old, HS=humongous(starts), HC=humongous(continues), CS=collection set, F=free, A=archive, TAMS=top-at-mark-start (previous, next)
|   0|0x0000000700000000, 0x0000000700100000, 0x0000000700100000|100%| O|  |TAMS 0x0000000700100000, 0x0000000700100000| Untracked 
|   1|0x0000000700100000, 0x0000000700200000, 0x0000000700200000|100%| O|  |TAMS 0x0000000700200000, 0x0000000700200000| Untracked 
|   2|0x0000000700200000, 0x0000000700300000, 0x0000000700300000|100%|HS|  |TAMS 0x0000000700300000, 0x0000000700300000| Complete 
|   3|0x0000000700300000, 0x0000000700400000, 0x0000000700400000|100%|HS|  |TAMS 0x0000000700400000, 0x0000000700400000| Complete 
|   4|0x0000000700400000, 0x0000000700500000, 0x0000000700500000|100%|HC|  |TAMS 0x0000000700500000, 0x0000000700500000| Complete 
|   5|0x0000000700500000, 0x0000000700600000, 0x0000000700600000|100%| O|  |TAMS 0x0000000700600000, 0x0000000700600000| Untracked 
|   6|0x0000000700600000, 0x0000000700700000, 0x0000000700700000|100%| O|  |TAMS 0x0000000700700000, 0x0000000700700000| Untracked 
|   7|0x0000000700700000, 0x0000000700800000, 0x0000000700800000|100%|HS|  |TAMS 0x0000000700800000, 0x0000000700800000| Complete 
|   8|0x0000000700800000, 0x0000000700900000, 0x0000000700900000|100%|HC|  |TAMS 0x0000000700900000, 0x0000000700900000| Complete 
|   9|0x0000000700900000, 0x0000000700a00000, 0x0000000700a00000|100%| O|  |TAMS 0x0000000700a00000, 0x0000000700a00000| Untracked 
|  10|0x0000000700a00000, 0x0000000700b00000, 0x0000000700b00000|100%| O|  |TAMS 0x0000000700b00000, 0x0000000700b00000| Untracked 
|  11|0x0000000700b00000, 0x0000000700c00000, 0x0000000700c00000|100%| O|  |TAMS 0x0000000700c00000, 0x0000000700c00000| Untracked 
|  12|0x0000000700c00000, 0x0000000700d00000, 0x0000000700d00000|100%| O|  |TAMS 0x0000000700d00000, 0x0000000700d00000| Untracked 
|  13|0x0000000700d00000, 0x0000000700e00000, 0x0000000700e00000|100%| O|  |TAMS 0x0000000700e00000, 0x0000000700e00000| Untracked 
|  14|0x0000000700e00000, 0x0000000700f00000, 0x0000000700f00000|100%| O|  |TAMS 0x0000000700f00000, 0x0000000700f00000| Untracked 
|  15|0x0000000700f00000, 0x0000000701000000, 0x0000000701000000|100%| O|  |TAMS 0x0000000701000000, 0x0000000701000000| Untracked 
|  16|0x0000000701000000, 0x0000000701100000, 0x0000000701100000|100%| O|  |TAMS 0x0000000701100000, 0x0000000701100000| Untracked 
|  17|0x0000000701100000, 0x0000000701200000, 0x0000000701200000|100%| O|  |TAMS 0x0000000701200000, 0x0000000701200000| Untracked 
|  18|0x0000000701200000, 0x0000000701300000, 0x0000000701300000|100%| O|  |TAMS 0x0000000701300000, 0x0000000701300000| Untracked 
|  19|0x0000000701300000, 0x0000000701400000, 0x0000000701400000|100%| O|  |TAMS 0x0000000701400000, 0x0000000701400000| Untracked 
|  20|0x0000000701400000, 0x0000000701500000, 0x0000000701500000|100%| O|  |TAMS 0x0000000701500000, 0x0000000701500000| Untracked 
|  21|0x0000000701500000, 0x0000000701600000, 0x0000000701600000|100%| O|  |TAMS 0x0000000701600000, 0x0000000701600000| Untracked 
|  22|0x0000000701600000, 0x0000000701700000, 0x0000000701700000|100%| O|  |TAMS 0x0000000701700000, 0x0000000701700000| Untracked 
|  23|0x0000000701700000, 0x0000000701800000, 0x0000000701800000|100%| O|  |TAMS 0x0000000701800000, 0x0000000701800000| Untracked 
|  24|0x0000000701800000, 0x0000000701900000, 0x0000000701900000|100%| O|  |TAMS 0x0000000701900000, 0x0000000701900000| Untracked 
|  25|0x0000000701900000, 0x0000000701a00000, 0x0000000701a00000|100%| O|  |TAMS 0x0000000701a00000, 0x0000000701a00000| Untracked 
|  26|0x0000000701a00000, 0x0000000701b00000, 0x0000000701b00000|100%| O|  |TAMS 0x0000000701b00000, 0x0000000701b00000| Untracked 
|  27|0x0000000701b00000, 0x0000000701c00000, 0x0000000701c00000|100%| O|  |TAMS 0x0000000701c00000, 0x0000000701c00000| Untracked 
|  28|0x0000000701c00000, 0x0000000701d00000, 0x0000000701d00000|100%| O|  |TAMS 0x0000000701d00000, 0x0000000701d00000| Untracked 
|  29|0x0000000701d00000, 0x0000000701e00000, 0x0000000701e00000|100%| O|  |TAMS 0x0000000701e00000, 0x0000000701e00000| Untracked 
|  30|0x0000000701e00000, 0x0000000701f00000, 0x0000000701f00000|100%| O|  |TAMS 0x0000000701f00000, 0x0000000701f00000| Untracked 
|  31|0x0000000701f00000, 0x0000000702000000, 0x0000000702000000|100%| O|  |TAMS 0x0000000702000000, 0x0000000702000000| Untracked 
|  32|0x0000000702000000, 0x0000000702100000, 0x0000000702100000|100%| O|  |TAMS 0x0000000702100000, 0x0000000702100000| Untracked 
|  33|0x0000000702100000, 0x0000000702200000, 0x0000000702200000|100%| O|  |TAMS 0x0000000702200000, 0x0000000702200000| Untracked 
|  34|0x0000000702200000, 0x0000000702300000, 0x0000000702300000|100%| O|  |TAMS 0x0000000702300000, 0x0000000702300000| Untracked 
|  35|0x0000000702300000, 0x0000000702400000, 0x0000000702400000|100%| O|  |TAMS 0x0000000702400000, 0x0000000702400000| Untracked 
|  36|0x0000000702400000, 0x0000000702500000, 0x0000000702500000|100%| O|  |TAMS 0x0000000702500000, 0x0000000702500000| Untracked 
|  37|0x0000000702500000, 0x0000000702600000, 0x0000000702600000|100%| O|  |TAMS 0x0000000702600000, 0x0000000702600000| Untracked 
|  38|0x0000000702600000, 0x0000000702700000, 0x0000000702700000|100%| O|  |TAMS 0x0000000702700000, 0x0000000702700000| Untracked 
|  39|0x0000000702700000, 0x0000000702800000, 0x0000000702800000|100%| O|  |TAMS 0x0000000702800000, 0x0000000702800000| Untracked 
|  40|0x0000000702800000, 0x0000000702900000, 0x0000000702900000|100%| O|  |TAMS 0x0000000702900000, 0x0000000702900000| Untracked 
|  41|0x0000000702900000, 0x0000000702a00000, 0x0000000702a00000|100%| O|  |TAMS 0x0000000702a00000, 0x0000000702a00000| Untracked 
|  42|0x0000000702a00000, 0x0000000702b00000, 0x0000000702b00000|100%| O|  |TAMS 0x0000000702b00000, 0x0000000702b00000| Untracked 
|  43|0x0000000702b00000, 0x0000000702c00000, 0x0000000702c00000|100%| O|  |TAMS 0x0000000702c00000, 0x0000000702c00000| Untracked 
|  44|0x0000000702c00000, 0x0000000702d00000, 0x0000000702d00000|100%| O|  |TAMS 0x0000000702d00000, 0x0000000702d00000| Untracked 
|  45|0x0000000702d00000, 0x0000000702e00000, 0x0000000702e00000|100%| O|  |TAMS 0x0000000702e00000, 0x0000000702e00000| Untracked 
|  46|0x0000000702e00000, 0x0000000702f00000, 0x0000000702f00000|100%| O|  |TAMS 0x0000000702f00000, 0x0000000702f00000| Untracked 
|  47|0x0000000702f00000, 0x0000000703000000, 0x0000000703000000|100%| O|  |TAMS 0x0000000703000000, 0x0000000703000000| Untracked 
|  48|0x0000000703000000, 0x0000000703100000, 0x0000000703100000|100%| O|  |TAMS 0x0000000703100000, 0x0000000703100000| Untracked 
|  49|0x0000000703100000, 0x0000000703200000, 0x0000000703200000|100%| O|  |TAMS 0x0000000703200000, 0x0000000703200000| Untracked 
|  50|0x0000000703200000, 0x0000000703300000, 0x0000000703300000|100%| O|  |TAMS 0x0000000703300000, 0x0000000703300000| Untracked 
|  51|0x0000000703300000, 0x0000000703400000, 0x0000000703400000|100%| O|  |TAMS 0x0000000703400000, 0x0000000703400000| Untracked 
|  52|0x0000000703400000, 0x0000000703500000, 0x0000000703500000|100%| O|  |TAMS 0x0000000703500000, 0x0000000703500000| Untracked 
|  53|0x0000000703500000, 0x0000000703600000, 0x0000000703600000|100%| O|  |TAMS 0x0000000703600000, 0x0000000703600000| Untracked 
|  54|0x0000000703600000, 0x0000000703700000, 0x0000000703700000|100%| O|  |TAMS 0x0000000703700000, 0x0000000703700000| Untracked 
|  55|0x0000000703700000, 0x0000000703800000, 0x0000000703800000|100%| O|  |TAMS 0x0000000703800000, 0x0000000703800000| Untracked 
|  56|0x0000000703800000, 0x0000000703900000, 0x0000000703900000|100%| O|  |TAMS 0x0000000703900000, 0x0000000703900000| Untracked 
|  57|0x0000000703900000, 0x0000000703a00000, 0x0000000703a00000|100%| O|  |TAMS 0x0000000703a00000, 0x0000000703a00000| Untracked 
|  58|0x0000000703a00000, 0x0000000703b00000, 0x0000000703b00000|100%| O|  |TAMS 0x0000000703b00000, 0x0000000703b00000| Untracked 
|  59|0x0000000703b00000, 0x0000000703c00000, 0x0000000703c00000|100%| O|  |TAMS 0x0000000703c00000, 0x0000000703c00000| Untracked 
|  60|0x0000000703c00000, 0x0000000703d00000, 0x0000000703d00000|100%| O|  |TAMS 0x0000000703d00000, 0x0000000703d00000| Untracked 
|  61|0x0000000703d00000, 0x0000000703e00000, 0x0000000703e00000|100%| O|  |TAMS 0x0000000703e00000, 0x0000000703e00000| Untracked 
|  62|0x0000000703e00000, 0x0000000703f00000, 0x0000000703f00000|100%| O|  |TAMS 0x0000000703f00000, 0x0000000703f00000| Untracked 
|  63|0x0000000703f00000, 0x0000000704000000, 0x0000000704000000|100%| O|  |TAMS 0x0000000704000000, 0x0000000704000000| Untracked 
|  64|0x0000000704000000, 0x0000000704100000, 0x0000000704100000|100%| O|  |TAMS 0x0000000704100000, 0x0000000704100000| Untracked 
|  65|0x0000000704100000, 0x0000000704200000, 0x0000000704200000|100%| O|  |TAMS 0x0000000704200000, 0x0000000704200000| Untracked 
|  66|0x0000000704200000, 0x0000000704300000, 0x0000000704300000|100%| O|  |TAMS 0x0000000704300000, 0x0000000704300000| Untracked 
|  67|0x0000000704300000, 0x0000000704400000, 0x0000000704400000|100%| O|  |TAMS 0x0000000704400000, 0x0000000704400000| Untracked 
|  68|0x0000000704400000, 0x0000000704500000, 0x0000000704500000|100%| O|  |TAMS 0x0000000704500000, 0x0000000704500000| Untracked 
|  69|0x0000000704500000, 0x0000000704600000, 0x0000000704600000|100%|HS|  |TAMS 0x0000000704500000, 0x0000000704600000| Complete 
|  70|0x0000000704600000, 0x0000000704700000, 0x0000000704700000|100%|HC|  |TAMS 0x0000000704600000, 0x0000000704700000| Complete 
|  71|0x0000000704700000, 0x0000000704800000, 0x0000000704800000|100%| O|  |TAMS 0x0000000704800000, 0x0000000704800000| Untracked 
|  72|0x0000000704800000, 0x0000000704900000, 0x0000000704900000|100%| O|  |TAMS 0x0000000704842400, 0x0000000704900000| Untracked 
|  73|0x0000000704900000, 0x0000000704a00000, 0x0000000704a00000|100%|HS|  |TAMS 0x0000000704900000, 0x0000000704a00000| Complete 
|  74|0x0000000704a00000, 0x0000000704b00000, 0x0000000704b00000|100%| O|  |TAMS 0x0000000704a00000, 0x0000000704b00000| Untracked 
|  75|0x0000000704b00000, 0x0000000704c00000, 0x0000000704c00000|100%| O|  |TAMS 0x0000000704b00000, 0x0000000704c00000| Untracked 
|  76|0x0000000704c00000, 0x0000000704d00000, 0x0000000704d00000|100%| O|  |TAMS 0x0000000704c00000, 0x0000000704d00000| Untracked 
|  77|0x0000000704d00000, 0x0000000704e00000, 0x0000000704e00000|100%| O|  |TAMS 0x0000000704d00000, 0x0000000704e00000| Untracked 
|  78|0x0000000704e00000, 0x0000000704f00000, 0x0000000704f00000|100%| O|  |TAMS 0x0000000704e00000, 0x0000000704f00000| Untracked 
|  79|0x0000000704f00000, 0x0000000705000000, 0x0000000705000000|100%| O|  |TAMS 0x0000000704f00000, 0x0000000705000000| Untracked 
|  80|0x0000000705000000, 0x0000000705100000, 0x0000000705100000|100%| O|  |TAMS 0x0000000705000000, 0x0000000705100000| Untracked 
|  81|0x0000000705100000, 0x0000000705200000, 0x0000000705200000|100%| O|  |TAMS 0x0000000705100000, 0x0000000705200000| Untracked 
|  82|0x0000000705200000, 0x0000000705300000, 0x0000000705300000|100%| O|  |TAMS 0x0000000705200000, 0x0000000705300000| Untracked 
|  83|0x0000000705300000, 0x0000000705400000, 0x0000000705400000|100%| O|  |TAMS 0x0000000705300000, 0x0000000705400000| Untracked 
|  84|0x0000000705400000, 0x0000000705500000, 0x0000000705500000|100%| O|  |TAMS 0x0000000705400000, 0x0000000705500000| Untracked 
|  85|0x0000000705500000, 0x0000000705600000, 0x0000000705600000|100%| O|  |TAMS 0x0000000705500000, 0x0000000705600000| Untracked 
|  86|0x0000000705600000, 0x0000000705700000, 0x0000000705700000|100%| O|  |TAMS 0x0000000705600000, 0x0000000705700000| Untracked 
|  87|0x0000000705700000, 0x0000000705800000, 0x0000000705800000|100%| O|  |TAMS 0x0000000705700000, 0x0000000705800000| Untracked 
|  88|0x0000000705800000, 0x0000000705900000, 0x0000000705900000|100%| O|  |TAMS 0x0000000705800000, 0x0000000705900000| Untracked 
|  89|0x0000000705900000, 0x0000000705a00000, 0x0000000705a00000|100%| O|  |TAMS 0x0000000705900000, 0x0000000705a00000| Untracked 
|  90|0x0000000705a00000, 0x0000000705b00000, 0x0000000705b00000|100%| O|  |TAMS 0x0000000705a00000, 0x0000000705b00000| Untracked 
|  91|0x0000000705b00000, 0x0000000705c00000, 0x0000000705c00000|100%| O|  |TAMS 0x0000000705b00000, 0x0000000705c00000| Untracked 
|  92|0x0000000705c00000, 0x0000000705d00000, 0x0000000705d00000|100%| O|  |TAMS 0x0000000705c00000, 0x0000000705d00000| Untracked 
|  93|0x0000000705d00000, 0x0000000705e00000, 0x0000000705e00000|100%| O|  |TAMS 0x0000000705d00000, 0x0000000705e00000| Untracked 
|  94|0x0000000705e00000, 0x0000000705f00000, 0x0000000705f00000|100%| O|  |TAMS 0x0000000705e00000, 0x0000000705f00000| Untracked 
|  95|0x0000000705f00000, 0x0000000706000000, 0x0000000706000000|100%| O|  |TAMS 0x0000000705f00000, 0x0000000706000000| Untracked 
|  96|0x0000000706000000, 0x0000000706100000, 0x0000000706100000|100%| O|  |TAMS 0x0000000706000000, 0x0000000706100000| Untracked 
|  97|0x0000000706100000, 0x0000000706200000, 0x0000000706200000|100%| O|  |TAMS 0x0000000706100000, 0x0000000706200000| Untracked 
|  98|0x0000000706200000, 0x000000070622bc00, 0x0000000706300000| 17%| O|  |TAMS 0x0000000706200000, 0x000000070622bc00| Untracked 
|  99|0x0000000706300000, 0x0000000706300000, 0x0000000706400000|  0%| F|  |TAMS 0x0000000706300000, 0x0000000706300000| Untracked 
| 100|0x0000000706400000, 0x0000000706400000, 0x0000000706500000|  0%| F|  |TAMS 0x0000000706400000, 0x0000000706400000| Untracked 
| 101|0x0000000706500000, 0x0000000706500000, 0x0000000706600000|  0%| F|  |TAMS 0x0000000706500000, 0x0000000706500000| Untracked 
| 102|0x0000000706600000, 0x0000000706600000, 0x0000000706700000|  0%| F|  |TAMS 0x0000000706600000, 0x0000000706600000| Untracked 
| 103|0x0000000706700000, 0x0000000706700000, 0x0000000706800000|  0%| F|  |TAMS 0x0000000706700000, 0x0000000706700000| Untracked 
| 104|0x0000000706800000, 0x0000000706800000, 0x0000000706900000|  0%| F|  |TAMS 0x0000000706800000, 0x0000000706800000| Untracked 
| 105|0x0000000706900000, 0x0000000706900000, 0x0000000706a00000|  0%| F|  |TAMS 0x0000000706900000, 0x0000000706900000| Untracked 
| 106|0x0000000706a00000, 0x0000000706a00000, 0x0000000706b00000|  0%| F|  |TAMS 0x0000000706a00000, 0x0000000706a00000| Untracked 
| 107|0x0000000706b00000, 0x0000000706b00000, 0x0000000706c00000|  0%| F|  |TAMS 0x0000000706b00000, 0x0000000706b00000| Untracked 
| 108|0x0000000706c00000, 0x0000000706c00000, 0x0000000706d00000|  0%| F|  |TAMS 0x0000000706c00000, 0x0000000706c00000| Untracked 
| 109|0x0000000706d00000, 0x0000000706d00000, 0x0000000706e00000|  0%| F|  |TAMS 0x0000000706d00000, 0x0000000706d00000| Untracked 
| 110|0x0000000706e00000, 0x0000000706e00000, 0x0000000706f00000|  0%| F|  |TAMS 0x0000000706e00000, 0x0000000706e00000| Untracked 
| 111|0x0000000706f00000, 0x0000000706f00000, 0x0000000707000000|  0%| F|  |TAMS 0x0000000706f00000, 0x0000000706f00000| Untracked 
| 112|0x0000000707000000, 0x0000000707000000, 0x0000000707100000|  0%| F|  |TAMS 0x0000000707000000, 0x0000000707000000| Untracked 
| 113|0x0000000707100000, 0x0000000707100000, 0x0000000707200000|  0%| F|  |TAMS 0x0000000707100000, 0x0000000707100000| Untracked 
| 114|0x0000000707200000, 0x0000000707200000, 0x0000000707300000|  0%| F|  |TAMS 0x0000000707200000, 0x0000000707200000| Untracked 
| 115|0x0000000707300000, 0x0000000707300000, 0x0000000707400000|  0%| F|  |TAMS 0x0000000707300000, 0x0000000707300000| Untracked 
| 116|0x0000000707400000, 0x0000000707400000, 0x0000000707500000|  0%| F|  |TAMS 0x0000000707400000, 0x0000000707400000| Untracked 
| 117|0x0000000707500000, 0x0000000707500000, 0x0000000707600000|  0%| F|  |TAMS 0x0000000707500000, 0x0000000707500000| Untracked 
| 118|0x0000000707600000, 0x0000000707600000, 0x0000000707700000|  0%| F|  |TAMS 0x0000000707600000, 0x0000000707600000| Untracked 
| 119|0x0000000707700000, 0x0000000707700000, 0x0000000707800000|  0%| F|  |TAMS 0x0000000707700000, 0x0000000707700000| Untracked 
| 120|0x0000000707800000, 0x0000000707800000, 0x0000000707900000|  0%| F|  |TAMS 0x0000000707800000, 0x0000000707800000| Untracked 
| 121|0x0000000707900000, 0x0000000707900000, 0x0000000707a00000|  0%| F|  |TAMS 0x0000000707900000, 0x0000000707900000| Untracked 
| 122|0x0000000707a00000, 0x0000000707a00000, 0x0000000707b00000|  0%| F|  |TAMS 0x0000000707a00000, 0x0000000707a00000| Untracked 
| 123|0x0000000707b00000, 0x0000000707b00000, 0x0000000707c00000|  0%| F|  |TAMS 0x0000000707b00000, 0x0000000707b00000| Untracked 
| 124|0x0000000707c00000, 0x0000000707c00000, 0x0000000707d00000|  0%| F|  |TAMS 0x0000000707c00000, 0x0000000707c00000| Untracked 
| 125|0x0000000707d00000, 0x0000000707d00000, 0x0000000707e00000|  0%| F|  |TAMS 0x0000000707d00000, 0x0000000707d00000| Untracked 
| 126|0x0000000707e00000, 0x0000000707e00000, 0x0000000707f00000|  0%| F|  |TAMS 0x0000000707e00000, 0x0000000707e00000| Untracked 
| 127|0x0000000707f00000, 0x0000000707f00000, 0x0000000708000000|  0%| F|  |TAMS 0x0000000707f00000, 0x0000000707f00000| Untracked 
| 128|0x0000000708000000, 0x0000000708000000, 0x0000000708100000|  0%| F|  |TAMS 0x0000000708000000, 0x0000000708000000| Untracked 
| 129|0x0000000708100000, 0x0000000708100000, 0x0000000708200000|  0%| F|  |TAMS 0x0000000708100000, 0x0000000708100000| Untracked 
| 130|0x0000000708200000, 0x0000000708200000, 0x0000000708300000|  0%| F|  |TAMS 0x0000000708200000, 0x0000000708200000| Untracked 
| 131|0x0000000708300000, 0x0000000708300000, 0x0000000708400000|  0%| F|  |TAMS 0x0000000708300000, 0x0000000708300000| Untracked 
| 132|0x0000000708400000, 0x0000000708400000, 0x0000000708500000|  0%| F|  |TAMS 0x0000000708400000, 0x0000000708400000| Untracked 
| 133|0x0000000708500000, 0x0000000708500000, 0x0000000708600000|  0%| F|  |TAMS 0x0000000708500000, 0x0000000708500000| Untracked 
| 134|0x0000000708600000, 0x0000000708600000, 0x0000000708700000|  0%| F|  |TAMS 0x0000000708600000, 0x0000000708600000| Untracked 
| 135|0x0000000708700000, 0x0000000708700000, 0x0000000708800000|  0%| F|  |TAMS 0x0000000708700000, 0x0000000708700000| Untracked 
| 136|0x0000000708800000, 0x0000000708800000, 0x0000000708900000|  0%| F|  |TAMS 0x0000000708800000, 0x0000000708800000| Untracked 
| 137|0x0000000708900000, 0x0000000708900000, 0x0000000708a00000|  0%| F|  |TAMS 0x0000000708900000, 0x0000000708900000| Untracked 
| 138|0x0000000708a00000, 0x0000000708a00000, 0x0000000708b00000|  0%| F|  |TAMS 0x0000000708a00000, 0x0000000708a00000| Untracked 
| 139|0x0000000708b00000, 0x0000000708b00000, 0x0000000708c00000|  0%| F|  |TAMS 0x0000000708b00000, 0x0000000708b00000| Untracked 
| 140|0x0000000708c00000, 0x0000000708c00000, 0x0000000708d00000|  0%| F|  |TAMS 0x0000000708c00000, 0x0000000708c00000| Untracked 
| 141|0x0000000708d00000, 0x0000000708d00000, 0x0000000708e00000|  0%| F|  |TAMS 0x0000000708d00000, 0x0000000708d00000| Untracked 
| 142|0x0000000708e00000, 0x0000000708e00000, 0x0000000708f00000|  0%| F|  |TAMS 0x0000000708e00000, 0x0000000708e00000| Untracked 
| 143|0x0000000708f00000, 0x0000000708fd5720, 0x0000000709000000| 83%| S|CS|TAMS 0x0000000708f00000, 0x0000000708f00000| Complete 
| 144|0x0000000709000000, 0x0000000709100000, 0x0000000709100000|100%| S|CS|TAMS 0x0000000709000000, 0x0000000709000000| Complete 
| 145|0x0000000709100000, 0x0000000709200000, 0x0000000709200000|100%| S|CS|TAMS 0x0000000709100000, 0x0000000709100000| Complete 
| 146|0x0000000709200000, 0x0000000709300000, 0x0000000709300000|100%| S|CS|TAMS 0x0000000709200000, 0x0000000709200000| Complete 
| 147|0x0000000709300000, 0x0000000709400000, 0x0000000709400000|100%| S|CS|TAMS 0x0000000709300000, 0x0000000709300000| Complete 
| 148|0x0000000709400000, 0x0000000709400000, 0x0000000709500000|  0%| F|  |TAMS 0x0000000709400000, 0x0000000709400000| Untracked 
| 149|0x0000000709500000, 0x0000000709500000, 0x0000000709600000|  0%| F|  |TAMS 0x0000000709500000, 0x0000000709500000| Untracked 
| 150|0x0000000709600000, 0x0000000709600000, 0x0000000709700000|  0%| F|  |TAMS 0x0000000709600000, 0x0000000709600000| Untracked 
| 151|0x0000000709700000, 0x0000000709700000, 0x0000000709800000|  0%| F|  |TAMS 0x0000000709700000, 0x0000000709700000| Untracked 
| 152|0x0000000709800000, 0x0000000709800000, 0x0000000709900000|  0%| F|  |TAMS 0x0000000709800000, 0x0000000709800000| Untracked 
| 153|0x0000000709900000, 0x0000000709900000, 0x0000000709a00000|  0%| F|  |TAMS 0x0000000709900000, 0x0000000709900000| Untracked 
| 154|0x0000000709a00000, 0x0000000709a00000, 0x0000000709b00000|  0%| F|  |TAMS 0x0000000709a00000, 0x0000000709a00000| Untracked 
| 155|0x0000000709b00000, 0x0000000709b00000, 0x0000000709c00000|  0%| F|  |TAMS 0x0000000709b00000, 0x0000000709b00000| Untracked 
| 156|0x0000000709c00000, 0x0000000709c00000, 0x0000000709d00000|  0%| F|  |TAMS 0x0000000709c00000, 0x0000000709c00000| Untracked 
| 157|0x0000000709d00000, 0x0000000709d00000, 0x0000000709e00000|  0%| F|  |TAMS 0x0000000709d00000, 0x0000000709d00000| Untracked 
| 158|0x0000000709e00000, 0x0000000709f00000, 0x0000000709f00000|100%| S|CS|TAMS 0x0000000709e00000, 0x0000000709e00000| Complete 
| 159|0x0000000709f00000, 0x000000070a000000, 0x000000070a000000|100%| S|CS|TAMS 0x0000000709f00000, 0x0000000709f00000| Complete 
| 160|0x000000070a000000, 0x000000070a100000, 0x000000070a100000|100%| S|CS|TAMS 0x000000070a000000, 0x000000070a000000| Complete 
| 161|0x000000070a100000, 0x000000070a200000, 0x000000070a200000|100%| S|CS|TAMS 0x000000070a100000, 0x000000070a100000| Complete 
| 162|0x000000070a200000, 0x000000070a300000, 0x000000070a300000|100%| S|CS|TAMS 0x000000070a200000, 0x000000070a200000| Complete 
| 163|0x000000070a300000, 0x000000070a400000, 0x000000070a400000|100%| S|CS|TAMS 0x000000070a300000, 0x000000070a300000| Complete 
| 164|0x000000070a400000, 0x000000070a400000, 0x000000070a500000|  0%| F|  |TAMS 0x000000070a400000, 0x000000070a400000| Untracked 
| 165|0x000000070a500000, 0x000000070a500000, 0x000000070a600000|  0%| F|  |TAMS 0x000000070a500000, 0x000000070a500000| Untracked 
| 166|0x000000070a600000, 0x000000070a600000, 0x000000070a700000|  0%| F|  |TAMS 0x000000070a600000, 0x000000070a600000| Untracked 
| 167|0x000000070a700000, 0x000000070a700000, 0x000000070a800000|  0%| F|  |TAMS 0x000000070a700000, 0x000000070a700000| Untracked 
| 168|0x000000070a800000, 0x000000070a800000, 0x000000070a900000|  0%| F|  |TAMS 0x000000070a800000, 0x000000070a800000| Untracked 
| 169|0x000000070a900000, 0x000000070a900000, 0x000000070aa00000|  0%| F|  |TAMS 0x000000070a900000, 0x000000070a900000| Untracked 
| 170|0x000000070aa00000, 0x000000070aa00000, 0x000000070ab00000|  0%| F|  |TAMS 0x000000070aa00000, 0x000000070aa00000| Untracked 
| 171|0x000000070ab00000, 0x000000070ab00000, 0x000000070ac00000|  0%| F|  |TAMS 0x000000070ab00000, 0x000000070ab00000| Untracked 
| 172|0x000000070ac00000, 0x000000070ac00000, 0x000000070ad00000|  0%| F|  |TAMS 0x000000070ac00000, 0x000000070ac00000| Untracked 
| 173|0x000000070ad00000, 0x000000070ad00000, 0x000000070ae00000|  0%| F|  |TAMS 0x000000070ad00000, 0x000000070ad00000| Untracked 
| 174|0x000000070ae00000, 0x000000070ae00000, 0x000000070af00000|  0%| F|  |TAMS 0x000000070ae00000, 0x000000070ae00000| Untracked 
| 175|0x000000070af00000, 0x000000070af00000, 0x000000070b000000|  0%| F|  |TAMS 0x000000070af00000, 0x000000070af00000| Untracked 
| 176|0x000000070b000000, 0x000000070b000000, 0x000000070b100000|  0%| F|  |TAMS 0x000000070b000000, 0x000000070b000000| Untracked 
| 177|0x000000070b100000, 0x000000070b100000, 0x000000070b200000|  0%| F|  |TAMS 0x000000070b100000, 0x000000070b100000| Untracked 
| 178|0x000000070b200000, 0x000000070b200000, 0x000000070b300000|  0%| F|  |TAMS 0x000000070b200000, 0x000000070b200000| Untracked 
| 179|0x000000070b300000, 0x000000070b300000, 0x000000070b400000|  0%| F|  |TAMS 0x000000070b300000, 0x000000070b300000| Untracked 
| 180|0x000000070b400000, 0x000000070b400000, 0x000000070b500000|  0%| F|  |TAMS 0x000000070b400000, 0x000000070b400000| Untracked 
| 181|0x000000070b500000, 0x000000070b500000, 0x000000070b600000|  0%| F|  |TAMS 0x000000070b500000, 0x000000070b500000| Untracked 
| 182|0x000000070b600000, 0x000000070b600000, 0x000000070b700000|  0%| F|  |TAMS 0x000000070b600000, 0x000000070b600000| Untracked 
| 183|0x000000070b700000, 0x000000070b700000, 0x000000070b800000|  0%| F|  |TAMS 0x000000070b700000, 0x000000070b700000| Untracked 
| 184|0x000000070b800000, 0x000000070b800000, 0x000000070b900000|  0%| F|  |TAMS 0x000000070b800000, 0x000000070b800000| Untracked 
| 185|0x000000070b900000, 0x000000070b900000, 0x000000070ba00000|  0%| F|  |TAMS 0x000000070b900000, 0x000000070b900000| Untracked 
| 186|0x000000070ba00000, 0x000000070ba00000, 0x000000070bb00000|  0%| F|  |TAMS 0x000000070ba00000, 0x000000070ba00000| Untracked 
| 187|0x000000070bb00000, 0x000000070bb00000, 0x000000070bc00000|  0%| F|  |TAMS 0x000000070bb00000, 0x000000070bb00000| Untracked 
| 188|0x000000070bc00000, 0x000000070bc00000, 0x000000070bd00000|  0%| F|  |TAMS 0x000000070bc00000, 0x000000070bc00000| Untracked 
| 189|0x000000070bd00000, 0x000000070bd00000, 0x000000070be00000|  0%| F|  |TAMS 0x000000070bd00000, 0x000000070bd00000| Untracked 
| 190|0x000000070be00000, 0x000000070be00000, 0x000000070bf00000|  0%| F|  |TAMS 0x000000070be00000, 0x000000070be00000| Untracked 
| 191|0x000000070bf00000, 0x000000070bf00000, 0x000000070c000000|  0%| F|  |TAMS 0x000000070bf00000, 0x000000070bf00000| Untracked 
| 192|0x000000070c000000, 0x000000070c000000, 0x000000070c100000|  0%| F|  |TAMS 0x000000070c000000, 0x000000070c000000| Untracked 
| 193|0x000000070c100000, 0x000000070c100000, 0x000000070c200000|  0%| F|  |TAMS 0x000000070c100000, 0x000000070c100000| Untracked 
| 194|0x000000070c200000, 0x000000070c200000, 0x000000070c300000|  0%| F|  |TAMS 0x000000070c200000, 0x000000070c200000| Untracked 
| 195|0x000000070c300000, 0x000000070c300000, 0x000000070c400000|  0%| F|  |TAMS 0x000000070c300000, 0x000000070c300000| Untracked 
| 196|0x000000070c400000, 0x000000070c400000, 0x000000070c500000|  0%| F|  |TAMS 0x000000070c400000, 0x000000070c400000| Untracked 
| 197|0x000000070c500000, 0x000000070c500000, 0x000000070c600000|  0%| F|  |TAMS 0x000000070c500000, 0x000000070c500000| Untracked 
| 198|0x000000070c600000, 0x000000070c600000, 0x000000070c700000|  0%| F|  |TAMS 0x000000070c600000, 0x000000070c600000| Untracked 
| 199|0x000000070c700000, 0x000000070c700000, 0x000000070c800000|  0%| F|  |TAMS 0x000000070c700000, 0x000000070c700000| Untracked 
| 200|0x000000070c800000, 0x000000070c800000, 0x000000070c900000|  0%| F|  |TAMS 0x000000070c800000, 0x000000070c800000| Untracked 
| 201|0x000000070c900000, 0x000000070c900000, 0x000000070ca00000|  0%| F|  |TAMS 0x000000070c900000, 0x000000070c900000| Untracked 
| 202|0x000000070ca00000, 0x000000070ca00000, 0x000000070cb00000|  0%| F|  |TAMS 0x000000070ca00000, 0x000000070ca00000| Untracked 
| 203|0x000000070cb00000, 0x000000070cb00000, 0x000000070cc00000|  0%| F|  |TAMS 0x000000070cb00000, 0x000000070cb00000| Untracked 
| 204|0x000000070cc00000, 0x000000070cc00000, 0x000000070cd00000|  0%| F|  |TAMS 0x000000070cc00000, 0x000000070cc00000| Untracked 
| 205|0x000000070cd00000, 0x000000070cd00000, 0x000000070ce00000|  0%| F|  |TAMS 0x000000070cd00000, 0x000000070cd00000| Untracked 
| 206|0x000000070ce00000, 0x000000070ce00000, 0x000000070cf00000|  0%| F|  |TAMS 0x000000070ce00000, 0x000000070ce00000| Untracked 
| 207|0x000000070cf00000, 0x000000070cf00000, 0x000000070d000000|  0%| F|  |TAMS 0x000000070cf00000, 0x000000070cf00000| Untracked 
| 208|0x000000070d000000, 0x000000070d000000, 0x000000070d100000|  0%| F|  |TAMS 0x000000070d000000, 0x000000070d000000| Untracked 
| 209|0x000000070d100000, 0x000000070d100000, 0x000000070d200000|  0%| F|  |TAMS 0x000000070d100000, 0x000000070d100000| Untracked 
| 210|0x000000070d200000, 0x000000070d200000, 0x000000070d300000|  0%| F|  |TAMS 0x000000070d200000, 0x000000070d200000| Untracked 
| 211|0x000000070d300000, 0x000000070d300000, 0x000000070d400000|  0%| F|  |TAMS 0x000000070d300000, 0x000000070d300000| Untracked 
| 212|0x000000070d400000, 0x000000070d400000, 0x000000070d500000|  0%| F|  |TAMS 0x000000070d400000, 0x000000070d400000| Untracked 
| 213|0x000000070d500000, 0x000000070d500000, 0x000000070d600000|  0%| F|  |TAMS 0x000000070d500000, 0x000000070d500000| Untracked 
| 214|0x000000070d600000, 0x000000070d600000, 0x000000070d700000|  0%| F|  |TAMS 0x000000070d600000, 0x000000070d600000| Untracked 
| 215|0x000000070d700000, 0x000000070d700000, 0x000000070d800000|  0%| F|  |TAMS 0x000000070d700000, 0x000000070d700000| Untracked 
| 216|0x000000070d800000, 0x000000070d800000, 0x000000070d900000|  0%| F|  |TAMS 0x000000070d800000, 0x000000070d800000| Untracked 
| 217|0x000000070d900000, 0x000000070d900000, 0x000000070da00000|  0%| F|  |TAMS 0x000000070d900000, 0x000000070d900000| Untracked 
| 218|0x000000070da00000, 0x000000070da00000, 0x000000070db00000|  0%| F|  |TAMS 0x000000070da00000, 0x000000070da00000| Untracked 
| 219|0x000000070db00000, 0x000000070db00000, 0x000000070dc00000|  0%| F|  |TAMS 0x000000070db00000, 0x000000070db00000| Untracked 
| 220|0x000000070dc00000, 0x000000070dc00000, 0x000000070dd00000|  0%| F|  |TAMS 0x000000070dc00000, 0x000000070dc00000| Untracked 
| 221|0x000000070dd00000, 0x000000070dd00000, 0x000000070de00000|  0%| F|  |TAMS 0x000000070dd00000, 0x000000070dd00000| Untracked 
| 222|0x000000070de00000, 0x000000070de00000, 0x000000070df00000|  0%| F|  |TAMS 0x000000070de00000, 0x000000070de00000| Untracked 
| 223|0x000000070df00000, 0x000000070df00000, 0x000000070e000000|  0%| F|  |TAMS 0x000000070df00000, 0x000000070df00000| Untracked 
| 224|0x000000070e000000, 0x000000070e000000, 0x000000070e100000|  0%| F|  |TAMS 0x000000070e000000, 0x000000070e000000| Untracked 
| 225|0x000000070e100000, 0x000000070e100000, 0x000000070e200000|  0%| F|  |TAMS 0x000000070e100000, 0x000000070e100000| Untracked 
| 226|0x000000070e200000, 0x000000070e200000, 0x000000070e300000|  0%| F|  |TAMS 0x000000070e200000, 0x000000070e200000| Untracked 
| 227|0x000000070e300000, 0x000000070e300000, 0x000000070e400000|  0%| F|  |TAMS 0x000000070e300000, 0x000000070e300000| Untracked 
| 228|0x000000070e400000, 0x000000070e400000, 0x000000070e500000|  0%| F|  |TAMS 0x000000070e400000, 0x000000070e400000| Untracked 
| 229|0x000000070e500000, 0x000000070e500000, 0x000000070e600000|  0%| F|  |TAMS 0x000000070e500000, 0x000000070e500000| Untracked 
| 230|0x000000070e600000, 0x000000070e600000, 0x000000070e700000|  0%| F|  |TAMS 0x000000070e600000, 0x000000070e600000| Untracked 
| 231|0x000000070e700000, 0x000000070e700000, 0x000000070e800000|  0%| F|  |TAMS 0x000000070e700000, 0x000000070e700000| Untracked 
| 232|0x000000070e800000, 0x000000070e800000, 0x000000070e900000|  0%| F|  |TAMS 0x000000070e800000, 0x000000070e800000| Untracked 
| 233|0x000000070e900000, 0x000000070e900000, 0x000000070ea00000|  0%| F|  |TAMS 0x000000070e900000, 0x000000070e900000| Untracked 
| 234|0x000000070ea00000, 0x000000070ea00000, 0x000000070eb00000|  0%| F|  |TAMS 0x000000070ea00000, 0x000000070ea00000| Untracked 
| 235|0x000000070eb00000, 0x000000070eb00000, 0x000000070ec00000|  0%| F|  |TAMS 0x000000070eb00000, 0x000000070eb00000| Untracked 
| 236|0x000000070ec00000, 0x000000070ec00000, 0x000000070ed00000|  0%| F|  |TAMS 0x000000070ec00000, 0x000000070ec00000| Untracked 
| 237|0x000000070ed00000, 0x000000070ed00000, 0x000000070ee00000|  0%| F|  |TAMS 0x000000070ed00000, 0x000000070ed00000| Untracked 
| 238|0x000000070ee00000, 0x000000070ee00000, 0x000000070ef00000|  0%| F|  |TAMS 0x000000070ee00000, 0x000000070ee00000| Untracked 
| 239|0x000000070ef00000, 0x000000070ef00000, 0x000000070f000000|  0%| F|  |TAMS 0x000000070ef00000, 0x000000070ef00000| Untracked 
| 240|0x000000070f000000, 0x000000070f000000, 0x000000070f100000|  0%| F|  |TAMS 0x000000070f000000, 0x000000070f000000| Untracked 
| 241|0x000000070f100000, 0x000000070f100000, 0x000000070f200000|  0%| F|  |TAMS 0x000000070f100000, 0x000000070f100000| Untracked 
| 242|0x000000070f200000, 0x000000070f200000, 0x000000070f300000|  0%| F|  |TAMS 0x000000070f200000, 0x000000070f200000| Untracked 
| 243|0x000000070f300000, 0x000000070f300000, 0x000000070f400000|  0%| F|  |TAMS 0x000000070f300000, 0x000000070f300000| Untracked 
| 244|0x000000070f400000, 0x000000070f400000, 0x000000070f500000|  0%| F|  |TAMS 0x000000070f400000, 0x000000070f400000| Untracked 
| 245|0x000000070f500000, 0x000000070f500000, 0x000000070f600000|  0%| F|  |TAMS 0x000000070f500000, 0x000000070f500000| Untracked 
| 246|0x000000070f600000, 0x000000070f600000, 0x000000070f700000|  0%| F|  |TAMS 0x000000070f600000, 0x000000070f600000| Untracked 
| 247|0x000000070f700000, 0x000000070f700000, 0x000000070f800000|  0%| F|  |TAMS 0x000000070f700000, 0x000000070f700000| Untracked 
| 248|0x000000070f800000, 0x000000070f800000, 0x000000070f900000|  0%| F|  |TAMS 0x000000070f800000, 0x000000070f800000| Untracked 
| 249|0x000000070f900000, 0x000000070f900000, 0x000000070fa00000|  0%| F|  |TAMS 0x000000070f900000, 0x000000070f900000| Untracked 
| 250|0x000000070fa00000, 0x000000070fa00000, 0x000000070fb00000|  0%| F|  |TAMS 0x000000070fa00000, 0x000000070fa00000| Untracked 
| 251|0x000000070fb00000, 0x000000070fb00000, 0x000000070fc00000|  0%| F|  |TAMS 0x000000070fb00000, 0x000000070fb00000| Untracked 
| 252|0x000000070fc00000, 0x000000070fc00000, 0x000000070fd00000|  0%| F|  |TAMS 0x000000070fc00000, 0x000000070fc00000| Untracked 
| 253|0x000000070fd00000, 0x000000070fd00000, 0x000000070fe00000|  0%| F|  |TAMS 0x000000070fd00000, 0x000000070fd00000| Untracked 
| 254|0x000000070fe00000, 0x000000070fe00000, 0x000000070ff00000|  0%| F|  |TAMS 0x000000070fe00000, 0x000000070fe00000| Untracked 
| 255|0x000000070ff00000, 0x000000070ff00000, 0x0000000710000000|  0%| F|  |TAMS 0x000000070ff00000, 0x000000070ff00000| Untracked 
| 256|0x0000000710000000, 0x0000000710000000, 0x0000000710100000|  0%| F|  |TAMS 0x0000000710000000, 0x0000000710000000| Untracked 
| 257|0x0000000710100000, 0x0000000710100000, 0x0000000710200000|  0%| F|  |TAMS 0x0000000710100000, 0x0000000710100000| Untracked 
| 258|0x0000000710200000, 0x0000000710200000, 0x0000000710300000|  0%| F|  |TAMS 0x0000000710200000, 0x0000000710200000| Untracked 
| 259|0x0000000710300000, 0x0000000710300000, 0x0000000710400000|  0%| F|  |TAMS 0x0000000710300000, 0x0000000710300000| Untracked 
| 260|0x0000000710400000, 0x0000000710400000, 0x0000000710500000|  0%| F|  |TAMS 0x0000000710400000, 0x0000000710400000| Untracked 
| 261|0x0000000710500000, 0x0000000710500000, 0x0000000710600000|  0%| F|  |TAMS 0x0000000710500000, 0x0000000710500000| Untracked 
| 262|0x0000000710600000, 0x0000000710600000, 0x0000000710700000|  0%| F|  |TAMS 0x0000000710600000, 0x0000000710600000| Untracked 
| 263|0x0000000710700000, 0x0000000710700000, 0x0000000710800000|  0%| F|  |TAMS 0x0000000710700000, 0x0000000710700000| Untracked 
| 264|0x0000000710800000, 0x0000000710800000, 0x0000000710900000|  0%| F|  |TAMS 0x0000000710800000, 0x0000000710800000| Untracked 
| 265|0x0000000710900000, 0x0000000710900000, 0x0000000710a00000|  0%| F|  |TAMS 0x0000000710900000, 0x0000000710900000| Untracked 
| 266|0x0000000710a00000, 0x0000000710a00000, 0x0000000710b00000|  0%| F|  |TAMS 0x0000000710a00000, 0x0000000710a00000| Untracked 
| 267|0x0000000710b00000, 0x0000000710b00000, 0x0000000710c00000|  0%| F|  |TAMS 0x0000000710b00000, 0x0000000710b00000| Untracked 
| 268|0x0000000710c00000, 0x0000000710c00000, 0x0000000710d00000|  0%| F|  |TAMS 0x0000000710c00000, 0x0000000710c00000| Untracked 
| 269|0x0000000710d00000, 0x0000000710d00000, 0x0000000710e00000|  0%| F|  |TAMS 0x0000000710d00000, 0x0000000710d00000| Untracked 
| 270|0x0000000710e00000, 0x0000000710e00000, 0x0000000710f00000|  0%| F|  |TAMS 0x0000000710e00000, 0x0000000710e00000| Untracked 
| 271|0x0000000710f00000, 0x0000000710f00000, 0x0000000711000000|  0%| F|  |TAMS 0x0000000710f00000, 0x0000000710f00000| Untracked 
| 272|0x0000000711000000, 0x0000000711000000, 0x0000000711100000|  0%| F|  |TAMS 0x0000000711000000, 0x0000000711000000| Untracked 
| 273|0x0000000711100000, 0x0000000711100000, 0x0000000711200000|  0%| F|  |TAMS 0x0000000711100000, 0x0000000711100000| Untracked 
| 274|0x0000000711200000, 0x0000000711200000, 0x0000000711300000|  0%| F|  |TAMS 0x0000000711200000, 0x0000000711200000| Untracked 
| 275|0x0000000711300000, 0x0000000711300000, 0x0000000711400000|  0%| F|  |TAMS 0x0000000711300000, 0x0000000711300000| Untracked 
| 276|0x0000000711400000, 0x0000000711400000, 0x0000000711500000|  0%| F|  |TAMS 0x0000000711400000, 0x0000000711400000| Untracked 
| 277|0x0000000711500000, 0x0000000711500000, 0x0000000711600000|  0%| F|  |TAMS 0x0000000711500000, 0x0000000711500000| Untracked 
| 278|0x0000000711600000, 0x0000000711600000, 0x0000000711700000|  0%| F|  |TAMS 0x0000000711600000, 0x0000000711600000| Untracked 
| 279|0x0000000711700000, 0x0000000711700000, 0x0000000711800000|  0%| F|  |TAMS 0x0000000711700000, 0x0000000711700000| Untracked 
| 280|0x0000000711800000, 0x0000000711800000, 0x0000000711900000|  0%| F|  |TAMS 0x0000000711800000, 0x0000000711800000| Untracked 
| 281|0x0000000711900000, 0x0000000711900000, 0x0000000711a00000|  0%| F|  |TAMS 0x0000000711900000, 0x0000000711900000| Untracked 
| 282|0x0000000711a00000, 0x0000000711a00000, 0x0000000711b00000|  0%| F|  |TAMS 0x0000000711a00000, 0x0000000711a00000| Untracked 
| 283|0x0000000711b00000, 0x0000000711b00000, 0x0000000711c00000|  0%| F|  |TAMS 0x0000000711b00000, 0x0000000711b00000| Untracked 
| 284|0x0000000711c00000, 0x0000000711c00000, 0x0000000711d00000|  0%| F|  |TAMS 0x0000000711c00000, 0x0000000711c00000| Untracked 
| 285|0x0000000711d00000, 0x0000000711d00000, 0x0000000711e00000|  0%| F|  |TAMS 0x0000000711d00000, 0x0000000711d00000| Untracked 
| 286|0x0000000711e00000, 0x0000000711e00000, 0x0000000711f00000|  0%| F|  |TAMS 0x0000000711e00000, 0x0000000711e00000| Untracked 
| 287|0x0000000711f00000, 0x0000000711f00000, 0x0000000712000000|  0%| F|  |TAMS 0x0000000711f00000, 0x0000000711f00000| Untracked 
| 288|0x0000000712000000, 0x0000000712000000, 0x0000000712100000|  0%| F|  |TAMS 0x0000000712000000, 0x0000000712000000| Untracked 
| 289|0x0000000712100000, 0x0000000712100000, 0x0000000712200000|  0%| F|  |TAMS 0x0000000712100000, 0x0000000712100000| Untracked 
| 290|0x0000000712200000, 0x0000000712200000, 0x0000000712300000|  0%| F|  |TAMS 0x0000000712200000, 0x0000000712200000| Untracked 
| 291|0x0000000712300000, 0x0000000712300000, 0x0000000712400000|  0%| F|  |TAMS 0x0000000712300000, 0x0000000712300000| Untracked 
| 292|0x0000000712400000, 0x0000000712400000, 0x0000000712500000|  0%| F|  |TAMS 0x0000000712400000, 0x0000000712400000| Untracked 
| 293|0x0000000712500000, 0x0000000712500000, 0x0000000712600000|  0%| F|  |TAMS 0x0000000712500000, 0x0000000712500000| Untracked 
| 294|0x0000000712600000, 0x0000000712600000, 0x0000000712700000|  0%| F|  |TAMS 0x0000000712600000, 0x0000000712600000| Untracked 
| 295|0x0000000712700000, 0x0000000712700000, 0x0000000712800000|  0%| F|  |TAMS 0x0000000712700000, 0x0000000712700000| Untracked 
| 296|0x0000000712800000, 0x0000000712800000, 0x0000000712900000|  0%| F|  |TAMS 0x0000000712800000, 0x0000000712800000| Untracked 
| 297|0x0000000712900000, 0x0000000712900000, 0x0000000712a00000|  0%| F|  |TAMS 0x0000000712900000, 0x0000000712900000| Untracked 
| 298|0x0000000712a00000, 0x0000000712a00000, 0x0000000712b00000|  0%| F|  |TAMS 0x0000000712a00000, 0x0000000712a00000| Untracked 
| 299|0x0000000712b00000, 0x0000000712b00000, 0x0000000712c00000|  0%| F|  |TAMS 0x0000000712b00000, 0x0000000712b00000| Untracked 
| 300|0x0000000712c00000, 0x0000000712c00000, 0x0000000712d00000|  0%| F|  |TAMS 0x0000000712c00000, 0x0000000712c00000| Untracked 
| 301|0x0000000712d00000, 0x0000000712d00000, 0x0000000712e00000|  0%| F|  |TAMS 0x0000000712d00000, 0x0000000712d00000| Untracked 
| 302|0x0000000712e00000, 0x0000000712e00000, 0x0000000712f00000|  0%| F|  |TAMS 0x0000000712e00000, 0x0000000712e00000| Untracked 
| 303|0x0000000712f00000, 0x0000000712f00000, 0x0000000713000000|  0%| F|  |TAMS 0x0000000712f00000, 0x0000000712f00000| Untracked 
| 304|0x0000000713000000, 0x0000000713000000, 0x0000000713100000|  0%| F|  |TAMS 0x0000000713000000, 0x0000000713000000| Untracked 
| 305|0x0000000713100000, 0x0000000713100000, 0x0000000713200000|  0%| F|  |TAMS 0x0000000713100000, 0x0000000713100000| Untracked 
| 306|0x0000000713200000, 0x0000000713200000, 0x0000000713300000|  0%| F|  |TAMS 0x0000000713200000, 0x0000000713200000| Untracked 
| 307|0x0000000713300000, 0x0000000713300000, 0x0000000713400000|  0%| F|  |TAMS 0x0000000713300000, 0x0000000713300000| Untracked 
| 308|0x0000000713400000, 0x0000000713400000, 0x0000000713500000|  0%| F|  |TAMS 0x0000000713400000, 0x0000000713400000| Untracked 
| 309|0x0000000713500000, 0x0000000713500000, 0x0000000713600000|  0%| F|  |TAMS 0x0000000713500000, 0x0000000713500000| Untracked 
| 310|0x0000000713600000, 0x0000000713600000, 0x0000000713700000|  0%| F|  |TAMS 0x0000000713600000, 0x0000000713600000| Untracked 
| 311|0x0000000713700000, 0x0000000713700000, 0x0000000713800000|  0%| F|  |TAMS 0x0000000713700000, 0x0000000713700000| Untracked 
| 312|0x0000000713800000, 0x0000000713800000, 0x0000000713900000|  0%| F|  |TAMS 0x0000000713800000, 0x0000000713800000| Untracked 
| 313|0x0000000713900000, 0x0000000713900000, 0x0000000713a00000|  0%| F|  |TAMS 0x0000000713900000, 0x0000000713900000| Untracked 
| 314|0x0000000713a00000, 0x0000000713a00000, 0x0000000713b00000|  0%| F|  |TAMS 0x0000000713a00000, 0x0000000713a00000| Untracked 
| 315|0x0000000713b00000, 0x0000000713b00000, 0x0000000713c00000|  0%| F|  |TAMS 0x0000000713b00000, 0x0000000713b00000| Untracked 
| 316|0x0000000713c00000, 0x0000000713c00000, 0x0000000713d00000|  0%| F|  |TAMS 0x0000000713c00000, 0x0000000713c00000| Untracked 
| 317|0x0000000713d00000, 0x0000000713d00000, 0x0000000713e00000|  0%| F|  |TAMS 0x0000000713d00000, 0x0000000713d00000| Untracked 
| 318|0x0000000713e00000, 0x0000000713e00000, 0x0000000713f00000|  0%| F|  |TAMS 0x0000000713e00000, 0x0000000713e00000| Untracked 
| 319|0x0000000713f00000, 0x0000000713f00000, 0x0000000714000000|  0%| F|  |TAMS 0x0000000713f00000, 0x0000000713f00000| Untracked 
| 320|0x0000000714000000, 0x0000000714000000, 0x0000000714100000|  0%| F|  |TAMS 0x0000000714000000, 0x0000000714000000| Untracked 
| 321|0x0000000714100000, 0x0000000714100000, 0x0000000714200000|  0%| F|  |TAMS 0x0000000714100000, 0x0000000714100000| Untracked 
| 322|0x0000000714200000, 0x0000000714200000, 0x0000000714300000|  0%| F|  |TAMS 0x0000000714200000, 0x0000000714200000| Untracked 
| 323|0x0000000714300000, 0x0000000714300000, 0x0000000714400000|  0%| F|  |TAMS 0x0000000714300000, 0x0000000714300000| Untracked 
| 324|0x0000000714400000, 0x0000000714400000, 0x0000000714500000|  0%| F|  |TAMS 0x0000000714400000, 0x0000000714400000| Untracked 
| 325|0x0000000714500000, 0x0000000714500000, 0x0000000714600000|  0%| F|  |TAMS 0x0000000714500000, 0x0000000714500000| Untracked 
| 326|0x0000000714600000, 0x0000000714600000, 0x0000000714700000|  0%| F|  |TAMS 0x0000000714600000, 0x0000000714600000| Untracked 
| 327|0x0000000714700000, 0x0000000714700000, 0x0000000714800000|  0%| F|  |TAMS 0x0000000714700000, 0x0000000714700000| Untracked 
| 328|0x0000000714800000, 0x0000000714800000, 0x0000000714900000|  0%| F|  |TAMS 0x0000000714800000, 0x0000000714800000| Untracked 
| 329|0x0000000714900000, 0x0000000714900000, 0x0000000714a00000|  0%| F|  |TAMS 0x0000000714900000, 0x0000000714900000| Untracked 
| 330|0x0000000714a00000, 0x0000000714a00000, 0x0000000714b00000|  0%| F|  |TAMS 0x0000000714a00000, 0x0000000714a00000| Untracked 
| 331|0x0000000714b00000, 0x0000000714b00000, 0x0000000714c00000|  0%| F|  |TAMS 0x0000000714b00000, 0x0000000714b00000| Untracked 
| 332|0x0000000714c00000, 0x0000000714c00000, 0x0000000714d00000|  0%| F|  |TAMS 0x0000000714c00000, 0x0000000714c00000| Untracked 
| 333|0x0000000714d00000, 0x0000000714d00000, 0x0000000714e00000|  0%| F|  |TAMS 0x0000000714d00000, 0x0000000714d00000| Untracked 
| 334|0x0000000714e00000, 0x0000000714e00000, 0x0000000714f00000|  0%| F|  |TAMS 0x0000000714e00000, 0x0000000714e00000| Untracked 
| 335|0x0000000714f00000, 0x0000000714f00000, 0x0000000715000000|  0%| F|  |TAMS 0x0000000714f00000, 0x0000000714f00000| Untracked 
| 336|0x0000000715000000, 0x0000000715000000, 0x0000000715100000|  0%| F|  |TAMS 0x0000000715000000, 0x0000000715000000| Untracked 
| 337|0x0000000715100000, 0x0000000715100000, 0x0000000715200000|  0%| F|  |TAMS 0x0000000715100000, 0x0000000715100000| Untracked 
| 338|0x0000000715200000, 0x0000000715200000, 0x0000000715300000|  0%| F|  |TAMS 0x0000000715200000, 0x0000000715200000| Untracked 
| 339|0x0000000715300000, 0x0000000715300000, 0x0000000715400000|  0%| F|  |TAMS 0x0000000715300000, 0x0000000715300000| Untracked 
| 340|0x0000000715400000, 0x0000000715400000, 0x0000000715500000|  0%| F|  |TAMS 0x0000000715400000, 0x0000000715400000| Untracked 
| 341|0x0000000715500000, 0x0000000715500000, 0x0000000715600000|  0%| F|  |TAMS 0x0000000715500000, 0x0000000715500000| Untracked 
| 342|0x0000000715600000, 0x0000000715600000, 0x0000000715700000|  0%| F|  |TAMS 0x0000000715600000, 0x0000000715600000| Untracked 
| 343|0x0000000715700000, 0x0000000715700000, 0x0000000715800000|  0%| F|  |TAMS 0x0000000715700000, 0x0000000715700000| Untracked 
| 344|0x0000000715800000, 0x0000000715800000, 0x0000000715900000|  0%| F|  |TAMS 0x0000000715800000, 0x0000000715800000| Untracked 
| 345|0x0000000715900000, 0x0000000715900000, 0x0000000715a00000|  0%| F|  |TAMS 0x0000000715900000, 0x0000000715900000| Untracked 
| 346|0x0000000715a00000, 0x0000000715a00000, 0x0000000715b00000|  0%| F|  |TAMS 0x0000000715a00000, 0x0000000715a00000| Untracked 
| 347|0x0000000715b00000, 0x0000000715b00000, 0x0000000715c00000|  0%| F|  |TAMS 0x0000000715b00000, 0x0000000715b00000| Untracked 
| 348|0x0000000715c00000, 0x0000000715c00000, 0x0000000715d00000|  0%| F|  |TAMS 0x0000000715c00000, 0x0000000715c00000| Untracked 
| 349|0x0000000715d00000, 0x0000000715d00000, 0x0000000715e00000|  0%| F|  |TAMS 0x0000000715d00000, 0x0000000715d00000| Untracked 
| 350|0x0000000715e00000, 0x0000000715e00000, 0x0000000715f00000|  0%| F|  |TAMS 0x0000000715e00000, 0x0000000715e00000| Untracked 
| 351|0x0000000715f00000, 0x0000000715f00000, 0x0000000716000000|  0%| F|  |TAMS 0x0000000715f00000, 0x0000000715f00000| Untracked 
| 352|0x0000000716000000, 0x0000000716000000, 0x0000000716100000|  0%| F|  |TAMS 0x0000000716000000, 0x0000000716000000| Untracked 
| 353|0x0000000716100000, 0x0000000716100000, 0x0000000716200000|  0%| F|  |TAMS 0x0000000716100000, 0x0000000716100000| Untracked 
| 354|0x0000000716200000, 0x0000000716200000, 0x0000000716300000|  0%| F|  |TAMS 0x0000000716200000, 0x0000000716200000| Untracked 
| 355|0x0000000716300000, 0x0000000716300000, 0x0000000716400000|  0%| F|  |TAMS 0x0000000716300000, 0x0000000716300000| Untracked 
| 356|0x0000000716400000, 0x0000000716400000, 0x0000000716500000|  0%| F|  |TAMS 0x0000000716400000, 0x0000000716400000| Untracked 
| 357|0x0000000716500000, 0x0000000716500000, 0x0000000716600000|  0%| F|  |TAMS 0x0000000716500000, 0x0000000716500000| Untracked 
| 358|0x0000000716600000, 0x0000000716600000, 0x0000000716700000|  0%| F|  |TAMS 0x0000000716600000, 0x0000000716600000| Untracked 
| 359|0x0000000716700000, 0x0000000716700000, 0x0000000716800000|  0%| F|  |TAMS 0x0000000716700000, 0x0000000716700000| Untracked 
| 360|0x0000000716800000, 0x0000000716900000, 0x0000000716900000|100%| E|  |TAMS 0x0000000716800000, 0x0000000716800000| Complete 
| 361|0x0000000716900000, 0x0000000716a00000, 0x0000000716a00000|100%| E|CS|TAMS 0x0000000716900000, 0x0000000716900000| Complete 
| 362|0x0000000716a00000, 0x0000000716b00000, 0x0000000716b00000|100%| E|CS|TAMS 0x0000000716a00000, 0x0000000716a00000| Complete 
| 363|0x0000000716b00000, 0x0000000716c00000, 0x0000000716c00000|100%| E|CS|TAMS 0x0000000716b00000, 0x0000000716b00000| Complete 
| 364|0x0000000716c00000, 0x0000000716d00000, 0x0000000716d00000|100%| E|CS|TAMS 0x0000000716c00000, 0x0000000716c00000| Complete 
| 365|0x0000000716d00000, 0x0000000716e00000, 0x0000000716e00000|100%| E|CS|TAMS 0x0000000716d00000, 0x0000000716d00000| Complete 
| 366|0x0000000716e00000, 0x0000000716f00000, 0x0000000716f00000|100%| E|CS|TAMS 0x0000000716e00000, 0x0000000716e00000| Complete 
| 367|0x0000000716f00000, 0x0000000717000000, 0x0000000717000000|100%| E|CS|TAMS 0x0000000716f00000, 0x0000000716f00000| Complete 
| 368|0x0000000717000000, 0x0000000717100000, 0x0000000717100000|100%| E|CS|TAMS 0x0000000717000000, 0x0000000717000000| Complete 
| 369|0x0000000717100000, 0x0000000717200000, 0x0000000717200000|100%| E|CS|TAMS 0x0000000717100000, 0x0000000717100000| Complete 

Card table byte_map: [0x00000256c9370000,0x00000256c9b70000] _byte_map_base: 0x00000256c5b70000

Marking Bits (Prev, Next): (CMBitMap*) 0x00000256b585fd88, (CMBitMap*) 0x00000256b585fdc0
 Prev Bits: [0x00000256ca370000, 0x00000256ce370000)
 Next Bits: [0x00000256ce370000, 0x00000256d2370000)

Polling page: 0x00000256b58e0000

Metaspace:

Usage:
  Non-class:     87.61 MB capacity,    85.72 MB ( 98%) used,     1.66 MB (  2%) free+waste,   240.38 KB ( <1%) overhead. 
      Class:     12.89 MB capacity,    11.98 MB ( 93%) used,   830.64 KB (  6%) free+waste,   108.31 KB ( <1%) overhead. 
       Both:    100.51 MB capacity,    97.70 MB ( 97%) used,     2.47 MB (  2%) free+waste,   348.69 KB ( <1%) overhead. 

Virtual space:
  Non-class space:       88.00 MB reserved,      87.70 MB (>99%) committed 
      Class space:        1.00 GB reserved,      12.99 MB (  1%) committed 
             Both:        1.09 GB reserved,     100.69 MB (  9%) committed 

Chunk freelists:
   Non-Class:  21.00 KB
       Class:  0 bytes
        Both:  21.00 KB

MaxMetaspaceSize: 17179869184.00 GB
CompressedClassSpaceSize: 1.00 GB

CodeHeap 'non-profiled nmethods': size=120064Kb used=10526Kb max_used=10526Kb free=109537Kb
 bounds [0x00000256c0de0000, 0x00000256c1830000, 0x00000256c8320000]
CodeHeap 'profiled nmethods': size=120000Kb used=33978Kb max_used=33978Kb free=86021Kb
 bounds [0x00000256b98b0000, 0x00000256bb9e0000, 0x00000256c0de0000]
CodeHeap 'non-nmethods': size=5696Kb used=2314Kb max_used=2376Kb free=3381Kb
 bounds [0x00000256b9320000, 0x00000256b9590000, 0x00000256b98b0000]
 total_blobs=15496 nmethods=14575 adapters=832
 compilation: enabled
              stopped_count=0, restarted_count=0
 full_count=0

Compilation events (20 events):
Event: 574.570 Thread 0x00000256d55d4000 14721       2       org.gradle.api.internal.file.collections.DefaultFileCollectionResolveContext::resolveAsFileTrees (9 bytes)
Event: 574.570 Thread 0x00000256d55d4000 nmethod 14721 0x00000256bb9dae90 code [0x00000256bb9db040, 0x00000256bb9db168]
Event: 574.570 Thread 0x00000256d55d4000 14720       2       org.gradle.api.internal.OverlappingOutputs::getFingerprintAfterPreviousExecution (23 bytes)
Event: 574.570 Thread 0x00000256d55d4000 nmethod 14720 0x00000256bb9db210 code [0x00000256bb9db3e0, 0x00000256bb9db5b8]
Event: 574.582 Thread 0x00000256d55d4000 14722       2       org.gradle.api.internal.tasks.properties.bean.NestedRuntimeBeanNode::getImplementationClass (81 bytes)
Event: 574.583 Thread 0x00000256d55d4000 nmethod 14722 0x00000256bb9db710 code [0x00000256bb9db980, 0x00000256bb9dc228]
Event: 574.588 Thread 0x00000256d55d4000 14724       2       java.util.LinkedList::push (6 bytes)
Event: 574.588 Thread 0x00000256d55d4000 nmethod 14724 0x00000256bb9dc710 code [0x00000256bb9dc8c0, 0x00000256bb9dc9c8]
Event: 574.589 Thread 0x00000256d55d4000 14725   !   2       com.google.common.collect.Synchronized$SynchronizedCollection::toArray (24 bytes)
Event: 574.590 Thread 0x00000256d55d4000 nmethod 14725 0x00000256bb9dca90 code [0x00000256bb9dcc60, 0x00000256bb9dcf78]
Event: 574.590 Thread 0x00000256d55d4000 14726       2       com.google.common.collect.Synchronized$SynchronizedList::delegate (5 bytes)
Event: 574.590 Thread 0x00000256d55d4000 nmethod 14726 0x00000256bb9dd110 code [0x00000256bb9dd2c0, 0x00000256bb9dd478]
Event: 574.590 Thread 0x00000256d55d4000 14727       2       com.google.common.collect.Synchronized$SynchronizedList::delegate (8 bytes)
Event: 574.590 Thread 0x00000256d55d4000 nmethod 14727 0x00000256bb9dd590 code [0x00000256bb9dd740, 0x00000256bb9dd8f8]
Event: 574.590 Thread 0x00000256d55d4000 14728       2       com.google.common.collect.Synchronized$SynchronizedCollection::delegate (8 bytes)
Event: 574.590 Thread 0x00000256d55d4000 nmethod 14728 0x00000256bb9dda10 code [0x00000256bb9ddbc0, 0x00000256bb9ddd18]
Event: 574.596 Thread 0x00000256d55d4000 14730       2       com.google.common.cache.LocalCache$Segment::removeEntryFromChain (73 bytes)
Event: 574.596 Thread 0x00000256d55d4000 nmethod 14730 0x00000256bb9dde10 code [0x00000256bb9de000, 0x00000256bb9de278]
Event: 574.596 Thread 0x00000256d55d4000 14729       2       com.google.common.cache.LocalCache$Segment::removeValueFromChain (67 bytes)
Event: 574.596 Thread 0x00000256d55d4000 nmethod 14729 0x00000256bb9de410 code [0x00000256bb9de620, 0x00000256bb9de8c8]

GC Heap History (20 events):
Event: 4.753 GC heap before
{Heap before GC invocations=7 (full 0):
 garbage-first heap   total 315392K, used 144544K [0x0000000700000000, 0x0000000800000000)
  region size 1024K, 123 young (125952K), 13 survivors (13312K)
 Metaspace       used 54128K, capacity 55424K, committed 55680K, reserved 1097728K
  class space    used 6876K, capacity 7294K, committed 7296K, reserved 1048576K
}
Event: 4.767 GC heap after
{Heap after GC invocations=8 (full 0):
 garbage-first heap   total 315392K, used 40398K [0x0000000700000000, 0x0000000800000000)
  region size 1024K, 16 young (16384K), 16 survivors (16384K)
 Metaspace       used 54128K, capacity 55424K, committed 55680K, reserved 1097728K
  class space    used 6876K, capacity 7294K, committed 7296K, reserved 1048576K
}
Event: 5.436 GC heap before
{Heap before GC invocations=8 (full 0):
 garbage-first heap   total 315392K, used 88526K [0x0000000700000000, 0x0000000800000000)
  region size 1024K, 64 young (65536K), 16 survivors (16384K)
 Metaspace       used 58459K, capacity 59829K, committed 59904K, reserved 1101824K
  class space    used 7462K, capacity 7917K, committed 7936K, reserved 1048576K
}
Event: 5.461 GC heap after
{Heap after GC invocations=9 (full 0):
 garbage-first heap   total 315392K, used 44471K [0x0000000700000000, 0x0000000800000000)
  region size 1024K, 12 young (12288K), 12 survivors (12288K)
 Metaspace       used 58459K, capacity 59829K, committed 59904K, reserved 1101824K
  class space    used 7462K, capacity 7917K, committed 7936K, reserved 1048576K
}
Event: 7.415 GC heap before
{Heap before GC invocations=10 (full 0):
 garbage-first heap   total 315392K, used 168375K [0x0000000700000000, 0x0000000800000000)
  region size 1024K, 133 young (136192K), 12 survivors (12288K)
 Metaspace       used 68065K, capacity 69792K, committed 69880K, reserved 1110016K
  class space    used 8826K, capacity 9403K, committed 9464K, reserved 1048576K
}
Event: 7.427 GC heap after
{Heap after GC invocations=11 (full 0):
 garbage-first heap   total 315392K, used 56941K [0x0000000700000000, 0x0000000800000000)
  region size 1024K, 16 young (16384K), 16 survivors (16384K)
 Metaspace       used 68065K, capacity 69792K, committed 69880K, reserved 1110016K
  class space    used 8826K, capacity 9403K, committed 9464K, reserved 1048576K
}
Event: 8.948 GC heap before
{Heap before GC invocations=11 (full 0):
 garbage-first heap   total 315392K, used 188013K [0x0000000700000000, 0x0000000800000000)
  region size 1024K, 144 young (147456K), 16 survivors (16384K)
 Metaspace       used 70748K, capacity 72580K, committed 72824K, reserved 1112064K
  class space    used 9098K, capacity 9747K, committed 9848K, reserved 1048576K
}
Event: 8.961 GC heap after
{Heap after GC invocations=12 (full 0):
 garbage-first heap   total 315392K, used 68512K [0x0000000700000000, 0x0000000800000000)
  region size 1024K, 12 young (12288K), 12 survivors (12288K)
 Metaspace       used 70748K, capacity 72580K, committed 72824K, reserved 1112064K
  class space    used 9098K, capacity 9747K, committed 9848K, reserved 1048576K
}
Event: 21.526 GC heap before
{Heap before GC invocations=12 (full 0):
 garbage-first heap   total 315392K, used 209824K [0x0000000700000000, 0x0000000800000000)
  region size 1024K, 151 young (154624K), 12 survivors (12288K)
 Metaspace       used 77394K, capacity 79546K, committed 79864K, reserved 1118208K
  class space    used 9709K, capacity 10423K, committed 10488K, reserved 1048576K
}
Event: 21.537 GC heap after
{Heap after GC invocations=13 (full 0):
 garbage-first heap   total 378880K, used 74525K [0x0000000700000000, 0x0000000800000000)
  region size 1024K, 10 young (10240K), 10 survivors (10240K)
 Metaspace       used 77394K, capacity 79546K, committed 79864K, reserved 1118208K
  class space    used 9709K, capacity 10423K, committed 10488K, reserved 1048576K
}
Event: 127.877 GC heap before
{Heap before GC invocations=13 (full 0):
 garbage-first heap   total 378880K, used 273181K [0x0000000700000000, 0x0000000800000000)
  region size 1024K, 205 young (209920K), 10 survivors (10240K)
 Metaspace       used 78129K, capacity 80354K, committed 80632K, reserved 1120256K
  class space    used 9731K, capacity 10458K, committed 10488K, reserved 1048576K
}
Event: 127.886 GC heap after
{Heap after GC invocations=14 (full 0):
 garbage-first heap   total 378880K, used 77138K [0x0000000700000000, 0x0000000800000000)
  region size 1024K, 12 young (12288K), 12 survivors (12288K)
 Metaspace       used 78129K, capacity 80354K, committed 80632K, reserved 1120256K
  class space    used 9731K, capacity 10458K, committed 10488K, reserved 1048576K
}
Event: 319.672 GC heap before
{Heap before GC invocations=14 (full 0):
 garbage-first heap   total 378880K, used 280914K [0x0000000700000000, 0x0000000800000000)
  region size 1024K, 212 young (217088K), 12 survivors (12288K)
 Metaspace       used 86663K, capacity 89081K, committed 89336K, reserved 1126400K
  class space    used 10624K, capacity 11414K, committed 11512K, reserved 1048576K
}
Event: 319.681 GC heap after
{Heap after GC invocations=15 (full 0):
 garbage-first heap   total 378880K, used 80647K [0x0000000700000000, 0x0000000800000000)
  region size 1024K, 16 young (16384K), 16 survivors (16384K)
 Metaspace       used 86663K, capacity 89081K, committed 89336K, reserved 1126400K
  class space    used 10624K, capacity 11414K, committed 11512K, reserved 1048576K
}
Event: 320.626 GC heap before
{Heap before GC invocations=15 (full 0):
 garbage-first heap   total 378880K, used 291591K [0x0000000700000000, 0x0000000800000000)
  region size 1024K, 222 young (227328K), 16 survivors (16384K)
 Metaspace       used 86896K, capacity 89322K, committed 89592K, reserved 1128448K
  class space    used 10641K, capacity 11425K, committed 11512K, reserved 1048576K
}
Event: 320.633 GC heap after
{Heap after GC invocations=16 (full 0):
 garbage-first heap   total 378880K, used 79599K [0x0000000700000000, 0x0000000800000000)
  region size 1024K, 9 young (9216K), 9 survivors (9216K)
 Metaspace       used 86896K, capacity 89322K, committed 89592K, reserved 1128448K
  class space    used 10641K, capacity 11425K, committed 11512K, reserved 1048576K
}
Event: 321.746 GC heap before
{Heap before GC invocations=16 (full 0):
 garbage-first heap   total 378880K, used 272111K [0x0000000700000000, 0x0000000800000000)
  region size 1024K, 197 young (201728K), 9 survivors (9216K)
 Metaspace       used 97476K, capacity 100226K, committed 100344K, reserved 1136640K
  class space    used 12011K, capacity 12941K, committed 13048K, reserved 1048576K
}
Event: 321.777 GC heap after
{Heap after GC invocations=17 (full 0):
 garbage-first heap   total 378880K, used 100617K [0x0000000700000000, 0x0000000800000000)
  region size 1024K, 28 young (28672K), 28 survivors (28672K)
 Metaspace       used 97476K, capacity 100226K, committed 100344K, reserved 1136640K
  class space    used 12011K, capacity 12941K, committed 13048K, reserved 1048576K
}
Event: 574.528 GC heap before
{Heap before GC invocations=18 (full 0):
 garbage-first heap   total 378880K, used 296201K [0x0000000700000000, 0x0000000800000000)
  region size 1024K, 216 young (221184K), 28 survivors (28672K)
 Metaspace       used 100022K, capacity 102917K, committed 103104K, reserved 1138688K
  class space    used 12264K, capacity 13203K, committed 13304K, reserved 1048576K
}
Event: 574.553 GC heap after
{Heap after GC invocations=19 (full 0):
 garbage-first heap   total 378880K, used 111620K [0x0000000700000000, 0x0000000800000000)
  region size 1024K, 11 young (11264K), 11 survivors (11264K)
 Metaspace       used 100022K, capacity 102917K, committed 103104K, reserved 1138688K
  class space    used 12264K, capacity 13203K, committed 13304K, reserved 1048576K
}

Deoptimization events (20 events):
Event: 574.179 Thread 0x00000256db47b000 DEOPT PACKING pc=0x00000256bb864afc sp=0x000000ac204fdff0
Event: 574.179 Thread 0x00000256db47b000 DEOPT UNPACKING pc=0x00000256b934705e sp=0x000000ac204fd590 mode 0
Event: 574.248 Thread 0x00000256d9d24000 Uncommon trap: trap_request=0xffffff4d fr.pc=0x00000256c1379de4 relative=0x0000000000000e64
Event: 574.248 Thread 0x00000256d9d24000 Uncommon trap: reason=unstable_if action=reinterpret pc=0x00000256c1379de4 method=java.util.concurrent.ConcurrentLinkedQueue.offer(Ljava/lang/Object;)Z @ 96 c2
Event: 574.248 Thread 0x00000256d9d24000 DEOPT PACKING pc=0x00000256c1379de4 sp=0x000000ac20afd5d0
Event: 574.248 Thread 0x00000256d9d24000 DEOPT UNPACKING pc=0x00000256b93468af sp=0x000000ac20afd428 mode 2
Event: 574.378 Thread 0x00000256d9d24000 Uncommon trap: trap_request=0xfffffff4 fr.pc=0x00000256c17ef9a8 relative=0x0000000000000488
Event: 574.378 Thread 0x00000256d9d24000 Uncommon trap: reason=null_check action=make_not_entrant pc=0x00000256c17ef9a8 method=org.gradle.tooling.internal.provider.runner.SubtreeFilteringBuildOperationListener.finished(Lorg/gradle/internal/operations/BuildOperationDescriptor;Lorg/gradle/internal
Event: 574.378 Thread 0x00000256d9d24000 DEOPT PACKING pc=0x00000256c17ef9a8 sp=0x000000ac20afe630
Event: 574.378 Thread 0x00000256d9d24000 DEOPT UNPACKING pc=0x00000256b93468af sp=0x000000ac20afe5c8 mode 2
Event: 574.420 Thread 0x00000256d9d25000 DEOPT PACKING pc=0x00000256bae64f45 sp=0x000000ac20efcab0
Event: 574.420 Thread 0x00000256d9d25000 DEOPT UNPACKING pc=0x00000256b934705e sp=0x000000ac20efbfc0 mode 0
Event: 574.453 Thread 0x00000256d9d21000 Uncommon trap: trap_request=0xffffffde fr.pc=0x00000256c1695dec relative=0x0000000000003f8c
Event: 574.453 Thread 0x00000256d9d21000 Uncommon trap: reason=class_check action=maybe_recompile pc=0x00000256c1695dec method=org.gradle.internal.fingerprint.impl.EmptyCurrentFileCollectionFingerprint.visitChangesSince(Lorg/gradle/internal/fingerprint/FileCollectionFingerprint;Ljava/lang/String
Event: 574.453 Thread 0x00000256d9d21000 DEOPT PACKING pc=0x00000256c1695dec sp=0x000000ac20ffcdc0
Event: 574.453 Thread 0x00000256d9d21000 DEOPT UNPACKING pc=0x00000256b93468af sp=0x000000ac20ffcc78 mode 2
Event: 574.490 Thread 0x00000256d9d21000 Uncommon trap: trap_request=0xffffffde fr.pc=0x00000256c1695dec relative=0x0000000000003f8c
Event: 574.490 Thread 0x00000256d9d21000 Uncommon trap: reason=class_check action=maybe_recompile pc=0x00000256c1695dec method=org.gradle.internal.fingerprint.impl.EmptyCurrentFileCollectionFingerprint.visitChangesSince(Lorg/gradle/internal/fingerprint/FileCollectionFingerprint;Ljava/lang/String
Event: 574.490 Thread 0x00000256d9d21000 DEOPT PACKING pc=0x00000256c1695dec sp=0x000000ac20ffcdc0
Event: 574.490 Thread 0x00000256d9d21000 DEOPT UNPACKING pc=0x00000256b93468af sp=0x000000ac20ffcc78 mode 2

Classes redefined (0 events):
No events

Internal exceptions (20 events):
Event: 322.458 Thread 0x00000256db476000 Exception <a 'sun/nio/fs/WindowsException'{0x0000000713d555a0}> (0x0000000713d555a0) thrown at [./src/hotspot/share/prims/jni.cpp, line 615]
Event: 322.468 Thread 0x00000256db476000 Exception <a 'sun/nio/fs/WindowsException'{0x0000000713c2fe60}> (0x0000000713c2fe60) thrown at [./src/hotspot/share/prims/jni.cpp, line 615]
Event: 322.468 Thread 0x00000256db476000 Exception <a 'sun/nio/fs/WindowsException'{0x0000000713c2ff90}> (0x0000000713c2ff90) thrown at [./src/hotspot/share/prims/jni.cpp, line 615]
Event: 322.468 Thread 0x00000256db476000 Exception <a 'sun/nio/fs/WindowsException'{0x0000000713c31eb8}> (0x0000000713c31eb8) thrown at [./src/hotspot/share/prims/jni.cpp, line 615]
Event: 322.468 Thread 0x00000256db476000 Exception <a 'sun/nio/fs/WindowsException'{0x0000000713c31ff8}> (0x0000000713c31ff8) thrown at [./src/hotspot/share/prims/jni.cpp, line 615]
Event: 322.478 Thread 0x00000256db476000 Exception <a 'java/lang/NoSuchMethodError'{0x0000000713ce4f90}: 'int java.lang.invoke.DirectMethodHandle$Holder.invokeVirtual(java.lang.Object, java.lang.Object, java.lang.Object, java.lang.Object)'> (0x0000000713ce4f90) thrown at [./src/hotspot/share/interpreter/linkResolver.cpp, line 773]
Event: 322.478 Thread 0x00000256db476000 Exception <a 'java/lang/NoSuchMethodError'{0x0000000713cf2f10}: 'java.lang.Object java.lang.invoke.DirectMethodHandle$Holder.invokeStatic(java.lang.Object, java.lang.Object, int, java.lang.Object)'> (0x0000000713cf2f10) thrown at [./src/hotspot/share/interpreter/linkResolver.cpp, line 773]
Event: 322.479 Thread 0x00000256db476000 Exception <a 'java/lang/NoSuchMethodError'{0x0000000713cf7348}: 'java.lang.Object java.lang.invoke.DirectMethodHandle$Holder.invokeSpecial(java.lang.Object, java.lang.Object, java.lang.Object, int, java.lang.Object)'> (0x0000000713cf7348) thrown at [./src/hotspot/share/interpreter/linkResolver.cpp, line 773]
Event: 322.479 Thread 0x00000256db476000 Exception <a 'java/lang/NoSuchMethodError'{0x0000000713cfb280}: 'java.lang.Object java.lang.invoke.Invokers$Holder.linkToTargetMethod(java.lang.Object, int, java.lang.Object, java.lang.Object)'> (0x0000000713cfb280) thrown at [./src/hotspot/share/interpreter/linkResolver.cpp, line 773]
Event: 322.488 Thread 0x00000256db476000 Exception <a 'sun/nio/fs/WindowsException'{0x0000000713bd08a8}> (0x0000000713bd08a8) thrown at [./src/hotspot/share/prims/jni.cpp, line 615]
Event: 322.488 Thread 0x00000256db476000 Exception <a 'sun/nio/fs/WindowsException'{0x0000000713bd0a00}> (0x0000000713bd0a00) thrown at [./src/hotspot/share/prims/jni.cpp, line 615]
Event: 322.488 Thread 0x00000256db476000 Exception <a 'sun/nio/fs/WindowsException'{0x0000000713bd3468}> (0x0000000713bd3468) thrown at [./src/hotspot/share/prims/jni.cpp, line 615]
Event: 322.488 Thread 0x00000256db476000 Exception <a 'sun/nio/fs/WindowsException'{0x0000000713bd35d0}> (0x0000000713bd35d0) thrown at [./src/hotspot/share/prims/jni.cpp, line 615]
Event: 322.517 Thread 0x00000256db476000 Exception <a 'sun/nio/fs/WindowsException'{0x0000000713822230}> (0x0000000713822230) thrown at [./src/hotspot/share/prims/jni.cpp, line 615]
Event: 322.559 Thread 0x00000256d9d2a000 Exception <a 'java/lang/NoSuchMethodError'{0x00000007136bf430}: <clinit>> (0x00000007136bf430) thrown at [./src/hotspot/share/prims/jni.cpp, line 1362]
Event: 324.629 Thread 0x00000256db476000 Exception <a 'java/lang/reflect/InvocationTargetException'{0x00000007122efc88}> (0x00000007122efc88) thrown at [./src/hotspot/share/runtime/reflection.cpp, line 1247]
Event: 324.635 Thread 0x00000256d9d21000 Exception <a 'sun/nio/fs/WindowsException'{0x0000000712dbd860}> (0x0000000712dbd860) thrown at [./src/hotspot/share/prims/jni.cpp, line 615]
Event: 324.640 Thread 0x00000256db47c800 Exception <a 'java/lang/InterruptedException'{0x0000000711c55660}> (0x0000000711c55660) thrown at [./src/hotspot/share/runtime/objectMonitor.cpp, line 1635]
Event: 574.101 Thread 0x00000256db47d800 Implicit null exception at 0x00000256c17dc5ce to 0x00000256c17dce54
Event: 574.377 Thread 0x00000256d9d24000 Implicit null exception at 0x00000256c17ef5bb to 0x00000256c17ef980

Events (20 events):
Event: 574.408 Executing VM operation: RevokeBias
Event: 574.409 Executing VM operation: RevokeBias done
Event: 574.440 Executing VM operation: RevokeBias
Event: 574.440 Executing VM operation: RevokeBias done
Event: 574.440 Executing VM operation: RevokeBias
Event: 574.440 Executing VM operation: RevokeBias done
Event: 574.442 Executing VM operation: RevokeBias
Event: 574.442 Executing VM operation: RevokeBias done
Event: 574.454 Executing VM operation: RevokeBias
Event: 574.455 Executing VM operation: RevokeBias done
Event: 574.495 Executing VM operation: RevokeBias
Event: 574.495 Executing VM operation: RevokeBias done
Event: 574.528 Executing VM operation: G1CollectForAllocation
Event: 574.553 Executing VM operation: G1CollectForAllocation done
Event: 574.560 Executing VM operation: RevokeBias
Event: 574.561 Executing VM operation: RevokeBias done
Event: 574.584 Executing VM operation: RevokeBias
Event: 574.584 Executing VM operation: RevokeBias done
Event: 574.589 Executing VM operation: RevokeBias
Event: 574.589 Executing VM operation: RevokeBias done


Dynamic libraries:
0x00007ff6fece0000 - 0x00007ff6fecea000 	C:\Program Files\Android\Android Studio\jre\bin\java.exe
0x00007ff8297b0000 - 0x00007ff8299a5000 	C:\Windows\SYSTEM32\ntdll.dll
0x00007ff828a10000 - 0x00007ff828ace000 	C:\Windows\System32\KERNEL32.DLL
0x00007ff827320000 - 0x00007ff8275e8000 	C:\Windows\System32\KERNELBASE.dll
0x00007ff827030000 - 0x00007ff827130000 	C:\Windows\System32\ucrtbase.dll
0x00007ff80aad0000 - 0x00007ff80aae7000 	C:\Program Files\Android\Android Studio\jre\bin\VCRUNTIME140.dll
0x00007ff80a820000 - 0x00007ff80a839000 	C:\Program Files\Android\Android Studio\jre\bin\jli.dll
0x00007ff8279a0000 - 0x00007ff827b41000 	C:\Windows\System32\USER32.dll
0x00007ff826f70000 - 0x00007ff826f92000 	C:\Windows\System32\win32u.dll
0x00007ff8155a0000 - 0x00007ff81583a000 	C:\Windows\WinSxS\amd64_microsoft.windows.common-controls_6595b64144ccf1df_6.0.19041.1110_none_60b5254171f9507e\COMCTL32.dll
0x00007ff829730000 - 0x00007ff82975b000 	C:\Windows\System32\GDI32.dll
0x00007ff827b50000 - 0x00007ff827bee000 	C:\Windows\System32\msvcrt.dll
0x00007ff8275f0000 - 0x00007ff8276fd000 	C:\Windows\System32\gdi32full.dll
0x00007ff827750000 - 0x00007ff8277ed000 	C:\Windows\System32\msvcp_win.dll
0x00007ff8289e0000 - 0x00007ff828a10000 	C:\Windows\System32\IMM32.DLL
0x00007ff800e60000 - 0x00007ff800efd000 	C:\Program Files\Android\Android Studio\jre\bin\msvcp140.dll
0x00007fffe74b0000 - 0x00007fffe7f85000 	C:\Program Files\Android\Android Studio\jre\bin\server\jvm.dll
0x00007ff828b90000 - 0x00007ff828c3e000 	C:\Windows\System32\ADVAPI32.dll
0x00007ff8287b0000 - 0x00007ff82884c000 	C:\Windows\System32\sechost.dll
0x00007ff829600000 - 0x00007ff829725000 	C:\Windows\System32\RPCRT4.dll
0x00007ff829760000 - 0x00007ff829768000 	C:\Windows\System32\PSAPI.DLL
0x00007ff8106d0000 - 0x00007ff8106d9000 	C:\Windows\SYSTEM32\WSOCK32.dll
0x00007ff819e60000 - 0x00007ff819e87000 	C:\Windows\SYSTEM32\WINMM.dll
0x00007ff820c60000 - 0x00007ff820c6a000 	C:\Windows\SYSTEM32\VERSION.dll
0x00007ff8293d0000 - 0x00007ff82943b000 	C:\Windows\System32\WS2_32.dll
0x00007ff824dd0000 - 0x00007ff824de2000 	C:\Windows\SYSTEM32\kernel.appcore.dll
0x00007ff80c3a0000 - 0x00007ff80c3b1000 	C:\Program Files\Android\Android Studio\jre\bin\verify.dll
0x00007ff819500000 - 0x00007ff8196e4000 	C:\Windows\SYSTEM32\DBGHELP.DLL
0x00007ff807fb0000 - 0x00007ff807fdc000 	C:\Windows\SYSTEM32\dbgcore.DLL
0x00007ff826fa0000 - 0x00007ff827022000 	C:\Windows\System32\bcryptPrimitives.dll
0x00007ff809480000 - 0x00007ff8094a9000 	C:\Program Files\Android\Android Studio\jre\bin\java.dll
0x00007ff80f600000 - 0x00007ff80f60b000 	C:\Program Files\Android\Android Studio\jre\bin\jimage.dll
0x00007ff80c380000 - 0x00007ff80c398000 	C:\Program Files\Android\Android Studio\jre\bin\zip.dll
0x00007ff827d00000 - 0x00007ff828444000 	C:\Windows\System32\SHELL32.dll
0x00007ff824fd0000 - 0x00007ff825765000 	C:\Windows\SYSTEM32\windows.storage.dll
0x00007ff828450000 - 0x00007ff8287a5000 	C:\Windows\System32\combase.dll
0x00007ff826840000 - 0x00007ff82686e000 	C:\Windows\SYSTEM32\Wldp.dll
0x00007ff827c50000 - 0x00007ff827cfd000 	C:\Windows\System32\SHCORE.dll
0x00007ff8294d0000 - 0x00007ff829525000 	C:\Windows\System32\shlwapi.dll
0x00007ff826e00000 - 0x00007ff826e1f000 	C:\Windows\SYSTEM32\profapi.dll
0x00007ff809460000 - 0x00007ff80947a000 	C:\Program Files\Android\Android Studio\jre\bin\net.dll
0x00007ff81fd80000 - 0x00007ff81fe8c000 	C:\Windows\SYSTEM32\WINHTTP.dll
0x00007ff8265a0000 - 0x00007ff82660a000 	C:\Windows\system32\mswsock.dll
0x00007ff809440000 - 0x00007ff809454000 	C:\Program Files\Android\Android Studio\jre\bin\nio.dll
0x00007ff810fe0000 - 0x00007ff811006000 	C:\Users\Emanuele\.gradle\native\29\windows-amd64\native-platform.dll
0x00007ff80a310000 - 0x00007ff80a31a000 	C:\Program Files\Android\Android Studio\jre\bin\management.dll
0x00007ff809430000 - 0x00007ff80943d000 	C:\Program Files\Android\Android Studio\jre\bin\management_ext.dll
0x00007ff826790000 - 0x00007ff8267a8000 	C:\Windows\SYSTEM32\CRYPTSP.dll
0x00007ff825f20000 - 0x00007ff825f54000 	C:\Windows\system32\rsaenh.dll
0x00007ff827130000 - 0x00007ff827157000 	C:\Windows\System32\bcrypt.dll
0x00007ff826dc0000 - 0x00007ff826dee000 	C:\Windows\SYSTEM32\USERENV.dll
0x00007ff8267b0000 - 0x00007ff8267bc000 	C:\Windows\SYSTEM32\CRYPTBASE.dll
0x00007ff826290000 - 0x00007ff8262cb000 	C:\Windows\SYSTEM32\IPHLPAPI.DLL
0x00007ff828b80000 - 0x00007ff828b88000 	C:\Windows\System32\NSI.dll
0x00007ff820e70000 - 0x00007ff820e87000 	C:\Windows\SYSTEM32\dhcpcsvc6.DLL
0x00007ff820de0000 - 0x00007ff820dfd000 	C:\Windows\SYSTEM32\dhcpcsvc.DLL
0x00007ff8262d0000 - 0x00007ff82639b000 	C:\Windows\SYSTEM32\DNSAPI.dll
0x00007ff805e60000 - 0x00007ff805e77000 	C:\Windows\system32\napinsp.dll
0x00007ff805e20000 - 0x00007ff805e3b000 	C:\Windows\system32\pnrpnsp.dll
0x00007ff821b00000 - 0x00007ff821b15000 	C:\Windows\system32\wshbth.dll
0x00007ff822a10000 - 0x00007ff822a2d000 	C:\Windows\system32\NLAapi.dll
0x00007ff805df0000 - 0x00007ff805e02000 	C:\Windows\System32\winrnr.dll
0x0000000059e80000 - 0x0000000059ea6000 	C:\Program Files\Bonjour\mdnsNSP.dll
0x00007ff81fd00000 - 0x00007ff81fd0a000 	C:\Windows\System32\rasadhlp.dll
0x00007ff81f0b0000 - 0x00007ff81f12f000 	C:\Windows\System32\fwpuclnt.dll
0x00007ffff3a90000 - 0x00007ffff3a9a000 	C:\Program Files\Android\Android Studio\jre\bin\prefs.dll

dbghelp: loaded successfully - version: 4.0.5 - missing functions: none
symbol engine: initialized successfully - sym options: 0x614 - pdb path: .;C:\Program Files\Android\Android Studio\jre\bin;C:\Windows\SYSTEM32;C:\Windows\WinSxS\amd64_microsoft.windows.common-controls_6595b64144ccf1df_6.0.19041.1110_none_60b5254171f9507e;C:\Program Files\Android\Android Studio\jre\bin\server;C:\Users\Emanuele\.gradle\native\29\windows-amd64;C:\Program Files\Bonjour

VM Arguments:
jvm_args: -XX:MaxPermSize=4096m -XX:+HeapDumpOnOutOfMemoryError --add-opens=java.base/java.util=ALL-UNNAMED --add-opens=java.base/java.lang=ALL-UNNAMED --add-opens=java.base/java.lang.invoke=ALL-UNNAMED --add-opens=java.prefs/java.util.prefs=ALL-UNNAMED -Xmx4096m -Dfile.encoding=windows-1252 -Duser.country=IT -Duser.language=it -Duser.variant 
java_command: org.gradle.launcher.daemon.bootstrap.GradleDaemon 5.4.1
java_class_path (initial): C:\Users\Emanuele\.gradle\wrapper\dists\gradle-5.4.1-all\3221gyojl5jsh0helicew7rwx\gradle-5.4.1\lib\gradle-launcher-5.4.1.jar
Launcher Type: SUN_STANDARD

[Global flags]
     intx CICompilerCount                          = 3                                         {product} {ergonomic}
     uint ConcGCThreads                            = 2                                         {product} {ergonomic}
     uint G1ConcRefinementThreads                  = 6                                         {product} {ergonomic}
   size_t G1HeapRegionSize                         = 1048576                                   {product} {ergonomic}
    uintx GCDrainStackTargetSize                   = 64                                        {product} {ergonomic}
     bool HeapDumpOnOutOfMemoryError               = true                                   {manageable} {command line}
   size_t InitialHeapSize                          = 268435456                                 {product} {ergonomic}
   size_t MarkStackSize                            = 4194304                                   {product} {ergonomic}
   size_t MaxHeapSize                              = 4294967296                                {product} {command line}
   size_t MaxNewSize                               = 2576351232                                {product} {ergonomic}
   size_t MinHeapDeltaBytes                        = 1048576                                   {product} {ergonomic}
    uintx NonNMethodCodeHeapSize                   = 5830732                                {pd product} {ergonomic}
    uintx NonProfiledCodeHeapSize                  = 122913754                              {pd product} {ergonomic}
    uintx ProfiledCodeHeapSize                     = 122913754                              {pd product} {ergonomic}
    uintx ReservedCodeCacheSize                    = 251658240                              {pd product} {ergonomic}
     bool SegmentedCodeCache                       = true                                      {product} {ergonomic}
     bool UseCompressedClassPointers               = true                                 {lp64_product} {ergonomic}
     bool UseCompressedOops                        = true                                 {lp64_product} {ergonomic}
     bool UseG1GC                                  = true                                      {product} {ergonomic}
     bool UseLargePagesIndividualAllocation        = false                                  {pd product} {ergonomic}

Logging:
Log output configuration:
 #0: stdout all=warning uptime,level,tags
 #1: stderr all=off uptime,level,tags

Environment Variables:
PATH=C:\Program Files\Common Files\Oracle\Java\javapath;C:\Program Files (x86)\Common Files\Oracle\Java\javapath;C:\Windows\system32;C:\Windows;C:\Windows\System32\Wbem;C:\Windows\System32\WindowsPowerShell\v1.0\;C:\Windows\System32\OpenSSH\;C:\Program Files\NVIDIA Corporation\NVIDIA NvDLISR;C:\Program Files (x86)\NVIDIA Corporation\PhysX\Common;C:\Program Files\dotnet\;C:\Program Files\Git\cmd;C:\Users\Emanuele\AppData\Local\Microsoft\WindowsApps;C:\Users\Emanuele\AppData\Local\GitHubDesktop\bin
USERNAME=Emanuele
OS=Windows_NT
PROCESSOR_IDENTIFIER=Intel64 Family 6 Model 158 Stepping 12, GenuineIntel



---------------  S Y S T E M  ---------------

OS: Windows 10 , 64 bit Build 19041 (10.0.19041.1466)
OS uptime: 0 days 0:13 hours

CPU:total 6 (initial active 6) (6 cores per cpu, 1 threads per core) family 6 model 158 stepping 12 microcode 0xae, cmov, cx8, fxsr, mmx, sse, sse2, sse3, ssse3, sse4.1, sse4.2, popcnt, avx, avx2, aes, clmul, erms, rtm, 3dnowpref, lzcnt, tsc, tscinvbit, bmi1, bmi2, adx, fma

Memory: 4k page, system-wide physical 16316M (9594M free)
TotalPageFile size 18748M (AvailPageFile size 10289M)
current process WorkingSet (physical memory assigned to process): 617M, peak: 619M
current process commit charge ("private bytes"): 692M, peak: 710M

vm_info: OpenJDK 64-Bit Server VM (11.0.11+9-b60-7590822) for windows-amd64 JRE (11.0.11+9-b60-7590822), built on Jul 29 2021 21:43:44 by "builder" with MS VC++ 14.0 (VS2015)

END.
