#
# A fatal error has been detected by the Java Runtime Environment:
#
#  EXCEPTION_ACCESS_VIOLATION (0xc0000005) at pc=0x00007ffed9d2d45c, pid=8016, tid=8992
#
# JRE version: OpenJDK Runtime Environment (11.0.11+9) (build 11.0.11+9-b60-7590822)
# Java VM: OpenJDK 64-Bit Server VM (11.0.11+9-b60-7590822, mixed mode, tiered, compressed oops, g1 gc, windows-amd64)
# Problematic frame:
# V  [jvm.dll+0x5ad45c]
#
# No core dump will be written. Minidumps are not enabled by default on client versions of Windows
#
# If you would like to submit a bug report, please visit:
#   https://bugreport.java.com/bugreport/crash.jsp
#

---------------  S U M M A R Y ------------

Command Line: -XX:MaxPermSize=4096m -XX:+HeapDumpOnOutOfMemoryError --add-opens=java.base/java.util=ALL-UNNAMED --add-opens=java.base/java.lang=ALL-UNNAMED --add-opens=java.base/java.lang.invoke=ALL-UNNAMED --add-opens=java.prefs/java.util.prefs=ALL-UNNAMED -Xmx4096m -Dfile.encoding=windows-1252 -Duser.country=IT -Duser.language=it -Duser.variant org.gradle.launcher.daemon.bootstrap.GradleDaemon 5.4.1

Host: Intel(R) Core(TM) i5-9600K CPU @ 3.70GHz, 6 cores, 15G,  Windows 10 , 64 bit Build 19041 (10.0.19041.1466)
Time: Wed Feb  9 04:06:47 2022 ora solare Europa occidentale elapsed time: 14.524551 seconds (0d 0h 0m 14s)

---------------  T H R E A D  ---------------

Current thread (0x000001b8320cd000):  GCTaskThread "GC Thread#1" [stack: 0x0000009929700000,0x0000009929800000] [id=8992]

Stack: [0x0000009929700000,0x0000009929800000],  sp=0x00000099297ff570,  free space=1021k
Native frames: (J=compiled Java code, j=interpreted, Vv=VM code, C=native code)
V  [jvm.dll+0x5ad45c]
V  [jvm.dll+0x35c365]
V  [jvm.dll+0x2de105]
V  [jvm.dll+0x2de5cc]
V  [jvm.dll+0x74d230]
V  [jvm.dll+0x6e80b5]
V  [jvm.dll+0x5f1036]
C  [ucrtbase.dll+0x21bb2]
C  [KERNEL32.DLL+0x17034]
C  [ntdll.dll+0x52651]


siginfo: EXCEPTION_ACCESS_VIOLATION (0xc0000005), reading address 0xffffffffffffffff


Register to memory mapping:

RIP=0x00007ffed9d2d45c jvm.dll
RAX=0x000001b8323a8270 points into unknown readable memory: 0x0000000000000000 | 00 00 00 00 00 00 00 00
RBX=0x000000000000000c is an unknown value
RCX=0x0000000000000008 is an unknown value
RDX=0x0 is NULL
RSP=0x00000099297ff570 points into unknown readable memory: 0x00000000000003d8 | d8 03 00 00 00 00 00 00
RBP=0x000001b831570e80 points into unknown readable memory: 0x00007ffed9f81e08 | 08 1e f8 d9 fe 7f 00 00
RSI=0x0001000000000000 is an unknown value
RDI=0x0000000000000060 is an unknown value
R8 =0x0000000000000002 is an unknown value
R9 =0x0 is NULL
R10=0x0 is NULL
R11=0x000001b83e9382c8 is pointing into metadata
R12=0x0 is NULL
R13=0x0 is NULL
R14=0x0 is NULL
R15=0x00000000000003d8 is an unknown value


Registers:
RAX=0x000001b8323a8270, RBX=0x000000000000000c, RCX=0x0000000000000008, RDX=0x0000000000000000
RSP=0x00000099297ff570, RBP=0x000001b831570e80, RSI=0x0001000000000000, RDI=0x0000000000000060
R8 =0x0000000000000002, R9 =0x0000000000000000, R10=0x0000000000000000, R11=0x000001b83e9382c8
R12=0x0000000000000000, R13=0x0000000000000000, R14=0x0000000000000000, R15=0x00000000000003d8
RIP=0x00007ffed9d2d45c, EFLAGS=0x0000000000010202

Top of Stack: (sp=0x00000099297ff570)
0x00000099297ff570:   00000000000003d8 000001b831570e80
0x00000099297ff580:   000001b83e935320 000001b83201e350
0x00000099297ff590:   00007ffed9fe3318 00007ffed9ade827
0x00000099297ff5a0:   00000000000003d8 0000000000000000
0x00000099297ff5b0:   0000000000000000 0000000000000060
0x00000099297ff5c0:   000001b831570e80 00007ffed9adc365
0x00000099297ff5d0:   0000000000000000 000000000000000c
0x00000099297ff5e0:   0000000800bda4e0 000001b831571258
0x00000099297ff5f0:   000001b831570e70 00007ffed9a5e105
0x00000099297ff600:   0000009928bfec50 000001b83201e350
0x00000099297ff610:   0000009928bfec50 0000000000000000
0x00000099297ff620:   0000000000000000 000001b8320cd000
0x00000099297ff630:   000001b80fe310d0 00007ffed9a5e5cc
0x00000099297ff640:   0000000000000000 0000009928bfeb80
0x00000099297ff650:   0000000000000005 000001b80fe310d0
0x00000099297ff660:   00000000000075a3 00007ffed9ecd230 

Instructions: (pc=0x00007ffed9d2d45c)
0x00007ffed9d2d35c:   00 00 00 00 48 8b 11 48 89 14 f9 48 83 c1 08 48
0x00007ffed9d2d36c:   3b c8 72 f0 0f b6 0b 41 8b ff 0f b6 c1 80 f9 01
0x00007ffed9d2d37c:   76 2c 3c 0d 75 07 bf 01 00 00 00 eb 21 44 0f b6
0x00007ffed9d2d38c:   c9 4c 8d 05 0c 5c 2b 00 48 8d 0d 1d 5c 2b 00 ba
0x00007ffed9d2d39c:   2d 05 00 00 e8 eb 5b c9 ff e8 f6 d4 03 00 8d 04
0x00007ffed9d2d3ac:   fd 08 00 00 00 48 63 c8 48 03 d9 48 3b dd 0f 82
0x00007ffed9d2d3bc:   80 fe ff ff eb 3d 85 f6 74 39 48 63 c6 48 8b cb
0x00007ffed9d2d3cc:   49 8b d7 48 8d 04 c5 00 00 00 00 48 2b c8 48 83
0x00007ffed9d2d3dc:   c0 07 48 c1 e8 03 48 3b cb 49 0f 47 c7 48 85 c0
0x00007ffed9d2d3ec:   74 11 66 90 48 ff c2 4c 89 39 48 8d 49 08 48 3b
0x00007ffed9d2d3fc:   d0 72 f1 48 8b 7c 24 40 4c 8b 64 24 48 48 8b 5c
0x00007ffed9d2d40c:   24 50 48 8b 6c 24 58 48 83 c4 20 41 5f 41 5e 5e
0x00007ffed9d2d41c:   c3 cc cc cc 40 55 57 41 54 41 55 41 57 48 83 ec
0x00007ffed9d2d42c:   30 44 8b 05 48 b6 48 00 65 48 8b 04 25 58 00 00
0x00007ffed9d2d43c:   00 48 89 5c 24 68 48 89 74 24 70 48 8b f1 b9 08
0x00007ffed9d2d44c:   00 00 00 4a 8b 04 c0 4c 89 74 24 78 44 0f b6 f2
0x00007ffed9d2d45c:   83 be 30 01 00 00 00 4c 8b 04 08 49 8b a8 78 02
0x00007ffed9d2d46c:   00 00 48 8b 7d 28 4c 8b 7d 10 4c 8b 65 18 4c 8b
0x00007ffed9d2d47c:   6d 20 48 89 7c 24 60 7e 68 48 8d 8e 38 01 00 00
0x00007ffed9d2d48c:   e8 af 0c 00 00 48 8b f8 48 85 c0 74 4f 0f 1f 80
0x00007ffed9d2d49c:   00 00 00 00 48 8b 07 41 0f b6 d6 48 8b cf ff 90
0x00007ffed9d2d4ac:   80 00 00 00 48 8b 07 48 8b cf 48 8b 5f 08 ff 10
0x00007ffed9d2d4bc:   8d 04 c5 d0 fe ff ff 2b c6 03 c3 3b 86 30 01 00
0x00007ffed9d2d4cc:   00 7d 19 48 98 48 8d 8e 38 01 00 00 48 03 c8 e8
0x00007ffed9d2d4dc:   60 0c 00 00 48 8b f8 48 85 c0 75 b8 48 8b 7c 24
0x00007ffed9d2d4ec:   60 48 63 86 34 01 00 00 83 f8 fe 74 35 48 8d 8e
0x00007ffed9d2d4fc:   38 01 00 00 48 03 c8 e8 38 0c 00 00 48 8b c8 48
0x00007ffed9d2d50c:   8b d8 48 8b 10 ff 52 68 33 c9 84 c0 48 0f 45 cb
0x00007ffed9d2d51c:   48 85 c9 74 0d 48 8b 01 41 0f b6 d6 ff 90 80 00
0x00007ffed9d2d52c:   00 00 48 8d 05 e3 5d 2b 00 44 88 74 24 28 48 8d
0x00007ffed9d2d53c:   54 24 20 48 89 44 24 20 48 8b ce e8 a4 fc ff ff
0x00007ffed9d2d54c:   49 83 3f 00 4c 8b 74 24 78 48 8b 74 24 70 48 8b 


Stack slot to memory mapping:
stack at sp + 0 slots: 0x00000000000003d8 is an unknown value
stack at sp + 1 slots: 0x000001b831570e80 points into unknown readable memory: 0x00007ffed9f81e08 | 08 1e f8 d9 fe 7f 00 00
stack at sp + 2 slots: 0x000001b83e935320 is pointing into metadata
stack at sp + 3 slots: 0x000001b83201e350 points into unknown readable memory: 0x0000000000000002 | 02 00 00 00 00 00 00 00
stack at sp + 4 slots: 0x00007ffed9fe3318 jvm.dll
stack at sp + 5 slots: 0x00007ffed9ade827 jvm.dll
stack at sp + 6 slots: 0x00000000000003d8 is an unknown value
stack at sp + 7 slots: 0x0 is NULL


---------------  P R O C E S S  ---------------

Threads class SMR info:
_java_thread_list=0x000001b83b156140, length=41, elements={
0x000001b81178b800, 0x000001b830c3d000, 0x000001b830c40800, 0x000001b83152d800,
0x000001b83152f800, 0x000001b831530800, 0x000001b831534000, 0x000001b831537000,
0x000001b831539000, 0x000001b8316b7800, 0x000001b83269b000, 0x000001b83238e800,
0x000001b832abd000, 0x000001b83314f800, 0x000001b8325a4800, 0x000001b83238b800,
0x000001b832016800, 0x000001b83312f800, 0x000001b832e24000, 0x000001b832acb800,
0x000001b832ac7800, 0x000001b832aca000, 0x000001b832ac9000, 0x000001b832ac6000,
0x000001b836371000, 0x000001b83636f000, 0x000001b83636b000, 0x000001b83636c800,
0x000001b83636c000, 0x000001b836370000, 0x000001b836371800, 0x000001b836372800,
0x000001b836373000, 0x000001b836374000, 0x000001b836375000, 0x000001b83adb7000,
0x000001b83adbd800, 0x000001b83adbe800, 0x000001b83adbf000, 0x000001b83adc1000,
0x000001b839042800
}

Java Threads: ( => current thread )
  0x000001b81178b800 JavaThread "main" [_thread_blocked, id=8336, stack(0x0000009928500000,0x0000009928600000)]
  0x000001b830c3d000 JavaThread "Reference Handler" daemon [_thread_blocked, id=8676, stack(0x0000009928c00000,0x0000009928d00000)]
  0x000001b830c40800 JavaThread "Finalizer" daemon [_thread_blocked, id=7064, stack(0x0000009928d00000,0x0000009928e00000)]
  0x000001b83152d800 JavaThread "Signal Dispatcher" daemon [_thread_blocked, id=7852, stack(0x0000009928e00000,0x0000009928f00000)]
  0x000001b83152f800 JavaThread "Attach Listener" daemon [_thread_blocked, id=8324, stack(0x0000009928f00000,0x0000009929000000)]
  0x000001b831530800 JavaThread "Service Thread" daemon [_thread_blocked, id=5100, stack(0x0000009929000000,0x0000009929100000)]
  0x000001b831534000 JavaThread "C2 CompilerThread0" daemon [_thread_blocked, id=984, stack(0x0000009929100000,0x0000009929200000)]
  0x000001b831537000 JavaThread "C1 CompilerThread0" daemon [_thread_blocked, id=8568, stack(0x0000009929200000,0x0000009929300000)]
  0x000001b831539000 JavaThread "Sweeper thread" daemon [_thread_blocked, id=2400, stack(0x0000009929300000,0x0000009929400000)]
  0x000001b8316b7800 JavaThread "Common-Cleaner" daemon [_thread_blocked, id=6184, stack(0x0000009929400000,0x0000009929500000)]
  0x000001b83269b000 JavaThread "Daemon health stats" [_thread_blocked, id=4044, stack(0x0000009929c00000,0x0000009929d00000)]
  0x000001b83238e800 JavaThread "Incoming local TCP Connector on port 50384" [_thread_in_native, id=6872, stack(0x0000009929d00000,0x0000009929e00000)]
  0x000001b832abd000 JavaThread "Daemon periodic checks" [_thread_blocked, id=3888, stack(0x0000009929e00000,0x0000009929f00000)]
  0x000001b83314f800 JavaThread "Daemon" [_thread_blocked, id=5480, stack(0x0000009929f00000,0x000000992a000000)]
  0x000001b8325a4800 JavaThread "Handler for socket connection from /127.0.0.1:50384 to /127.0.0.1:50385" [_thread_in_native, id=8108, stack(0x000000992a000000,0x000000992a100000)]
  0x000001b83238b800 JavaThread "Cancel handler" [_thread_blocked, id=8056, stack(0x000000992a100000,0x000000992a200000)]
  0x000001b832016800 JavaThread "Daemon worker" [_thread_blocked, id=7556, stack(0x000000992a200000,0x000000992a300000)]
  0x000001b83312f800 JavaThread "Asynchronous log dispatcher for DefaultDaemonConnection: socket connection from /127.0.0.1:50384 to /127.0.0.1:50385" [_thread_blocked, id=4276, stack(0x000000992a300000,0x000000992a400000)]
  0x000001b832e24000 JavaThread "Stdin handler" [_thread_blocked, id=5696, stack(0x000000992a400000,0x000000992a500000)]
  0x000001b832acb800 JavaThread "Thread-8" [_thread_blocked, id=8444, stack(0x000000992a500000,0x000000992a600000)]
  0x000001b832ac7800 JavaThread "Cache worker for file hash cache (C:\Users\Emanuele\.gradle\caches\5.4.1\fileHashes)" [_thread_blocked, id=8352, stack(0x000000992a600000,0x000000992a700000)]
  0x000001b832aca000 JavaThread "File lock request listener" [_thread_in_native, id=7056, stack(0x000000992a700000,0x000000992a800000)]
  0x000001b832ac9000 JavaThread "Cache worker for journal cache (C:\Users\Emanuele\.gradle\caches\journal-1)" [_thread_blocked, id=940, stack(0x000000992a800000,0x000000992a900000)]
  0x000001b832ac6000 JavaThread "Cache worker for file hash cache (D:\UNISA\Images-to-PDF-8.8.1\.gradle\5.4.1\fileHashes)" [_thread_blocked, id=2292, stack(0x000000992aa00000,0x000000992ab00000)]
  0x000001b836371000 JavaThread "Cache worker for cache directory md-supplier (C:\Users\Emanuele\.gradle\caches\5.4.1\md-supplier)" [_thread_blocked, id=4780, stack(0x000000992ab00000,0x000000992ac00000)]
  0x000001b83636f000 JavaThread "Cache worker for cache directory md-rule (C:\Users\Emanuele\.gradle\caches\5.4.1\md-rule)" [_thread_blocked, id=3464, stack(0x000000992ac00000,0x000000992ad00000)]
  0x000001b83636b000 JavaThread "Cache worker for execution history cache (C:\Users\Emanuele\.gradle\caches\5.4.1\executionHistory)" [_thread_blocked, id=8712, stack(0x000000992ad00000,0x000000992ae00000)]
  0x000001b83636c800 JavaThread "Build operations" [_thread_blocked, id=7384, stack(0x000000992ae00000,0x000000992af00000)]
  0x000001b83636c000 JavaThread "Build operations Thread 2" [_thread_blocked, id=4756, stack(0x000000992af00000,0x000000992b000000)]
  0x000001b836370000 JavaThread "Build operations Thread 3" [_thread_blocked, id=7452, stack(0x000000992b000000,0x000000992b100000)]
  0x000001b836371800 JavaThread "Build operations Thread 4" [_thread_blocked, id=2992, stack(0x000000992b100000,0x000000992b200000)]
  0x000001b836372800 JavaThread "Build operations Thread 5" [_thread_blocked, id=8560, stack(0x000000992b200000,0x000000992b300000)]
  0x000001b836373000 JavaThread "Build operations Thread 6" [_thread_blocked, id=1116, stack(0x000000992b300000,0x000000992b400000)]
  0x000001b836374000 JavaThread "Memory manager" [_thread_blocked, id=7980, stack(0x000000992b900000,0x000000992ba00000)]
  0x000001b836375000 JavaThread "Cache worker for file content cache (C:\Users\Emanuele\.gradle\caches\5.4.1\fileContent)" [_thread_blocked, id=7060, stack(0x000000992ba00000,0x000000992bb00000)]
  0x000001b83adb7000 JavaThread "Cache worker for Java compile cache (C:\Users\Emanuele\.gradle\caches\5.4.1\javaCompile)" [_thread_blocked, id=4864, stack(0x000000992c300000,0x000000992c400000)]
  0x000001b83adbd800 JavaThread "Exec process" [_thread_blocked, id=2868, stack(0x000000992c800000,0x000000992c900000)]
  0x000001b83adbe800 JavaThread "Exec process Thread 2" [_thread_blocked, id=5596, stack(0x000000992ca00000,0x000000992cb00000)]
  0x000001b83adbf000 JavaThread "Exec process Thread 3" [_thread_blocked, id=8916, stack(0x000000992cb00000,0x000000992cc00000)]
  0x000001b83adc1000 JavaThread "Exec process Thread 4" [_thread_blocked, id=440, stack(0x000000992cc00000,0x000000992cd00000)]
  0x000001b839042800 JavaThread "C2 CompilerThread1" daemon [_thread_blocked, id=5084, stack(0x0000009929600000,0x0000009929700000)]

Other Threads:
  0x000001b830c18800 VMThread "VM Thread" [stack: 0x0000009928b00000,0x0000009928c00000] [id=8144]
  0x000001b8316c8800 WatcherThread [stack: 0x0000009929500000,0x0000009929600000] [id=8340]
  0x000001b8117a3800 GCTaskThread "GC Thread#0" [stack: 0x0000009928600000,0x0000009928700000] [id=1580]
=>0x000001b8320cd000 GCTaskThread "GC Thread#1" [stack: 0x0000009929700000,0x0000009929800000] [id=8992]
  0x000001b8320cd800 GCTaskThread "GC Thread#2" [stack: 0x0000009929800000,0x0000009929900000] [id=4440]
  0x000001b83246e800 GCTaskThread "GC Thread#3" [stack: 0x0000009929900000,0x0000009929a00000] [id=5092]
  0x000001b83246f800 GCTaskThread "GC Thread#4" [stack: 0x0000009929a00000,0x0000009929b00000] [id=4240]
  0x000001b8323aa800 GCTaskThread "GC Thread#5" [stack: 0x0000009929b00000,0x0000009929c00000] [id=8492]
  0x000001b8117ff000 ConcurrentGCThread "G1 Main Marker" [stack: 0x0000009928700000,0x0000009928800000] [id=3668]
  0x000001b811800800 ConcurrentGCThread "G1 Conc#0" [stack: 0x0000009928800000,0x0000009928900000] [id=5056]
  0x000001b8341d1800 ConcurrentGCThread "G1 Conc#1" [stack: 0x000000992a900000,0x000000992aa00000] [id=7024]
  0x000001b830afe000 ConcurrentGCThread "G1 Refine#0" [stack: 0x0000009928900000,0x0000009928a00000] [id=5648]
  0x000001b837384800 ConcurrentGCThread "G1 Refine#1" [stack: 0x000000992b500000,0x000000992b600000] [id=5244]
  0x000001b837383000 ConcurrentGCThread "G1 Refine#2" [stack: 0x000000992b600000,0x000000992b700000] [id=9088]
  0x000001b837380800 ConcurrentGCThread "G1 Refine#3" [stack: 0x000000992b700000,0x000000992b800000] [id=8480]
  0x000001b83737e800 ConcurrentGCThread "G1 Refine#4" [stack: 0x000000992b800000,0x000000992b900000] [id=8284]
  0x000001b830aff000 ConcurrentGCThread "G1 Young RemSet Sampling" [stack: 0x0000009928a00000,0x0000009928b00000] [id=3596]

Threads with active compile tasks:
C2 CompilerThread0  14542 12753   !   4       jdk.internal.loader.BuiltinClassLoader::loadClassOrNull (143 bytes)
C2 CompilerThread1  14542 12752       4       org.codehaus.groovy.util.ManagedReference::get (10 bytes)

VM state:at safepoint (normal execution)

VM Mutex/Monitor currently owned by a thread:  ([mutex/lock_event])
[0x000001b811787510] Threads_lock - owner thread: 0x000001b830c18800
[0x000001b811787b40] Heap_lock - owner thread: 0x000001b8117ff000

Heap address: 0x0000000700000000, size: 4096 MB, Compressed Oops mode: Zero based, Oop shift amount: 3
Narrow klass base: 0x0000000800000000, Narrow klass shift: 0
Compressed class space size: 1073741824 Address: 0x0000000800000000

Heap:
 garbage-first heap   total 378880K, used 107898K [0x0000000700000000, 0x0000000800000000)
  region size 1024K, 14 young (14336K), 5 survivors (5120K)
 Metaspace       used 98814K, capacity 101406K, committed 101540K, reserved 1138688K
  class space    used 12290K, capacity 13139K, committed 13220K, reserved 1048576K
Heap Regions: E=young(eden), S=young(survivor), O=old, HS=humongous(starts), HC=humongous(continues), CS=collection set, F=free, A=archive, TAMS=top-at-mark-start (previous, next)
|   0|0x0000000700000000, 0x0000000700100000, 0x0000000700100000|100%| O|  |TAMS 0x0000000700100000, 0x0000000700100000| Untracked 
|   1|0x0000000700100000, 0x0000000700200000, 0x0000000700200000|100%| O|  |TAMS 0x0000000700200000, 0x0000000700200000| Untracked 
|   2|0x0000000700200000, 0x0000000700300000, 0x0000000700300000|100%|HS|  |TAMS 0x0000000700300000, 0x0000000700300000| Complete 
|   3|0x0000000700300000, 0x0000000700400000, 0x0000000700400000|100%|HS|  |TAMS 0x0000000700400000, 0x0000000700400000| Complete 
|   4|0x0000000700400000, 0x0000000700500000, 0x0000000700500000|100%|HC|  |TAMS 0x0000000700500000, 0x0000000700500000| Complete 
|   5|0x0000000700500000, 0x0000000700600000, 0x0000000700600000|100%| O|  |TAMS 0x0000000700600000, 0x0000000700600000| Untracked 
|   6|0x0000000700600000, 0x0000000700700000, 0x0000000700700000|100%| O|  |TAMS 0x0000000700700000, 0x0000000700700000| Untracked 
|   7|0x0000000700700000, 0x0000000700800000, 0x0000000700800000|100%|HS|  |TAMS 0x0000000700800000, 0x0000000700800000| Complete 
|   8|0x0000000700800000, 0x0000000700900000, 0x0000000700900000|100%|HC|  |TAMS 0x0000000700900000, 0x0000000700900000| Complete 
|   9|0x0000000700900000, 0x0000000700a00000, 0x0000000700a00000|100%| O|  |TAMS 0x0000000700a00000, 0x0000000700a00000| Untracked 
|  10|0x0000000700a00000, 0x0000000700b00000, 0x0000000700b00000|100%| O|  |TAMS 0x0000000700b00000, 0x0000000700b00000| Untracked 
|  11|0x0000000700b00000, 0x0000000700c00000, 0x0000000700c00000|100%| O|  |TAMS 0x0000000700c00000, 0x0000000700c00000| Untracked 
|  12|0x0000000700c00000, 0x0000000700d00000, 0x0000000700d00000|100%| O|  |TAMS 0x0000000700d00000, 0x0000000700d00000| Untracked 
|  13|0x0000000700d00000, 0x0000000700e00000, 0x0000000700e00000|100%| O|  |TAMS 0x0000000700e00000, 0x0000000700e00000| Untracked 
|  14|0x0000000700e00000, 0x0000000700f00000, 0x0000000700f00000|100%| O|  |TAMS 0x0000000700f00000, 0x0000000700f00000| Untracked 
|  15|0x0000000700f00000, 0x0000000701000000, 0x0000000701000000|100%| O|  |TAMS 0x0000000701000000, 0x0000000701000000| Untracked 
|  16|0x0000000701000000, 0x0000000701100000, 0x0000000701100000|100%| O|  |TAMS 0x0000000701100000, 0x0000000701100000| Untracked 
|  17|0x0000000701100000, 0x0000000701200000, 0x0000000701200000|100%| O|  |TAMS 0x0000000701200000, 0x0000000701200000| Untracked 
|  18|0x0000000701200000, 0x0000000701300000, 0x0000000701300000|100%| O|  |TAMS 0x0000000701300000, 0x0000000701300000| Untracked 
|  19|0x0000000701300000, 0x0000000701400000, 0x0000000701400000|100%| O|  |TAMS 0x0000000701400000, 0x0000000701400000| Untracked 
|  20|0x0000000701400000, 0x0000000701500000, 0x0000000701500000|100%| O|  |TAMS 0x0000000701500000, 0x0000000701500000| Untracked 
|  21|0x0000000701500000, 0x0000000701600000, 0x0000000701600000|100%| O|  |TAMS 0x0000000701600000, 0x0000000701600000| Untracked 
|  22|0x0000000701600000, 0x0000000701700000, 0x0000000701700000|100%| O|  |TAMS 0x0000000701700000, 0x0000000701700000| Untracked 
|  23|0x0000000701700000, 0x0000000701800000, 0x0000000701800000|100%| O|  |TAMS 0x0000000701800000, 0x0000000701800000| Untracked 
|  24|0x0000000701800000, 0x0000000701900000, 0x0000000701900000|100%| O|  |TAMS 0x0000000701900000, 0x0000000701900000| Untracked 
|  25|0x0000000701900000, 0x0000000701a00000, 0x0000000701a00000|100%| O|  |TAMS 0x0000000701a00000, 0x0000000701a00000| Untracked 
|  26|0x0000000701a00000, 0x0000000701b00000, 0x0000000701b00000|100%| O|  |TAMS 0x0000000701b00000, 0x0000000701b00000| Untracked 
|  27|0x0000000701b00000, 0x0000000701c00000, 0x0000000701c00000|100%| O|  |TAMS 0x0000000701c00000, 0x0000000701c00000| Untracked 
|  28|0x0000000701c00000, 0x0000000701d00000, 0x0000000701d00000|100%| O|  |TAMS 0x0000000701d00000, 0x0000000701d00000| Untracked 
|  29|0x0000000701d00000, 0x0000000701e00000, 0x0000000701e00000|100%| O|  |TAMS 0x0000000701e00000, 0x0000000701e00000| Untracked 
|  30|0x0000000701e00000, 0x0000000701f00000, 0x0000000701f00000|100%| O|  |TAMS 0x0000000701f00000, 0x0000000701f00000| Untracked 
|  31|0x0000000701f00000, 0x0000000702000000, 0x0000000702000000|100%| O|  |TAMS 0x0000000702000000, 0x0000000702000000| Untracked 
|  32|0x0000000702000000, 0x0000000702100000, 0x0000000702100000|100%| O|  |TAMS 0x0000000702100000, 0x0000000702100000| Untracked 
|  33|0x0000000702100000, 0x0000000702200000, 0x0000000702200000|100%| O|  |TAMS 0x0000000702200000, 0x0000000702200000| Untracked 
|  34|0x0000000702200000, 0x0000000702300000, 0x0000000702300000|100%| O|  |TAMS 0x0000000702300000, 0x0000000702300000| Untracked 
|  35|0x0000000702300000, 0x0000000702400000, 0x0000000702400000|100%| O|  |TAMS 0x0000000702400000, 0x0000000702400000| Untracked 
|  36|0x0000000702400000, 0x0000000702500000, 0x0000000702500000|100%| O|  |TAMS 0x0000000702500000, 0x0000000702500000| Untracked 
|  37|0x0000000702500000, 0x0000000702600000, 0x0000000702600000|100%| O|  |TAMS 0x0000000702600000, 0x0000000702600000| Untracked 
|  38|0x0000000702600000, 0x0000000702700000, 0x0000000702700000|100%| O|  |TAMS 0x0000000702700000, 0x0000000702700000| Untracked 
|  39|0x0000000702700000, 0x0000000702800000, 0x0000000702800000|100%| O|  |TAMS 0x0000000702800000, 0x0000000702800000| Untracked 
|  40|0x0000000702800000, 0x0000000702900000, 0x0000000702900000|100%| O|  |TAMS 0x0000000702900000, 0x0000000702900000| Untracked 
|  41|0x0000000702900000, 0x0000000702a00000, 0x0000000702a00000|100%| O|  |TAMS 0x0000000702a00000, 0x0000000702a00000| Untracked 
|  42|0x0000000702a00000, 0x0000000702b00000, 0x0000000702b00000|100%| O|  |TAMS 0x0000000702b00000, 0x0000000702b00000| Untracked 
|  43|0x0000000702b00000, 0x0000000702c00000, 0x0000000702c00000|100%| O|  |TAMS 0x0000000702be1a00, 0x0000000702c00000| Untracked 
|  44|0x0000000702c00000, 0x0000000702d00000, 0x0000000702d00000|100%| O|  |TAMS 0x0000000702c00000, 0x0000000702d00000| Untracked 
|  45|0x0000000702d00000, 0x0000000702e00000, 0x0000000702e00000|100%| O|  |TAMS 0x0000000702d00000, 0x0000000702e00000| Untracked 
|  46|0x0000000702e00000, 0x0000000702f00000, 0x0000000702f00000|100%| O|  |TAMS 0x0000000702e00000, 0x0000000702f00000| Untracked 
|  47|0x0000000702f00000, 0x0000000703000000, 0x0000000703000000|100%| O|  |TAMS 0x0000000702f00000, 0x0000000703000000| Untracked 
|  48|0x0000000703000000, 0x0000000703100000, 0x0000000703100000|100%| O|  |TAMS 0x0000000703000000, 0x0000000703100000| Untracked 
|  49|0x0000000703100000, 0x0000000703200000, 0x0000000703200000|100%| O|  |TAMS 0x0000000703100000, 0x0000000703200000| Untracked 
|  50|0x0000000703200000, 0x0000000703300000, 0x0000000703300000|100%| O|  |TAMS 0x0000000703200000, 0x0000000703300000| Untracked 
|  51|0x0000000703300000, 0x0000000703400000, 0x0000000703400000|100%| O|  |TAMS 0x0000000703300000, 0x0000000703400000| Untracked 
|  52|0x0000000703400000, 0x0000000703500000, 0x0000000703500000|100%| O|  |TAMS 0x0000000703400000, 0x0000000703500000| Untracked 
|  53|0x0000000703500000, 0x0000000703600000, 0x0000000703600000|100%| O|  |TAMS 0x0000000703500000, 0x0000000703600000| Untracked 
|  54|0x0000000703600000, 0x0000000703700000, 0x0000000703700000|100%| O|  |TAMS 0x0000000703600000, 0x0000000703700000| Untracked 
|  55|0x0000000703700000, 0x0000000703800000, 0x0000000703800000|100%| O|  |TAMS 0x0000000703700000, 0x0000000703800000| Untracked 
|  56|0x0000000703800000, 0x0000000703900000, 0x0000000703900000|100%| O|  |TAMS 0x0000000703800000, 0x0000000703900000| Untracked 
|  57|0x0000000703900000, 0x0000000703a00000, 0x0000000703a00000|100%| O|  |TAMS 0x0000000703900000, 0x0000000703a00000| Untracked 
|  58|0x0000000703a00000, 0x0000000703b00000, 0x0000000703b00000|100%| O|  |TAMS 0x0000000703a00000, 0x0000000703b00000| Untracked 
|  59|0x0000000703b00000, 0x0000000703c00000, 0x0000000703c00000|100%| O|  |TAMS 0x0000000703b00000, 0x0000000703c00000| Untracked 
|  60|0x0000000703c00000, 0x0000000703d00000, 0x0000000703d00000|100%| O|  |TAMS 0x0000000703c00000, 0x0000000703d00000| Untracked 
|  61|0x0000000703d00000, 0x0000000703e00000, 0x0000000703e00000|100%| O|  |TAMS 0x0000000703d00000, 0x0000000703e00000| Untracked 
|  62|0x0000000703e00000, 0x0000000703f00000, 0x0000000703f00000|100%| O|  |TAMS 0x0000000703e00000, 0x0000000703f00000| Untracked 
|  63|0x0000000703f00000, 0x0000000704000000, 0x0000000704000000|100%| O|  |TAMS 0x0000000703f00000, 0x0000000704000000| Untracked 
|  64|0x0000000704000000, 0x0000000704000000, 0x0000000704100000|  0%| F|  |TAMS 0x0000000704000000, 0x0000000704000000| Untracked 
|  65|0x0000000704100000, 0x0000000704200000, 0x0000000704200000|100%| O|  |TAMS 0x0000000704100000, 0x0000000704200000| Untracked 
|  66|0x0000000704200000, 0x0000000704200000, 0x0000000704300000|  0%| F|  |TAMS 0x0000000704200000, 0x0000000704200000| Untracked 
|  67|0x0000000704300000, 0x0000000704300000, 0x0000000704400000|  0%| F|  |TAMS 0x0000000704300000, 0x0000000704300000| Untracked 
|  68|0x0000000704400000, 0x0000000704400000, 0x0000000704500000|  0%| F|  |TAMS 0x0000000704400000, 0x0000000704400000| Untracked 
|  69|0x0000000704500000, 0x0000000704600000, 0x0000000704600000|100%| O|  |TAMS 0x0000000704500000, 0x0000000704600000| Untracked 
|  70|0x0000000704600000, 0x0000000704700000, 0x0000000704700000|100%| O|  |TAMS 0x0000000704600000, 0x0000000704700000| Untracked 
|  71|0x0000000704700000, 0x0000000704800000, 0x0000000704800000|100%| O|  |TAMS 0x0000000704700000, 0x0000000704800000| Untracked 
|  72|0x0000000704800000, 0x0000000704900000, 0x0000000704900000|100%| O|  |TAMS 0x0000000704800000, 0x0000000704900000| Untracked 
|  73|0x0000000704900000, 0x0000000704a00000, 0x0000000704a00000|100%| O|  |TAMS 0x0000000704900000, 0x0000000704a00000| Untracked 
|  74|0x0000000704a00000, 0x0000000704b00000, 0x0000000704b00000|100%| O|  |TAMS 0x0000000704a00000, 0x0000000704b00000| Untracked 
|  75|0x0000000704b00000, 0x0000000704c00000, 0x0000000704c00000|100%| O|  |TAMS 0x0000000704b00000, 0x0000000704c00000| Untracked 
|  76|0x0000000704c00000, 0x0000000704d00000, 0x0000000704d00000|100%| O|  |TAMS 0x0000000704c00000, 0x0000000704d00000| Untracked 
|  77|0x0000000704d00000, 0x0000000704e00000, 0x0000000704e00000|100%| O|  |TAMS 0x0000000704d00000, 0x0000000704e00000| Untracked 
|  78|0x0000000704e00000, 0x0000000704f00000, 0x0000000704f00000|100%| O|  |TAMS 0x0000000704e00000, 0x0000000704f00000| Untracked 
|  79|0x0000000704f00000, 0x0000000705000000, 0x0000000705000000|100%| O|  |TAMS 0x0000000704f00000, 0x0000000705000000| Untracked 
|  80|0x0000000705000000, 0x0000000705100000, 0x0000000705100000|100%| O|  |TAMS 0x0000000705000000, 0x0000000705100000| Untracked 
|  81|0x0000000705100000, 0x0000000705200000, 0x0000000705200000|100%| O|  |TAMS 0x0000000705100000, 0x0000000705200000| Untracked 
|  82|0x0000000705200000, 0x0000000705300000, 0x0000000705300000|100%| O|  |TAMS 0x0000000705200000, 0x0000000705300000| Untracked 
|  83|0x0000000705300000, 0x0000000705400000, 0x0000000705400000|100%| O|  |TAMS 0x0000000705300000, 0x0000000705400000| Untracked 
|  84|0x0000000705400000, 0x0000000705500000, 0x0000000705500000|100%| O|  |TAMS 0x0000000705400000, 0x0000000705500000| Untracked 
|  85|0x0000000705500000, 0x0000000705600000, 0x0000000705600000|100%| O|  |TAMS 0x0000000705500000, 0x0000000705600000| Untracked 
|  86|0x0000000705600000, 0x0000000705700000, 0x0000000705700000|100%| O|  |TAMS 0x0000000705600000, 0x0000000705700000| Untracked 
|  87|0x0000000705700000, 0x0000000705800000, 0x0000000705800000|100%| O|  |TAMS 0x0000000705700000, 0x0000000705800000| Untracked 
|  88|0x0000000705800000, 0x0000000705900000, 0x0000000705900000|100%| O|  |TAMS 0x0000000705800000, 0x0000000705900000| Untracked 
|  89|0x0000000705900000, 0x0000000705a00000, 0x0000000705a00000|100%| O|  |TAMS 0x0000000705900000, 0x0000000705a00000| Untracked 
|  90|0x0000000705a00000, 0x0000000705b00000, 0x0000000705b00000|100%| O|  |TAMS 0x0000000705a00000, 0x0000000705b00000| Untracked 
|  91|0x0000000705b00000, 0x0000000705c00000, 0x0000000705c00000|100%| O|  |TAMS 0x0000000705b00000, 0x0000000705c00000| Untracked 
|  92|0x0000000705c00000, 0x0000000705d00000, 0x0000000705d00000|100%| O|  |TAMS 0x0000000705c00000, 0x0000000705d00000| Untracked 
|  93|0x0000000705d00000, 0x0000000705e00000, 0x0000000705e00000|100%| O|  |TAMS 0x0000000705d00000, 0x0000000705e00000| Untracked 
|  94|0x0000000705e00000, 0x0000000705f00000, 0x0000000705f00000|100%| O|  |TAMS 0x0000000705e00000, 0x0000000705f00000| Untracked 
|  95|0x0000000705f00000, 0x0000000706000000, 0x0000000706000000|100%| O|  |TAMS 0x0000000705f00000, 0x0000000706000000| Untracked 
|  96|0x0000000706000000, 0x0000000706100000, 0x0000000706100000|100%| O|  |TAMS 0x0000000706000000, 0x0000000706100000| Untracked 
|  97|0x0000000706100000, 0x00000007061dea00, 0x0000000706200000| 86%| O|  |TAMS 0x0000000706100000, 0x00000007061dea00| Untracked 
|  98|0x0000000706200000, 0x0000000706200000, 0x0000000706300000|  0%| F|  |TAMS 0x0000000706200000, 0x0000000706200000| Untracked 
|  99|0x0000000706300000, 0x0000000706300000, 0x0000000706400000|  0%| F|  |TAMS 0x0000000706300000, 0x0000000706300000| Untracked 
| 100|0x0000000706400000, 0x0000000706400000, 0x0000000706500000|  0%| F|  |TAMS 0x0000000706400000, 0x0000000706400000| Untracked 
| 101|0x0000000706500000, 0x0000000706500000, 0x0000000706600000|  0%| F|  |TAMS 0x0000000706500000, 0x0000000706500000| Untracked 
| 102|0x0000000706600000, 0x0000000706600000, 0x0000000706700000|  0%| F|  |TAMS 0x0000000706600000, 0x0000000706600000| Untracked 
| 103|0x0000000706700000, 0x0000000706700000, 0x0000000706800000|  0%| F|  |TAMS 0x0000000706700000, 0x0000000706700000| Untracked 
| 104|0x0000000706800000, 0x0000000706800000, 0x0000000706900000|  0%| F|  |TAMS 0x0000000706800000, 0x0000000706800000| Untracked 
| 105|0x0000000706900000, 0x0000000706900000, 0x0000000706a00000|  0%| F|  |TAMS 0x0000000706900000, 0x0000000706900000| Untracked 
| 106|0x0000000706a00000, 0x0000000706a00000, 0x0000000706b00000|  0%| F|  |TAMS 0x0000000706a00000, 0x0000000706a00000| Untracked 
| 107|0x0000000706b00000, 0x0000000706b00000, 0x0000000706c00000|  0%| F|  |TAMS 0x0000000706b00000, 0x0000000706b00000| Untracked 
| 108|0x0000000706c00000, 0x0000000706c00000, 0x0000000706d00000|  0%| F|  |TAMS 0x0000000706c00000, 0x0000000706c00000| Untracked 
| 109|0x0000000706d00000, 0x0000000706d00000, 0x0000000706e00000|  0%| F|  |TAMS 0x0000000706d00000, 0x0000000706d00000| Untracked 
| 110|0x0000000706e00000, 0x0000000706e00000, 0x0000000706f00000|  0%| F|  |TAMS 0x0000000706e00000, 0x0000000706e00000| Untracked 
| 111|0x0000000706f00000, 0x0000000706f00000, 0x0000000707000000|  0%| F|  |TAMS 0x0000000706f00000, 0x0000000706f00000| Untracked 
| 112|0x0000000707000000, 0x0000000707000000, 0x0000000707100000|  0%| F|  |TAMS 0x0000000707000000, 0x0000000707000000| Untracked 
| 113|0x0000000707100000, 0x0000000707100000, 0x0000000707200000|  0%| F|  |TAMS 0x0000000707100000, 0x0000000707100000| Untracked 
| 114|0x0000000707200000, 0x0000000707200000, 0x0000000707300000|  0%| F|  |TAMS 0x0000000707200000, 0x0000000707200000| Untracked 
| 115|0x0000000707300000, 0x0000000707300000, 0x0000000707400000|  0%| F|  |TAMS 0x0000000707300000, 0x0000000707300000| Untracked 
| 116|0x0000000707400000, 0x0000000707400000, 0x0000000707500000|  0%| F|  |TAMS 0x0000000707400000, 0x0000000707400000| Untracked 
| 117|0x0000000707500000, 0x0000000707500000, 0x0000000707600000|  0%| F|  |TAMS 0x0000000707500000, 0x0000000707500000| Untracked 
| 118|0x0000000707600000, 0x0000000707600000, 0x0000000707700000|  0%| F|  |TAMS 0x0000000707600000, 0x0000000707600000| Untracked 
| 119|0x0000000707700000, 0x0000000707700000, 0x0000000707800000|  0%| F|  |TAMS 0x0000000707700000, 0x0000000707700000| Untracked 
| 120|0x0000000707800000, 0x0000000707800000, 0x0000000707900000|  0%| F|  |TAMS 0x0000000707800000, 0x0000000707800000| Untracked 
| 121|0x0000000707900000, 0x0000000707900000, 0x0000000707a00000|  0%| F|  |TAMS 0x0000000707900000, 0x0000000707900000| Untracked 
| 122|0x0000000707a00000, 0x0000000707a00000, 0x0000000707b00000|  0%| F|  |TAMS 0x0000000707a00000, 0x0000000707a00000| Untracked 
| 123|0x0000000707b00000, 0x0000000707b00000, 0x0000000707c00000|  0%| F|  |TAMS 0x0000000707b00000, 0x0000000707b00000| Untracked 
| 124|0x0000000707c00000, 0x0000000707c00000, 0x0000000707d00000|  0%| F|  |TAMS 0x0000000707c00000, 0x0000000707c00000| Untracked 
| 125|0x0000000707d00000, 0x0000000707d00000, 0x0000000707e00000|  0%| F|  |TAMS 0x0000000707d00000, 0x0000000707d00000| Untracked 
| 126|0x0000000707e00000, 0x0000000707e00000, 0x0000000707f00000|  0%| F|  |TAMS 0x0000000707e00000, 0x0000000707e00000| Untracked 
| 127|0x0000000707f00000, 0x0000000707f00000, 0x0000000708000000|  0%| F|  |TAMS 0x0000000707f00000, 0x0000000707f00000| Untracked 
| 128|0x0000000708000000, 0x0000000708000000, 0x0000000708100000|  0%| F|  |TAMS 0x0000000708000000, 0x0000000708000000| Untracked 
| 129|0x0000000708100000, 0x0000000708100000, 0x0000000708200000|  0%| F|  |TAMS 0x0000000708100000, 0x0000000708100000| Untracked 
| 130|0x0000000708200000, 0x0000000708200000, 0x0000000708300000|  0%| F|  |TAMS 0x0000000708200000, 0x0000000708200000| Untracked 
| 131|0x0000000708300000, 0x0000000708300000, 0x0000000708400000|  0%| F|  |TAMS 0x0000000708300000, 0x0000000708300000| Untracked 
| 132|0x0000000708400000, 0x0000000708400000, 0x0000000708500000|  0%| F|  |TAMS 0x0000000708400000, 0x0000000708400000| Untracked 
| 133|0x0000000708500000, 0x0000000708500000, 0x0000000708600000|  0%| F|  |TAMS 0x0000000708500000, 0x0000000708500000| Untracked 
| 134|0x0000000708600000, 0x0000000708600000, 0x0000000708700000|  0%| F|  |TAMS 0x0000000708600000, 0x0000000708600000| Untracked 
| 135|0x0000000708700000, 0x0000000708700000, 0x0000000708800000|  0%| F|  |TAMS 0x0000000708700000, 0x0000000708700000| Untracked 
| 136|0x0000000708800000, 0x0000000708800000, 0x0000000708900000|  0%| F|  |TAMS 0x0000000708800000, 0x0000000708800000| Untracked 
| 137|0x0000000708900000, 0x0000000708900000, 0x0000000708a00000|  0%| F|  |TAMS 0x0000000708900000, 0x0000000708900000| Untracked 
| 138|0x0000000708a00000, 0x0000000708a00000, 0x0000000708b00000|  0%| F|  |TAMS 0x0000000708a00000, 0x0000000708a00000| Untracked 
| 139|0x0000000708b00000, 0x0000000708b00000, 0x0000000708c00000|  0%| F|  |TAMS 0x0000000708b00000, 0x0000000708b00000| Untracked 
| 140|0x0000000708c00000, 0x0000000708c00000, 0x0000000708d00000|  0%| F|  |TAMS 0x0000000708c00000, 0x0000000708c00000| Untracked 
| 141|0x0000000708d00000, 0x0000000708d00000, 0x0000000708e00000|  0%| F|  |TAMS 0x0000000708d00000, 0x0000000708d00000| Untracked 
| 142|0x0000000708e00000, 0x0000000708e00000, 0x0000000708f00000|  0%| F|  |TAMS 0x0000000708e00000, 0x0000000708e00000| Untracked 
| 143|0x0000000708f00000, 0x0000000708f00000, 0x0000000709000000|  0%| F|  |TAMS 0x0000000708f00000, 0x0000000708f00000| Untracked 
| 144|0x0000000709000000, 0x0000000709000000, 0x0000000709100000|  0%| F|  |TAMS 0x0000000709000000, 0x0000000709000000| Untracked 
| 145|0x0000000709100000, 0x0000000709100000, 0x0000000709200000|  0%| F|  |TAMS 0x0000000709100000, 0x0000000709100000| Untracked 
| 146|0x0000000709200000, 0x0000000709200000, 0x0000000709300000|  0%| F|  |TAMS 0x0000000709200000, 0x0000000709200000| Untracked 
| 147|0x0000000709300000, 0x0000000709300000, 0x0000000709400000|  0%| F|  |TAMS 0x0000000709300000, 0x0000000709300000| Untracked 
| 148|0x0000000709400000, 0x0000000709400000, 0x0000000709500000|  0%| F|  |TAMS 0x0000000709400000, 0x0000000709400000| Untracked 
| 149|0x0000000709500000, 0x0000000709500000, 0x0000000709600000|  0%| F|  |TAMS 0x0000000709500000, 0x0000000709500000| Untracked 
| 150|0x0000000709600000, 0x0000000709600000, 0x0000000709700000|  0%| F|  |TAMS 0x0000000709600000, 0x0000000709600000| Untracked 
| 151|0x0000000709700000, 0x0000000709700000, 0x0000000709800000|  0%| F|  |TAMS 0x0000000709700000, 0x0000000709700000| Untracked 
| 152|0x0000000709800000, 0x0000000709800000, 0x0000000709900000|  0%| F|  |TAMS 0x0000000709800000, 0x0000000709800000| Untracked 
| 153|0x0000000709900000, 0x0000000709900000, 0x0000000709a00000|  0%| F|  |TAMS 0x0000000709900000, 0x0000000709900000| Untracked 
| 154|0x0000000709a00000, 0x0000000709a00000, 0x0000000709b00000|  0%| F|  |TAMS 0x0000000709a00000, 0x0000000709a00000| Untracked 
| 155|0x0000000709b00000, 0x0000000709b00000, 0x0000000709c00000|  0%| F|  |TAMS 0x0000000709b00000, 0x0000000709b00000| Untracked 
| 156|0x0000000709c00000, 0x0000000709c00000, 0x0000000709d00000|  0%| F|  |TAMS 0x0000000709c00000, 0x0000000709c00000| Untracked 
| 157|0x0000000709d00000, 0x0000000709d00000, 0x0000000709e00000|  0%| F|  |TAMS 0x0000000709d00000, 0x0000000709d00000| Untracked 
| 158|0x0000000709e00000, 0x0000000709e00000, 0x0000000709f00000|  0%| F|  |TAMS 0x0000000709e00000, 0x0000000709e00000| Untracked 
| 159|0x0000000709f00000, 0x0000000709f00000, 0x000000070a000000|  0%| F|  |TAMS 0x0000000709f00000, 0x0000000709f00000| Untracked 
| 160|0x000000070a000000, 0x000000070a000000, 0x000000070a100000|  0%| F|  |TAMS 0x000000070a000000, 0x000000070a000000| Untracked 
| 161|0x000000070a100000, 0x000000070a100000, 0x000000070a200000|  0%| F|  |TAMS 0x000000070a100000, 0x000000070a100000| Untracked 
| 162|0x000000070a200000, 0x000000070a200000, 0x000000070a300000|  0%| F|  |TAMS 0x000000070a200000, 0x000000070a200000| Untracked 
| 163|0x000000070a300000, 0x000000070a300000, 0x000000070a400000|  0%| F|  |TAMS 0x000000070a300000, 0x000000070a300000| Untracked 
| 164|0x000000070a400000, 0x000000070a400000, 0x000000070a500000|  0%| F|  |TAMS 0x000000070a400000, 0x000000070a400000| Untracked 
| 165|0x000000070a500000, 0x000000070a500000, 0x000000070a600000|  0%| F|  |TAMS 0x000000070a500000, 0x000000070a500000| Untracked 
| 166|0x000000070a600000, 0x000000070a600000, 0x000000070a700000|  0%| F|  |TAMS 0x000000070a600000, 0x000000070a600000| Untracked 
| 167|0x000000070a700000, 0x000000070a700000, 0x000000070a800000|  0%| F|  |TAMS 0x000000070a700000, 0x000000070a700000| Untracked 
| 168|0x000000070a800000, 0x000000070a800000, 0x000000070a900000|  0%| F|  |TAMS 0x000000070a800000, 0x000000070a800000| Untracked 
| 169|0x000000070a900000, 0x000000070a900000, 0x000000070aa00000|  0%| F|  |TAMS 0x000000070a900000, 0x000000070a900000| Untracked 
| 170|0x000000070aa00000, 0x000000070aa00000, 0x000000070ab00000|  0%| F|  |TAMS 0x000000070aa00000, 0x000000070aa00000| Untracked 
| 171|0x000000070ab00000, 0x000000070ab00000, 0x000000070ac00000|  0%| F|  |TAMS 0x000000070ab00000, 0x000000070ab00000| Untracked 
| 172|0x000000070ac00000, 0x000000070ac00000, 0x000000070ad00000|  0%| F|  |TAMS 0x000000070ac00000, 0x000000070ac00000| Untracked 
| 173|0x000000070ad00000, 0x000000070ad00000, 0x000000070ae00000|  0%| F|  |TAMS 0x000000070ad00000, 0x000000070ad00000| Untracked 
| 174|0x000000070ae00000, 0x000000070ae00000, 0x000000070af00000|  0%| F|  |TAMS 0x000000070ae00000, 0x000000070ae00000| Untracked 
| 175|0x000000070af00000, 0x000000070af00000, 0x000000070b000000|  0%| F|  |TAMS 0x000000070af00000, 0x000000070af00000| Untracked 
| 176|0x000000070b000000, 0x000000070b000000, 0x000000070b100000|  0%| F|  |TAMS 0x000000070b000000, 0x000000070b000000| Untracked 
| 177|0x000000070b100000, 0x000000070b100000, 0x000000070b200000|  0%| F|  |TAMS 0x000000070b100000, 0x000000070b100000| Untracked 
| 178|0x000000070b200000, 0x000000070b200000, 0x000000070b300000|  0%| F|  |TAMS 0x000000070b200000, 0x000000070b200000| Untracked 
| 179|0x000000070b300000, 0x000000070b300000, 0x000000070b400000|  0%| F|  |TAMS 0x000000070b300000, 0x000000070b300000| Untracked 
| 180|0x000000070b400000, 0x000000070b400000, 0x000000070b500000|  0%| F|  |TAMS 0x000000070b400000, 0x000000070b400000| Untracked 
| 181|0x000000070b500000, 0x000000070b500000, 0x000000070b600000|  0%| F|  |TAMS 0x000000070b500000, 0x000000070b500000| Untracked 
| 182|0x000000070b600000, 0x000000070b600000, 0x000000070b700000|  0%| F|  |TAMS 0x000000070b600000, 0x000000070b600000| Untracked 
| 183|0x000000070b700000, 0x000000070b700000, 0x000000070b800000|  0%| F|  |TAMS 0x000000070b700000, 0x000000070b700000| Untracked 
| 184|0x000000070b800000, 0x000000070b800000, 0x000000070b900000|  0%| F|  |TAMS 0x000000070b800000, 0x000000070b800000| Untracked 
| 185|0x000000070b900000, 0x000000070b900000, 0x000000070ba00000|  0%| F|  |TAMS 0x000000070b900000, 0x000000070b900000| Untracked 
| 186|0x000000070ba00000, 0x000000070ba00000, 0x000000070bb00000|  0%| F|  |TAMS 0x000000070ba00000, 0x000000070ba00000| Untracked 
| 187|0x000000070bb00000, 0x000000070bb00000, 0x000000070bc00000|  0%| F|  |TAMS 0x000000070bb00000, 0x000000070bb00000| Untracked 
| 188|0x000000070bc00000, 0x000000070bc00000, 0x000000070bd00000|  0%| F|  |TAMS 0x000000070bc00000, 0x000000070bc00000| Untracked 
| 189|0x000000070bd00000, 0x000000070bd00000, 0x000000070be00000|  0%| F|  |TAMS 0x000000070bd00000, 0x000000070bd00000| Untracked 
| 190|0x000000070be00000, 0x000000070be00000, 0x000000070bf00000|  0%| F|  |TAMS 0x000000070be00000, 0x000000070be00000| Untracked 
| 191|0x000000070bf00000, 0x000000070bf00000, 0x000000070c000000|  0%| F|  |TAMS 0x000000070bf00000, 0x000000070bf00000| Untracked 
| 192|0x000000070c000000, 0x000000070c000000, 0x000000070c100000|  0%| F|  |TAMS 0x000000070c000000, 0x000000070c000000| Untracked 
| 193|0x000000070c100000, 0x000000070c100000, 0x000000070c200000|  0%| F|  |TAMS 0x000000070c100000, 0x000000070c100000| Untracked 
| 194|0x000000070c200000, 0x000000070c200000, 0x000000070c300000|  0%| F|  |TAMS 0x000000070c200000, 0x000000070c200000| Untracked 
| 195|0x000000070c300000, 0x000000070c300000, 0x000000070c400000|  0%| F|  |TAMS 0x000000070c300000, 0x000000070c300000| Untracked 
| 196|0x000000070c400000, 0x000000070c400000, 0x000000070c500000|  0%| F|  |TAMS 0x000000070c400000, 0x000000070c400000| Untracked 
| 197|0x000000070c500000, 0x000000070c500000, 0x000000070c600000|  0%| F|  |TAMS 0x000000070c500000, 0x000000070c500000| Untracked 
| 198|0x000000070c600000, 0x000000070c600000, 0x000000070c700000|  0%| F|  |TAMS 0x000000070c600000, 0x000000070c600000| Untracked 
| 199|0x000000070c700000, 0x000000070c700000, 0x000000070c800000|  0%| F|  |TAMS 0x000000070c700000, 0x000000070c700000| Untracked 
| 200|0x000000070c800000, 0x000000070c800000, 0x000000070c900000|  0%| F|  |TAMS 0x000000070c800000, 0x000000070c800000| Untracked 
| 201|0x000000070c900000, 0x000000070c900000, 0x000000070ca00000|  0%| F|  |TAMS 0x000000070c900000, 0x000000070c900000| Untracked 
| 202|0x000000070ca00000, 0x000000070ca00000, 0x000000070cb00000|  0%| F|  |TAMS 0x000000070ca00000, 0x000000070ca00000| Untracked 
| 203|0x000000070cb00000, 0x000000070cb00000, 0x000000070cc00000|  0%| F|  |TAMS 0x000000070cb00000, 0x000000070cb00000| Untracked 
| 204|0x000000070cc00000, 0x000000070cc00000, 0x000000070cd00000|  0%| F|  |TAMS 0x000000070cc00000, 0x000000070cc00000| Untracked 
| 205|0x000000070cd00000, 0x000000070cd00000, 0x000000070ce00000|  0%| F|  |TAMS 0x000000070cd00000, 0x000000070cd00000| Untracked 
| 206|0x000000070ce00000, 0x000000070ce00000, 0x000000070cf00000|  0%| F|  |TAMS 0x000000070ce00000, 0x000000070ce00000| Untracked 
| 207|0x000000070cf00000, 0x000000070cf00000, 0x000000070d000000|  0%| F|  |TAMS 0x000000070cf00000, 0x000000070cf00000| Untracked 
| 208|0x000000070d000000, 0x000000070d000000, 0x000000070d100000|  0%| F|  |TAMS 0x000000070d000000, 0x000000070d000000| Untracked 
| 209|0x000000070d100000, 0x000000070d100000, 0x000000070d200000|  0%| F|  |TAMS 0x000000070d100000, 0x000000070d100000| Untracked 
| 210|0x000000070d200000, 0x000000070d200000, 0x000000070d300000|  0%| F|  |TAMS 0x000000070d200000, 0x000000070d200000| Untracked 
| 211|0x000000070d300000, 0x000000070d300000, 0x000000070d400000|  0%| F|  |TAMS 0x000000070d300000, 0x000000070d300000| Untracked 
| 212|0x000000070d400000, 0x000000070d400000, 0x000000070d500000|  0%| F|  |TAMS 0x000000070d400000, 0x000000070d400000| Untracked 
| 213|0x000000070d500000, 0x000000070d500000, 0x000000070d600000|  0%| F|  |TAMS 0x000000070d500000, 0x000000070d500000| Untracked 
| 214|0x000000070d600000, 0x000000070d600000, 0x000000070d700000|  0%| F|  |TAMS 0x000000070d600000, 0x000000070d600000| Untracked 
| 215|0x000000070d700000, 0x000000070d700000, 0x000000070d800000|  0%| F|  |TAMS 0x000000070d700000, 0x000000070d700000| Untracked 
| 216|0x000000070d800000, 0x000000070d800000, 0x000000070d900000|  0%| F|  |TAMS 0x000000070d800000, 0x000000070d800000| Untracked 
| 217|0x000000070d900000, 0x000000070d900000, 0x000000070da00000|  0%| F|  |TAMS 0x000000070d900000, 0x000000070d900000| Untracked 
| 218|0x000000070da00000, 0x000000070da00000, 0x000000070db00000|  0%| F|  |TAMS 0x000000070da00000, 0x000000070da00000| Untracked 
| 219|0x000000070db00000, 0x000000070db00000, 0x000000070dc00000|  0%| F|  |TAMS 0x000000070db00000, 0x000000070db00000| Untracked 
| 220|0x000000070dc00000, 0x000000070dc00000, 0x000000070dd00000|  0%| F|  |TAMS 0x000000070dc00000, 0x000000070dc00000| Untracked 
| 221|0x000000070dd00000, 0x000000070dd00000, 0x000000070de00000|  0%| F|  |TAMS 0x000000070dd00000, 0x000000070dd00000| Untracked 
| 222|0x000000070de00000, 0x000000070de00000, 0x000000070df00000|  0%| F|  |TAMS 0x000000070de00000, 0x000000070de00000| Untracked 
| 223|0x000000070df00000, 0x000000070df00000, 0x000000070e000000|  0%| F|  |TAMS 0x000000070df00000, 0x000000070df00000| Untracked 
| 224|0x000000070e000000, 0x000000070e000000, 0x000000070e100000|  0%| F|  |TAMS 0x000000070e000000, 0x000000070e000000| Untracked 
| 225|0x000000070e100000, 0x000000070e100000, 0x000000070e200000|  0%| F|  |TAMS 0x000000070e100000, 0x000000070e100000| Untracked 
| 226|0x000000070e200000, 0x000000070e200000, 0x000000070e300000|  0%| F|  |TAMS 0x000000070e200000, 0x000000070e200000| Untracked 
| 227|0x000000070e300000, 0x000000070e300000, 0x000000070e400000|  0%| F|  |TAMS 0x000000070e300000, 0x000000070e300000| Untracked 
| 228|0x000000070e400000, 0x000000070e400000, 0x000000070e500000|  0%| F|  |TAMS 0x000000070e400000, 0x000000070e400000| Untracked 
| 229|0x000000070e500000, 0x000000070e500000, 0x000000070e600000|  0%| F|  |TAMS 0x000000070e500000, 0x000000070e500000| Untracked 
| 230|0x000000070e600000, 0x000000070e600000, 0x000000070e700000|  0%| F|  |TAMS 0x000000070e600000, 0x000000070e600000| Untracked 
| 231|0x000000070e700000, 0x000000070e700000, 0x000000070e800000|  0%| F|  |TAMS 0x000000070e700000, 0x000000070e700000| Untracked 
| 232|0x000000070e800000, 0x000000070e800000, 0x000000070e900000|  0%| F|  |TAMS 0x000000070e800000, 0x000000070e800000| Untracked 
| 233|0x000000070e900000, 0x000000070e900000, 0x000000070ea00000|  0%| F|  |TAMS 0x000000070e900000, 0x000000070e900000| Untracked 
| 234|0x000000070ea00000, 0x000000070ea00000, 0x000000070eb00000|  0%| F|  |TAMS 0x000000070ea00000, 0x000000070ea00000| Untracked 
| 235|0x000000070eb00000, 0x000000070eb00000, 0x000000070ec00000|  0%| F|  |TAMS 0x000000070eb00000, 0x000000070eb00000| Untracked 
| 236|0x000000070ec00000, 0x000000070ec00000, 0x000000070ed00000|  0%| F|  |TAMS 0x000000070ec00000, 0x000000070ec00000| Untracked 
| 237|0x000000070ed00000, 0x000000070ed00000, 0x000000070ee00000|  0%| F|  |TAMS 0x000000070ed00000, 0x000000070ed00000| Untracked 
| 238|0x000000070ee00000, 0x000000070ee00000, 0x000000070ef00000|  0%| F|  |TAMS 0x000000070ee00000, 0x000000070ee00000| Untracked 
| 239|0x000000070ef00000, 0x000000070ef00000, 0x000000070f000000|  0%| F|  |TAMS 0x000000070ef00000, 0x000000070ef00000| Untracked 
| 240|0x000000070f000000, 0x000000070f000000, 0x000000070f100000|  0%| F|  |TAMS 0x000000070f000000, 0x000000070f000000| Untracked 
| 241|0x000000070f100000, 0x000000070f100000, 0x000000070f200000|  0%| F|  |TAMS 0x000000070f100000, 0x000000070f100000| Untracked 
| 242|0x000000070f200000, 0x000000070f200000, 0x000000070f300000|  0%| F|  |TAMS 0x000000070f200000, 0x000000070f200000| Untracked 
| 243|0x000000070f300000, 0x000000070f300000, 0x000000070f400000|  0%| F|  |TAMS 0x000000070f300000, 0x000000070f300000| Untracked 
| 244|0x000000070f400000, 0x000000070f400000, 0x000000070f500000|  0%| F|  |TAMS 0x000000070f400000, 0x000000070f400000| Untracked 
| 245|0x000000070f500000, 0x000000070f500000, 0x000000070f600000|  0%| F|  |TAMS 0x000000070f500000, 0x000000070f500000| Untracked 
| 246|0x000000070f600000, 0x000000070f600000, 0x000000070f700000|  0%| F|  |TAMS 0x000000070f600000, 0x000000070f600000| Untracked 
| 247|0x000000070f700000, 0x000000070f700000, 0x000000070f800000|  0%| F|  |TAMS 0x000000070f700000, 0x000000070f700000| Untracked 
| 248|0x000000070f800000, 0x000000070f800000, 0x000000070f900000|  0%| F|  |TAMS 0x000000070f800000, 0x000000070f800000| Untracked 
| 249|0x000000070f900000, 0x000000070f900000, 0x000000070fa00000|  0%| F|  |TAMS 0x000000070f900000, 0x000000070f900000| Untracked 
| 250|0x000000070fa00000, 0x000000070fa00000, 0x000000070fb00000|  0%| F|  |TAMS 0x000000070fa00000, 0x000000070fa00000| Untracked 
| 251|0x000000070fb00000, 0x000000070fb00000, 0x000000070fc00000|  0%| F|  |TAMS 0x000000070fb00000, 0x000000070fb00000| Untracked 
| 252|0x000000070fc00000, 0x000000070fc00000, 0x000000070fd00000|  0%| F|  |TAMS 0x000000070fc00000, 0x000000070fc00000| Untracked 
| 253|0x000000070fd00000, 0x000000070fd00000, 0x000000070fe00000|  0%| F|  |TAMS 0x000000070fd00000, 0x000000070fd00000| Untracked 
| 254|0x000000070fe00000, 0x000000070fe00000, 0x000000070ff00000|  0%| F|  |TAMS 0x000000070fe00000, 0x000000070fe00000| Untracked 
| 255|0x000000070ff00000, 0x000000070ff00000, 0x0000000710000000|  0%| F|  |TAMS 0x000000070ff00000, 0x000000070ff00000| Untracked 
| 256|0x0000000710000000, 0x0000000710000000, 0x0000000710100000|  0%| F|  |TAMS 0x0000000710000000, 0x0000000710000000| Untracked 
| 257|0x0000000710100000, 0x0000000710100000, 0x0000000710200000|  0%| F|  |TAMS 0x0000000710100000, 0x0000000710100000| Untracked 
| 258|0x0000000710200000, 0x0000000710200000, 0x0000000710300000|  0%| F|  |TAMS 0x0000000710200000, 0x0000000710200000| Untracked 
| 259|0x0000000710300000, 0x0000000710300000, 0x0000000710400000|  0%| F|  |TAMS 0x0000000710300000, 0x0000000710300000| Untracked 
| 260|0x0000000710400000, 0x0000000710400000, 0x0000000710500000|  0%| F|  |TAMS 0x0000000710400000, 0x0000000710400000| Untracked 
| 261|0x0000000710500000, 0x0000000710500000, 0x0000000710600000|  0%| F|  |TAMS 0x0000000710500000, 0x0000000710500000| Untracked 
| 262|0x0000000710600000, 0x0000000710600000, 0x0000000710700000|  0%| F|  |TAMS 0x0000000710600000, 0x0000000710600000| Untracked 
| 263|0x0000000710700000, 0x0000000710700000, 0x0000000710800000|  0%| F|  |TAMS 0x0000000710700000, 0x0000000710700000| Untracked 
| 264|0x0000000710800000, 0x0000000710800000, 0x0000000710900000|  0%| F|  |TAMS 0x0000000710800000, 0x0000000710800000| Untracked 
| 265|0x0000000710900000, 0x0000000710900000, 0x0000000710a00000|  0%| F|  |TAMS 0x0000000710900000, 0x0000000710900000| Untracked 
| 266|0x0000000710a00000, 0x0000000710a00000, 0x0000000710b00000|  0%| F|  |TAMS 0x0000000710a00000, 0x0000000710a00000| Untracked 
| 267|0x0000000710b00000, 0x0000000710b00000, 0x0000000710c00000|  0%| F|  |TAMS 0x0000000710b00000, 0x0000000710b00000| Untracked 
| 268|0x0000000710c00000, 0x0000000710c00000, 0x0000000710d00000|  0%| F|  |TAMS 0x0000000710c00000, 0x0000000710c00000| Untracked 
| 269|0x0000000710d00000, 0x0000000710d00000, 0x0000000710e00000|  0%| F|  |TAMS 0x0000000710d00000, 0x0000000710d00000| Untracked 
| 270|0x0000000710e00000, 0x0000000710e00000, 0x0000000710f00000|  0%| F|  |TAMS 0x0000000710e00000, 0x0000000710e00000| Untracked 
| 271|0x0000000710f00000, 0x0000000710f00000, 0x0000000711000000|  0%| F|  |TAMS 0x0000000710f00000, 0x0000000710f00000| Untracked 
| 272|0x0000000711000000, 0x0000000711000000, 0x0000000711100000|  0%| F|  |TAMS 0x0000000711000000, 0x0000000711000000| Untracked 
| 273|0x0000000711100000, 0x0000000711100000, 0x0000000711200000|  0%| F|  |TAMS 0x0000000711100000, 0x0000000711100000| Untracked 
| 274|0x0000000711200000, 0x0000000711200000, 0x0000000711300000|  0%| F|  |TAMS 0x0000000711200000, 0x0000000711200000| Untracked 
| 275|0x0000000711300000, 0x0000000711300000, 0x0000000711400000|  0%| F|  |TAMS 0x0000000711300000, 0x0000000711300000| Untracked 
| 276|0x0000000711400000, 0x0000000711400000, 0x0000000711500000|  0%| F|  |TAMS 0x0000000711400000, 0x0000000711400000| Untracked 
| 277|0x0000000711500000, 0x0000000711500000, 0x0000000711600000|  0%| F|  |TAMS 0x0000000711500000, 0x0000000711500000| Untracked 
| 278|0x0000000711600000, 0x0000000711600000, 0x0000000711700000|  0%| F|  |TAMS 0x0000000711600000, 0x0000000711600000| Untracked 
| 279|0x0000000711700000, 0x0000000711700000, 0x0000000711800000|  0%| F|  |TAMS 0x0000000711700000, 0x0000000711700000| Untracked 
| 280|0x0000000711800000, 0x0000000711800000, 0x0000000711900000|  0%| F|  |TAMS 0x0000000711800000, 0x0000000711800000| Untracked 
| 281|0x0000000711900000, 0x0000000711900000, 0x0000000711a00000|  0%| F|  |TAMS 0x0000000711900000, 0x0000000711900000| Untracked 
| 282|0x0000000711a00000, 0x0000000711a00000, 0x0000000711b00000|  0%| F|  |TAMS 0x0000000711a00000, 0x0000000711a00000| Untracked 
| 283|0x0000000711b00000, 0x0000000711b00000, 0x0000000711c00000|  0%| F|  |TAMS 0x0000000711b00000, 0x0000000711b00000| Untracked 
| 284|0x0000000711c00000, 0x0000000711c00000, 0x0000000711d00000|  0%| F|  |TAMS 0x0000000711c00000, 0x0000000711c00000| Untracked 
| 285|0x0000000711d00000, 0x0000000711d00000, 0x0000000711e00000|  0%| F|  |TAMS 0x0000000711d00000, 0x0000000711d00000| Untracked 
| 286|0x0000000711e00000, 0x0000000711e00000, 0x0000000711f00000|  0%| F|  |TAMS 0x0000000711e00000, 0x0000000711e00000| Untracked 
| 287|0x0000000711f00000, 0x0000000711f00000, 0x0000000712000000|  0%| F|  |TAMS 0x0000000711f00000, 0x0000000711f00000| Untracked 
| 288|0x0000000712000000, 0x0000000712000000, 0x0000000712100000|  0%| F|  |TAMS 0x0000000712000000, 0x0000000712000000| Untracked 
| 289|0x0000000712100000, 0x0000000712100000, 0x0000000712200000|  0%| F|  |TAMS 0x0000000712100000, 0x0000000712100000| Untracked 
| 290|0x0000000712200000, 0x0000000712200000, 0x0000000712300000|  0%| F|  |TAMS 0x0000000712200000, 0x0000000712200000| Untracked 
| 291|0x0000000712300000, 0x0000000712300000, 0x0000000712400000|  0%| F|  |TAMS 0x0000000712300000, 0x0000000712300000| Untracked 
| 292|0x0000000712400000, 0x0000000712400000, 0x0000000712500000|  0%| F|  |TAMS 0x0000000712400000, 0x0000000712400000| Untracked 
| 293|0x0000000712500000, 0x0000000712500000, 0x0000000712600000|  0%| F|  |TAMS 0x0000000712500000, 0x0000000712500000| Untracked 
| 294|0x0000000712600000, 0x0000000712600000, 0x0000000712700000|  0%| F|  |TAMS 0x0000000712600000, 0x0000000712600000| Untracked 
| 295|0x0000000712700000, 0x0000000712700000, 0x0000000712800000|  0%| F|  |TAMS 0x0000000712700000, 0x0000000712700000| Untracked 
| 296|0x0000000712800000, 0x0000000712800000, 0x0000000712900000|  0%| F|  |TAMS 0x0000000712800000, 0x0000000712800000| Untracked 
| 297|0x0000000712900000, 0x0000000712900000, 0x0000000712a00000|  0%| F|  |TAMS 0x0000000712900000, 0x0000000712900000| Untracked 
| 298|0x0000000712a00000, 0x0000000712a00000, 0x0000000712b00000|  0%| F|  |TAMS 0x0000000712a00000, 0x0000000712a00000| Untracked 
| 299|0x0000000712b00000, 0x0000000712b00000, 0x0000000712c00000|  0%| F|  |TAMS 0x0000000712b00000, 0x0000000712b00000| Untracked 
| 300|0x0000000712c00000, 0x0000000712c00000, 0x0000000712d00000|  0%| F|  |TAMS 0x0000000712c00000, 0x0000000712c00000| Untracked 
| 301|0x0000000712d00000, 0x0000000712d00000, 0x0000000712e00000|  0%| F|  |TAMS 0x0000000712d00000, 0x0000000712d00000| Untracked 
| 302|0x0000000712e00000, 0x0000000712e00000, 0x0000000712f00000|  0%| F|  |TAMS 0x0000000712e00000, 0x0000000712e00000| Untracked 
| 303|0x0000000712f00000, 0x0000000712f00000, 0x0000000713000000|  0%| F|  |TAMS 0x0000000712f00000, 0x0000000712f00000| Untracked 
| 304|0x0000000713000000, 0x0000000713000000, 0x0000000713100000|  0%| F|  |TAMS 0x0000000713000000, 0x0000000713000000| Untracked 
| 305|0x0000000713100000, 0x0000000713100000, 0x0000000713200000|  0%| F|  |TAMS 0x0000000713100000, 0x0000000713100000| Untracked 
| 306|0x0000000713200000, 0x0000000713280000, 0x0000000713300000| 50%| S|CS|TAMS 0x0000000713200000, 0x0000000713200000| Complete 
| 307|0x0000000713300000, 0x0000000713400000, 0x0000000713400000|100%| S|CS|TAMS 0x0000000713300000, 0x0000000713300000| Complete 
| 308|0x0000000713400000, 0x0000000713500000, 0x0000000713500000|100%| S|CS|TAMS 0x0000000713400000, 0x0000000713400000| Complete 
| 309|0x0000000713500000, 0x0000000713600000, 0x0000000713600000|100%| S|CS|TAMS 0x0000000713500000, 0x0000000713500000| Complete 
| 310|0x0000000713600000, 0x0000000713700000, 0x0000000713700000|100%| S|CS|TAMS 0x0000000713600000, 0x0000000713600000| Complete 
| 311|0x0000000713700000, 0x0000000713700000, 0x0000000713800000|  0%| F|  |TAMS 0x0000000713700000, 0x0000000713700000| Untracked 
| 312|0x0000000713800000, 0x0000000713800000, 0x0000000713900000|  0%| F|  |TAMS 0x0000000713800000, 0x0000000713800000| Untracked 
| 313|0x0000000713900000, 0x0000000713900000, 0x0000000713a00000|  0%| F|  |TAMS 0x0000000713900000, 0x0000000713900000| Untracked 
| 314|0x0000000713a00000, 0x0000000713a00000, 0x0000000713b00000|  0%| F|  |TAMS 0x0000000713a00000, 0x0000000713a00000| Untracked 
| 315|0x0000000713b00000, 0x0000000713b00000, 0x0000000713c00000|  0%| F|  |TAMS 0x0000000713b00000, 0x0000000713b00000| Untracked 
| 316|0x0000000713c00000, 0x0000000713c00000, 0x0000000713d00000|  0%| F|  |TAMS 0x0000000713c00000, 0x0000000713c00000| Untracked 
| 317|0x0000000713d00000, 0x0000000713d00000, 0x0000000713e00000|  0%| F|  |TAMS 0x0000000713d00000, 0x0000000713d00000| Untracked 
| 318|0x0000000713e00000, 0x0000000713e00000, 0x0000000713f00000|  0%| F|  |TAMS 0x0000000713e00000, 0x0000000713e00000| Untracked 
| 319|0x0000000713f00000, 0x0000000713f00000, 0x0000000714000000|  0%| F|  |TAMS 0x0000000713f00000, 0x0000000713f00000| Untracked 
| 320|0x0000000714000000, 0x0000000714000000, 0x0000000714100000|  0%| F|  |TAMS 0x0000000714000000, 0x0000000714000000| Untracked 
| 321|0x0000000714100000, 0x0000000714100000, 0x0000000714200000|  0%| F|  |TAMS 0x0000000714100000, 0x0000000714100000| Untracked 
| 322|0x0000000714200000, 0x0000000714200000, 0x0000000714300000|  0%| F|  |TAMS 0x0000000714200000, 0x0000000714200000| Untracked 
| 323|0x0000000714300000, 0x0000000714300000, 0x0000000714400000|  0%| F|  |TAMS 0x0000000714300000, 0x0000000714300000| Untracked 
| 324|0x0000000714400000, 0x0000000714400000, 0x0000000714500000|  0%| F|  |TAMS 0x0000000714400000, 0x0000000714400000| Untracked 
| 325|0x0000000714500000, 0x0000000714500000, 0x0000000714600000|  0%| F|  |TAMS 0x0000000714500000, 0x0000000714500000| Untracked 
| 326|0x0000000714600000, 0x0000000714600000, 0x0000000714700000|  0%| F|  |TAMS 0x0000000714600000, 0x0000000714600000| Untracked 
| 327|0x0000000714700000, 0x0000000714700000, 0x0000000714800000|  0%| F|  |TAMS 0x0000000714700000, 0x0000000714700000| Untracked 
| 328|0x0000000714800000, 0x0000000714800000, 0x0000000714900000|  0%| F|  |TAMS 0x0000000714800000, 0x0000000714800000| Untracked 
| 329|0x0000000714900000, 0x0000000714900000, 0x0000000714a00000|  0%| F|  |TAMS 0x0000000714900000, 0x0000000714900000| Untracked 
| 330|0x0000000714a00000, 0x0000000714a00000, 0x0000000714b00000|  0%| F|  |TAMS 0x0000000714a00000, 0x0000000714a00000| Untracked 
| 331|0x0000000714b00000, 0x0000000714b00000, 0x0000000714c00000|  0%| F|  |TAMS 0x0000000714b00000, 0x0000000714b00000| Untracked 
| 332|0x0000000714c00000, 0x0000000714c00000, 0x0000000714d00000|  0%| F|  |TAMS 0x0000000714c00000, 0x0000000714c00000| Untracked 
| 333|0x0000000714d00000, 0x0000000714d00000, 0x0000000714e00000|  0%| F|  |TAMS 0x0000000714d00000, 0x0000000714d00000| Untracked 
| 334|0x0000000714e00000, 0x0000000714e00000, 0x0000000714f00000|  0%| F|  |TAMS 0x0000000714e00000, 0x0000000714e00000| Untracked 
| 335|0x0000000714f00000, 0x0000000714f00000, 0x0000000715000000|  0%| F|  |TAMS 0x0000000714f00000, 0x0000000714f00000| Untracked 
| 336|0x0000000715000000, 0x0000000715000000, 0x0000000715100000|  0%| F|  |TAMS 0x0000000715000000, 0x0000000715000000| Untracked 
| 337|0x0000000715100000, 0x0000000715100000, 0x0000000715200000|  0%| F|  |TAMS 0x0000000715100000, 0x0000000715100000| Untracked 
| 338|0x0000000715200000, 0x0000000715200000, 0x0000000715300000|  0%| F|  |TAMS 0x0000000715200000, 0x0000000715200000| Untracked 
| 339|0x0000000715300000, 0x0000000715300000, 0x0000000715400000|  0%| F|  |TAMS 0x0000000715300000, 0x0000000715300000| Untracked 
| 340|0x0000000715400000, 0x0000000715400000, 0x0000000715500000|  0%| F|  |TAMS 0x0000000715400000, 0x0000000715400000| Untracked 
| 341|0x0000000715500000, 0x0000000715500000, 0x0000000715600000|  0%| F|  |TAMS 0x0000000715500000, 0x0000000715500000| Untracked 
| 342|0x0000000715600000, 0x0000000715600000, 0x0000000715700000|  0%| F|  |TAMS 0x0000000715600000, 0x0000000715600000| Untracked 
| 343|0x0000000715700000, 0x0000000715700000, 0x0000000715800000|  0%| F|  |TAMS 0x0000000715700000, 0x0000000715700000| Untracked 
| 344|0x0000000715800000, 0x0000000715800000, 0x0000000715900000|  0%| F|  |TAMS 0x0000000715800000, 0x0000000715800000| Untracked 
| 345|0x0000000715900000, 0x0000000715900000, 0x0000000715a00000|  0%| F|  |TAMS 0x0000000715900000, 0x0000000715900000| Untracked 
| 346|0x0000000715a00000, 0x0000000715a00000, 0x0000000715b00000|  0%| F|  |TAMS 0x0000000715a00000, 0x0000000715a00000| Untracked 
| 347|0x0000000715b00000, 0x0000000715b00000, 0x0000000715c00000|  0%| F|  |TAMS 0x0000000715b00000, 0x0000000715b00000| Untracked 
| 348|0x0000000715c00000, 0x0000000715c00000, 0x0000000715d00000|  0%| F|  |TAMS 0x0000000715c00000, 0x0000000715c00000| Untracked 
| 349|0x0000000715d00000, 0x0000000715d00000, 0x0000000715e00000|  0%| F|  |TAMS 0x0000000715d00000, 0x0000000715d00000| Untracked 
| 350|0x0000000715e00000, 0x0000000715e00000, 0x0000000715f00000|  0%| F|  |TAMS 0x0000000715e00000, 0x0000000715e00000| Untracked 
| 351|0x0000000715f00000, 0x0000000715f00000, 0x0000000716000000|  0%| F|  |TAMS 0x0000000715f00000, 0x0000000715f00000| Untracked 
| 352|0x0000000716000000, 0x0000000716000000, 0x0000000716100000|  0%| F|  |TAMS 0x0000000716000000, 0x0000000716000000| Untracked 
| 353|0x0000000716100000, 0x0000000716100000, 0x0000000716200000|  0%| F|  |TAMS 0x0000000716100000, 0x0000000716100000| Untracked 
| 354|0x0000000716200000, 0x0000000716200000, 0x0000000716300000|  0%| F|  |TAMS 0x0000000716200000, 0x0000000716200000| Untracked 
| 355|0x0000000716300000, 0x0000000716300000, 0x0000000716400000|  0%| F|  |TAMS 0x0000000716300000, 0x0000000716300000| Untracked 
| 356|0x0000000716400000, 0x0000000716400000, 0x0000000716500000|  0%| F|  |TAMS 0x0000000716400000, 0x0000000716400000| Untracked 
| 357|0x0000000716500000, 0x0000000716500000, 0x0000000716600000|  0%| F|  |TAMS 0x0000000716500000, 0x0000000716500000| Untracked 
| 358|0x0000000716600000, 0x0000000716600000, 0x0000000716700000|  0%| F|  |TAMS 0x0000000716600000, 0x0000000716600000| Untracked 
| 359|0x0000000716700000, 0x0000000716700000, 0x0000000716800000|  0%| F|  |TAMS 0x0000000716700000, 0x0000000716700000| Untracked 
| 360|0x0000000716800000, 0x0000000716800000, 0x0000000716900000|  0%| F|  |TAMS 0x0000000716800000, 0x0000000716800000| Untracked 
| 361|0x0000000716900000, 0x00000007169725f0, 0x0000000716a00000| 44%| E|  |TAMS 0x0000000716900000, 0x0000000716900000| Complete 
| 362|0x0000000716a00000, 0x0000000716b00000, 0x0000000716b00000|100%| E|CS|TAMS 0x0000000716a00000, 0x0000000716a00000| Complete 
| 363|0x0000000716b00000, 0x0000000716c00000, 0x0000000716c00000|100%| E|CS|TAMS 0x0000000716b00000, 0x0000000716b00000| Complete 
| 364|0x0000000716c00000, 0x0000000716d00000, 0x0000000716d00000|100%| E|  |TAMS 0x0000000716c00000, 0x0000000716c00000| Complete 
| 365|0x0000000716d00000, 0x0000000716e00000, 0x0000000716e00000|100%| E|CS|TAMS 0x0000000716d00000, 0x0000000716d00000| Complete 
| 366|0x0000000716e00000, 0x0000000716f00000, 0x0000000716f00000|100%| E|CS|TAMS 0x0000000716e00000, 0x0000000716e00000| Complete 
| 367|0x0000000716f00000, 0x0000000717000000, 0x0000000717000000|100%| E|CS|TAMS 0x0000000716f00000, 0x0000000716f00000| Complete 
| 368|0x0000000717000000, 0x0000000717100000, 0x0000000717100000|100%| E|CS|TAMS 0x0000000717000000, 0x0000000717000000| Complete 
| 369|0x0000000717100000, 0x0000000717200000, 0x0000000717200000|100%| E|CS|TAMS 0x0000000717100000, 0x0000000717100000| Complete 

Card table byte_map: [0x000001b8252d0000,0x000001b825ad0000] _byte_map_base: 0x000001b821ad0000

Marking Bits (Prev, Next): (CMBitMap*) 0x000001b8117ee170, (CMBitMap*) 0x000001b8117ee138
 Prev Bits: [0x000001b82a2d0000, 0x000001b82e2d0000)
 Next Bits: [0x000001b8262d0000, 0x000001b82a2d0000)

Polling page: 0x000001b80ff20000

Metaspace:

Usage:
  Non-class:     86.20 MB capacity,    84.50 MB ( 98%) used,     1.49 MB (  2%) free+waste,   221.31 KB ( <1%) overhead. 
      Class:     12.83 MB capacity,    12.00 MB ( 94%) used,   747.98 KB (  6%) free+waste,   100.44 KB ( <1%) overhead. 
       Both:     99.03 MB capacity,    96.50 MB ( 97%) used,     2.22 MB (  2%) free+waste,   321.75 KB ( <1%) overhead. 

Virtual space:
  Non-class space:       88.00 MB reserved,      86.25 MB ( 98%) committed 
      Class space:        1.00 GB reserved,      12.91 MB (  1%) committed 
             Both:        1.09 GB reserved,      99.16 MB (  9%) committed 

Chunk freelists:
   Non-Class:  53.00 KB
       Class:  13.00 KB
        Both:  66.00 KB

MaxMetaspaceSize: 17179869184.00 GB
CompressedClassSpaceSize: 1.00 GB

CodeHeap 'non-profiled nmethods': size=120064Kb used=7629Kb max_used=7629Kb free=112434Kb
 bounds [0x000001b81cd50000, 0x000001b81d4d0000, 0x000001b824290000]
CodeHeap 'profiled nmethods': size=120000Kb used=32459Kb max_used=32459Kb free=87540Kb
 bounds [0x000001b815820000, 0x000001b8177e0000, 0x000001b81cd50000]
CodeHeap 'non-nmethods': size=5696Kb used=2322Kb max_used=2371Kb free=3373Kb
 bounds [0x000001b815290000, 0x000001b815500000, 0x000001b815820000]
 total_blobs=13586 nmethods=12658 adapters=838
 compilation: enabled
              stopped_count=0, restarted_count=0
 full_count=0

Compilation events (20 events):
Event: 14.507 Thread 0x000001b831537000 12756       3       jdk.internal.reflect.ClassFileAssembler::opc_sipush (16 bytes)
Event: 14.507 Thread 0x000001b831537000 nmethod 12756 0x000001b8177ce310 code [0x000001b8177ce520, 0x000001b8177cea88]
Event: 14.507 Thread 0x000001b831537000 12758       3       org.codehaus.groovy.util.ManagedConcurrentLinkedQueue$Itr::advance (73 bytes)
Event: 14.508 Thread 0x000001b831537000 nmethod 12758 0x000001b8177ced10 code [0x000001b8177cef40, 0x000001b8177cf738]
Event: 14.508 Thread 0x000001b831537000 12757       3       org.codehaus.groovy.util.ManagedConcurrentLinkedQueue$Itr::next (27 bytes)
Event: 14.508 Thread 0x000001b831537000 nmethod 12757 0x000001b8177cf990 code [0x000001b8177cfb80, 0x000001b8177cff38]
Event: 14.508 Thread 0x000001b831537000 12759       3       java.lang.ClassValue$Entry::isLive (26 bytes)
Event: 14.508 Thread 0x000001b831537000 nmethod 12759 0x000001b8177d0090 code [0x000001b8177d0280, 0x000001b8177d08d8]
Event: 14.508 Thread 0x000001b831537000 12761       3       java.lang.ClassValue$Version::isLive (17 bytes)
Event: 14.508 Thread 0x000001b831537000 nmethod 12761 0x000001b8177d0a90 code [0x000001b8177d0c40, 0x000001b8177d0e58]
Event: 14.511 Thread 0x000001b831537000 12764       3       java.lang.invoke.VarHandleObjects$FieldInstanceReadWrite::setRelease (30 bytes)
Event: 14.512 Thread 0x000001b831537000 nmethod 12764 0x000001b8177d0f10 code [0x000001b8177d1160, 0x000001b8177d19a8]
Event: 14.512 Thread 0x000001b831537000 12767       2       java.util.concurrent.ConcurrentLinkedQueue$Node::casItem (10 bytes)
Event: 14.512 Thread 0x000001b831537000 nmethod 12767 0x000001b8177d1c90 code [0x000001b8177d1ea0, 0x000001b8177d2418]
Event: 14.512 Thread 0x000001b831537000 12765       3       org.gradle.internal.concurrent.CompositeStoppable::<init> (16 bytes)
Event: 14.512 Thread 0x000001b831537000 nmethod 12765 0x000001b8177d2690 code [0x000001b8177d2880, 0x000001b8177d2c98]
Event: 14.513 Thread 0x000001b831537000 12768       1       java.util.concurrent.ConcurrentLinkedQueue::lambda$clear$2 (2 bytes)
Event: 14.513 Thread 0x000001b831537000 nmethod 12768 0x000001b81d4c1590 code [0x000001b81d4c1740, 0x000001b81d4c17d8]
Event: 14.514 Thread 0x000001b839042800 nmethod 12736% 0x000001b81d4c1890 code [0x000001b81d4c1a60, 0x000001b81d4c2e98]
Event: 14.514 Thread 0x000001b839042800 12752       4       org.codehaus.groovy.util.ManagedReference::get (10 bytes)

GC Heap History (20 events):
Event: 3.698 GC heap before
{Heap before GC invocations=7 (full 0):
 garbage-first heap   total 315392K, used 205379K [0x0000000700000000, 0x0000000800000000)
  region size 1024K, 184 young (188416K), 10 survivors (10240K)
 Metaspace       used 58574K, capacity 59976K, committed 60160K, reserved 1101824K
  class space    used 7268K, capacity 7698K, committed 7808K, reserved 1048576K
}
Event: 3.710 GC heap after
{Heap after GC invocations=8 (full 0):
 garbage-first heap   total 315392K, used 44324K [0x0000000700000000, 0x0000000800000000)
  region size 1024K, 23 young (23552K), 23 survivors (23552K)
 Metaspace       used 58574K, capacity 59976K, committed 60160K, reserved 1101824K
  class space    used 7268K, capacity 7698K, committed 7808K, reserved 1048576K
}
Event: 3.742 GC heap before
{Heap before GC invocations=8 (full 0):
 garbage-first heap   total 315392K, used 52516K [0x0000000700000000, 0x0000000800000000)
  region size 1024K, 32 young (32768K), 23 survivors (23552K)
 Metaspace       used 58756K, capacity 60050K, committed 60160K, reserved 1101824K
  class space    used 7297K, capacity 7700K, committed 7808K, reserved 1048576K
}
Event: 3.767 GC heap after
{Heap after GC invocations=9 (full 0):
 garbage-first heap   total 315392K, used 48006K [0x0000000700000000, 0x0000000800000000)
  region size 1024K, 3 young (3072K), 3 survivors (3072K)
 Metaspace       used 58756K, capacity 60050K, committed 60160K, reserved 1101824K
  class space    used 7297K, capacity 7700K, committed 7808K, reserved 1048576K
}
Event: 4.644 GC heap before
{Heap before GC invocations=10 (full 0):
 garbage-first heap   total 315392K, used 157574K [0x0000000700000000, 0x0000000800000000)
  region size 1024K, 110 young (112640K), 3 survivors (3072K)
 Metaspace       used 71562K, capacity 73218K, committed 73472K, reserved 1114112K
  class space    used 9103K, capacity 9666K, committed 9728K, reserved 1048576K
}
Event: 4.650 GC heap after
{Heap after GC invocations=11 (full 0):
 garbage-first heap   total 315392K, used 52102K [0x0000000700000000, 0x0000000800000000)
  region size 1024K, 7 young (7168K), 7 survivors (7168K)
 Metaspace       used 71562K, capacity 73218K, committed 73472K, reserved 1114112K
  class space    used 9103K, capacity 9666K, committed 9728K, reserved 1048576K
}
Event: 5.410 GC heap before
{Heap before GC invocations=11 (full 0):
 garbage-first heap   total 315392K, used 171910K [0x0000000700000000, 0x0000000800000000)
  region size 1024K, 125 young (128000K), 7 survivors (7168K)
 Metaspace       used 79567K, capacity 81582K, committed 81664K, reserved 1120256K
  class space    used 10109K, capacity 10742K, committed 10752K, reserved 1048576K
}
Event: 5.419 GC heap after
{Heap after GC invocations=12 (full 0):
 garbage-first heap   total 315392K, used 64767K [0x0000000700000000, 0x0000000800000000)
  region size 1024K, 16 young (16384K), 16 survivors (16384K)
 Metaspace       used 79567K, capacity 81582K, committed 81664K, reserved 1120256K
  class space    used 10109K, capacity 10742K, committed 10752K, reserved 1048576K
}
Event: 5.977 GC heap before
{Heap before GC invocations=12 (full 0):
 garbage-first heap   total 315392K, used 187647K [0x0000000700000000, 0x0000000800000000)
  region size 1024K, 136 young (139264K), 16 survivors (16384K)
 Metaspace       used 81360K, capacity 83413K, committed 83584K, reserved 1122304K
  class space    used 10224K, capacity 10862K, committed 10880K, reserved 1048576K
}
Event: 5.986 GC heap after
{Heap after GC invocations=13 (full 0):
 garbage-first heap   total 378880K, used 67900K [0x0000000700000000, 0x0000000800000000)
  region size 1024K, 3 young (3072K), 3 survivors (3072K)
 Metaspace       used 81360K, capacity 83413K, committed 83584K, reserved 1122304K
  class space    used 10224K, capacity 10862K, committed 10880K, reserved 1048576K
}
Event: 6.555 GC heap before
{Heap before GC invocations=13 (full 0):
 garbage-first heap   total 378880K, used 216380K [0x0000000700000000, 0x0000000800000000)
  region size 1024K, 148 young (151552K), 3 survivors (3072K)
 Metaspace       used 81489K, capacity 83503K, committed 83584K, reserved 1122304K
  class space    used 10226K, capacity 10866K, committed 10880K, reserved 1048576K
}
Event: 6.556 GC heap after
{Heap after GC invocations=14 (full 0):
 garbage-first heap   total 378880K, used 66148K [0x0000000700000000, 0x0000000800000000)
  region size 1024K, 2 young (2048K), 2 survivors (2048K)
 Metaspace       used 81489K, capacity 83503K, committed 83584K, reserved 1122304K
  class space    used 10226K, capacity 10866K, committed 10880K, reserved 1048576K
}
Event: 7.187 GC heap before
{Heap before GC invocations=14 (full 0):
 garbage-first heap   total 378880K, used 226916K [0x0000000700000000, 0x0000000800000000)
  region size 1024K, 159 young (162816K), 2 survivors (2048K)
 Metaspace       used 82696K, capacity 84795K, committed 84992K, reserved 1124352K
  class space    used 10344K, capacity 10997K, committed 11008K, reserved 1048576K
}
Event: 7.189 GC heap after
{Heap after GC invocations=15 (full 0):
 garbage-first heap   total 378880K, used 66721K [0x0000000700000000, 0x0000000800000000)
  region size 1024K, 2 young (2048K), 2 survivors (2048K)
 Metaspace       used 82696K, capacity 84795K, committed 84992K, reserved 1124352K
  class space    used 10344K, capacity 10997K, committed 11008K, reserved 1048576K
}
Event: 8.012 GC heap before
{Heap before GC invocations=15 (full 0):
 garbage-first heap   total 378880K, used 238753K [0x0000000700000000, 0x0000000800000000)
  region size 1024K, 170 young (174080K), 2 survivors (2048K)
 Metaspace       used 88224K, capacity 90611K, committed 90880K, reserved 1128448K
  class space    used 10952K, capacity 11746K, committed 11776K, reserved 1048576K
}
Event: 8.020 GC heap after
{Heap after GC invocations=16 (full 0):
 garbage-first heap   total 378880K, used 78450K [0x0000000700000000, 0x0000000800000000)
  region size 1024K, 14 young (14336K), 14 survivors (14336K)
 Metaspace       used 88224K, capacity 90611K, committed 90880K, reserved 1128448K
  class space    used 10952K, capacity 11746K, committed 11776K, reserved 1048576K
}
Event: 8.975 GC heap before
{Heap before GC invocations=16 (full 0):
 garbage-first heap   total 378880K, used 255602K [0x0000000700000000, 0x0000000800000000)
  region size 1024K, 183 young (187392K), 14 survivors (14336K)
 Metaspace       used 96466K, capacity 99062K, committed 99200K, reserved 1136640K
  class space    used 11977K, capacity 12837K, committed 12928K, reserved 1048576K
}
Event: 8.988 GC heap after
{Heap after GC invocations=17 (full 0):
 garbage-first heap   total 378880K, used 103073K [0x0000000700000000, 0x0000000800000000)
  region size 1024K, 22 young (22528K), 22 survivors (22528K)
 Metaspace       used 96466K, capacity 99062K, committed 99200K, reserved 1136640K
  class space    used 11977K, capacity 12837K, committed 12928K, reserved 1048576K
}
Event: 14.433 GC heap before
{Heap before GC invocations=17 (full 0):
 garbage-first heap   total 378880K, used 162465K [0x0000000700000000, 0x0000000800000000)
  region size 1024K, 81 young (82944K), 22 survivors (22528K)
 Metaspace       used 98043K, capacity 100614K, committed 100696K, reserved 1136640K
  class space    used 12195K, capacity 13069K, committed 13144K, reserved 1048576K
}
Event: 14.443 GC heap after
{Heap after GC invocations=18 (full 0):
 garbage-first heap   total 378880K, used 100730K [0x0000000700000000, 0x0000000800000000)
  region size 1024K, 5 young (5120K), 5 survivors (5120K)
 Metaspace       used 98043K, capacity 100614K, committed 100696K, reserved 1136640K
  class space    used 12195K, capacity 13069K, committed 13144K, reserved 1048576K
}

Deoptimization events (20 events):
Event: 14.113 Thread 0x000001b83adbc000 Uncommon trap: trap_request=0xffffffbe fr.pc=0x000001b81d4b4230 relative=0x00000000000002f0
Event: 14.113 Thread 0x000001b83adbc000 Uncommon trap: reason=profile_predicate action=maybe_recompile pc=0x000001b81d4b4230 method=java.util.regex.Pattern$Slice.match(Ljava/util/regex/Matcher;ILjava/lang/CharSequence;)Z @ 18 c2
Event: 14.113 Thread 0x000001b83adbc000 DEOPT PACKING pc=0x000001b81d4b4230 sp=0x000000992c5fa4e0
Event: 14.113 Thread 0x000001b83adbc000 DEOPT UNPACKING pc=0x000001b8152b68af sp=0x000000992c5fa450 mode 2
Event: 14.114 Thread 0x000001b83adbc000 Uncommon trap: trap_request=0xffffffbe fr.pc=0x000001b81d4b4230 relative=0x00000000000002f0
Event: 14.114 Thread 0x000001b83adbc000 Uncommon trap: reason=profile_predicate action=maybe_recompile pc=0x000001b81d4b4230 method=java.util.regex.Pattern$Slice.match(Ljava/util/regex/Matcher;ILjava/lang/CharSequence;)Z @ 18 c2
Event: 14.114 Thread 0x000001b83adbc000 DEOPT PACKING pc=0x000001b81d4b4230 sp=0x000000992c5fa4e0
Event: 14.114 Thread 0x000001b83adbc000 DEOPT UNPACKING pc=0x000001b8152b68af sp=0x000000992c5fa450 mode 2
Event: 14.114 Thread 0x000001b83adbc000 Uncommon trap: trap_request=0xffffffbe fr.pc=0x000001b81d4b4230 relative=0x00000000000002f0
Event: 14.114 Thread 0x000001b83adbc000 Uncommon trap: reason=profile_predicate action=maybe_recompile pc=0x000001b81d4b4230 method=java.util.regex.Pattern$Slice.match(Ljava/util/regex/Matcher;ILjava/lang/CharSequence;)Z @ 18 c2
Event: 14.114 Thread 0x000001b83adbc000 DEOPT PACKING pc=0x000001b81d4b4230 sp=0x000000992c5fa4e0
Event: 14.114 Thread 0x000001b83adbc000 DEOPT UNPACKING pc=0x000001b8152b68af sp=0x000000992c5fa450 mode 2
Event: 14.477 Thread 0x000001b83adb5800 Uncommon trap: trap_request=0xffffff4d fr.pc=0x000001b81d46b014 relative=0x00000000000000d4
Event: 14.477 Thread 0x000001b83adb5800 Uncommon trap: reason=unstable_if action=reinterpret pc=0x000001b81d46b014 method=com.google.common.collect.ImmutableMultimap$1.hasNext()Z @ 9 c2
Event: 14.477 Thread 0x000001b83adb5800 DEOPT PACKING pc=0x000001b81d46b014 sp=0x000000992c1fdee0
Event: 14.477 Thread 0x000001b83adb5800 DEOPT UNPACKING pc=0x000001b8152b68af sp=0x000000992c1fde80 mode 2
Event: 14.501 Thread 0x000001b832016800 Uncommon trap: trap_request=0xffffff4d fr.pc=0x000001b81d1784d4 relative=0x0000000000000034
Event: 14.501 Thread 0x000001b832016800 Uncommon trap: reason=unstable_if action=reinterpret pc=0x000001b81d1784d4 method=java.util.Formatter$Conversion.isGeneral(C)Z @ 1 c2
Event: 14.501 Thread 0x000001b832016800 DEOPT PACKING pc=0x000001b81d1784d4 sp=0x000000992a2fcf20
Event: 14.501 Thread 0x000001b832016800 DEOPT UNPACKING pc=0x000001b8152b68af sp=0x000000992a2fcea8 mode 2

Classes redefined (0 events):
No events

Internal exceptions (20 events):
Event: 14.102 Thread 0x000001b83adbc000 Exception <a 'java/lang/ClassNotFoundException'{0x0000000713860468}: [BCustomizer> (0x0000000713860468) thrown at [./src/hotspot/share/prims/jni.cpp, line 636]
Event: 14.102 Thread 0x000001b83adbc000 Exception <a 'java/lang/ClassNotFoundException'{0x0000000713861210}: [BCustomizer> (0x0000000713861210) thrown at [./src/hotspot/share/prims/jni.cpp, line 636]
Event: 14.104 Thread 0x000001b83adbc000 Exception <a 'java/security/PrivilegedActionException'{0x0000000713880758}> (0x0000000713880758) thrown at [./src/hotspot/share/prims/jvm.cpp, line 1306]
Event: 14.104 Thread 0x000001b83adbc000 Exception <a 'java/security/PrivilegedActionException'{0x00000007138814c8}> (0x00000007138814c8) thrown at [./src/hotspot/share/prims/jvm.cpp, line 1306]
Event: 14.104 Thread 0x000001b83adbc000 Exception <a 'java/security/PrivilegedActionException'{0x000000071388a568}> (0x000000071388a568) thrown at [./src/hotspot/share/prims/jvm.cpp, line 1306]
Event: 14.104 Thread 0x000001b83adbc000 Exception <a 'java/security/PrivilegedActionException'{0x000000071388b2d8}> (0x000000071388b2d8) thrown at [./src/hotspot/share/prims/jvm.cpp, line 1306]
Event: 14.104 Thread 0x000001b83adbc000 Exception <a 'java/security/PrivilegedActionException'{0x00000007138930c8}> (0x00000007138930c8) thrown at [./src/hotspot/share/prims/jvm.cpp, line 1306]
Event: 14.104 Thread 0x000001b83adbc000 Exception <a 'java/security/PrivilegedActionException'{0x0000000713893e38}> (0x0000000713893e38) thrown at [./src/hotspot/share/prims/jvm.cpp, line 1306]
Event: 14.104 Thread 0x000001b83adbc000 Exception <a 'java/lang/ClassNotFoundException'{0x000000071389a580}: org/codehaus/groovy/runtime/EncodingGroovyMethods$1BeanInfo> (0x000000071389a580) thrown at [./src/hotspot/share/classfile/systemDictionary.cpp, line 231]
Event: 14.104 Thread 0x000001b83adbc000 Exception <a 'java/security/PrivilegedActionException'{0x00000007138a0e20}> (0x00000007138a0e20) thrown at [./src/hotspot/share/prims/jvm.cpp, line 1306]
Event: 14.104 Thread 0x000001b83adbc000 Exception <a 'java/security/PrivilegedActionException'{0x00000007138a1b90}> (0x00000007138a1b90) thrown at [./src/hotspot/share/prims/jvm.cpp, line 1306]
Event: 14.105 Thread 0x000001b83adbc000 Exception <a 'java/security/PrivilegedActionException'{0x00000007138aac30}> (0x00000007138aac30) thrown at [./src/hotspot/share/prims/jvm.cpp, line 1306]
Event: 14.105 Thread 0x000001b83adbc000 Exception <a 'java/security/PrivilegedActionException'{0x00000007138ab9a0}> (0x00000007138ab9a0) thrown at [./src/hotspot/share/prims/jvm.cpp, line 1306]
Event: 14.105 Thread 0x000001b83adbc000 Exception <a 'java/security/PrivilegedActionException'{0x00000007138b3790}> (0x00000007138b3790) thrown at [./src/hotspot/share/prims/jvm.cpp, line 1306]
Event: 14.105 Thread 0x000001b83adbc000 Exception <a 'java/security/PrivilegedActionException'{0x00000007138b4500}> (0x00000007138b4500) thrown at [./src/hotspot/share/prims/jvm.cpp, line 1306]
Event: 14.105 Thread 0x000001b83adbc000 Exception <a 'java/lang/ClassNotFoundException'{0x00000007138ba9d0}: org/codehaus/groovy/runtime/EncodingGroovyMethods$1Customizer> (0x00000007138ba9d0) thrown at [./src/hotspot/share/classfile/systemDictionary.cpp, line 231]
Event: 14.108 Thread 0x000001b83adbc000 Exception <a 'java/lang/ClassNotFoundException'{0x0000000713709660}: org/gradle/api/tasks/testing/TestResult$ResultTypeBeanInfo> (0x0000000713709660) thrown at [./src/hotspot/share/classfile/systemDictionary.cpp, line 231]
Event: 14.108 Thread 0x000001b83adbc000 Exception <a 'java/lang/ClassNotFoundException'{0x00000007137285c8}: org/gradle/api/tasks/testing/TestResult$ResultTypeCustomizer> (0x00000007137285c8) thrown at [./src/hotspot/share/classfile/systemDictionary.cpp, line 231]
Event: 14.491 Thread 0x000001b832016800 Exception <a 'sun/nio/fs/WindowsException'{0x0000000716baa7d0}> (0x0000000716baa7d0) thrown at [./src/hotspot/share/prims/jni.cpp, line 615]
Event: 14.503 Thread 0x000001b83adb8800 Exception <a 'java/lang/InterruptedException'{0x0000000716900000}> (0x0000000716900000) thrown at [./src/hotspot/share/runtime/objectMonitor.cpp, line 1635]

Events (20 events):
Event: 14.514 Executing VM operation: RevokeBias
Event: 14.514 Executing VM operation: RevokeBias done
Event: 14.514 Executing VM operation: RevokeBias
Event: 14.514 Executing VM operation: RevokeBias done
Event: 14.514 Executing VM operation: RevokeBias
Event: 14.514 Executing VM operation: RevokeBias done
Event: 14.515 Executing VM operation: RevokeBias
Event: 14.515 Executing VM operation: RevokeBias done
Event: 14.515 Executing VM operation: RevokeBias
Event: 14.515 Thread 0x000001b83adb9800 Thread exited: 0x000001b83adb9800
Event: 14.515 Executing VM operation: RevokeBias done
Event: 14.515 Executing VM operation: RevokeBias
Event: 14.515 Executing VM operation: RevokeBias done
Event: 14.515 Executing VM operation: RevokeBias
Event: 14.515 Executing VM operation: RevokeBias done
Event: 14.515 Executing VM operation: RevokeBias
Event: 14.515 Executing VM operation: RevokeBias done
Event: 14.515 Executing VM operation: RevokeBias
Event: 14.515 Executing VM operation: RevokeBias done
Event: 14.515 Executing VM operation: CGC_Operation


Dynamic libraries:
0x00007ff74bcb0000 - 0x00007ff74bcba000 	C:\Program Files\Android\Android Studio\jre\bin\java.exe
0x00007fff17c30000 - 0x00007fff17e25000 	C:\Windows\SYSTEM32\ntdll.dll
0x00007fff16220000 - 0x00007fff162de000 	C:\Windows\System32\KERNEL32.DLL
0x00007fff157f0000 - 0x00007fff15ab8000 	C:\Windows\System32\KERNELBASE.dll
0x00007fff15340000 - 0x00007fff15440000 	C:\Windows\System32\ucrtbase.dll
0x00007fff00ea0000 - 0x00007fff00eb9000 	C:\Program Files\Android\Android Studio\jre\bin\jli.dll
0x00007ffeff460000 - 0x00007ffeff477000 	C:\Program Files\Android\Android Studio\jre\bin\VCRUNTIME140.dll
0x00007fff17990000 - 0x00007fff17b31000 	C:\Windows\System32\USER32.dll
0x00007fff157c0000 - 0x00007fff157e2000 	C:\Windows\System32\win32u.dll
0x00007fff03920000 - 0x00007fff03bba000 	C:\Windows\WinSxS\amd64_microsoft.windows.common-controls_6595b64144ccf1df_6.0.19041.1110_none_60b5254171f9507e\COMCTL32.dll
0x00007fff16490000 - 0x00007fff164bb000 	C:\Windows\System32\GDI32.dll
0x00007fff16120000 - 0x00007fff161be000 	C:\Windows\System32\msvcrt.dll
0x00007fff15680000 - 0x00007fff1578d000 	C:\Windows\System32\gdi32full.dll
0x00007fff15440000 - 0x00007fff154dd000 	C:\Windows\System32\msvcp_win.dll
0x00007fff15c70000 - 0x00007fff15ca0000 	C:\Windows\System32\IMM32.DLL
0x00007ffef7e00000 - 0x00007ffef7e9d000 	C:\Program Files\Android\Android Studio\jre\bin\msvcp140.dll
0x00007ffed9780000 - 0x00007ffeda255000 	C:\Program Files\Android\Android Studio\jre\bin\server\jvm.dll
0x00007fff162e0000 - 0x00007fff1638e000 	C:\Windows\System32\ADVAPI32.dll
0x00007fff172c0000 - 0x00007fff1735c000 	C:\Windows\System32\sechost.dll
0x00007fff17860000 - 0x00007fff17985000 	C:\Windows\System32\RPCRT4.dll
0x00007fff16480000 - 0x00007fff16488000 	C:\Windows\System32\PSAPI.DLL
0x00007ffeff900000 - 0x00007ffeff909000 	C:\Windows\SYSTEM32\WSOCK32.dll
0x00007fff082a0000 - 0x00007fff082c7000 	C:\Windows\SYSTEM32\WINMM.dll
0x00007fff10cb0000 - 0x00007fff10cba000 	C:\Windows\SYSTEM32\VERSION.dll
0x00007fff16c10000 - 0x00007fff16c7b000 	C:\Windows\System32\WS2_32.dll
0x00007fff13250000 - 0x00007fff13262000 	C:\Windows\SYSTEM32\kernel.appcore.dll
0x00007fff10a10000 - 0x00007fff10a21000 	C:\Program Files\Android\Android Studio\jre\bin\verify.dll
0x00007fff07960000 - 0x00007fff07b44000 	C:\Windows\SYSTEM32\DBGHELP.DLL
0x00007ffef4e70000 - 0x00007ffef4e9c000 	C:\Windows\SYSTEM32\dbgcore.DLL
0x00007fff15540000 - 0x00007fff155c2000 	C:\Windows\System32\bcryptPrimitives.dll
0x00007fff10780000 - 0x00007fff107a9000 	C:\Program Files\Android\Android Studio\jre\bin\java.dll
0x00007fff10a00000 - 0x00007fff10a0b000 	C:\Program Files\Android\Android Studio\jre\bin\jimage.dll
0x00007fff0d520000 - 0x00007fff0d538000 	C:\Program Files\Android\Android Studio\jre\bin\zip.dll
0x00007fff164c0000 - 0x00007fff16c04000 	C:\Windows\System32\SHELL32.dll
0x00007fff13450000 - 0x00007fff13be5000 	C:\Windows\SYSTEM32\windows.storage.dll
0x00007fff16c80000 - 0x00007fff16fd5000 	C:\Windows\System32\combase.dll
0x00007fff14cc0000 - 0x00007fff14cee000 	C:\Windows\SYSTEM32\Wldp.dll
0x00007fff17520000 - 0x00007fff175cd000 	C:\Windows\System32\SHCORE.dll
0x00007fff161c0000 - 0x00007fff16215000 	C:\Windows\System32\shlwapi.dll
0x00007fff15280000 - 0x00007fff1529f000 	C:\Windows\SYSTEM32\profapi.dll
0x00007fff0d4a0000 - 0x00007fff0d4ba000 	C:\Program Files\Android\Android Studio\jre\bin\net.dll
0x00007fff0bbf0000 - 0x00007fff0bcfc000 	C:\Windows\SYSTEM32\WINHTTP.dll
0x00007fff14a20000 - 0x00007fff14a8a000 	C:\Windows\system32\mswsock.dll
0x00007ffefff30000 - 0x00007ffefff44000 	C:\Program Files\Android\Android Studio\jre\bin\nio.dll
0x00007fff0cd60000 - 0x00007fff0cd86000 	C:\Users\Emanuele\.gradle\native\29\windows-amd64\native-platform.dll
0x00007fff0d510000 - 0x00007fff0d51a000 	C:\Program Files\Android\Android Studio\jre\bin\management.dll
0x00007fff0d490000 - 0x00007fff0d49d000 	C:\Program Files\Android\Android Studio\jre\bin\management_ext.dll
0x00007fff14c10000 - 0x00007fff14c28000 	C:\Windows\SYSTEM32\CRYPTSP.dll
0x00007fff143a0000 - 0x00007fff143d4000 	C:\Windows\system32\rsaenh.dll
0x00007fff15790000 - 0x00007fff157b7000 	C:\Windows\System32\bcrypt.dll
0x00007fff15240000 - 0x00007fff1526e000 	C:\Windows\SYSTEM32\USERENV.dll
0x00007fff14c30000 - 0x00007fff14c3c000 	C:\Windows\SYSTEM32\CRYPTBASE.dll
0x00007fff14710000 - 0x00007fff1474b000 	C:\Windows\SYSTEM32\IPHLPAPI.DLL
0x00007fff17360000 - 0x00007fff17368000 	C:\Windows\System32\NSI.dll
0x00007fff0cf90000 - 0x00007fff0cfa7000 	C:\Windows\SYSTEM32\dhcpcsvc6.DLL
0x00007fff0cf70000 - 0x00007fff0cf8d000 	C:\Windows\SYSTEM32\dhcpcsvc.DLL
0x00007fff14750000 - 0x00007fff1481b000 	C:\Windows\SYSTEM32\DNSAPI.dll
0x00007ffef2ea0000 - 0x00007ffef2eb7000 	C:\Windows\system32\napinsp.dll
0x00007ffef2e80000 - 0x00007ffef2e9b000 	C:\Windows\system32\pnrpnsp.dll
0x00007fff0f3a0000 - 0x00007fff0f3b5000 	C:\Windows\system32\wshbth.dll
0x00007fff10ea0000 - 0x00007fff10ebd000 	C:\Windows\system32\NLAapi.dll
0x00007ffef2e40000 - 0x00007ffef2e52000 	C:\Windows\System32\winrnr.dll
0x0000000066030000 - 0x0000000066056000 	C:\Program Files\Bonjour\mdnsNSP.dll
0x00007fff03db0000 - 0x00007fff03dba000 	C:\Windows\System32\rasadhlp.dll
0x00007fff02d40000 - 0x00007fff02dbf000 	C:\Windows\System32\fwpuclnt.dll
0x00007fff00f40000 - 0x00007fff00f4a000 	C:\Program Files\Android\Android Studio\jre\bin\prefs.dll

dbghelp: loaded successfully - version: 4.0.5 - missing functions: none
symbol engine: initialized successfully - sym options: 0x614 - pdb path: .;C:\Program Files\Android\Android Studio\jre\bin;C:\Windows\SYSTEM32;C:\Windows\WinSxS\amd64_microsoft.windows.common-controls_6595b64144ccf1df_6.0.19041.1110_none_60b5254171f9507e;C:\Program Files\Android\Android Studio\jre\bin\server;C:\Users\Emanuele\.gradle\native\29\windows-amd64;C:\Program Files\Bonjour

VM Arguments:
jvm_args: -XX:MaxPermSize=4096m -XX:+HeapDumpOnOutOfMemoryError --add-opens=java.base/java.util=ALL-UNNAMED --add-opens=java.base/java.lang=ALL-UNNAMED --add-opens=java.base/java.lang.invoke=ALL-UNNAMED --add-opens=java.prefs/java.util.prefs=ALL-UNNAMED -Xmx4096m -Dfile.encoding=windows-1252 -Duser.country=IT -Duser.language=it -Duser.variant 
java_command: org.gradle.launcher.daemon.bootstrap.GradleDaemon 5.4.1
java_class_path (initial): C:\Users\Emanuele\.gradle\wrapper\dists\gradle-5.4.1-all\3221gyojl5jsh0helicew7rwx\gradle-5.4.1\lib\gradle-launcher-5.4.1.jar
Launcher Type: SUN_STANDARD

[Global flags]
     intx CICompilerCount                          = 3                                         {product} {ergonomic}
     uint ConcGCThreads                            = 2                                         {product} {ergonomic}
     uint G1ConcRefinementThreads                  = 6                                         {product} {ergonomic}
   size_t G1HeapRegionSize                         = 1048576                                   {product} {ergonomic}
    uintx GCDrainStackTargetSize                   = 64                                        {product} {ergonomic}
     bool HeapDumpOnOutOfMemoryError               = true                                   {manageable} {command line}
   size_t InitialHeapSize                          = 268435456                                 {product} {ergonomic}
   size_t MarkStackSize                            = 4194304                                   {product} {ergonomic}
   size_t MaxHeapSize                              = 4294967296                                {product} {command line}
   size_t MaxNewSize                               = 2576351232                                {product} {ergonomic}
   size_t MinHeapDeltaBytes                        = 1048576                                   {product} {ergonomic}
    uintx NonNMethodCodeHeapSize                   = 5830732                                {pd product} {ergonomic}
    uintx NonProfiledCodeHeapSize                  = 122913754                              {pd product} {ergonomic}
    uintx ProfiledCodeHeapSize                     = 122913754                              {pd product} {ergonomic}
    uintx ReservedCodeCacheSize                    = 251658240                              {pd product} {ergonomic}
     bool SegmentedCodeCache                       = true                                      {product} {ergonomic}
     bool UseCompressedClassPointers               = true                                 {lp64_product} {ergonomic}
     bool UseCompressedOops                        = true                                 {lp64_product} {ergonomic}
     bool UseG1GC                                  = true                                      {product} {ergonomic}
     bool UseLargePagesIndividualAllocation        = false                                  {pd product} {ergonomic}

Logging:
Log output configuration:
 #0: stdout all=warning uptime,level,tags
 #1: stderr all=off uptime,level,tags

Environment Variables:
PATH=C:\Program Files\Common Files\Oracle\Java\javapath;C:\Program Files (x86)\Common Files\Oracle\Java\javapath;C:\Windows\system32;C:\Windows;C:\Windows\System32\Wbem;C:\Windows\System32\WindowsPowerShell\v1.0\;C:\Windows\System32\OpenSSH\;C:\Program Files\NVIDIA Corporation\NVIDIA NvDLISR;C:\Program Files (x86)\NVIDIA Corporation\PhysX\Common;C:\Program Files\dotnet\;C:\Program Files\Git\cmd;C:\Users\Emanuele\AppData\Local\Microsoft\WindowsApps;C:\Users\Emanuele\AppData\Local\GitHubDesktop\bin
USERNAME=Emanuele
OS=Windows_NT
PROCESSOR_IDENTIFIER=Intel64 Family 6 Model 158 Stepping 12, GenuineIntel



---------------  S Y S T E M  ---------------

OS: Windows 10 , 64 bit Build 19041 (10.0.19041.1466)
OS uptime: 0 days 0:46 hours

CPU:total 6 (initial active 6) (6 cores per cpu, 1 threads per core) family 6 model 158 stepping 12 microcode 0xae, cmov, cx8, fxsr, mmx, sse, sse2, sse3, ssse3, sse4.1, sse4.2, popcnt, avx, avx2, aes, clmul, erms, rtm, 3dnowpref, lzcnt, tsc, tscinvbit, bmi1, bmi2, adx, fma

Memory: 4k page, system-wide physical 16316M (9797M free)
TotalPageFile size 18748M (AvailPageFile size 11083M)
current process WorkingSet (physical memory assigned to process): 622M, peak: 643M
current process commit charge ("private bytes"): 668M, peak: 697M

vm_info: OpenJDK 64-Bit Server VM (11.0.11+9-b60-7590822) for windows-amd64 JRE (11.0.11+9-b60-7590822), built on Jul 29 2021 21:43:44 by "builder" with MS VC++ 14.0 (VS2015)

END.
