#
# A fatal error has been detected by the Java Runtime Environment:
#
#  EXCEPTION_ACCESS_VIOLATION (0xc0000005) at pc=0x000001d958ab1386, pid=3620, tid=1116
#
# JRE version: OpenJDK Runtime Environment (11.0.11+9) (build 11.0.11+9-b60-7590822)
# Java VM: OpenJDK 64-Bit Server VM (11.0.11+9-b60-7590822, mixed mode, tiered, compressed oops, g1 gc, windows-amd64)
# Problematic frame:
# j  com.android.build.gradle.internal.transforms.DexArchiveBuilderTransform.<init>(Lorg/gradle/api/file/FileCollection;Lcom/android/builder/core/DexOptions;Lcom/android/ide/common/blame/MessageReceiver;Lcom/android/build/gradle/options/SyncOptions$ErrorFormatMode;Lcom/android/builder/utils/FileCache;ILcom/android/builder/dexing/DexerTool;ZLjava/lang/Integer;Ljava/lang/Integer;ZLcom/android/build/gradle/internal/scope/VariantScope$Java8LangSupport;Ljava/lang/String;Ljava/lang/Integer;ZZ)V+64
#
# No core dump will be written. Minidumps are not enabled by default on client versions of Windows
#
# If you would like to submit a bug report, please visit:
#   https://bugreport.java.com/bugreport/crash.jsp
#

---------------  S U M M A R Y ------------

Command Line: -XX:MaxPermSize=4096m -XX:+HeapDumpOnOutOfMemoryError --add-opens=java.base/java.util=ALL-UNNAMED --add-opens=java.base/java.lang=ALL-UNNAMED --add-opens=java.base/java.lang.invoke=ALL-UNNAMED --add-opens=java.prefs/java.util.prefs=ALL-UNNAMED -Xmx4096m -Dfile.encoding=windows-1252 -Duser.country=IT -Duser.language=it -Duser.variant org.gradle.launcher.daemon.bootstrap.GradleDaemon 5.4.1

Host: Intel(R) Core(TM) i5-9600K CPU @ 3.70GHz, 6 cores, 15G,  Windows 10 , 64 bit Build 19041 (10.0.19041.1466)
Time: Wed Feb  9 03:29:43 2022 ora solare Europa occidentale elapsed time: 122.037074 seconds (0d 0h 2m 2s)

---------------  T H R E A D  ---------------

Current thread (0x000001d97bc50800):  JavaThread "Daemon worker Thread 2" [_thread_in_Java, id=1116, stack(0x0000006755a00000,0x0000006755b00000)]

Stack: [0x0000006755a00000,0x0000006755b00000],  sp=0x0000006755afa328,  free space=1000k
Native frames: (J=compiled Java code, j=interpreted, Vv=VM code, C=native code)
C  0x000001d958ab1386


siginfo: EXCEPTION_ACCESS_VIOLATION (0xc0000005), reading address 0xffffffffffffffff


Register to memory mapping:

RIP=0x000001d958ab1386 is at code_begin+38 in an Interpreter codelet
fast_iputfield  217 fast_iputfield  [0x000001d958ab1360, 0x000001d958ab13c0]  96 bytes
RAX=0x0000000000019000 is an unknown value
RBX=0x0001000000000010 is an unknown value
RCX=0x0000000711cd0738 is an oop: com.android.build.gradle.internal.transforms.DexArchiveBuilderTransform 
{0x0000000711cd0738} - klass: 'com/android/build/gradle/internal/transforms/DexArchiveBuilderTransform'
RDX=0x0 is NULL
RSP=0x0000006755afa328 is pointing into the stack for thread: 0x000001d97bc50800
RBP=0x0000006755afa370 is pointing into the stack for thread: 0x000001d97bc50800
RSI=0x000001d97464eac0 is pointing into metadata
RDI=0x00000000004c86b0 is an unknown value
R8 =0x0 is NULL
R9 =0x00000007026a5610 is an oop: java.lang.Class 
{0x00000007026a5610} - klass: 'java/lang/Class'
R10=0x00007ffeda19c2f0 jvm.dll
R11=0x000001d959565f60 is at entry_point+32 in (nmethod*)0x000001d959565d90
R12=0x0 is NULL
R13=0x000001d97db88cd8 is pointing into metadata
R14=0x0000006755afa400 is pointing into the stack for thread: 0x000001d97bc50800
R15=0x000001d97bc50800 is a thread


Registers:
RAX=0x0000000000019000, RBX=0x0001000000000010, RCX=0x0000000711cd0738, RDX=0x0000000000000000
RSP=0x0000006755afa328, RBP=0x0000006755afa370, RSI=0x000001d97464eac0, RDI=0x00000000004c86b0
R8 =0x0000000000000000, R9 =0x00000007026a5610, R10=0x00007ffeda19c2f0, R11=0x000001d959565f60
R12=0x0000000000000000, R13=0x000001d97db88cd8, R14=0x0000006755afa400, R15=0x000001d97bc50800
RIP=0x000001d958ab1386, EFLAGS=0x0000000000010212

Top of Stack: (sp=0x0000006755afa328)
0x0000006755afa328:   0000006755afa328 000001d97db88cb8
0x0000006755afa338:   0000006755afa400 000001d97e310040
0x0000006755afa348:   0000000000000000 0000000702356558
0x0000006755afa358:   000001d97db88e20 0000000000000000
0x0000006755afa368:   0000006755afa380 0000006755afa458
0x0000006755afa378:   000001d958a9a127 0000000000000001
0x0000006755afa388:   0000000000000000 0000000000000000
0x0000006755afa398:   0000000711cd0700 0000000702db6380
0x0000006755afa3a8:   0000000000000001 0000000000000000
0x0000006755afa3b8:   0000000000000000 0000000000000001
0x0000006755afa3c8:   0000000702db7068 0000000000000015
0x0000006755afa3d8:   00000007126983d8 0000000701eea0a0
0x0000006755afa3e8:   0000000712648908 000000071269dd48
0x0000006755afa3f8:   0000000711cd0570 0000000711cd0738
0x0000006755afa408:   0000000711cd0738 0000006755afa410
0x0000006755afa418:   000001d97e30db04 0000006755afa468 

Instructions: (pc=0x000001d958ab1386)
0x000001d958ab1286:   3b 01 c5 fb 11 04 19 85 d2 0f 84 06 00 00 00 f0
0x000001d958ab1296:   83 44 24 c0 00 41 0f b6 5d 03 49 83 c5 03 49 ba
0x000001d958ab12a6:   f0 ea 19 da fe 7f 00 00 41 ff 24 da 66 0f 1f 44
0x000001d958ab12b6:   00 00 00 00 00 00 00 00 00 00 80 00 00 00 00 00
0x000001d958ab12c6:   00 00 b0 e5 f6 d9 fe 7f 00 00 d8 00 00 00 00 00
0x000001d958ab12d6:   00 00 00 00 00 00 00 00 00 00 c5 fa 10 04 24 48
0x000001d958ab12e6:   83 c4 08 41 0f b7 5d 01 48 8b 4d d0 c1 e3 02 8b
0x000001d958ab12f6:   54 d9 38 48 8b 5c d9 30 c1 ea 15 83 e2 01 59 48
0x000001d958ab1306:   3b 01 c5 fa 11 04 19 85 d2 0f 84 06 00 00 00 f0
0x000001d958ab1316:   83 44 24 c0 00 41 0f b6 5d 03 49 83 c5 03 49 ba
0x000001d958ab1326:   f0 ea 19 da fe 7f 00 00 41 ff 24 da 66 0f 1f 44
0x000001d958ab1336:   00 00 00 00 00 00 00 00 00 00 80 00 00 00 00 00
0x000001d958ab1346:   00 00 c0 e5 f6 d9 fe 7f 00 00 d9 00 00 00 00 00
0x000001d958ab1356:   00 00 00 00 00 00 00 00 00 00 8b 04 24 48 83 c4
0x000001d958ab1366:   08 41 0f b7 5d 01 48 8b 4d d0 c1 e3 02 8b 54 d9
0x000001d958ab1376:   38 48 8b 5c d9 30 c1 ea 15 83 e2 01 59 48 3b 01
0x000001d958ab1386:   89 04 19 85 d2 0f 84 06 00 00 00 f0 83 44 24 c0
0x000001d958ab1396:   00 41 0f b6 5d 03 49 83 c5 03 49 ba f0 ea 19 da
0x000001d958ab13a6:   fe 7f 00 00 41 ff 24 da 66 90 00 00 00 00 00 00
0x000001d958ab13b6:   00 00 00 00 00 00 00 00 00 00 80 00 00 00 00 00
0x000001d958ab13c6:   00 00 d0 e5 f6 d9 fe 7f 00 00 da 00 00 00 00 00
0x000001d958ab13d6:   00 00 00 00 00 00 00 00 00 00 48 8b 04 24 48 83
0x000001d958ab13e6:   c4 10 41 0f b7 5d 01 48 8b 4d d0 c1 e3 02 8b 54
0x000001d958ab13f6:   d9 38 48 8b 5c d9 30 c1 ea 15 83 e2 01 59 48 3b
0x000001d958ab1406:   01 48 89 04 19 85 d2 0f 84 06 00 00 00 f0 83 44
0x000001d958ab1416:   24 c0 00 41 0f b6 5d 03 49 83 c5 03 49 ba f0 ea
0x000001d958ab1426:   19 da fe 7f 00 00 41 ff 24 da 00 00 00 00 00 00
0x000001d958ab1436:   00 00 00 00 00 00 00 00 00 00 80 00 00 00 00 00
0x000001d958ab1446:   00 00 e0 e5 f6 d9 fe 7f 00 00 db 00 00 00 00 00
0x000001d958ab1456:   00 00 00 00 00 00 00 00 00 00 8b 04 24 48 83 c4
0x000001d958ab1466:   08 41 0f b7 5d 01 48 8b 4d d0 c1 e3 02 8b 54 d9
0x000001d958ab1476:   38 48 8b 5c d9 30 c1 ea 15 83 e2 01 59 48 3b 01 


Stack slot to memory mapping:
stack at sp + 0 slots: 0x0000006755afa328 is pointing into the stack for thread: 0x000001d97bc50800
stack at sp + 1 slots: 0x000001d97db88cb8 is pointing into metadata
stack at sp + 2 slots: 0x0000006755afa400 is pointing into the stack for thread: 0x000001d97bc50800
stack at sp + 3 slots: 0x000001d97e310040 is pointing into metadata
stack at sp + 4 slots: 0x0 is NULL
stack at sp + 5 slots: 0x0000000702356558 is an oop: java.lang.Class 
{0x0000000702356558} - klass: 'java/lang/Class'
stack at sp + 6 slots: {method} {0x000001d97db88e28} '<init>' '(Lorg/gradle/api/file/FileCollection;Lcom/android/builder/core/DexOptions;Lcom/android/ide/common/blame/MessageReceiver;Lcom/android/build/gradle/options/SyncOptions$ErrorFormatMode;Lcom/android/builder/utils/FileCache;ILcom/android/builder/dexing/DexerTool;ZLjava/lang/Integer;Ljava/lang/Integer;ZLcom/android/build/gradle/internal/scope/VariantScope$Java8LangSupport;Ljava/lang/String;Ljava/lang/Integer;ZZ)V' in 'com/android/build/gradle/internal/transforms/DexArchiveBuilderTransform'
stack at sp + 7 slots: 0x0 is NULL

fast_iputfield  217 fast_iputfield  [0x000001d958ab1360, 0x000001d958ab13c0]  96 bytes

---------------  P R O C E S S  ---------------

Threads class SMR info:
_java_thread_list=0x000001d97a269370, length=38, elements={
0x000001d954f8b800, 0x000001d97440b800, 0x000001d974436800, 0x000001d974d1b800,
0x000001d974d1d800, 0x000001d974d1e800, 0x000001d974d22000, 0x000001d974d25000,
0x000001d974d27000, 0x000001d974e97800, 0x000001d9758b1000, 0x000001d975e75800,
0x000001d976530000, 0x000001d976938000, 0x000001d976936000, 0x000001d976933800,
0x000001d977208000, 0x000001d97720e000, 0x000001d977211000, 0x000001d97a00a800,
0x000001d97bc4d800, 0x000001d97bc4f000, 0x000001d97bc4b000, 0x000001d97bc50800,
0x000001d97bc4e800, 0x000001d97bc51800, 0x000001d97bc4c000, 0x000001d97bc52800,
0x000001d97bc4c800, 0x000001d97bc57800, 0x000001d97bc55800, 0x000001d97bc58000,
0x000001d97bc59000, 0x000001d97bc53000, 0x000001d97bc59800, 0x000001d97bc54000,
0x000001d97bc56800, 0x000001d97720b800
}

Java Threads: ( => current thread )
  0x000001d954f8b800 JavaThread "main" [_thread_blocked, id=2276, stack(0x0000006754000000,0x0000006754100000)]
  0x000001d97440b800 JavaThread "Reference Handler" daemon [_thread_blocked, id=2812, stack(0x0000006754700000,0x0000006754800000)]
  0x000001d974436800 JavaThread "Finalizer" daemon [_thread_blocked, id=2956, stack(0x0000006754800000,0x0000006754900000)]
  0x000001d974d1b800 JavaThread "Signal Dispatcher" daemon [_thread_blocked, id=3172, stack(0x0000006754900000,0x0000006754a00000)]
  0x000001d974d1d800 JavaThread "Attach Listener" daemon [_thread_blocked, id=8136, stack(0x0000006754a00000,0x0000006754b00000)]
  0x000001d974d1e800 JavaThread "Service Thread" daemon [_thread_blocked, id=3148, stack(0x0000006754b00000,0x0000006754c00000)]
  0x000001d974d22000 JavaThread "C2 CompilerThread0" daemon [_thread_in_native, id=7024, stack(0x0000006754c00000,0x0000006754d00000)]
  0x000001d974d25000 JavaThread "C1 CompilerThread0" daemon [_thread_blocked, id=4788, stack(0x0000006754d00000,0x0000006754e00000)]
  0x000001d974d27000 JavaThread "Sweeper thread" daemon [_thread_blocked, id=3528, stack(0x0000006754e00000,0x0000006754f00000)]
  0x000001d974e97800 JavaThread "Common-Cleaner" daemon [_thread_blocked, id=8888, stack(0x0000006754f00000,0x0000006755000000)]
  0x000001d9758b1000 JavaThread "Daemon health stats" [_thread_blocked, id=6440, stack(0x0000006755700000,0x0000006755800000)]
  0x000001d975e75800 JavaThread "Incoming local TCP Connector on port 49879" [_thread_in_native, id=3064, stack(0x0000006755800000,0x0000006755900000)]
  0x000001d976530000 JavaThread "Daemon periodic checks" [_thread_blocked, id=7000, stack(0x0000006755900000,0x0000006755a00000)]
  0x000001d976938000 JavaThread "Cache worker for file hash cache (C:\Users\Emanuele\.gradle\caches\5.4.1\fileHashes)" [_thread_blocked, id=3992, stack(0x0000006756100000,0x0000006756200000)]
  0x000001d976936000 JavaThread "File lock request listener" [_thread_in_native, id=7852, stack(0x0000006756200000,0x0000006756300000)]
  0x000001d976933800 JavaThread "Cache worker for journal cache (C:\Users\Emanuele\.gradle\caches\journal-1)" [_thread_blocked, id=8932, stack(0x0000006756300000,0x0000006756400000)]
  0x000001d977208000 JavaThread "Cache worker for execution history cache (C:\Users\Emanuele\.gradle\caches\5.4.1\executionHistory)" [_thread_blocked, id=1764, stack(0x0000006756800000,0x0000006756900000)]
  0x000001d97720e000 JavaThread "Memory manager" [_thread_blocked, id=2500, stack(0x0000006757100000,0x0000006757200000)]
  0x000001d977211000 JavaThread "Cache worker for file content cache (C:\Users\Emanuele\.gradle\caches\5.4.1\fileContent)" [_thread_blocked, id=8532, stack(0x0000006757200000,0x0000006757300000)]
  0x000001d97a00a800 JavaThread "Cache worker for Java compile cache (C:\Users\Emanuele\.gradle\caches\5.4.1\javaCompile)" [_thread_blocked, id=2392, stack(0x0000006757b00000,0x0000006757c00000)]
  0x000001d97bc4d800 JavaThread "Daemon Thread 2" [_thread_blocked, id=6832, stack(0x0000006753d00000,0x0000006753e00000)]
  0x000001d97bc4f000 JavaThread "Handler for socket connection from /127.0.0.1:49879 to /127.0.0.1:49895" [_thread_in_native, id=2272, stack(0x0000006753e00000,0x0000006753f00000)]
  0x000001d97bc4b000 JavaThread "Cancel handler" [_thread_blocked, id=5620, stack(0x0000006753f00000,0x0000006754000000)]
=>0x000001d97bc50800 JavaThread "Daemon worker Thread 2" [_thread_in_Java, id=1116, stack(0x0000006755a00000,0x0000006755b00000)]
  0x000001d97bc4e800 JavaThread "Asynchronous log dispatcher for DefaultDaemonConnection: socket connection from /127.0.0.1:49879 to /127.0.0.1:49895" [_thread_blocked, id=6680, stack(0x0000006755c00000,0x0000006755d00000)]
  0x000001d97bc51800 JavaThread "Stdin handler" [_thread_blocked, id=6748, stack(0x0000006755d00000,0x0000006755e00000)]
  0x000001d97bc4c000 JavaThread "Thread-52" [_thread_blocked, id=8820, stack(0x0000006755e00000,0x0000006755f00000)]
  0x000001d97bc52800 JavaThread "Cache worker for file hash cache (D:\UNISA\Images-to-PDF-8.8.1\.gradle\5.4.1\fileHashes)" [_thread_blocked, id=2496, stack(0x0000006755f00000,0x0000006756000000)]
  0x000001d97bc4c800 JavaThread "C2 CompilerThread1" daemon [_thread_in_native, id=7912, stack(0x0000006756000000,0x0000006756100000)]
  0x000001d97bc57800 JavaThread "Cache worker for cache directory md-supplier (C:\Users\Emanuele\.gradle\caches\5.4.1\md-supplier)" [_thread_blocked, id=8856, stack(0x0000006756500000,0x0000006756600000)]
  0x000001d97bc55800 JavaThread "Cache worker for cache directory md-rule (C:\Users\Emanuele\.gradle\caches\5.4.1\md-rule)" [_thread_blocked, id=7408, stack(0x0000006756600000,0x0000006756700000)]
  0x000001d97bc58000 JavaThread "Build operations" [_thread_blocked, id=2524, stack(0x0000006756700000,0x0000006756800000)]
  0x000001d97bc59000 JavaThread "Build operations Thread 2" [_thread_blocked, id=5960, stack(0x0000006756900000,0x0000006756a00000)]
  0x000001d97bc53000 JavaThread "Build operations Thread 3" [_thread_blocked, id=4440, stack(0x0000006756a00000,0x0000006756b00000)]
  0x000001d97bc59800 JavaThread "Build operations Thread 4" [_thread_blocked, id=1300, stack(0x0000006756b00000,0x0000006756c00000)]
  0x000001d97bc54000 JavaThread "Build operations Thread 5" [_thread_blocked, id=9184, stack(0x0000006756c00000,0x0000006756d00000)]
  0x000001d97bc56800 JavaThread "Build operations Thread 6" [_thread_blocked, id=5140, stack(0x0000006756d00000,0x0000006756e00000)]
  0x000001d97720b800 JavaThread "Cache worker for Build Output Cleanup Cache (D:\UNISA\Images-to-PDF-8.8.1\.gradle\buildOutputCleanup)" [_thread_blocked, id=8116, stack(0x0000006756e00000,0x0000006756f00000)]

Other Threads:
  0x000001d97440a800 VMThread "VM Thread" [stack: 0x0000006754600000,0x0000006754700000] [id=8548]
  0x000001d974ebf000 WatcherThread [stack: 0x0000006755000000,0x0000006755100000] [id=1212]
  0x000001d954fa3800 GCTaskThread "GC Thread#0" [stack: 0x0000006754100000,0x0000006754200000] [id=2060]
  0x000001d975e5f800 GCTaskThread "GC Thread#1" [stack: 0x0000006755200000,0x0000006755300000] [id=5844]
  0x000001d975c7c000 GCTaskThread "GC Thread#2" [stack: 0x0000006755300000,0x0000006755400000] [id=5840]
  0x000001d975c7d000 GCTaskThread "GC Thread#3" [stack: 0x0000006755400000,0x0000006755500000] [id=5748]
  0x000001d975d13800 GCTaskThread "GC Thread#4" [stack: 0x0000006755500000,0x0000006755600000] [id=6444]
  0x000001d975d14000 GCTaskThread "GC Thread#5" [stack: 0x0000006755600000,0x0000006755700000] [id=7036]
  0x000001d954fff000 ConcurrentGCThread "G1 Main Marker" [stack: 0x0000006754200000,0x0000006754300000] [id=4436]
  0x000001d955000800 ConcurrentGCThread "G1 Conc#0" [stack: 0x0000006754300000,0x0000006754400000] [id=6180]
  0x000001d976695800 ConcurrentGCThread "G1 Conc#1" [stack: 0x0000006756400000,0x0000006756500000] [id=5580]
  0x000001d9742ef000 ConcurrentGCThread "G1 Refine#0" [stack: 0x0000006754400000,0x0000006754500000] [id=7492]
  0x000001d9756ea000 ConcurrentGCThread "G1 Refine#1" [stack: 0x0000006757000000,0x0000006757100000] [id=8244]
  0x000001d978c3b800 ConcurrentGCThread "G1 Refine#2" [stack: 0x0000006757d00000,0x0000006757e00000] [id=9044]
  0x000001d9742f0000 ConcurrentGCThread "G1 Young RemSet Sampling" [stack: 0x0000006754500000,0x0000006754600000] [id=5692]

Threads with active compile tasks:
C2 CompilerThread0 122045 13455       4       org.gradle.groovy.scripts.internal.GradleResolveVisitor::transform (193 bytes)
C2 CompilerThread1 122045 13656       4       groovy.lang.MetaClassImpl::makeReplacementMetaProperty (241 bytes)

VM state:not at safepoint (normal execution)

VM Mutex/Monitor currently owned by a thread: None

Heap address: 0x0000000700000000, size: 4096 MB, Compressed Oops mode: Zero based, Oop shift amount: 3
Narrow klass base: 0x0000000800000000, Narrow klass shift: 0
Compressed class space size: 1073741824 Address: 0x0000000800000000

Heap:
 garbage-first heap   total 378880K, used 193024K [0x0000000700000000, 0x0000000800000000)
  region size 1024K, 86 young (88064K), 8 survivors (8192K)
 Metaspace       used 102808K, capacity 105424K, committed 105600K, reserved 1140736K
  class space    used 12508K, capacity 13413K, committed 13440K, reserved 1048576K
Heap Regions: E=young(eden), S=young(survivor), O=old, HS=humongous(starts), HC=humongous(continues), CS=collection set, F=free, A=archive, TAMS=top-at-mark-start (previous, next)
|   0|0x0000000700000000, 0x0000000700100000, 0x0000000700100000|100%| O|  |TAMS 0x0000000700100000, 0x0000000700000000| Untracked 
|   1|0x0000000700100000, 0x0000000700200000, 0x0000000700200000|100%| O|  |TAMS 0x0000000700200000, 0x0000000700100000| Untracked 
|   2|0x0000000700200000, 0x0000000700300000, 0x0000000700300000|100%|HS|  |TAMS 0x0000000700300000, 0x0000000700200000| Complete 
|   3|0x0000000700300000, 0x0000000700400000, 0x0000000700400000|100%|HS|  |TAMS 0x0000000700400000, 0x0000000700300000| Complete 
|   4|0x0000000700400000, 0x0000000700500000, 0x0000000700500000|100%|HC|  |TAMS 0x0000000700500000, 0x0000000700400000| Complete 
|   5|0x0000000700500000, 0x0000000700600000, 0x0000000700600000|100%| O|  |TAMS 0x0000000700600000, 0x0000000700500000| Untracked 
|   6|0x0000000700600000, 0x0000000700700000, 0x0000000700700000|100%| O|  |TAMS 0x0000000700700000, 0x0000000700600000| Untracked 
|   7|0x0000000700700000, 0x0000000700800000, 0x0000000700800000|100%| O|  |TAMS 0x0000000700800000, 0x0000000700700000| Untracked 
|   8|0x0000000700800000, 0x0000000700900000, 0x0000000700900000|100%| O|  |TAMS 0x0000000700900000, 0x0000000700800000| Untracked 
|   9|0x0000000700900000, 0x0000000700a00000, 0x0000000700a00000|100%| O|  |TAMS 0x0000000700a00000, 0x0000000700900000| Untracked 
|  10|0x0000000700a00000, 0x0000000700b00000, 0x0000000700b00000|100%| O|  |TAMS 0x0000000700b00000, 0x0000000700a00000| Untracked 
|  11|0x0000000700b00000, 0x0000000700c00000, 0x0000000700c00000|100%| O|  |TAMS 0x0000000700c00000, 0x0000000700b00000| Untracked 
|  12|0x0000000700c00000, 0x0000000700d00000, 0x0000000700d00000|100%| O|  |TAMS 0x0000000700d00000, 0x0000000700c00000| Untracked 
|  13|0x0000000700d00000, 0x0000000700e00000, 0x0000000700e00000|100%| O|  |TAMS 0x0000000700e00000, 0x0000000700d00000| Untracked 
|  14|0x0000000700e00000, 0x0000000700f00000, 0x0000000700f00000|100%| O|  |TAMS 0x0000000700f00000, 0x0000000700e00000| Untracked 
|  15|0x0000000700f00000, 0x0000000701000000, 0x0000000701000000|100%|HS|  |TAMS 0x0000000701000000, 0x0000000700f00000| Complete 
|  16|0x0000000701000000, 0x0000000701100000, 0x0000000701100000|100%|HC|  |TAMS 0x0000000701100000, 0x0000000701000000| Complete 
|  17|0x0000000701100000, 0x0000000701200000, 0x0000000701200000|100%| O|  |TAMS 0x0000000701200000, 0x0000000701100000| Untracked 
|  18|0x0000000701200000, 0x0000000701300000, 0x0000000701300000|100%| O|  |TAMS 0x0000000701300000, 0x0000000701200000| Untracked 
|  19|0x0000000701300000, 0x0000000701400000, 0x0000000701400000|100%| O|  |TAMS 0x0000000701400000, 0x0000000701300000| Untracked 
|  20|0x0000000701400000, 0x0000000701500000, 0x0000000701500000|100%| O|  |TAMS 0x0000000701500000, 0x0000000701400000| Untracked 
|  21|0x0000000701500000, 0x0000000701600000, 0x0000000701600000|100%| O|  |TAMS 0x0000000701600000, 0x0000000701500000| Untracked 
|  22|0x0000000701600000, 0x0000000701700000, 0x0000000701700000|100%| O|  |TAMS 0x0000000701700000, 0x0000000701600000| Untracked 
|  23|0x0000000701700000, 0x0000000701800000, 0x0000000701800000|100%| O|  |TAMS 0x0000000701800000, 0x0000000701700000| Untracked 
|  24|0x0000000701800000, 0x0000000701900000, 0x0000000701900000|100%| O|  |TAMS 0x0000000701900000, 0x0000000701800000| Untracked 
|  25|0x0000000701900000, 0x0000000701a00000, 0x0000000701a00000|100%| O|  |TAMS 0x0000000701a00000, 0x0000000701900000| Untracked 
|  26|0x0000000701a00000, 0x0000000701b00000, 0x0000000701b00000|100%| O|  |TAMS 0x0000000701b00000, 0x0000000701a00000| Untracked 
|  27|0x0000000701b00000, 0x0000000701c00000, 0x0000000701c00000|100%| O|  |TAMS 0x0000000701c00000, 0x0000000701b00000| Untracked 
|  28|0x0000000701c00000, 0x0000000701d00000, 0x0000000701d00000|100%| O|  |TAMS 0x0000000701d00000, 0x0000000701c00000| Untracked 
|  29|0x0000000701d00000, 0x0000000701e00000, 0x0000000701e00000|100%| O|  |TAMS 0x0000000701e00000, 0x0000000701d00000| Untracked 
|  30|0x0000000701e00000, 0x0000000701f00000, 0x0000000701f00000|100%| O|  |TAMS 0x0000000701f00000, 0x0000000701e00000| Untracked 
|  31|0x0000000701f00000, 0x0000000702000000, 0x0000000702000000|100%| O|  |TAMS 0x0000000702000000, 0x0000000701f00000| Untracked 
|  32|0x0000000702000000, 0x0000000702100000, 0x0000000702100000|100%| O|  |TAMS 0x0000000702100000, 0x0000000702000000| Untracked 
|  33|0x0000000702100000, 0x0000000702200000, 0x0000000702200000|100%| O|  |TAMS 0x0000000702200000, 0x0000000702100000| Untracked 
|  34|0x0000000702200000, 0x0000000702300000, 0x0000000702300000|100%| O|  |TAMS 0x0000000702300000, 0x0000000702200000| Untracked 
|  35|0x0000000702300000, 0x0000000702400000, 0x0000000702400000|100%| O|  |TAMS 0x0000000702400000, 0x0000000702300000| Untracked 
|  36|0x0000000702400000, 0x0000000702500000, 0x0000000702500000|100%| O|  |TAMS 0x0000000702500000, 0x0000000702400000| Untracked 
|  37|0x0000000702500000, 0x0000000702600000, 0x0000000702600000|100%| O|  |TAMS 0x0000000702600000, 0x0000000702500000| Untracked 
|  38|0x0000000702600000, 0x0000000702700000, 0x0000000702700000|100%| O|  |TAMS 0x0000000702700000, 0x0000000702600000| Untracked 
|  39|0x0000000702700000, 0x0000000702800000, 0x0000000702800000|100%| O|  |TAMS 0x0000000702800000, 0x0000000702700000| Untracked 
|  40|0x0000000702800000, 0x0000000702900000, 0x0000000702900000|100%| O|  |TAMS 0x0000000702900000, 0x0000000702800000| Untracked 
|  41|0x0000000702900000, 0x0000000702a00000, 0x0000000702a00000|100%| O|  |TAMS 0x0000000702a00000, 0x0000000702900000| Untracked 
|  42|0x0000000702a00000, 0x0000000702b00000, 0x0000000702b00000|100%| O|  |TAMS 0x0000000702b00000, 0x0000000702a00000| Untracked 
|  43|0x0000000702b00000, 0x0000000702c00000, 0x0000000702c00000|100%| O|  |TAMS 0x0000000702c00000, 0x0000000702b00000| Untracked 
|  44|0x0000000702c00000, 0x0000000702d00000, 0x0000000702d00000|100%| O|  |TAMS 0x0000000702d00000, 0x0000000702c00000| Untracked 
|  45|0x0000000702d00000, 0x0000000702e00000, 0x0000000702e00000|100%| O|  |TAMS 0x0000000702e00000, 0x0000000702d00000| Untracked 
|  46|0x0000000702e00000, 0x0000000702f00000, 0x0000000702f00000|100%| O|  |TAMS 0x0000000702f00000, 0x0000000702e00000| Untracked 
|  47|0x0000000702f00000, 0x0000000703000000, 0x0000000703000000|100%| O|  |TAMS 0x0000000703000000, 0x0000000702f00000| Untracked 
|  48|0x0000000703000000, 0x0000000703100000, 0x0000000703100000|100%| O|  |TAMS 0x0000000703100000, 0x0000000703000000| Untracked 
|  49|0x0000000703100000, 0x0000000703200000, 0x0000000703200000|100%| O|  |TAMS 0x0000000703200000, 0x0000000703100000| Untracked 
|  50|0x0000000703200000, 0x0000000703300000, 0x0000000703300000|100%| O|  |TAMS 0x0000000703300000, 0x0000000703200000| Untracked 
|  51|0x0000000703300000, 0x0000000703400000, 0x0000000703400000|100%| O|  |TAMS 0x0000000703400000, 0x0000000703300000| Untracked 
|  52|0x0000000703400000, 0x0000000703500000, 0x0000000703500000|100%| O|  |TAMS 0x0000000703500000, 0x0000000703400000| Untracked 
|  53|0x0000000703500000, 0x0000000703600000, 0x0000000703600000|100%| O|  |TAMS 0x0000000703600000, 0x0000000703500000| Untracked 
|  54|0x0000000703600000, 0x0000000703700000, 0x0000000703700000|100%| O|  |TAMS 0x0000000703700000, 0x0000000703600000| Untracked 
|  55|0x0000000703700000, 0x0000000703800000, 0x0000000703800000|100%| O|  |TAMS 0x0000000703800000, 0x0000000703700000| Untracked 
|  56|0x0000000703800000, 0x0000000703900000, 0x0000000703900000|100%| O|  |TAMS 0x0000000703900000, 0x0000000703800000| Untracked 
|  57|0x0000000703900000, 0x0000000703a00000, 0x0000000703a00000|100%| O|  |TAMS 0x0000000703a00000, 0x0000000703900000| Untracked 
|  58|0x0000000703a00000, 0x0000000703a00000, 0x0000000703b00000|  0%| F|  |TAMS 0x0000000703a00000, 0x0000000703a00000| Untracked 
|  59|0x0000000703b00000, 0x0000000703c00000, 0x0000000703c00000|100%| O|  |TAMS 0x0000000703c00000, 0x0000000703b00000| Untracked 
|  60|0x0000000703c00000, 0x0000000703d00000, 0x0000000703d00000|100%|HS|  |TAMS 0x0000000703d00000, 0x0000000703c00000| Complete 
|  61|0x0000000703d00000, 0x0000000703e00000, 0x0000000703e00000|100%|HC|  |TAMS 0x0000000703e00000, 0x0000000703d00000| Complete 
|  62|0x0000000703e00000, 0x0000000703f00000, 0x0000000703f00000|100%|HS|  |TAMS 0x0000000703f00000, 0x0000000703e00000| Complete 
|  63|0x0000000703f00000, 0x0000000704000000, 0x0000000704000000|100%| O|  |TAMS 0x0000000704000000, 0x0000000703f00000| Untracked 
|  64|0x0000000704000000, 0x0000000704100000, 0x0000000704100000|100%| O|  |TAMS 0x0000000704100000, 0x0000000704000000| Untracked 
|  65|0x0000000704100000, 0x0000000704200000, 0x0000000704200000|100%| O|  |TAMS 0x0000000704200000, 0x0000000704100000| Untracked 
|  66|0x0000000704200000, 0x0000000704300000, 0x0000000704300000|100%| O|  |TAMS 0x0000000704300000, 0x0000000704200000| Untracked 
|  67|0x0000000704300000, 0x0000000704400000, 0x0000000704400000|100%| O|  |TAMS 0x0000000704400000, 0x0000000704300000| Untracked 
|  68|0x0000000704400000, 0x0000000704500000, 0x0000000704500000|100%| O|  |TAMS 0x0000000704500000, 0x0000000704400000| Untracked 
|  69|0x0000000704500000, 0x0000000704600000, 0x0000000704600000|100%| O|  |TAMS 0x0000000704600000, 0x0000000704500000| Untracked 
|  70|0x0000000704600000, 0x0000000704700000, 0x0000000704700000|100%| O|  |TAMS 0x0000000704700000, 0x0000000704600000| Untracked 
|  71|0x0000000704700000, 0x0000000704800000, 0x0000000704800000|100%| O|  |TAMS 0x0000000704800000, 0x0000000704700000| Untracked 
|  72|0x0000000704800000, 0x0000000704900000, 0x0000000704900000|100%| O|  |TAMS 0x0000000704900000, 0x0000000704800000| Untracked 
|  73|0x0000000704900000, 0x0000000704a00000, 0x0000000704a00000|100%| O|  |TAMS 0x0000000704a00000, 0x0000000704900000| Untracked 
|  74|0x0000000704a00000, 0x0000000704b00000, 0x0000000704b00000|100%| O|  |TAMS 0x0000000704b00000, 0x0000000704a00000| Untracked 
|  75|0x0000000704b00000, 0x0000000704c00000, 0x0000000704c00000|100%| O|  |TAMS 0x0000000704c00000, 0x0000000704b00000| Untracked 
|  76|0x0000000704c00000, 0x0000000704d00000, 0x0000000704d00000|100%| O|  |TAMS 0x0000000704d00000, 0x0000000704c00000| Untracked 
|  77|0x0000000704d00000, 0x0000000704e00000, 0x0000000704e00000|100%| O|  |TAMS 0x0000000704e00000, 0x0000000704d00000| Untracked 
|  78|0x0000000704e00000, 0x0000000704f00000, 0x0000000704f00000|100%| O|  |TAMS 0x0000000704f00000, 0x0000000704e00000| Untracked 
|  79|0x0000000704f00000, 0x0000000705000000, 0x0000000705000000|100%| O|  |TAMS 0x0000000705000000, 0x0000000704f00000| Untracked 
|  80|0x0000000705000000, 0x0000000705100000, 0x0000000705100000|100%| O|  |TAMS 0x0000000705100000, 0x0000000705000000| Untracked 
|  81|0x0000000705100000, 0x0000000705200000, 0x0000000705200000|100%| O|  |TAMS 0x0000000705200000, 0x0000000705100000| Untracked 
|  82|0x0000000705200000, 0x0000000705300000, 0x0000000705300000|100%| O|  |TAMS 0x0000000705300000, 0x0000000705200000| Untracked 
|  83|0x0000000705300000, 0x0000000705400000, 0x0000000705400000|100%| O|  |TAMS 0x0000000705400000, 0x0000000705300000| Untracked 
|  84|0x0000000705400000, 0x0000000705500000, 0x0000000705500000|100%| O|  |TAMS 0x0000000705500000, 0x0000000705400000| Untracked 
|  85|0x0000000705500000, 0x0000000705600000, 0x0000000705600000|100%| O|  |TAMS 0x0000000705600000, 0x0000000705500000| Untracked 
|  86|0x0000000705600000, 0x0000000705700000, 0x0000000705700000|100%| O|  |TAMS 0x0000000705700000, 0x0000000705600000| Untracked 
|  87|0x0000000705700000, 0x0000000705800000, 0x0000000705800000|100%| O|  |TAMS 0x0000000705800000, 0x0000000705700000| Untracked 
|  88|0x0000000705800000, 0x0000000705900000, 0x0000000705900000|100%| O|  |TAMS 0x0000000705900000, 0x0000000705800000| Untracked 
|  89|0x0000000705900000, 0x0000000705a00000, 0x0000000705a00000|100%| O|  |TAMS 0x0000000705a00000, 0x0000000705900000| Untracked 
|  90|0x0000000705a00000, 0x0000000705b00000, 0x0000000705b00000|100%| O|  |TAMS 0x0000000705b00000, 0x0000000705a00000| Untracked 
|  91|0x0000000705b00000, 0x0000000705c00000, 0x0000000705c00000|100%| O|  |TAMS 0x0000000705c00000, 0x0000000705b00000| Untracked 
|  92|0x0000000705c00000, 0x0000000705d00000, 0x0000000705d00000|100%| O|  |TAMS 0x0000000705d00000, 0x0000000705c00000| Untracked 
|  93|0x0000000705d00000, 0x0000000705e00000, 0x0000000705e00000|100%| O|  |TAMS 0x0000000705e00000, 0x0000000705d00000| Untracked 
|  94|0x0000000705e00000, 0x0000000705f00000, 0x0000000705f00000|100%| O|  |TAMS 0x0000000705f00000, 0x0000000705e00000| Untracked 
|  95|0x0000000705f00000, 0x0000000706000000, 0x0000000706000000|100%| O|  |TAMS 0x0000000706000000, 0x0000000705f00000| Untracked 
|  96|0x0000000706000000, 0x0000000706100000, 0x0000000706100000|100%| O|  |TAMS 0x0000000706100000, 0x0000000706000000| Untracked 
|  97|0x0000000706100000, 0x0000000706200000, 0x0000000706200000|100%| O|  |TAMS 0x0000000706200000, 0x0000000706100000| Untracked 
|  98|0x0000000706200000, 0x0000000706300000, 0x0000000706300000|100%| O|  |TAMS 0x0000000706300000, 0x0000000706200000| Untracked 
|  99|0x0000000706300000, 0x0000000706400000, 0x0000000706400000|100%| O|  |TAMS 0x0000000706400000, 0x0000000706300000| Untracked 
| 100|0x0000000706400000, 0x0000000706500000, 0x0000000706500000|100%| O|  |TAMS 0x0000000706500000, 0x0000000706400000| Untracked 
| 101|0x0000000706500000, 0x0000000706600000, 0x0000000706600000|100%| O|  |TAMS 0x0000000706600000, 0x0000000706500000| Untracked 
| 102|0x0000000706600000, 0x0000000706700000, 0x0000000706700000|100%| O|  |TAMS 0x0000000706700000, 0x0000000706600000| Untracked 
| 103|0x0000000706700000, 0x0000000706800000, 0x0000000706800000|100%| O|  |TAMS 0x0000000706800000, 0x0000000706700000| Untracked 
| 104|0x0000000706800000, 0x0000000706900000, 0x0000000706900000|100%| O|  |TAMS 0x0000000706900000, 0x0000000706800000| Untracked 
| 105|0x0000000706900000, 0x0000000706a00000, 0x0000000706a00000|100%| O|  |TAMS 0x0000000706a00000, 0x0000000706900000| Untracked 
| 106|0x0000000706a00000, 0x0000000706a00000, 0x0000000706b00000|  0%| F|  |TAMS 0x0000000706a00000, 0x0000000706a00000| Untracked 
| 107|0x0000000706b00000, 0x0000000706b00000, 0x0000000706c00000|  0%| F|  |TAMS 0x0000000706b00000, 0x0000000706b00000| Untracked 
| 108|0x0000000706c00000, 0x0000000706c00000, 0x0000000706d00000|  0%| F|  |TAMS 0x0000000706c00000, 0x0000000706c00000| Untracked 
| 109|0x0000000706d00000, 0x0000000706d00000, 0x0000000706e00000|  0%| F|  |TAMS 0x0000000706d00000, 0x0000000706d00000| Untracked 
| 110|0x0000000706e00000, 0x0000000706e00000, 0x0000000706f00000|  0%| F|  |TAMS 0x0000000706e00000, 0x0000000706e00000| Untracked 
| 111|0x0000000706f00000, 0x0000000706f00000, 0x0000000707000000|  0%| F|  |TAMS 0x0000000706f00000, 0x0000000706f00000| Untracked 
| 112|0x0000000707000000, 0x0000000707000000, 0x0000000707100000|  0%| F|  |TAMS 0x0000000707000000, 0x0000000707000000| Untracked 
| 113|0x0000000707100000, 0x0000000707100000, 0x0000000707200000|  0%| F|  |TAMS 0x0000000707100000, 0x0000000707100000| Untracked 
| 114|0x0000000707200000, 0x0000000707200000, 0x0000000707300000|  0%| F|  |TAMS 0x0000000707200000, 0x0000000707200000| Untracked 
| 115|0x0000000707300000, 0x0000000707300000, 0x0000000707400000|  0%| F|  |TAMS 0x0000000707300000, 0x0000000707300000| Untracked 
| 116|0x0000000707400000, 0x0000000707400000, 0x0000000707500000|  0%| F|  |TAMS 0x0000000707400000, 0x0000000707400000| Untracked 
| 117|0x0000000707500000, 0x0000000707500000, 0x0000000707600000|  0%| F|  |TAMS 0x0000000707500000, 0x0000000707500000| Untracked 
| 118|0x0000000707600000, 0x0000000707600000, 0x0000000707700000|  0%| F|  |TAMS 0x0000000707600000, 0x0000000707600000| Untracked 
| 119|0x0000000707700000, 0x0000000707700000, 0x0000000707800000|  0%| F|  |TAMS 0x0000000707700000, 0x0000000707700000| Untracked 
| 120|0x0000000707800000, 0x0000000707800000, 0x0000000707900000|  0%| F|  |TAMS 0x0000000707800000, 0x0000000707800000| Untracked 
| 121|0x0000000707900000, 0x0000000707900000, 0x0000000707a00000|  0%| F|  |TAMS 0x0000000707900000, 0x0000000707900000| Untracked 
| 122|0x0000000707a00000, 0x0000000707a00000, 0x0000000707b00000|  0%| F|  |TAMS 0x0000000707a00000, 0x0000000707a00000| Untracked 
| 123|0x0000000707b00000, 0x0000000707b00000, 0x0000000707c00000|  0%| F|  |TAMS 0x0000000707b00000, 0x0000000707b00000| Untracked 
| 124|0x0000000707c00000, 0x0000000707c00000, 0x0000000707d00000|  0%| F|  |TAMS 0x0000000707c00000, 0x0000000707c00000| Untracked 
| 125|0x0000000707d00000, 0x0000000707d00000, 0x0000000707e00000|  0%| F|  |TAMS 0x0000000707d00000, 0x0000000707d00000| Untracked 
| 126|0x0000000707e00000, 0x0000000707e00000, 0x0000000707f00000|  0%| F|  |TAMS 0x0000000707e00000, 0x0000000707e00000| Untracked 
| 127|0x0000000707f00000, 0x0000000707f00000, 0x0000000708000000|  0%| F|  |TAMS 0x0000000707f00000, 0x0000000707f00000| Untracked 
| 128|0x0000000708000000, 0x0000000708000000, 0x0000000708100000|  0%| F|  |TAMS 0x0000000708000000, 0x0000000708000000| Untracked 
| 129|0x0000000708100000, 0x0000000708100000, 0x0000000708200000|  0%| F|  |TAMS 0x0000000708100000, 0x0000000708100000| Untracked 
| 130|0x0000000708200000, 0x0000000708200000, 0x0000000708300000|  0%| F|  |TAMS 0x0000000708200000, 0x0000000708200000| Untracked 
| 131|0x0000000708300000, 0x0000000708300000, 0x0000000708400000|  0%| F|  |TAMS 0x0000000708300000, 0x0000000708300000| Untracked 
| 132|0x0000000708400000, 0x0000000708400000, 0x0000000708500000|  0%| F|  |TAMS 0x0000000708400000, 0x0000000708400000| Untracked 
| 133|0x0000000708500000, 0x0000000708500000, 0x0000000708600000|  0%| F|  |TAMS 0x0000000708500000, 0x0000000708500000| Untracked 
| 134|0x0000000708600000, 0x0000000708600000, 0x0000000708700000|  0%| F|  |TAMS 0x0000000708600000, 0x0000000708600000| Untracked 
| 135|0x0000000708700000, 0x0000000708700000, 0x0000000708800000|  0%| F|  |TAMS 0x0000000708700000, 0x0000000708700000| Untracked 
| 136|0x0000000708800000, 0x0000000708800000, 0x0000000708900000|  0%| F|  |TAMS 0x0000000708800000, 0x0000000708800000| Untracked 
| 137|0x0000000708900000, 0x0000000708900000, 0x0000000708a00000|  0%| F|  |TAMS 0x0000000708900000, 0x0000000708900000| Untracked 
| 138|0x0000000708a00000, 0x0000000708a00000, 0x0000000708b00000|  0%| F|  |TAMS 0x0000000708a00000, 0x0000000708a00000| Untracked 
| 139|0x0000000708b00000, 0x0000000708b00000, 0x0000000708c00000|  0%| F|  |TAMS 0x0000000708b00000, 0x0000000708b00000| Untracked 
| 140|0x0000000708c00000, 0x0000000708c00000, 0x0000000708d00000|  0%| F|  |TAMS 0x0000000708c00000, 0x0000000708c00000| Untracked 
| 141|0x0000000708d00000, 0x0000000708d00000, 0x0000000708e00000|  0%| F|  |TAMS 0x0000000708d00000, 0x0000000708d00000| Untracked 
| 142|0x0000000708e00000, 0x0000000708e00000, 0x0000000708f00000|  0%| F|  |TAMS 0x0000000708e00000, 0x0000000708e00000| Untracked 
| 143|0x0000000708f00000, 0x0000000708f00000, 0x0000000709000000|  0%| F|  |TAMS 0x0000000708f00000, 0x0000000708f00000| Untracked 
| 144|0x0000000709000000, 0x0000000709000000, 0x0000000709100000|  0%| F|  |TAMS 0x0000000709000000, 0x0000000709000000| Untracked 
| 145|0x0000000709100000, 0x0000000709100000, 0x0000000709200000|  0%| F|  |TAMS 0x0000000709100000, 0x0000000709100000| Untracked 
| 146|0x0000000709200000, 0x0000000709200000, 0x0000000709300000|  0%| F|  |TAMS 0x0000000709200000, 0x0000000709200000| Untracked 
| 147|0x0000000709300000, 0x0000000709300000, 0x0000000709400000|  0%| F|  |TAMS 0x0000000709300000, 0x0000000709300000| Untracked 
| 148|0x0000000709400000, 0x0000000709400000, 0x0000000709500000|  0%| F|  |TAMS 0x0000000709400000, 0x0000000709400000| Untracked 
| 149|0x0000000709500000, 0x0000000709500000, 0x0000000709600000|  0%| F|  |TAMS 0x0000000709500000, 0x0000000709500000| Untracked 
| 150|0x0000000709600000, 0x0000000709600000, 0x0000000709700000|  0%| F|  |TAMS 0x0000000709600000, 0x0000000709600000| Untracked 
| 151|0x0000000709700000, 0x0000000709700000, 0x0000000709800000|  0%| F|  |TAMS 0x0000000709700000, 0x0000000709700000| Untracked 
| 152|0x0000000709800000, 0x0000000709800000, 0x0000000709900000|  0%| F|  |TAMS 0x0000000709800000, 0x0000000709800000| Untracked 
| 153|0x0000000709900000, 0x0000000709900000, 0x0000000709a00000|  0%| F|  |TAMS 0x0000000709900000, 0x0000000709900000| Untracked 
| 154|0x0000000709a00000, 0x0000000709a00000, 0x0000000709b00000|  0%| F|  |TAMS 0x0000000709a00000, 0x0000000709a00000| Untracked 
| 155|0x0000000709b00000, 0x0000000709b00000, 0x0000000709c00000|  0%| F|  |TAMS 0x0000000709b00000, 0x0000000709b00000| Untracked 
| 156|0x0000000709c00000, 0x0000000709c00000, 0x0000000709d00000|  0%| F|  |TAMS 0x0000000709c00000, 0x0000000709c00000| Untracked 
| 157|0x0000000709d00000, 0x0000000709d00000, 0x0000000709e00000|  0%| F|  |TAMS 0x0000000709d00000, 0x0000000709d00000| Untracked 
| 158|0x0000000709e00000, 0x0000000709e00000, 0x0000000709f00000|  0%| F|  |TAMS 0x0000000709e00000, 0x0000000709e00000| Untracked 
| 159|0x0000000709f00000, 0x0000000709f00000, 0x000000070a000000|  0%| F|  |TAMS 0x0000000709f00000, 0x0000000709f00000| Untracked 
| 160|0x000000070a000000, 0x000000070a000000, 0x000000070a100000|  0%| F|  |TAMS 0x000000070a000000, 0x000000070a000000| Untracked 
| 161|0x000000070a100000, 0x000000070a100000, 0x000000070a200000|  0%| F|  |TAMS 0x000000070a100000, 0x000000070a100000| Untracked 
| 162|0x000000070a200000, 0x000000070a200000, 0x000000070a300000|  0%| F|  |TAMS 0x000000070a200000, 0x000000070a200000| Untracked 
| 163|0x000000070a300000, 0x000000070a300000, 0x000000070a400000|  0%| F|  |TAMS 0x000000070a300000, 0x000000070a300000| Untracked 
| 164|0x000000070a400000, 0x000000070a400000, 0x000000070a500000|  0%| F|  |TAMS 0x000000070a400000, 0x000000070a400000| Untracked 
| 165|0x000000070a500000, 0x000000070a500000, 0x000000070a600000|  0%| F|  |TAMS 0x000000070a500000, 0x000000070a500000| Untracked 
| 166|0x000000070a600000, 0x000000070a600000, 0x000000070a700000|  0%| F|  |TAMS 0x000000070a600000, 0x000000070a600000| Untracked 
| 167|0x000000070a700000, 0x000000070a700000, 0x000000070a800000|  0%| F|  |TAMS 0x000000070a700000, 0x000000070a700000| Untracked 
| 168|0x000000070a800000, 0x000000070a800000, 0x000000070a900000|  0%| F|  |TAMS 0x000000070a800000, 0x000000070a800000| Untracked 
| 169|0x000000070a900000, 0x000000070a900000, 0x000000070aa00000|  0%| F|  |TAMS 0x000000070a900000, 0x000000070a900000| Untracked 
| 170|0x000000070aa00000, 0x000000070aa00000, 0x000000070ab00000|  0%| F|  |TAMS 0x000000070aa00000, 0x000000070aa00000| Untracked 
| 171|0x000000070ab00000, 0x000000070ab00000, 0x000000070ac00000|  0%| F|  |TAMS 0x000000070ab00000, 0x000000070ab00000| Untracked 
| 172|0x000000070ac00000, 0x000000070ac00000, 0x000000070ad00000|  0%| F|  |TAMS 0x000000070ac00000, 0x000000070ac00000| Untracked 
| 173|0x000000070ad00000, 0x000000070ad00000, 0x000000070ae00000|  0%| F|  |TAMS 0x000000070ad00000, 0x000000070ad00000| Untracked 
| 174|0x000000070ae00000, 0x000000070ae00000, 0x000000070af00000|  0%| F|  |TAMS 0x000000070ae00000, 0x000000070ae00000| Untracked 
| 175|0x000000070af00000, 0x000000070af00000, 0x000000070b000000|  0%| F|  |TAMS 0x000000070af00000, 0x000000070af00000| Untracked 
| 176|0x000000070b000000, 0x000000070b000000, 0x000000070b100000|  0%| F|  |TAMS 0x000000070b000000, 0x000000070b000000| Untracked 
| 177|0x000000070b100000, 0x000000070b100000, 0x000000070b200000|  0%| F|  |TAMS 0x000000070b100000, 0x000000070b100000| Untracked 
| 178|0x000000070b200000, 0x000000070b200000, 0x000000070b300000|  0%| F|  |TAMS 0x000000070b200000, 0x000000070b200000| Untracked 
| 179|0x000000070b300000, 0x000000070b300000, 0x000000070b400000|  0%| F|  |TAMS 0x000000070b300000, 0x000000070b300000| Untracked 
| 180|0x000000070b400000, 0x000000070b400000, 0x000000070b500000|  0%| F|  |TAMS 0x000000070b400000, 0x000000070b400000| Untracked 
| 181|0x000000070b500000, 0x000000070b500000, 0x000000070b600000|  0%| F|  |TAMS 0x000000070b500000, 0x000000070b500000| Untracked 
| 182|0x000000070b600000, 0x000000070b600000, 0x000000070b700000|  0%| F|  |TAMS 0x000000070b600000, 0x000000070b600000| Untracked 
| 183|0x000000070b700000, 0x000000070b700000, 0x000000070b800000|  0%| F|  |TAMS 0x000000070b700000, 0x000000070b700000| Untracked 
| 184|0x000000070b800000, 0x000000070b800000, 0x000000070b900000|  0%| F|  |TAMS 0x000000070b800000, 0x000000070b800000| Untracked 
| 185|0x000000070b900000, 0x000000070b900000, 0x000000070ba00000|  0%| F|  |TAMS 0x000000070b900000, 0x000000070b900000| Untracked 
| 186|0x000000070ba00000, 0x000000070ba00000, 0x000000070bb00000|  0%| F|  |TAMS 0x000000070ba00000, 0x000000070ba00000| Untracked 
| 187|0x000000070bb00000, 0x000000070bb00000, 0x000000070bc00000|  0%| F|  |TAMS 0x000000070bb00000, 0x000000070bb00000| Untracked 
| 188|0x000000070bc00000, 0x000000070bc00000, 0x000000070bd00000|  0%| F|  |TAMS 0x000000070bc00000, 0x000000070bc00000| Untracked 
| 189|0x000000070bd00000, 0x000000070bd00000, 0x000000070be00000|  0%| F|  |TAMS 0x000000070bd00000, 0x000000070bd00000| Untracked 
| 190|0x000000070be00000, 0x000000070be00000, 0x000000070bf00000|  0%| F|  |TAMS 0x000000070be00000, 0x000000070be00000| Untracked 
| 191|0x000000070bf00000, 0x000000070bf00000, 0x000000070c000000|  0%| F|  |TAMS 0x000000070bf00000, 0x000000070bf00000| Untracked 
| 192|0x000000070c000000, 0x000000070c000000, 0x000000070c100000|  0%| F|  |TAMS 0x000000070c000000, 0x000000070c000000| Untracked 
| 193|0x000000070c100000, 0x000000070c100000, 0x000000070c200000|  0%| F|  |TAMS 0x000000070c100000, 0x000000070c100000| Untracked 
| 194|0x000000070c200000, 0x000000070c200000, 0x000000070c300000|  0%| F|  |TAMS 0x000000070c200000, 0x000000070c200000| Untracked 
| 195|0x000000070c300000, 0x000000070c300000, 0x000000070c400000|  0%| F|  |TAMS 0x000000070c300000, 0x000000070c300000| Untracked 
| 196|0x000000070c400000, 0x000000070c400000, 0x000000070c500000|  0%| F|  |TAMS 0x000000070c400000, 0x000000070c400000| Untracked 
| 197|0x000000070c500000, 0x000000070c500000, 0x000000070c600000|  0%| F|  |TAMS 0x000000070c500000, 0x000000070c500000| Untracked 
| 198|0x000000070c600000, 0x000000070c600000, 0x000000070c700000|  0%| F|  |TAMS 0x000000070c600000, 0x000000070c600000| Untracked 
| 199|0x000000070c700000, 0x000000070c700000, 0x000000070c800000|  0%| F|  |TAMS 0x000000070c700000, 0x000000070c700000| Untracked 
| 200|0x000000070c800000, 0x000000070c800000, 0x000000070c900000|  0%| F|  |TAMS 0x000000070c800000, 0x000000070c800000| Untracked 
| 201|0x000000070c900000, 0x000000070c900000, 0x000000070ca00000|  0%| F|  |TAMS 0x000000070c900000, 0x000000070c900000| Untracked 
| 202|0x000000070ca00000, 0x000000070ca00000, 0x000000070cb00000|  0%| F|  |TAMS 0x000000070ca00000, 0x000000070ca00000| Untracked 
| 203|0x000000070cb00000, 0x000000070cb00000, 0x000000070cc00000|  0%| F|  |TAMS 0x000000070cb00000, 0x000000070cb00000| Untracked 
| 204|0x000000070cc00000, 0x000000070cc00000, 0x000000070cd00000|  0%| F|  |TAMS 0x000000070cc00000, 0x000000070cc00000| Untracked 
| 205|0x000000070cd00000, 0x000000070cd00000, 0x000000070ce00000|  0%| F|  |TAMS 0x000000070cd00000, 0x000000070cd00000| Untracked 
| 206|0x000000070ce00000, 0x000000070ce00000, 0x000000070cf00000|  0%| F|  |TAMS 0x000000070ce00000, 0x000000070ce00000| Untracked 
| 207|0x000000070cf00000, 0x000000070cf00000, 0x000000070d000000|  0%| F|  |TAMS 0x000000070cf00000, 0x000000070cf00000| Untracked 
| 208|0x000000070d000000, 0x000000070d000000, 0x000000070d100000|  0%| F|  |TAMS 0x000000070d000000, 0x000000070d000000| Untracked 
| 209|0x000000070d100000, 0x000000070d100000, 0x000000070d200000|  0%| F|  |TAMS 0x000000070d100000, 0x000000070d100000| Untracked 
| 210|0x000000070d200000, 0x000000070d200000, 0x000000070d300000|  0%| F|  |TAMS 0x000000070d200000, 0x000000070d200000| Untracked 
| 211|0x000000070d300000, 0x000000070d300000, 0x000000070d400000|  0%| F|  |TAMS 0x000000070d300000, 0x000000070d300000| Untracked 
| 212|0x000000070d400000, 0x000000070d400000, 0x000000070d500000|  0%| F|  |TAMS 0x000000070d400000, 0x000000070d400000| Untracked 
| 213|0x000000070d500000, 0x000000070d500000, 0x000000070d600000|  0%| F|  |TAMS 0x000000070d500000, 0x000000070d500000| Untracked 
| 214|0x000000070d600000, 0x000000070d600000, 0x000000070d700000|  0%| F|  |TAMS 0x000000070d600000, 0x000000070d600000| Untracked 
| 215|0x000000070d700000, 0x000000070d700000, 0x000000070d800000|  0%| F|  |TAMS 0x000000070d700000, 0x000000070d700000| Untracked 
| 216|0x000000070d800000, 0x000000070d800000, 0x000000070d900000|  0%| F|  |TAMS 0x000000070d800000, 0x000000070d800000| Untracked 
| 217|0x000000070d900000, 0x000000070d900000, 0x000000070da00000|  0%| F|  |TAMS 0x000000070d900000, 0x000000070d900000| Untracked 
| 218|0x000000070da00000, 0x000000070da00000, 0x000000070db00000|  0%| F|  |TAMS 0x000000070da00000, 0x000000070da00000| Untracked 
| 219|0x000000070db00000, 0x000000070db00000, 0x000000070dc00000|  0%| F|  |TAMS 0x000000070db00000, 0x000000070db00000| Untracked 
| 220|0x000000070dc00000, 0x000000070dc00000, 0x000000070dd00000|  0%| F|  |TAMS 0x000000070dc00000, 0x000000070dc00000| Untracked 
| 221|0x000000070dd00000, 0x000000070dd00000, 0x000000070de00000|  0%| F|  |TAMS 0x000000070dd00000, 0x000000070dd00000| Untracked 
| 222|0x000000070de00000, 0x000000070de00000, 0x000000070df00000|  0%| F|  |TAMS 0x000000070de00000, 0x000000070de00000| Untracked 
| 223|0x000000070df00000, 0x000000070df00000, 0x000000070e000000|  0%| F|  |TAMS 0x000000070df00000, 0x000000070df00000| Untracked 
| 224|0x000000070e000000, 0x000000070e000000, 0x000000070e100000|  0%| F|  |TAMS 0x000000070e000000, 0x000000070e000000| Untracked 
| 225|0x000000070e100000, 0x000000070e100000, 0x000000070e200000|  0%| F|  |TAMS 0x000000070e100000, 0x000000070e100000| Untracked 
| 226|0x000000070e200000, 0x000000070e200000, 0x000000070e300000|  0%| F|  |TAMS 0x000000070e200000, 0x000000070e200000| Untracked 
| 227|0x000000070e300000, 0x000000070e300000, 0x000000070e400000|  0%| F|  |TAMS 0x000000070e300000, 0x000000070e300000| Untracked 
| 228|0x000000070e400000, 0x000000070e400000, 0x000000070e500000|  0%| F|  |TAMS 0x000000070e400000, 0x000000070e400000| Untracked 
| 229|0x000000070e500000, 0x000000070e500000, 0x000000070e600000|  0%| F|  |TAMS 0x000000070e500000, 0x000000070e500000| Untracked 
| 230|0x000000070e600000, 0x000000070e600000, 0x000000070e700000|  0%| F|  |TAMS 0x000000070e600000, 0x000000070e600000| Untracked 
| 231|0x000000070e700000, 0x000000070e700000, 0x000000070e800000|  0%| F|  |TAMS 0x000000070e700000, 0x000000070e700000| Untracked 
| 232|0x000000070e800000, 0x000000070e800000, 0x000000070e900000|  0%| F|  |TAMS 0x000000070e800000, 0x000000070e800000| Untracked 
| 233|0x000000070e900000, 0x000000070e900000, 0x000000070ea00000|  0%| F|  |TAMS 0x000000070e900000, 0x000000070e900000| Untracked 
| 234|0x000000070ea00000, 0x000000070ea00000, 0x000000070eb00000|  0%| F|  |TAMS 0x000000070ea00000, 0x000000070ea00000| Untracked 
| 235|0x000000070eb00000, 0x000000070eb00000, 0x000000070ec00000|  0%| F|  |TAMS 0x000000070eb00000, 0x000000070eb00000| Untracked 
| 236|0x000000070ec00000, 0x000000070ec00000, 0x000000070ed00000|  0%| F|  |TAMS 0x000000070ec00000, 0x000000070ec00000| Untracked 
| 237|0x000000070ed00000, 0x000000070ed00000, 0x000000070ee00000|  0%| F|  |TAMS 0x000000070ed00000, 0x000000070ed00000| Untracked 
| 238|0x000000070ee00000, 0x000000070ee00000, 0x000000070ef00000|  0%| F|  |TAMS 0x000000070ee00000, 0x000000070ee00000| Untracked 
| 239|0x000000070ef00000, 0x000000070ef00000, 0x000000070f000000|  0%| F|  |TAMS 0x000000070ef00000, 0x000000070ef00000| Untracked 
| 240|0x000000070f000000, 0x000000070f000000, 0x000000070f100000|  0%| F|  |TAMS 0x000000070f000000, 0x000000070f000000| Untracked 
| 241|0x000000070f100000, 0x000000070f100000, 0x000000070f200000|  0%| F|  |TAMS 0x000000070f100000, 0x000000070f100000| Untracked 
| 242|0x000000070f200000, 0x000000070f200000, 0x000000070f300000|  0%| F|  |TAMS 0x000000070f200000, 0x000000070f200000| Untracked 
| 243|0x000000070f300000, 0x000000070f300000, 0x000000070f400000|  0%| F|  |TAMS 0x000000070f300000, 0x000000070f300000| Untracked 
| 244|0x000000070f400000, 0x000000070f400000, 0x000000070f500000|  0%| F|  |TAMS 0x000000070f400000, 0x000000070f400000| Untracked 
| 245|0x000000070f500000, 0x000000070f500000, 0x000000070f600000|  0%| F|  |TAMS 0x000000070f500000, 0x000000070f500000| Untracked 
| 246|0x000000070f600000, 0x000000070f600000, 0x000000070f700000|  0%| F|  |TAMS 0x000000070f600000, 0x000000070f600000| Untracked 
| 247|0x000000070f700000, 0x000000070f700000, 0x000000070f800000|  0%| F|  |TAMS 0x000000070f700000, 0x000000070f700000| Untracked 
| 248|0x000000070f800000, 0x000000070f800000, 0x000000070f900000|  0%| F|  |TAMS 0x000000070f800000, 0x000000070f800000| Untracked 
| 249|0x000000070f900000, 0x000000070f900000, 0x000000070fa00000|  0%| F|  |TAMS 0x000000070f900000, 0x000000070f900000| Untracked 
| 250|0x000000070fa00000, 0x000000070fa00000, 0x000000070fb00000|  0%| F|  |TAMS 0x000000070fa00000, 0x000000070fa00000| Untracked 
| 251|0x000000070fb00000, 0x000000070fb00000, 0x000000070fc00000|  0%| F|  |TAMS 0x000000070fb00000, 0x000000070fb00000| Untracked 
| 252|0x000000070fc00000, 0x000000070fc00000, 0x000000070fd00000|  0%| F|  |TAMS 0x000000070fc00000, 0x000000070fc00000| Untracked 
| 253|0x000000070fd00000, 0x000000070fd00000, 0x000000070fe00000|  0%| F|  |TAMS 0x000000070fd00000, 0x000000070fd00000| Untracked 
| 254|0x000000070fe00000, 0x000000070fe00000, 0x000000070ff00000|  0%| F|  |TAMS 0x000000070fe00000, 0x000000070fe00000| Untracked 
| 255|0x000000070ff00000, 0x000000070ff00000, 0x0000000710000000|  0%| F|  |TAMS 0x000000070ff00000, 0x000000070ff00000| Untracked 
| 256|0x0000000710000000, 0x0000000710000000, 0x0000000710100000|  0%| F|  |TAMS 0x0000000710000000, 0x0000000710000000| Untracked 
| 257|0x0000000710100000, 0x0000000710100000, 0x0000000710200000|  0%| F|  |TAMS 0x0000000710100000, 0x0000000710100000| Untracked 
| 258|0x0000000710200000, 0x0000000710200000, 0x0000000710300000|  0%| F|  |TAMS 0x0000000710200000, 0x0000000710200000| Untracked 
| 259|0x0000000710300000, 0x0000000710300000, 0x0000000710400000|  0%| F|  |TAMS 0x0000000710300000, 0x0000000710300000| Untracked 
| 260|0x0000000710400000, 0x0000000710400000, 0x0000000710500000|  0%| F|  |TAMS 0x0000000710400000, 0x0000000710400000| Untracked 
| 261|0x0000000710500000, 0x0000000710500000, 0x0000000710600000|  0%| F|  |TAMS 0x0000000710500000, 0x0000000710500000| Untracked 
| 262|0x0000000710600000, 0x0000000710600000, 0x0000000710700000|  0%| F|  |TAMS 0x0000000710600000, 0x0000000710600000| Untracked 
| 263|0x0000000710700000, 0x0000000710700000, 0x0000000710800000|  0%| F|  |TAMS 0x0000000710700000, 0x0000000710700000| Untracked 
| 264|0x0000000710800000, 0x0000000710800000, 0x0000000710900000|  0%| F|  |TAMS 0x0000000710800000, 0x0000000710800000| Untracked 
| 265|0x0000000710900000, 0x0000000710900000, 0x0000000710a00000|  0%| F|  |TAMS 0x0000000710900000, 0x0000000710900000| Untracked 
| 266|0x0000000710a00000, 0x0000000710a00000, 0x0000000710b00000|  0%| F|  |TAMS 0x0000000710a00000, 0x0000000710a00000| Untracked 
| 267|0x0000000710b00000, 0x0000000710b00000, 0x0000000710c00000|  0%| F|  |TAMS 0x0000000710b00000, 0x0000000710b00000| Untracked 
| 268|0x0000000710c00000, 0x0000000710c00000, 0x0000000710d00000|  0%| F|  |TAMS 0x0000000710c00000, 0x0000000710c00000| Untracked 
| 269|0x0000000710d00000, 0x0000000710d00000, 0x0000000710e00000|  0%| F|  |TAMS 0x0000000710d00000, 0x0000000710d00000| Untracked 
| 270|0x0000000710e00000, 0x0000000710e00000, 0x0000000710f00000|  0%| F|  |TAMS 0x0000000710e00000, 0x0000000710e00000| Untracked 
| 271|0x0000000710f00000, 0x0000000710f00000, 0x0000000711000000|  0%| F|  |TAMS 0x0000000710f00000, 0x0000000710f00000| Untracked 
| 272|0x0000000711000000, 0x0000000711000000, 0x0000000711100000|  0%| F|  |TAMS 0x0000000711000000, 0x0000000711000000| Untracked 
| 273|0x0000000711100000, 0x0000000711100000, 0x0000000711200000|  0%| F|  |TAMS 0x0000000711100000, 0x0000000711100000| Untracked 
| 274|0x0000000711200000, 0x0000000711200000, 0x0000000711300000|  0%| F|  |TAMS 0x0000000711200000, 0x0000000711200000| Untracked 
| 275|0x0000000711300000, 0x0000000711300000, 0x0000000711400000|  0%| F|  |TAMS 0x0000000711300000, 0x0000000711300000| Untracked 
| 276|0x0000000711400000, 0x0000000711400000, 0x0000000711500000|  0%| F|  |TAMS 0x0000000711400000, 0x0000000711400000| Untracked 
| 277|0x0000000711500000, 0x0000000711500000, 0x0000000711600000|  0%| F|  |TAMS 0x0000000711500000, 0x0000000711500000| Untracked 
| 278|0x0000000711600000, 0x0000000711600000, 0x0000000711700000|  0%| F|  |TAMS 0x0000000711600000, 0x0000000711600000| Untracked 
| 279|0x0000000711700000, 0x0000000711700000, 0x0000000711800000|  0%| F|  |TAMS 0x0000000711700000, 0x0000000711700000| Untracked 
| 280|0x0000000711800000, 0x0000000711800000, 0x0000000711900000|  0%| F|  |TAMS 0x0000000711800000, 0x0000000711800000| Untracked 
| 281|0x0000000711900000, 0x0000000711900000, 0x0000000711a00000|  0%| F|  |TAMS 0x0000000711900000, 0x0000000711900000| Untracked 
| 282|0x0000000711a00000, 0x0000000711a00000, 0x0000000711b00000|  0%| F|  |TAMS 0x0000000711a00000, 0x0000000711a00000| Untracked 
| 283|0x0000000711b00000, 0x0000000711b00000, 0x0000000711c00000|  0%| F|  |TAMS 0x0000000711b00000, 0x0000000711b00000| Untracked 
| 284|0x0000000711c00000, 0x0000000711cf1ad0, 0x0000000711d00000| 94%| E|  |TAMS 0x0000000711c00000, 0x0000000711c00000| Complete 
| 285|0x0000000711d00000, 0x0000000711e00000, 0x0000000711e00000|100%| E|CS|TAMS 0x0000000711d00000, 0x0000000711d00000| Complete 
| 286|0x0000000711e00000, 0x0000000711e80000, 0x0000000711f00000| 50%| S|CS|TAMS 0x0000000711e00000, 0x0000000711e00000| Complete 
| 287|0x0000000711f00000, 0x0000000712000000, 0x0000000712000000|100%| S|CS|TAMS 0x0000000711f00000, 0x0000000711f00000| Complete 
| 288|0x0000000712000000, 0x0000000712100000, 0x0000000712100000|100%| S|CS|TAMS 0x0000000712000000, 0x0000000712000000| Complete 
| 289|0x0000000712100000, 0x0000000712200000, 0x0000000712200000|100%| S|CS|TAMS 0x0000000712100000, 0x0000000712100000| Complete 
| 290|0x0000000712200000, 0x0000000712300000, 0x0000000712300000|100%| S|CS|TAMS 0x0000000712200000, 0x0000000712200000| Complete 
| 291|0x0000000712300000, 0x0000000712400000, 0x0000000712400000|100%| S|CS|TAMS 0x0000000712300000, 0x0000000712300000| Complete 
| 292|0x0000000712400000, 0x0000000712500000, 0x0000000712500000|100%| S|CS|TAMS 0x0000000712400000, 0x0000000712400000| Complete 
| 293|0x0000000712500000, 0x0000000712600000, 0x0000000712600000|100%| S|CS|TAMS 0x0000000712500000, 0x0000000712500000| Complete 
| 294|0x0000000712600000, 0x0000000712700000, 0x0000000712700000|100%| E|CS|TAMS 0x0000000712600000, 0x0000000712600000| Complete 
| 295|0x0000000712700000, 0x0000000712800000, 0x0000000712800000|100%| E|CS|TAMS 0x0000000712700000, 0x0000000712700000| Complete 
| 296|0x0000000712800000, 0x0000000712900000, 0x0000000712900000|100%| E|CS|TAMS 0x0000000712800000, 0x0000000712800000| Complete 
| 297|0x0000000712900000, 0x0000000712a00000, 0x0000000712a00000|100%| E|CS|TAMS 0x0000000712900000, 0x0000000712900000| Complete 
| 298|0x0000000712a00000, 0x0000000712b00000, 0x0000000712b00000|100%| E|CS|TAMS 0x0000000712a00000, 0x0000000712a00000| Complete 
| 299|0x0000000712b00000, 0x0000000712c00000, 0x0000000712c00000|100%| E|CS|TAMS 0x0000000712b00000, 0x0000000712b00000| Complete 
| 300|0x0000000712c00000, 0x0000000712d00000, 0x0000000712d00000|100%| E|CS|TAMS 0x0000000712c00000, 0x0000000712c00000| Complete 
| 301|0x0000000712d00000, 0x0000000712e00000, 0x0000000712e00000|100%| E|CS|TAMS 0x0000000712d00000, 0x0000000712d00000| Complete 
| 302|0x0000000712e00000, 0x0000000712f00000, 0x0000000712f00000|100%| E|CS|TAMS 0x0000000712e00000, 0x0000000712e00000| Complete 
| 303|0x0000000712f00000, 0x0000000713000000, 0x0000000713000000|100%| E|CS|TAMS 0x0000000712f00000, 0x0000000712f00000| Complete 
| 304|0x0000000713000000, 0x0000000713100000, 0x0000000713100000|100%| E|CS|TAMS 0x0000000713000000, 0x0000000713000000| Complete 
| 305|0x0000000713100000, 0x0000000713200000, 0x0000000713200000|100%| E|CS|TAMS 0x0000000713100000, 0x0000000713100000| Complete 
| 306|0x0000000713200000, 0x0000000713300000, 0x0000000713300000|100%| E|CS|TAMS 0x0000000713200000, 0x0000000713200000| Complete 
| 307|0x0000000713300000, 0x0000000713400000, 0x0000000713400000|100%| E|CS|TAMS 0x0000000713300000, 0x0000000713300000| Complete 
| 308|0x0000000713400000, 0x0000000713500000, 0x0000000713500000|100%| E|CS|TAMS 0x0000000713400000, 0x0000000713400000| Complete 
| 309|0x0000000713500000, 0x0000000713600000, 0x0000000713600000|100%| E|CS|TAMS 0x0000000713500000, 0x0000000713500000| Complete 
| 310|0x0000000713600000, 0x0000000713700000, 0x0000000713700000|100%| E|CS|TAMS 0x0000000713600000, 0x0000000713600000| Complete 
| 311|0x0000000713700000, 0x0000000713800000, 0x0000000713800000|100%| E|CS|TAMS 0x0000000713700000, 0x0000000713700000| Complete 
| 312|0x0000000713800000, 0x0000000713900000, 0x0000000713900000|100%| E|CS|TAMS 0x0000000713800000, 0x0000000713800000| Complete 
| 313|0x0000000713900000, 0x0000000713a00000, 0x0000000713a00000|100%| E|CS|TAMS 0x0000000713900000, 0x0000000713900000| Complete 
| 314|0x0000000713a00000, 0x0000000713b00000, 0x0000000713b00000|100%| E|CS|TAMS 0x0000000713a00000, 0x0000000713a00000| Complete 
| 315|0x0000000713b00000, 0x0000000713c00000, 0x0000000713c00000|100%| E|CS|TAMS 0x0000000713b00000, 0x0000000713b00000| Complete 
| 316|0x0000000713c00000, 0x0000000713d00000, 0x0000000713d00000|100%| E|CS|TAMS 0x0000000713c00000, 0x0000000713c00000| Complete 
| 317|0x0000000713d00000, 0x0000000713e00000, 0x0000000713e00000|100%| E|CS|TAMS 0x0000000713d00000, 0x0000000713d00000| Complete 
| 318|0x0000000713e00000, 0x0000000713f00000, 0x0000000713f00000|100%| E|CS|TAMS 0x0000000713e00000, 0x0000000713e00000| Complete 
| 319|0x0000000713f00000, 0x0000000714000000, 0x0000000714000000|100%| E|CS|TAMS 0x0000000713f00000, 0x0000000713f00000| Complete 
| 320|0x0000000714000000, 0x0000000714100000, 0x0000000714100000|100%| E|CS|TAMS 0x0000000714000000, 0x0000000714000000| Complete 
| 321|0x0000000714100000, 0x0000000714200000, 0x0000000714200000|100%| E|CS|TAMS 0x0000000714100000, 0x0000000714100000| Complete 
| 322|0x0000000714200000, 0x0000000714300000, 0x0000000714300000|100%| E|CS|TAMS 0x0000000714200000, 0x0000000714200000| Complete 
| 323|0x0000000714300000, 0x0000000714400000, 0x0000000714400000|100%| E|CS|TAMS 0x0000000714300000, 0x0000000714300000| Complete 
| 324|0x0000000714400000, 0x0000000714500000, 0x0000000714500000|100%| E|CS|TAMS 0x0000000714400000, 0x0000000714400000| Complete 
| 325|0x0000000714500000, 0x0000000714600000, 0x0000000714600000|100%| E|CS|TAMS 0x0000000714500000, 0x0000000714500000| Complete 
| 326|0x0000000714600000, 0x0000000714700000, 0x0000000714700000|100%| E|CS|TAMS 0x0000000714600000, 0x0000000714600000| Complete 
| 327|0x0000000714700000, 0x0000000714800000, 0x0000000714800000|100%| E|CS|TAMS 0x0000000714700000, 0x0000000714700000| Complete 
| 328|0x0000000714800000, 0x0000000714900000, 0x0000000714900000|100%| E|CS|TAMS 0x0000000714800000, 0x0000000714800000| Complete 
| 329|0x0000000714900000, 0x0000000714a00000, 0x0000000714a00000|100%| E|CS|TAMS 0x0000000714900000, 0x0000000714900000| Complete 
| 330|0x0000000714a00000, 0x0000000714b00000, 0x0000000714b00000|100%| E|CS|TAMS 0x0000000714a00000, 0x0000000714a00000| Complete 
| 331|0x0000000714b00000, 0x0000000714c00000, 0x0000000714c00000|100%| E|CS|TAMS 0x0000000714b00000, 0x0000000714b00000| Complete 
| 332|0x0000000714c00000, 0x0000000714d00000, 0x0000000714d00000|100%| E|CS|TAMS 0x0000000714c00000, 0x0000000714c00000| Complete 
| 333|0x0000000714d00000, 0x0000000714e00000, 0x0000000714e00000|100%| E|CS|TAMS 0x0000000714d00000, 0x0000000714d00000| Complete 
| 334|0x0000000714e00000, 0x0000000714f00000, 0x0000000714f00000|100%| E|CS|TAMS 0x0000000714e00000, 0x0000000714e00000| Complete 
| 335|0x0000000714f00000, 0x0000000715000000, 0x0000000715000000|100%| E|CS|TAMS 0x0000000714f00000, 0x0000000714f00000| Complete 
| 336|0x0000000715000000, 0x0000000715100000, 0x0000000715100000|100%| E|CS|TAMS 0x0000000715000000, 0x0000000715000000| Complete 
| 337|0x0000000715100000, 0x0000000715200000, 0x0000000715200000|100%| E|CS|TAMS 0x0000000715100000, 0x0000000715100000| Complete 
| 338|0x0000000715200000, 0x0000000715300000, 0x0000000715300000|100%| E|CS|TAMS 0x0000000715200000, 0x0000000715200000| Complete 
| 339|0x0000000715300000, 0x0000000715400000, 0x0000000715400000|100%| E|CS|TAMS 0x0000000715300000, 0x0000000715300000| Complete 
| 340|0x0000000715400000, 0x0000000715500000, 0x0000000715500000|100%| E|CS|TAMS 0x0000000715400000, 0x0000000715400000| Complete 
| 341|0x0000000715500000, 0x0000000715600000, 0x0000000715600000|100%| E|CS|TAMS 0x0000000715500000, 0x0000000715500000| Complete 
| 342|0x0000000715600000, 0x0000000715700000, 0x0000000715700000|100%| E|CS|TAMS 0x0000000715600000, 0x0000000715600000| Complete 
| 343|0x0000000715700000, 0x0000000715800000, 0x0000000715800000|100%| E|CS|TAMS 0x0000000715700000, 0x0000000715700000| Complete 
| 344|0x0000000715800000, 0x0000000715900000, 0x0000000715900000|100%| E|CS|TAMS 0x0000000715800000, 0x0000000715800000| Complete 
| 345|0x0000000715900000, 0x0000000715a00000, 0x0000000715a00000|100%| E|CS|TAMS 0x0000000715900000, 0x0000000715900000| Complete 
| 346|0x0000000715a00000, 0x0000000715b00000, 0x0000000715b00000|100%| E|CS|TAMS 0x0000000715a00000, 0x0000000715a00000| Complete 
| 347|0x0000000715b00000, 0x0000000715c00000, 0x0000000715c00000|100%| E|CS|TAMS 0x0000000715b00000, 0x0000000715b00000| Complete 
| 348|0x0000000715c00000, 0x0000000715d00000, 0x0000000715d00000|100%| E|CS|TAMS 0x0000000715c00000, 0x0000000715c00000| Complete 
| 349|0x0000000715d00000, 0x0000000715e00000, 0x0000000715e00000|100%| E|  |TAMS 0x0000000715d00000, 0x0000000715d00000| Complete 
| 350|0x0000000715e00000, 0x0000000715f00000, 0x0000000715f00000|100%| E|CS|TAMS 0x0000000715e00000, 0x0000000715e00000| Complete 
| 351|0x0000000715f00000, 0x0000000716000000, 0x0000000716000000|100%| E|CS|TAMS 0x0000000715f00000, 0x0000000715f00000| Complete 
| 352|0x0000000716000000, 0x0000000716100000, 0x0000000716100000|100%| E|CS|TAMS 0x0000000716000000, 0x0000000716000000| Complete 
| 353|0x0000000716100000, 0x0000000716200000, 0x0000000716200000|100%| E|CS|TAMS 0x0000000716100000, 0x0000000716100000| Complete 
| 354|0x0000000716200000, 0x0000000716300000, 0x0000000716300000|100%| E|CS|TAMS 0x0000000716200000, 0x0000000716200000| Complete 
| 355|0x0000000716300000, 0x0000000716400000, 0x0000000716400000|100%| E|CS|TAMS 0x0000000716300000, 0x0000000716300000| Complete 
| 356|0x0000000716400000, 0x0000000716500000, 0x0000000716500000|100%| E|CS|TAMS 0x0000000716400000, 0x0000000716400000| Complete 
| 357|0x0000000716500000, 0x0000000716600000, 0x0000000716600000|100%| E|CS|TAMS 0x0000000716500000, 0x0000000716500000| Complete 
| 358|0x0000000716600000, 0x0000000716700000, 0x0000000716700000|100%| E|CS|TAMS 0x0000000716600000, 0x0000000716600000| Complete 
| 359|0x0000000716700000, 0x0000000716800000, 0x0000000716800000|100%| E|CS|TAMS 0x0000000716700000, 0x0000000716700000| Complete 
| 360|0x0000000716800000, 0x0000000716900000, 0x0000000716900000|100%| E|CS|TAMS 0x0000000716800000, 0x0000000716800000| Complete 
| 361|0x0000000716900000, 0x0000000716a00000, 0x0000000716a00000|100%| E|CS|TAMS 0x0000000716900000, 0x0000000716900000| Complete 
| 362|0x0000000716a00000, 0x0000000716b00000, 0x0000000716b00000|100%| E|CS|TAMS 0x0000000716a00000, 0x0000000716a00000| Complete 
| 363|0x0000000716b00000, 0x0000000716c00000, 0x0000000716c00000|100%| E|CS|TAMS 0x0000000716b00000, 0x0000000716b00000| Complete 
| 364|0x0000000716c00000, 0x0000000716d00000, 0x0000000716d00000|100%| E|CS|TAMS 0x0000000716c00000, 0x0000000716c00000| Complete 
| 365|0x0000000716d00000, 0x0000000716e00000, 0x0000000716e00000|100%| E|CS|TAMS 0x0000000716d00000, 0x0000000716d00000| Complete 
| 366|0x0000000716e00000, 0x0000000716f00000, 0x0000000716f00000|100%| E|CS|TAMS 0x0000000716e00000, 0x0000000716e00000| Complete 
| 367|0x0000000716f00000, 0x0000000717000000, 0x0000000717000000|100%| E|CS|TAMS 0x0000000716f00000, 0x0000000716f00000| Complete 
| 368|0x0000000717000000, 0x0000000717100000, 0x0000000717100000|100%| E|CS|TAMS 0x0000000717000000, 0x0000000717000000| Complete 
| 369|0x0000000717100000, 0x0000000717200000, 0x0000000717200000|100%| E|CS|TAMS 0x0000000717100000, 0x0000000717100000| Complete 

Card table byte_map: [0x000001d968ad0000,0x000001d9692d0000] _byte_map_base: 0x000001d9652d0000

Marking Bits (Prev, Next): (CMBitMap*) 0x000001d954fee1b8, (CMBitMap*) 0x000001d954fee1f0
 Prev Bits: [0x000001d969ad0000, 0x000001d96dad0000)
 Next Bits: [0x000001d96dad0000, 0x000001d971ad0000)

Polling page: 0x000001d953720000

Metaspace:

Usage:
  Non-class:     89.85 MB capacity,    88.18 MB ( 98%) used,     1.45 MB (  2%) free+waste,   226.19 KB ( <1%) overhead. 
      Class:     13.10 MB capacity,    12.22 MB ( 93%) used,   802.59 KB (  6%) free+waste,   101.44 KB ( <1%) overhead. 
       Both:    102.95 MB capacity,   100.40 MB ( 98%) used,     2.23 MB (  2%) free+waste,   327.63 KB ( <1%) overhead. 

Virtual space:
  Non-class space:       90.00 MB reserved,      90.00 MB (100%) committed 
      Class space:        1.00 GB reserved,      13.13 MB (  1%) committed 
             Both:        1.09 GB reserved,     103.13 MB (  9%) committed 

Chunk freelists:
   Non-Class:  21.00 KB
       Class:  0 bytes
        Both:  21.00 KB

MaxMetaspaceSize: 17179869184.00 GB
CompressedClassSpaceSize: 1.00 GB

CodeHeap 'non-profiled nmethods': size=120064Kb used=8924Kb max_used=9474Kb free=111139Kb
 bounds [0x000001d960550000, 0x000001d960ea0000, 0x000001d967a90000]
CodeHeap 'profiled nmethods': size=120000Kb used=34381Kb max_used=34381Kb free=85618Kb
 bounds [0x000001d959020000, 0x000001d95b1f0000, 0x000001d960550000]
CodeHeap 'non-nmethods': size=5696Kb used=2329Kb max_used=2395Kb free=3367Kb
 bounds [0x000001d958a90000, 0x000001d958d00000, 0x000001d959020000]
 total_blobs=13975 nmethods=13044 adapters=840
 compilation: enabled
              stopped_count=0, restarted_count=0
 full_count=0

Compilation events (20 events):
Event: 122.027 Thread 0x000001d974d25000 13878       3       com.google.common.collect.RegularImmutableMap::get (13 bytes)
Event: 122.027 Thread 0x000001d974d25000 nmethod 13878 0x000001d959435e10 code [0x000001d959435fc0, 0x000001d959436108]
Event: 122.027 Thread 0x000001d974d25000 13875       3       org.gradle.internal.event.BroadcastDispatch$EmptyDispatch::<init> (7 bytes)
Event: 122.027 Thread 0x000001d974d25000 nmethod 13875 0x000001d95965d510 code [0x000001d95965d6e0, 0x000001d95965d9b8]
Event: 122.027 Thread 0x000001d974d25000 13877       1       com.android.builder.core.VariantTypeImpl::isHybrid (5 bytes)
Event: 122.027 Thread 0x000001d974d25000 nmethod 13877 0x000001d9605ea490 code [0x000001d9605ea640, 0x000001d9605ea6f8]
Event: 122.027 Thread 0x000001d974d25000 13879       3       com.android.build.gradle.internal.scope.VariantScopeImpl::getVariantConfiguration (8 bytes)
Event: 122.027 Thread 0x000001d974d25000 nmethod 13879 0x000001d95962fb90 code [0x000001d95962fd40, 0x000001d95962fef8]
Event: 122.027 Thread 0x000001d974d25000 13880       3       org.gradle.tooling.internal.provider.runner.BuildOperationParentTracker::findClosestExistingAncestor (39 bytes)
Event: 122.027 Thread 0x000001d974d25000 nmethod 13880 0x000001d9596d8110 code [0x000001d9596d8300, 0x000001d9596d8788]
Event: 122.029 Thread 0x000001d974d25000 13881       3       jdk.internal.loader.BuiltinClassLoader::findResourceOnClassPath (41 bytes)
Event: 122.029 Thread 0x000001d974d25000 nmethod 13881 0x000001d959769310 code [0x000001d959769520, 0x000001d959769aa8]
Event: 122.029 Thread 0x000001d974d25000 13883       2       com.google.common.collect.ImmutableCollection::<init> (5 bytes)
Event: 122.029 Thread 0x000001d974d25000 nmethod 13883 0x000001d959476310 code [0x000001d9594764c0, 0x000001d9594765b8]
Event: 122.029 Thread 0x000001d974d25000 13884       2       com.google.common.collect.UnmodifiableIterator::<init> (5 bytes)
Event: 122.029 Thread 0x000001d974d25000 nmethod 13884 0x000001d9594c4990 code [0x000001d9594c4b40, 0x000001d9594c4c38]
Event: 122.029 Thread 0x000001d974d25000 13885       2       com.google.common.collect.Iterators$9::hasNext (13 bytes)
Event: 122.030 Thread 0x000001d974d25000 nmethod 13885 0x000001d95950b190 code [0x000001d95950b340, 0x000001d95950b458]
Event: 122.030 Thread 0x000001d974d25000 13886       1       com.android.build.gradle.internal.scope.GlobalScope::getExtension (5 bytes)
Event: 122.030 Thread 0x000001d974d25000 nmethod 13886 0x000001d9605ee110 code [0x000001d9605ee2c0, 0x000001d9605ee378]

GC Heap History (20 events):
Event: 2.052 GC heap before
{Heap before GC invocations=4 (full 0):
 garbage-first heap   total 262144K, used 77840K [0x0000000700000000, 0x0000000800000000)
  region size 1024K, 62 young (63488K), 3 survivors (3072K)
 Metaspace       used 32310K, capacity 32914K, committed 33152K, reserved 1079296K
  class space    used 4010K, capacity 4197K, committed 4224K, reserved 1048576K
}
Event: 2.056 GC heap after
{Heap after GC invocations=5 (full 0):
 garbage-first heap   total 262144K, used 19668K [0x0000000700000000, 0x0000000800000000)
  region size 1024K, 7 young (7168K), 7 survivors (7168K)
 Metaspace       used 32310K, capacity 32914K, committed 33152K, reserved 1079296K
  class space    used 4010K, capacity 4197K, committed 4224K, reserved 1048576K
}
Event: 2.330 GC heap before
{Heap before GC invocations=5 (full 0):
 garbage-first heap   total 262144K, used 51412K [0x0000000700000000, 0x0000000800000000)
  region size 1024K, 39 young (39936K), 7 survivors (7168K)
 Metaspace       used 35214K, capacity 35786K, committed 35840K, reserved 1081344K
  class space    used 4221K, capacity 4426K, committed 4480K, reserved 1048576K
}
Event: 2.337 GC heap after
{Heap after GC invocations=6 (full 0):
 garbage-first heap   total 262144K, used 21963K [0x0000000700000000, 0x0000000800000000)
  region size 1024K, 9 young (9216K), 9 survivors (9216K)
 Metaspace       used 35214K, capacity 35786K, committed 35840K, reserved 1081344K
  class space    used 4221K, capacity 4426K, committed 4480K, reserved 1048576K
}
Event: 3.645 GC heap before
{Heap before GC invocations=7 (full 0):
 garbage-first heap   total 262144K, used 139723K [0x0000000700000000, 0x0000000800000000)
  region size 1024K, 125 young (128000K), 9 survivors (9216K)
 Metaspace       used 44985K, capacity 45926K, committed 46208K, reserved 1089536K
  class space    used 5567K, capacity 5902K, committed 6016K, reserved 1048576K
}
Event: 3.653 GC heap after
{Heap after GC invocations=8 (full 0):
 garbage-first heap   total 315392K, used 26029K [0x0000000700000000, 0x0000000800000000)
  region size 1024K, 11 young (11264K), 11 survivors (11264K)
 Metaspace       used 44985K, capacity 45926K, committed 46208K, reserved 1089536K
  class space    used 5567K, capacity 5902K, committed 6016K, reserved 1048576K
}
Event: 5.545 GC heap before
{Heap before GC invocations=8 (full 0):
 garbage-first heap   total 315392K, used 179629K [0x0000000700000000, 0x0000000800000000)
  region size 1024K, 160 young (163840K), 11 survivors (11264K)
 Metaspace       used 58615K, capacity 60038K, committed 60160K, reserved 1101824K
  class space    used 7244K, capacity 7698K, committed 7808K, reserved 1048576K
}
Event: 5.566 GC heap after
{Heap after GC invocations=9 (full 0):
 garbage-first heap   total 315392K, used 43833K [0x0000000700000000, 0x0000000800000000)
  region size 1024K, 23 young (23552K), 23 survivors (23552K)
 Metaspace       used 58615K, capacity 60038K, committed 60160K, reserved 1101824K
  class space    used 7244K, capacity 7698K, committed 7808K, reserved 1048576K
}
Event: 6.873 GC heap before
{Heap before GC invocations=10 (full 0):
 garbage-first heap   total 315392K, used 208697K [0x0000000700000000, 0x0000000800000000)
  region size 1024K, 184 young (188416K), 23 survivors (23552K)
 Metaspace       used 72615K, capacity 74502K, committed 74624K, reserved 1114112K
  class space    used 9242K, capacity 9854K, committed 9856K, reserved 1048576K
}
Event: 6.888 GC heap after
{Heap after GC invocations=11 (full 0):
 garbage-first heap   total 315392K, used 60151K [0x0000000700000000, 0x0000000800000000)
  region size 1024K, 16 young (16384K), 16 survivors (16384K)
 Metaspace       used 72615K, capacity 74502K, committed 74624K, reserved 1114112K
  class space    used 9242K, capacity 9854K, committed 9856K, reserved 1048576K
}
Event: 8.950 GC heap before
{Heap before GC invocations=11 (full 0):
 garbage-first heap   total 315392K, used 223991K [0x0000000700000000, 0x0000000800000000)
  region size 1024K, 177 young (181248K), 16 survivors (16384K)
 Metaspace       used 81650K, capacity 83698K, committed 83968K, reserved 1122304K
  class space    used 10235K, capacity 10894K, committed 11008K, reserved 1048576K
}
Event: 8.966 GC heap after
{Heap after GC invocations=12 (full 0):
 garbage-first heap   total 315392K, used 69104K [0x0000000700000000, 0x0000000800000000)
  region size 1024K, 10 young (10240K), 10 survivors (10240K)
 Metaspace       used 81650K, capacity 83698K, committed 83968K, reserved 1122304K
  class space    used 10235K, capacity 10894K, committed 11008K, reserved 1048576K
}
Event: 10.163 GC heap before
{Heap before GC invocations=12 (full 0):
 garbage-first heap   total 315392K, used 233968K [0x0000000700000000, 0x0000000800000000)
  region size 1024K, 171 young (175104K), 10 survivors (10240K)
 Metaspace       used 81765K, capacity 83852K, committed 83968K, reserved 1122304K
  class space    used 10237K, capacity 10898K, committed 11008K, reserved 1048576K
}
Event: 10.169 GC heap after
{Heap after GC invocations=13 (full 0):
 garbage-first heap   total 378880K, used 66874K [0x0000000700000000, 0x0000000800000000)
  region size 1024K, 8 young (8192K), 8 survivors (8192K)
 Metaspace       used 81765K, capacity 83852K, committed 83968K, reserved 1122304K
  class space    used 10237K, capacity 10898K, committed 11008K, reserved 1048576K
}
Event: 11.937 GC heap before
{Heap before GC invocations=13 (full 0):
 garbage-first heap   total 378880K, used 260410K [0x0000000700000000, 0x0000000800000000)
  region size 1024K, 196 young (200704K), 8 survivors (8192K)
 Metaspace       used 87941K, capacity 90213K, committed 90368K, reserved 1128448K
  class space    used 10938K, capacity 11710K, committed 11776K, reserved 1048576K
}
Event: 11.947 GC heap after
{Heap after GC invocations=14 (full 0):
 garbage-first heap   total 378880K, used 74665K [0x0000000700000000, 0x0000000800000000)
  region size 1024K, 15 young (15360K), 15 survivors (15360K)
 Metaspace       used 87941K, capacity 90213K, committed 90368K, reserved 1128448K
  class space    used 10938K, capacity 11710K, committed 11776K, reserved 1048576K
}
Event: 15.062 GC heap before
{Heap before GC invocations=14 (full 0):
 garbage-first heap   total 378880K, used 290729K [0x0000000700000000, 0x0000000800000000)
  region size 1024K, 222 young (227328K), 15 survivors (15360K)
 Metaspace       used 95416K, capacity 97926K, committed 98176K, reserved 1134592K
  class space    used 11818K, capacity 12655K, committed 12672K, reserved 1048576K
}
Event: 15.087 GC heap after
{Heap after GC invocations=15 (full 0):
 garbage-first heap   total 378880K, used 110951K [0x0000000700000000, 0x0000000800000000)
  region size 1024K, 28 young (28672K), 28 survivors (28672K)
 Metaspace       used 95416K, capacity 97926K, committed 98176K, reserved 1134592K
  class space    used 11818K, capacity 12655K, committed 12672K, reserved 1048576K
}
Event: 15.945 GC heap before
{Heap before GC invocations=15 (full 0):
 garbage-first heap   total 378880K, used 187751K [0x0000000700000000, 0x0000000800000000)
  region size 1024K, 104 young (106496K), 28 survivors (28672K)
 Metaspace       used 98071K, capacity 100504K, committed 100608K, reserved 1136640K
  class space    used 12129K, capacity 12966K, committed 13056K, reserved 1048576K
}
Event: 15.961 GC heap after
{Heap after GC invocations=16 (full 0):
 garbage-first heap   total 378880K, used 115200K [0x0000000700000000, 0x0000000800000000)
  region size 1024K, 8 young (8192K), 8 survivors (8192K)
 Metaspace       used 98071K, capacity 100504K, committed 100608K, reserved 1136640K
  class space    used 12129K, capacity 12966K, committed 13056K, reserved 1048576K
}

Deoptimization events (20 events):
Event: 121.992 Thread 0x000001d97bc50800 DEOPT PACKING pc=0x000001d960e3fe64 sp=0x0000006755afaa60
Event: 121.992 Thread 0x000001d97bc50800 DEOPT UNPACKING pc=0x000001d958ab68af sp=0x0000006755afa6e8 mode 2
Event: 121.999 Thread 0x000001d97bc50800 Uncommon trap: trap_request=0xffffffc6 fr.pc=0x000001d960ca0f10 relative=0x0000000000000dd0
Event: 121.999 Thread 0x000001d97bc50800 Uncommon trap: reason=bimorphic_or_optimized_type_check action=maybe_recompile pc=0x000001d960ca0f10 method=com.google.common.cache.LocalCache$Segment.getEntry(Ljava/lang/Object;I)Lcom/google/common/cache/ReferenceEntry; @ 24 c2
Event: 121.999 Thread 0x000001d97bc50800 DEOPT PACKING pc=0x000001d960ca0f10 sp=0x0000006755afa110
Event: 121.999 Thread 0x000001d97bc50800 DEOPT UNPACKING pc=0x000001d958ab68af sp=0x0000006755afa048 mode 2
Event: 121.999 Thread 0x000001d97bc50800 Uncommon trap: trap_request=0xffffffc6 fr.pc=0x000001d960c50a64 relative=0x0000000000000284
Event: 121.999 Thread 0x000001d97bc50800 Uncommon trap: reason=bimorphic_or_optimized_type_check action=maybe_recompile pc=0x000001d960c50a64 method=com.google.common.cache.LocalCache$Segment.getEntry(Ljava/lang/Object;I)Lcom/google/common/cache/ReferenceEntry; @ 24 c2
Event: 121.999 Thread 0x000001d97bc50800 DEOPT PACKING pc=0x000001d960c50a64 sp=0x0000006755af95d0
Event: 121.999 Thread 0x000001d97bc50800 DEOPT UNPACKING pc=0x000001d958ab68af sp=0x0000006755af9580 mode 2
Event: 122.000 Thread 0x000001d97bc50800 Uncommon trap: trap_request=0xffffffde fr.pc=0x000001d96061b408 relative=0x0000000000000548
Event: 122.000 Thread 0x000001d97bc50800 Uncommon trap: reason=class_check action=maybe_recompile pc=0x000001d96061b408 method=java.lang.Throwable.<init>(Ljava/lang/String;Ljava/lang/Throwable;)V @ 24 c2
Event: 122.000 Thread 0x000001d97bc50800 DEOPT PACKING pc=0x000001d96061b408 sp=0x0000006755af9af0
Event: 122.000 Thread 0x000001d97bc50800 DEOPT UNPACKING pc=0x000001d958ab68af sp=0x0000006755af9ab8 mode 2
Event: 122.009 Thread 0x000001d97bc50800 Uncommon trap: trap_request=0xffffff4d fr.pc=0x000001d960cb9118 relative=0x00000000000007b8
Event: 122.009 Thread 0x000001d97bc50800 Uncommon trap: reason=unstable_if action=reinterpret pc=0x000001d960cb9118 method=org.apache.commons.io.FilenameUtils.doNormalize(Ljava/lang/String;CZ)Ljava/lang/String; @ 219 c2
Event: 122.009 Thread 0x000001d97bc50800 DEOPT PACKING pc=0x000001d960cb9118 sp=0x0000006755afa9b0
Event: 122.009 Thread 0x000001d97bc50800 DEOPT UNPACKING pc=0x000001d958ab68af sp=0x0000006755afa948 mode 2
Event: 122.023 Thread 0x000001d97bc50800 DEOPT PACKING pc=0x000001d95988d3ce sp=0x0000006755af9e30
Event: 122.023 Thread 0x000001d97bc50800 DEOPT UNPACKING pc=0x000001d958ab705e sp=0x0000006755af9378 mode 0

Classes redefined (0 events):
No events

Internal exceptions (20 events):
Event: 20.831 Thread 0x000001d97a00d000 Exception <a 'java/lang/ClassNotFoundException'{0x0000000716cca008}: org/codehaus/groovy/runtime/EncodingGroovyMethods$1BeanInfo> (0x0000000716cca008) thrown at [./src/hotspot/share/classfile/systemDictionary.cpp, line 231]
Event: 20.831 Thread 0x000001d97a00d000 Exception <a 'java/security/PrivilegedActionException'{0x0000000716cd08a8}> (0x0000000716cd08a8) thrown at [./src/hotspot/share/prims/jvm.cpp, line 1306]
Event: 20.831 Thread 0x000001d97a00d000 Exception <a 'java/security/PrivilegedActionException'{0x0000000716cd1618}> (0x0000000716cd1618) thrown at [./src/hotspot/share/prims/jvm.cpp, line 1306]
Event: 20.831 Thread 0x000001d97a00d000 Exception <a 'java/security/PrivilegedActionException'{0x0000000716cda6b8}> (0x0000000716cda6b8) thrown at [./src/hotspot/share/prims/jvm.cpp, line 1306]
Event: 20.831 Thread 0x000001d97a00d000 Exception <a 'java/security/PrivilegedActionException'{0x0000000716cdb428}> (0x0000000716cdb428) thrown at [./src/hotspot/share/prims/jvm.cpp, line 1306]
Event: 20.832 Thread 0x000001d97a00d000 Exception <a 'java/security/PrivilegedActionException'{0x0000000716ce3218}> (0x0000000716ce3218) thrown at [./src/hotspot/share/prims/jvm.cpp, line 1306]
Event: 20.832 Thread 0x000001d97a00d000 Exception <a 'java/security/PrivilegedActionException'{0x0000000716ce3f88}> (0x0000000716ce3f88) thrown at [./src/hotspot/share/prims/jvm.cpp, line 1306]
Event: 20.832 Thread 0x000001d97a00d000 Exception <a 'java/lang/ClassNotFoundException'{0x0000000716cea458}: org/codehaus/groovy/runtime/EncodingGroovyMethods$1Customizer> (0x0000000716cea458) thrown at [./src/hotspot/share/classfile/systemDictionary.cpp, line 231]
Event: 20.834 Thread 0x000001d97a00d000 Exception <a 'java/lang/ClassNotFoundException'{0x0000000716b39108}: org/gradle/api/tasks/testing/TestResult$ResultTypeBeanInfo> (0x0000000716b39108) thrown at [./src/hotspot/share/classfile/systemDictionary.cpp, line 231]
Event: 20.834 Thread 0x000001d97a00d000 Exception <a 'java/lang/ClassNotFoundException'{0x0000000716b582d8}: org/gradle/api/tasks/testing/TestResult$ResultTypeCustomizer> (0x0000000716b582d8) thrown at [./src/hotspot/share/classfile/systemDictionary.cpp, line 231]
Event: 22.053 Thread 0x000001d976615000 Exception <a 'sun/nio/fs/WindowsException'{0x0000000716418df0}> (0x0000000716418df0) thrown at [./src/hotspot/share/prims/jni.cpp, line 615]
Event: 22.077 Thread 0x000001d97a008000 Exception <a 'java/lang/InterruptedException'{0x0000000716300000}> (0x0000000716300000) thrown at [./src/hotspot/share/runtime/objectMonitor.cpp, line 1635]
Event: 121.905 Thread 0x000001d97bc50800 Exception <a 'java/lang/ClassNotFoundException'{0x00000007133c0790}: ijresolvers280_3beownqz3j9ksssuf6iqbmcvnBeanInfo> (0x00000007133c0790) thrown at [./src/hotspot/share/classfile/systemDictionary.cpp, line 231]
Event: 121.905 Thread 0x000001d97bc50800 Exception <a 'java/lang/ClassNotFoundException'{0x00000007133c8e70}: ijresolvers280_3beownqz3j9ksssuf6iqbmcvnCustomizer> (0x00000007133c8e70) thrown at [./src/hotspot/share/classfile/systemDictionary.cpp, line 231]
Event: 121.908 Thread 0x000001d97bc50800 Exception <a 'java/lang/ClassNotFoundException'{0x000000071321da40}: SetupUtpTestResultListenerActionBeanInfo> (0x000000071321da40) thrown at [./src/hotspot/share/classfile/systemDictionary.cpp, line 231]
Event: 121.908 Thread 0x000001d97bc50800 Exception <a 'java/lang/ClassNotFoundException'{0x0000000713223bd0}: SetupUtpTestResultListenerActionCustomizer> (0x0000000713223bd0) thrown at [./src/hotspot/share/classfile/systemDictionary.cpp, line 231]
Event: 121.944 Thread 0x000001d97bc50800 Exception <a 'java/lang/ClassNotFoundException'{0x0000000712fd0738}: ijtestinit81_9kpycvz0kn65jxy438dplu137BeanInfo> (0x0000000712fd0738) thrown at [./src/hotspot/share/classfile/systemDictionary.cpp, line 231]
Event: 121.945 Thread 0x000001d97bc50800 Exception <a 'java/lang/ClassNotFoundException'{0x0000000712fd8dc0}: ijtestinit81_9kpycvz0kn65jxy438dplu137Customizer> (0x0000000712fd8dc0) thrown at [./src/hotspot/share/classfile/systemDictionary.cpp, line 231]
Event: 121.950 Thread 0x000001d97bc50800 Implicit null exception at 0x000001d960d0d0f4 to 0x000001d960d0d3a4
Event: 121.950 Thread 0x000001d97bc50800 Implicit null exception at 0x000001d960cc2574 to 0x000001d960cc2794

Events (20 events):
Event: 122.000 Executing VM operation: RevokeBias done
Event: 122.000 Executing VM operation: RevokeBias
Event: 122.000 Executing VM operation: RevokeBias done
Event: 122.002 Thread 0x000001d97720b800 Thread added: 0x000001d97720b800
Event: 122.011 Executing VM operation: RevokeBias
Event: 122.011 Executing VM operation: RevokeBias done
Event: 122.012 Executing VM operation: RevokeBias
Event: 122.012 Executing VM operation: RevokeBias done
Event: 122.012 Executing VM operation: RevokeBias
Event: 122.012 Executing VM operation: RevokeBias done
Event: 122.013 Executing VM operation: RevokeBias
Event: 122.013 Executing VM operation: RevokeBias done
Event: 122.013 Executing VM operation: RevokeBias
Event: 122.013 Executing VM operation: RevokeBias done
Event: 122.014 Executing VM operation: RevokeBias
Event: 122.014 Executing VM operation: RevokeBias done
Event: 122.020 Executing VM operation: RevokeBias
Event: 122.020 Executing VM operation: RevokeBias done
Event: 122.028 loading class kotlin/reflect/jvm/internal/pcollections/ConsPStack$Itr
Event: 122.028 loading class kotlin/reflect/jvm/internal/pcollections/ConsPStack$Itr done


Dynamic libraries:
0x00007ff74bcb0000 - 0x00007ff74bcba000 	C:\Program Files\Android\Android Studio\jre\bin\java.exe
0x00007fff17c30000 - 0x00007fff17e25000 	C:\Windows\SYSTEM32\ntdll.dll
0x00007fff16220000 - 0x00007fff162de000 	C:\Windows\System32\KERNEL32.DLL
0x00007fff157f0000 - 0x00007fff15ab8000 	C:\Windows\System32\KERNELBASE.dll
0x00007fff15340000 - 0x00007fff15440000 	C:\Windows\System32\ucrtbase.dll
0x00007fff00ea0000 - 0x00007fff00eb9000 	C:\Program Files\Android\Android Studio\jre\bin\jli.dll
0x00007fff17990000 - 0x00007fff17b31000 	C:\Windows\System32\USER32.dll
0x00007fff157c0000 - 0x00007fff157e2000 	C:\Windows\System32\win32u.dll
0x00007fff03920000 - 0x00007fff03bba000 	C:\Windows\WinSxS\amd64_microsoft.windows.common-controls_6595b64144ccf1df_6.0.19041.1110_none_60b5254171f9507e\COMCTL32.dll
0x00007fff16490000 - 0x00007fff164bb000 	C:\Windows\System32\GDI32.dll
0x00007fff16120000 - 0x00007fff161be000 	C:\Windows\System32\msvcrt.dll
0x00007fff15680000 - 0x00007fff1578d000 	C:\Windows\System32\gdi32full.dll
0x00007fff15440000 - 0x00007fff154dd000 	C:\Windows\System32\msvcp_win.dll
0x00007ffeff460000 - 0x00007ffeff477000 	C:\Program Files\Android\Android Studio\jre\bin\VCRUNTIME140.dll
0x00007fff15c70000 - 0x00007fff15ca0000 	C:\Windows\System32\IMM32.DLL
0x00007ffef7a30000 - 0x00007ffef7acd000 	C:\Program Files\Android\Android Studio\jre\bin\msvcp140.dll
0x00007ffed9780000 - 0x00007ffeda255000 	C:\Program Files\Android\Android Studio\jre\bin\server\jvm.dll
0x00007fff162e0000 - 0x00007fff1638e000 	C:\Windows\System32\ADVAPI32.dll
0x00007fff172c0000 - 0x00007fff1735c000 	C:\Windows\System32\sechost.dll
0x00007fff17860000 - 0x00007fff17985000 	C:\Windows\System32\RPCRT4.dll
0x00007fff16480000 - 0x00007fff16488000 	C:\Windows\System32\PSAPI.DLL
0x00007fff082a0000 - 0x00007fff082c7000 	C:\Windows\SYSTEM32\WINMM.dll
0x00007fff10cb0000 - 0x00007fff10cba000 	C:\Windows\SYSTEM32\VERSION.dll
0x00007ffeff900000 - 0x00007ffeff909000 	C:\Windows\SYSTEM32\WSOCK32.dll
0x00007fff16c10000 - 0x00007fff16c7b000 	C:\Windows\System32\WS2_32.dll
0x00007fff13250000 - 0x00007fff13262000 	C:\Windows\SYSTEM32\kernel.appcore.dll
0x00007fff10a10000 - 0x00007fff10a21000 	C:\Program Files\Android\Android Studio\jre\bin\verify.dll
0x00007fff07960000 - 0x00007fff07b44000 	C:\Windows\SYSTEM32\DBGHELP.DLL
0x00007ffef4e70000 - 0x00007ffef4e9c000 	C:\Windows\SYSTEM32\dbgcore.DLL
0x00007fff15540000 - 0x00007fff155c2000 	C:\Windows\System32\bcryptPrimitives.dll
0x00007fff10780000 - 0x00007fff107a9000 	C:\Program Files\Android\Android Studio\jre\bin\java.dll
0x00007fff10a00000 - 0x00007fff10a0b000 	C:\Program Files\Android\Android Studio\jre\bin\jimage.dll
0x00007fff0d520000 - 0x00007fff0d538000 	C:\Program Files\Android\Android Studio\jre\bin\zip.dll
0x00007fff164c0000 - 0x00007fff16c04000 	C:\Windows\System32\SHELL32.dll
0x00007fff13450000 - 0x00007fff13be5000 	C:\Windows\SYSTEM32\windows.storage.dll
0x00007fff16c80000 - 0x00007fff16fd5000 	C:\Windows\System32\combase.dll
0x00007fff14cc0000 - 0x00007fff14cee000 	C:\Windows\SYSTEM32\Wldp.dll
0x00007fff17520000 - 0x00007fff175cd000 	C:\Windows\System32\SHCORE.dll
0x00007fff161c0000 - 0x00007fff16215000 	C:\Windows\System32\shlwapi.dll
0x00007fff15280000 - 0x00007fff1529f000 	C:\Windows\SYSTEM32\profapi.dll
0x00007fff0d4a0000 - 0x00007fff0d4ba000 	C:\Program Files\Android\Android Studio\jre\bin\net.dll
0x00007fff0bbf0000 - 0x00007fff0bcfc000 	C:\Windows\SYSTEM32\WINHTTP.dll
0x00007fff14a20000 - 0x00007fff14a8a000 	C:\Windows\system32\mswsock.dll
0x00007ffefff30000 - 0x00007ffefff44000 	C:\Program Files\Android\Android Studio\jre\bin\nio.dll
0x00007fff0cd60000 - 0x00007fff0cd86000 	C:\Users\Emanuele\.gradle\native\29\windows-amd64\native-platform.dll
0x00007fff0d510000 - 0x00007fff0d51a000 	C:\Program Files\Android\Android Studio\jre\bin\management.dll
0x00007fff0d490000 - 0x00007fff0d49d000 	C:\Program Files\Android\Android Studio\jre\bin\management_ext.dll
0x00007fff14c10000 - 0x00007fff14c28000 	C:\Windows\SYSTEM32\CRYPTSP.dll
0x00007fff143a0000 - 0x00007fff143d4000 	C:\Windows\system32\rsaenh.dll
0x00007fff15790000 - 0x00007fff157b7000 	C:\Windows\System32\bcrypt.dll
0x00007fff15240000 - 0x00007fff1526e000 	C:\Windows\SYSTEM32\USERENV.dll
0x00007fff14c30000 - 0x00007fff14c3c000 	C:\Windows\SYSTEM32\CRYPTBASE.dll
0x00007fff14710000 - 0x00007fff1474b000 	C:\Windows\SYSTEM32\IPHLPAPI.DLL
0x00007fff17360000 - 0x00007fff17368000 	C:\Windows\System32\NSI.dll
0x00007fff0cf90000 - 0x00007fff0cfa7000 	C:\Windows\SYSTEM32\dhcpcsvc6.DLL
0x00007fff0cf70000 - 0x00007fff0cf8d000 	C:\Windows\SYSTEM32\dhcpcsvc.DLL
0x00007fff14750000 - 0x00007fff1481b000 	C:\Windows\SYSTEM32\DNSAPI.dll
0x00007ffef2ea0000 - 0x00007ffef2eb7000 	C:\Windows\system32\napinsp.dll
0x00007ffef2e80000 - 0x00007ffef2e9b000 	C:\Windows\system32\pnrpnsp.dll
0x00007fff0f3a0000 - 0x00007fff0f3b5000 	C:\Windows\system32\wshbth.dll
0x00007fff10ea0000 - 0x00007fff10ebd000 	C:\Windows\system32\NLAapi.dll
0x00007ffef2e40000 - 0x00007ffef2e52000 	C:\Windows\System32\winrnr.dll
0x0000000066030000 - 0x0000000066056000 	C:\Program Files\Bonjour\mdnsNSP.dll
0x00007fff03db0000 - 0x00007fff03dba000 	C:\Windows\System32\rasadhlp.dll
0x00007fff02d40000 - 0x00007fff02dbf000 	C:\Windows\System32\fwpuclnt.dll
0x00007fff00f40000 - 0x00007fff00f4a000 	C:\Program Files\Android\Android Studio\jre\bin\prefs.dll

dbghelp: loaded successfully - version: 4.0.5 - missing functions: none
symbol engine: initialized successfully - sym options: 0x614 - pdb path: .;C:\Program Files\Android\Android Studio\jre\bin;C:\Windows\SYSTEM32;C:\Windows\WinSxS\amd64_microsoft.windows.common-controls_6595b64144ccf1df_6.0.19041.1110_none_60b5254171f9507e;C:\Program Files\Android\Android Studio\jre\bin\server;C:\Users\Emanuele\.gradle\native\29\windows-amd64;C:\Program Files\Bonjour

VM Arguments:
jvm_args: -XX:MaxPermSize=4096m -XX:+HeapDumpOnOutOfMemoryError --add-opens=java.base/java.util=ALL-UNNAMED --add-opens=java.base/java.lang=ALL-UNNAMED --add-opens=java.base/java.lang.invoke=ALL-UNNAMED --add-opens=java.prefs/java.util.prefs=ALL-UNNAMED -Xmx4096m -Dfile.encoding=windows-1252 -Duser.country=IT -Duser.language=it -Duser.variant 
java_command: org.gradle.launcher.daemon.bootstrap.GradleDaemon 5.4.1
java_class_path (initial): C:\Users\Emanuele\.gradle\wrapper\dists\gradle-5.4.1-all\3221gyojl5jsh0helicew7rwx\gradle-5.4.1\lib\gradle-launcher-5.4.1.jar
Launcher Type: SUN_STANDARD

[Global flags]
     intx CICompilerCount                          = 3                                         {product} {ergonomic}
     uint ConcGCThreads                            = 2                                         {product} {ergonomic}
     uint G1ConcRefinementThreads                  = 6                                         {product} {ergonomic}
   size_t G1HeapRegionSize                         = 1048576                                   {product} {ergonomic}
    uintx GCDrainStackTargetSize                   = 64                                        {product} {ergonomic}
     bool HeapDumpOnOutOfMemoryError               = true                                   {manageable} {command line}
   size_t InitialHeapSize                          = 268435456                                 {product} {ergonomic}
   size_t MarkStackSize                            = 4194304                                   {product} {ergonomic}
   size_t MaxHeapSize                              = 4294967296                                {product} {command line}
   size_t MaxNewSize                               = 2576351232                                {product} {ergonomic}
   size_t MinHeapDeltaBytes                        = 1048576                                   {product} {ergonomic}
    uintx NonNMethodCodeHeapSize                   = 5830732                                {pd product} {ergonomic}
    uintx NonProfiledCodeHeapSize                  = 122913754                              {pd product} {ergonomic}
    uintx ProfiledCodeHeapSize                     = 122913754                              {pd product} {ergonomic}
    uintx ReservedCodeCacheSize                    = 251658240                              {pd product} {ergonomic}
     bool SegmentedCodeCache                       = true                                      {product} {ergonomic}
     bool UseCompressedClassPointers               = true                                 {lp64_product} {ergonomic}
     bool UseCompressedOops                        = true                                 {lp64_product} {ergonomic}
     bool UseG1GC                                  = true                                      {product} {ergonomic}
     bool UseLargePagesIndividualAllocation        = false                                  {pd product} {ergonomic}

Logging:
Log output configuration:
 #0: stdout all=warning uptime,level,tags
 #1: stderr all=off uptime,level,tags

Environment Variables:
PATH=C:\Program Files\Common Files\Oracle\Java\javapath;C:\Program Files (x86)\Common Files\Oracle\Java\javapath;C:\Windows\system32;C:\Windows;C:\Windows\System32\Wbem;C:\Windows\System32\WindowsPowerShell\v1.0\;C:\Windows\System32\OpenSSH\;C:\Program Files\NVIDIA Corporation\NVIDIA NvDLISR;C:\Program Files (x86)\NVIDIA Corporation\PhysX\Common;C:\Program Files\dotnet\;C:\Program Files\Git\cmd;C:\Users\Emanuele\AppData\Local\Microsoft\WindowsApps;C:\Users\Emanuele\AppData\Local\GitHubDesktop\bin
USERNAME=Emanuele
OS=Windows_NT
PROCESSOR_IDENTIFIER=Intel64 Family 6 Model 158 Stepping 12, GenuineIntel



---------------  S Y S T E M  ---------------

OS: Windows 10 , 64 bit Build 19041 (10.0.19041.1466)
OS uptime: 0 days 0:09 hours

CPU:total 6 (initial active 6) (6 cores per cpu, 1 threads per core) family 6 model 158 stepping 12 microcode 0xae, cmov, cx8, fxsr, mmx, sse, sse2, sse3, ssse3, sse4.1, sse4.2, popcnt, avx, avx2, aes, clmul, erms, rtm, 3dnowpref, lzcnt, tsc, tscinvbit, bmi1, bmi2, adx, fma

Memory: 4k page, system-wide physical 16316M (10783M free)
TotalPageFile size 18748M (AvailPageFile size 12128M)
current process WorkingSet (physical memory assigned to process): 657M, peak: 659M
current process commit charge ("private bytes"): 695M, peak: 704M

vm_info: OpenJDK 64-Bit Server VM (11.0.11+9-b60-7590822) for windows-amd64 JRE (11.0.11+9-b60-7590822), built on Jul 29 2021 21:43:44 by "builder" with MS VC++ 14.0 (VS2015)

END.
