#
# A fatal error has been detected by the Java Runtime Environment:
#
#  EXCEPTION_ACCESS_VIOLATION (0xc0000005) at pc=0x00007ffdc23dd2d4, pid=1640, tid=2792
#
# JRE version: OpenJDK Runtime Environment (11.0.11+9) (build 11.0.11+9-b60-7590822)
# Java VM: OpenJDK 64-Bit Server VM (11.0.11+9-b60-7590822, mixed mode, tiered, compressed oops, g1 gc, windows-amd64)
# Problematic frame:
# V  [jvm.dll+0x18d2d4]
#
# No core dump will be written. Minidumps are not enabled by default on client versions of Windows
#
# If you would like to submit a bug report, please visit:
#   https://bugreport.java.com/bugreport/crash.jsp
#

---------------  S U M M A R Y ------------

Command Line: -XX:MaxPermSize=4096m -XX:+HeapDumpOnOutOfMemoryError --add-opens=java.base/java.util=ALL-UNNAMED --add-opens=java.base/java.lang=ALL-UNNAMED --add-opens=java.base/java.lang.invoke=ALL-UNNAMED --add-opens=java.prefs/java.util.prefs=ALL-UNNAMED -Xmx4096m -Dfile.encoding=windows-1252 -Duser.country=IT -Duser.language=it -Duser.variant org.gradle.launcher.daemon.bootstrap.GradleDaemon 5.4.1

Host: Intel(R) Core(TM) i5-9600K CPU @ 3.70GHz, 6 cores, 15G,  Windows 10 , 64 bit Build 19041 (10.0.19041.1466)
Time: Tue Feb  8 01:06:23 2022 ora solare Europa occidentale elapsed time: 158.212646 seconds (0d 0h 2m 38s)

---------------  T H R E A D  ---------------

Current thread (0x0000025bf02a3800):  GCTaskThread "GC Thread#0" [stack: 0x0000008ef5c00000,0x0000008ef5d00000] [id=2792]

Stack: [0x0000008ef5c00000,0x0000008ef5d00000],  sp=0x0000008ef5cff968,  free space=1022k
Native frames: (J=compiled Java code, j=interpreted, Vv=VM code, C=native code)
V  [jvm.dll+0x18d2d4]


siginfo: EXCEPTION_ACCESS_VIOLATION (0xc0000005), reading address 0x000000000000c110


Register to memory mapping:

RIP=0x00007ffdc23dd2d4 jvm.dll
RAX=0x000000000000c000 is an unknown value
RBX=0x000000070d3df31c is pointing into object: java.lang.String 
{0x000000070d3df310} - klass: 'java/lang/String'
RCX=0x0000000800000000 is pointing into metadata
RDX=0x000000070d511e68 is pointing into object: java.lang.Class 
{0x000000070d511e40} - klass: 'java/lang/Class'
RSP=0x0000008ef5cff968 points into unknown readable memory: 0x00007ffdc25503bc | bc 03 55 c2 fd 7f 00 00
RBP=0x0 is NULL
RSI=0x0000025b97594910 points into unknown readable memory: 0x00007ffdc2a771a8 | a8 71 a7 c2 fd 7f 00 00
RDI=0x0000025b97594910 points into unknown readable memory: 0x00007ffdc2a771a8 | a8 71 a7 c2 fd 7f 00 00
R8 =0x0 is NULL
R9 =0x0000000800000000 is pointing into metadata
R10=0x000000070d511e68 is pointing into object: java.lang.Class 
{0x000000070d511e40} - klass: 'java/lang/Class'
R11=0x0000008ef5cff9f0 points into unknown readable memory: 0x0000025bf02a2bc0 | c0 2b 2a f0 5b 02 00 00
R12=0x0000025bf01a1dd0 points into unknown readable memory: 0x00007ffdc2a71490 | 90 14 a7 c2 fd 7f 00 00
R13=0x0 is NULL
R14=0x0000025b97594910 points into unknown readable memory: 0x00007ffdc2a771a8 | a8 71 a7 c2 fd 7f 00 00
R15=0x000000070d511e68 is pointing into object: java.lang.Class 
{0x000000070d511e40} - klass: 'java/lang/Class'


Registers:
RAX=0x000000000000c000, RBX=0x000000070d3df31c, RCX=0x0000000800000000, RDX=0x000000070d511e68
RSP=0x0000008ef5cff968, RBP=0x0000000000000000, RSI=0x0000025b97594910, RDI=0x0000025b97594910
R8 =0x0000000000000000, R9 =0x0000000800000000, R10=0x000000070d511e68, R11=0x0000008ef5cff9f0
R12=0x0000025bf01a1dd0, R13=0x0000000000000000, R14=0x0000025b97594910, R15=0x000000070d511e68
RIP=0x00007ffdc23dd2d4, EFLAGS=0x0000000000010246

Top of Stack: (sp=0x0000008ef5cff968)
0x0000008ef5cff968:   00007ffdc25503bc 000000070d3df301
0x0000008ef5cff978:   0000025b97594910 0000087000000c54
0x0000008ef5cff988:   0000078c000015f2 0000087000000c54
0x0000008ef5cff998:   0000087000000c53 00000005f02a2e00
0x0000008ef5cff9a8:   0000025bf02a4ab0 0000087000000c54
0x0000008ef5cff9b8:   0000087000000c55 0000025bf02a2bc0
0x0000008ef5cff9c8:   0000025b97594910 0000025bf01a1dd0
0x0000008ef5cff9d8:   0000000000000000 0000008ef61fec10
0x0000008ef5cff9e8:   00007ffdc25220d2 0000025bf02a2bc0
0x0000008ef5cff9f8:   0000025b97594901 0000000000000000
0x0000008ef5cffa08:   000000070d3df31c 0000025bf01a1dd0
0x0000008ef5cffa18:   00007ffdc252db76 0000025b97594910
0x0000008ef5cffa28:   0000025b97594910 0000000000000000
0x0000008ef5cffa38:   0000025bf01a1dd0 0000000000000000
0x0000008ef5cffa48:   00007ffdc252e29b 000000070d3df31d
0x0000008ef5cffa58:   0000025bf0299f90 0000000000000000 

Instructions: (pc=0x00007ffdc23dd2d4)
0x00007ffdc23dd1d4:   11 86 98 03 00 00 48 8b 5c 24 40 48 8b 74 24 48
0x00007ffdc23dd1e4:   48 83 c4 30 5f c3 48 8b 07 48 8d 54 24 20 48 8b
0x00007ffdc23dd1f4:   cf 66 0f 7f 44 24 20 ff 50 38 48 8b 5c 24 40 48
0x00007ffdc23dd204:   8b 74 24 48 48 83 c4 30 5f c3 cc cc 48 8b 49 38
0x00007ffdc23dd214:   48 8b 01 48 ff 60 28 cc cc cc cc cc 80 3d 51 f6
0x00007ffdc23dd224:   86 00 00 48 8b c1 74 1b 8b 51 08 8b 0d 63 6a 82
0x00007ffdc23dd234:   00 48 d3 e2 48 8b c8 48 03 15 4e 6a 82 00 e9 19
0x00007ffdc23dd244:   00 00 00 48 8b 51 08 48 8b c8 e9 0d 00 00 00 cc
0x00007ffdc23dd254:   cc cc cc cc cc cc cc cc cc cc cc cc 4c 8b ca 48
0x00007ffdc23dd264:   8b d1 45 8b 41 08 45 85 c0 7e 0e 41 f6 c0 01 75
0x00007ffdc23dd274:   59 41 c1 f8 03 41 8b c0 c3 79 4f 80 3d f2 f5 86
0x00007ffdc23dd284:   00 00 b8 0c 00 00 00 b9 10 00 00 00 0f 45 c8 8b
0x00007ffdc23dd294:   05 2b b4 80 00 ff c8 4c 63 c8 48 63 c1 41 8b c8
0x00007ffdc23dd2a4:   83 e1 3f 48 63 14 10 41 8b c0 48 c1 f8 10 0f b6
0x00007ffdc23dd2b4:   c0 48 d3 e2 49 8d 0c 11 49 f7 d1 48 03 c1 49 c1
0x00007ffdc23dd2c4:   e9 03 48 c1 e8 03 41 23 c1 c3 49 8b 01 49 8b c9
0x00007ffdc23dd2d4:   48 ff a0 10 01 00 00 cc cc cc cc cc 48 83 ec 38
0x00007ffdc23dd2e4:   0f 10 02 48 8b 49 38 48 8d 54 24 20 0f 29 44 24
0x00007ffdc23dd2f4:   20 e8 66 f0 ff ff 48 83 c4 38 c3 cc 48 89 5c 24
0x00007ffdc23dd304:   08 55 56 57 41 54 41 55 41 56 41 57 48 8d 6c 24
0x00007ffdc23dd314:   e0 48 81 ec 20 01 00 00 48 8b 05 1d ef 83 00 48
0x00007ffdc23dd324:   33 c4 48 89 45 10 48 8b 05 5f 60 86 00 45 33 ed
0x00007ffdc23dd334:   4c 8b b5 80 00 00 00 4c 8b fa 48 8b bd 88 00 00
0x00007ffdc23dd344:   00 4d 8b c6 49 8b d6 49 8b f1 48 8b 48 38 48 8b
0x00007ffdc23dd354:   59 48 49 8b cf c7 45 c0 ff ff ff ff 44 89 6d d4
0x00007ffdc23dd364:   4c 89 6d d8 44 88 6d e0 c7 45 e8 ff ff ff ff 44
0x00007ffdc23dd374:   89 6d fc 4c 89 6d 00 44 88 6d 08 e8 7c 15 f6 ff
0x00007ffdc23dd384:   41 b1 01 4c 8d 45 e8 41 8d 55 04 49 8b cf e8 b9
0x00007ffdc23dd394:   d1 f4 ff 48 8b 05 62 92 6e 00 4c 8d 25 ab 60 5c
0x00007ffdc23dd3a4:   00 48 89 44 24 30 4c 8d 44 24 70 0f b6 05 b9 f4
0x00007ffdc23dd3b4:   86 00 49 8b d6 f6 d8 48 89 74 24 20 4c 89 74 24
0x00007ffdc23dd3c4:   28 0f 10 44 24 20 1b c9 44 89 6c 24 3c 83 c1 03 


Stack slot to memory mapping:
stack at sp + 0 slots: 0x00007ffdc25503bc jvm.dll
stack at sp + 1 slots: 0x000000070d3df301 is pointing into object: java.lang.String 
{0x000000070d3df2f8} - klass: 'java/lang/String'
stack at sp + 2 slots: 0x0000025b97594910 points into unknown readable memory: 0x00007ffdc2a771a8 | a8 71 a7 c2 fd 7f 00 00
stack at sp + 3 slots: 0x0000087000000c54 is an unknown value
stack at sp + 4 slots: 0x0000078c000015f2 is an unknown value
stack at sp + 5 slots: 0x0000087000000c54 is an unknown value
stack at sp + 6 slots: 0x0000087000000c53 is an unknown value
stack at sp + 7 slots: 0x00000005f02a2e00 is an unknown value


---------------  P R O C E S S  ---------------

Threads class SMR info:
_java_thread_list=0x0000025b949e1f40, length=50, elements={
0x0000025bf028c000, 0x0000025bfff4d000, 0x0000025bfff56800, 0x0000025b918d3000,
0x0000025b918d5800, 0x0000025b918d6800, 0x0000025b918d8000, 0x0000025b918dd000,
0x0000025b918df000, 0x0000025b91a4c000, 0x0000025b92dc1800, 0x0000025b93582000,
0x0000025b92f93800, 0x0000025b93660000, 0x0000025b9365b000, 0x0000025b9365b800,
0x0000025b95bae800, 0x0000025b95bae000, 0x0000025b95bb7000, 0x0000025b946d4800,
0x0000025b946d3800, 0x0000025b946d7800, 0x0000025b946d8800, 0x0000025b946d5000,
0x0000025b946d2800, 0x0000025b946d9000, 0x0000025b946da000, 0x0000025b946dc800,
0x0000025b946dd800, 0x0000025b946de000, 0x0000025b946e0800, 0x0000025b946db800,
0x0000025b946df000, 0x0000025b946df800, 0x0000025b946db000, 0x0000025b95baa800,
0x0000025b95bab800, 0x0000025b95baf800, 0x0000025b95bb2000, 0x0000025b95bb0800,
0x0000025b95bac000, 0x0000025b95bad000, 0x0000025b95bb1000, 0x0000025b95bb6000,
0x0000025b95bb8800, 0x0000025b95bb9800, 0x0000025b95bb5000, 0x0000025b9365f000,
0x0000025b93661800, 0x0000025b9af0a800
}

Java Threads: ( => current thread )
  0x0000025bf028c000 JavaThread "main" [_thread_blocked, id=3860, stack(0x0000008ef5b00000,0x0000008ef5c00000)]
  0x0000025bfff4d000 JavaThread "Reference Handler" daemon [_thread_blocked, id=7496, stack(0x0000008ef6200000,0x0000008ef6300000)]
  0x0000025bfff56800 JavaThread "Finalizer" daemon [_thread_blocked, id=7192, stack(0x0000008ef6300000,0x0000008ef6400000)]
  0x0000025b918d3000 JavaThread "Signal Dispatcher" daemon [_thread_blocked, id=1084, stack(0x0000008ef6400000,0x0000008ef6500000)]
  0x0000025b918d5800 JavaThread "Attach Listener" daemon [_thread_blocked, id=7520, stack(0x0000008ef6500000,0x0000008ef6600000)]
  0x0000025b918d6800 JavaThread "Service Thread" daemon [_thread_blocked, id=7532, stack(0x0000008ef6600000,0x0000008ef6700000)]
  0x0000025b918d8000 JavaThread "C2 CompilerThread0" daemon [_thread_in_native, id=7528, stack(0x0000008ef6700000,0x0000008ef6800000)]
  0x0000025b918dd000 JavaThread "C1 CompilerThread0" daemon [_thread_blocked, id=7516, stack(0x0000008ef6800000,0x0000008ef6900000)]
  0x0000025b918df000 JavaThread "Sweeper thread" daemon [_thread_blocked, id=7524, stack(0x0000008ef6900000,0x0000008ef6a00000)]
  0x0000025b91a4c000 JavaThread "Common-Cleaner" daemon [_thread_blocked, id=3904, stack(0x0000008ef6a00000,0x0000008ef6b00000)]
  0x0000025b92dc1800 JavaThread "Daemon health stats" [_thread_blocked, id=4380, stack(0x0000008ef7200000,0x0000008ef7300000)]
  0x0000025b93582000 JavaThread "Incoming local TCP Connector on port 49825" [_thread_in_native, id=3972, stack(0x0000008ef7300000,0x0000008ef7400000)]
  0x0000025b92f93800 JavaThread "Daemon periodic checks" [_thread_blocked, id=4812, stack(0x0000008ef7400000,0x0000008ef7500000)]
  0x0000025b93660000 JavaThread "Cache worker for file hash cache (C:\Users\Emanuele\.gradle\caches\5.4.1\fileHashes)" [_thread_blocked, id=1232, stack(0x0000008ef7c00000,0x0000008ef7d00000)]
  0x0000025b9365b000 JavaThread "File lock request listener" [_thread_in_native, id=3656, stack(0x0000008ef7d00000,0x0000008ef7e00000)]
  0x0000025b9365b800 JavaThread "Cache worker for journal cache (C:\Users\Emanuele\.gradle\caches\journal-1)" [_thread_blocked, id=7108, stack(0x0000008ef7e00000,0x0000008ef7f00000)]
  0x0000025b95bae800 JavaThread "Cache worker for execution history cache (C:\Users\Emanuele\.gradle\caches\5.4.1\executionHistory)" [_thread_blocked, id=6760, stack(0x0000008ef8300000,0x0000008ef8400000)]
  0x0000025b95bae000 JavaThread "Memory manager" [_thread_blocked, id=7684, stack(0x0000008ef8c00000,0x0000008ef8d00000)]
  0x0000025b95bb7000 JavaThread "Cache worker for file content cache (C:\Users\Emanuele\.gradle\caches\5.4.1\fileContent)" [_thread_blocked, id=5784, stack(0x0000008ef8d00000,0x0000008ef8e00000)]
  0x0000025b946d4800 JavaThread "Cache worker for Java compile cache (C:\Users\Emanuele\.gradle\caches\5.4.1\javaCompile)" [_thread_blocked, id=7428, stack(0x0000008ef9600000,0x0000008ef9700000)]
  0x0000025b946d3800 JavaThread "Daemon Thread 2" [_thread_blocked, id=1500, stack(0x0000008ef5800000,0x0000008ef5900000)]
  0x0000025b946d7800 JavaThread "Handler for socket connection from /127.0.0.1:49825 to /127.0.0.1:49851" [_thread_in_native, id=5272, stack(0x0000008ef5900000,0x0000008ef5a00000)]
  0x0000025b946d8800 JavaThread "Cancel handler" [_thread_blocked, id=1656, stack(0x0000008ef5a00000,0x0000008ef5b00000)]
  0x0000025b946d5000 JavaThread "Daemon worker Thread 2" [_thread_blocked, id=7292, stack(0x0000008ef6c00000,0x0000008ef6d00000)]
  0x0000025b946d2800 JavaThread "Asynchronous log dispatcher for DefaultDaemonConnection: socket connection from /127.0.0.1:49825 to /127.0.0.1:49851" [_thread_blocked, id=1620, stack(0x0000008ef7500000,0x0000008ef7600000)]
  0x0000025b946d9000 JavaThread "Stdin handler" [_thread_blocked, id=1204, stack(0x0000008ef7600000,0x0000008ef7700000)]
  0x0000025b946da000 JavaThread "Thread-52" [_thread_blocked, id=1236, stack(0x0000008ef7700000,0x0000008ef7800000)]
  0x0000025b946dc800 JavaThread "Cache worker for file hash cache (D:\UNISA\Images-to-PDF-8.8.1\.gradle\5.4.1\fileHashes)" [_thread_blocked, id=1172, stack(0x0000008ef7800000,0x0000008ef7900000)]
  0x0000025b946dd800 JavaThread "Cache worker for cache directory md-supplier (C:\Users\Emanuele\.gradle\caches\5.4.1\md-supplier)" [_thread_blocked, id=1212, stack(0x0000008ef7900000,0x0000008ef7a00000)]
  0x0000025b946de000 JavaThread "Cache worker for cache directory md-rule (C:\Users\Emanuele\.gradle\caches\5.4.1\md-rule)" [_thread_blocked, id=2960, stack(0x0000008ef7a00000,0x0000008ef7b00000)]
  0x0000025b946e0800 JavaThread "Build operations" [_thread_blocked, id=3752, stack(0x0000008ef8000000,0x0000008ef8100000)]
  0x0000025b946db800 JavaThread "Build operations Thread 2" [_thread_blocked, id=2636, stack(0x0000008ef8100000,0x0000008ef8200000)]
  0x0000025b946df000 JavaThread "Build operations Thread 3" [_thread_blocked, id=3548, stack(0x0000008ef8200000,0x0000008ef8300000)]
  0x0000025b946df800 JavaThread "Build operations Thread 4" [_thread_blocked, id=5888, stack(0x0000008ef8400000,0x0000008ef8500000)]
  0x0000025b946db000 JavaThread "Build operations Thread 5" [_thread_blocked, id=1432, stack(0x0000008ef8500000,0x0000008ef8600000)]
  0x0000025b95baa800 JavaThread "Build operations Thread 6" [_thread_blocked, id=1428, stack(0x0000008ef8600000,0x0000008ef8700000)]
  0x0000025b95bab800 JavaThread "Cache worker for Build Output Cleanup Cache (D:\UNISA\Images-to-PDF-8.8.1\.gradle\buildOutputCleanup)" [_thread_blocked, id=2256, stack(0x0000008ef8700000,0x0000008ef8800000)]
  0x0000025b95baf800 JavaThread "Cache worker for file content cache (D:\UNISA\Images-to-PDF-8.8.1\.gradle\5.4.1\fileContent)" [_thread_blocked, id=3564, stack(0x0000008ef8800000,0x0000008ef8900000)]
  0x0000025b95bb2000 JavaThread "Execution worker for ':'" [_thread_blocked, id=1616, stack(0x0000008ef8900000,0x0000008ef8a00000)]
  0x0000025b95bb0800 JavaThread "Execution worker for ':' Thread 2" [_thread_blocked, id=1608, stack(0x0000008ef8a00000,0x0000008ef8b00000)]
  0x0000025b95bac000 JavaThread "Execution worker for ':' Thread 3" [_thread_blocked, id=7580, stack(0x0000008ef8e00000,0x0000008ef8f00000)]
  0x0000025b95bad000 JavaThread "Execution worker for ':' Thread 4" [_thread_blocked, id=992, stack(0x0000008ef8f00000,0x0000008ef9000000)]
  0x0000025b95bb1000 JavaThread "Execution worker for ':' Thread 5" [_thread_blocked, id=2768, stack(0x0000008ef9000000,0x0000008ef9100000)]
  0x0000025b95bb6000 JavaThread "Cache worker for execution history cache (D:\UNISA\Images-to-PDF-8.8.1\.gradle\5.4.1\executionHistory)" [_thread_blocked, id=856, stack(0x0000008ef9100000,0x0000008ef9200000)]
  0x0000025b95bb8800 JavaThread "Classloader cache reference queue poller" daemon [_thread_blocked, id=6196, stack(0x0000008ef9200000,0x0000008ef9300000)]
  0x0000025b95bb9800 JavaThread "WorkerExecutor Queue" [_thread_blocked, id=6940, stack(0x0000008ef9300000,0x0000008ef9400000)]
  0x0000025b95bb5000 JavaThread "pool-3-thread-1" [_thread_blocked, id=1756, stack(0x0000008ef9500000,0x0000008ef9600000)]
  0x0000025b9365f000 JavaThread "stderr" [_thread_in_native, id=6124, stack(0x0000008ef9700000,0x0000008ef9800000)]
  0x0000025b93661800 JavaThread "stdout" [_thread_in_native, id=7084, stack(0x0000008ef9900000,0x0000008ef9a00000)]
  0x0000025b9af0a800 JavaThread "C2 CompilerThread1" daemon [_thread_blocked, id=988, stack(0x0000008ef7b00000,0x0000008ef7c00000)]

Other Threads:
  0x0000025bfff2b000 VMThread "VM Thread" [stack: 0x0000008ef6100000,0x0000008ef6200000] [id=2684]
  0x0000025b91a8b800 WatcherThread [stack: 0x0000008ef6b00000,0x0000008ef6c00000] [id=3944]
=>0x0000025bf02a3800 GCTaskThread "GC Thread#0" [stack: 0x0000008ef5c00000,0x0000008ef5d00000] [id=2792]
  0x0000025b928b7000 GCTaskThread "GC Thread#1" [stack: 0x0000008ef6d00000,0x0000008ef6e00000] [id=3024]
  0x0000025b928b8000 GCTaskThread "GC Thread#2" [stack: 0x0000008ef6e00000,0x0000008ef6f00000] [id=6904]
  0x0000025b928b8800 GCTaskThread "GC Thread#3" [stack: 0x0000008ef6f00000,0x0000008ef7000000] [id=8104]
  0x0000025b928ab000 GCTaskThread "GC Thread#4" [stack: 0x0000008ef7000000,0x0000008ef7100000] [id=1132]
  0x0000025b928ac000 GCTaskThread "GC Thread#5" [stack: 0x0000008ef7100000,0x0000008ef7200000] [id=5044]
  0x0000025bf0303800 ConcurrentGCThread "G1 Main Marker" [stack: 0x0000008ef5d00000,0x0000008ef5e00000] [id=2744]
  0x0000025bf0305000 ConcurrentGCThread "G1 Conc#0" [stack: 0x0000008ef5e00000,0x0000008ef5f00000] [id=2704]
  0x0000025b945d9000 ConcurrentGCThread "G1 Conc#1" [stack: 0x0000008ef7f00000,0x0000008ef8000000] [id=7104]
  0x0000025bf036e800 ConcurrentGCThread "G1 Refine#0" [stack: 0x0000008ef5f00000,0x0000008ef6000000] [id=2056]
  0x0000025b95ba5000 ConcurrentGCThread "G1 Refine#1" [stack: 0x0000008ef8b00000,0x0000008ef8c00000] [id=8132]
  0x0000025b97444800 ConcurrentGCThread "G1 Refine#2" [stack: 0x0000008ef9800000,0x0000008ef9900000] [id=3168]
  0x0000025bffe17000 ConcurrentGCThread "G1 Young RemSet Sampling" [stack: 0x0000008ef6000000,0x0000008ef6100000] [id=2096]

Threads with active compile tasks:
C2 CompilerThread0 158226 17400   !   4       com.sun.tools.javac.parser.JavaTokenizer::readToken (2179 bytes)
C2 CompilerThread1 158226 17338       4       com.sun.tools.javac.parser.JavacParser::term3 (2482 bytes)

VM state:at safepoint (normal execution)

VM Mutex/Monitor currently owned by a thread:  ([mutex/lock_event])
[0x0000025bf02884d0] Threads_lock - owner thread: 0x0000025bfff2b000
[0x0000025bf02872d0] Heap_lock - owner thread: 0x0000025b95bac000

Heap address: 0x0000000700000000, size: 4096 MB, Compressed Oops mode: Zero based, Oop shift amount: 3
Narrow klass base: 0x0000000800000000, Narrow klass shift: 0
Compressed class space size: 1073741824 Address: 0x0000000800000000

Heap:
 garbage-first heap   total 378880K, used 310800K [0x0000000700000000, 0x0000000800000000)
  region size 1024K, 172 young (176128K), 20 survivors (20480K)
 Metaspace       used 115789K, capacity 118830K, committed 119076K, reserved 1153024K
  class space    used 13831K, capacity 14860K, committed 14924K, reserved 1048576K
Heap Regions: E=young(eden), S=young(survivor), O=old, HS=humongous(starts), HC=humongous(continues), CS=collection set, F=free, A=archive, TAMS=top-at-mark-start (previous, next)
|   0|0x0000000700000000, 0x0000000700100000, 0x0000000700100000|100%| O|  |TAMS 0x0000000700100000, 0x0000000700000000| Untracked 
|   1|0x0000000700100000, 0x0000000700200000, 0x0000000700200000|100%| O|  |TAMS 0x0000000700200000, 0x0000000700100000| Untracked 
|   2|0x0000000700200000, 0x0000000700300000, 0x0000000700300000|100%|HS|  |TAMS 0x0000000700300000, 0x0000000700200000| Complete 
|   3|0x0000000700300000, 0x0000000700400000, 0x0000000700400000|100%|HS|  |TAMS 0x0000000700400000, 0x0000000700300000| Complete 
|   4|0x0000000700400000, 0x0000000700500000, 0x0000000700500000|100%|HC|  |TAMS 0x0000000700500000, 0x0000000700400000| Complete 
|   5|0x0000000700500000, 0x0000000700600000, 0x0000000700600000|100%| O|  |TAMS 0x0000000700600000, 0x0000000700500000| Untracked 
|   6|0x0000000700600000, 0x0000000700700000, 0x0000000700700000|100%| O|  |TAMS 0x0000000700700000, 0x0000000700600000| Untracked 
|   7|0x0000000700700000, 0x0000000700800000, 0x0000000700800000|100%|HS|  |TAMS 0x0000000700800000, 0x0000000700700000| Complete 
|   8|0x0000000700800000, 0x0000000700900000, 0x0000000700900000|100%|HC|  |TAMS 0x0000000700900000, 0x0000000700800000| Complete 
|   9|0x0000000700900000, 0x0000000700a00000, 0x0000000700a00000|100%| O|  |TAMS 0x0000000700a00000, 0x0000000700900000| Untracked 
|  10|0x0000000700a00000, 0x0000000700b00000, 0x0000000700b00000|100%| O|  |TAMS 0x0000000700b00000, 0x0000000700a00000| Untracked 
|  11|0x0000000700b00000, 0x0000000700c00000, 0x0000000700c00000|100%| O|  |TAMS 0x0000000700c00000, 0x0000000700b00000| Untracked 
|  12|0x0000000700c00000, 0x0000000700d00000, 0x0000000700d00000|100%| O|  |TAMS 0x0000000700d00000, 0x0000000700c00000| Untracked 
|  13|0x0000000700d00000, 0x0000000700e00000, 0x0000000700e00000|100%| O|  |TAMS 0x0000000700e00000, 0x0000000700d00000| Untracked 
|  14|0x0000000700e00000, 0x0000000700f00000, 0x0000000700f00000|100%| O|  |TAMS 0x0000000700f00000, 0x0000000700e00000| Untracked 
|  15|0x0000000700f00000, 0x0000000701000000, 0x0000000701000000|100%| O|  |TAMS 0x0000000701000000, 0x0000000700f00000| Untracked 
|  16|0x0000000701000000, 0x0000000701100000, 0x0000000701100000|100%| O|  |TAMS 0x0000000701100000, 0x0000000701000000| Untracked 
|  17|0x0000000701100000, 0x0000000701200000, 0x0000000701200000|100%| O|  |TAMS 0x0000000701200000, 0x0000000701100000| Untracked 
|  18|0x0000000701200000, 0x0000000701300000, 0x0000000701300000|100%| O|  |TAMS 0x0000000701300000, 0x0000000701200000| Untracked 
|  19|0x0000000701300000, 0x0000000701400000, 0x0000000701400000|100%| O|  |TAMS 0x0000000701400000, 0x0000000701300000| Untracked 
|  20|0x0000000701400000, 0x0000000701500000, 0x0000000701500000|100%| O|  |TAMS 0x0000000701500000, 0x0000000701400000| Untracked 
|  21|0x0000000701500000, 0x0000000701600000, 0x0000000701600000|100%| O|  |TAMS 0x0000000701600000, 0x0000000701500000| Untracked 
|  22|0x0000000701600000, 0x0000000701700000, 0x0000000701700000|100%| O|  |TAMS 0x0000000701700000, 0x0000000701600000| Untracked 
|  23|0x0000000701700000, 0x0000000701800000, 0x0000000701800000|100%| O|  |TAMS 0x0000000701800000, 0x0000000701700000| Untracked 
|  24|0x0000000701800000, 0x0000000701900000, 0x0000000701900000|100%| O|  |TAMS 0x0000000701900000, 0x0000000701800000| Untracked 
|  25|0x0000000701900000, 0x0000000701a00000, 0x0000000701a00000|100%| O|  |TAMS 0x0000000701a00000, 0x0000000701900000| Untracked 
|  26|0x0000000701a00000, 0x0000000701b00000, 0x0000000701b00000|100%| O|  |TAMS 0x0000000701b00000, 0x0000000701a00000| Untracked 
|  27|0x0000000701b00000, 0x0000000701c00000, 0x0000000701c00000|100%| O|  |TAMS 0x0000000701c00000, 0x0000000701b00000| Untracked 
|  28|0x0000000701c00000, 0x0000000701d00000, 0x0000000701d00000|100%| O|  |TAMS 0x0000000701d00000, 0x0000000701c00000| Untracked 
|  29|0x0000000701d00000, 0x0000000701e00000, 0x0000000701e00000|100%| O|  |TAMS 0x0000000701e00000, 0x0000000701d00000| Untracked 
|  30|0x0000000701e00000, 0x0000000701f00000, 0x0000000701f00000|100%| O|  |TAMS 0x0000000701f00000, 0x0000000701e00000| Untracked 
|  31|0x0000000701f00000, 0x0000000702000000, 0x0000000702000000|100%| O|  |TAMS 0x0000000702000000, 0x0000000701f00000| Untracked 
|  32|0x0000000702000000, 0x0000000702100000, 0x0000000702100000|100%| O|  |TAMS 0x0000000702100000, 0x0000000702000000| Untracked 
|  33|0x0000000702100000, 0x0000000702200000, 0x0000000702200000|100%| O|  |TAMS 0x0000000702200000, 0x0000000702100000| Untracked 
|  34|0x0000000702200000, 0x0000000702300000, 0x0000000702300000|100%| O|  |TAMS 0x0000000702300000, 0x0000000702200000| Untracked 
|  35|0x0000000702300000, 0x0000000702400000, 0x0000000702400000|100%| O|  |TAMS 0x0000000702400000, 0x0000000702300000| Untracked 
|  36|0x0000000702400000, 0x0000000702500000, 0x0000000702500000|100%| O|  |TAMS 0x0000000702500000, 0x0000000702400000| Untracked 
|  37|0x0000000702500000, 0x0000000702600000, 0x0000000702600000|100%| O|  |TAMS 0x0000000702600000, 0x0000000702500000| Untracked 
|  38|0x0000000702600000, 0x0000000702700000, 0x0000000702700000|100%| O|  |TAMS 0x0000000702700000, 0x0000000702600000| Untracked 
|  39|0x0000000702700000, 0x0000000702800000, 0x0000000702800000|100%| O|  |TAMS 0x0000000702800000, 0x0000000702700000| Untracked 
|  40|0x0000000702800000, 0x0000000702900000, 0x0000000702900000|100%| O|  |TAMS 0x0000000702900000, 0x0000000702800000| Untracked 
|  41|0x0000000702900000, 0x0000000702a00000, 0x0000000702a00000|100%| O|  |TAMS 0x0000000702a00000, 0x0000000702900000| Untracked 
|  42|0x0000000702a00000, 0x0000000702b00000, 0x0000000702b00000|100%| O|  |TAMS 0x0000000702b00000, 0x0000000702a00000| Untracked 
|  43|0x0000000702b00000, 0x0000000702c00000, 0x0000000702c00000|100%| O|  |TAMS 0x0000000702c00000, 0x0000000702b00000| Untracked 
|  44|0x0000000702c00000, 0x0000000702d00000, 0x0000000702d00000|100%| O|  |TAMS 0x0000000702d00000, 0x0000000702c00000| Untracked 
|  45|0x0000000702d00000, 0x0000000702e00000, 0x0000000702e00000|100%| O|  |TAMS 0x0000000702e00000, 0x0000000702d00000| Untracked 
|  46|0x0000000702e00000, 0x0000000702f00000, 0x0000000702f00000|100%| O|  |TAMS 0x0000000702f00000, 0x0000000702e00000| Untracked 
|  47|0x0000000702f00000, 0x0000000703000000, 0x0000000703000000|100%| O|  |TAMS 0x0000000703000000, 0x0000000702f00000| Untracked 
|  48|0x0000000703000000, 0x0000000703100000, 0x0000000703100000|100%| O|  |TAMS 0x0000000703100000, 0x0000000703000000| Untracked 
|  49|0x0000000703100000, 0x0000000703200000, 0x0000000703200000|100%| O|  |TAMS 0x0000000703200000, 0x0000000703100000| Untracked 
|  50|0x0000000703200000, 0x0000000703300000, 0x0000000703300000|100%| O|  |TAMS 0x0000000703300000, 0x0000000703200000| Untracked 
|  51|0x0000000703300000, 0x0000000703400000, 0x0000000703400000|100%| O|  |TAMS 0x0000000703400000, 0x0000000703300000| Untracked 
|  52|0x0000000703400000, 0x0000000703500000, 0x0000000703500000|100%| O|  |TAMS 0x0000000703500000, 0x0000000703400000| Untracked 
|  53|0x0000000703500000, 0x0000000703600000, 0x0000000703600000|100%| O|  |TAMS 0x0000000703600000, 0x0000000703500000| Untracked 
|  54|0x0000000703600000, 0x0000000703700000, 0x0000000703700000|100%| O|  |TAMS 0x0000000703700000, 0x0000000703600000| Untracked 
|  55|0x0000000703700000, 0x0000000703800000, 0x0000000703800000|100%| O|  |TAMS 0x0000000703800000, 0x0000000703700000| Untracked 
|  56|0x0000000703800000, 0x0000000703900000, 0x0000000703900000|100%| O|  |TAMS 0x0000000703900000, 0x0000000703800000| Untracked 
|  57|0x0000000703900000, 0x0000000703a00000, 0x0000000703a00000|100%| O|  |TAMS 0x0000000703a00000, 0x0000000703900000| Untracked 
|  58|0x0000000703a00000, 0x0000000703b00000, 0x0000000703b00000|100%|HS|  |TAMS 0x0000000703b00000, 0x0000000703a00000| Complete 
|  59|0x0000000703b00000, 0x0000000703c00000, 0x0000000703c00000|100%|HC|  |TAMS 0x0000000703c00000, 0x0000000703b00000| Complete 
|  60|0x0000000703c00000, 0x0000000703d00000, 0x0000000703d00000|100%|HS|  |TAMS 0x0000000703d00000, 0x0000000703c00000| Complete 
|  61|0x0000000703d00000, 0x0000000703e00000, 0x0000000703e00000|100%| O|  |TAMS 0x0000000703e00000, 0x0000000703d00000| Untracked 
|  62|0x0000000703e00000, 0x0000000703f00000, 0x0000000703f00000|100%| O|  |TAMS 0x0000000703f00000, 0x0000000703e00000| Untracked 
|  63|0x0000000703f00000, 0x0000000704000000, 0x0000000704000000|100%| O|  |TAMS 0x0000000704000000, 0x0000000703f00000| Untracked 
|  64|0x0000000704000000, 0x0000000704100000, 0x0000000704100000|100%| O|  |TAMS 0x0000000704100000, 0x0000000704000000| Untracked 
|  65|0x0000000704100000, 0x0000000704200000, 0x0000000704200000|100%| O|  |TAMS 0x0000000704200000, 0x0000000704100000| Untracked 
|  66|0x0000000704200000, 0x0000000704300000, 0x0000000704300000|100%| O|  |TAMS 0x0000000704300000, 0x0000000704200000| Untracked 
|  67|0x0000000704300000, 0x0000000704400000, 0x0000000704400000|100%| O|  |TAMS 0x0000000704400000, 0x0000000704300000| Untracked 
|  68|0x0000000704400000, 0x0000000704500000, 0x0000000704500000|100%| O|  |TAMS 0x0000000704500000, 0x0000000704400000| Untracked 
|  69|0x0000000704500000, 0x0000000704600000, 0x0000000704600000|100%| O|  |TAMS 0x0000000704600000, 0x0000000704500000| Untracked 
|  70|0x0000000704600000, 0x0000000704700000, 0x0000000704700000|100%| O|  |TAMS 0x0000000704700000, 0x0000000704600000| Untracked 
|  71|0x0000000704700000, 0x0000000704800000, 0x0000000704800000|100%| O|  |TAMS 0x0000000704800000, 0x0000000704700000| Untracked 
|  72|0x0000000704800000, 0x0000000704900000, 0x0000000704900000|100%| O|  |TAMS 0x0000000704900000, 0x0000000704800000| Untracked 
|  73|0x0000000704900000, 0x0000000704a00000, 0x0000000704a00000|100%| O|  |TAMS 0x0000000704a00000, 0x0000000704900000| Untracked 
|  74|0x0000000704a00000, 0x0000000704b00000, 0x0000000704b00000|100%| O|  |TAMS 0x0000000704b00000, 0x0000000704a00000| Untracked 
|  75|0x0000000704b00000, 0x0000000704c00000, 0x0000000704c00000|100%| O|  |TAMS 0x0000000704c00000, 0x0000000704b00000| Untracked 
|  76|0x0000000704c00000, 0x0000000704d00000, 0x0000000704d00000|100%| O|  |TAMS 0x0000000704d00000, 0x0000000704c00000| Untracked 
|  77|0x0000000704d00000, 0x0000000704e00000, 0x0000000704e00000|100%| O|  |TAMS 0x0000000704e00000, 0x0000000704d00000| Untracked 
|  78|0x0000000704e00000, 0x0000000704f00000, 0x0000000704f00000|100%| O|  |TAMS 0x0000000704f00000, 0x0000000704e00000| Untracked 
|  79|0x0000000704f00000, 0x0000000705000000, 0x0000000705000000|100%| O|  |TAMS 0x0000000705000000, 0x0000000704f00000| Untracked 
|  80|0x0000000705000000, 0x0000000705100000, 0x0000000705100000|100%| O|  |TAMS 0x0000000705100000, 0x0000000705000000| Untracked 
|  81|0x0000000705100000, 0x0000000705200000, 0x0000000705200000|100%| O|  |TAMS 0x0000000705200000, 0x0000000705100000| Untracked 
|  82|0x0000000705200000, 0x0000000705300000, 0x0000000705300000|100%| O|  |TAMS 0x0000000705300000, 0x0000000705200000| Untracked 
|  83|0x0000000705300000, 0x0000000705400000, 0x0000000705400000|100%| O|  |TAMS 0x0000000705400000, 0x0000000705300000| Untracked 
|  84|0x0000000705400000, 0x0000000705500000, 0x0000000705500000|100%| O|  |TAMS 0x0000000705500000, 0x0000000705400000| Untracked 
|  85|0x0000000705500000, 0x0000000705600000, 0x0000000705600000|100%| O|  |TAMS 0x0000000705600000, 0x0000000705500000| Untracked 
|  86|0x0000000705600000, 0x0000000705700000, 0x0000000705700000|100%| O|  |TAMS 0x0000000705700000, 0x0000000705600000| Untracked 
|  87|0x0000000705700000, 0x0000000705800000, 0x0000000705800000|100%| O|  |TAMS 0x0000000705800000, 0x0000000705700000| Untracked 
|  88|0x0000000705800000, 0x0000000705900000, 0x0000000705900000|100%| O|  |TAMS 0x0000000705900000, 0x0000000705800000| Untracked 
|  89|0x0000000705900000, 0x0000000705a00000, 0x0000000705a00000|100%| O|  |TAMS 0x0000000705a00000, 0x0000000705900000| Untracked 
|  90|0x0000000705a00000, 0x0000000705b00000, 0x0000000705b00000|100%| O|  |TAMS 0x0000000705b00000, 0x0000000705a00000| Untracked 
|  91|0x0000000705b00000, 0x0000000705c00000, 0x0000000705c00000|100%| O|  |TAMS 0x0000000705c00000, 0x0000000705b00000| Untracked 
|  92|0x0000000705c00000, 0x0000000705d00000, 0x0000000705d00000|100%| O|  |TAMS 0x0000000705d00000, 0x0000000705c00000| Untracked 
|  93|0x0000000705d00000, 0x0000000705e00000, 0x0000000705e00000|100%| O|  |TAMS 0x0000000705e00000, 0x0000000705d00000| Untracked 
|  94|0x0000000705e00000, 0x0000000705f00000, 0x0000000705f00000|100%| O|  |TAMS 0x0000000705f00000, 0x0000000705e00000| Untracked 
|  95|0x0000000705f00000, 0x0000000706000000, 0x0000000706000000|100%| O|  |TAMS 0x0000000705fa1000, 0x0000000705f00000| Untracked 
|  96|0x0000000706000000, 0x0000000706100000, 0x0000000706100000|100%| O|  |TAMS 0x0000000706000000, 0x0000000706000000| Untracked 
|  97|0x0000000706100000, 0x0000000706200000, 0x0000000706200000|100%|HS|  |TAMS 0x0000000706100000, 0x0000000706100000| Complete 
|  98|0x0000000706200000, 0x0000000706300000, 0x0000000706300000|100%|HC|  |TAMS 0x0000000706200000, 0x0000000706200000| Complete 
|  99|0x0000000706300000, 0x0000000706400000, 0x0000000706400000|100%|HS|  |TAMS 0x0000000706300000, 0x0000000706300000| Complete 
| 100|0x0000000706400000, 0x0000000706500000, 0x0000000706500000|100%|HC|  |TAMS 0x0000000706400000, 0x0000000706400000| Complete 
| 101|0x0000000706500000, 0x0000000706600000, 0x0000000706600000|100%|HC|  |TAMS 0x0000000706500000, 0x0000000706500000| Complete 
| 102|0x0000000706600000, 0x0000000706700000, 0x0000000706700000|100%|HS|  |TAMS 0x0000000706600000, 0x0000000706600000| Complete 
| 103|0x0000000706700000, 0x0000000706800000, 0x0000000706800000|100%|HC|  |TAMS 0x0000000706700000, 0x0000000706700000| Complete 
| 104|0x0000000706800000, 0x0000000706900000, 0x0000000706900000|100%|HC|  |TAMS 0x0000000706800000, 0x0000000706800000| Complete 
| 105|0x0000000706900000, 0x0000000706a00000, 0x0000000706a00000|100%|HC|  |TAMS 0x0000000706900000, 0x0000000706900000| Complete 
| 106|0x0000000706a00000, 0x0000000706b00000, 0x0000000706b00000|100%| O|  |TAMS 0x0000000706a00000, 0x0000000706a00000| Untracked 
| 107|0x0000000706b00000, 0x0000000706c00000, 0x0000000706c00000|100%| O|  |TAMS 0x0000000706b00000, 0x0000000706b00000| Untracked 
| 108|0x0000000706c00000, 0x0000000706d00000, 0x0000000706d00000|100%| O|  |TAMS 0x0000000706c00000, 0x0000000706c00000| Untracked 
| 109|0x0000000706d00000, 0x0000000706e00000, 0x0000000706e00000|100%| O|  |TAMS 0x0000000706d00000, 0x0000000706d00000| Untracked 
| 110|0x0000000706e00000, 0x0000000706f00000, 0x0000000706f00000|100%| O|  |TAMS 0x0000000706e00000, 0x0000000706e00000| Untracked 
| 111|0x0000000706f00000, 0x0000000707000000, 0x0000000707000000|100%| O|  |TAMS 0x0000000706f00000, 0x0000000706f00000| Untracked 
| 112|0x0000000707000000, 0x0000000707100000, 0x0000000707100000|100%| O|  |TAMS 0x0000000707000000, 0x0000000707000000| Untracked 
| 113|0x0000000707100000, 0x0000000707200000, 0x0000000707200000|100%| O|  |TAMS 0x0000000707100000, 0x0000000707100000| Untracked 
| 114|0x0000000707200000, 0x0000000707300000, 0x0000000707300000|100%| O|  |TAMS 0x0000000707200000, 0x0000000707200000| Untracked 
| 115|0x0000000707300000, 0x0000000707400000, 0x0000000707400000|100%| O|  |TAMS 0x0000000707300000, 0x0000000707300000| Untracked 
| 116|0x0000000707400000, 0x0000000707500000, 0x0000000707500000|100%| O|  |TAMS 0x0000000707400000, 0x0000000707400000| Untracked 
| 117|0x0000000707500000, 0x0000000707600000, 0x0000000707600000|100%| O|  |TAMS 0x0000000707500000, 0x0000000707500000| Untracked 
| 118|0x0000000707600000, 0x0000000707700000, 0x0000000707700000|100%| O|  |TAMS 0x0000000707600000, 0x0000000707600000| Untracked 
| 119|0x0000000707700000, 0x0000000707800000, 0x0000000707800000|100%| O|  |TAMS 0x0000000707700000, 0x0000000707700000| Untracked 
| 120|0x0000000707800000, 0x0000000707900000, 0x0000000707900000|100%| O|  |TAMS 0x0000000707800000, 0x0000000707800000| Untracked 
| 121|0x0000000707900000, 0x0000000707a00000, 0x0000000707a00000|100%| O|  |TAMS 0x0000000707900000, 0x0000000707900000| Untracked 
| 122|0x0000000707a00000, 0x0000000707b00000, 0x0000000707b00000|100%| O|  |TAMS 0x0000000707a00000, 0x0000000707a00000| Untracked 
| 123|0x0000000707b00000, 0x0000000707c00000, 0x0000000707c00000|100%| O|  |TAMS 0x0000000707b00000, 0x0000000707b00000| Untracked 
| 124|0x0000000707c00000, 0x0000000707d00000, 0x0000000707d00000|100%| O|  |TAMS 0x0000000707c00000, 0x0000000707c00000| Untracked 
| 125|0x0000000707d00000, 0x0000000707e00000, 0x0000000707e00000|100%| O|  |TAMS 0x0000000707d00000, 0x0000000707d00000| Untracked 
| 126|0x0000000707e00000, 0x0000000707f00000, 0x0000000707f00000|100%| O|  |TAMS 0x0000000707e00000, 0x0000000707e00000| Untracked 
| 127|0x0000000707f00000, 0x0000000708000000, 0x0000000708000000|100%|HS|  |TAMS 0x0000000707f00000, 0x0000000707f00000| Complete 
| 128|0x0000000708000000, 0x0000000708100000, 0x0000000708100000|100%|HS|  |TAMS 0x0000000708000000, 0x0000000708000000| Complete 
| 129|0x0000000708100000, 0x0000000708200000, 0x0000000708200000|100%|HS|  |TAMS 0x0000000708100000, 0x0000000708100000| Complete 
| 130|0x0000000708200000, 0x0000000708300000, 0x0000000708300000|100%|HS|  |TAMS 0x0000000708200000, 0x0000000708200000| Complete 
| 131|0x0000000708300000, 0x0000000708400000, 0x0000000708400000|100%|HS|  |TAMS 0x0000000708300000, 0x0000000708300000| Complete 
| 132|0x0000000708400000, 0x0000000708500000, 0x0000000708500000|100%|HC|  |TAMS 0x0000000708400000, 0x0000000708400000| Complete 
| 133|0x0000000708500000, 0x0000000708600000, 0x0000000708600000|100%|HS|  |TAMS 0x0000000708500000, 0x0000000708500000| Complete 
| 134|0x0000000708600000, 0x0000000708700000, 0x0000000708700000|100%|HC|  |TAMS 0x0000000708600000, 0x0000000708600000| Complete 
| 135|0x0000000708700000, 0x0000000708800000, 0x0000000708800000|100%|HC|  |TAMS 0x0000000708700000, 0x0000000708700000| Complete 
| 136|0x0000000708800000, 0x0000000708900000, 0x0000000708900000|100%|HS|  |TAMS 0x0000000708800000, 0x0000000708800000| Complete 
| 137|0x0000000708900000, 0x0000000708a00000, 0x0000000708a00000|100%|HC|  |TAMS 0x0000000708900000, 0x0000000708900000| Complete 
| 138|0x0000000708a00000, 0x0000000708b00000, 0x0000000708b00000|100%|HC|  |TAMS 0x0000000708a00000, 0x0000000708a00000| Complete 
| 139|0x0000000708b00000, 0x0000000708c00000, 0x0000000708c00000|100%|HS|  |TAMS 0x0000000708b00000, 0x0000000708b00000| Complete 
| 140|0x0000000708c00000, 0x0000000708d00000, 0x0000000708d00000|100%|HC|  |TAMS 0x0000000708c00000, 0x0000000708c00000| Complete 
| 141|0x0000000708d00000, 0x0000000708e00000, 0x0000000708e00000|100%|HC|  |TAMS 0x0000000708d00000, 0x0000000708d00000| Complete 
| 142|0x0000000708e00000, 0x0000000708f00000, 0x0000000708f00000|100%|HC|  |TAMS 0x0000000708e00000, 0x0000000708e00000| Complete 
| 143|0x0000000708f00000, 0x0000000709000000, 0x0000000709000000|100%|HC|  |TAMS 0x0000000708f00000, 0x0000000708f00000| Complete 
| 144|0x0000000709000000, 0x0000000709100000, 0x0000000709100000|100%|HS|  |TAMS 0x0000000709000000, 0x0000000709000000| Complete 
| 145|0x0000000709100000, 0x0000000709200000, 0x0000000709200000|100%|HC|  |TAMS 0x0000000709100000, 0x0000000709100000| Complete 
| 146|0x0000000709200000, 0x0000000709300000, 0x0000000709300000|100%| O|  |TAMS 0x0000000709200000, 0x0000000709200000| Untracked 
| 147|0x0000000709300000, 0x0000000709400000, 0x0000000709400000|100%| O|  |TAMS 0x0000000709300000, 0x0000000709300000| Untracked 
| 148|0x0000000709400000, 0x0000000709500000, 0x0000000709500000|100%| O|  |TAMS 0x0000000709400000, 0x0000000709400000| Untracked 
| 149|0x0000000709500000, 0x0000000709600000, 0x0000000709600000|100%| O|  |TAMS 0x0000000709500000, 0x0000000709500000| Untracked 
| 150|0x0000000709600000, 0x0000000709700000, 0x0000000709700000|100%| O|  |TAMS 0x0000000709600000, 0x0000000709600000| Untracked 
| 151|0x0000000709700000, 0x0000000709800000, 0x0000000709800000|100%| O|  |TAMS 0x0000000709700000, 0x0000000709700000| Untracked 
| 152|0x0000000709800000, 0x00000007098c3c10, 0x0000000709900000| 76%| O|  |TAMS 0x0000000709800000, 0x0000000709800000| Untracked 
| 153|0x0000000709900000, 0x0000000709900000, 0x0000000709a00000|  0%| F|  |TAMS 0x0000000709900000, 0x0000000709900000| Untracked 
| 154|0x0000000709a00000, 0x0000000709a00000, 0x0000000709b00000|  0%| F|  |TAMS 0x0000000709a00000, 0x0000000709a00000| Untracked 
| 155|0x0000000709b00000, 0x0000000709b00000, 0x0000000709c00000|  0%| F|  |TAMS 0x0000000709b00000, 0x0000000709b00000| Untracked 
| 156|0x0000000709c00000, 0x0000000709c00000, 0x0000000709d00000|  0%| F|  |TAMS 0x0000000709c00000, 0x0000000709c00000| Untracked 
| 157|0x0000000709d00000, 0x0000000709d00000, 0x0000000709e00000|  0%| F|  |TAMS 0x0000000709d00000, 0x0000000709d00000| Untracked 
| 158|0x0000000709e00000, 0x0000000709e00000, 0x0000000709f00000|  0%| F|  |TAMS 0x0000000709e00000, 0x0000000709e00000| Untracked 
| 159|0x0000000709f00000, 0x0000000709f00000, 0x000000070a000000|  0%| F|  |TAMS 0x0000000709f00000, 0x0000000709f00000| Untracked 
| 160|0x000000070a000000, 0x000000070a000000, 0x000000070a100000|  0%| F|  |TAMS 0x000000070a000000, 0x000000070a000000| Untracked 
| 161|0x000000070a100000, 0x000000070a100000, 0x000000070a200000|  0%| F|  |TAMS 0x000000070a100000, 0x000000070a100000| Untracked 
| 162|0x000000070a200000, 0x000000070a200000, 0x000000070a300000|  0%| F|  |TAMS 0x000000070a200000, 0x000000070a200000| Untracked 
| 163|0x000000070a300000, 0x000000070a300000, 0x000000070a400000|  0%| F|  |TAMS 0x000000070a300000, 0x000000070a300000| Untracked 
| 164|0x000000070a400000, 0x000000070a400000, 0x000000070a500000|  0%| F|  |TAMS 0x000000070a400000, 0x000000070a400000| Untracked 
| 165|0x000000070a500000, 0x000000070a500000, 0x000000070a600000|  0%| F|  |TAMS 0x000000070a500000, 0x000000070a500000| Untracked 
| 166|0x000000070a600000, 0x000000070a600000, 0x000000070a700000|  0%| F|  |TAMS 0x000000070a600000, 0x000000070a600000| Untracked 
| 167|0x000000070a700000, 0x000000070a700000, 0x000000070a800000|  0%| F|  |TAMS 0x000000070a700000, 0x000000070a700000| Untracked 
| 168|0x000000070a800000, 0x000000070a800000, 0x000000070a900000|  0%| F|  |TAMS 0x000000070a800000, 0x000000070a800000| Untracked 
| 169|0x000000070a900000, 0x000000070a900000, 0x000000070aa00000|  0%| F|  |TAMS 0x000000070a900000, 0x000000070a900000| Untracked 
| 170|0x000000070aa00000, 0x000000070aa00000, 0x000000070ab00000|  0%| F|  |TAMS 0x000000070aa00000, 0x000000070aa00000| Untracked 
| 171|0x000000070ab00000, 0x000000070ab00000, 0x000000070ac00000|  0%| F|  |TAMS 0x000000070ab00000, 0x000000070ab00000| Untracked 
| 172|0x000000070ac00000, 0x000000070ac00000, 0x000000070ad00000|  0%| F|  |TAMS 0x000000070ac00000, 0x000000070ac00000| Untracked 
| 173|0x000000070ad00000, 0x000000070ad00000, 0x000000070ae00000|  0%| F|  |TAMS 0x000000070ad00000, 0x000000070ad00000| Untracked 
| 174|0x000000070ae00000, 0x000000070ae00000, 0x000000070af00000|  0%| F|  |TAMS 0x000000070ae00000, 0x000000070ae00000| Untracked 
| 175|0x000000070af00000, 0x000000070af00000, 0x000000070b000000|  0%| F|  |TAMS 0x000000070af00000, 0x000000070af00000| Untracked 
| 176|0x000000070b000000, 0x000000070b000000, 0x000000070b100000|  0%| F|  |TAMS 0x000000070b000000, 0x000000070b000000| Untracked 
| 177|0x000000070b100000, 0x000000070b100000, 0x000000070b200000|  0%| F|  |TAMS 0x000000070b100000, 0x000000070b100000| Untracked 
| 178|0x000000070b200000, 0x000000070b200000, 0x000000070b300000|  0%| F|  |TAMS 0x000000070b200000, 0x000000070b200000| Untracked 
| 179|0x000000070b300000, 0x000000070b300000, 0x000000070b400000|  0%| F|  |TAMS 0x000000070b300000, 0x000000070b300000| Untracked 
| 180|0x000000070b400000, 0x000000070b400000, 0x000000070b500000|  0%| F|  |TAMS 0x000000070b400000, 0x000000070b400000| Untracked 
| 181|0x000000070b500000, 0x000000070b500000, 0x000000070b600000|  0%| F|  |TAMS 0x000000070b500000, 0x000000070b500000| Untracked 
| 182|0x000000070b600000, 0x000000070b600000, 0x000000070b700000|  0%| F|  |TAMS 0x000000070b600000, 0x000000070b600000| Untracked 
| 183|0x000000070b700000, 0x000000070b700000, 0x000000070b800000|  0%| F|  |TAMS 0x000000070b700000, 0x000000070b700000| Untracked 
| 184|0x000000070b800000, 0x000000070b800000, 0x000000070b900000|  0%| F|  |TAMS 0x000000070b800000, 0x000000070b800000| Untracked 
| 185|0x000000070b900000, 0x000000070b900000, 0x000000070ba00000|  0%| F|  |TAMS 0x000000070b900000, 0x000000070b900000| Untracked 
| 186|0x000000070ba00000, 0x000000070ba00000, 0x000000070bb00000|  0%| F|  |TAMS 0x000000070ba00000, 0x000000070ba00000| Untracked 
| 187|0x000000070bb00000, 0x000000070bb00000, 0x000000070bc00000|  0%| F|  |TAMS 0x000000070bb00000, 0x000000070bb00000| Untracked 
| 188|0x000000070bc00000, 0x000000070bc00000, 0x000000070bd00000|  0%| F|  |TAMS 0x000000070bc00000, 0x000000070bc00000| Untracked 
| 189|0x000000070bd00000, 0x000000070bd00000, 0x000000070be00000|  0%| F|  |TAMS 0x000000070bd00000, 0x000000070bd00000| Untracked 
| 190|0x000000070be00000, 0x000000070be00000, 0x000000070bf00000|  0%| F|  |TAMS 0x000000070be00000, 0x000000070be00000| Untracked 
| 191|0x000000070bf00000, 0x000000070bf00000, 0x000000070c000000|  0%| F|  |TAMS 0x000000070bf00000, 0x000000070bf00000| Untracked 
| 192|0x000000070c000000, 0x000000070c100000, 0x000000070c100000|100%| S|  |TAMS 0x000000070c000000, 0x000000070c000000| Complete 
| 193|0x000000070c100000, 0x000000070c200000, 0x000000070c200000|100%| S|  |TAMS 0x000000070c100000, 0x000000070c100000| Complete 
| 194|0x000000070c200000, 0x000000070c300000, 0x000000070c300000|100%| S|  |TAMS 0x000000070c200000, 0x000000070c200000| Complete 
| 195|0x000000070c300000, 0x000000070c400000, 0x000000070c400000|100%| S|  |TAMS 0x000000070c300000, 0x000000070c300000| Complete 
| 196|0x000000070c400000, 0x000000070c500000, 0x000000070c500000|100%| S|  |TAMS 0x000000070c400000, 0x000000070c400000| Complete 
| 197|0x000000070c500000, 0x000000070c600000, 0x000000070c600000|100%| S|  |TAMS 0x000000070c500000, 0x000000070c500000| Complete 
| 198|0x000000070c600000, 0x000000070c700000, 0x000000070c700000|100%| S|  |TAMS 0x000000070c600000, 0x000000070c600000| Complete 
| 199|0x000000070c700000, 0x000000070c800000, 0x000000070c800000|100%| S|  |TAMS 0x000000070c700000, 0x000000070c700000| Complete 
| 200|0x000000070c800000, 0x000000070c900000, 0x000000070c900000|100%| S|  |TAMS 0x000000070c800000, 0x000000070c800000| Complete 
| 201|0x000000070c900000, 0x000000070ca00000, 0x000000070ca00000|100%| S|  |TAMS 0x000000070c900000, 0x000000070c900000| Complete 
| 202|0x000000070ca00000, 0x000000070cb00000, 0x000000070cb00000|100%| S|  |TAMS 0x000000070ca00000, 0x000000070ca00000| Complete 
| 203|0x000000070cb00000, 0x000000070cc00000, 0x000000070cc00000|100%| S|  |TAMS 0x000000070cb00000, 0x000000070cb00000| Complete 
| 204|0x000000070cc00000, 0x000000070cd00000, 0x000000070cd00000|100%| S|  |TAMS 0x000000070cc00000, 0x000000070cc00000| Complete 
| 205|0x000000070cd00000, 0x000000070ce00000, 0x000000070ce00000|100%| S|  |TAMS 0x000000070cd00000, 0x000000070cd00000| Complete 
| 206|0x000000070ce00000, 0x000000070cf00000, 0x000000070cf00000|100%| S|  |TAMS 0x000000070ce00000, 0x000000070ce00000| Complete 
| 207|0x000000070cf00000, 0x000000070d000000, 0x000000070d000000|100%| S|  |TAMS 0x000000070cf00000, 0x000000070cf00000| Complete 
| 208|0x000000070d000000, 0x000000070d100000, 0x000000070d100000|100%| S|  |TAMS 0x000000070d000000, 0x000000070d000000| Complete 
| 209|0x000000070d100000, 0x000000070d200000, 0x000000070d200000|100%| S|  |TAMS 0x000000070d100000, 0x000000070d100000| Complete 
| 210|0x000000070d200000, 0x000000070d300000, 0x000000070d300000|100%| S|  |TAMS 0x000000070d200000, 0x000000070d200000| Complete 
| 211|0x000000070d300000, 0x000000070d400000, 0x000000070d400000|100%| S|  |TAMS 0x000000070d300000, 0x000000070d300000| Complete 
| 212|0x000000070d400000, 0x000000070d4ef910, 0x000000070d500000| 93%| E|CS|TAMS 0x000000070d400000, 0x000000070d400000| Complete 
| 213|0x000000070d500000, 0x000000070d600000, 0x000000070d600000|100%| E|CS|TAMS 0x000000070d500000, 0x000000070d500000| Complete 
| 214|0x000000070d600000, 0x000000070d700000, 0x000000070d700000|100%| E|CS|TAMS 0x000000070d600000, 0x000000070d600000| Complete 
| 215|0x000000070d700000, 0x000000070d800000, 0x000000070d800000|100%| E|CS|TAMS 0x000000070d700000, 0x000000070d700000| Complete 
| 216|0x000000070d800000, 0x000000070d900000, 0x000000070d900000|100%| E|CS|TAMS 0x000000070d800000, 0x000000070d800000| Complete 
| 217|0x000000070d900000, 0x000000070da00000, 0x000000070da00000|100%| E|CS|TAMS 0x000000070d900000, 0x000000070d900000| Complete 
| 218|0x000000070da00000, 0x000000070dac9c10, 0x000000070db00000| 78%| E|CS|TAMS 0x000000070da00000, 0x000000070da00000| Complete 
| 219|0x000000070db00000, 0x000000070dc00000, 0x000000070dc00000|100%| E|CS|TAMS 0x000000070db00000, 0x000000070db00000| Complete 
| 220|0x000000070dc00000, 0x000000070dd00000, 0x000000070dd00000|100%| E|CS|TAMS 0x000000070dc00000, 0x000000070dc00000| Complete 
| 221|0x000000070dd00000, 0x000000070de00000, 0x000000070de00000|100%| E|CS|TAMS 0x000000070dd00000, 0x000000070dd00000| Complete 
| 222|0x000000070de00000, 0x000000070df00000, 0x000000070df00000|100%| E|CS|TAMS 0x000000070de00000, 0x000000070de00000| Complete 
| 223|0x000000070df00000, 0x000000070e000000, 0x000000070e000000|100%| E|CS|TAMS 0x000000070df00000, 0x000000070df00000| Complete 
| 224|0x000000070e000000, 0x000000070e100000, 0x000000070e100000|100%| E|CS|TAMS 0x000000070e000000, 0x000000070e000000| Complete 
| 225|0x000000070e100000, 0x000000070e200000, 0x000000070e200000|100%| E|CS|TAMS 0x000000070e100000, 0x000000070e100000| Complete 
| 226|0x000000070e200000, 0x000000070e300000, 0x000000070e300000|100%| E|CS|TAMS 0x000000070e200000, 0x000000070e200000| Complete 
| 227|0x000000070e300000, 0x000000070e400000, 0x000000070e400000|100%| E|CS|TAMS 0x000000070e300000, 0x000000070e300000| Complete 
| 228|0x000000070e400000, 0x000000070e500000, 0x000000070e500000|100%| E|CS|TAMS 0x000000070e400000, 0x000000070e400000| Complete 
| 229|0x000000070e500000, 0x000000070e600000, 0x000000070e600000|100%| E|CS|TAMS 0x000000070e500000, 0x000000070e500000| Complete 
| 230|0x000000070e600000, 0x000000070e700000, 0x000000070e700000|100%| E|CS|TAMS 0x000000070e600000, 0x000000070e600000| Complete 
| 231|0x000000070e700000, 0x000000070e800000, 0x000000070e800000|100%| E|CS|TAMS 0x000000070e700000, 0x000000070e700000| Complete 
| 232|0x000000070e800000, 0x000000070e900000, 0x000000070e900000|100%| E|CS|TAMS 0x000000070e800000, 0x000000070e800000| Complete 
| 233|0x000000070e900000, 0x000000070ea00000, 0x000000070ea00000|100%| E|CS|TAMS 0x000000070e900000, 0x000000070e900000| Complete 
| 234|0x000000070ea00000, 0x000000070eb00000, 0x000000070eb00000|100%| E|CS|TAMS 0x000000070ea00000, 0x000000070ea00000| Complete 
| 235|0x000000070eb00000, 0x000000070ec00000, 0x000000070ec00000|100%| E|CS|TAMS 0x000000070eb00000, 0x000000070eb00000| Complete 
| 236|0x000000070ec00000, 0x000000070ed00000, 0x000000070ed00000|100%| E|CS|TAMS 0x000000070ec00000, 0x000000070ec00000| Complete 
| 237|0x000000070ed00000, 0x000000070ee00000, 0x000000070ee00000|100%| E|CS|TAMS 0x000000070ed00000, 0x000000070ed00000| Complete 
| 238|0x000000070ee00000, 0x000000070ef00000, 0x000000070ef00000|100%| E|CS|TAMS 0x000000070ee00000, 0x000000070ee00000| Complete 
| 239|0x000000070ef00000, 0x000000070f000000, 0x000000070f000000|100%| E|CS|TAMS 0x000000070ef00000, 0x000000070ef00000| Complete 
| 240|0x000000070f000000, 0x000000070f100000, 0x000000070f100000|100%| E|CS|TAMS 0x000000070f000000, 0x000000070f000000| Complete 
| 241|0x000000070f100000, 0x000000070f200000, 0x000000070f200000|100%| E|CS|TAMS 0x000000070f100000, 0x000000070f100000| Complete 
| 242|0x000000070f200000, 0x000000070f300000, 0x000000070f300000|100%| E|CS|TAMS 0x000000070f200000, 0x000000070f200000| Complete 
| 243|0x000000070f300000, 0x000000070f400000, 0x000000070f400000|100%| E|CS|TAMS 0x000000070f300000, 0x000000070f300000| Complete 
| 244|0x000000070f400000, 0x000000070f500000, 0x000000070f500000|100%| E|CS|TAMS 0x000000070f400000, 0x000000070f400000| Complete 
| 245|0x000000070f500000, 0x000000070f600000, 0x000000070f600000|100%| E|CS|TAMS 0x000000070f500000, 0x000000070f500000| Complete 
| 246|0x000000070f600000, 0x000000070f700000, 0x000000070f700000|100%| E|CS|TAMS 0x000000070f600000, 0x000000070f600000| Complete 
| 247|0x000000070f700000, 0x000000070f800000, 0x000000070f800000|100%| E|CS|TAMS 0x000000070f700000, 0x000000070f700000| Complete 
| 248|0x000000070f800000, 0x000000070f900000, 0x000000070f900000|100%| E|CS|TAMS 0x000000070f800000, 0x000000070f800000| Complete 
| 249|0x000000070f900000, 0x000000070fa00000, 0x000000070fa00000|100%| E|CS|TAMS 0x000000070f900000, 0x000000070f900000| Complete 
| 250|0x000000070fa00000, 0x000000070fb00000, 0x000000070fb00000|100%| E|CS|TAMS 0x000000070fa00000, 0x000000070fa00000| Complete 
| 251|0x000000070fb00000, 0x000000070fc00000, 0x000000070fc00000|100%| E|CS|TAMS 0x000000070fb00000, 0x000000070fb00000| Complete 
| 252|0x000000070fc00000, 0x000000070fd00000, 0x000000070fd00000|100%| E|CS|TAMS 0x000000070fc00000, 0x000000070fc00000| Complete 
| 253|0x000000070fd00000, 0x000000070fe00000, 0x000000070fe00000|100%| E|CS|TAMS 0x000000070fd00000, 0x000000070fd00000| Complete 
| 254|0x000000070fe00000, 0x000000070ff00000, 0x000000070ff00000|100%| E|CS|TAMS 0x000000070fe00000, 0x000000070fe00000| Complete 
| 255|0x000000070ff00000, 0x0000000710000000, 0x0000000710000000|100%| E|CS|TAMS 0x000000070ff00000, 0x000000070ff00000| Complete 
| 256|0x0000000710000000, 0x0000000710100000, 0x0000000710100000|100%| E|CS|TAMS 0x0000000710000000, 0x0000000710000000| Complete 
| 257|0x0000000710100000, 0x0000000710200000, 0x0000000710200000|100%| E|CS|TAMS 0x0000000710100000, 0x0000000710100000| Complete 
| 258|0x0000000710200000, 0x0000000710300000, 0x0000000710300000|100%| E|CS|TAMS 0x0000000710200000, 0x0000000710200000| Complete 
| 259|0x0000000710300000, 0x0000000710400000, 0x0000000710400000|100%| E|CS|TAMS 0x0000000710300000, 0x0000000710300000| Complete 
| 260|0x0000000710400000, 0x0000000710500000, 0x0000000710500000|100%| E|CS|TAMS 0x0000000710400000, 0x0000000710400000| Complete 
| 261|0x0000000710500000, 0x0000000710600000, 0x0000000710600000|100%| E|CS|TAMS 0x0000000710500000, 0x0000000710500000| Complete 
| 262|0x0000000710600000, 0x0000000710700000, 0x0000000710700000|100%| E|CS|TAMS 0x0000000710600000, 0x0000000710600000| Complete 
| 263|0x0000000710700000, 0x0000000710800000, 0x0000000710800000|100%| E|CS|TAMS 0x0000000710700000, 0x0000000710700000| Complete 
| 264|0x0000000710800000, 0x0000000710900000, 0x0000000710900000|100%| E|CS|TAMS 0x0000000710800000, 0x0000000710800000| Complete 
| 265|0x0000000710900000, 0x0000000710a00000, 0x0000000710a00000|100%| E|CS|TAMS 0x0000000710900000, 0x0000000710900000| Complete 
| 266|0x0000000710a00000, 0x0000000710b00000, 0x0000000710b00000|100%| E|CS|TAMS 0x0000000710a00000, 0x0000000710a00000| Complete 
| 267|0x0000000710b00000, 0x0000000710c00000, 0x0000000710c00000|100%| E|CS|TAMS 0x0000000710b00000, 0x0000000710b00000| Complete 
| 268|0x0000000710c00000, 0x0000000710d00000, 0x0000000710d00000|100%| E|CS|TAMS 0x0000000710c00000, 0x0000000710c00000| Complete 
| 269|0x0000000710d00000, 0x0000000710e00000, 0x0000000710e00000|100%| E|CS|TAMS 0x0000000710d00000, 0x0000000710d00000| Complete 
| 270|0x0000000710e00000, 0x0000000710f00000, 0x0000000710f00000|100%| E|CS|TAMS 0x0000000710e00000, 0x0000000710e00000| Complete 
| 271|0x0000000710f00000, 0x0000000711000000, 0x0000000711000000|100%| E|CS|TAMS 0x0000000710f00000, 0x0000000710f00000| Complete 
| 272|0x0000000711000000, 0x0000000711100000, 0x0000000711100000|100%| E|CS|TAMS 0x0000000711000000, 0x0000000711000000| Complete 
| 273|0x0000000711100000, 0x0000000711200000, 0x0000000711200000|100%| E|CS|TAMS 0x0000000711100000, 0x0000000711100000| Complete 
| 274|0x0000000711200000, 0x0000000711300000, 0x0000000711300000|100%| E|CS|TAMS 0x0000000711200000, 0x0000000711200000| Complete 
| 275|0x0000000711300000, 0x0000000711400000, 0x0000000711400000|100%| E|CS|TAMS 0x0000000711300000, 0x0000000711300000| Complete 
| 276|0x0000000711400000, 0x0000000711500000, 0x0000000711500000|100%| E|CS|TAMS 0x0000000711400000, 0x0000000711400000| Complete 
| 277|0x0000000711500000, 0x0000000711600000, 0x0000000711600000|100%| E|CS|TAMS 0x0000000711500000, 0x0000000711500000| Complete 
| 278|0x0000000711600000, 0x0000000711700000, 0x0000000711700000|100%| E|CS|TAMS 0x0000000711600000, 0x0000000711600000| Complete 
| 279|0x0000000711700000, 0x0000000711800000, 0x0000000711800000|100%| E|CS|TAMS 0x0000000711700000, 0x0000000711700000| Complete 
| 280|0x0000000711800000, 0x0000000711900000, 0x0000000711900000|100%| E|CS|TAMS 0x0000000711800000, 0x0000000711800000| Complete 
| 281|0x0000000711900000, 0x0000000711a00000, 0x0000000711a00000|100%| E|CS|TAMS 0x0000000711900000, 0x0000000711900000| Complete 
| 282|0x0000000711a00000, 0x0000000711b00000, 0x0000000711b00000|100%| E|CS|TAMS 0x0000000711a00000, 0x0000000711a00000| Complete 
| 283|0x0000000711b00000, 0x0000000711c00000, 0x0000000711c00000|100%| E|CS|TAMS 0x0000000711b00000, 0x0000000711b00000| Complete 
| 284|0x0000000711c00000, 0x0000000711d00000, 0x0000000711d00000|100%| E|CS|TAMS 0x0000000711c00000, 0x0000000711c00000| Complete 
| 285|0x0000000711d00000, 0x0000000711e00000, 0x0000000711e00000|100%| E|CS|TAMS 0x0000000711d00000, 0x0000000711d00000| Complete 
| 286|0x0000000711e00000, 0x0000000711f00000, 0x0000000711f00000|100%| E|CS|TAMS 0x0000000711e00000, 0x0000000711e00000| Complete 
| 287|0x0000000711f00000, 0x0000000712000000, 0x0000000712000000|100%| E|CS|TAMS 0x0000000711f00000, 0x0000000711f00000| Complete 
| 288|0x0000000712000000, 0x0000000712100000, 0x0000000712100000|100%| E|CS|TAMS 0x0000000712000000, 0x0000000712000000| Complete 
| 289|0x0000000712100000, 0x0000000712200000, 0x0000000712200000|100%| E|CS|TAMS 0x0000000712100000, 0x0000000712100000| Complete 
| 290|0x0000000712200000, 0x0000000712300000, 0x0000000712300000|100%| E|CS|TAMS 0x0000000712200000, 0x0000000712200000| Complete 
| 291|0x0000000712300000, 0x0000000712400000, 0x0000000712400000|100%| E|CS|TAMS 0x0000000712300000, 0x0000000712300000| Complete 
| 292|0x0000000712400000, 0x0000000712500000, 0x0000000712500000|100%| E|CS|TAMS 0x0000000712400000, 0x0000000712400000| Complete 
| 293|0x0000000712500000, 0x0000000712600000, 0x0000000712600000|100%| E|CS|TAMS 0x0000000712500000, 0x0000000712500000| Complete 
| 294|0x0000000712600000, 0x0000000712700000, 0x0000000712700000|100%| E|CS|TAMS 0x0000000712600000, 0x0000000712600000| Complete 
| 295|0x0000000712700000, 0x0000000712800000, 0x0000000712800000|100%| E|CS|TAMS 0x0000000712700000, 0x0000000712700000| Complete 
| 296|0x0000000712800000, 0x0000000712900000, 0x0000000712900000|100%| E|CS|TAMS 0x0000000712800000, 0x0000000712800000| Complete 
| 297|0x0000000712900000, 0x0000000712a00000, 0x0000000712a00000|100%| E|CS|TAMS 0x0000000712900000, 0x0000000712900000| Complete 
| 298|0x0000000712a00000, 0x0000000712b00000, 0x0000000712b00000|100%| E|CS|TAMS 0x0000000712a00000, 0x0000000712a00000| Complete 
| 299|0x0000000712b00000, 0x0000000712c00000, 0x0000000712c00000|100%| E|CS|TAMS 0x0000000712b00000, 0x0000000712b00000| Complete 
| 300|0x0000000712c00000, 0x0000000712d00000, 0x0000000712d00000|100%| E|CS|TAMS 0x0000000712c00000, 0x0000000712c00000| Complete 
| 301|0x0000000712d00000, 0x0000000712e00000, 0x0000000712e00000|100%| E|CS|TAMS 0x0000000712d00000, 0x0000000712d00000| Complete 
| 302|0x0000000712e00000, 0x0000000712f00000, 0x0000000712f00000|100%| E|CS|TAMS 0x0000000712e00000, 0x0000000712e00000| Complete 
| 303|0x0000000712f00000, 0x0000000713000000, 0x0000000713000000|100%| E|CS|TAMS 0x0000000712f00000, 0x0000000712f00000| Complete 
| 304|0x0000000713000000, 0x0000000713100000, 0x0000000713100000|100%| E|CS|TAMS 0x0000000713000000, 0x0000000713000000| Complete 
| 305|0x0000000713100000, 0x0000000713200000, 0x0000000713200000|100%| E|CS|TAMS 0x0000000713100000, 0x0000000713100000| Complete 
| 306|0x0000000713200000, 0x0000000713300000, 0x0000000713300000|100%| E|CS|TAMS 0x0000000713200000, 0x0000000713200000| Complete 
| 307|0x0000000713300000, 0x0000000713400000, 0x0000000713400000|100%| E|CS|TAMS 0x0000000713300000, 0x0000000713300000| Complete 
| 308|0x0000000713400000, 0x0000000713500000, 0x0000000713500000|100%| E|CS|TAMS 0x0000000713400000, 0x0000000713400000| Complete 
| 309|0x0000000713500000, 0x0000000713600000, 0x0000000713600000|100%| E|CS|TAMS 0x0000000713500000, 0x0000000713500000| Complete 
| 310|0x0000000713600000, 0x0000000713700000, 0x0000000713700000|100%| E|CS|TAMS 0x0000000713600000, 0x0000000713600000| Complete 
| 311|0x0000000713700000, 0x0000000713800000, 0x0000000713800000|100%| E|CS|TAMS 0x0000000713700000, 0x0000000713700000| Complete 
| 312|0x0000000713800000, 0x0000000713900000, 0x0000000713900000|100%| E|CS|TAMS 0x0000000713800000, 0x0000000713800000| Complete 
| 313|0x0000000713900000, 0x0000000713a00000, 0x0000000713a00000|100%| E|CS|TAMS 0x0000000713900000, 0x0000000713900000| Complete 
| 314|0x0000000713a00000, 0x0000000713b00000, 0x0000000713b00000|100%| E|CS|TAMS 0x0000000713a00000, 0x0000000713a00000| Complete 
| 315|0x0000000713b00000, 0x0000000713c00000, 0x0000000713c00000|100%| E|CS|TAMS 0x0000000713b00000, 0x0000000713b00000| Complete 
| 316|0x0000000713c00000, 0x0000000713d00000, 0x0000000713d00000|100%| E|CS|TAMS 0x0000000713c00000, 0x0000000713c00000| Complete 
| 317|0x0000000713d00000, 0x0000000713e00000, 0x0000000713e00000|100%| E|CS|TAMS 0x0000000713d00000, 0x0000000713d00000| Complete 
| 318|0x0000000713e00000, 0x0000000713f00000, 0x0000000713f00000|100%| E|CS|TAMS 0x0000000713e00000, 0x0000000713e00000| Complete 
| 319|0x0000000713f00000, 0x0000000714000000, 0x0000000714000000|100%| E|CS|TAMS 0x0000000713f00000, 0x0000000713f00000| Complete 
| 320|0x0000000714000000, 0x0000000714100000, 0x0000000714100000|100%| E|CS|TAMS 0x0000000714000000, 0x0000000714000000| Complete 
| 321|0x0000000714100000, 0x0000000714200000, 0x0000000714200000|100%| E|CS|TAMS 0x0000000714100000, 0x0000000714100000| Complete 
| 322|0x0000000714200000, 0x0000000714300000, 0x0000000714300000|100%| E|CS|TAMS 0x0000000714200000, 0x0000000714200000| Complete 
| 323|0x0000000714300000, 0x0000000714400000, 0x0000000714400000|100%| E|CS|TAMS 0x0000000714300000, 0x0000000714300000| Complete 
| 324|0x0000000714400000, 0x0000000714500000, 0x0000000714500000|100%| E|CS|TAMS 0x0000000714400000, 0x0000000714400000| Complete 
| 325|0x0000000714500000, 0x0000000714600000, 0x0000000714600000|100%| E|CS|TAMS 0x0000000714500000, 0x0000000714500000| Complete 
| 326|0x0000000714600000, 0x0000000714700000, 0x0000000714700000|100%| E|CS|TAMS 0x0000000714600000, 0x0000000714600000| Complete 
| 327|0x0000000714700000, 0x0000000714800000, 0x0000000714800000|100%| E|CS|TAMS 0x0000000714700000, 0x0000000714700000| Complete 
| 328|0x0000000714800000, 0x0000000714900000, 0x0000000714900000|100%| E|CS|TAMS 0x0000000714800000, 0x0000000714800000| Complete 
| 329|0x0000000714900000, 0x0000000714a00000, 0x0000000714a00000|100%| E|CS|TAMS 0x0000000714900000, 0x0000000714900000| Complete 
| 330|0x0000000714a00000, 0x0000000714b00000, 0x0000000714b00000|100%| E|CS|TAMS 0x0000000714a00000, 0x0000000714a00000| Complete 
| 331|0x0000000714b00000, 0x0000000714c00000, 0x0000000714c00000|100%| E|CS|TAMS 0x0000000714b00000, 0x0000000714b00000| Complete 
| 332|0x0000000714c00000, 0x0000000714d00000, 0x0000000714d00000|100%| E|CS|TAMS 0x0000000714c00000, 0x0000000714c00000| Complete 
| 333|0x0000000714d00000, 0x0000000714e00000, 0x0000000714e00000|100%| E|CS|TAMS 0x0000000714d00000, 0x0000000714d00000| Complete 
| 334|0x0000000714e00000, 0x0000000714f00000, 0x0000000714f00000|100%| E|CS|TAMS 0x0000000714e00000, 0x0000000714e00000| Complete 
| 335|0x0000000714f00000, 0x0000000715000000, 0x0000000715000000|100%| E|CS|TAMS 0x0000000714f00000, 0x0000000714f00000| Complete 
| 336|0x0000000715000000, 0x0000000715100000, 0x0000000715100000|100%| E|CS|TAMS 0x0000000715000000, 0x0000000715000000| Complete 
| 337|0x0000000715100000, 0x0000000715200000, 0x0000000715200000|100%| E|CS|TAMS 0x0000000715100000, 0x0000000715100000| Complete 
| 338|0x0000000715200000, 0x0000000715300000, 0x0000000715300000|100%| E|CS|TAMS 0x0000000715200000, 0x0000000715200000| Complete 
| 339|0x0000000715300000, 0x0000000715400000, 0x0000000715400000|100%| E|CS|TAMS 0x0000000715300000, 0x0000000715300000| Complete 
| 340|0x0000000715400000, 0x0000000715500000, 0x0000000715500000|100%| E|CS|TAMS 0x0000000715400000, 0x0000000715400000| Complete 
| 341|0x0000000715500000, 0x0000000715600000, 0x0000000715600000|100%| E|CS|TAMS 0x0000000715500000, 0x0000000715500000| Complete 
| 342|0x0000000715600000, 0x0000000715700000, 0x0000000715700000|100%| E|CS|TAMS 0x0000000715600000, 0x0000000715600000| Complete 
| 343|0x0000000715700000, 0x0000000715800000, 0x0000000715800000|100%| E|CS|TAMS 0x0000000715700000, 0x0000000715700000| Complete 
| 344|0x0000000715800000, 0x0000000715900000, 0x0000000715900000|100%| E|CS|TAMS 0x0000000715800000, 0x0000000715800000| Complete 
| 345|0x0000000715900000, 0x0000000715a00000, 0x0000000715a00000|100%| E|CS|TAMS 0x0000000715900000, 0x0000000715900000| Complete 
| 346|0x0000000715a00000, 0x0000000715b00000, 0x0000000715b00000|100%| E|CS|TAMS 0x0000000715a00000, 0x0000000715a00000| Complete 
| 347|0x0000000715b00000, 0x0000000715c00000, 0x0000000715c00000|100%| E|CS|TAMS 0x0000000715b00000, 0x0000000715b00000| Complete 
| 348|0x0000000715c00000, 0x0000000715d00000, 0x0000000715d00000|100%| E|CS|TAMS 0x0000000715c00000, 0x0000000715c00000| Complete 
| 349|0x0000000715d00000, 0x0000000715e00000, 0x0000000715e00000|100%| E|CS|TAMS 0x0000000715d00000, 0x0000000715d00000| Complete 
| 350|0x0000000715e00000, 0x0000000715f00000, 0x0000000715f00000|100%| E|CS|TAMS 0x0000000715e00000, 0x0000000715e00000| Complete 
| 351|0x0000000715f00000, 0x0000000716000000, 0x0000000716000000|100%| E|CS|TAMS 0x0000000715f00000, 0x0000000715f00000| Complete 
| 352|0x0000000716000000, 0x0000000716100000, 0x0000000716100000|100%| E|CS|TAMS 0x0000000716000000, 0x0000000716000000| Complete 
| 353|0x0000000716100000, 0x0000000716200000, 0x0000000716200000|100%| E|CS|TAMS 0x0000000716100000, 0x0000000716100000| Complete 
| 354|0x0000000716200000, 0x0000000716300000, 0x0000000716300000|100%| E|CS|TAMS 0x0000000716200000, 0x0000000716200000| Complete 
| 355|0x0000000716300000, 0x0000000716400000, 0x0000000716400000|100%| E|CS|TAMS 0x0000000716300000, 0x0000000716300000| Complete 
| 356|0x0000000716400000, 0x0000000716500000, 0x0000000716500000|100%| E|CS|TAMS 0x0000000716400000, 0x0000000716400000| Complete 
| 357|0x0000000716500000, 0x0000000716600000, 0x0000000716600000|100%| E|CS|TAMS 0x0000000716500000, 0x0000000716500000| Complete 
| 358|0x0000000716600000, 0x0000000716700000, 0x0000000716700000|100%| E|CS|TAMS 0x0000000716600000, 0x0000000716600000| Complete 
| 359|0x0000000716700000, 0x0000000716800000, 0x0000000716800000|100%| E|CS|TAMS 0x0000000716700000, 0x0000000716700000| Complete 
| 360|0x0000000716800000, 0x0000000716900000, 0x0000000716900000|100%| E|CS|TAMS 0x0000000716800000, 0x0000000716800000| Complete 
| 361|0x0000000716900000, 0x0000000716a00000, 0x0000000716a00000|100%| E|CS|TAMS 0x0000000716900000, 0x0000000716900000| Complete 
| 362|0x0000000716a00000, 0x0000000716b00000, 0x0000000716b00000|100%| E|CS|TAMS 0x0000000716a00000, 0x0000000716a00000| Complete 
| 363|0x0000000716b00000, 0x0000000716c00000, 0x0000000716c00000|100%| E|CS|TAMS 0x0000000716b00000, 0x0000000716b00000| Complete 
| 364|0x0000000716c00000, 0x0000000716d00000, 0x0000000716d00000|100%| E|CS|TAMS 0x0000000716c00000, 0x0000000716c00000| Complete 
| 365|0x0000000716d00000, 0x0000000716e00000, 0x0000000716e00000|100%| E|CS|TAMS 0x0000000716d00000, 0x0000000716d00000| Complete 
| 366|0x0000000716e00000, 0x0000000716f00000, 0x0000000716f00000|100%| E|CS|TAMS 0x0000000716e00000, 0x0000000716e00000| Complete 
| 367|0x0000000716f00000, 0x0000000717000000, 0x0000000717000000|100%| E|CS|TAMS 0x0000000716f00000, 0x0000000716f00000| Complete 
| 368|0x0000000717000000, 0x0000000717100000, 0x0000000717100000|100%| E|CS|TAMS 0x0000000717000000, 0x0000000717000000| Complete 
| 369|0x0000000717100000, 0x0000000717200000, 0x0000000717200000|100%| E|CS|TAMS 0x0000000717100000, 0x0000000717100000| Complete 

Card table byte_map: [0x0000025bf65f0000,0x0000025bf6df0000] _byte_map_base: 0x0000025bf2df0000

Marking Bits (Prev, Next): (CMBitMap*) 0x0000025bf02f2dc8, (CMBitMap*) 0x0000025bf02f2e00
 Prev Bits: [0x0000025bf75f0000, 0x0000025bfb5f0000)
 Next Bits: [0x0000025bfb5f0000, 0x0000025bff5f0000)

Polling page: 0x0000025bf0130000

Metaspace:

Usage:
  Non-class:    101.53 MB capacity,    99.57 MB ( 98%) used,     1.70 MB (  2%) free+waste,   266.38 KB ( <1%) overhead. 
      Class:     14.51 MB capacity,    13.51 MB ( 93%) used,   911.28 KB (  6%) free+waste,   117.63 KB ( <1%) overhead. 
       Both:    116.04 MB capacity,   113.08 MB ( 97%) used,     2.59 MB (  2%) free+waste,   384.00 KB ( <1%) overhead. 

Virtual space:
  Non-class space:      102.00 MB reserved,     101.71 MB (>99%) committed 
      Class space:        1.00 GB reserved,      14.57 MB (  1%) committed 
             Both:        1.10 GB reserved,     116.29 MB ( 10%) committed 

Chunk freelists:
   Non-Class:  54.00 KB
       Class:  20.00 KB
        Both:  74.00 KB

MaxMetaspaceSize: 17179869184.00 GB
CompressedClassSpaceSize: 1.00 GB

CodeHeap 'non-profiled nmethods': size=120064Kb used=10217Kb max_used=11044Kb free=109846Kb
 bounds [0x0000025b87ac0000, 0x0000025b88590000, 0x0000025b8f000000]
CodeHeap 'profiled nmethods': size=120000Kb used=41917Kb max_used=43903Kb free=78082Kb
 bounds [0x0000025b80590000, 0x0000025b83090000, 0x0000025b87ac0000]
CodeHeap 'non-nmethods': size=5696Kb used=2337Kb max_used=2391Kb free=3358Kb
 bounds [0x0000025b80000000, 0x0000025b80270000, 0x0000025b80590000]
 total_blobs=16890 nmethods=15946 adapters=854
 compilation: enabled
              stopped_count=0, restarted_count=0
 full_count=0

Compilation events (20 events):
Event: 158.065 Thread 0x0000025b918d8000 nmethod 17393% 0x0000025b87c7f510 code [0x0000025b87c7f6c0, 0x0000025b87c7fde8]
Event: 158.065 Thread 0x0000025b918d8000 17400   !   4       com.sun.tools.javac.parser.JavaTokenizer::readToken (2179 bytes)
Event: 158.080 Thread 0x0000025b918dd000 17402       2       com.sun.tools.javac.parser.JavadocTokenizer$DocReader::scanCommentChar (65 bytes)
Event: 158.080 Thread 0x0000025b918dd000 nmethod 17402 0x0000025b80baa110 code [0x0000025b80baa2e0, 0x0000025b80baa4b8]
Event: 158.080 Thread 0x0000025b918dd000 17403       2       com.sun.tools.javac.parser.JavadocTokenizer$DocReader::scanChar (155 bytes)
Event: 158.080 Thread 0x0000025b918dd000 nmethod 17403 0x0000025b80ba9b90 code [0x0000025b80ba9d60, 0x0000025b80ba9fa8]
Event: 158.080 Thread 0x0000025b918dd000 17404   !   3       com.sun.tools.javac.parser.JavadocTokenizer$JavadocComment::scanDocComment (1130 bytes)
Event: 158.082 Thread 0x0000025b918dd000 nmethod 17404 0x0000025b81274010 code [0x0000025b81274800, 0x0000025b8127ace8]
Event: 158.082 Thread 0x0000025b918dd000 17405       2       com.sun.tools.javac.util.ArrayUtils::calculateNewLength (16 bytes)
Event: 158.082 Thread 0x0000025b918dd000 nmethod 17405 0x0000025b80a37810 code [0x0000025b80a379c0, 0x0000025b80a37af8]
Event: 158.130 Thread 0x0000025b918dd000 17410       2       com.sun.tools.javac.parser.UnicodeReader::convertUnicode (220 bytes)
Event: 158.131 Thread 0x0000025b918dd000 nmethod 17410 0x0000025b80bcb910 code [0x0000025b80bcbb40, 0x0000025b80bcc128]
Event: 158.131 Thread 0x0000025b918dd000 17411       2       com.sun.tools.javac.parser.JavadocTokenizer$DocReader::convertUnicode (246 bytes)
Event: 158.131 Thread 0x0000025b918dd000 nmethod 17411 0x0000025b80c02a90 code [0x0000025b80c02c60, 0x0000025b80c02ff8]
Event: 158.149 Thread 0x0000025b918dd000 17412       2       java.util.BitSet::<init> (56 bytes)
Event: 158.149 Thread 0x0000025b918dd000 nmethod 17412 0x0000025b80c19290 code [0x0000025b80c194a0, 0x0000025b80c19a18]
Event: 158.162 Thread 0x0000025b918dd000 17415       3       javax.lang.model.SourceVersion::isIdentifier (71 bytes)
Event: 158.162 Thread 0x0000025b918dd000 nmethod 17415 0x0000025b80d64090 code [0x0000025b80d64320, 0x0000025b80d64d08]
Event: 158.167 Thread 0x0000025b918dd000 17416       2       java.util.LinkedHashMap$LinkedKeySet::size (8 bytes)
Event: 158.167 Thread 0x0000025b918dd000 nmethod 17416 0x0000025b80a3fa90 code [0x0000025b80a3fc40, 0x0000025b80a3fd38]

GC Heap History (20 events):
Event: 5.980 GC heap after
{Heap after GC invocations=10 (full 0):
 garbage-first heap   total 315392K, used 59455K [0x0000000700000000, 0x0000000800000000)
  region size 1024K, 16 young (16384K), 16 survivors (16384K)
 Metaspace       used 72680K, capacity 74567K, committed 74752K, reserved 1114112K
  class space    used 9279K, capacity 9896K, committed 9984K, reserved 1048576K
}
Event: 7.510 GC heap before
{Heap before GC invocations=10 (full 0):
 garbage-first heap   total 315392K, used 225343K [0x0000000700000000, 0x0000000800000000)
  region size 1024K, 178 young (182272K), 16 survivors (16384K)
 Metaspace       used 81455K, capacity 83620K, committed 83840K, reserved 1122304K
  class space    used 10222K, capacity 10871K, committed 10880K, reserved 1048576K
}
Event: 7.521 GC heap after
{Heap after GC invocations=11 (full 0):
 garbage-first heap   total 315392K, used 67035K [0x0000000700000000, 0x0000000800000000)
  region size 1024K, 8 young (8192K), 8 survivors (8192K)
 Metaspace       used 81455K, capacity 83620K, committed 83840K, reserved 1122304K
  class space    used 10222K, capacity 10871K, committed 10880K, reserved 1048576K
}
Event: 8.112 GC heap before
{Heap before GC invocations=11 (full 0):
 garbage-first heap   total 315392K, used 235995K [0x0000000700000000, 0x0000000800000000)
  region size 1024K, 173 young (177152K), 8 survivors (8192K)
 Metaspace       used 81581K, capacity 83716K, committed 83840K, reserved 1122304K
  class space    used 10225K, capacity 10876K, committed 10880K, reserved 1048576K
}
Event: 8.116 GC heap after
{Heap after GC invocations=12 (full 0):
 garbage-first heap   total 378880K, used 65308K [0x0000000700000000, 0x0000000800000000)
  region size 1024K, 7 young (7168K), 7 survivors (7168K)
 Metaspace       used 81581K, capacity 83716K, committed 83840K, reserved 1122304K
  class space    used 10225K, capacity 10876K, committed 10880K, reserved 1048576K
}
Event: 9.328 GC heap before
{Heap before GC invocations=12 (full 0):
 garbage-first heap   total 378880K, used 270108K [0x0000000700000000, 0x0000000800000000)
  region size 1024K, 208 young (212992K), 7 survivors (7168K)
 Metaspace       used 87437K, capacity 89843K, committed 90112K, reserved 1128448K
  class space    used 10925K, capacity 11696K, committed 11776K, reserved 1048576K
}
Event: 9.333 GC heap after
{Heap after GC invocations=13 (full 0):
 garbage-first heap   total 378880K, used 69977K [0x0000000700000000, 0x0000000800000000)
  region size 1024K, 11 young (11264K), 11 survivors (11264K)
 Metaspace       used 87437K, capacity 89843K, committed 90112K, reserved 1128448K
  class space    used 10925K, capacity 11696K, committed 11776K, reserved 1048576K
}
Event: 10.810 GC heap before
{Heap before GC invocations=13 (full 0):
 garbage-first heap   total 378880K, used 288089K [0x0000000700000000, 0x0000000800000000)
  region size 1024K, 222 young (227328K), 11 survivors (11264K)
 Metaspace       used 92603K, capacity 95079K, committed 95360K, reserved 1132544K
  class space    used 11541K, capacity 12382K, committed 12416K, reserved 1048576K
}
Event: 10.827 GC heap after
{Heap after GC invocations=14 (full 0):
 garbage-first heap   total 378880K, used 94100K [0x0000000700000000, 0x0000000800000000)
  region size 1024K, 28 young (28672K), 28 survivors (28672K)
 Metaspace       used 92603K, capacity 95079K, committed 95360K, reserved 1132544K
  class space    used 11541K, capacity 12382K, committed 12416K, reserved 1048576K
}
Event: 11.954 GC heap before
{Heap before GC invocations=14 (full 0):
 garbage-first heap   total 378880K, used 198548K [0x0000000700000000, 0x0000000800000000)
  region size 1024K, 129 young (132096K), 28 survivors (28672K)
 Metaspace       used 98061K, capacity 100649K, committed 100696K, reserved 1136640K
  class space    used 12056K, capacity 12927K, committed 12928K, reserved 1048576K
}
Event: 12.010 GC heap after
{Heap after GC invocations=15 (full 0):
 garbage-first heap   total 378880K, used 118404K [0x0000000700000000, 0x0000000800000000)
  region size 1024K, 20 young (20480K), 20 survivors (20480K)
 Metaspace       used 98061K, capacity 100649K, committed 100696K, reserved 1136640K
  class space    used 12056K, capacity 12927K, committed 12928K, reserved 1048576K
}
Event: 146.747 GC heap before
{Heap before GC invocations=16 (full 0):
 garbage-first heap   total 378880K, used 267908K [0x0000000700000000, 0x0000000800000000)
  region size 1024K, 157 young (160768K), 20 survivors (20480K)
 Metaspace       used 105303K, capacity 108152K, committed 108196K, reserved 1144832K
  class space    used 12773K, capacity 13743K, committed 13772K, reserved 1048576K
}
Event: 146.757 GC heap after
{Heap after GC invocations=17 (full 0):
 garbage-first heap   total 378880K, used 130048K [0x0000000700000000, 0x0000000800000000)
  region size 1024K, 11 young (11264K), 11 survivors (11264K)
 Metaspace       used 105303K, capacity 108152K, committed 108196K, reserved 1144832K
  class space    used 12773K, capacity 13743K, committed 13772K, reserved 1048576K
}
Event: 147.615 GC heap before
{Heap before GC invocations=17 (full 0):
 garbage-first heap   total 378880K, used 269312K [0x0000000700000000, 0x0000000800000000)
  region size 1024K, 148 young (151552K), 11 survivors (11264K)
 Metaspace       used 112220K, capacity 115271K, committed 115364K, reserved 1150976K
  class space    used 13482K, capacity 14494K, committed 14540K, reserved 1048576K
}
Event: 147.624 GC heap after
{Heap after GC invocations=18 (full 0):
 garbage-first heap   total 378880K, used 136351K [0x0000000700000000, 0x0000000800000000)
  region size 1024K, 7 young (7168K), 7 survivors (7168K)
 Metaspace       used 112220K, capacity 115271K, committed 115364K, reserved 1150976K
  class space    used 13482K, capacity 14494K, committed 14540K, reserved 1048576K
}
Event: 148.218 GC heap before
{Heap before GC invocations=18 (full 0):
 garbage-first heap   total 378880K, used 278687K [0x0000000700000000, 0x0000000800000000)
  region size 1024K, 146 young (149504K), 7 survivors (7168K)
 Metaspace       used 112323K, capacity 115360K, committed 115620K, reserved 1150976K
  class space    used 13485K, capacity 14498K, committed 14540K, reserved 1048576K
}
Event: 148.221 GC heap after
{Heap after GC invocations=19 (full 0):
 garbage-first heap   total 378880K, used 134824K [0x0000000700000000, 0x0000000800000000)
  region size 1024K, 5 young (5120K), 5 survivors (5120K)
 Metaspace       used 112323K, capacity 115360K, committed 115620K, reserved 1150976K
  class space    used 13485K, capacity 14498K, committed 14540K, reserved 1048576K
}
Event: 148.959 GC heap before
{Heap before GC invocations=19 (full 0):
 garbage-first heap   total 378880K, used 284328K [0x0000000700000000, 0x0000000800000000)
  region size 1024K, 152 young (155648K), 5 survivors (5120K)
 Metaspace       used 113627K, capacity 116641K, committed 116772K, reserved 1150976K
  class space    used 13604K, capacity 14616K, committed 14668K, reserved 1048576K
}
Event: 148.963 GC heap after
{Heap after GC invocations=20 (full 0):
 garbage-first heap   total 378880K, used 135913K [0x0000000700000000, 0x0000000800000000)
  region size 1024K, 6 young (6144K), 6 survivors (6144K)
 Metaspace       used 113627K, capacity 116641K, committed 116772K, reserved 1150976K
  class space    used 13604K, capacity 14616K, committed 14668K, reserved 1048576K
}
Event: 158.167 GC heap before
{Heap before GC invocations=20 (full 0):
 garbage-first heap   total 378880K, used 309993K [0x0000000700000000, 0x0000000800000000)
  region size 1024K, 158 young (161792K), 6 survivors (6144K)
 Metaspace       used 115789K, capacity 118830K, committed 119076K, reserved 1153024K
  class space    used 13831K, capacity 14860K, committed 14924K, reserved 1048576K
}

Deoptimization events (20 events):
Event: 158.079 Thread 0x0000025b95bac000 Uncommon trap: trap_request=0xffffff4d fr.pc=0x0000025b87c81840 relative=0x0000000000000100
Event: 158.079 Thread 0x0000025b95bac000 Uncommon trap: reason=unstable_if action=reinterpret pc=0x0000025b87c81840 method=com.sun.tools.javac.parser.JavadocTokenizer$DocReader.scanChar()V @ 27 c2
Event: 158.079 Thread 0x0000025b95bac000 DEOPT PACKING pc=0x0000025b87c81840 sp=0x0000008ef8ef9ff0
Event: 158.080 Thread 0x0000025b95bac000 DEOPT UNPACKING pc=0x0000025b800268af sp=0x0000008ef8ef9f38 mode 2
Event: 158.080 Thread 0x0000025b95bac000 Uncommon trap: trap_request=0xffffff4d fr.pc=0x0000025b87bfba94 relative=0x00000000000000d4
Event: 158.080 Thread 0x0000025b95bac000 Uncommon trap: reason=unstable_if action=reinterpret pc=0x0000025b87bfba94 method=com.sun.tools.javac.parser.JavadocTokenizer$DocReader.scanChar()V @ 27 c2
Event: 158.080 Thread 0x0000025b95bac000 DEOPT PACKING pc=0x0000025b87bfba94 sp=0x0000008ef8ef9f90
Event: 158.080 Thread 0x0000025b95bac000 DEOPT UNPACKING pc=0x0000025b800268af sp=0x0000008ef8ef9f30 mode 2
Event: 158.080 Thread 0x0000025b95bac000 DEOPT PACKING pc=0x0000025b80a6967e sp=0x0000008ef8efa030
Event: 158.080 Thread 0x0000025b95bac000 DEOPT UNPACKING pc=0x0000025b8002705e sp=0x0000008ef8ef9580 mode 0
Event: 158.081 Thread 0x0000025b95bac000 DEOPT PACKING pc=0x0000025b80a6967e sp=0x0000008ef8efa030
Event: 158.081 Thread 0x0000025b95bac000 DEOPT UNPACKING pc=0x0000025b8002705e sp=0x0000008ef8ef9580 mode 0
Event: 158.150 Thread 0x0000025b95bac000 Uncommon trap: trap_request=0xfffffff4 fr.pc=0x0000025b882d2ef0 relative=0x0000000000000490
Event: 158.150 Thread 0x0000025b95bac000 Uncommon trap: reason=null_check action=make_not_entrant pc=0x0000025b882d2ef0 method=com.sun.tools.javac.file.JavacFileManager.getContainer(Ljava/nio/file/Path;)Lcom/sun/tools/javac/file/JavacFileManager$Container; @ 10 c2
Event: 158.150 Thread 0x0000025b95bac000 DEOPT PACKING pc=0x0000025b882d2ef0 sp=0x0000008ef8efa500
Event: 158.150 Thread 0x0000025b95bac000 DEOPT UNPACKING pc=0x0000025b800268af sp=0x0000008ef8efa4b0 mode 2
Event: 158.154 Thread 0x0000025b95bac000 Uncommon trap: trap_request=0xffffff4d fr.pc=0x0000025b882cf700 relative=0x0000000000000220
Event: 158.154 Thread 0x0000025b95bac000 Uncommon trap: reason=unstable_if action=reinterpret pc=0x0000025b882cf700 method=javax.lang.model.SourceVersion.isIdentifier(Ljava/lang/CharSequence;)Z @ 54 c2
Event: 158.154 Thread 0x0000025b95bac000 DEOPT PACKING pc=0x0000025b882cf700 sp=0x0000008ef8efa1b0
Event: 158.154 Thread 0x0000025b95bac000 DEOPT UNPACKING pc=0x0000025b800268af sp=0x0000008ef8efa150 mode 2

Classes redefined (0 events):
No events

Internal exceptions (20 events):
Event: 147.171 Thread 0x0000025b95bb2000 Exception <a 'java/lang/ClassNotFoundException'{0x00000007133802a8}: com/puppycrawl/tools/checkstyle/checks/naming/MethodTypeParameterNameCheckBeanInfo> (0x00000007133802a8) thrown at [./src/hotspot/share/classfile/systemDictionary.cpp, line 231]
Event: 147.171 Thread 0x0000025b95bb2000 Exception <a 'java/lang/ClassNotFoundException'{0x000000071338c0a8}: com/puppycrawl/tools/checkstyle/checks/naming/MethodTypeParameterNameCheckCustomizer> (0x000000071338c0a8) thrown at [./src/hotspot/share/classfile/systemDictionary.cpp, line 231]
Event: 147.223 Thread 0x0000025b95bb2000 Implicit null exception at 0x0000025b88059f16 to 0x0000025b8805a268
Event: 147.466 Thread 0x0000025b95bb2000 Implicit null exception at 0x0000025b87aeb0fe to 0x0000025b87aeb397
Event: 147.466 Thread 0x0000025b95bb2000 Implicit null exception at 0x0000025b87aeb0fe to 0x0000025b87aeb397
Event: 147.466 Thread 0x0000025b95bb2000 Implicit null exception at 0x0000025b87aeb0fe to 0x0000025b87aeb397
Event: 147.466 Thread 0x0000025b95bb2000 Implicit null exception at 0x0000025b87aeb0fe to 0x0000025b87aeb397
Event: 149.119 Thread 0x0000025b95bac000 Exception <a 'java/lang/NoSuchMethodError'{0x000000071602e770}: <clinit>> (0x000000071602e770) thrown at [./src/hotspot/share/prims/jni.cpp, line 1362]
Event: 149.120 Thread 0x0000025b95bac000 Exception <a 'java/lang/NoSuchMethodError'{0x0000000716048950}: <clinit>> (0x0000000716048950) thrown at [./src/hotspot/share/prims/jni.cpp, line 1362]
Event: 149.120 Thread 0x0000025b95bac000 Exception <a 'java/lang/NoSuchMethodError'{0x0000000716068060}: <clinit>> (0x0000000716068060) thrown at [./src/hotspot/share/prims/jni.cpp, line 1362]
Event: 149.121 Thread 0x0000025b95bac000 Exception <a 'java/lang/NoSuchMethodError'{0x000000071606b1e0}: <clinit>> (0x000000071606b1e0) thrown at [./src/hotspot/share/prims/jni.cpp, line 1362]
Event: 149.121 Thread 0x0000025b95bac000 Exception <a 'java/lang/NoSuchMethodError'{0x00000007160780b0}: <clinit>> (0x00000007160780b0) thrown at [./src/hotspot/share/prims/jni.cpp, line 1362]
Event: 149.121 Thread 0x0000025b95bac000 Exception <a 'java/lang/NoSuchMethodError'{0x000000071608c378}: <clinit>> (0x000000071608c378) thrown at [./src/hotspot/share/prims/jni.cpp, line 1362]
Event: 149.126 Thread 0x0000025b95bac000 Exception <a 'java/lang/NoSuchMethodError'{0x00000007160ee448}: <clinit>> (0x00000007160ee448) thrown at [./src/hotspot/share/prims/jni.cpp, line 1362]
Event: 149.288 Thread 0x0000025b95bb9800 Exception <a 'java/lang/NoSuchMethodError'{0x0000000715b93ff8}: 'int java.lang.invoke.DirectMethodHandle$Holder.invokeSpecialIFC(java.lang.Object, java.lang.Object, java.lang.Object)'> (0x0000000715b93ff8) thrown at [./src/hotspot/share/interpreter/linkResolver.cpp, line 773]
Event: 157.877 Thread 0x0000025b95bac000 Exception <a 'sun/nio/fs/WindowsException'{0x0000000712396928}> (0x0000000712396928) thrown at [./src/hotspot/share/prims/jni.cpp, line 615]
Event: 157.877 Thread 0x0000025b95bac000 Exception <a 'sun/nio/fs/WindowsException'{0x0000000712396a78}> (0x0000000712396a78) thrown at [./src/hotspot/share/prims/jni.cpp, line 615]
Event: 158.149 Thread 0x0000025b95bac000 Exception <a 'sun/nio/fs/WindowsException'{0x000000070e1edf58}> (0x000000070e1edf58) thrown at [./src/hotspot/share/prims/jni.cpp, line 615]
Event: 158.149 Thread 0x0000025b95bac000 Exception <a 'sun/nio/fs/WindowsException'{0x000000070e1ee060}> (0x000000070e1ee060) thrown at [./src/hotspot/share/prims/jni.cpp, line 615]
Event: 158.150 Thread 0x0000025b95bac000 Implicit null exception at 0x0000025b882d2b6f to 0x0000025b882d2edf

Events (20 events):
Event: 157.899 Thread 0x0000025b918df000 flushing nmethod 0x0000025b81a0c610
Event: 157.899 Thread 0x0000025b918df000 flushing nmethod 0x0000025b81a8cd10
Event: 157.899 Thread 0x0000025b918df000 flushing nmethod 0x0000025b81a9bd10
Event: 157.899 Thread 0x0000025b918df000 flushing nmethod 0x0000025b81aa2590
Event: 157.899 Thread 0x0000025b918df000 flushing nmethod 0x0000025b81adb790
Event: 157.899 Thread 0x0000025b918df000 flushing nmethod 0x0000025b81ae2f10
Event: 157.899 Thread 0x0000025b918df000 flushing nmethod 0x0000025b81aec190
Event: 157.899 Thread 0x0000025b918df000 flushing nmethod 0x0000025b81b1c910
Event: 157.903 Thread 0x0000025b918df000 flushing nmethod 0x0000025b82219210
Event: 157.915 loading class com/sun/tools/javac/tree/JCTree$JCLiteral
Event: 157.915 loading class com/sun/tools/javac/tree/JCTree$JCLiteral done
Event: 157.915 loading class com/sun/tools/javac/tree/JCTree$JCLiteral
Event: 157.915 loading class com/sun/tools/javac/tree/JCTree$JCLiteral done
Event: 157.916 Executing VM operation: ICBufferFull
Event: 157.916 Executing VM operation: ICBufferFull done
Event: 157.938 Executing VM operation: ICBufferFull
Event: 157.939 Executing VM operation: ICBufferFull done
Event: 158.150 Executing VM operation: RevokeBias
Event: 158.150 Executing VM operation: RevokeBias done
Event: 158.167 Executing VM operation: G1CollectForAllocation


Dynamic libraries:
0x00007ff73ce90000 - 0x00007ff73ce9a000 	C:\Program Files\Android\Android Studio\jre\bin\java.exe
0x00007ffdfefd0000 - 0x00007ffdff1c5000 	C:\Windows\SYSTEM32\ntdll.dll
0x00007ffdfe740000 - 0x00007ffdfe7fe000 	C:\Windows\System32\KERNEL32.DLL
0x00007ffdfc7e0000 - 0x00007ffdfcaa8000 	C:\Windows\System32\KERNELBASE.dll
0x00007ffdfcb90000 - 0x00007ffdfcc90000 	C:\Windows\System32\ucrtbase.dll
0x00007ffdf7420000 - 0x00007ffdf7437000 	C:\Program Files\Android\Android Studio\jre\bin\VCRUNTIME140.dll
0x00007ffdf7100000 - 0x00007ffdf7119000 	C:\Program Files\Android\Android Studio\jre\bin\jli.dll
0x00007ffdfdea0000 - 0x00007ffdfe041000 	C:\Windows\System32\USER32.dll
0x00007ffdfcc90000 - 0x00007ffdfccb2000 	C:\Windows\System32\win32u.dll
0x00007ffdfba80000 - 0x00007ffdfbd1a000 	C:\Windows\WinSxS\amd64_microsoft.windows.common-controls_6595b64144ccf1df_6.0.19041.1110_none_60b5254171f9507e\COMCTL32.dll
0x00007ffdfe700000 - 0x00007ffdfe72b000 	C:\Windows\System32\GDI32.dll
0x00007ffdfe800000 - 0x00007ffdfe89e000 	C:\Windows\System32\msvcrt.dll
0x00007ffdfcd10000 - 0x00007ffdfce1d000 	C:\Windows\System32\gdi32full.dll
0x00007ffdfc6e0000 - 0x00007ffdfc77d000 	C:\Windows\System32\msvcp_win.dll
0x00007ffdfde70000 - 0x00007ffdfdea0000 	C:\Windows\System32\IMM32.DLL
0x00007ffdc8410000 - 0x00007ffdc84ad000 	C:\Program Files\Android\Android Studio\jre\bin\msvcp140.dll
0x00007ffdc2250000 - 0x00007ffdc2d25000 	C:\Program Files\Android\Android Studio\jre\bin\server\jvm.dll
0x00007ffdfe950000 - 0x00007ffdfe9fe000 	C:\Windows\System32\ADVAPI32.dll
0x00007ffdfe050000 - 0x00007ffdfe0ec000 	C:\Windows\System32\sechost.dll
0x00007ffdfea00000 - 0x00007ffdfeb25000 	C:\Windows\System32\RPCRT4.dll
0x00007ffdfe0f0000 - 0x00007ffdfe0f8000 	C:\Windows\System32\PSAPI.DLL
0x00007ffde6fe0000 - 0x00007ffde6fe9000 	C:\Windows\SYSTEM32\WSOCK32.dll
0x00007ffdf6d80000 - 0x00007ffdf6d8a000 	C:\Windows\SYSTEM32\VERSION.dll
0x00007ffdee970000 - 0x00007ffdee997000 	C:\Windows\SYSTEM32\WINMM.dll
0x00007ffdfd6b0000 - 0x00007ffdfd71b000 	C:\Windows\System32\WS2_32.dll
0x00007ffdf9910000 - 0x00007ffdf9922000 	C:\Windows\SYSTEM32\kernel.appcore.dll
0x00007ffddfbf0000 - 0x00007ffddfc01000 	C:\Program Files\Android\Android Studio\jre\bin\verify.dll
0x00007ffdfbec0000 - 0x00007ffdfc0a4000 	C:\Windows\SYSTEM32\DBGHELP.DLL
0x00007ffdfbe30000 - 0x00007ffdfbe5c000 	C:\Windows\SYSTEM32\dbgcore.DLL
0x00007ffdfce20000 - 0x00007ffdfcea2000 	C:\Windows\System32\bcryptPrimitives.dll
0x00007ffdc1fd0000 - 0x00007ffdc1ff9000 	C:\Program Files\Android\Android Studio\jre\bin\java.dll
0x00007ffde1b80000 - 0x00007ffde1b8b000 	C:\Program Files\Android\Android Studio\jre\bin\jimage.dll
0x00007ffdd5630000 - 0x00007ffdd5648000 	C:\Program Files\Android\Android Studio\jre\bin\zip.dll
0x00007ffdfd720000 - 0x00007ffdfde64000 	C:\Windows\System32\SHELL32.dll
0x00007ffdfa1a0000 - 0x00007ffdfa935000 	C:\Windows\SYSTEM32\windows.storage.dll
0x00007ffdfeb30000 - 0x00007ffdfee85000 	C:\Windows\System32\combase.dll
0x00007ffdfb9e0000 - 0x00007ffdfba0e000 	C:\Windows\SYSTEM32\Wldp.dll
0x00007ffdfe8a0000 - 0x00007ffdfe94d000 	C:\Windows\System32\SHCORE.dll
0x00007ffdfe1d0000 - 0x00007ffdfe225000 	C:\Windows\System32\shlwapi.dll
0x00007ffdfc620000 - 0x00007ffdfc63f000 	C:\Windows\SYSTEM32\profapi.dll
0x00007ffdc50a0000 - 0x00007ffdc50ba000 	C:\Program Files\Android\Android Studio\jre\bin\net.dll
0x00007ffdf0a70000 - 0x00007ffdf0b7c000 	C:\Windows\SYSTEM32\WINHTTP.dll
0x00007ffdfb8b0000 - 0x00007ffdfb91a000 	C:\Windows\system32\mswsock.dll
0x00007ffdc1ce0000 - 0x00007ffdc1cf4000 	C:\Program Files\Android\Android Studio\jre\bin\nio.dll
0x00007ffddf0a0000 - 0x00007ffddf0c6000 	C:\Users\Emanuele\.gradle\native\29\windows-amd64\native-platform.dll
0x00007ffde1490000 - 0x00007ffde149a000 	C:\Program Files\Android\Android Studio\jre\bin\management.dll
0x00007ffdda060000 - 0x00007ffdda06d000 	C:\Program Files\Android\Android Studio\jre\bin\management_ext.dll
0x00007ffdfc3f0000 - 0x00007ffdfc408000 	C:\Windows\SYSTEM32\CRYPTSP.dll
0x00007ffdfb0e0000 - 0x00007ffdfb114000 	C:\Windows\system32\rsaenh.dll
0x00007ffdfcab0000 - 0x00007ffdfcad7000 	C:\Windows\System32\bcrypt.dll
0x00007ffdfc5e0000 - 0x00007ffdfc60e000 	C:\Windows\SYSTEM32\USERENV.dll
0x00007ffdfb9a0000 - 0x00007ffdfb9ac000 	C:\Windows\SYSTEM32\CRYPTBASE.dll
0x00007ffdfb430000 - 0x00007ffdfb46b000 	C:\Windows\SYSTEM32\IPHLPAPI.DLL
0x00007ffdfd640000 - 0x00007ffdfd648000 	C:\Windows\System32\NSI.dll
0x00007ffdf4530000 - 0x00007ffdf4547000 	C:\Windows\SYSTEM32\dhcpcsvc6.DLL
0x00007ffdf41a0000 - 0x00007ffdf41bd000 	C:\Windows\SYSTEM32\dhcpcsvc.DLL
0x00007ffdfb470000 - 0x00007ffdfb53b000 	C:\Windows\SYSTEM32\DNSAPI.dll
0x00007ffdd9e30000 - 0x00007ffdd9e47000 	C:\Windows\system32\napinsp.dll
0x00007ffdd9e10000 - 0x00007ffdd9e2b000 	C:\Windows\system32\pnrpnsp.dll
0x00007ffdf5ba0000 - 0x00007ffdf5bb5000 	C:\Windows\system32\wshbth.dll
0x00007ffdf74b0000 - 0x00007ffdf74cd000 	C:\Windows\system32\NLAapi.dll
0x00007ffdd9820000 - 0x00007ffdd9832000 	C:\Windows\System32\winrnr.dll
0x000000005fca0000 - 0x000000005fcc6000 	C:\Program Files\Bonjour\mdnsNSP.dll
0x00007ffdeb080000 - 0x00007ffdeb08a000 	C:\Windows\System32\rasadhlp.dll
0x00007ffdea020000 - 0x00007ffdea09f000 	C:\Windows\System32\fwpuclnt.dll
0x00007ffde8a60000 - 0x00007ffde8a6a000 	C:\Program Files\Android\Android Studio\jre\bin\prefs.dll

dbghelp: loaded successfully - version: 4.0.5 - missing functions: none
symbol engine: initialized successfully - sym options: 0x614 - pdb path: .;C:\Program Files\Android\Android Studio\jre\bin;C:\Windows\SYSTEM32;C:\Windows\WinSxS\amd64_microsoft.windows.common-controls_6595b64144ccf1df_6.0.19041.1110_none_60b5254171f9507e;C:\Program Files\Android\Android Studio\jre\bin\server;C:\Users\Emanuele\.gradle\native\29\windows-amd64;C:\Program Files\Bonjour

VM Arguments:
jvm_args: -XX:MaxPermSize=4096m -XX:+HeapDumpOnOutOfMemoryError --add-opens=java.base/java.util=ALL-UNNAMED --add-opens=java.base/java.lang=ALL-UNNAMED --add-opens=java.base/java.lang.invoke=ALL-UNNAMED --add-opens=java.prefs/java.util.prefs=ALL-UNNAMED -Xmx4096m -Dfile.encoding=windows-1252 -Duser.country=IT -Duser.language=it -Duser.variant 
java_command: org.gradle.launcher.daemon.bootstrap.GradleDaemon 5.4.1
java_class_path (initial): C:\Users\Emanuele\.gradle\wrapper\dists\gradle-5.4.1-all\3221gyojl5jsh0helicew7rwx\gradle-5.4.1\lib\gradle-launcher-5.4.1.jar
Launcher Type: SUN_STANDARD

[Global flags]
     intx CICompilerCount                          = 3                                         {product} {ergonomic}
     uint ConcGCThreads                            = 2                                         {product} {ergonomic}
     uint G1ConcRefinementThreads                  = 6                                         {product} {ergonomic}
   size_t G1HeapRegionSize                         = 1048576                                   {product} {ergonomic}
    uintx GCDrainStackTargetSize                   = 64                                        {product} {ergonomic}
     bool HeapDumpOnOutOfMemoryError               = true                                   {manageable} {command line}
   size_t InitialHeapSize                          = 268435456                                 {product} {ergonomic}
   size_t MarkStackSize                            = 4194304                                   {product} {ergonomic}
   size_t MaxHeapSize                              = 4294967296                                {product} {command line}
   size_t MaxNewSize                               = 2576351232                                {product} {ergonomic}
   size_t MinHeapDeltaBytes                        = 1048576                                   {product} {ergonomic}
    uintx NonNMethodCodeHeapSize                   = 5830732                                {pd product} {ergonomic}
    uintx NonProfiledCodeHeapSize                  = 122913754                              {pd product} {ergonomic}
    uintx ProfiledCodeHeapSize                     = 122913754                              {pd product} {ergonomic}
    uintx ReservedCodeCacheSize                    = 251658240                              {pd product} {ergonomic}
     bool SegmentedCodeCache                       = true                                      {product} {ergonomic}
     bool UseCompressedClassPointers               = true                                 {lp64_product} {ergonomic}
     bool UseCompressedOops                        = true                                 {lp64_product} {ergonomic}
     bool UseG1GC                                  = true                                      {product} {ergonomic}
     bool UseLargePagesIndividualAllocation        = false                                  {pd product} {ergonomic}

Logging:
Log output configuration:
 #0: stdout all=warning uptime,level,tags
 #1: stderr all=off uptime,level,tags

Environment Variables:
PATH=C:\Program Files\Common Files\Oracle\Java\javapath;C:\Program Files (x86)\Common Files\Oracle\Java\javapath;C:\Windows\system32;C:\Windows;C:\Windows\System32\Wbem;C:\Windows\System32\WindowsPowerShell\v1.0\;C:\Windows\System32\OpenSSH\;C:\Program Files\NVIDIA Corporation\NVIDIA NvDLISR;C:\Program Files (x86)\NVIDIA Corporation\PhysX\Common;C:\Program Files\dotnet\;C:\Program Files\Git\cmd;C:\Users\Emanuele\AppData\Local\Microsoft\WindowsApps;C:\Users\Emanuele\AppData\Local\GitHubDesktop\bin
USERNAME=Emanuele
OS=Windows_NT
PROCESSOR_IDENTIFIER=Intel64 Family 6 Model 158 Stepping 12, GenuineIntel



---------------  S Y S T E M  ---------------

OS: Windows 10 , 64 bit Build 19041 (10.0.19041.1466)
OS uptime: 0 days 0:05 hours

CPU:total 6 (initial active 6) (6 cores per cpu, 1 threads per core) family 6 model 158 stepping 12 microcode 0xae, cmov, cx8, fxsr, mmx, sse, sse2, sse3, ssse3, sse4.1, sse4.2, popcnt, avx, avx2, aes, clmul, erms, rtm, 3dnowpref, lzcnt, tsc, tscinvbit, bmi1, bmi2, adx, fma

Memory: 4k page, system-wide physical 16316M (10433M free)
TotalPageFile size 18748M (AvailPageFile size 11610M)
current process WorkingSet (physical memory assigned to process): 700M, peak: 700M
current process commit charge ("private bytes"): 733M, peak: 734M

vm_info: OpenJDK 64-Bit Server VM (11.0.11+9-b60-7590822) for windows-amd64 JRE (11.0.11+9-b60-7590822), built on Jul 29 2021 21:43:44 by "builder" with MS VC++ 14.0 (VS2015)

END.
