#
# A fatal error has been detected by the Java Runtime Environment:
#
#  EXCEPTION_ACCESS_VIOLATION (0xc0000005) at pc=0x00007ffed9ad8ed0, pid=9180, tid=4128
#
# JRE version: OpenJDK Runtime Environment (11.0.11+9) (build 11.0.11+9-b60-7590822)
# Java VM: OpenJDK 64-Bit Server VM (11.0.11+9-b60-7590822, mixed mode, tiered, compressed oops, g1 gc, windows-amd64)
# Problematic frame:
# V  [jvm.dll+0x358ed0]
#
# No core dump will be written. Minidumps are not enabled by default on client versions of Windows
#
# If you would like to submit a bug report, please visit:
#   https://bugreport.java.com/bugreport/crash.jsp
#

---------------  S U M M A R Y ------------

Command Line: -XX:MaxPermSize=4096m -XX:+HeapDumpOnOutOfMemoryError --add-opens=java.base/java.util=ALL-UNNAMED --add-opens=java.base/java.lang=ALL-UNNAMED --add-opens=java.base/java.lang.invoke=ALL-UNNAMED --add-opens=java.prefs/java.util.prefs=ALL-UNNAMED -Xmx4096m -Dfile.encoding=windows-1252 -Duser.country=IT -Duser.language=it -Duser.variant org.gradle.launcher.daemon.bootstrap.GradleDaemon 5.4.1

Host: Intel(R) Core(TM) i5-9600K CPU @ 3.70GHz, 6 cores, 15G,  Windows 10 , 64 bit Build 19041 (10.0.19041.1466)
Time: Wed Feb  9 04:40:13 2022 ora solare Europa occidentale elapsed time: 227.190638 seconds (0d 0h 3m 47s)

---------------  T H R E A D  ---------------

Current thread (0x000001ab34311000):  JavaThread "C2 CompilerThread1" daemon [_thread_in_native, id=4128, stack(0x00000080ebe00000,0x00000080ebf00000)]


Current CompileTask:
C2: 227190 22301       4       org.codehaus.groovy.classgen.Verifier::storeMissingCovariantMethods (71 bytes)

Stack: [0x00000080ebe00000,0x00000080ebf00000],  sp=0x00000080ebefbd10,  free space=1007k
Native frames: (J=compiled Java code, j=interpreted, Vv=VM code, C=native code)
V  [jvm.dll+0x358ed0]
V  [jvm.dll+0x354430]
V  [jvm.dll+0x198e67]
V  [jvm.dll+0x1989ff]
V  [jvm.dll+0x1fc2ee]
V  [jvm.dll+0x1fb3d4]
V  [jvm.dll+0x183d6c]
V  [jvm.dll+0x209a57]
V  [jvm.dll+0x2082a1]
V  [jvm.dll+0x6ef58f]
V  [jvm.dll+0x6e80b5]
V  [jvm.dll+0x5f1036]
C  [ucrtbase.dll+0x21bb2]
C  [KERNEL32.DLL+0x17034]
C  [ntdll.dll+0x52651]


siginfo: EXCEPTION_ACCESS_VIOLATION (0xc0000005), reading address 0xffffffffffffffff


Register to memory mapping:

RIP=0x00007ffed9ad8ed0 jvm.dll
RAX=0x00407ffeda17cf18 is an unknown value
RBX=0x0000000000000030 is an unknown value
RCX=0x0000000000000002 is an unknown value
RDX=0x0 is NULL
RSP=0x00000080ebefbd10 is pointing into the stack for thread: 0x000001ab34311000
RBP=0x0000000000000008 is an unknown value
RSI=0x00007ffeda17cf18 jvm.dll
RDI=0x000001ab345e7b30 points into unknown readable memory: 0x000001ab2d5fece0 | e0 ec 5f 2d ab 01 00 00
R8 =0x000001ab37907fc0 points into unknown readable memory: 0x0000000000000009 | 09 00 00 00 00 00 00 00
R9 =0x00000080ebefbd60 is pointing into the stack for thread: 0x000001ab34311000
R10=0x0000000000000006 is an unknown value
R11=0x0000000000000001 is an unknown value
R12=0x00007ffed9780000 jvm.dll
R13=0x0000000000007537 is an unknown value
R14=0x000000000000001e is an unknown value
R15=0x00007ffeda17cf18 jvm.dll


Registers:
RAX=0x00407ffeda17cf18, RBX=0x0000000000000030, RCX=0x0000000000000002, RDX=0x0000000000000000
RSP=0x00000080ebefbd10, RBP=0x0000000000000008, RSI=0x00007ffeda17cf18, RDI=0x000001ab345e7b30
R8 =0x000001ab37907fc0, R9 =0x00000080ebefbd60, R10=0x0000000000000006, R11=0x0000000000000001
R12=0x00007ffed9780000, R13=0x0000000000007537, R14=0x000000000000001e, R15=0x00007ffeda17cf18
RIP=0x00007ffed9ad8ed0, EFLAGS=0x0000000000010246

Top of Stack: (sp=0x00000080ebefbd10)
0x00000080ebefbd10:   00000080ebefc310 00007ffed99195b0
0x00000080ebefbd20:   0000000000000002 00007ffed9919a1f
0x00000080ebefbd30:   00000000000010fe 00007ffed9ad4430
0x00000080ebefbd40:   000001ab37fa0ee0 00000080ebefbf70
0x00000080ebefbd50:   0000000000000000 0000000000000000
0x00000080ebefbd60:   0000000000000000 0000000000000008
0x00000080ebefbd70:   00407ffeda17cf18 0000000000000000
0x00000080ebefbd80:   000001ab2c982270 00007ffe00000013
0x00000080ebefbd90:   000001ab37907fc0 0000000000000000
0x00000080ebefbda0:   00000000000a9ec0 0000000000000000
0x00000080ebefbdb0:   00007ffed9780000 00007ffed9918e67
0x00000080ebefbdc0:   000001ab37fa0ee0 00000080ebefc310
0x00000080ebefbdd0:   0000000000000000 000001ab37fa0d90
0x00000080ebefbde0:   000012bb00000000 0000008000000008
0x00000080ebefbdf0:   000001ab319e7380 00007ffe00000013
0x00000080ebefbe00:   000001ab2c9820a8 0000000000000013 

Instructions: (pc=0x00007ffed9ad8ed0)
0x00007ffed9ad8dd0:   58 4c 8b 64 24 50 48 8b c3 48 83 c4 20 41 5f 5f
0x00007ffed9ad8de0:   5e 5d 5b c3 cc cc cc cc cc cc cc cc cc cc cc cc
0x00007ffed9ad8df0:   83 3a 00 4c 8b c2 c7 41 08 08 00 00 00 75 16 33
0x00007ffed9ad8e00:   d2 c7 41 18 01 00 00 00 89 11 48 8b c1 c7 41 28
0x00007ffed9ad8e10:   01 00 00 00 c3 33 d2 48 89 11 89 51 18 41 8b 80
0x00007ffed9ad8e20:   90 00 00 00 89 41 28 48 89 51 10 49 8b 40 08 48
0x00007ffed9ad8e30:   89 41 20 48 8b c1 4c 89 41 30 c3 cc cc cc cc cc
0x00007ffed9ad8e40:   48 83 ec 28 8b 51 08 4c 8b c9 83 fa 08 73 18 4c
0x00007ffed9ad8e50:   8b 41 10 8b c2 41 83 3c 80 00 0f 85 0d 01 00 00
0x00007ffed9ad8e60:   ff c2 83 fa 08 72 ec 44 8b 51 18 48 89 5c 24 30
0x00007ffed9ad8e70:   48 89 6c 24 38 48 89 74 24 40 48 89 7c 24 20 44
0x00007ffed9ad8e80:   3b 51 28 0f 83 b9 00 00 00 8b 0d ed fb 6d 00 48
0x00007ffed9ad8e90:   8d 35 82 40 6a 00 65 48 8b 04 25 58 00 00 00 bd
0x00007ffed9ad8ea0:   08 00 00 00 48 8d 3c c8 0f 1f 84 00 00 00 00 00
0x00007ffed9ad8eb0:   41 8b c2 48 8d 1c c5 00 00 00 00 49 8b 41 20 48
0x00007ffed9ad8ec0:   8b 04 03 48 3b c6 74 6d 49 89 41 10 33 d2 66 90
0x00007ffed9ad8ed0:   83 38 00 0f 85 c3 00 00 00 ff c2 48 83 c0 04 83
0x00007ffed9ad8ee0:   fa 08 72 ec 4d 8b 59 30 4d 85 db 74 48 49 8b 43
0x00007ffed9ad8ef0:   08 8b d5 48 03 17 4c 8b 04 03 48 8b 02 48 8b 88
0x00007ffed9ad8f00:   d0 04 00 00 48 8b 81 88 00 00 00 48 8b 88 88 08
0x00007ffed9ad8f10:   00 00 49 89 08 48 8b 02 48 8b 88 d0 04 00 00 48
0x00007ffed9ad8f20:   8b 81 88 00 00 00 4c 89 80 88 08 00 00 49 8b 43
0x00007ffed9ad8f30:   08 48 89 34 03 41 ff c2 45 3b 51 28 0f 82 6e ff
0x00007ffed9ad8f40:   ff ff 41 8b 41 28 41 89 41 18 33 c0 41 c7 41 08
0x00007ffed9ad8f50:   08 00 00 00 48 8b 74 24 40 48 8b 6c 24 38 48 8b
0x00007ffed9ad8f60:   5c 24 30 48 8b 7c 24 20 48 83 c4 28 c3 8b 41 18
0x00007ffed9ad8f70:   8d 0c c2 8b c2 c1 e1 05 81 e9 00 01 00 00 41 89
0x00007ffed9ad8f80:   49 04 41 8b 0c 80 8d 42 01 41 89 09 49 8b c9 41
0x00007ffed9ad8f90:   89 41 08 48 83 c4 28 e9 c4 2b e4 ff 42 8d 04 d2
0x00007ffed9ad8fa0:   c1 e0 05 41 89 41 04 49 8b 41 10 8b 0c 90 41 8d
0x00007ffed9ad8fb0:   42 01 41 89 41 18 8d 42 01 41 89 09 49 8b c9 41
0x00007ffed9ad8fc0:   89 41 08 e8 98 2b e4 ff eb 8a cc cc cc cc cc cc 


Stack slot to memory mapping:
stack at sp + 0 slots: 0x00000080ebefc310 is pointing into the stack for thread: 0x000001ab34311000
stack at sp + 1 slots: 0x00007ffed99195b0 jvm.dll
stack at sp + 2 slots: 0x0000000000000002 is an unknown value
stack at sp + 3 slots: 0x00007ffed9919a1f jvm.dll
stack at sp + 4 slots: 0x00000000000010fe is an unknown value
stack at sp + 5 slots: 0x00007ffed9ad4430 jvm.dll
stack at sp + 6 slots: 0x000001ab37fa0ee0 points into unknown readable memory: 0x3f11c2bf048e09bc | bc 09 8e 04 bf c2 11 3f
stack at sp + 7 slots: 0x00000080ebefbf70 is pointing into the stack for thread: 0x000001ab34311000


---------------  P R O C E S S  ---------------

Threads class SMR info:
_java_thread_list=0x000001ab2d5feb50, length=41, elements={
0x000001ab0974c000, 0x000001ab2a401000, 0x000001ab2a402000, 0x000001ab2ace5000,
0x000001ab2ace7000, 0x000001ab2ace8800, 0x000001ab2aceb800, 0x000001ab2acee800,
0x000001ab2acf0800, 0x000001ab2ae69800, 0x000001ab2bd50800, 0x000001ab2c583800,
0x000001ab2c420800, 0x000001ab2c591000, 0x000001ab2c591800, 0x000001ab2c590000,
0x000001ab2d242800, 0x000001ab2d24f800, 0x000001ab2d24a800, 0x000001ab32539000,
0x000001ab32538000, 0x000001ab32533000, 0x000001ab34877000, 0x000001ab3487d800,
0x000001ab34878000, 0x000001ab3487e800, 0x000001ab3487a800, 0x000001ab34879800,
0x000001ab3487b000, 0x000001ab3487c000, 0x000001ab34878800, 0x000001ab34311000,
0x000001ab34881000, 0x000001ab34882800, 0x000001ab34881800, 0x000001ab34883800,
0x000001ab34884000, 0x000001ab34880000, 0x000001ab34886000, 0x000001ab34885000,
0x000001ab32532800
}

Java Threads: ( => current thread )
  0x000001ab0974c000 JavaThread "main" [_thread_blocked, id=4160, stack(0x00000080ea100000,0x00000080ea200000)]
  0x000001ab2a401000 JavaThread "Reference Handler" daemon [_thread_blocked, id=7084, stack(0x00000080ea800000,0x00000080ea900000)]
  0x000001ab2a402000 JavaThread "Finalizer" daemon [_thread_blocked, id=6756, stack(0x00000080ea900000,0x00000080eaa00000)]
  0x000001ab2ace5000 JavaThread "Signal Dispatcher" daemon [_thread_blocked, id=4232, stack(0x00000080eaa00000,0x00000080eab00000)]
  0x000001ab2ace7000 JavaThread "Attach Listener" daemon [_thread_blocked, id=748, stack(0x00000080eab00000,0x00000080eac00000)]
  0x000001ab2ace8800 JavaThread "Service Thread" daemon [_thread_blocked, id=836, stack(0x00000080eac00000,0x00000080ead00000)]
  0x000001ab2aceb800 JavaThread "C2 CompilerThread0" daemon [_thread_in_native, id=2496, stack(0x00000080ead00000,0x00000080eae00000)]
  0x000001ab2acee800 JavaThread "C1 CompilerThread0" daemon [_thread_blocked, id=7356, stack(0x00000080eae00000,0x00000080eaf00000)]
  0x000001ab2acf0800 JavaThread "Sweeper thread" daemon [_thread_blocked, id=1784, stack(0x00000080eaf00000,0x00000080eb000000)]
  0x000001ab2ae69800 JavaThread "Common-Cleaner" daemon [_thread_blocked, id=1040, stack(0x00000080eb000000,0x00000080eb100000)]
  0x000001ab2bd50800 JavaThread "Daemon health stats" [_thread_blocked, id=5060, stack(0x00000080eb800000,0x00000080eb900000)]
  0x000001ab2c583800 JavaThread "Incoming local TCP Connector on port 50981" [_thread_in_native, id=7080, stack(0x00000080eb900000,0x00000080eba00000)]
  0x000001ab2c420800 JavaThread "Daemon periodic checks" [_thread_blocked, id=6772, stack(0x00000080eba00000,0x00000080ebb00000)]
  0x000001ab2c591000 JavaThread "Cache worker for file hash cache (C:\Users\Emanuele\.gradle\caches\5.4.1\fileHashes)" [_thread_blocked, id=148, stack(0x00000080ec200000,0x00000080ec300000)]
  0x000001ab2c591800 JavaThread "File lock request listener" [_thread_in_native, id=1168, stack(0x00000080ec300000,0x00000080ec400000)]
  0x000001ab2c590000 JavaThread "Cache worker for journal cache (C:\Users\Emanuele\.gradle\caches\journal-1)" [_thread_in_native, id=1900, stack(0x00000080ec400000,0x00000080ec500000)]
  0x000001ab2d242800 JavaThread "Cache worker for execution history cache (C:\Users\Emanuele\.gradle\caches\5.4.1\executionHistory)" [_thread_blocked, id=8040, stack(0x00000080ec900000,0x00000080eca00000)]
  0x000001ab2d24f800 JavaThread "Memory manager" [_thread_blocked, id=4440, stack(0x00000080ed500000,0x00000080ed600000)]
  0x000001ab2d24a800 JavaThread "Cache worker for file content cache (C:\Users\Emanuele\.gradle\caches\5.4.1\fileContent)" [_thread_blocked, id=9036, stack(0x00000080ed600000,0x00000080ed700000)]
  0x000001ab32539000 JavaThread "Cache worker for Java compile cache (C:\Users\Emanuele\.gradle\caches\5.4.1\javaCompile)" [_thread_blocked, id=4420, stack(0x00000080ede00000,0x00000080edf00000)]
  0x000001ab32538000 JavaThread "Daemon Thread 2" [_thread_blocked, id=3708, stack(0x00000080e9e00000,0x00000080e9f00000)]
  0x000001ab32533000 JavaThread "Daemon worker Thread 2" [_thread_blocked, id=7000, stack(0x00000080eb200000,0x00000080eb300000)]
  0x000001ab34877000 JavaThread "Exec process Thread 5" [_thread_blocked, id=9040, stack(0x00000080ee100000,0x00000080ee200000)]
  0x000001ab3487d800 JavaThread "Exec process Thread 6" [_thread_blocked, id=7528, stack(0x00000080ee300000,0x00000080ee400000)]
  0x000001ab34878000 JavaThread "Exec process Thread 7" [_thread_blocked, id=6436, stack(0x00000080ee400000,0x00000080ee500000)]
  0x000001ab3487e800 JavaThread "Exec process Thread 8" [_thread_blocked, id=3236, stack(0x00000080ee500000,0x00000080ee600000)]
  0x000001ab3487a800 JavaThread "Handler for socket connection from /127.0.0.1:50981 to /127.0.0.1:51040" [_thread_in_native, id=8608, stack(0x00000080e9f00000,0x00000080ea000000)]
  0x000001ab34879800 JavaThread "Cancel handler" [_thread_blocked, id=9196, stack(0x00000080ea000000,0x00000080ea100000)]
  0x000001ab3487b000 JavaThread "Asynchronous log dispatcher for DefaultDaemonConnection: socket connection from /127.0.0.1:50981 to /127.0.0.1:51040" [_thread_blocked, id=8948, stack(0x00000080ebb00000,0x00000080ebc00000)]
  0x000001ab3487c000 JavaThread "Stdin handler" [_thread_blocked, id=7036, stack(0x00000080ebc00000,0x00000080ebd00000)]
  0x000001ab34878800 JavaThread "Thread-149" [_thread_blocked, id=7856, stack(0x00000080ebd00000,0x00000080ebe00000)]
=>0x000001ab34311000 JavaThread "C2 CompilerThread1" daemon [_thread_in_native, id=4128, stack(0x00000080ebe00000,0x00000080ebf00000)]
  0x000001ab34881000 JavaThread "Cache worker for file hash cache (D:\UNISA\Images-to-PDF-8.8.1\.gradle\5.4.1\fileHashes)" [_thread_blocked, id=6736, stack(0x00000080ebf00000,0x00000080ec000000)]
  0x000001ab34882800 JavaThread "Cache worker for cache directory md-supplier (C:\Users\Emanuele\.gradle\caches\5.4.1\md-supplier)" [_thread_blocked, id=6932, stack(0x00000080ec000000,0x00000080ec100000)]
  0x000001ab34881800 JavaThread "Cache worker for cache directory md-rule (C:\Users\Emanuele\.gradle\caches\5.4.1\md-rule)" [_thread_blocked, id=5360, stack(0x00000080ec100000,0x00000080ec200000)]
  0x000001ab34883800 JavaThread "Build operations" [_thread_blocked, id=8552, stack(0x00000080ec600000,0x00000080ec700000)]
  0x000001ab34884000 JavaThread "Build operations Thread 2" [_thread_blocked, id=5132, stack(0x00000080ec700000,0x00000080ec800000)]
  0x000001ab34880000 JavaThread "Build operations Thread 3" [_thread_blocked, id=2108, stack(0x00000080ec800000,0x00000080ec900000)]
  0x000001ab34886000 JavaThread "Build operations Thread 4" [_thread_blocked, id=5856, stack(0x00000080eca00000,0x00000080ecb00000)]
  0x000001ab34885000 JavaThread "Build operations Thread 5" [_thread_in_Java, id=8500, stack(0x00000080ecb00000,0x00000080ecc00000)]
  0x000001ab32532800 JavaThread "Build operations Thread 6" [_thread_blocked, id=848, stack(0x00000080ecc00000,0x00000080ecd00000)]

Other Threads:
  0x000001ab2a3dc000 VMThread "VM Thread" [stack: 0x00000080ea700000,0x00000080ea800000] [id=8736]
  0x000001ab2ae7f000 WatcherThread [stack: 0x00000080eb100000,0x00000080eb200000] [id=3772]
  0x000001ab09763800 GCTaskThread "GC Thread#0" [stack: 0x00000080ea200000,0x00000080ea300000] [id=6020]
  0x000001ab2bbfb000 GCTaskThread "GC Thread#1" [stack: 0x00000080eb300000,0x00000080eb400000] [id=8032]
  0x000001ab2bc3e000 GCTaskThread "GC Thread#2" [stack: 0x00000080eb400000,0x00000080eb500000] [id=5652]
  0x000001ab2be1e800 GCTaskThread "GC Thread#3" [stack: 0x00000080eb500000,0x00000080eb600000] [id=1960]
  0x000001ab2be1f800 GCTaskThread "GC Thread#4" [stack: 0x00000080eb600000,0x00000080eb700000] [id=8724]
  0x000001ab2bbc3800 GCTaskThread "GC Thread#5" [stack: 0x00000080eb700000,0x00000080eb800000] [id=6744]
  0x000001ab097c1800 ConcurrentGCThread "G1 Main Marker" [stack: 0x00000080ea300000,0x00000080ea400000] [id=1356]
  0x000001ab097c3000 ConcurrentGCThread "G1 Conc#0" [stack: 0x00000080ea400000,0x00000080ea500000] [id=9012]
  0x000001ab2bba1800 ConcurrentGCThread "G1 Conc#1" [stack: 0x00000080ec500000,0x00000080ec600000] [id=5492]
  0x000001ab0982e000 ConcurrentGCThread "G1 Refine#0" [stack: 0x00000080ea500000,0x00000080ea600000] [id=1048]
  0x000001ab31981800 ConcurrentGCThread "G1 Refine#1" [stack: 0x00000080ed100000,0x00000080ed200000] [id=8628]
  0x000001ab2f070800 ConcurrentGCThread "G1 Refine#2" [stack: 0x00000080ed200000,0x00000080ed300000] [id=9140]
  0x000001ab3161b800 ConcurrentGCThread "G1 Refine#3" [stack: 0x00000080ed300000,0x00000080ed400000] [id=4560]
  0x000001ab3167c800 ConcurrentGCThread "G1 Refine#4" [stack: 0x00000080ed400000,0x00000080ed500000] [id=9176]
  0x000001ab2a2c5800 ConcurrentGCThread "G1 Young RemSet Sampling" [stack: 0x00000080ea600000,0x00000080ea700000] [id=3912]

Threads with active compile tasks:
C2 CompilerThread0 227209 22293       4       groovyjarjarasm.asm.SymbolTable::addConstantUtf8Reference (101 bytes)
C2 CompilerThread1 227209 22301       4       org.codehaus.groovy.classgen.Verifier::storeMissingCovariantMethods (71 bytes)

VM state:not at safepoint (normal execution)

VM Mutex/Monitor currently owned by a thread: None

Heap address: 0x0000000700000000, size: 4096 MB, Compressed Oops mode: Zero based, Oop shift amount: 3
Narrow klass base: 0x0000000800000000, Narrow klass shift: 0
Compressed class space size: 1073741824 Address: 0x0000000800000000

Heap:
 garbage-first heap   total 382976K, used 181569K [0x0000000700000000, 0x0000000800000000)
  region size 1024K, 53 young (54272K), 1 survivors (1024K)
 Metaspace       used 131193K, capacity 134981K, committed 135168K, reserved 1167360K
  class space    used 15317K, capacity 16622K, committed 16640K, reserved 1048576K
Heap Regions: E=young(eden), S=young(survivor), O=old, HS=humongous(starts), HC=humongous(continues), CS=collection set, F=free, A=archive, TAMS=top-at-mark-start (previous, next)
|   0|0x0000000700000000, 0x0000000700100000, 0x0000000700100000|100%| O|  |TAMS 0x0000000700100000, 0x0000000700000000| Untracked 
|   1|0x0000000700100000, 0x0000000700200000, 0x0000000700200000|100%| O|  |TAMS 0x0000000700200000, 0x0000000700100000| Untracked 
|   2|0x0000000700200000, 0x0000000700300000, 0x0000000700300000|100%|HS|  |TAMS 0x0000000700300000, 0x0000000700200000| Complete 
|   3|0x0000000700300000, 0x0000000700400000, 0x0000000700400000|100%|HS|  |TAMS 0x0000000700400000, 0x0000000700300000| Complete 
|   4|0x0000000700400000, 0x0000000700500000, 0x0000000700500000|100%|HC|  |TAMS 0x0000000700500000, 0x0000000700400000| Complete 
|   5|0x0000000700500000, 0x0000000700600000, 0x0000000700600000|100%| O|  |TAMS 0x0000000700600000, 0x0000000700500000| Untracked 
|   6|0x0000000700600000, 0x0000000700700000, 0x0000000700700000|100%| O|  |TAMS 0x0000000700700000, 0x0000000700600000| Untracked 
|   7|0x0000000700700000, 0x0000000700800000, 0x0000000700800000|100%|HS|  |TAMS 0x0000000700800000, 0x0000000700700000| Complete 
|   8|0x0000000700800000, 0x0000000700900000, 0x0000000700900000|100%|HC|  |TAMS 0x0000000700900000, 0x0000000700800000| Complete 
|   9|0x0000000700900000, 0x0000000700a00000, 0x0000000700a00000|100%| O|  |TAMS 0x0000000700a00000, 0x0000000700900000| Untracked 
|  10|0x0000000700a00000, 0x0000000700b00000, 0x0000000700b00000|100%| O|  |TAMS 0x0000000700b00000, 0x0000000700a00000| Untracked 
|  11|0x0000000700b00000, 0x0000000700c00000, 0x0000000700c00000|100%| O|  |TAMS 0x0000000700c00000, 0x0000000700b00000| Untracked 
|  12|0x0000000700c00000, 0x0000000700d00000, 0x0000000700d00000|100%| O|  |TAMS 0x0000000700d00000, 0x0000000700c00000| Untracked 
|  13|0x0000000700d00000, 0x0000000700e00000, 0x0000000700e00000|100%| O|  |TAMS 0x0000000700e00000, 0x0000000700d00000| Untracked 
|  14|0x0000000700e00000, 0x0000000700f00000, 0x0000000700f00000|100%| O|  |TAMS 0x0000000700f00000, 0x0000000700e00000| Untracked 
|  15|0x0000000700f00000, 0x0000000701000000, 0x0000000701000000|100%| O|  |TAMS 0x0000000701000000, 0x0000000700f00000| Untracked 
|  16|0x0000000701000000, 0x0000000701100000, 0x0000000701100000|100%| O|  |TAMS 0x0000000701100000, 0x0000000701000000| Untracked 
|  17|0x0000000701100000, 0x0000000701200000, 0x0000000701200000|100%| O|  |TAMS 0x0000000701200000, 0x0000000701100000| Untracked 
|  18|0x0000000701200000, 0x0000000701300000, 0x0000000701300000|100%| O|  |TAMS 0x0000000701300000, 0x0000000701200000| Untracked 
|  19|0x0000000701300000, 0x0000000701400000, 0x0000000701400000|100%| O|  |TAMS 0x0000000701400000, 0x0000000701300000| Untracked 
|  20|0x0000000701400000, 0x0000000701500000, 0x0000000701500000|100%| O|  |TAMS 0x0000000701500000, 0x0000000701400000| Untracked 
|  21|0x0000000701500000, 0x0000000701600000, 0x0000000701600000|100%| O|  |TAMS 0x0000000701600000, 0x0000000701500000| Untracked 
|  22|0x0000000701600000, 0x0000000701700000, 0x0000000701700000|100%| O|  |TAMS 0x0000000701700000, 0x0000000701600000| Untracked 
|  23|0x0000000701700000, 0x0000000701800000, 0x0000000701800000|100%| O|  |TAMS 0x0000000701800000, 0x0000000701700000| Untracked 
|  24|0x0000000701800000, 0x0000000701900000, 0x0000000701900000|100%| O|  |TAMS 0x0000000701900000, 0x0000000701800000| Untracked 
|  25|0x0000000701900000, 0x0000000701a00000, 0x0000000701a00000|100%| O|  |TAMS 0x0000000701a00000, 0x0000000701900000| Untracked 
|  26|0x0000000701a00000, 0x0000000701b00000, 0x0000000701b00000|100%| O|  |TAMS 0x0000000701b00000, 0x0000000701a00000| Untracked 
|  27|0x0000000701b00000, 0x0000000701c00000, 0x0000000701c00000|100%| O|  |TAMS 0x0000000701c00000, 0x0000000701b00000| Untracked 
|  28|0x0000000701c00000, 0x0000000701d00000, 0x0000000701d00000|100%| O|  |TAMS 0x0000000701d00000, 0x0000000701c00000| Untracked 
|  29|0x0000000701d00000, 0x0000000701e00000, 0x0000000701e00000|100%| O|  |TAMS 0x0000000701e00000, 0x0000000701d00000| Untracked 
|  30|0x0000000701e00000, 0x0000000701f00000, 0x0000000701f00000|100%| O|  |TAMS 0x0000000701f00000, 0x0000000701e00000| Untracked 
|  31|0x0000000701f00000, 0x0000000702000000, 0x0000000702000000|100%| O|  |TAMS 0x0000000702000000, 0x0000000701f00000| Untracked 
|  32|0x0000000702000000, 0x0000000702100000, 0x0000000702100000|100%| O|  |TAMS 0x0000000702100000, 0x0000000702000000| Untracked 
|  33|0x0000000702100000, 0x0000000702200000, 0x0000000702200000|100%| O|  |TAMS 0x0000000702200000, 0x0000000702100000| Untracked 
|  34|0x0000000702200000, 0x0000000702300000, 0x0000000702300000|100%| O|  |TAMS 0x0000000702300000, 0x0000000702200000| Untracked 
|  35|0x0000000702300000, 0x0000000702400000, 0x0000000702400000|100%| O|  |TAMS 0x0000000702400000, 0x0000000702300000| Untracked 
|  36|0x0000000702400000, 0x0000000702500000, 0x0000000702500000|100%| O|  |TAMS 0x0000000702500000, 0x0000000702400000| Untracked 
|  37|0x0000000702500000, 0x0000000702600000, 0x0000000702600000|100%| O|  |TAMS 0x0000000702600000, 0x0000000702500000| Untracked 
|  38|0x0000000702600000, 0x0000000702700000, 0x0000000702700000|100%| O|  |TAMS 0x0000000702700000, 0x0000000702600000| Untracked 
|  39|0x0000000702700000, 0x0000000702800000, 0x0000000702800000|100%| O|  |TAMS 0x0000000702800000, 0x0000000702700000| Untracked 
|  40|0x0000000702800000, 0x0000000702900000, 0x0000000702900000|100%| O|  |TAMS 0x0000000702900000, 0x0000000702800000| Untracked 
|  41|0x0000000702900000, 0x0000000702a00000, 0x0000000702a00000|100%| O|  |TAMS 0x0000000702a00000, 0x0000000702900000| Untracked 
|  42|0x0000000702a00000, 0x0000000702b00000, 0x0000000702b00000|100%| O|  |TAMS 0x0000000702b00000, 0x0000000702a00000| Untracked 
|  43|0x0000000702b00000, 0x0000000702c00000, 0x0000000702c00000|100%| O|  |TAMS 0x0000000702c00000, 0x0000000702b00000| Untracked 
|  44|0x0000000702c00000, 0x0000000702d00000, 0x0000000702d00000|100%| O|  |TAMS 0x0000000702d00000, 0x0000000702c00000| Untracked 
|  45|0x0000000702d00000, 0x0000000702e00000, 0x0000000702e00000|100%| O|  |TAMS 0x0000000702e00000, 0x0000000702d00000| Untracked 
|  46|0x0000000702e00000, 0x0000000702f00000, 0x0000000702f00000|100%| O|  |TAMS 0x0000000702f00000, 0x0000000702e00000| Untracked 
|  47|0x0000000702f00000, 0x0000000702f00000, 0x0000000703000000|  0%| F|  |TAMS 0x0000000702f00000, 0x0000000702f00000| Untracked 
|  48|0x0000000703000000, 0x0000000703100000, 0x0000000703100000|100%| O|  |TAMS 0x0000000703100000, 0x0000000703000000| Untracked 
|  49|0x0000000703100000, 0x0000000703200000, 0x0000000703200000|100%| O|  |TAMS 0x0000000703200000, 0x0000000703100000| Untracked 
|  50|0x0000000703200000, 0x0000000703300000, 0x0000000703300000|100%| O|  |TAMS 0x0000000703300000, 0x0000000703200000| Untracked 
|  51|0x0000000703300000, 0x0000000703400000, 0x0000000703400000|100%| O|  |TAMS 0x0000000703400000, 0x0000000703300000| Untracked 
|  52|0x0000000703400000, 0x0000000703500000, 0x0000000703500000|100%| O|  |TAMS 0x0000000703500000, 0x0000000703400000| Untracked 
|  53|0x0000000703500000, 0x0000000703600000, 0x0000000703600000|100%| O|  |TAMS 0x0000000703600000, 0x0000000703500000| Untracked 
|  54|0x0000000703600000, 0x0000000703700000, 0x0000000703700000|100%| O|  |TAMS 0x0000000703700000, 0x0000000703600000| Untracked 
|  55|0x0000000703700000, 0x0000000703800000, 0x0000000703800000|100%| O|  |TAMS 0x0000000703800000, 0x0000000703700000| Untracked 
|  56|0x0000000703800000, 0x0000000703900000, 0x0000000703900000|100%| O|  |TAMS 0x0000000703900000, 0x0000000703800000| Untracked 
|  57|0x0000000703900000, 0x0000000703a00000, 0x0000000703a00000|100%| O|  |TAMS 0x0000000703a00000, 0x0000000703900000| Untracked 
|  58|0x0000000703a00000, 0x0000000703b00000, 0x0000000703b00000|100%| O|  |TAMS 0x0000000703b00000, 0x0000000703a00000| Untracked 
|  59|0x0000000703b00000, 0x0000000703c00000, 0x0000000703c00000|100%| O|  |TAMS 0x0000000703c00000, 0x0000000703b00000| Untracked 
|  60|0x0000000703c00000, 0x0000000703d00000, 0x0000000703d00000|100%| O|  |TAMS 0x0000000703d00000, 0x0000000703c00000| Untracked 
|  61|0x0000000703d00000, 0x0000000703e00000, 0x0000000703e00000|100%| O|  |TAMS 0x0000000703e00000, 0x0000000703d00000| Untracked 
|  62|0x0000000703e00000, 0x0000000703f00000, 0x0000000703f00000|100%| O|  |TAMS 0x0000000703f00000, 0x0000000703e00000| Untracked 
|  63|0x0000000703f00000, 0x0000000704000000, 0x0000000704000000|100%| O|  |TAMS 0x0000000704000000, 0x0000000703f00000| Untracked 
|  64|0x0000000704000000, 0x0000000704100000, 0x0000000704100000|100%| O|  |TAMS 0x0000000704100000, 0x0000000704000000| Untracked 
|  65|0x0000000704100000, 0x0000000704200000, 0x0000000704200000|100%| O|  |TAMS 0x0000000704200000, 0x0000000704100000| Untracked 
|  66|0x0000000704200000, 0x0000000704300000, 0x0000000704300000|100%| O|  |TAMS 0x0000000704300000, 0x0000000704200000| Untracked 
|  67|0x0000000704300000, 0x0000000704400000, 0x0000000704400000|100%| O|  |TAMS 0x0000000704400000, 0x0000000704300000| Untracked 
|  68|0x0000000704400000, 0x0000000704500000, 0x0000000704500000|100%| O|  |TAMS 0x0000000704500000, 0x0000000704400000| Untracked 
|  69|0x0000000704500000, 0x0000000704600000, 0x0000000704600000|100%| O|  |TAMS 0x0000000704600000, 0x0000000704500000| Untracked 
|  70|0x0000000704600000, 0x0000000704700000, 0x0000000704700000|100%| O|  |TAMS 0x0000000704700000, 0x0000000704600000| Untracked 
|  71|0x0000000704700000, 0x0000000704800000, 0x0000000704800000|100%| O|  |TAMS 0x0000000704800000, 0x0000000704700000| Untracked 
|  72|0x0000000704800000, 0x0000000704900000, 0x0000000704900000|100%| O|  |TAMS 0x0000000704900000, 0x0000000704800000| Untracked 
|  73|0x0000000704900000, 0x0000000704a00000, 0x0000000704a00000|100%| O|  |TAMS 0x0000000704a00000, 0x0000000704900000| Untracked 
|  74|0x0000000704a00000, 0x0000000704b00000, 0x0000000704b00000|100%| O|  |TAMS 0x0000000704b00000, 0x0000000704a00000| Untracked 
|  75|0x0000000704b00000, 0x0000000704c00000, 0x0000000704c00000|100%| O|  |TAMS 0x0000000704c00000, 0x0000000704b00000| Untracked 
|  76|0x0000000704c00000, 0x0000000704d00000, 0x0000000704d00000|100%| O|  |TAMS 0x0000000704d00000, 0x0000000704c00000| Untracked 
|  77|0x0000000704d00000, 0x0000000704e00000, 0x0000000704e00000|100%| O|  |TAMS 0x0000000704e00000, 0x0000000704d00000| Untracked 
|  78|0x0000000704e00000, 0x0000000704f00000, 0x0000000704f00000|100%| O|  |TAMS 0x0000000704f00000, 0x0000000704e00000| Untracked 
|  79|0x0000000704f00000, 0x0000000705000000, 0x0000000705000000|100%| O|  |TAMS 0x0000000705000000, 0x0000000704f00000| Untracked 
|  80|0x0000000705000000, 0x0000000705100000, 0x0000000705100000|100%| O|  |TAMS 0x0000000705100000, 0x0000000705000000| Untracked 
|  81|0x0000000705100000, 0x0000000705200000, 0x0000000705200000|100%| O|  |TAMS 0x0000000705200000, 0x0000000705100000| Untracked 
|  82|0x0000000705200000, 0x0000000705300000, 0x0000000705300000|100%| O|  |TAMS 0x0000000705300000, 0x0000000705200000| Untracked 
|  83|0x0000000705300000, 0x0000000705400000, 0x0000000705400000|100%| O|  |TAMS 0x0000000705400000, 0x0000000705300000| Untracked 
|  84|0x0000000705400000, 0x0000000705500000, 0x0000000705500000|100%| O|  |TAMS 0x0000000705500000, 0x0000000705400000| Untracked 
|  85|0x0000000705500000, 0x0000000705600000, 0x0000000705600000|100%| O|  |TAMS 0x0000000705600000, 0x0000000705500000| Untracked 
|  86|0x0000000705600000, 0x0000000705700000, 0x0000000705700000|100%| O|  |TAMS 0x0000000705700000, 0x0000000705600000| Untracked 
|  87|0x0000000705700000, 0x0000000705800000, 0x0000000705800000|100%| O|  |TAMS 0x0000000705800000, 0x0000000705700000| Untracked 
|  88|0x0000000705800000, 0x0000000705900000, 0x0000000705900000|100%| O|  |TAMS 0x0000000705900000, 0x0000000705800000| Untracked 
|  89|0x0000000705900000, 0x0000000705a00000, 0x0000000705a00000|100%| O|  |TAMS 0x0000000705a00000, 0x0000000705900000| Untracked 
|  90|0x0000000705a00000, 0x0000000705b00000, 0x0000000705b00000|100%| O|  |TAMS 0x0000000705b00000, 0x0000000705a00000| Untracked 
|  91|0x0000000705b00000, 0x0000000705c00000, 0x0000000705c00000|100%| O|  |TAMS 0x0000000705c00000, 0x0000000705b00000| Untracked 
|  92|0x0000000705c00000, 0x0000000705d00000, 0x0000000705d00000|100%| O|  |TAMS 0x0000000705d00000, 0x0000000705c00000| Untracked 
|  93|0x0000000705d00000, 0x0000000705e00000, 0x0000000705e00000|100%| O|  |TAMS 0x0000000705e00000, 0x0000000705d00000| Untracked 
|  94|0x0000000705e00000, 0x0000000705f00000, 0x0000000705f00000|100%| O|  |TAMS 0x0000000705f00000, 0x0000000705e00000| Untracked 
|  95|0x0000000705f00000, 0x0000000706000000, 0x0000000706000000|100%| O|  |TAMS 0x0000000706000000, 0x0000000705f00000| Untracked 
|  96|0x0000000706000000, 0x0000000706100000, 0x0000000706100000|100%| O|  |TAMS 0x0000000706000000, 0x0000000706000000| Untracked 
|  97|0x0000000706100000, 0x0000000706100000, 0x0000000706200000|  0%| F|  |TAMS 0x0000000706100000, 0x0000000706100000| Untracked 
|  98|0x0000000706200000, 0x0000000706300000, 0x0000000706300000|100%| O|  |TAMS 0x0000000706300000, 0x0000000706200000| Untracked 
|  99|0x0000000706300000, 0x0000000706400000, 0x0000000706400000|100%| O|  |TAMS 0x0000000706400000, 0x0000000706300000| Untracked 
| 100|0x0000000706400000, 0x0000000706500000, 0x0000000706500000|100%| O|  |TAMS 0x0000000706500000, 0x0000000706400000| Untracked 
| 101|0x0000000706500000, 0x0000000706600000, 0x0000000706600000|100%| O|  |TAMS 0x0000000706600000, 0x0000000706500000| Untracked 
| 102|0x0000000706600000, 0x0000000706700000, 0x0000000706700000|100%| O|  |TAMS 0x0000000706700000, 0x0000000706600000| Untracked 
| 103|0x0000000706700000, 0x0000000706800000, 0x0000000706800000|100%| O|  |TAMS 0x0000000706800000, 0x0000000706700000| Untracked 
| 104|0x0000000706800000, 0x0000000706900000, 0x0000000706900000|100%| O|  |TAMS 0x0000000706900000, 0x0000000706800000| Untracked 
| 105|0x0000000706900000, 0x0000000706a00000, 0x0000000706a00000|100%| O|  |TAMS 0x0000000706a00000, 0x0000000706900000| Untracked 
| 106|0x0000000706a00000, 0x0000000706a00000, 0x0000000706b00000|  0%| F|  |TAMS 0x0000000706a00000, 0x0000000706a00000| Untracked 
| 107|0x0000000706b00000, 0x0000000706c00000, 0x0000000706c00000|100%| O|  |TAMS 0x0000000706c00000, 0x0000000706b00000| Untracked 
| 108|0x0000000706c00000, 0x0000000706c00000, 0x0000000706d00000|  0%| F|  |TAMS 0x0000000706c00000, 0x0000000706c00000| Untracked 
| 109|0x0000000706d00000, 0x0000000706d00000, 0x0000000706e00000|  0%| F|  |TAMS 0x0000000706d00000, 0x0000000706d00000| Untracked 
| 110|0x0000000706e00000, 0x0000000706f00000, 0x0000000706f00000|100%| O|  |TAMS 0x0000000706e00000, 0x0000000706e00000| Untracked 
| 111|0x0000000706f00000, 0x0000000706fb5200, 0x0000000707000000| 70%| O|  |TAMS 0x0000000706f00000, 0x0000000706f00000| Untracked 
| 112|0x0000000707000000, 0x0000000707100000, 0x0000000707100000|100%| O|  |TAMS 0x0000000707100000, 0x0000000707000000| Untracked 
| 113|0x0000000707100000, 0x0000000707200000, 0x0000000707200000|100%| O|  |TAMS 0x0000000707200000, 0x0000000707100000| Untracked 
| 114|0x0000000707200000, 0x0000000707300000, 0x0000000707300000|100%| O|  |TAMS 0x0000000707300000, 0x0000000707200000| Untracked 
| 115|0x0000000707300000, 0x0000000707400000, 0x0000000707400000|100%| O|  |TAMS 0x0000000707400000, 0x0000000707300000| Untracked 
| 116|0x0000000707400000, 0x0000000707400000, 0x0000000707500000|  0%| F|  |TAMS 0x0000000707400000, 0x0000000707400000| Untracked 
| 117|0x0000000707500000, 0x0000000707600000, 0x0000000707600000|100%| O|  |TAMS 0x0000000707600000, 0x0000000707500000| Untracked 
| 118|0x0000000707600000, 0x0000000707700000, 0x0000000707700000|100%| O|  |TAMS 0x0000000707700000, 0x0000000707600000| Untracked 
| 119|0x0000000707700000, 0x0000000707800000, 0x0000000707800000|100%| O|  |TAMS 0x0000000707800000, 0x0000000707700000| Untracked 
| 120|0x0000000707800000, 0x0000000707800000, 0x0000000707900000|  0%| F|  |TAMS 0x0000000707800000, 0x0000000707800000| Untracked 
| 121|0x0000000707900000, 0x0000000707a00000, 0x0000000707a00000|100%|HS|  |TAMS 0x0000000707a00000, 0x0000000707900000| Complete 
| 122|0x0000000707a00000, 0x0000000707b00000, 0x0000000707b00000|100%|HC|  |TAMS 0x0000000707b00000, 0x0000000707a00000| Complete 
| 123|0x0000000707b00000, 0x0000000707b00000, 0x0000000707c00000|  0%| F|  |TAMS 0x0000000707b00000, 0x0000000707b00000| Untracked 
| 124|0x0000000707c00000, 0x0000000707c00000, 0x0000000707d00000|  0%| F|  |TAMS 0x0000000707c00000, 0x0000000707c00000| Untracked 
| 125|0x0000000707d00000, 0x0000000707d00000, 0x0000000707e00000|  0%| F|  |TAMS 0x0000000707d00000, 0x0000000707d00000| Untracked 
| 126|0x0000000707e00000, 0x0000000707e00000, 0x0000000707f00000|  0%| F|  |TAMS 0x0000000707e00000, 0x0000000707e00000| Untracked 
| 127|0x0000000707f00000, 0x0000000707f00000, 0x0000000708000000|  0%| F|  |TAMS 0x0000000707f00000, 0x0000000707f00000| Untracked 
| 128|0x0000000708000000, 0x0000000708000000, 0x0000000708100000|  0%| F|  |TAMS 0x0000000708000000, 0x0000000708000000| Untracked 
| 129|0x0000000708100000, 0x0000000708100000, 0x0000000708200000|  0%| F|  |TAMS 0x0000000708100000, 0x0000000708100000| Untracked 
| 130|0x0000000708200000, 0x0000000708200000, 0x0000000708300000|  0%| F|  |TAMS 0x0000000708200000, 0x0000000708200000| Untracked 
| 131|0x0000000708300000, 0x0000000708300000, 0x0000000708400000|  0%| F|  |TAMS 0x0000000708300000, 0x0000000708300000| Untracked 
| 132|0x0000000708400000, 0x0000000708400000, 0x0000000708500000|  0%| F|  |TAMS 0x0000000708400000, 0x0000000708400000| Untracked 
| 133|0x0000000708500000, 0x0000000708500000, 0x0000000708600000|  0%| F|  |TAMS 0x0000000708500000, 0x0000000708500000| Untracked 
| 134|0x0000000708600000, 0x0000000708600000, 0x0000000708700000|  0%| F|  |TAMS 0x0000000708600000, 0x0000000708600000| Untracked 
| 135|0x0000000708700000, 0x0000000708700000, 0x0000000708800000|  0%| F|  |TAMS 0x0000000708700000, 0x0000000708700000| Untracked 
| 136|0x0000000708800000, 0x0000000708800000, 0x0000000708900000|  0%| F|  |TAMS 0x0000000708800000, 0x0000000708800000| Untracked 
| 137|0x0000000708900000, 0x0000000708900000, 0x0000000708a00000|  0%| F|  |TAMS 0x0000000708900000, 0x0000000708900000| Untracked 
| 138|0x0000000708a00000, 0x0000000708a00000, 0x0000000708b00000|  0%| F|  |TAMS 0x0000000708a00000, 0x0000000708a00000| Untracked 
| 139|0x0000000708b00000, 0x0000000708b00000, 0x0000000708c00000|  0%| F|  |TAMS 0x0000000708b00000, 0x0000000708b00000| Untracked 
| 140|0x0000000708c00000, 0x0000000708c00000, 0x0000000708d00000|  0%| F|  |TAMS 0x0000000708c00000, 0x0000000708c00000| Untracked 
| 141|0x0000000708d00000, 0x0000000708d00000, 0x0000000708e00000|  0%| F|  |TAMS 0x0000000708d00000, 0x0000000708d00000| Untracked 
| 142|0x0000000708e00000, 0x0000000708e00000, 0x0000000708f00000|  0%| F|  |TAMS 0x0000000708e00000, 0x0000000708e00000| Untracked 
| 143|0x0000000708f00000, 0x0000000708f00000, 0x0000000709000000|  0%| F|  |TAMS 0x0000000708f00000, 0x0000000708f00000| Untracked 
| 144|0x0000000709000000, 0x0000000709000000, 0x0000000709100000|  0%| F|  |TAMS 0x0000000709000000, 0x0000000709000000| Untracked 
| 145|0x0000000709100000, 0x0000000709100000, 0x0000000709200000|  0%| F|  |TAMS 0x0000000709100000, 0x0000000709100000| Untracked 
| 146|0x0000000709200000, 0x0000000709200000, 0x0000000709300000|  0%| F|  |TAMS 0x0000000709200000, 0x0000000709200000| Untracked 
| 147|0x0000000709300000, 0x0000000709300000, 0x0000000709400000|  0%| F|  |TAMS 0x0000000709300000, 0x0000000709300000| Untracked 
| 148|0x0000000709400000, 0x0000000709400000, 0x0000000709500000|  0%| F|  |TAMS 0x0000000709400000, 0x0000000709400000| Untracked 
| 149|0x0000000709500000, 0x0000000709500000, 0x0000000709600000|  0%| F|  |TAMS 0x0000000709500000, 0x0000000709500000| Untracked 
| 150|0x0000000709600000, 0x0000000709600000, 0x0000000709700000|  0%| F|  |TAMS 0x0000000709600000, 0x0000000709600000| Untracked 
| 151|0x0000000709700000, 0x0000000709700000, 0x0000000709800000|  0%| F|  |TAMS 0x0000000709700000, 0x0000000709700000| Untracked 
| 152|0x0000000709800000, 0x0000000709800000, 0x0000000709900000|  0%| F|  |TAMS 0x0000000709800000, 0x0000000709800000| Untracked 
| 153|0x0000000709900000, 0x0000000709900000, 0x0000000709a00000|  0%| F|  |TAMS 0x0000000709900000, 0x0000000709900000| Untracked 
| 154|0x0000000709a00000, 0x0000000709a00000, 0x0000000709b00000|  0%| F|  |TAMS 0x0000000709a00000, 0x0000000709a00000| Untracked 
| 155|0x0000000709b00000, 0x0000000709b00000, 0x0000000709c00000|  0%| F|  |TAMS 0x0000000709b00000, 0x0000000709b00000| Untracked 
| 156|0x0000000709c00000, 0x0000000709c00000, 0x0000000709d00000|  0%| F|  |TAMS 0x0000000709c00000, 0x0000000709c00000| Untracked 
| 157|0x0000000709d00000, 0x0000000709d00000, 0x0000000709e00000|  0%| F|  |TAMS 0x0000000709d00000, 0x0000000709d00000| Untracked 
| 158|0x0000000709e00000, 0x0000000709e00000, 0x0000000709f00000|  0%| F|  |TAMS 0x0000000709e00000, 0x0000000709e00000| Untracked 
| 159|0x0000000709f00000, 0x0000000709f00000, 0x000000070a000000|  0%| F|  |TAMS 0x0000000709f00000, 0x0000000709f00000| Untracked 
| 160|0x000000070a000000, 0x000000070a000000, 0x000000070a100000|  0%| F|  |TAMS 0x000000070a000000, 0x000000070a000000| Untracked 
| 161|0x000000070a100000, 0x000000070a100000, 0x000000070a200000|  0%| F|  |TAMS 0x000000070a100000, 0x000000070a100000| Untracked 
| 162|0x000000070a200000, 0x000000070a200000, 0x000000070a300000|  0%| F|  |TAMS 0x000000070a200000, 0x000000070a200000| Untracked 
| 163|0x000000070a300000, 0x000000070a300000, 0x000000070a400000|  0%| F|  |TAMS 0x000000070a300000, 0x000000070a300000| Untracked 
| 164|0x000000070a400000, 0x000000070a400000, 0x000000070a500000|  0%| F|  |TAMS 0x000000070a400000, 0x000000070a400000| Untracked 
| 165|0x000000070a500000, 0x000000070a500000, 0x000000070a600000|  0%| F|  |TAMS 0x000000070a500000, 0x000000070a500000| Untracked 
| 166|0x000000070a600000, 0x000000070a600000, 0x000000070a700000|  0%| F|  |TAMS 0x000000070a600000, 0x000000070a600000| Untracked 
| 167|0x000000070a700000, 0x000000070a700000, 0x000000070a800000|  0%| F|  |TAMS 0x000000070a700000, 0x000000070a700000| Untracked 
| 168|0x000000070a800000, 0x000000070a800000, 0x000000070a900000|  0%| F|  |TAMS 0x000000070a800000, 0x000000070a800000| Untracked 
| 169|0x000000070a900000, 0x000000070aa00000, 0x000000070aa00000|100%| O|  |TAMS 0x000000070aa00000, 0x000000070a900000| Untracked 
| 170|0x000000070aa00000, 0x000000070aa00000, 0x000000070ab00000|  0%| F|  |TAMS 0x000000070aa00000, 0x000000070aa00000| Untracked 
| 171|0x000000070ab00000, 0x000000070ac00000, 0x000000070ac00000|100%| O|  |TAMS 0x000000070ac00000, 0x000000070ab00000| Untracked 
| 172|0x000000070ac00000, 0x000000070ac00000, 0x000000070ad00000|  0%| F|  |TAMS 0x000000070ac00000, 0x000000070ac00000| Untracked 
| 173|0x000000070ad00000, 0x000000070ad00000, 0x000000070ae00000|  0%| F|  |TAMS 0x000000070ad00000, 0x000000070ad00000| Untracked 
| 174|0x000000070ae00000, 0x000000070ae00000, 0x000000070af00000|  0%| F|  |TAMS 0x000000070ae00000, 0x000000070ae00000| Untracked 
| 175|0x000000070af00000, 0x000000070af00000, 0x000000070b000000|  0%| F|  |TAMS 0x000000070af00000, 0x000000070af00000| Untracked 
| 176|0x000000070b000000, 0x000000070b100000, 0x000000070b100000|100%| O|  |TAMS 0x000000070b100000, 0x000000070b000000| Untracked 
| 177|0x000000070b100000, 0x000000070b100000, 0x000000070b200000|  0%| F|  |TAMS 0x000000070b100000, 0x000000070b100000| Untracked 
| 178|0x000000070b200000, 0x000000070b300000, 0x000000070b300000|100%| O|  |TAMS 0x000000070b300000, 0x000000070b200000| Untracked 
| 179|0x000000070b300000, 0x000000070b400000, 0x000000070b400000|100%| O|  |TAMS 0x000000070b400000, 0x000000070b300000| Untracked 
| 180|0x000000070b400000, 0x000000070b400000, 0x000000070b500000|  0%| F|  |TAMS 0x000000070b400000, 0x000000070b400000| Untracked 
| 181|0x000000070b500000, 0x000000070b500000, 0x000000070b600000|  0%| F|  |TAMS 0x000000070b500000, 0x000000070b500000| Untracked 
| 182|0x000000070b600000, 0x000000070b600000, 0x000000070b700000|  0%| F|  |TAMS 0x000000070b600000, 0x000000070b600000| Untracked 
| 183|0x000000070b700000, 0x000000070b700000, 0x000000070b800000|  0%| F|  |TAMS 0x000000070b700000, 0x000000070b700000| Untracked 
| 184|0x000000070b800000, 0x000000070b800000, 0x000000070b900000|  0%| F|  |TAMS 0x000000070b800000, 0x000000070b800000| Untracked 
| 185|0x000000070b900000, 0x000000070b900000, 0x000000070ba00000|  0%| F|  |TAMS 0x000000070b900000, 0x000000070b900000| Untracked 
| 186|0x000000070ba00000, 0x000000070ba00000, 0x000000070bb00000|  0%| F|  |TAMS 0x000000070ba00000, 0x000000070ba00000| Untracked 
| 187|0x000000070bb00000, 0x000000070bb00000, 0x000000070bc00000|  0%| F|  |TAMS 0x000000070bb00000, 0x000000070bb00000| Untracked 
| 188|0x000000070bc00000, 0x000000070bc00000, 0x000000070bd00000|  0%| F|  |TAMS 0x000000070bc00000, 0x000000070bc00000| Untracked 
| 189|0x000000070bd00000, 0x000000070be00000, 0x000000070be00000|100%| O|  |TAMS 0x000000070be00000, 0x000000070bd00000| Untracked 
| 190|0x000000070be00000, 0x000000070bf00000, 0x000000070bf00000|100%| O|  |TAMS 0x000000070bf00000, 0x000000070be00000| Untracked 
| 191|0x000000070bf00000, 0x000000070bf00000, 0x000000070c000000|  0%| F|  |TAMS 0x000000070bf00000, 0x000000070bf00000| Untracked 
| 192|0x000000070c000000, 0x000000070c000000, 0x000000070c100000|  0%| F|  |TAMS 0x000000070c000000, 0x000000070c000000| Untracked 
| 193|0x000000070c100000, 0x000000070c100000, 0x000000070c200000|  0%| F|  |TAMS 0x000000070c100000, 0x000000070c100000| Untracked 
| 194|0x000000070c200000, 0x000000070c300000, 0x000000070c300000|100%| O|  |TAMS 0x000000070c300000, 0x000000070c200000| Untracked 
| 195|0x000000070c300000, 0x000000070c300000, 0x000000070c400000|  0%| F|  |TAMS 0x000000070c300000, 0x000000070c300000| Untracked 
| 196|0x000000070c400000, 0x000000070c500000, 0x000000070c500000|100%| O|  |TAMS 0x000000070c500000, 0x000000070c400000| Untracked 
| 197|0x000000070c500000, 0x000000070c600000, 0x000000070c600000|100%| O|  |TAMS 0x000000070c5c8000, 0x000000070c500000| Untracked 
| 198|0x000000070c600000, 0x000000070c600000, 0x000000070c700000|  0%| F|  |TAMS 0x000000070c600000, 0x000000070c600000| Untracked 
| 199|0x000000070c700000, 0x000000070c700000, 0x000000070c800000|  0%| F|  |TAMS 0x000000070c700000, 0x000000070c700000| Untracked 
| 200|0x000000070c800000, 0x000000070c800000, 0x000000070c900000|  0%| F|  |TAMS 0x000000070c800000, 0x000000070c800000| Untracked 
| 201|0x000000070c900000, 0x000000070c900000, 0x000000070ca00000|  0%| F|  |TAMS 0x000000070c900000, 0x000000070c900000| Untracked 
| 202|0x000000070ca00000, 0x000000070ca00000, 0x000000070cb00000|  0%| F|  |TAMS 0x000000070ca00000, 0x000000070ca00000| Untracked 
| 203|0x000000070cb00000, 0x000000070cb00000, 0x000000070cc00000|  0%| F|  |TAMS 0x000000070cb00000, 0x000000070cb00000| Untracked 
| 204|0x000000070cc00000, 0x000000070cc00000, 0x000000070cd00000|  0%| F|  |TAMS 0x000000070cc00000, 0x000000070cc00000| Untracked 
| 205|0x000000070cd00000, 0x000000070cd00000, 0x000000070ce00000|  0%| F|  |TAMS 0x000000070cd00000, 0x000000070cd00000| Untracked 
| 206|0x000000070ce00000, 0x000000070ce00000, 0x000000070cf00000|  0%| F|  |TAMS 0x000000070ce00000, 0x000000070ce00000| Untracked 
| 207|0x000000070cf00000, 0x000000070cf00000, 0x000000070d000000|  0%| F|  |TAMS 0x000000070cf00000, 0x000000070cf00000| Untracked 
| 208|0x000000070d000000, 0x000000070d000000, 0x000000070d100000|  0%| F|  |TAMS 0x000000070d000000, 0x000000070d000000| Untracked 
| 209|0x000000070d100000, 0x000000070d100000, 0x000000070d200000|  0%| F|  |TAMS 0x000000070d100000, 0x000000070d100000| Untracked 
| 210|0x000000070d200000, 0x000000070d200000, 0x000000070d300000|  0%| F|  |TAMS 0x000000070d200000, 0x000000070d200000| Untracked 
| 211|0x000000070d300000, 0x000000070d300000, 0x000000070d400000|  0%| F|  |TAMS 0x000000070d300000, 0x000000070d300000| Untracked 
| 212|0x000000070d400000, 0x000000070d400000, 0x000000070d500000|  0%| F|  |TAMS 0x000000070d400000, 0x000000070d400000| Untracked 
| 213|0x000000070d500000, 0x000000070d500000, 0x000000070d600000|  0%| F|  |TAMS 0x000000070d500000, 0x000000070d500000| Untracked 
| 214|0x000000070d600000, 0x000000070d600000, 0x000000070d700000|  0%| F|  |TAMS 0x000000070d600000, 0x000000070d600000| Untracked 
| 215|0x000000070d700000, 0x000000070d700000, 0x000000070d800000|  0%| F|  |TAMS 0x000000070d700000, 0x000000070d700000| Untracked 
| 216|0x000000070d800000, 0x000000070d800000, 0x000000070d900000|  0%| F|  |TAMS 0x000000070d800000, 0x000000070d800000| Untracked 
| 217|0x000000070d900000, 0x000000070d900000, 0x000000070da00000|  0%| F|  |TAMS 0x000000070d900000, 0x000000070d900000| Untracked 
| 218|0x000000070da00000, 0x000000070da00000, 0x000000070db00000|  0%| F|  |TAMS 0x000000070da00000, 0x000000070da00000| Untracked 
| 219|0x000000070db00000, 0x000000070db00000, 0x000000070dc00000|  0%| F|  |TAMS 0x000000070db00000, 0x000000070db00000| Untracked 
| 220|0x000000070dc00000, 0x000000070dc00000, 0x000000070dd00000|  0%| F|  |TAMS 0x000000070dc00000, 0x000000070dc00000| Untracked 
| 221|0x000000070dd00000, 0x000000070dd00000, 0x000000070de00000|  0%| F|  |TAMS 0x000000070dd00000, 0x000000070dd00000| Untracked 
| 222|0x000000070de00000, 0x000000070de00000, 0x000000070df00000|  0%| F|  |TAMS 0x000000070de00000, 0x000000070de00000| Untracked 
| 223|0x000000070df00000, 0x000000070df00000, 0x000000070e000000|  0%| F|  |TAMS 0x000000070df00000, 0x000000070df00000| Untracked 
| 224|0x000000070e000000, 0x000000070e000000, 0x000000070e100000|  0%| F|  |TAMS 0x000000070e000000, 0x000000070e000000| Untracked 
| 225|0x000000070e100000, 0x000000070e100000, 0x000000070e200000|  0%| F|  |TAMS 0x000000070e100000, 0x000000070e100000| Untracked 
| 226|0x000000070e200000, 0x000000070e200000, 0x000000070e300000|  0%| F|  |TAMS 0x000000070e200000, 0x000000070e200000| Untracked 
| 227|0x000000070e300000, 0x000000070e300000, 0x000000070e400000|  0%| F|  |TAMS 0x000000070e300000, 0x000000070e300000| Untracked 
| 228|0x000000070e400000, 0x000000070e400000, 0x000000070e500000|  0%| F|  |TAMS 0x000000070e400000, 0x000000070e400000| Untracked 
| 229|0x000000070e500000, 0x000000070e500000, 0x000000070e600000|  0%| F|  |TAMS 0x000000070e500000, 0x000000070e500000| Untracked 
| 230|0x000000070e600000, 0x000000070e600000, 0x000000070e700000|  0%| F|  |TAMS 0x000000070e600000, 0x000000070e600000| Untracked 
| 231|0x000000070e700000, 0x000000070e700000, 0x000000070e800000|  0%| F|  |TAMS 0x000000070e700000, 0x000000070e700000| Untracked 
| 232|0x000000070e800000, 0x000000070e800000, 0x000000070e900000|  0%| F|  |TAMS 0x000000070e800000, 0x000000070e800000| Untracked 
| 233|0x000000070e900000, 0x000000070e900000, 0x000000070ea00000|  0%| F|  |TAMS 0x000000070e900000, 0x000000070e900000| Untracked 
| 234|0x000000070ea00000, 0x000000070ea00000, 0x000000070eb00000|  0%| F|  |TAMS 0x000000070ea00000, 0x000000070ea00000| Untracked 
| 235|0x000000070eb00000, 0x000000070eb00000, 0x000000070ec00000|  0%| F|  |TAMS 0x000000070eb00000, 0x000000070eb00000| Untracked 
| 236|0x000000070ec00000, 0x000000070ec00000, 0x000000070ed00000|  0%| F|  |TAMS 0x000000070ec00000, 0x000000070ec00000| Untracked 
| 237|0x000000070ed00000, 0x000000070ed00000, 0x000000070ee00000|  0%| F|  |TAMS 0x000000070ed00000, 0x000000070ed00000| Untracked 
| 238|0x000000070ee00000, 0x000000070ee00000, 0x000000070ef00000|  0%| F|  |TAMS 0x000000070ee00000, 0x000000070ee00000| Untracked 
| 239|0x000000070ef00000, 0x000000070ef00000, 0x000000070f000000|  0%| F|  |TAMS 0x000000070ef00000, 0x000000070ef00000| Untracked 
| 240|0x000000070f000000, 0x000000070f000000, 0x000000070f100000|  0%| F|  |TAMS 0x000000070f000000, 0x000000070f000000| Untracked 
| 241|0x000000070f100000, 0x000000070f100000, 0x000000070f200000|  0%| F|  |TAMS 0x000000070f100000, 0x000000070f100000| Untracked 
| 242|0x000000070f200000, 0x000000070f200000, 0x000000070f300000|  0%| F|  |TAMS 0x000000070f200000, 0x000000070f200000| Untracked 
| 243|0x000000070f300000, 0x000000070f300000, 0x000000070f400000|  0%| F|  |TAMS 0x000000070f300000, 0x000000070f300000| Untracked 
| 244|0x000000070f400000, 0x000000070f400000, 0x000000070f500000|  0%| F|  |TAMS 0x000000070f400000, 0x000000070f400000| Untracked 
| 245|0x000000070f500000, 0x000000070f500000, 0x000000070f600000|  0%| F|  |TAMS 0x000000070f500000, 0x000000070f500000| Untracked 
| 246|0x000000070f600000, 0x000000070f600000, 0x000000070f700000|  0%| F|  |TAMS 0x000000070f600000, 0x000000070f600000| Untracked 
| 247|0x000000070f700000, 0x000000070f700000, 0x000000070f800000|  0%| F|  |TAMS 0x000000070f700000, 0x000000070f700000| Untracked 
| 248|0x000000070f800000, 0x000000070f800000, 0x000000070f900000|  0%| F|  |TAMS 0x000000070f800000, 0x000000070f800000| Untracked 
| 249|0x000000070f900000, 0x000000070f900000, 0x000000070fa00000|  0%| F|  |TAMS 0x000000070f900000, 0x000000070f900000| Untracked 
| 250|0x000000070fa00000, 0x000000070fa00000, 0x000000070fb00000|  0%| F|  |TAMS 0x000000070fa00000, 0x000000070fa00000| Untracked 
| 251|0x000000070fb00000, 0x000000070fb00000, 0x000000070fc00000|  0%| F|  |TAMS 0x000000070fb00000, 0x000000070fb00000| Untracked 
| 252|0x000000070fc00000, 0x000000070fc00000, 0x000000070fd00000|  0%| F|  |TAMS 0x000000070fc00000, 0x000000070fc00000| Untracked 
| 253|0x000000070fd00000, 0x000000070fd00000, 0x000000070fe00000|  0%| F|  |TAMS 0x000000070fd00000, 0x000000070fd00000| Untracked 
| 254|0x000000070fe00000, 0x000000070fe00000, 0x000000070ff00000|  0%| F|  |TAMS 0x000000070fe00000, 0x000000070fe00000| Untracked 
| 255|0x000000070ff00000, 0x000000070ff00000, 0x0000000710000000|  0%| F|  |TAMS 0x000000070ff00000, 0x000000070ff00000| Untracked 
| 256|0x0000000710000000, 0x0000000710000000, 0x0000000710100000|  0%| F|  |TAMS 0x0000000710000000, 0x0000000710000000| Untracked 
| 257|0x0000000710100000, 0x0000000710100000, 0x0000000710200000|  0%| F|  |TAMS 0x0000000710100000, 0x0000000710100000| Untracked 
| 258|0x0000000710200000, 0x0000000710200000, 0x0000000710300000|  0%| F|  |TAMS 0x0000000710200000, 0x0000000710200000| Untracked 
| 259|0x0000000710300000, 0x0000000710300000, 0x0000000710400000|  0%| F|  |TAMS 0x0000000710300000, 0x0000000710300000| Untracked 
| 260|0x0000000710400000, 0x0000000710400000, 0x0000000710500000|  0%| F|  |TAMS 0x0000000710400000, 0x0000000710400000| Untracked 
| 261|0x0000000710500000, 0x0000000710500000, 0x0000000710600000|  0%| F|  |TAMS 0x0000000710500000, 0x0000000710500000| Untracked 
| 262|0x0000000710600000, 0x0000000710600000, 0x0000000710700000|  0%| F|  |TAMS 0x0000000710600000, 0x0000000710600000| Untracked 
| 263|0x0000000710700000, 0x0000000710700000, 0x0000000710800000|  0%| F|  |TAMS 0x0000000710700000, 0x0000000710700000| Untracked 
| 264|0x0000000710800000, 0x0000000710800000, 0x0000000710900000|  0%| F|  |TAMS 0x0000000710800000, 0x0000000710800000| Untracked 
| 265|0x0000000710900000, 0x0000000710900000, 0x0000000710a00000|  0%| F|  |TAMS 0x0000000710900000, 0x0000000710900000| Untracked 
| 266|0x0000000710a00000, 0x0000000710a00000, 0x0000000710b00000|  0%| F|  |TAMS 0x0000000710a00000, 0x0000000710a00000| Untracked 
| 267|0x0000000710b00000, 0x0000000710b00000, 0x0000000710c00000|  0%| F|  |TAMS 0x0000000710b00000, 0x0000000710b00000| Untracked 
| 268|0x0000000710c00000, 0x0000000710c00000, 0x0000000710d00000|  0%| F|  |TAMS 0x0000000710c00000, 0x0000000710c00000| Untracked 
| 269|0x0000000710d00000, 0x0000000710d00000, 0x0000000710e00000|  0%| F|  |TAMS 0x0000000710d00000, 0x0000000710d00000| Untracked 
| 270|0x0000000710e00000, 0x0000000710e00000, 0x0000000710f00000|  0%| F|  |TAMS 0x0000000710e00000, 0x0000000710e00000| Untracked 
| 271|0x0000000710f00000, 0x0000000710f00000, 0x0000000711000000|  0%| F|  |TAMS 0x0000000710f00000, 0x0000000710f00000| Untracked 
| 272|0x0000000711000000, 0x0000000711000000, 0x0000000711100000|  0%| F|  |TAMS 0x0000000711000000, 0x0000000711000000| Untracked 
| 273|0x0000000711100000, 0x0000000711100000, 0x0000000711200000|  0%| F|  |TAMS 0x0000000711100000, 0x0000000711100000| Untracked 
| 274|0x0000000711200000, 0x0000000711200000, 0x0000000711300000|  0%| F|  |TAMS 0x0000000711200000, 0x0000000711200000| Untracked 
| 275|0x0000000711300000, 0x0000000711300000, 0x0000000711400000|  0%| F|  |TAMS 0x0000000711300000, 0x0000000711300000| Untracked 
| 276|0x0000000711400000, 0x0000000711400000, 0x0000000711500000|  0%| F|  |TAMS 0x0000000711400000, 0x0000000711400000| Untracked 
| 277|0x0000000711500000, 0x0000000711500000, 0x0000000711600000|  0%| F|  |TAMS 0x0000000711500000, 0x0000000711500000| Untracked 
| 278|0x0000000711600000, 0x0000000711600000, 0x0000000711700000|  0%| F|  |TAMS 0x0000000711600000, 0x0000000711600000| Untracked 
| 279|0x0000000711700000, 0x0000000711700000, 0x0000000711800000|  0%| F|  |TAMS 0x0000000711700000, 0x0000000711700000| Untracked 
| 280|0x0000000711800000, 0x0000000711800000, 0x0000000711900000|  0%| F|  |TAMS 0x0000000711800000, 0x0000000711800000| Untracked 
| 281|0x0000000711900000, 0x0000000711900000, 0x0000000711a00000|  0%| F|  |TAMS 0x0000000711900000, 0x0000000711900000| Untracked 
| 282|0x0000000711a00000, 0x0000000711a00000, 0x0000000711b00000|  0%| F|  |TAMS 0x0000000711a00000, 0x0000000711a00000| Untracked 
| 283|0x0000000711b00000, 0x0000000711b00000, 0x0000000711c00000|  0%| F|  |TAMS 0x0000000711b00000, 0x0000000711b00000| Untracked 
| 284|0x0000000711c00000, 0x0000000711c00000, 0x0000000711d00000|  0%| F|  |TAMS 0x0000000711c00000, 0x0000000711c00000| Untracked 
| 285|0x0000000711d00000, 0x0000000711d00000, 0x0000000711e00000|  0%| F|  |TAMS 0x0000000711d00000, 0x0000000711d00000| Untracked 
| 286|0x0000000711e00000, 0x0000000711e00000, 0x0000000711f00000|  0%| F|  |TAMS 0x0000000711e00000, 0x0000000711e00000| Untracked 
| 287|0x0000000711f00000, 0x0000000711f00000, 0x0000000712000000|  0%| F|  |TAMS 0x0000000711f00000, 0x0000000711f00000| Untracked 
| 288|0x0000000712000000, 0x0000000712000000, 0x0000000712100000|  0%| F|  |TAMS 0x0000000712000000, 0x0000000712000000| Untracked 
| 289|0x0000000712100000, 0x0000000712100000, 0x0000000712200000|  0%| F|  |TAMS 0x0000000712100000, 0x0000000712100000| Untracked 
| 290|0x0000000712200000, 0x0000000712200000, 0x0000000712300000|  0%| F|  |TAMS 0x0000000712200000, 0x0000000712200000| Untracked 
| 291|0x0000000712300000, 0x0000000712300000, 0x0000000712400000|  0%| F|  |TAMS 0x0000000712300000, 0x0000000712300000| Untracked 
| 292|0x0000000712400000, 0x0000000712400000, 0x0000000712500000|  0%| F|  |TAMS 0x0000000712400000, 0x0000000712400000| Untracked 
| 293|0x0000000712500000, 0x0000000712500000, 0x0000000712600000|  0%| F|  |TAMS 0x0000000712500000, 0x0000000712500000| Untracked 
| 294|0x0000000712600000, 0x0000000712600000, 0x0000000712700000|  0%| F|  |TAMS 0x0000000712600000, 0x0000000712600000| Untracked 
| 295|0x0000000712700000, 0x0000000712700000, 0x0000000712800000|  0%| F|  |TAMS 0x0000000712700000, 0x0000000712700000| Untracked 
| 296|0x0000000712800000, 0x0000000712800000, 0x0000000712900000|  0%| F|  |TAMS 0x0000000712800000, 0x0000000712800000| Untracked 
| 297|0x0000000712900000, 0x0000000712900000, 0x0000000712a00000|  0%| F|  |TAMS 0x0000000712900000, 0x0000000712900000| Untracked 
| 298|0x0000000712a00000, 0x0000000712a00000, 0x0000000712b00000|  0%| F|  |TAMS 0x0000000712a00000, 0x0000000712a00000| Untracked 
| 299|0x0000000712b00000, 0x0000000712b00000, 0x0000000712c00000|  0%| F|  |TAMS 0x0000000712b00000, 0x0000000712b00000| Untracked 
| 300|0x0000000712c00000, 0x0000000712c00000, 0x0000000712d00000|  0%| F|  |TAMS 0x0000000712c00000, 0x0000000712c00000| Untracked 
| 301|0x0000000712d00000, 0x0000000712d00000, 0x0000000712e00000|  0%| F|  |TAMS 0x0000000712d00000, 0x0000000712d00000| Untracked 
| 302|0x0000000712e00000, 0x0000000712e00000, 0x0000000712f00000|  0%| F|  |TAMS 0x0000000712e00000, 0x0000000712e00000| Untracked 
| 303|0x0000000712f00000, 0x0000000712f00000, 0x0000000713000000|  0%| F|  |TAMS 0x0000000712f00000, 0x0000000712f00000| Untracked 
| 304|0x0000000713000000, 0x0000000713000000, 0x0000000713100000|  0%| F|  |TAMS 0x0000000713000000, 0x0000000713000000| Untracked 
| 305|0x0000000713100000, 0x0000000713100000, 0x0000000713200000|  0%| F|  |TAMS 0x0000000713100000, 0x0000000713100000| Untracked 
| 306|0x0000000713200000, 0x0000000713200000, 0x0000000713300000|  0%| F|  |TAMS 0x0000000713200000, 0x0000000713200000| Untracked 
| 307|0x0000000713300000, 0x0000000713300000, 0x0000000713400000|  0%| F|  |TAMS 0x0000000713300000, 0x0000000713300000| Untracked 
| 308|0x0000000713400000, 0x0000000713400000, 0x0000000713500000|  0%| F|  |TAMS 0x0000000713400000, 0x0000000713400000| Untracked 
| 309|0x0000000713500000, 0x0000000713500000, 0x0000000713600000|  0%| F|  |TAMS 0x0000000713500000, 0x0000000713500000| Untracked 
| 310|0x0000000713600000, 0x0000000713600000, 0x0000000713700000|  0%| F|  |TAMS 0x0000000713600000, 0x0000000713600000| Untracked 
| 311|0x0000000713700000, 0x0000000713700000, 0x0000000713800000|  0%| F|  |TAMS 0x0000000713700000, 0x0000000713700000| Untracked 
| 312|0x0000000713800000, 0x0000000713800000, 0x0000000713900000|  0%| F|  |TAMS 0x0000000713800000, 0x0000000713800000| Untracked 
| 313|0x0000000713900000, 0x0000000713900000, 0x0000000713a00000|  0%| F|  |TAMS 0x0000000713900000, 0x0000000713900000| Untracked 
| 314|0x0000000713a00000, 0x0000000713a00000, 0x0000000713b00000|  0%| F|  |TAMS 0x0000000713a00000, 0x0000000713a00000| Untracked 
| 315|0x0000000713b00000, 0x0000000713b00000, 0x0000000713c00000|  0%| F|  |TAMS 0x0000000713b00000, 0x0000000713b00000| Untracked 
| 316|0x0000000713c00000, 0x0000000713c00000, 0x0000000713d00000|  0%| F|  |TAMS 0x0000000713c00000, 0x0000000713c00000| Untracked 
| 317|0x0000000713d00000, 0x0000000713d00000, 0x0000000713e00000|  0%| F|  |TAMS 0x0000000713d00000, 0x0000000713d00000| Untracked 
| 318|0x0000000713e00000, 0x0000000713e10c38, 0x0000000713f00000|  6%| E|  |TAMS 0x0000000713e00000, 0x0000000713e00000| Complete 
| 319|0x0000000713f00000, 0x0000000714000000, 0x0000000714000000|100%| E|CS|TAMS 0x0000000713f00000, 0x0000000713f00000| Complete 
| 320|0x0000000714000000, 0x0000000714100000, 0x0000000714100000|100%| E|CS|TAMS 0x0000000714000000, 0x0000000714000000| Complete 
| 321|0x0000000714100000, 0x0000000714200000, 0x0000000714200000|100%| E|CS|TAMS 0x0000000714100000, 0x0000000714100000| Complete 
| 322|0x0000000714200000, 0x0000000714300000, 0x0000000714300000|100%| E|CS|TAMS 0x0000000714200000, 0x0000000714200000| Complete 
| 323|0x0000000714300000, 0x0000000714400000, 0x0000000714400000|100%| E|CS|TAMS 0x0000000714300000, 0x0000000714300000| Complete 
| 324|0x0000000714400000, 0x0000000714500000, 0x0000000714500000|100%| E|CS|TAMS 0x0000000714400000, 0x0000000714400000| Complete 
| 325|0x0000000714500000, 0x0000000714600000, 0x0000000714600000|100%| E|CS|TAMS 0x0000000714500000, 0x0000000714500000| Complete 
| 326|0x0000000714600000, 0x0000000714700000, 0x0000000714700000|100%| E|CS|TAMS 0x0000000714600000, 0x0000000714600000| Complete 
| 327|0x0000000714700000, 0x0000000714800000, 0x0000000714800000|100%| E|CS|TAMS 0x0000000714700000, 0x0000000714700000| Complete 
| 328|0x0000000714800000, 0x0000000714900000, 0x0000000714900000|100%| E|CS|TAMS 0x0000000714800000, 0x0000000714800000| Complete 
| 329|0x0000000714900000, 0x0000000714a00000, 0x0000000714a00000|100%| E|CS|TAMS 0x0000000714900000, 0x0000000714900000| Complete 
| 330|0x0000000714a00000, 0x0000000714b00000, 0x0000000714b00000|100%| E|CS|TAMS 0x0000000714a00000, 0x0000000714a00000| Complete 
| 331|0x0000000714b00000, 0x0000000714c00000, 0x0000000714c00000|100%| E|CS|TAMS 0x0000000714b00000, 0x0000000714b00000| Complete 
| 332|0x0000000714c00000, 0x0000000714d00000, 0x0000000714d00000|100%| E|CS|TAMS 0x0000000714c00000, 0x0000000714c00000| Complete 
| 333|0x0000000714d00000, 0x0000000714e00000, 0x0000000714e00000|100%| E|CS|TAMS 0x0000000714d00000, 0x0000000714d00000| Complete 
| 334|0x0000000714e00000, 0x0000000714f00000, 0x0000000714f00000|100%| E|CS|TAMS 0x0000000714e00000, 0x0000000714e00000| Complete 
| 335|0x0000000714f00000, 0x0000000715000000, 0x0000000715000000|100%| E|CS|TAMS 0x0000000714f00000, 0x0000000714f00000| Complete 
| 336|0x0000000715000000, 0x0000000715100000, 0x0000000715100000|100%| E|CS|TAMS 0x0000000715000000, 0x0000000715000000| Complete 
| 337|0x0000000715100000, 0x0000000715200000, 0x0000000715200000|100%| E|CS|TAMS 0x0000000715100000, 0x0000000715100000| Complete 
| 338|0x0000000715200000, 0x0000000715300000, 0x0000000715300000|100%| E|CS|TAMS 0x0000000715200000, 0x0000000715200000| Complete 
| 339|0x0000000715300000, 0x0000000715400000, 0x0000000715400000|100%| E|CS|TAMS 0x0000000715300000, 0x0000000715300000| Complete 
| 340|0x0000000715400000, 0x0000000715500000, 0x0000000715500000|100%| E|CS|TAMS 0x0000000715400000, 0x0000000715400000| Complete 
| 341|0x0000000715500000, 0x0000000715600000, 0x0000000715600000|100%| E|CS|TAMS 0x0000000715500000, 0x0000000715500000| Complete 
| 342|0x0000000715600000, 0x0000000715700000, 0x0000000715700000|100%| E|CS|TAMS 0x0000000715600000, 0x0000000715600000| Complete 
| 343|0x0000000715700000, 0x0000000715800000, 0x0000000715800000|100%| E|CS|TAMS 0x0000000715700000, 0x0000000715700000| Complete 
| 344|0x0000000715800000, 0x0000000715900000, 0x0000000715900000|100%| E|CS|TAMS 0x0000000715800000, 0x0000000715800000| Complete 
| 345|0x0000000715900000, 0x0000000715a00000, 0x0000000715a00000|100%| E|CS|TAMS 0x0000000715900000, 0x0000000715900000| Complete 
| 346|0x0000000715a00000, 0x0000000715b00000, 0x0000000715b00000|100%| E|CS|TAMS 0x0000000715a00000, 0x0000000715a00000| Complete 
| 347|0x0000000715b00000, 0x0000000715c00000, 0x0000000715c00000|100%| E|CS|TAMS 0x0000000715b00000, 0x0000000715b00000| Complete 
| 348|0x0000000715c00000, 0x0000000715d00000, 0x0000000715d00000|100%| E|CS|TAMS 0x0000000715c00000, 0x0000000715c00000| Complete 
| 349|0x0000000715d00000, 0x0000000715e00000, 0x0000000715e00000|100%| E|CS|TAMS 0x0000000715d00000, 0x0000000715d00000| Complete 
| 350|0x0000000715e00000, 0x0000000715f00000, 0x0000000715f00000|100%| E|CS|TAMS 0x0000000715e00000, 0x0000000715e00000| Complete 
| 351|0x0000000715f00000, 0x0000000716000000, 0x0000000716000000|100%| E|CS|TAMS 0x0000000715f00000, 0x0000000715f00000| Complete 
| 352|0x0000000716000000, 0x0000000716100000, 0x0000000716100000|100%| E|CS|TAMS 0x0000000716000000, 0x0000000716000000| Complete 
| 353|0x0000000716100000, 0x0000000716200000, 0x0000000716200000|100%| E|CS|TAMS 0x0000000716100000, 0x0000000716100000| Complete 
| 354|0x0000000716200000, 0x0000000716300000, 0x0000000716300000|100%| E|  |TAMS 0x0000000716200000, 0x0000000716200000| Complete 
| 355|0x0000000716300000, 0x0000000716400000, 0x0000000716400000|100%| E|CS|TAMS 0x0000000716300000, 0x0000000716300000| Complete 
| 356|0x0000000716400000, 0x0000000716500000, 0x0000000716500000|100%| E|CS|TAMS 0x0000000716400000, 0x0000000716400000| Complete 
| 357|0x0000000716500000, 0x0000000716600000, 0x0000000716600000|100%| E|CS|TAMS 0x0000000716500000, 0x0000000716500000| Complete 
| 358|0x0000000716600000, 0x0000000716700000, 0x0000000716700000|100%| E|CS|TAMS 0x0000000716600000, 0x0000000716600000| Complete 
| 359|0x0000000716700000, 0x0000000716800000, 0x0000000716800000|100%| E|CS|TAMS 0x0000000716700000, 0x0000000716700000| Complete 
| 360|0x0000000716800000, 0x000000071689b208, 0x0000000716900000| 60%| S|CS|TAMS 0x0000000716800000, 0x0000000716800000| Complete 
| 361|0x0000000716900000, 0x0000000716a00000, 0x0000000716a00000|100%| E|CS|TAMS 0x0000000716900000, 0x0000000716900000| Complete 
| 362|0x0000000716a00000, 0x0000000716b00000, 0x0000000716b00000|100%| E|CS|TAMS 0x0000000716a00000, 0x0000000716a00000| Complete 
| 363|0x0000000716b00000, 0x0000000716c00000, 0x0000000716c00000|100%| E|CS|TAMS 0x0000000716b00000, 0x0000000716b00000| Complete 
| 364|0x0000000716c00000, 0x0000000716d00000, 0x0000000716d00000|100%| E|CS|TAMS 0x0000000716c00000, 0x0000000716c00000| Complete 
| 365|0x0000000716d00000, 0x0000000716e00000, 0x0000000716e00000|100%| E|CS|TAMS 0x0000000716d00000, 0x0000000716d00000| Complete 
| 366|0x0000000716e00000, 0x0000000716f00000, 0x0000000716f00000|100%| E|CS|TAMS 0x0000000716e00000, 0x0000000716e00000| Complete 
| 367|0x0000000716f00000, 0x0000000717000000, 0x0000000717000000|100%| E|CS|TAMS 0x0000000716f00000, 0x0000000716f00000| Complete 
| 368|0x0000000717000000, 0x0000000717100000, 0x0000000717100000|100%| E|CS|TAMS 0x0000000717000000, 0x0000000717000000| Complete 
| 369|0x0000000717100000, 0x0000000717200000, 0x0000000717200000|100%| E|CS|TAMS 0x0000000717100000, 0x0000000717100000| Complete 
| 370|0x0000000717200000, 0x0000000717300000, 0x0000000717300000|100%| E|CS|TAMS 0x0000000717200000, 0x0000000717200000| Complete 
| 371|0x0000000717300000, 0x0000000717400000, 0x0000000717400000|100%| E|CS|TAMS 0x0000000717300000, 0x0000000717300000| Complete 
| 372|0x0000000717400000, 0x0000000717500000, 0x0000000717500000|100%| E|CS|TAMS 0x0000000717400000, 0x0000000717400000| Complete 
| 373|0x0000000717500000, 0x0000000717600000, 0x0000000717600000|100%| O|  |TAMS 0x0000000717600000, 0x0000000717500000| Untracked 

Card table byte_map: [0x000001ab1ea90000,0x000001ab1f290000] _byte_map_base: 0x000001ab1b290000

Marking Bits (Prev, Next): (CMBitMap*) 0x000001ab097b0cb8, (CMBitMap*) 0x000001ab097b0cf0
 Prev Bits: [0x000001ab1fa90000, 0x000001ab23a90000)
 Next Bits: [0x000001ab23a90000, 0x000001ab27a90000)

Polling page: 0x000001ab09830000

Metaspace:

Usage:
  Non-class:    115.65 MB capacity,   113.17 MB ( 98%) used,     2.19 MB (  2%) free+waste,   298.56 KB ( <1%) overhead. 
      Class:     16.23 MB capacity,    14.96 MB ( 92%) used,     1.15 MB (  7%) free+waste,   130.19 KB ( <1%) overhead. 
       Both:    131.88 MB capacity,   128.12 MB ( 97%) used,     3.34 MB (  3%) free+waste,   428.75 KB ( <1%) overhead. 

Virtual space:
  Non-class space:      116.00 MB reserved,     115.75 MB (>99%) committed 
      Class space:        1.00 GB reserved,      16.25 MB (  2%) committed 
             Both:        1.11 GB reserved,     132.00 MB ( 12%) committed 

Chunk freelists:
   Non-Class:  41.00 KB
       Class:  18.00 KB
        Both:  59.00 KB

MaxMetaspaceSize: 17179869184.00 GB
CompressedClassSpaceSize: 1.00 GB

CodeHeap 'non-profiled nmethods': size=120064Kb used=13653Kb max_used=13808Kb free=106410Kb
 bounds [0x000001ab16510000, 0x000001ab17290000, 0x000001ab1da50000]
CodeHeap 'profiled nmethods': size=120000Kb used=52209Kb max_used=53464Kb free=67791Kb
 bounds [0x000001ab0efe0000, 0x000001ab12440000, 0x000001ab16510000]
CodeHeap 'non-nmethods': size=5696Kb used=2333Kb max_used=2413Kb free=3362Kb
 bounds [0x000001ab0ea50000, 0x000001ab0ecc0000, 0x000001ab0efe0000]
 total_blobs=20214 nmethods=19276 adapters=848
 compilation: enabled
              stopped_count=0, restarted_count=0
 full_count=0

Compilation events (20 events):
Event: 227.166 Thread 0x000001ab2acee800 22357       2       org.gradle.cache.internal.DefaultFileLockManager$DefaultFileLock::getState (9 bytes)
Event: 227.167 Thread 0x000001ab2acee800 nmethod 22357 0x000001ab104eb190 code [0x000001ab104eb360, 0x000001ab104eb548]
Event: 227.177 Thread 0x000001ab2acee800 22359       3       groovy.lang.MetaClassImpl::populateMethods (400 bytes)
Event: 227.179 Thread 0x000001ab2acee800 nmethod 22359 0x000001ab112e0090 code [0x000001ab112e0560, 0x000001ab112e33d8]
Event: 227.179 Thread 0x000001ab2acee800 22358 %     3       org.codehaus.groovy.runtime.metaclass.MetaMethodIndex::copyNonPrivateMethods @ 5 (24 bytes)
Event: 227.179 Thread 0x000001ab2acee800 nmethod 22358% 0x000001ab104ee490 code [0x000001ab104ee660, 0x000001ab104ee8e8]
Event: 227.183 Thread 0x000001ab2aceb800 nmethod 22280 0x000001ab16cf2f90 code [0x000001ab16cf33c0, 0x000001ab16cf6b38]
Event: 227.183 Thread 0x000001ab2aceb800 22294       4       groovyjarjarasm.asm.SymbolTable::addType (81 bytes)
Event: 227.184 Thread 0x000001ab2acee800 22360   !   2       org.gradle.internal.FileUtils::canonicalize (15 bytes)
Event: 227.184 Thread 0x000001ab2acee800 nmethod 22360 0x000001ab104f3b90 code [0x000001ab104f3d60, 0x000001ab104f3f38]
Event: 227.184 Thread 0x000001ab2acee800 22361       2       java.net.URI::toString (16 bytes)
Event: 227.184 Thread 0x000001ab2acee800 nmethod 22361 0x000001ab104eae10 code [0x000001ab104eafc0, 0x000001ab104eb0e8]
Event: 227.185 Thread 0x000001ab2acee800 22362       2       org.gradle.internal.service.scopes.AbstractPluginServiceRegistry::registerProjectServices (1 bytes)
Event: 227.185 Thread 0x000001ab2acee800 nmethod 22362 0x000001ab104f4890 code [0x000001ab104f4a40, 0x000001ab104f4b38]
Event: 227.185 Thread 0x000001ab2acee800 22363       2       org.gradle.internal.dispatch.ReflectionDispatch::<init> (10 bytes)
Event: 227.185 Thread 0x000001ab2acee800 nmethod 22363 0x000001ab104f6790 code [0x000001ab104f6940, 0x000001ab104f6a98]
Event: 227.186 Thread 0x000001ab2acee800 22364       2       java.util.Properties::<init> (8 bytes)
Event: 227.186 Thread 0x000001ab2acee800 nmethod 22364 0x000001ab104f9c90 code [0x000001ab104f9e80, 0x000001ab104fa128]
Event: 227.187 Thread 0x000001ab2acee800 22365       2       org.gradle.internal.operations.BuildOperationDescriptor$Builder::name (7 bytes)
Event: 227.187 Thread 0x000001ab2acee800 nmethod 22365 0x000001ab104fb090 code [0x000001ab104fb240, 0x000001ab104fb398]

GC Heap History (20 events):
Event: 215.307 GC heap before
{Heap before GC invocations=27 (full 0):
 garbage-first heap   total 378880K, used 311754K [0x0000000700000000, 0x0000000800000000)
  region size 1024K, 201 young (205824K), 10 survivors (10240K)
 Metaspace       used 122716K, capacity 126552K, committed 126848K, reserved 1161216K
  class space    used 14450K, capacity 15681K, committed 15744K, reserved 1048576K
}
Event: 215.314 GC heap after
{Heap after GC invocations=28 (full 0):
 garbage-first heap   total 378880K, used 116367K [0x0000000700000000, 0x0000000800000000)
  region size 1024K, 10 young (10240K), 10 survivors (10240K)
 Metaspace       used 122716K, capacity 126552K, committed 126848K, reserved 1161216K
  class space    used 14450K, capacity 15681K, committed 15744K, reserved 1048576K
}
Event: 216.185 GC heap before
{Heap before GC invocations=28 (full 0):
 garbage-first heap   total 378880K, used 334479K [0x0000000700000000, 0x0000000800000000)
  region size 1024K, 204 young (208896K), 10 survivors (10240K)
 Metaspace       used 123444K, capacity 127148K, committed 127360K, reserved 1161216K
  class space    used 14517K, capacity 15732K, committed 15744K, reserved 1048576K
}
Event: 216.206 GC heap after
{Heap after GC invocations=29 (full 0):
 garbage-first heap   total 382976K, used 160919K [0x0000000700000000, 0x0000000800000000)
  region size 1024K, 26 young (26624K), 26 survivors (26624K)
 Metaspace       used 123444K, capacity 127148K, committed 127360K, reserved 1161216K
  class space    used 14517K, capacity 15732K, committed 15744K, reserved 1048576K
}
Event: 216.751 GC heap before
{Heap before GC invocations=29 (full 0):
 garbage-first heap   total 382976K, used 300183K [0x0000000700000000, 0x0000000800000000)
  region size 1024K, 163 young (166912K), 26 survivors (26624K)
 Metaspace       used 126932K, capacity 130732K, committed 130816K, reserved 1163264K
  class space    used 14842K, capacity 16088K, committed 16128K, reserved 1048576K
}
Event: 216.775 GC heap after
{Heap after GC invocations=30 (full 0):
 garbage-first heap   total 382976K, used 187392K [0x0000000700000000, 0x0000000800000000)
  region size 1024K, 21 young (21504K), 21 survivors (21504K)
 Metaspace       used 126932K, capacity 130732K, committed 130816K, reserved 1163264K
  class space    used 14842K, capacity 16088K, committed 16128K, reserved 1048576K
}
Event: 217.187 GC heap before
{Heap before GC invocations=30 (full 0):
 garbage-first heap   total 382976K, used 305152K [0x0000000700000000, 0x0000000800000000)
  region size 1024K, 136 young (139264K), 21 survivors (21504K)
 Metaspace       used 130233K, capacity 134108K, committed 134272K, reserved 1167360K
  class space    used 15247K, capacity 16507K, committed 16512K, reserved 1048576K
}
Event: 217.203 GC heap after
{Heap after GC invocations=31 (full 0):
 garbage-first heap   total 382976K, used 200192K [0x0000000700000000, 0x0000000800000000)
  region size 1024K, 12 young (12288K), 12 survivors (12288K)
 Metaspace       used 130233K, capacity 134108K, committed 134272K, reserved 1167360K
  class space    used 15247K, capacity 16507K, committed 16512K, reserved 1048576K
}
Event: 217.368 GC heap before
{Heap before GC invocations=31 (full 0):
 garbage-first heap   total 382976K, used 252416K [0x0000000700000000, 0x0000000800000000)
  region size 1024K, 65 young (66560K), 12 survivors (12288K)
 Metaspace       used 130349K, capacity 134280K, committed 134400K, reserved 1167360K
  class space    used 15257K, capacity 16541K, committed 16640K, reserved 1048576K
}
Event: 217.380 GC heap after
{Heap after GC invocations=32 (full 0):
 garbage-first heap   total 382976K, used 211456K [0x0000000700000000, 0x0000000800000000)
  region size 1024K, 13 young (13312K), 13 survivors (13312K)
 Metaspace       used 130349K, capacity 134280K, committed 134400K, reserved 1167360K
  class space    used 15257K, capacity 16541K, committed 16640K, reserved 1048576K
}
Event: 217.847 GC heap before
{Heap before GC invocations=33 (full 0):
 garbage-first heap   total 382976K, used 291328K [0x0000000700000000, 0x0000000800000000)
  region size 1024K, 100 young (102400K), 13 survivors (13312K)
 Metaspace       used 130164K, capacity 133773K, committed 134400K, reserved 1167360K
  class space    used 15172K, capacity 16416K, committed 16640K, reserved 1048576K
}
Event: 217.854 GC heap after
{Heap after GC invocations=34 (full 0):
 garbage-first heap   total 382976K, used 204622K [0x0000000700000000, 0x0000000800000000)
  region size 1024K, 3 young (3072K), 3 survivors (3072K)
 Metaspace       used 130164K, capacity 133773K, committed 134400K, reserved 1167360K
  class space    used 15172K, capacity 16416K, committed 16640K, reserved 1048576K
}
Event: 217.904 GC heap before
{Heap before GC invocations=34 (full 0):
 garbage-first heap   total 382976K, used 218958K [0x0000000700000000, 0x0000000800000000)
  region size 1024K, 18 young (18432K), 3 survivors (3072K)
 Metaspace       used 130180K, capacity 133843K, committed 134400K, reserved 1167360K
  class space    used 15173K, capacity 16418K, committed 16640K, reserved 1048576K
}
Event: 217.912 GC heap after
{Heap after GC invocations=35 (full 0):
 garbage-first heap   total 382976K, used 180144K [0x0000000700000000, 0x0000000800000000)
  region size 1024K, 2 young (2048K), 2 survivors (2048K)
 Metaspace       used 130180K, capacity 133843K, committed 134400K, reserved 1167360K
  class space    used 15173K, capacity 16418K, committed 16640K, reserved 1048576K
}
Event: 217.951 GC heap before
{Heap before GC invocations=35 (full 0):
 garbage-first heap   total 382976K, used 188336K [0x0000000700000000, 0x0000000800000000)
  region size 1024K, 12 young (12288K), 2 survivors (2048K)
 Metaspace       used 130444K, capacity 134129K, committed 134400K, reserved 1167360K
  class space    used 15211K, capacity 16463K, committed 16640K, reserved 1048576K
}
Event: 217.954 GC heap after
{Heap after GC invocations=36 (full 0):
 garbage-first heap   total 382976K, used 180272K [0x0000000700000000, 0x0000000800000000)
  region size 1024K, 2 young (2048K), 2 survivors (2048K)
 Metaspace       used 130444K, capacity 134129K, committed 134400K, reserved 1167360K
  class space    used 15211K, capacity 16463K, committed 16640K, reserved 1048576K
}
Event: 218.488 GC heap before
{Heap before GC invocations=37 (full 0):
 garbage-first heap   total 382976K, used 272432K [0x0000000700000000, 0x0000000800000000)
  region size 1024K, 111 young (113664K), 2 survivors (2048K)
 Metaspace       used 130707K, capacity 134298K, committed 134656K, reserved 1167360K
  class space    used 15250K, capacity 16494K, committed 16640K, reserved 1048576K
}
Event: 218.492 GC heap after
{Heap after GC invocations=38 (full 0):
 garbage-first heap   total 382976K, used 164071K [0x0000000700000000, 0x0000000800000000)
  region size 1024K, 6 young (6144K), 6 survivors (6144K)
 Metaspace       used 130707K, capacity 134298K, committed 134656K, reserved 1167360K
  class space    used 15250K, capacity 16494K, committed 16640K, reserved 1048576K
}
Event: 218.527 GC heap before
{Heap before GC invocations=38 (full 0):
 garbage-first heap   total 382976K, used 176359K [0x0000000700000000, 0x0000000800000000)
  region size 1024K, 18 young (18432K), 6 survivors (6144K)
 Metaspace       used 130751K, capacity 134400K, committed 134656K, reserved 1167360K
  class space    used 15257K, capacity 16528K, committed 16640K, reserved 1048576K
}
Event: 218.529 GC heap after
{Heap after GC invocations=39 (full 0):
 garbage-first heap   total 382976K, used 130369K [0x0000000700000000, 0x0000000800000000)
  region size 1024K, 1 young (1024K), 1 survivors (1024K)
 Metaspace       used 130751K, capacity 134400K, committed 134656K, reserved 1167360K
  class space    used 15257K, capacity 16528K, committed 16640K, reserved 1048576K
}

Deoptimization events (20 events):
Event: 218.375 Thread 0x000001ab32540000 DEOPT PACKING pc=0x000001ab16ab0f5c sp=0x00000080ed7f8820
Event: 218.375 Thread 0x000001ab32540000 DEOPT UNPACKING pc=0x000001ab0ea768af sp=0x00000080ed7f87d8 mode 2
Event: 218.501 Thread 0x000001ab32540000 Uncommon trap: trap_request=0xffffff4d fr.pc=0x000001ab16ae6438 relative=0x0000000000000378
Event: 218.501 Thread 0x000001ab32540000 Uncommon trap: reason=unstable_if action=reinterpret pc=0x000001ab16ae6438 method=com.esotericsoftware.kryo.io.Input.readUtf8_slow(II)V @ 57 c2
Event: 218.501 Thread 0x000001ab32540000 DEOPT PACKING pc=0x000001ab16ae6438 sp=0x00000080ed7fb7a0
Event: 218.501 Thread 0x000001ab32540000 DEOPT UNPACKING pc=0x000001ab0ea768af sp=0x00000080ed7fb750 mode 2
Event: 223.028 Thread 0x000001ab34882800 Uncommon trap: trap_request=0x00000014 fr.pc=0x000001ab16939554 relative=0x0000000000000314
Event: 223.028 Thread 0x000001ab34882800 Uncommon trap: reason=unloaded action=reinterpret pc=0x000001ab16939554 method=com.esotericsoftware.kryo.io.Input.fill([BII)I @ 22 c2
Event: 223.028 Thread 0x000001ab34882800 DEOPT PACKING pc=0x000001ab16939554 sp=0x00000080ee8ff0e0
Event: 223.028 Thread 0x000001ab34882800 DEOPT UNPACKING pc=0x000001ab0ea768af sp=0x00000080ee8fef58 mode 2
Event: 223.052 Thread 0x000001ab3487b000 Uncommon trap: trap_request=0xffffff4d fr.pc=0x000001ab1693f5a4 relative=0x0000000000000724
Event: 223.052 Thread 0x000001ab3487b000 Uncommon trap: reason=unstable_if action=reinterpret pc=0x000001ab1693f5a4 method=java.util.concurrent.locks.AbstractQueuedSynchronizer.acquire(I)V @ 20 c2
Event: 223.052 Thread 0x000001ab3487b000 DEOPT PACKING pc=0x000001ab1693f5a4 sp=0x00000080ebffeae0
Event: 223.052 Thread 0x000001ab3487b000 DEOPT UNPACKING pc=0x000001ab0ea768af sp=0x00000080ebffead0 mode 2
Event: 223.056 Thread 0x000001ab32540000 DEOPT PACKING pc=0x000001ab1121676d sp=0x00000080ed7f9040
Event: 223.056 Thread 0x000001ab32540000 DEOPT UNPACKING pc=0x000001ab0ea7705e sp=0x00000080ed7f84f8 mode 0
Event: 223.060 Thread 0x000001ab2d24c800 Uncommon trap: trap_request=0xffffff4d fr.pc=0x000001ab16f5bc8c relative=0x0000000000000b8c
Event: 223.060 Thread 0x000001ab2d24c800 Uncommon trap: reason=unstable_if action=reinterpret pc=0x000001ab16f5bc8c method=java.io.ObjectOutputStream$BlockDataOutputStream.writeBytes(Ljava/lang/String;)V @ 22 c2
Event: 223.060 Thread 0x000001ab2d24c800 DEOPT PACKING pc=0x000001ab16f5bc8c sp=0x00000080ebdfd5b0
Event: 223.060 Thread 0x000001ab2d24c800 DEOPT UNPACKING pc=0x000001ab0ea768af sp=0x00000080ebdfd450 mode 2

Classes redefined (0 events):
No events

Internal exceptions (20 events):
Event: 218.407 Thread 0x000001ab32540000 Exception <a 'sun/nio/fs/WindowsException'{0x0000000711469da0}> (0x0000000711469da0) thrown at [./src/hotspot/share/prims/jni.cpp, line 615]
Event: 218.409 Thread 0x000001ab32540000 Exception <a 'sun/nio/fs/WindowsException'{0x00000007114a7c28}> (0x00000007114a7c28) thrown at [./src/hotspot/share/prims/jni.cpp, line 615]
Event: 218.409 Thread 0x000001ab32540000 Exception <a 'sun/nio/fs/WindowsException'{0x00000007114a7d80}> (0x00000007114a7d80) thrown at [./src/hotspot/share/prims/jni.cpp, line 615]
Event: 218.409 Thread 0x000001ab32540000 Exception <a 'sun/nio/fs/WindowsException'{0x00000007114aa7e8}> (0x00000007114aa7e8) thrown at [./src/hotspot/share/prims/jni.cpp, line 615]
Event: 218.409 Thread 0x000001ab32540000 Exception <a 'sun/nio/fs/WindowsException'{0x00000007114aa950}> (0x00000007114aa950) thrown at [./src/hotspot/share/prims/jni.cpp, line 615]
Event: 218.412 Thread 0x000001ab32540000 Exception <a 'sun/nio/fs/WindowsException'{0x000000071135e278}> (0x000000071135e278) thrown at [./src/hotspot/share/prims/jni.cpp, line 615]
Event: 223.028 Thread 0x000001ab34882800 Exception <a 'java/io/IOException'{0x0000000716fd0248}> (0x0000000716fd0248) thrown at [./src/hotspot/share/prims/jni.cpp, line 615]
Event: 223.029 Thread 0x000001ab3487c000 Exception <a 'java/io/IOException'{0x0000000716fa5e40}> (0x0000000716fa5e40) thrown at [./src/hotspot/share/prims/jni.cpp, line 615]
Event: 223.032 Thread 0x000001ab2d24a000 Exception <a 'java/lang/NoSuchMethodError'{0x0000000716e580e8}: <clinit>> (0x0000000716e580e8) thrown at [./src/hotspot/share/prims/jni.cpp, line 1362]
Event: 223.032 Thread 0x000001ab2d24a000 Exception <a 'java/lang/NoSuchMethodError'{0x0000000716e64320}: <clinit>> (0x0000000716e64320) thrown at [./src/hotspot/share/prims/jni.cpp, line 1362]
Event: 223.032 Thread 0x000001ab2d24a000 Exception <a 'java/lang/NoSuchMethodError'{0x0000000716e68408}: <clinit>> (0x0000000716e68408) thrown at [./src/hotspot/share/prims/jni.cpp, line 1362]
Event: 223.032 Thread 0x000001ab2d24a000 Exception <a 'java/lang/NoSuchMethodError'{0x0000000716e6fee8}: <clinit>> (0x0000000716e6fee8) thrown at [./src/hotspot/share/prims/jni.cpp, line 1362]
Event: 223.053 Thread 0x000001ab3487a800 Exception <a 'java/lang/reflect/InvocationTargetException'{0x00000007170a9778}> (0x00000007170a9778) thrown at [./src/hotspot/share/runtime/reflection.cpp, line 1247]
Event: 223.058 Thread 0x000001ab32540000 Exception <a 'java/lang/reflect/InvocationTargetException'{0x0000000716ed2e88}> (0x0000000716ed2e88) thrown at [./src/hotspot/share/runtime/reflection.cpp, line 1247]
Event: 223.064 Thread 0x000001ab32533000 Exception <a 'sun/nio/fs/WindowsException'{0x0000000716e857c0}> (0x0000000716e857c0) thrown at [./src/hotspot/share/prims/jni.cpp, line 615]
Event: 223.069 Thread 0x000001ab3253c000 Exception <a 'java/lang/InterruptedException'{0x0000000716c522c8}> (0x0000000716c522c8) thrown at [./src/hotspot/share/runtime/objectMonitor.cpp, line 1635]
Event: 227.178 Thread 0x000001ab32533000 Exception <a 'java/lang/ClassNotFoundException'{0x0000000714752908}: ijresolvers332_e4krtixx66noud053i6hovrowBeanInfo> (0x0000000714752908) thrown at [./src/hotspot/share/classfile/systemDictionary.cpp, line 231]
Event: 227.178 Thread 0x000001ab32533000 Exception <a 'java/lang/ClassNotFoundException'{0x000000071475b238}: ijresolvers332_e4krtixx66noud053i6hovrowCustomizer> (0x000000071475b238) thrown at [./src/hotspot/share/classfile/systemDictionary.cpp, line 231]
Event: 227.182 Thread 0x000001ab32533000 Exception <a 'java/lang/ClassNotFoundException'{0x00000007147b1668}: SetupUtpTestResultListenerActionBeanInfo> (0x00000007147b1668) thrown at [./src/hotspot/share/classfile/systemDictionary.cpp, line 231]
Event: 227.182 Thread 0x000001ab32533000 Exception <a 'java/lang/ClassNotFoundException'{0x00000007147b74d0}: SetupUtpTestResultListenerActionCustomizer> (0x00000007147b74d0) thrown at [./src/hotspot/share/classfile/systemDictionary.cpp, line 231]

Events (20 events):
Event: 227.181 loading class SetupUtpTestResultListenerAction
Event: 227.181 loading class SetupUtpTestResultListenerAction done
Event: 227.181 loading class groovy/runtime/metaclass/SetupUtpTestResultListenerActionMetaClass
Event: 227.181 loading class groovy/runtime/metaclass/SetupUtpTestResultListenerActionMetaClass done
Event: 227.182 loading class org/gradle/api/execution/TaskExecutionGraph
Event: 227.182 loading class org/gradle/api/execution/TaskExecutionGraph done
Event: 227.182 loading class SetupUtpTestResultListenerActionBeanInfo
Event: 227.182 loading class SetupUtpTestResultListenerActionBeanInfo done
Event: 227.182 loading class SetupUtpTestResultListenerActionBeanInfo
Event: 227.182 loading class SetupUtpTestResultListenerActionBeanInfo done
Event: 227.182 loading class SetupUtpTestResultListenerActionCustomizer
Event: 227.182 loading class SetupUtpTestResultListenerActionCustomizer done
Event: 227.182 loading class SetupUtpTestResultListenerActionCustomizer
Event: 227.182 loading class SetupUtpTestResultListenerActionCustomizer done
Event: 227.182 loading class groovy/transform/Generated
Event: 227.182 loading class groovy/transform/Generated done
Event: 227.182 loading class groovy/transform/Internal
Event: 227.182 loading class groovy/transform/Internal done
Event: 227.183 loading class groovy/runtime/metaclass/ijresolvers332_e4krtixx66noud053i6hovrow$_run_closure4MetaClass
Event: 227.183 loading class groovy/runtime/metaclass/ijresolvers332_e4krtixx66noud053i6hovrow$_run_closure4MetaClass done


Dynamic libraries:
0x00007ff74bcb0000 - 0x00007ff74bcba000 	C:\Program Files\Android\Android Studio\jre\bin\java.exe
0x00007fff17c30000 - 0x00007fff17e25000 	C:\Windows\SYSTEM32\ntdll.dll
0x00007fff16220000 - 0x00007fff162de000 	C:\Windows\System32\KERNEL32.DLL
0x00007fff157f0000 - 0x00007fff15ab8000 	C:\Windows\System32\KERNELBASE.dll
0x00007fff15340000 - 0x00007fff15440000 	C:\Windows\System32\ucrtbase.dll
0x00007fff00ea0000 - 0x00007fff00eb9000 	C:\Program Files\Android\Android Studio\jre\bin\jli.dll
0x00007ffeff460000 - 0x00007ffeff477000 	C:\Program Files\Android\Android Studio\jre\bin\VCRUNTIME140.dll
0x00007fff17990000 - 0x00007fff17b31000 	C:\Windows\System32\USER32.dll
0x00007fff03920000 - 0x00007fff03bba000 	C:\Windows\WinSxS\amd64_microsoft.windows.common-controls_6595b64144ccf1df_6.0.19041.1110_none_60b5254171f9507e\COMCTL32.dll
0x00007fff157c0000 - 0x00007fff157e2000 	C:\Windows\System32\win32u.dll
0x00007fff16120000 - 0x00007fff161be000 	C:\Windows\System32\msvcrt.dll
0x00007fff16490000 - 0x00007fff164bb000 	C:\Windows\System32\GDI32.dll
0x00007fff15680000 - 0x00007fff1578d000 	C:\Windows\System32\gdi32full.dll
0x00007fff15440000 - 0x00007fff154dd000 	C:\Windows\System32\msvcp_win.dll
0x00007fff15c70000 - 0x00007fff15ca0000 	C:\Windows\System32\IMM32.DLL
0x00007ffefe4c0000 - 0x00007ffefe55d000 	C:\Program Files\Android\Android Studio\jre\bin\msvcp140.dll
0x00007ffed9780000 - 0x00007ffeda255000 	C:\Program Files\Android\Android Studio\jre\bin\server\jvm.dll
0x00007fff162e0000 - 0x00007fff1638e000 	C:\Windows\System32\ADVAPI32.dll
0x00007fff172c0000 - 0x00007fff1735c000 	C:\Windows\System32\sechost.dll
0x00007fff17860000 - 0x00007fff17985000 	C:\Windows\System32\RPCRT4.dll
0x00007fff16480000 - 0x00007fff16488000 	C:\Windows\System32\PSAPI.DLL
0x00007fff082a0000 - 0x00007fff082c7000 	C:\Windows\SYSTEM32\WINMM.dll
0x00007ffeff900000 - 0x00007ffeff909000 	C:\Windows\SYSTEM32\WSOCK32.dll
0x00007fff10cb0000 - 0x00007fff10cba000 	C:\Windows\SYSTEM32\VERSION.dll
0x00007fff16c10000 - 0x00007fff16c7b000 	C:\Windows\System32\WS2_32.dll
0x00007fff13250000 - 0x00007fff13262000 	C:\Windows\SYSTEM32\kernel.appcore.dll
0x00007fff10a10000 - 0x00007fff10a21000 	C:\Program Files\Android\Android Studio\jre\bin\verify.dll
0x00007fff07960000 - 0x00007fff07b44000 	C:\Windows\SYSTEM32\DBGHELP.DLL
0x00007ffef4e70000 - 0x00007ffef4e9c000 	C:\Windows\SYSTEM32\dbgcore.DLL
0x00007fff15540000 - 0x00007fff155c2000 	C:\Windows\System32\bcryptPrimitives.dll
0x00007fff10780000 - 0x00007fff107a9000 	C:\Program Files\Android\Android Studio\jre\bin\java.dll
0x00007fff10a00000 - 0x00007fff10a0b000 	C:\Program Files\Android\Android Studio\jre\bin\jimage.dll
0x00007fff0d520000 - 0x00007fff0d538000 	C:\Program Files\Android\Android Studio\jre\bin\zip.dll
0x00007fff164c0000 - 0x00007fff16c04000 	C:\Windows\System32\SHELL32.dll
0x00007fff13450000 - 0x00007fff13be5000 	C:\Windows\SYSTEM32\windows.storage.dll
0x00007fff16c80000 - 0x00007fff16fd5000 	C:\Windows\System32\combase.dll
0x00007fff14cc0000 - 0x00007fff14cee000 	C:\Windows\SYSTEM32\Wldp.dll
0x00007fff17520000 - 0x00007fff175cd000 	C:\Windows\System32\SHCORE.dll
0x00007fff161c0000 - 0x00007fff16215000 	C:\Windows\System32\shlwapi.dll
0x00007fff15280000 - 0x00007fff1529f000 	C:\Windows\SYSTEM32\profapi.dll
0x00007fff0d4a0000 - 0x00007fff0d4ba000 	C:\Program Files\Android\Android Studio\jre\bin\net.dll
0x00007fff0bbf0000 - 0x00007fff0bcfc000 	C:\Windows\SYSTEM32\WINHTTP.dll
0x00007fff14a20000 - 0x00007fff14a8a000 	C:\Windows\system32\mswsock.dll
0x00007ffefff30000 - 0x00007ffefff44000 	C:\Program Files\Android\Android Studio\jre\bin\nio.dll
0x00007fff0cd60000 - 0x00007fff0cd86000 	C:\Users\Emanuele\.gradle\native\29\windows-amd64\native-platform.dll
0x00007fff0d510000 - 0x00007fff0d51a000 	C:\Program Files\Android\Android Studio\jre\bin\management.dll
0x00007fff0d490000 - 0x00007fff0d49d000 	C:\Program Files\Android\Android Studio\jre\bin\management_ext.dll
0x00007fff14c10000 - 0x00007fff14c28000 	C:\Windows\SYSTEM32\CRYPTSP.dll
0x00007fff143a0000 - 0x00007fff143d4000 	C:\Windows\system32\rsaenh.dll
0x00007fff15790000 - 0x00007fff157b7000 	C:\Windows\System32\bcrypt.dll
0x00007fff15240000 - 0x00007fff1526e000 	C:\Windows\SYSTEM32\USERENV.dll
0x00007fff14c30000 - 0x00007fff14c3c000 	C:\Windows\SYSTEM32\CRYPTBASE.dll
0x00007fff14710000 - 0x00007fff1474b000 	C:\Windows\SYSTEM32\IPHLPAPI.DLL
0x00007fff17360000 - 0x00007fff17368000 	C:\Windows\System32\NSI.dll
0x00007fff0cf90000 - 0x00007fff0cfa7000 	C:\Windows\SYSTEM32\dhcpcsvc6.DLL
0x00007fff0cf70000 - 0x00007fff0cf8d000 	C:\Windows\SYSTEM32\dhcpcsvc.DLL
0x00007fff14750000 - 0x00007fff1481b000 	C:\Windows\SYSTEM32\DNSAPI.dll
0x00007ffef2ea0000 - 0x00007ffef2eb7000 	C:\Windows\system32\napinsp.dll
0x00007ffef2e80000 - 0x00007ffef2e9b000 	C:\Windows\system32\pnrpnsp.dll
0x00007fff0f3a0000 - 0x00007fff0f3b5000 	C:\Windows\system32\wshbth.dll
0x00007fff10ea0000 - 0x00007fff10ebd000 	C:\Windows\system32\NLAapi.dll
0x00007ffef2e40000 - 0x00007ffef2e52000 	C:\Windows\System32\winrnr.dll
0x0000000066030000 - 0x0000000066056000 	C:\Program Files\Bonjour\mdnsNSP.dll
0x00007fff03db0000 - 0x00007fff03dba000 	C:\Windows\System32\rasadhlp.dll
0x00007fff02d40000 - 0x00007fff02dbf000 	C:\Windows\System32\fwpuclnt.dll
0x00007fff00f40000 - 0x00007fff00f4a000 	C:\Program Files\Android\Android Studio\jre\bin\prefs.dll
0x000000006adc0000 - 0x000000006aeb2000 	C:\Users\Emanuele\AppData\Local\Temp\room-08c081d2-fb88-4e7b-8859-a10606f7a514\sqlite-3.20.1-76ecb224-c2c9-4ddd-b1c5-c89c68d47446-sqlitejdbc.dll

dbghelp: loaded successfully - version: 4.0.5 - missing functions: none
symbol engine: initialized successfully - sym options: 0x614 - pdb path: .;C:\Program Files\Android\Android Studio\jre\bin;C:\Windows\SYSTEM32;C:\Windows\WinSxS\amd64_microsoft.windows.common-controls_6595b64144ccf1df_6.0.19041.1110_none_60b5254171f9507e;C:\Program Files\Android\Android Studio\jre\bin\server;C:\Users\Emanuele\.gradle\native\29\windows-amd64;C:\Program Files\Bonjour;C:\Users\Emanuele\AppData\Local\Temp\room-08c081d2-fb88-4e7b-8859-a10606f7a514

VM Arguments:
jvm_args: -XX:MaxPermSize=4096m -XX:+HeapDumpOnOutOfMemoryError --add-opens=java.base/java.util=ALL-UNNAMED --add-opens=java.base/java.lang=ALL-UNNAMED --add-opens=java.base/java.lang.invoke=ALL-UNNAMED --add-opens=java.prefs/java.util.prefs=ALL-UNNAMED -Xmx4096m -Dfile.encoding=windows-1252 -Duser.country=IT -Duser.language=it -Duser.variant 
java_command: org.gradle.launcher.daemon.bootstrap.GradleDaemon 5.4.1
java_class_path (initial): C:\Users\Emanuele\.gradle\wrapper\dists\gradle-5.4.1-all\3221gyojl5jsh0helicew7rwx\gradle-5.4.1\lib\gradle-launcher-5.4.1.jar
Launcher Type: SUN_STANDARD

[Global flags]
     intx CICompilerCount                          = 3                                         {product} {ergonomic}
     uint ConcGCThreads                            = 2                                         {product} {ergonomic}
     uint G1ConcRefinementThreads                  = 6                                         {product} {ergonomic}
   size_t G1HeapRegionSize                         = 1048576                                   {product} {ergonomic}
    uintx GCDrainStackTargetSize                   = 64                                        {product} {ergonomic}
     bool HeapDumpOnOutOfMemoryError               = true                                   {manageable} {command line}
   size_t InitialHeapSize                          = 268435456                                 {product} {ergonomic}
   size_t MarkStackSize                            = 4194304                                   {product} {ergonomic}
   size_t MaxHeapSize                              = 4294967296                                {product} {command line}
   size_t MaxNewSize                               = 2576351232                                {product} {ergonomic}
   size_t MinHeapDeltaBytes                        = 1048576                                   {product} {ergonomic}
    uintx NonNMethodCodeHeapSize                   = 5830732                                {pd product} {ergonomic}
    uintx NonProfiledCodeHeapSize                  = 122913754                              {pd product} {ergonomic}
    uintx ProfiledCodeHeapSize                     = 122913754                              {pd product} {ergonomic}
    uintx ReservedCodeCacheSize                    = 251658240                              {pd product} {ergonomic}
     bool SegmentedCodeCache                       = true                                      {product} {ergonomic}
     bool UseCompressedClassPointers               = true                                 {lp64_product} {ergonomic}
     bool UseCompressedOops                        = true                                 {lp64_product} {ergonomic}
     bool UseG1GC                                  = true                                      {product} {ergonomic}
     bool UseLargePagesIndividualAllocation        = false                                  {pd product} {ergonomic}

Logging:
Log output configuration:
 #0: stdout all=warning uptime,level,tags
 #1: stderr all=off uptime,level,tags

Environment Variables:
PATH=C:\Program Files\Common Files\Oracle\Java\javapath;C:\Program Files (x86)\Common Files\Oracle\Java\javapath;C:\Windows\system32;C:\Windows;C:\Windows\System32\Wbem;C:\Windows\System32\WindowsPowerShell\v1.0\;C:\Windows\System32\OpenSSH\;C:\Program Files\NVIDIA Corporation\NVIDIA NvDLISR;C:\Program Files (x86)\NVIDIA Corporation\PhysX\Common;C:\Program Files\dotnet\;C:\Program Files\Git\cmd;C:\Users\Emanuele\AppData\Local\Microsoft\WindowsApps;C:\Users\Emanuele\AppData\Local\GitHubDesktop\bin
USERNAME=Emanuele
OS=Windows_NT
PROCESSOR_IDENTIFIER=Intel64 Family 6 Model 158 Stepping 12, GenuineIntel



---------------  S Y S T E M  ---------------

OS: Windows 10 , 64 bit Build 19041 (10.0.19041.1466)
OS uptime: 0 days 1:19 hours

CPU:total 6 (initial active 6) (6 cores per cpu, 1 threads per core) family 6 model 158 stepping 12 microcode 0xae, cmov, cx8, fxsr, mmx, sse, sse2, sse3, ssse3, sse4.1, sse4.2, popcnt, avx, avx2, aes, clmul, erms, rtm, 3dnowpref, lzcnt, tsc, tscinvbit, bmi1, bmi2, adx, fma

Memory: 4k page, system-wide physical 16316M (9687M free)
TotalPageFile size 18748M (AvailPageFile size 10973M)
current process WorkingSet (physical memory assigned to process): 725M, peak: 752M
current process commit charge ("private bytes"): 756M, peak: 783M

vm_info: OpenJDK 64-Bit Server VM (11.0.11+9-b60-7590822) for windows-amd64 JRE (11.0.11+9-b60-7590822), built on Jul 29 2021 21:43:44 by "builder" with MS VC++ 14.0 (VS2015)

END.
