#
# A fatal error has been detected by the Java Runtime Environment:
#
#  EXCEPTION_ACCESS_VIOLATION (0xc0000005) at pc=0x0000018e0d04ca17, pid=4524, tid=1284
#
# JRE version: OpenJDK Runtime Environment (11.0.11+9) (build 11.0.11+9-b60-7590822)
# Java VM: OpenJDK 64-Bit Server VM (11.0.11+9-b60-7590822, mixed mode, tiered, compressed oops, g1 gc, windows-amd64)
# Problematic frame:
# J 12510 c2 java.util.Collections$UnmodifiableList.get(I)Ljava/lang/Object; java.base@11.0.11 (11 bytes) @ 0x0000018e0d04ca17 [0x0000018e0d04c9c0+0x0000000000000057]
#
# No core dump will be written. Minidumps are not enabled by default on client versions of Windows
#
# If you would like to submit a bug report, please visit:
#   https://bugreport.java.com/bugreport/crash.jsp
#

---------------  S U M M A R Y ------------

Command Line: -XX:MaxPermSize=4096m -XX:+HeapDumpOnOutOfMemoryError --add-opens=java.base/java.util=ALL-UNNAMED --add-opens=java.base/java.lang=ALL-UNNAMED --add-opens=java.base/java.lang.invoke=ALL-UNNAMED --add-opens=java.prefs/java.util.prefs=ALL-UNNAMED -Xmx4096m -Dfile.encoding=windows-1252 -Duser.country=IT -Duser.language=it -Duser.variant org.gradle.launcher.daemon.bootstrap.GradleDaemon 5.4.1

Host: Intel(R) Core(TM) i5-9600K CPU @ 3.70GHz, 6 cores, 15G,  Windows 10 , 64 bit Build 19041 (10.0.19041.1466)
Time: Tue Feb  8 01:13:09 2022 ora solare Europa occidentale elapsed time: 72.975235 seconds (0d 0h 1m 12s)

---------------  T H R E A D  ---------------

Current thread (0x0000018e23261000):  JavaThread "WorkerExecutor Queue Thread 2" [_thread_in_Java, id=1284, stack(0x0000002972f00000,0x0000002973000000)]

Stack: [0x0000002972f00000,0x0000002973000000],  sp=0x0000002972ffd1a0,  free space=1012k
Native frames: (J=compiled Java code, j=interpreted, Vv=VM code, C=native code)
C  0x0000018e0d04ca17


siginfo: EXCEPTION_ACCESS_VIOLATION (0xc0000005), reading address 0x0000000717474c94


Register to memory mapping:

RIP=0x0000018e0d04ca17 is at entry_point+87 in (nmethod*)0x0000018e0d04c810
RAX=0x000000080007b058 is a pointer to class: 
java.util.Collections$UnmodifiableRandomAccessList {0x000000080007b060}
RBX=0x00000007158fb6e0 is an oop: java.util.ArrayList 
{0x00000007158fb6e0} - klass: 'java/util/ArrayList'
RCX=0x0000018e14f1ece0 points into unknown readable memory: 0x2020202020202020 | 20 20 20 20 20 20 20 20
RDX=0x000000070fd9c1e0 is an oop: java.util.Collections$UnmodifiableRandomAccessList 
{0x000000070fd9c1e0} - klass: 'java/util/Collections$UnmodifiableRandomAccessList'
RSP=0x0000002972ffd1a0 is pointing into the stack for thread: 0x0000018e23261000
RBP=0x00000000e2e8e991 is an unknown value
RSI=0x0000000000000188 is an unknown value
RDI=0x000000070fd9c1f8 is an oop: 
[error occurred during error reporting (printing register info), id 0xc0000005, EXCEPTION_ACCESS_VIOLATION (0xc0000005) at pc=0x00007fff616af08d]

Registers:
RAX=0x000000080007b058, RBX=0x00000007158fb6e0, RCX=0x0000018e14f1ece0, RDX=0x000000070fd9c1e0
RSP=0x0000002972ffd1a0, RBP=0x00000000e2e8e991, RSI=0x0000000000000188, RDI=0x000000070fd9c1f8
R8 =0x0000000000000000, R9 =0x0000000000034ba0, R10=0x00000000e2b1f6dc, R11=0x00000007158fb6e0
R12=0x0000000000000000, R13=0x00000007158fb6e0, R14=0x0000000800034ba0, R15=0x0000018e23261000
RIP=0x0000018e0d04ca17, EFLAGS=0x0000000000010297

Top of Stack: (sp=0x0000002972ffd1a0)
0x0000002972ffd1a0:   0000000700605888 000000070fd9c030
0x0000002972ffd1b0:   0000018e14f1ece0 000000070fd9c1e0
0x0000002972ffd1c0:   0000002972ffe208 0000018e075581f4
0x0000002972ffd1d0:   000000070fd9c1e0 0000018e35658ff0
0x0000002972ffd1e0:   000000071579c338 000000071023e320
0x0000002972ffd1f0:   000000071023e2d0 0000018e356c3d30
0x0000002972ffd200:   0000018e14f211f1 000000071023e2d0
0x0000002972ffd210:   0000002972ffe208 0000018e075a5e74
0x0000002972ffd220:   000000071023e2d0 000000071023e2b8
0x0000002972ffd230:   00000007144eb840 00000007144eb7e0
0x0000002972ffd240:   00000007157ff788 000000071023d988
0x0000002972ffd250:   0000002972ffe208 0000018e06daae44
0x0000002972ffd260:   000000071023d9d8 000000071023da10
0x0000002972ffd270:   00000007144eb840 000000071023da28
0x0000002972ffd280:   000000071023da60 00000007157ff7e8
0x0000002972ffd290:   00000007157ffb20 0000001700000016 

Instructions: (pc=0x0000018e0d04ca17)
0x0000018e0d04c917:   00 e0 c9 04 0d 8e 01 00 00 c0 c9 04 0d 8e 01 00
0x0000018e0d04c927:   00 50 03 00 00 ff ff ff ff b0 01 00 00 50 03 00
0x0000018e0d04c937:   00 68 03 00 00 70 03 00 00 00 00 00 00 f0 03 00
0x0000018e0d04c947:   00 b0 04 00 00 b8 04 00 00 b8 04 00 00 d8 04 00
0x0000018e0d04c957:   00 10 00 00 00 de 30 00 00 04 00 00 00 00 00 00
0x0000018e0d04c967:   00 00 00 00 00 02 00 00 00 00 00 00 00 00 00 00
0x0000018e0d04c977:   00 df 01 00 00 ff ff ff ff ff ff ff ff 00 00 00
0x0000018e0d04c987:   00 17 60 01 f0 22 cc 47 b0 02 f0 04 cc 4b 64 14
0x0000018e0d04c997:   64 18 64 18 64 14 64 14 64 18 64 10 64 10 64 10
0x0000018e0d04c9a7:   64 1d 00 00 64 0f 64 00 00 00 00 00 00 00 00 00
0x0000018e0d04c9b7:   00 00 00 00 00 00 00 00 00 44 8b 52 08 49 bc 00
0x0000018e0d04c9c7:   00 00 00 08 00 00 00 4d 03 d4 4d 33 e4 49 3b c2
0x0000018e0d04c9d7:   0f 85 23 94 e2 f7 66 66 90 89 84 24 00 90 ff ff
0x0000018e0d04c9e7:   55 48 83 ec 20 44 8b 52 10 47 8b 4c d4 08 4f 8d
0x0000018e0d04c9f7:   1c d4 41 81 f9 a0 4b 03 00 75 42 41 8b 6b 10 85
0x0000018e0d04ca07:   ed 0f 8c 9a 00 00 00 44 3b c5 73 68 41 8b 6b 14
0x0000018e0d04ca17:   45 8b 54 ec 0c 45 3b c2 73 73 4d 8d 14 ec 47 8b
0x0000018e0d04ca27:   5c 82 10 49 8b c3 48 c1 e0 03 c5 f8 77 48 83 c4
0x0000018e0d04ca37:   20 5d 4d 8b 97 08 01 00 00 41 85 02 c3 41 81 f9
0x0000018e0d04ca47:   40 6e 87 00 0f 85 9b 00 00 00 41 8b 6b 10 85 ed
0x0000018e0d04ca57:   0f 8c a3 00 00 00 44 3b c5 73 5e 41 8b 6b 14 45
0x0000018e0d04ca67:   8b 5c ec 0c 45 3b c3 73 68 4d 8d 14 ec 47 8b 5c
0x0000018e0d04ca77:   82 10 eb af ba e4 ff ff ff 44 89 44 24 04 4c 89
0x0000018e0d04ca87:   5c 24 08 66 90 c5 f8 77 e8 6c 9d e2 f7 ba e4 ff
0x0000018e0d04ca97:   ff ff 44 89 04 24 66 66 90 c5 f8 77 e8 58 9d e2
0x0000018e0d04caa7:   f7 ba cc ff ff ff 44 89 44 24 04 4c 89 5c 24 08
0x0000018e0d04cab7:   90 c5 f8 77 e8 40 9d e2 f7 ba e4 ff ff ff 44 89
0x0000018e0d04cac7:   44 24 04 4c 89 5c 24 08 90 c5 f8 77 e8 28 9d e2
0x0000018e0d04cad7:   f7 ba e4 ff ff ff 44 89 04 24 66 66 90 c5 f8 77
0x0000018e0d04cae7:   e8 14 9d e2 f7 ba c6 ff ff ff 41 8b ea 44 89 04
0x0000018e0d04caf7:   24 c5 f8 77 e8 00 9d e2 f7 ba cc ff ff ff 44 89
0x0000018e0d04cb07:   44 24 04 4c 89 5c 24 08 90 c5 f8 77 e8 e8 9c e2 


Stack slot to memory mapping:
stack at sp + 0 slots: 0x0000000700605888 is an oop: java.lang.Integer 
{0x0000000700605888} - klass: 'java/lang/Integer'
stack at sp + 1 slots: 0x000000070fd9c030 is an oop: java.util.HashMap 
{0x000000070fd9c030} - klass: 'java/util/HashMap'
stack at sp + 2 slots: 0x0000018e14f1ece0 points into unknown readable memory: 0x2020202020202020 | 20 20 20 20 20 20 20 20
stack at sp + 3 slots: 0x000000070fd9c1e0 is an oop: java.util.Collections$UnmodifiableRandomAccessList 
{0x000000070fd9c1e0} - klass: 'java/util/Collections$UnmodifiableRandomAccessList'
stack at sp + 4 slots: 0x0000002972ffe208 is pointing into the stack for thread: 0x0000018e23261000
stack at sp + 5 slots: 0x0000018e075581f4 is at entry_point+10068 in (nmethod*)0x0000018e07555110
stack at sp + 6 slots: 0x000000070fd9c1e0 is an oop: java.util.Collections$UnmodifiableRandomAccessList 
{0x000000070fd9c1e0} - klass: 'java/util/Collections$UnmodifiableRandomAccessList'
stack at sp + 7 slots: {method} {0x0000018e35658ff8} 'a' '(Lcom/android/tools/r8/ir/code/IRCode;Lcom/android/tools/r8/ir/regalloc/RegisterAllocator;)V' in 'com/android/tools/r8/ir/optimize/PeepholeOptimizer'



---------------  P R O C E S S  ---------------

Threads class SMR info:
_java_thread_list=0x0000018e2511bba0, length=53, elements={
0x0000018e7faed800, 0x0000018e207fd000, 0x0000018e20805000, 0x0000018e210ec800,
0x0000018e210ee800, 0x0000018e210ef800, 0x0000018e210f2800, 0x0000018e210f3800,
0x0000018e210fe000, 0x0000018e21263000, 0x0000018e22579000, 0x0000018e22871000,
0x0000018e2140e000, 0x0000018e223ae800, 0x0000018e22718000, 0x0000018e22db2800,
0x0000018e22db3000, 0x0000018e22daf000, 0x0000018e23263800, 0x0000018e2326c800,
0x0000018e2326d000, 0x0000018e2a5fa800, 0x0000018e2a5fa000, 0x0000018e2a5ff000,
0x0000018e2a5fe000, 0x0000018e2a5fd000, 0x0000018e2a5fb800, 0x0000018e2a5f9000,
0x0000018e2a601000, 0x0000018e2a602000, 0x0000018e2a600800, 0x0000018e2a5fc800,
0x0000018e2a607000, 0x0000018e2a608000, 0x0000018e2a603000, 0x0000018e2a603800,
0x0000018e2a604800, 0x0000018e2a606000, 0x0000018e2a605800, 0x0000018e23261800,
0x0000018e23265000, 0x0000018e23266000, 0x0000018e23262800, 0x0000018e23261000,
0x0000018e23267800, 0x0000018e23268800, 0x0000018e23269000, 0x0000018e23266800,
0x0000018e2326a000, 0x0000018e2326a800, 0x0000018e2326b800, 0x0000018e2326f000,
0x0000018e21a55000
}

Java Threads: ( => current thread )
  0x0000018e7faed800 JavaThread "main" [_thread_blocked, id=6472, stack(0x000000296f000000,0x000000296f100000)]
  0x0000018e207fd000 JavaThread "Reference Handler" daemon [_thread_blocked, id=5920, stack(0x000000296f700000,0x000000296f800000)]
  0x0000018e20805000 JavaThread "Finalizer" daemon [_thread_blocked, id=5924, stack(0x000000296f800000,0x000000296f900000)]
  0x0000018e210ec800 JavaThread "Signal Dispatcher" daemon [_thread_blocked, id=5944, stack(0x000000296f900000,0x000000296fa00000)]
  0x0000018e210ee800 JavaThread "Attach Listener" daemon [_thread_blocked, id=5948, stack(0x000000296fa00000,0x000000296fb00000)]
  0x0000018e210ef800 JavaThread "Service Thread" daemon [_thread_blocked, id=1200, stack(0x000000296fb00000,0x000000296fc00000)]
  0x0000018e210f2800 JavaThread "C2 CompilerThread0" daemon [_thread_in_native, id=6012, stack(0x000000296fc00000,0x000000296fd00000)]
  0x0000018e210f3800 JavaThread "C1 CompilerThread0" daemon [_thread_blocked, id=6008, stack(0x000000296fd00000,0x000000296fe00000)]
  0x0000018e210fe000 JavaThread "Sweeper thread" daemon [_thread_blocked, id=6004, stack(0x000000296fe00000,0x000000296ff00000)]
  0x0000018e21263000 JavaThread "Common-Cleaner" daemon [_thread_blocked, id=6096, stack(0x000000296ff00000,0x0000002970000000)]
  0x0000018e22579000 JavaThread "Daemon health stats" [_thread_blocked, id=5292, stack(0x0000002970700000,0x0000002970800000)]
  0x0000018e22871000 JavaThread "Incoming local TCP Connector on port 49835" [_thread_in_native, id=3800, stack(0x0000002970100000,0x0000002970200000)]
  0x0000018e2140e000 JavaThread "Daemon periodic checks" [_thread_blocked, id=6620, stack(0x0000002970800000,0x0000002970900000)]
  0x0000018e223ae800 JavaThread "Daemon" [_thread_blocked, id=4300, stack(0x0000002970900000,0x0000002970a00000)]
  0x0000018e22718000 JavaThread "Daemon worker" [_thread_blocked, id=7668, stack(0x0000002970c00000,0x0000002970d00000)]
  0x0000018e22db2800 JavaThread "Cache worker for file hash cache (C:\Users\Emanuele\.gradle\caches\5.4.1\fileHashes)" [_thread_blocked, id=4964, stack(0x0000002971200000,0x0000002971300000)]
  0x0000018e22db3000 JavaThread "File lock request listener" [_thread_in_native, id=6804, stack(0x0000002971300000,0x0000002971400000)]
  0x0000018e22daf000 JavaThread "Cache worker for journal cache (C:\Users\Emanuele\.gradle\caches\journal-1)" [_thread_blocked, id=4960, stack(0x0000002971400000,0x0000002971500000)]
  0x0000018e23263800 JavaThread "Cache worker for execution history cache (C:\Users\Emanuele\.gradle\caches\5.4.1\executionHistory)" [_thread_blocked, id=7156, stack(0x0000002971a00000,0x0000002971b00000)]
  0x0000018e2326c800 JavaThread "Memory manager" [_thread_blocked, id=6444, stack(0x0000002972300000,0x0000002972400000)]
  0x0000018e2326d000 JavaThread "Cache worker for file content cache (C:\Users\Emanuele\.gradle\caches\5.4.1\fileContent)" [_thread_blocked, id=6448, stack(0x0000002972400000,0x0000002972500000)]
  0x0000018e2a5fa800 JavaThread "Handler for socket connection from /127.0.0.1:49835 to /127.0.0.1:49960" [_thread_in_native, id=4004, stack(0x0000002970d00000,0x0000002970e00000)]
  0x0000018e2a5fa000 JavaThread "Cancel handler" [_thread_blocked, id=5900, stack(0x0000002970e00000,0x0000002970f00000)]
  0x0000018e2a5ff000 JavaThread "Asynchronous log dispatcher for DefaultDaemonConnection: socket connection from /127.0.0.1:49835 to /127.0.0.1:49960" [_thread_blocked, id=4408, stack(0x0000002970f00000,0x0000002971000000)]
  0x0000018e2a5fe000 JavaThread "Stdin handler" [_thread_blocked, id=6112, stack(0x0000002971500000,0x0000002971600000)]
  0x0000018e2a5fd000 JavaThread "Thread-35" [_thread_blocked, id=7748, stack(0x0000002971700000,0x0000002971800000)]
  0x0000018e2a5fb800 JavaThread "Cache worker for file hash cache (D:\UNISA\Images-to-PDF-8.8.1\.gradle\5.4.1\fileHashes)" [_thread_blocked, id=5584, stack(0x0000002971800000,0x0000002971900000)]
  0x0000018e2a5f9000 JavaThread "Cache worker for cache directory md-supplier (C:\Users\Emanuele\.gradle\caches\5.4.1\md-supplier)" [_thread_blocked, id=5168, stack(0x0000002971900000,0x0000002971a00000)]
  0x0000018e2a601000 JavaThread "Cache worker for cache directory md-rule (C:\Users\Emanuele\.gradle\caches\5.4.1\md-rule)" [_thread_blocked, id=5952, stack(0x0000002971b00000,0x0000002971c00000)]
  0x0000018e2a602000 JavaThread "Build operations" [_thread_blocked, id=4416, stack(0x0000002971d00000,0x0000002971e00000)]
  0x0000018e2a600800 JavaThread "Build operations Thread 2" [_thread_blocked, id=4340, stack(0x0000002971e00000,0x0000002971f00000)]
  0x0000018e2a5fc800 JavaThread "Build operations Thread 3" [_thread_blocked, id=5572, stack(0x0000002971f00000,0x0000002972000000)]
  0x0000018e2a607000 JavaThread "Build operations Thread 4" [_thread_blocked, id=4244, stack(0x0000002972000000,0x0000002972100000)]
  0x0000018e2a608000 JavaThread "Build operations Thread 5" [_thread_blocked, id=5212, stack(0x0000002972200000,0x0000002972300000)]
  0x0000018e2a603000 JavaThread "Build operations Thread 6" [_thread_blocked, id=5160, stack(0x0000002972500000,0x0000002972600000)]
  0x0000018e2a603800 JavaThread "Cache worker for Build Output Cleanup Cache (D:\UNISA\Images-to-PDF-8.8.1\.gradle\buildOutputCleanup)" [_thread_blocked, id=5216, stack(0x0000002972600000,0x0000002972700000)]
  0x0000018e2a604800 JavaThread "Cache worker for file content cache (D:\UNISA\Images-to-PDF-8.8.1\.gradle\5.4.1\fileContent)" [_thread_blocked, id=5184, stack(0x0000002972700000,0x0000002972800000)]
  0x0000018e2a606000 JavaThread "Execution worker for ':'" [_thread_blocked, id=5208, stack(0x0000002972800000,0x0000002972900000)]
  0x0000018e2a605800 JavaThread "Execution worker for ':' Thread 2" [_thread_blocked, id=4180, stack(0x0000002972900000,0x0000002972a00000)]
  0x0000018e23261800 JavaThread "Execution worker for ':' Thread 3" [_thread_blocked, id=5136, stack(0x0000002972a00000,0x0000002972b00000)]
  0x0000018e23265000 JavaThread "Execution worker for ':' Thread 4" [_thread_blocked, id=3680, stack(0x0000002972b00000,0x0000002972c00000)]
  0x0000018e23266000 JavaThread "Execution worker for ':' Thread 5" [_thread_blocked, id=7208, stack(0x0000002972c00000,0x0000002972d00000)]
  0x0000018e23262800 JavaThread "Cache worker for execution history cache (D:\UNISA\Images-to-PDF-8.8.1\.gradle\5.4.1\executionHistory)" [_thread_blocked, id=1232, stack(0x0000002972d00000,0x0000002972e00000)]
=>0x0000018e23261000 JavaThread "WorkerExecutor Queue Thread 2" [_thread_in_Java, id=1284, stack(0x0000002972f00000,0x0000002973000000)]
  0x0000018e23267800 JavaThread "pool-3-thread-1" [_thread_blocked, id=1228, stack(0x0000002973000000,0x0000002973100000)]
  0x0000018e23268800 JavaThread "stderr" [_thread_in_native, id=4900, stack(0x0000002973100000,0x0000002973200000)]
  0x0000018e23269000 JavaThread "stdout" [_thread_in_native, id=8184, stack(0x0000002973200000,0x0000002973300000)]
  0x0000018e23266800 JavaThread "WorkerExecutor Queue Thread 3" [_thread_blocked, id=2856, stack(0x000000296ee00000,0x000000296ef00000)]
  0x0000018e2326a000 JavaThread "WorkerExecutor Queue Thread 4" [_thread_blocked, id=1156, stack(0x000000296ef00000,0x000000296f000000)]
  0x0000018e2326a800 JavaThread "WorkerExecutor Queue Thread 6" [_thread_blocked, id=2828, stack(0x0000002972e00000,0x0000002972f00000)]
  0x0000018e2326b800 JavaThread "WorkerExecutor Queue Thread 7" [_thread_blocked, id=1688, stack(0x0000002973300000,0x0000002973400000)]
  0x0000018e2326f000 JavaThread "WorkerExecutor Queue Thread 8" [_thread_blocked, id=1692, stack(0x0000002973400000,0x0000002973500000)]
  0x0000018e21a55000 JavaThread "C2 CompilerThread1" daemon [_thread_blocked, id=1596, stack(0x000000296ed00000,0x000000296ee00000)]

Other Threads:
  0x0000018e207d9000 VMThread "VM Thread" [stack: 0x000000296f600000,0x000000296f700000] [id=5928] _threads_hazard_ptr=0x0000018e2511bba0
  0x0000018e21270000 WatcherThread [stack: 0x0000002970000000,0x0000002970100000] [id=3888]
  0x0000018e7fb05000 GCTaskThread "GC Thread#0" [stack: 0x000000296f100000,0x000000296f200000] [id=5320]
  0x0000018e21c17000 GCTaskThread "GC Thread#1" [stack: 0x0000002970200000,0x0000002970300000] [id=6120]
  0x0000018e21bf9000 GCTaskThread "GC Thread#2" [stack: 0x0000002970300000,0x0000002970400000] [id=4540]
  0x0000018e21a18800 GCTaskThread "GC Thread#3" [stack: 0x0000002970400000,0x0000002970500000] [id=4904]
  0x0000018e21a19000 GCTaskThread "GC Thread#4" [stack: 0x0000002970500000,0x0000002970600000] [id=4896]
  0x0000018e21d36800 GCTaskThread "GC Thread#5" [stack: 0x0000002970600000,0x0000002970700000] [id=6148]
  0x0000018e7fb60800 ConcurrentGCThread "G1 Main Marker" [stack: 0x000000296f200000,0x000000296f300000] [id=7224]
  0x0000018e7fb62000 ConcurrentGCThread "G1 Conc#0" [stack: 0x000000296f300000,0x000000296f400000] [id=7696]
  0x0000018e2305d800 ConcurrentGCThread "G1 Conc#1" [stack: 0x0000002971600000,0x0000002971700000] [id=1352]
  0x0000018e206c2800 ConcurrentGCThread "G1 Refine#0" [stack: 0x000000296f400000,0x000000296f500000] [id=7248]
  0x0000018e22eac800 ConcurrentGCThread "G1 Refine#1" [stack: 0x0000002971000000,0x0000002971100000] [id=7180]
  0x0000018e22ead000 ConcurrentGCThread "G1 Refine#2" [stack: 0x0000002971100000,0x0000002971200000] [id=3460]
  0x0000018e22eae000 ConcurrentGCThread "G1 Refine#3" [stack: 0x0000002972100000,0x0000002972200000] [id=6428]
  0x0000018e206c3800 ConcurrentGCThread "G1 Young RemSet Sampling" [stack: 0x000000296f500000,0x000000296f600000] [id=7712]

Threads with active compile tasks:
C2 CompilerThread0  72994 15055       4       com.android.tools.r8.ir.conversion.N::a (5667 bytes)
C2 CompilerThread1  72994 15260 %     4       com.android.tools.r8.ir.regalloc.LinearScanRegisterAllocator::a @ 2072 (3743 bytes)

VM state:synchronizing (normal execution)

VM Mutex/Monitor currently owned by a thread:  ([mutex/lock_event])
[0x0000018e7faeab50] Safepoint_lock - owner thread: 0x0000018e207d9000
[0x0000018e7faeb060] Threads_lock - owner thread: 0x0000018e207d9000
[0x0000018e7faea880] Heap_lock - owner thread: 0x0000018e2326a800

Heap address: 0x0000000700000000, size: 4096 MB, Compressed Oops mode: Zero based, Oop shift amount: 3
Narrow klass base: 0x0000000800000000, Narrow klass shift: 0
Compressed class space size: 1073741824 Address: 0x0000000800000000

Heap:
 garbage-first heap   total 378880K, used 295837K [0x0000000700000000, 0x0000000800000000)
  region size 1024K, 126 young (129024K), 1 survivors (1024K)
 Metaspace       used 90683K, capacity 93054K, committed 93304K, reserved 1130496K
  class space    used 11285K, capacity 12074K, committed 12152K, reserved 1048576K
Heap Regions: E=young(eden), S=young(survivor), O=old, HS=humongous(starts), HC=humongous(continues), CS=collection set, F=free, A=archive, TAMS=top-at-mark-start (previous, next)
|   0|0x0000000700000000, 0x0000000700100000, 0x0000000700100000|100%| O|  |TAMS 0x0000000700100000, 0x0000000700000000| Untracked 
|   1|0x0000000700100000, 0x0000000700200000, 0x0000000700200000|100%| O|  |TAMS 0x0000000700200000, 0x0000000700100000| Untracked 
|   2|0x0000000700200000, 0x0000000700300000, 0x0000000700300000|100%|HS|  |TAMS 0x0000000700300000, 0x0000000700200000| Complete 
|   3|0x0000000700300000, 0x0000000700400000, 0x0000000700400000|100%|HS|  |TAMS 0x0000000700400000, 0x0000000700300000| Complete 
|   4|0x0000000700400000, 0x0000000700500000, 0x0000000700500000|100%|HC|  |TAMS 0x0000000700500000, 0x0000000700400000| Complete 
|   5|0x0000000700500000, 0x0000000700600000, 0x0000000700600000|100%| O|  |TAMS 0x0000000700600000, 0x0000000700500000| Untracked 
|   6|0x0000000700600000, 0x0000000700700000, 0x0000000700700000|100%| O|  |TAMS 0x0000000700700000, 0x0000000700600000| Untracked 
|   7|0x0000000700700000, 0x0000000700800000, 0x0000000700800000|100%| O|  |TAMS 0x0000000700800000, 0x0000000700700000| Untracked 
|   8|0x0000000700800000, 0x0000000700900000, 0x0000000700900000|100%| O|  |TAMS 0x0000000700900000, 0x0000000700800000| Untracked 
|   9|0x0000000700900000, 0x0000000700a00000, 0x0000000700a00000|100%| O|  |TAMS 0x0000000700a00000, 0x0000000700900000| Untracked 
|  10|0x0000000700a00000, 0x0000000700b00000, 0x0000000700b00000|100%| O|  |TAMS 0x0000000700b00000, 0x0000000700a00000| Untracked 
|  11|0x0000000700b00000, 0x0000000700c00000, 0x0000000700c00000|100%| O|  |TAMS 0x0000000700c00000, 0x0000000700b00000| Untracked 
|  12|0x0000000700c00000, 0x0000000700d00000, 0x0000000700d00000|100%| O|  |TAMS 0x0000000700d00000, 0x0000000700c00000| Untracked 
|  13|0x0000000700d00000, 0x0000000700e00000, 0x0000000700e00000|100%| O|  |TAMS 0x0000000700e00000, 0x0000000700d00000| Untracked 
|  14|0x0000000700e00000, 0x0000000700f00000, 0x0000000700f00000|100%|HS|  |TAMS 0x0000000700f00000, 0x0000000700e00000| Complete 
|  15|0x0000000700f00000, 0x0000000701000000, 0x0000000701000000|100%|HC|  |TAMS 0x0000000701000000, 0x0000000700f00000| Complete 
|  16|0x0000000701000000, 0x0000000701100000, 0x0000000701100000|100%|HS|  |TAMS 0x0000000701100000, 0x0000000701000000| Complete 
|  17|0x0000000701100000, 0x0000000701200000, 0x0000000701200000|100%|HC|  |TAMS 0x0000000701200000, 0x0000000701100000| Complete 
|  18|0x0000000701200000, 0x0000000701300000, 0x0000000701300000|100%|HC|  |TAMS 0x0000000701300000, 0x0000000701200000| Complete 
|  19|0x0000000701300000, 0x0000000701400000, 0x0000000701400000|100%|HS|  |TAMS 0x0000000701400000, 0x0000000701300000| Complete 
|  20|0x0000000701400000, 0x0000000701500000, 0x0000000701500000|100%|HC|  |TAMS 0x0000000701500000, 0x0000000701400000| Complete 
|  21|0x0000000701500000, 0x0000000701600000, 0x0000000701600000|100%|HC|  |TAMS 0x0000000701600000, 0x0000000701500000| Complete 
|  22|0x0000000701600000, 0x0000000701700000, 0x0000000701700000|100%|HC|  |TAMS 0x0000000701700000, 0x0000000701600000| Complete 
|  23|0x0000000701700000, 0x0000000701800000, 0x0000000701800000|100%|HS|  |TAMS 0x0000000701800000, 0x0000000701700000| Complete 
|  24|0x0000000701800000, 0x0000000701900000, 0x0000000701900000|100%|HC|  |TAMS 0x0000000701900000, 0x0000000701800000| Complete 
|  25|0x0000000701900000, 0x0000000701a00000, 0x0000000701a00000|100%| O|  |TAMS 0x0000000701a00000, 0x0000000701900000| Untracked 
|  26|0x0000000701a00000, 0x0000000701b00000, 0x0000000701b00000|100%| O|  |TAMS 0x0000000701b00000, 0x0000000701a00000| Untracked 
|  27|0x0000000701b00000, 0x0000000701c00000, 0x0000000701c00000|100%| O|  |TAMS 0x0000000701c00000, 0x0000000701b00000| Untracked 
|  28|0x0000000701c00000, 0x0000000701d00000, 0x0000000701d00000|100%| O|  |TAMS 0x0000000701d00000, 0x0000000701c00000| Untracked 
|  29|0x0000000701d00000, 0x0000000701e00000, 0x0000000701e00000|100%| O|  |TAMS 0x0000000701e00000, 0x0000000701d00000| Untracked 
|  30|0x0000000701e00000, 0x0000000701f00000, 0x0000000701f00000|100%| O|  |TAMS 0x0000000701f00000, 0x0000000701e00000| Untracked 
|  31|0x0000000701f00000, 0x0000000702000000, 0x0000000702000000|100%| O|  |TAMS 0x0000000702000000, 0x0000000701f00000| Untracked 
|  32|0x0000000702000000, 0x0000000702100000, 0x0000000702100000|100%| O|  |TAMS 0x0000000702100000, 0x0000000702000000| Untracked 
|  33|0x0000000702100000, 0x0000000702200000, 0x0000000702200000|100%| O|  |TAMS 0x0000000702200000, 0x0000000702100000| Untracked 
|  34|0x0000000702200000, 0x0000000702300000, 0x0000000702300000|100%| O|  |TAMS 0x0000000702300000, 0x0000000702200000| Untracked 
|  35|0x0000000702300000, 0x0000000702400000, 0x0000000702400000|100%| O|  |TAMS 0x0000000702400000, 0x0000000702300000| Untracked 
|  36|0x0000000702400000, 0x0000000702500000, 0x0000000702500000|100%| O|  |TAMS 0x0000000702500000, 0x0000000702400000| Untracked 
|  37|0x0000000702500000, 0x0000000702600000, 0x0000000702600000|100%| O|  |TAMS 0x0000000702600000, 0x0000000702500000| Untracked 
|  38|0x0000000702600000, 0x0000000702700000, 0x0000000702700000|100%| O|  |TAMS 0x0000000702700000, 0x0000000702600000| Untracked 
|  39|0x0000000702700000, 0x0000000702800000, 0x0000000702800000|100%| O|  |TAMS 0x0000000702800000, 0x0000000702700000| Untracked 
|  40|0x0000000702800000, 0x0000000702900000, 0x0000000702900000|100%| O|  |TAMS 0x0000000702900000, 0x0000000702800000| Untracked 
|  41|0x0000000702900000, 0x0000000702a00000, 0x0000000702a00000|100%| O|  |TAMS 0x0000000702a00000, 0x0000000702900000| Untracked 
|  42|0x0000000702a00000, 0x0000000702b00000, 0x0000000702b00000|100%| O|  |TAMS 0x0000000702b00000, 0x0000000702a00000| Untracked 
|  43|0x0000000702b00000, 0x0000000702c00000, 0x0000000702c00000|100%| O|  |TAMS 0x0000000702c00000, 0x0000000702b00000| Untracked 
|  44|0x0000000702c00000, 0x0000000702d00000, 0x0000000702d00000|100%| O|  |TAMS 0x0000000702d00000, 0x0000000702c00000| Untracked 
|  45|0x0000000702d00000, 0x0000000702e00000, 0x0000000702e00000|100%| O|  |TAMS 0x0000000702e00000, 0x0000000702d00000| Untracked 
|  46|0x0000000702e00000, 0x0000000702f00000, 0x0000000702f00000|100%| O|  |TAMS 0x0000000702f00000, 0x0000000702e00000| Untracked 
|  47|0x0000000702f00000, 0x0000000703000000, 0x0000000703000000|100%| O|  |TAMS 0x0000000703000000, 0x0000000702f00000| Untracked 
|  48|0x0000000703000000, 0x0000000703100000, 0x0000000703100000|100%| O|  |TAMS 0x0000000703100000, 0x0000000703000000| Untracked 
|  49|0x0000000703100000, 0x0000000703200000, 0x0000000703200000|100%| O|  |TAMS 0x0000000703200000, 0x0000000703100000| Untracked 
|  50|0x0000000703200000, 0x0000000703300000, 0x0000000703300000|100%| O|  |TAMS 0x0000000703300000, 0x0000000703200000| Untracked 
|  51|0x0000000703300000, 0x0000000703400000, 0x0000000703400000|100%| O|  |TAMS 0x0000000703400000, 0x0000000703300000| Untracked 
|  52|0x0000000703400000, 0x0000000703500000, 0x0000000703500000|100%| O|  |TAMS 0x0000000703500000, 0x0000000703400000| Untracked 
|  53|0x0000000703500000, 0x0000000703600000, 0x0000000703600000|100%| O|  |TAMS 0x0000000703600000, 0x0000000703500000| Untracked 
|  54|0x0000000703600000, 0x0000000703700000, 0x0000000703700000|100%| O|  |TAMS 0x0000000703700000, 0x0000000703600000| Untracked 
|  55|0x0000000703700000, 0x0000000703800000, 0x0000000703800000|100%| O|  |TAMS 0x0000000703800000, 0x0000000703700000| Untracked 
|  56|0x0000000703800000, 0x0000000703900000, 0x0000000703900000|100%| O|  |TAMS 0x0000000703900000, 0x0000000703800000| Untracked 
|  57|0x0000000703900000, 0x0000000703a00000, 0x0000000703a00000|100%| O|  |TAMS 0x0000000703a00000, 0x0000000703900000| Untracked 
|  58|0x0000000703a00000, 0x0000000703b00000, 0x0000000703b00000|100%| O|  |TAMS 0x0000000703b00000, 0x0000000703a00000| Untracked 
|  59|0x0000000703b00000, 0x0000000703c00000, 0x0000000703c00000|100%| O|  |TAMS 0x0000000703c00000, 0x0000000703b00000| Untracked 
|  60|0x0000000703c00000, 0x0000000703d00000, 0x0000000703d00000|100%| O|  |TAMS 0x0000000703c00000, 0x0000000703c00000| Untracked 
|  61|0x0000000703d00000, 0x0000000703e00000, 0x0000000703e00000|100%| O|  |TAMS 0x0000000703d00000, 0x0000000703d00000| Untracked 
|  62|0x0000000703e00000, 0x0000000703f00000, 0x0000000703f00000|100%| O|  |TAMS 0x0000000703f00000, 0x0000000703e00000| Untracked 
|  63|0x0000000703f00000, 0x0000000704000000, 0x0000000704000000|100%| O|  |TAMS 0x0000000704000000, 0x0000000703f00000| Untracked 
|  64|0x0000000704000000, 0x0000000704100000, 0x0000000704100000|100%| O|  |TAMS 0x0000000704100000, 0x0000000704000000| Untracked 
|  65|0x0000000704100000, 0x0000000704200000, 0x0000000704200000|100%| O|  |TAMS 0x0000000704200000, 0x0000000704100000| Untracked 
|  66|0x0000000704200000, 0x0000000704300000, 0x0000000704300000|100%| O|  |TAMS 0x0000000704200000, 0x0000000704200000| Untracked 
|  67|0x0000000704300000, 0x0000000704400000, 0x0000000704400000|100%| O|  |TAMS 0x0000000704400000, 0x0000000704300000| Untracked 
|  68|0x0000000704400000, 0x0000000704500000, 0x0000000704500000|100%|HS|  |TAMS 0x0000000704500000, 0x0000000704400000| Complete 
|  69|0x0000000704500000, 0x0000000704600000, 0x0000000704600000|100%|HC|  |TAMS 0x0000000704600000, 0x0000000704500000| Complete 
|  70|0x0000000704600000, 0x0000000704700000, 0x0000000704700000|100%| O|  |TAMS 0x0000000704700000, 0x0000000704600000| Untracked 
|  71|0x0000000704700000, 0x0000000704800000, 0x0000000704800000|100%| O|  |TAMS 0x0000000704800000, 0x0000000704700000| Untracked 
|  72|0x0000000704800000, 0x0000000704900000, 0x0000000704900000|100%| O|  |TAMS 0x0000000704900000, 0x0000000704800000| Untracked 
|  73|0x0000000704900000, 0x0000000704a00000, 0x0000000704a00000|100%| O|  |TAMS 0x0000000704a00000, 0x0000000704900000| Untracked 
|  74|0x0000000704a00000, 0x0000000704b00000, 0x0000000704b00000|100%| O|  |TAMS 0x0000000704b00000, 0x0000000704a00000| Untracked 
|  75|0x0000000704b00000, 0x0000000704c00000, 0x0000000704c00000|100%| O|  |TAMS 0x0000000704c00000, 0x0000000704b00000| Untracked 
|  76|0x0000000704c00000, 0x0000000704d00000, 0x0000000704d00000|100%| O|  |TAMS 0x0000000704d00000, 0x0000000704c00000| Untracked 
|  77|0x0000000704d00000, 0x0000000704e00000, 0x0000000704e00000|100%| O|  |TAMS 0x0000000704e00000, 0x0000000704d00000| Untracked 
|  78|0x0000000704e00000, 0x0000000704f00000, 0x0000000704f00000|100%|HS|  |TAMS 0x0000000704f00000, 0x0000000704e00000| Complete 
|  79|0x0000000704f00000, 0x0000000705000000, 0x0000000705000000|100%| O|  |TAMS 0x0000000705000000, 0x0000000704f00000| Untracked 
|  80|0x0000000705000000, 0x0000000705100000, 0x0000000705100000|100%|HS|  |TAMS 0x0000000705100000, 0x0000000705000000| Complete 
|  81|0x0000000705100000, 0x0000000705200000, 0x0000000705200000|100%| O|  |TAMS 0x0000000705200000, 0x0000000705100000| Untracked 
|  82|0x0000000705200000, 0x0000000705300000, 0x0000000705300000|100%| O|  |TAMS 0x0000000705300000, 0x0000000705200000| Untracked 
|  83|0x0000000705300000, 0x0000000705400000, 0x0000000705400000|100%| O|  |TAMS 0x0000000705400000, 0x0000000705300000| Untracked 
|  84|0x0000000705400000, 0x0000000705500000, 0x0000000705500000|100%| O|  |TAMS 0x0000000705500000, 0x0000000705400000| Untracked 
|  85|0x0000000705500000, 0x0000000705600000, 0x0000000705600000|100%| O|  |TAMS 0x0000000705600000, 0x0000000705500000| Untracked 
|  86|0x0000000705600000, 0x0000000705700000, 0x0000000705700000|100%| O|  |TAMS 0x0000000705700000, 0x0000000705600000| Untracked 
|  87|0x0000000705700000, 0x0000000705800000, 0x0000000705800000|100%| O|  |TAMS 0x0000000705800000, 0x0000000705700000| Untracked 
|  88|0x0000000705800000, 0x0000000705900000, 0x0000000705900000|100%| O|  |TAMS 0x0000000705900000, 0x0000000705800000| Untracked 
|  89|0x0000000705900000, 0x0000000705a00000, 0x0000000705a00000|100%| O|  |TAMS 0x0000000705a00000, 0x0000000705900000| Untracked 
|  90|0x0000000705a00000, 0x0000000705b00000, 0x0000000705b00000|100%| O|  |TAMS 0x0000000705b00000, 0x0000000705a00000| Untracked 
|  91|0x0000000705b00000, 0x0000000705c00000, 0x0000000705c00000|100%| O|  |TAMS 0x0000000705c00000, 0x0000000705b00000| Untracked 
|  92|0x0000000705c00000, 0x0000000705d00000, 0x0000000705d00000|100%| O|  |TAMS 0x0000000705d00000, 0x0000000705c00000| Untracked 
|  93|0x0000000705d00000, 0x0000000705e00000, 0x0000000705e00000|100%| O|  |TAMS 0x0000000705e00000, 0x0000000705d00000| Untracked 
|  94|0x0000000705e00000, 0x0000000705f00000, 0x0000000705f00000|100%| O|  |TAMS 0x0000000705f00000, 0x0000000705e00000| Untracked 
|  95|0x0000000705f00000, 0x0000000706000000, 0x0000000706000000|100%| O|  |TAMS 0x0000000706000000, 0x0000000705f00000| Untracked 
|  96|0x0000000706000000, 0x0000000706100000, 0x0000000706100000|100%| O|  |TAMS 0x0000000706100000, 0x0000000706000000| Untracked 
|  97|0x0000000706100000, 0x0000000706200000, 0x0000000706200000|100%| O|  |TAMS 0x0000000706200000, 0x0000000706100000| Untracked 
|  98|0x0000000706200000, 0x0000000706300000, 0x0000000706300000|100%| O|  |TAMS 0x0000000706300000, 0x0000000706200000| Untracked 
|  99|0x0000000706300000, 0x0000000706400000, 0x0000000706400000|100%| O|  |TAMS 0x0000000706400000, 0x0000000706300000| Untracked 
| 100|0x0000000706400000, 0x0000000706500000, 0x0000000706500000|100%| O|  |TAMS 0x0000000706500000, 0x0000000706400000| Untracked 
| 101|0x0000000706500000, 0x0000000706600000, 0x0000000706600000|100%| O|  |TAMS 0x0000000706600000, 0x0000000706500000| Untracked 
| 102|0x0000000706600000, 0x0000000706700000, 0x0000000706700000|100%| O|  |TAMS 0x0000000706700000, 0x0000000706600000| Untracked 
| 103|0x0000000706700000, 0x0000000706800000, 0x0000000706800000|100%| O|  |TAMS 0x0000000706800000, 0x0000000706700000| Untracked 
| 104|0x0000000706800000, 0x0000000706900000, 0x0000000706900000|100%| O|  |TAMS 0x0000000706900000, 0x0000000706800000| Untracked 
| 105|0x0000000706900000, 0x0000000706a00000, 0x0000000706a00000|100%| O|  |TAMS 0x0000000706a00000, 0x0000000706900000| Untracked 
| 106|0x0000000706a00000, 0x0000000706b00000, 0x0000000706b00000|100%| O|  |TAMS 0x0000000706b00000, 0x0000000706a00000| Untracked 
| 107|0x0000000706b00000, 0x0000000706c00000, 0x0000000706c00000|100%|HS|  |TAMS 0x0000000706c00000, 0x0000000706b00000| Complete 
| 108|0x0000000706c00000, 0x0000000706d00000, 0x0000000706d00000|100%| O|  |TAMS 0x0000000706d00000, 0x0000000706c00000| Untracked 
| 109|0x0000000706d00000, 0x0000000706e00000, 0x0000000706e00000|100%| O|  |TAMS 0x0000000706e00000, 0x0000000706d00000| Untracked 
| 110|0x0000000706e00000, 0x0000000706f00000, 0x0000000706f00000|100%| O|  |TAMS 0x0000000706f00000, 0x0000000706e00000| Untracked 
| 111|0x0000000706f00000, 0x0000000707000000, 0x0000000707000000|100%| O|  |TAMS 0x0000000707000000, 0x0000000706f00000| Untracked 
| 112|0x0000000707000000, 0x0000000707100000, 0x0000000707100000|100%| O|  |TAMS 0x0000000707100000, 0x0000000707000000| Untracked 
| 113|0x0000000707100000, 0x0000000707200000, 0x0000000707200000|100%| O|  |TAMS 0x0000000707200000, 0x0000000707100000| Untracked 
| 114|0x0000000707200000, 0x0000000707300000, 0x0000000707300000|100%| O|  |TAMS 0x0000000707300000, 0x0000000707200000| Untracked 
| 115|0x0000000707300000, 0x0000000707400000, 0x0000000707400000|100%| O|  |TAMS 0x0000000707400000, 0x0000000707300000| Untracked 
| 116|0x0000000707400000, 0x0000000707500000, 0x0000000707500000|100%| O|  |TAMS 0x0000000707500000, 0x0000000707400000| Untracked 
| 117|0x0000000707500000, 0x0000000707600000, 0x0000000707600000|100%| O|  |TAMS 0x0000000707600000, 0x0000000707500000| Untracked 
| 118|0x0000000707600000, 0x0000000707700000, 0x0000000707700000|100%| O|  |TAMS 0x0000000707700000, 0x0000000707600000| Untracked 
| 119|0x0000000707700000, 0x0000000707800000, 0x0000000707800000|100%| O|  |TAMS 0x0000000707800000, 0x0000000707700000| Untracked 
| 120|0x0000000707800000, 0x0000000707900000, 0x0000000707900000|100%| O|  |TAMS 0x0000000707900000, 0x0000000707800000| Untracked 
| 121|0x0000000707900000, 0x0000000707a00000, 0x0000000707a00000|100%| O|  |TAMS 0x0000000707a00000, 0x0000000707900000| Untracked 
| 122|0x0000000707a00000, 0x0000000707b00000, 0x0000000707b00000|100%| O|  |TAMS 0x0000000707b00000, 0x0000000707a00000| Untracked 
| 123|0x0000000707b00000, 0x0000000707c00000, 0x0000000707c00000|100%| O|  |TAMS 0x0000000707c00000, 0x0000000707b00000| Untracked 
| 124|0x0000000707c00000, 0x0000000707d00000, 0x0000000707d00000|100%| O|  |TAMS 0x0000000707c00000, 0x0000000707c00000| Untracked 
| 125|0x0000000707d00000, 0x0000000707d03000, 0x0000000707e00000|  1%| O|  |TAMS 0x0000000707d00000, 0x0000000707d00000| Untracked 
| 126|0x0000000707e00000, 0x0000000707f00000, 0x0000000707f00000|100%| O|  |TAMS 0x0000000707f00000, 0x0000000707e00000| Untracked 
| 127|0x0000000707f00000, 0x0000000708000000, 0x0000000708000000|100%| O|  |TAMS 0x0000000708000000, 0x0000000707f00000| Untracked 
| 128|0x0000000708000000, 0x0000000708100000, 0x0000000708100000|100%| O|  |TAMS 0x0000000708100000, 0x0000000708000000| Untracked 
| 129|0x0000000708100000, 0x0000000708200000, 0x0000000708200000|100%| O|  |TAMS 0x0000000708200000, 0x0000000708100000| Untracked 
| 130|0x0000000708200000, 0x0000000708300000, 0x0000000708300000|100%| O|  |TAMS 0x0000000708300000, 0x0000000708200000| Untracked 
| 131|0x0000000708300000, 0x0000000708400000, 0x0000000708400000|100%| O|  |TAMS 0x0000000708400000, 0x0000000708300000| Untracked 
| 132|0x0000000708400000, 0x0000000708400000, 0x0000000708500000|  0%| F|  |TAMS 0x0000000708400000, 0x0000000708400000| Untracked 
| 133|0x0000000708500000, 0x0000000708600000, 0x0000000708600000|100%| O|  |TAMS 0x0000000708600000, 0x0000000708500000| Untracked 
| 134|0x0000000708600000, 0x0000000708700000, 0x0000000708700000|100%| O|  |TAMS 0x0000000708700000, 0x0000000708600000| Untracked 
| 135|0x0000000708700000, 0x0000000708800000, 0x0000000708800000|100%| O|  |TAMS 0x0000000708800000, 0x0000000708700000| Untracked 
| 136|0x0000000708800000, 0x0000000708900000, 0x0000000708900000|100%| O|  |TAMS 0x0000000708900000, 0x0000000708800000| Untracked 
| 137|0x0000000708900000, 0x0000000708a00000, 0x0000000708a00000|100%| O|  |TAMS 0x0000000708a00000, 0x0000000708900000| Untracked 
| 138|0x0000000708a00000, 0x0000000708b00000, 0x0000000708b00000|100%| O|  |TAMS 0x0000000708b00000, 0x0000000708a00000| Untracked 
| 139|0x0000000708b00000, 0x0000000708b00000, 0x0000000708c00000|  0%| F|  |TAMS 0x0000000708b00000, 0x0000000708b00000| Untracked 
| 140|0x0000000708c00000, 0x0000000708d00000, 0x0000000708d00000|100%| O|  |TAMS 0x0000000708d00000, 0x0000000708c00000| Untracked 
| 141|0x0000000708d00000, 0x0000000708e00000, 0x0000000708e00000|100%| O|  |TAMS 0x0000000708e00000, 0x0000000708d00000| Untracked 
| 142|0x0000000708e00000, 0x0000000708f00000, 0x0000000708f00000|100%| O|  |TAMS 0x0000000708f00000, 0x0000000708e00000| Untracked 
| 143|0x0000000708f00000, 0x0000000709000000, 0x0000000709000000|100%| O|  |TAMS 0x0000000709000000, 0x0000000708f00000| Untracked 
| 144|0x0000000709000000, 0x0000000709000000, 0x0000000709100000|  0%| F|  |TAMS 0x0000000709000000, 0x0000000709000000| Untracked 
| 145|0x0000000709100000, 0x0000000709100000, 0x0000000709200000|  0%| F|  |TAMS 0x0000000709100000, 0x0000000709100000| Untracked 
| 146|0x0000000709200000, 0x0000000709300000, 0x0000000709300000|100%| O|  |TAMS 0x0000000709300000, 0x0000000709200000| Untracked 
| 147|0x0000000709300000, 0x0000000709400000, 0x0000000709400000|100%| O|  |TAMS 0x0000000709400000, 0x0000000709300000| Untracked 
| 148|0x0000000709400000, 0x0000000709500000, 0x0000000709500000|100%| O|  |TAMS 0x0000000709500000, 0x0000000709400000| Untracked 
| 149|0x0000000709500000, 0x0000000709600000, 0x0000000709600000|100%| O|  |TAMS 0x0000000709600000, 0x0000000709500000| Untracked 
| 150|0x0000000709600000, 0x0000000709700000, 0x0000000709700000|100%| O|  |TAMS 0x0000000709700000, 0x0000000709600000| Untracked 
| 151|0x0000000709700000, 0x0000000709800000, 0x0000000709800000|100%| O|  |TAMS 0x0000000709800000, 0x0000000709700000| Untracked 
| 152|0x0000000709800000, 0x0000000709900000, 0x0000000709900000|100%| O|  |TAMS 0x0000000709900000, 0x0000000709800000| Untracked 
| 153|0x0000000709900000, 0x0000000709a00000, 0x0000000709a00000|100%| O|  |TAMS 0x0000000709a00000, 0x0000000709900000| Untracked 
| 154|0x0000000709a00000, 0x0000000709a00000, 0x0000000709b00000|  0%| F|  |TAMS 0x0000000709a00000, 0x0000000709a00000| Untracked 
| 155|0x0000000709b00000, 0x0000000709c00000, 0x0000000709c00000|100%| O|  |TAMS 0x0000000709c00000, 0x0000000709b00000| Untracked 
| 156|0x0000000709c00000, 0x0000000709c00000, 0x0000000709d00000|  0%| F|  |TAMS 0x0000000709c00000, 0x0000000709c00000| Untracked 
| 157|0x0000000709d00000, 0x0000000709e00000, 0x0000000709e00000|100%| O|  |TAMS 0x0000000709e00000, 0x0000000709d00000| Untracked 
| 158|0x0000000709e00000, 0x0000000709f00000, 0x0000000709f00000|100%| O|  |TAMS 0x0000000709f00000, 0x0000000709e00000| Untracked 
| 159|0x0000000709f00000, 0x000000070a000000, 0x000000070a000000|100%| O|  |TAMS 0x000000070a000000, 0x0000000709f00000| Untracked 
| 160|0x000000070a000000, 0x000000070a100000, 0x000000070a100000|100%| O|  |TAMS 0x000000070a100000, 0x000000070a000000| Untracked 
| 161|0x000000070a100000, 0x000000070a100000, 0x000000070a200000|  0%| F|  |TAMS 0x000000070a100000, 0x000000070a100000| Untracked 
| 162|0x000000070a200000, 0x000000070a200000, 0x000000070a300000|  0%| F|  |TAMS 0x000000070a200000, 0x000000070a200000| Untracked 
| 163|0x000000070a300000, 0x000000070a300000, 0x000000070a400000|  0%| F|  |TAMS 0x000000070a300000, 0x000000070a300000| Untracked 
| 164|0x000000070a400000, 0x000000070a500000, 0x000000070a500000|100%| O|  |TAMS 0x000000070a500000, 0x000000070a400000| Untracked 
| 165|0x000000070a500000, 0x000000070a600000, 0x000000070a600000|100%| O|  |TAMS 0x000000070a600000, 0x000000070a500000| Untracked 
| 166|0x000000070a600000, 0x000000070a700000, 0x000000070a700000|100%| O|  |TAMS 0x000000070a700000, 0x000000070a600000| Untracked 
| 167|0x000000070a700000, 0x000000070a800000, 0x000000070a800000|100%| O|  |TAMS 0x000000070a800000, 0x000000070a700000| Untracked 
| 168|0x000000070a800000, 0x000000070a900000, 0x000000070a900000|100%| O|  |TAMS 0x000000070a900000, 0x000000070a800000| Untracked 
| 169|0x000000070a900000, 0x000000070a9ffff8, 0x000000070aa00000| 99%| O|  |TAMS 0x000000070a9ffff8, 0x000000070a900000| Untracked 
| 170|0x000000070aa00000, 0x000000070ab00000, 0x000000070ab00000|100%| O|  |TAMS 0x000000070ab00000, 0x000000070aa00000| Untracked 
| 171|0x000000070ab00000, 0x000000070ac00000, 0x000000070ac00000|100%| O|  |TAMS 0x000000070ac00000, 0x000000070ab00000| Untracked 
| 172|0x000000070ac00000, 0x000000070ad00000, 0x000000070ad00000|100%| O|  |TAMS 0x000000070acf1200, 0x000000070ac00000| Untracked 
| 173|0x000000070ad00000, 0x000000070ad00000, 0x000000070ae00000|  0%| F|  |TAMS 0x000000070ad00000, 0x000000070ad00000| Untracked 
| 174|0x000000070ae00000, 0x000000070ae00000, 0x000000070af00000|  0%| F|  |TAMS 0x000000070ae00000, 0x000000070ae00000| Untracked 
| 175|0x000000070af00000, 0x000000070af00000, 0x000000070b000000|  0%| F|  |TAMS 0x000000070af00000, 0x000000070af00000| Untracked 
| 176|0x000000070b000000, 0x000000070b000000, 0x000000070b100000|  0%| F|  |TAMS 0x000000070b000000, 0x000000070b000000| Untracked 
| 177|0x000000070b100000, 0x000000070b100000, 0x000000070b200000|  0%| F|  |TAMS 0x000000070b100000, 0x000000070b100000| Untracked 
| 178|0x000000070b200000, 0x000000070b200000, 0x000000070b300000|  0%| F|  |TAMS 0x000000070b200000, 0x000000070b200000| Untracked 
| 179|0x000000070b300000, 0x000000070b300000, 0x000000070b400000|  0%| F|  |TAMS 0x000000070b300000, 0x000000070b300000| Untracked 
| 180|0x000000070b400000, 0x000000070b400000, 0x000000070b500000|  0%| F|  |TAMS 0x000000070b400000, 0x000000070b400000| Untracked 
| 181|0x000000070b500000, 0x000000070b500000, 0x000000070b600000|  0%| F|  |TAMS 0x000000070b500000, 0x000000070b500000| Untracked 
| 182|0x000000070b600000, 0x000000070b600000, 0x000000070b700000|  0%| F|  |TAMS 0x000000070b600000, 0x000000070b600000| Untracked 
| 183|0x000000070b700000, 0x000000070b700000, 0x000000070b800000|  0%| F|  |TAMS 0x000000070b700000, 0x000000070b700000| Untracked 
| 184|0x000000070b800000, 0x000000070b800000, 0x000000070b900000|  0%| F|  |TAMS 0x000000070b800000, 0x000000070b800000| Untracked 
| 185|0x000000070b900000, 0x000000070b900000, 0x000000070ba00000|  0%| F|  |TAMS 0x000000070b900000, 0x000000070b900000| Untracked 
| 186|0x000000070ba00000, 0x000000070ba00000, 0x000000070bb00000|  0%| F|  |TAMS 0x000000070ba00000, 0x000000070ba00000| Untracked 
| 187|0x000000070bb00000, 0x000000070bb00000, 0x000000070bc00000|  0%| F|  |TAMS 0x000000070bb00000, 0x000000070bb00000| Untracked 
| 188|0x000000070bc00000, 0x000000070bc00000, 0x000000070bd00000|  0%| F|  |TAMS 0x000000070bc00000, 0x000000070bc00000| Untracked 
| 189|0x000000070bd00000, 0x000000070bd00000, 0x000000070be00000|  0%| F|  |TAMS 0x000000070bd00000, 0x000000070bd00000| Untracked 
| 190|0x000000070be00000, 0x000000070be00000, 0x000000070bf00000|  0%| F|  |TAMS 0x000000070be00000, 0x000000070be00000| Untracked 
| 191|0x000000070bf00000, 0x000000070bf00000, 0x000000070c000000|  0%| F|  |TAMS 0x000000070bf00000, 0x000000070bf00000| Untracked 
| 192|0x000000070c000000, 0x000000070c000000, 0x000000070c100000|  0%| F|  |TAMS 0x000000070c000000, 0x000000070c000000| Untracked 
| 193|0x000000070c100000, 0x000000070c100000, 0x000000070c200000|  0%| F|  |TAMS 0x000000070c100000, 0x000000070c100000| Untracked 
| 194|0x000000070c200000, 0x000000070c200000, 0x000000070c300000|  0%| F|  |TAMS 0x000000070c200000, 0x000000070c200000| Untracked 
| 195|0x000000070c300000, 0x000000070c300000, 0x000000070c400000|  0%| F|  |TAMS 0x000000070c300000, 0x000000070c300000| Untracked 
| 196|0x000000070c400000, 0x000000070c400000, 0x000000070c500000|  0%| F|  |TAMS 0x000000070c400000, 0x000000070c400000| Untracked 
| 197|0x000000070c500000, 0x000000070c500000, 0x000000070c600000|  0%| F|  |TAMS 0x000000070c500000, 0x000000070c500000| Untracked 
| 198|0x000000070c600000, 0x000000070c600000, 0x000000070c700000|  0%| F|  |TAMS 0x000000070c600000, 0x000000070c600000| Untracked 
| 199|0x000000070c700000, 0x000000070c700000, 0x000000070c800000|  0%| F|  |TAMS 0x000000070c700000, 0x000000070c700000| Untracked 
| 200|0x000000070c800000, 0x000000070c800000, 0x000000070c900000|  0%| F|  |TAMS 0x000000070c800000, 0x000000070c800000| Untracked 
| 201|0x000000070c900000, 0x000000070c900000, 0x000000070ca00000|  0%| F|  |TAMS 0x000000070c900000, 0x000000070c900000| Untracked 
| 202|0x000000070ca00000, 0x000000070ca00000, 0x000000070cb00000|  0%| F|  |TAMS 0x000000070ca00000, 0x000000070ca00000| Untracked 
| 203|0x000000070cb00000, 0x000000070cb00000, 0x000000070cc00000|  0%| F|  |TAMS 0x000000070cb00000, 0x000000070cb00000| Untracked 
| 204|0x000000070cc00000, 0x000000070cc00000, 0x000000070cd00000|  0%| F|  |TAMS 0x000000070cc00000, 0x000000070cc00000| Untracked 
| 205|0x000000070cd00000, 0x000000070cd00000, 0x000000070ce00000|  0%| F|  |TAMS 0x000000070cd00000, 0x000000070cd00000| Untracked 
| 206|0x000000070ce00000, 0x000000070ce00000, 0x000000070cf00000|  0%| F|  |TAMS 0x000000070ce00000, 0x000000070ce00000| Untracked 
| 207|0x000000070cf00000, 0x000000070cf00000, 0x000000070d000000|  0%| F|  |TAMS 0x000000070cf00000, 0x000000070cf00000| Untracked 
| 208|0x000000070d000000, 0x000000070d000000, 0x000000070d100000|  0%| F|  |TAMS 0x000000070d000000, 0x000000070d000000| Untracked 
| 209|0x000000070d100000, 0x000000070d100000, 0x000000070d200000|  0%| F|  |TAMS 0x000000070d100000, 0x000000070d100000| Untracked 
| 210|0x000000070d200000, 0x000000070d200000, 0x000000070d300000|  0%| F|  |TAMS 0x000000070d200000, 0x000000070d200000| Untracked 
| 211|0x000000070d300000, 0x000000070d300000, 0x000000070d400000|  0%| F|  |TAMS 0x000000070d300000, 0x000000070d300000| Untracked 
| 212|0x000000070d400000, 0x000000070d400000, 0x000000070d500000|  0%| F|  |TAMS 0x000000070d400000, 0x000000070d400000| Untracked 
| 213|0x000000070d500000, 0x000000070d500000, 0x000000070d600000|  0%| F|  |TAMS 0x000000070d500000, 0x000000070d500000| Untracked 
| 214|0x000000070d600000, 0x000000070d600000, 0x000000070d700000|  0%| F|  |TAMS 0x000000070d600000, 0x000000070d600000| Untracked 
| 215|0x000000070d700000, 0x000000070d700000, 0x000000070d800000|  0%| F|  |TAMS 0x000000070d700000, 0x000000070d700000| Untracked 
| 216|0x000000070d800000, 0x000000070d800000, 0x000000070d900000|  0%| F|  |TAMS 0x000000070d800000, 0x000000070d800000| Untracked 
| 217|0x000000070d900000, 0x000000070d900000, 0x000000070da00000|  0%| F|  |TAMS 0x000000070d900000, 0x000000070d900000| Untracked 
| 218|0x000000070da00000, 0x000000070da00000, 0x000000070db00000|  0%| F|  |TAMS 0x000000070da00000, 0x000000070da00000| Untracked 
| 219|0x000000070db00000, 0x000000070db00000, 0x000000070dc00000|  0%| F|  |TAMS 0x000000070db00000, 0x000000070db00000| Untracked 
| 220|0x000000070dc00000, 0x000000070dc00000, 0x000000070dd00000|  0%| F|  |TAMS 0x000000070dc00000, 0x000000070dc00000| Untracked 
| 221|0x000000070dd00000, 0x000000070dd00000, 0x000000070de00000|  0%| F|  |TAMS 0x000000070dd00000, 0x000000070dd00000| Untracked 
| 222|0x000000070de00000, 0x000000070de00000, 0x000000070df00000|  0%| F|  |TAMS 0x000000070de00000, 0x000000070de00000| Untracked 
| 223|0x000000070df00000, 0x000000070df00000, 0x000000070e000000|  0%| F|  |TAMS 0x000000070df00000, 0x000000070df00000| Untracked 
| 224|0x000000070e000000, 0x000000070e000000, 0x000000070e100000|  0%| F|  |TAMS 0x000000070e000000, 0x000000070e000000| Untracked 
| 225|0x000000070e100000, 0x000000070e100000, 0x000000070e200000|  0%| F|  |TAMS 0x000000070e100000, 0x000000070e100000| Untracked 
| 226|0x000000070e200000, 0x000000070e200000, 0x000000070e300000|  0%| F|  |TAMS 0x000000070e200000, 0x000000070e200000| Untracked 
| 227|0x000000070e300000, 0x000000070e300000, 0x000000070e400000|  0%| F|  |TAMS 0x000000070e300000, 0x000000070e300000| Untracked 
| 228|0x000000070e400000, 0x000000070e400000, 0x000000070e500000|  0%| F|  |TAMS 0x000000070e400000, 0x000000070e400000| Untracked 
| 229|0x000000070e500000, 0x000000070e500000, 0x000000070e600000|  0%| F|  |TAMS 0x000000070e500000, 0x000000070e500000| Untracked 
| 230|0x000000070e600000, 0x000000070e600000, 0x000000070e700000|  0%| F|  |TAMS 0x000000070e600000, 0x000000070e600000| Untracked 
| 231|0x000000070e700000, 0x000000070e700000, 0x000000070e800000|  0%| F|  |TAMS 0x000000070e700000, 0x000000070e700000| Untracked 
| 232|0x000000070e800000, 0x000000070e800000, 0x000000070e900000|  0%| F|  |TAMS 0x000000070e800000, 0x000000070e800000| Untracked 
| 233|0x000000070e900000, 0x000000070e900000, 0x000000070ea00000|  0%| F|  |TAMS 0x000000070e900000, 0x000000070e900000| Untracked 
| 234|0x000000070ea00000, 0x000000070ea00000, 0x000000070eb00000|  0%| F|  |TAMS 0x000000070ea00000, 0x000000070ea00000| Untracked 
| 235|0x000000070eb00000, 0x000000070eb00000, 0x000000070ec00000|  0%| F|  |TAMS 0x000000070eb00000, 0x000000070eb00000| Untracked 
| 236|0x000000070ec00000, 0x000000070ec00000, 0x000000070ed00000|  0%| F|  |TAMS 0x000000070ec00000, 0x000000070ec00000| Untracked 
| 237|0x000000070ed00000, 0x000000070ed00000, 0x000000070ee00000|  0%| F|  |TAMS 0x000000070ed00000, 0x000000070ed00000| Untracked 
| 238|0x000000070ee00000, 0x000000070ee00000, 0x000000070ef00000|  0%| F|  |TAMS 0x000000070ee00000, 0x000000070ee00000| Untracked 
| 239|0x000000070ef00000, 0x000000070ef00000, 0x000000070f000000|  0%| F|  |TAMS 0x000000070ef00000, 0x000000070ef00000| Untracked 
| 240|0x000000070f000000, 0x000000070f000000, 0x000000070f100000|  0%| F|  |TAMS 0x000000070f000000, 0x000000070f000000| Untracked 
| 241|0x000000070f100000, 0x000000070f100000, 0x000000070f200000|  0%| F|  |TAMS 0x000000070f100000, 0x000000070f100000| Untracked 
| 242|0x000000070f200000, 0x000000070f200000, 0x000000070f300000|  0%| F|  |TAMS 0x000000070f200000, 0x000000070f200000| Untracked 
| 243|0x000000070f300000, 0x000000070f300000, 0x000000070f400000|  0%| F|  |TAMS 0x000000070f300000, 0x000000070f300000| Untracked 
| 244|0x000000070f400000, 0x000000070f500000, 0x000000070f500000|100%| E|CS|TAMS 0x000000070f400000, 0x000000070f400000| Complete 
| 245|0x000000070f500000, 0x000000070f600000, 0x000000070f600000|100%| E|CS|TAMS 0x000000070f500000, 0x000000070f500000| Complete 
| 246|0x000000070f600000, 0x000000070f700000, 0x000000070f700000|100%| E|CS|TAMS 0x000000070f600000, 0x000000070f600000| Complete 
| 247|0x000000070f700000, 0x000000070f800000, 0x000000070f800000|100%| E|CS|TAMS 0x000000070f700000, 0x000000070f700000| Complete 
| 248|0x000000070f800000, 0x000000070f900000, 0x000000070f900000|100%| E|CS|TAMS 0x000000070f800000, 0x000000070f800000| Complete 
| 249|0x000000070f900000, 0x000000070fa00000, 0x000000070fa00000|100%| E|CS|TAMS 0x000000070f900000, 0x000000070f900000| Complete 
| 250|0x000000070fa00000, 0x000000070fb00000, 0x000000070fb00000|100%| E|CS|TAMS 0x000000070fa00000, 0x000000070fa00000| Complete 
| 251|0x000000070fb00000, 0x000000070fc00000, 0x000000070fc00000|100%| E|CS|TAMS 0x000000070fb00000, 0x000000070fb00000| Complete 
| 252|0x000000070fc00000, 0x000000070fd00000, 0x000000070fd00000|100%| E|CS|TAMS 0x000000070fc00000, 0x000000070fc00000| Complete 
| 253|0x000000070fd00000, 0x000000070fe00000, 0x000000070fe00000|100%| E|CS|TAMS 0x000000070fd00000, 0x000000070fd00000| Complete 
| 254|0x000000070fe00000, 0x000000070ff00000, 0x000000070ff00000|100%| E|CS|TAMS 0x000000070fe00000, 0x000000070fe00000| Complete 
| 255|0x000000070ff00000, 0x0000000710000000, 0x0000000710000000|100%| E|CS|TAMS 0x000000070ff00000, 0x000000070ff00000| Complete 
| 256|0x0000000710000000, 0x0000000710100000, 0x0000000710100000|100%| E|CS|TAMS 0x0000000710000000, 0x0000000710000000| Complete 
| 257|0x0000000710100000, 0x0000000710200000, 0x0000000710200000|100%| E|CS|TAMS 0x0000000710100000, 0x0000000710100000| Complete 
| 258|0x0000000710200000, 0x0000000710300000, 0x0000000710300000|100%| E|CS|TAMS 0x0000000710200000, 0x0000000710200000| Complete 
| 259|0x0000000710300000, 0x0000000710400000, 0x0000000710400000|100%| E|CS|TAMS 0x0000000710300000, 0x0000000710300000| Complete 
| 260|0x0000000710400000, 0x0000000710500000, 0x0000000710500000|100%| E|CS|TAMS 0x0000000710400000, 0x0000000710400000| Complete 
| 261|0x0000000710500000, 0x0000000710600000, 0x0000000710600000|100%| E|CS|TAMS 0x0000000710500000, 0x0000000710500000| Complete 
| 262|0x0000000710600000, 0x0000000710700000, 0x0000000710700000|100%| E|CS|TAMS 0x0000000710600000, 0x0000000710600000| Complete 
| 263|0x0000000710700000, 0x0000000710800000, 0x0000000710800000|100%| E|CS|TAMS 0x0000000710700000, 0x0000000710700000| Complete 
| 264|0x0000000710800000, 0x0000000710900000, 0x0000000710900000|100%| E|CS|TAMS 0x0000000710800000, 0x0000000710800000| Complete 
| 265|0x0000000710900000, 0x0000000710a00000, 0x0000000710a00000|100%| E|CS|TAMS 0x0000000710900000, 0x0000000710900000| Complete 
| 266|0x0000000710a00000, 0x0000000710b00000, 0x0000000710b00000|100%| E|CS|TAMS 0x0000000710a00000, 0x0000000710a00000| Complete 
| 267|0x0000000710b00000, 0x0000000710c00000, 0x0000000710c00000|100%| E|CS|TAMS 0x0000000710b00000, 0x0000000710b00000| Complete 
| 268|0x0000000710c00000, 0x0000000710d00000, 0x0000000710d00000|100%| E|CS|TAMS 0x0000000710c00000, 0x0000000710c00000| Complete 
| 269|0x0000000710d00000, 0x0000000710e00000, 0x0000000710e00000|100%| E|CS|TAMS 0x0000000710d00000, 0x0000000710d00000| Complete 
| 270|0x0000000710e00000, 0x0000000710f00000, 0x0000000710f00000|100%| E|CS|TAMS 0x0000000710e00000, 0x0000000710e00000| Complete 
| 271|0x0000000710f00000, 0x0000000711000000, 0x0000000711000000|100%| E|CS|TAMS 0x0000000710f00000, 0x0000000710f00000| Complete 
| 272|0x0000000711000000, 0x0000000711100000, 0x0000000711100000|100%| E|CS|TAMS 0x0000000711000000, 0x0000000711000000| Complete 
| 273|0x0000000711100000, 0x0000000711200000, 0x0000000711200000|100%| E|CS|TAMS 0x0000000711100000, 0x0000000711100000| Complete 
| 274|0x0000000711200000, 0x0000000711300000, 0x0000000711300000|100%| E|CS|TAMS 0x0000000711200000, 0x0000000711200000| Complete 
| 275|0x0000000711300000, 0x0000000711400000, 0x0000000711400000|100%| E|CS|TAMS 0x0000000711300000, 0x0000000711300000| Complete 
| 276|0x0000000711400000, 0x0000000711500000, 0x0000000711500000|100%| E|CS|TAMS 0x0000000711400000, 0x0000000711400000| Complete 
| 277|0x0000000711500000, 0x0000000711600000, 0x0000000711600000|100%| E|CS|TAMS 0x0000000711500000, 0x0000000711500000| Complete 
| 278|0x0000000711600000, 0x0000000711700000, 0x0000000711700000|100%| E|CS|TAMS 0x0000000711600000, 0x0000000711600000| Complete 
| 279|0x0000000711700000, 0x0000000711800000, 0x0000000711800000|100%| E|CS|TAMS 0x0000000711700000, 0x0000000711700000| Complete 
| 280|0x0000000711800000, 0x0000000711900000, 0x0000000711900000|100%| E|CS|TAMS 0x0000000711800000, 0x0000000711800000| Complete 
| 281|0x0000000711900000, 0x0000000711a00000, 0x0000000711a00000|100%| E|CS|TAMS 0x0000000711900000, 0x0000000711900000| Complete 
| 282|0x0000000711a00000, 0x0000000711b00000, 0x0000000711b00000|100%| E|CS|TAMS 0x0000000711a00000, 0x0000000711a00000| Complete 
| 283|0x0000000711b00000, 0x0000000711c00000, 0x0000000711c00000|100%| E|CS|TAMS 0x0000000711b00000, 0x0000000711b00000| Complete 
| 284|0x0000000711c00000, 0x0000000711d00000, 0x0000000711d00000|100%| E|CS|TAMS 0x0000000711c00000, 0x0000000711c00000| Complete 
| 285|0x0000000711d00000, 0x0000000711e00000, 0x0000000711e00000|100%| E|CS|TAMS 0x0000000711d00000, 0x0000000711d00000| Complete 
| 286|0x0000000711e00000, 0x0000000711f00000, 0x0000000711f00000|100%| E|CS|TAMS 0x0000000711e00000, 0x0000000711e00000| Complete 
| 287|0x0000000711f00000, 0x0000000712000000, 0x0000000712000000|100%| E|CS|TAMS 0x0000000711f00000, 0x0000000711f00000| Complete 
| 288|0x0000000712000000, 0x0000000712100000, 0x0000000712100000|100%| E|CS|TAMS 0x0000000712000000, 0x0000000712000000| Complete 
| 289|0x0000000712100000, 0x0000000712200000, 0x0000000712200000|100%| E|CS|TAMS 0x0000000712100000, 0x0000000712100000| Complete 
| 290|0x0000000712200000, 0x0000000712300000, 0x0000000712300000|100%| E|CS|TAMS 0x0000000712200000, 0x0000000712200000| Complete 
| 291|0x0000000712300000, 0x0000000712400000, 0x0000000712400000|100%| E|CS|TAMS 0x0000000712300000, 0x0000000712300000| Complete 
| 292|0x0000000712400000, 0x0000000712500000, 0x0000000712500000|100%| E|CS|TAMS 0x0000000712400000, 0x0000000712400000| Complete 
| 293|0x0000000712500000, 0x0000000712600000, 0x0000000712600000|100%| E|CS|TAMS 0x0000000712500000, 0x0000000712500000| Complete 
| 294|0x0000000712600000, 0x0000000712700000, 0x0000000712700000|100%| E|CS|TAMS 0x0000000712600000, 0x0000000712600000| Complete 
| 295|0x0000000712700000, 0x0000000712800000, 0x0000000712800000|100%| E|CS|TAMS 0x0000000712700000, 0x0000000712700000| Complete 
| 296|0x0000000712800000, 0x0000000712900000, 0x0000000712900000|100%| E|CS|TAMS 0x0000000712800000, 0x0000000712800000| Complete 
| 297|0x0000000712900000, 0x00000007129e46e0, 0x0000000712a00000| 89%| S|CS|TAMS 0x0000000712900000, 0x0000000712900000| Complete 
| 298|0x0000000712a00000, 0x0000000712b00000, 0x0000000712b00000|100%| E|CS|TAMS 0x0000000712a00000, 0x0000000712a00000| Complete 
| 299|0x0000000712b00000, 0x0000000712c00000, 0x0000000712c00000|100%| E|CS|TAMS 0x0000000712b00000, 0x0000000712b00000| Complete 
| 300|0x0000000712c00000, 0x0000000712d00000, 0x0000000712d00000|100%| E|CS|TAMS 0x0000000712c00000, 0x0000000712c00000| Complete 
| 301|0x0000000712d00000, 0x0000000712e00000, 0x0000000712e00000|100%| E|CS|TAMS 0x0000000712d00000, 0x0000000712d00000| Complete 
| 302|0x0000000712e00000, 0x0000000712f00000, 0x0000000712f00000|100%| E|CS|TAMS 0x0000000712e00000, 0x0000000712e00000| Complete 
| 303|0x0000000712f00000, 0x0000000713000000, 0x0000000713000000|100%| E|CS|TAMS 0x0000000712f00000, 0x0000000712f00000| Complete 
| 304|0x0000000713000000, 0x0000000713100000, 0x0000000713100000|100%| E|CS|TAMS 0x0000000713000000, 0x0000000713000000| Complete 
| 305|0x0000000713100000, 0x0000000713200000, 0x0000000713200000|100%| E|CS|TAMS 0x0000000713100000, 0x0000000713100000| Complete 
| 306|0x0000000713200000, 0x0000000713300000, 0x0000000713300000|100%| E|CS|TAMS 0x0000000713200000, 0x0000000713200000| Complete 
| 307|0x0000000713300000, 0x0000000713400000, 0x0000000713400000|100%| E|CS|TAMS 0x0000000713300000, 0x0000000713300000| Complete 
| 308|0x0000000713400000, 0x0000000713500000, 0x0000000713500000|100%| E|CS|TAMS 0x0000000713400000, 0x0000000713400000| Complete 
| 309|0x0000000713500000, 0x0000000713600000, 0x0000000713600000|100%| E|CS|TAMS 0x0000000713500000, 0x0000000713500000| Complete 
| 310|0x0000000713600000, 0x0000000713700000, 0x0000000713700000|100%| E|CS|TAMS 0x0000000713600000, 0x0000000713600000| Complete 
| 311|0x0000000713700000, 0x0000000713800000, 0x0000000713800000|100%| E|CS|TAMS 0x0000000713700000, 0x0000000713700000| Complete 
| 312|0x0000000713800000, 0x0000000713900000, 0x0000000713900000|100%| E|CS|TAMS 0x0000000713800000, 0x0000000713800000| Complete 
| 313|0x0000000713900000, 0x0000000713a00000, 0x0000000713a00000|100%| E|CS|TAMS 0x0000000713900000, 0x0000000713900000| Complete 
| 314|0x0000000713a00000, 0x0000000713b00000, 0x0000000713b00000|100%| E|CS|TAMS 0x0000000713a00000, 0x0000000713a00000| Complete 
| 315|0x0000000713b00000, 0x0000000713c00000, 0x0000000713c00000|100%| E|CS|TAMS 0x0000000713b00000, 0x0000000713b00000| Complete 
| 316|0x0000000713c00000, 0x0000000713d00000, 0x0000000713d00000|100%| E|CS|TAMS 0x0000000713c00000, 0x0000000713c00000| Complete 
| 317|0x0000000713d00000, 0x0000000713e00000, 0x0000000713e00000|100%| E|CS|TAMS 0x0000000713d00000, 0x0000000713d00000| Complete 
| 318|0x0000000713e00000, 0x0000000713f00000, 0x0000000713f00000|100%| E|CS|TAMS 0x0000000713e00000, 0x0000000713e00000| Complete 
| 319|0x0000000713f00000, 0x0000000714000000, 0x0000000714000000|100%| E|CS|TAMS 0x0000000713f00000, 0x0000000713f00000| Complete 
| 320|0x0000000714000000, 0x0000000714100000, 0x0000000714100000|100%| E|CS|TAMS 0x0000000714000000, 0x0000000714000000| Complete 
| 321|0x0000000714100000, 0x0000000714200000, 0x0000000714200000|100%| E|CS|TAMS 0x0000000714100000, 0x0000000714100000| Complete 
| 322|0x0000000714200000, 0x0000000714300000, 0x0000000714300000|100%| E|CS|TAMS 0x0000000714200000, 0x0000000714200000| Complete 
| 323|0x0000000714300000, 0x0000000714400000, 0x0000000714400000|100%| E|CS|TAMS 0x0000000714300000, 0x0000000714300000| Complete 
| 324|0x0000000714400000, 0x0000000714500000, 0x0000000714500000|100%| E|CS|TAMS 0x0000000714400000, 0x0000000714400000| Complete 
| 325|0x0000000714500000, 0x0000000714600000, 0x0000000714600000|100%| E|CS|TAMS 0x0000000714500000, 0x0000000714500000| Complete 
| 326|0x0000000714600000, 0x0000000714700000, 0x0000000714700000|100%| E|CS|TAMS 0x0000000714600000, 0x0000000714600000| Complete 
| 327|0x0000000714700000, 0x0000000714800000, 0x0000000714800000|100%| E|CS|TAMS 0x0000000714700000, 0x0000000714700000| Complete 
| 328|0x0000000714800000, 0x0000000714900000, 0x0000000714900000|100%| E|CS|TAMS 0x0000000714800000, 0x0000000714800000| Complete 
| 329|0x0000000714900000, 0x0000000714a00000, 0x0000000714a00000|100%| E|CS|TAMS 0x0000000714900000, 0x0000000714900000| Complete 
| 330|0x0000000714a00000, 0x0000000714b00000, 0x0000000714b00000|100%| E|CS|TAMS 0x0000000714a00000, 0x0000000714a00000| Complete 
| 331|0x0000000714b00000, 0x0000000714c00000, 0x0000000714c00000|100%| E|CS|TAMS 0x0000000714b00000, 0x0000000714b00000| Complete 
| 332|0x0000000714c00000, 0x0000000714d00000, 0x0000000714d00000|100%| E|CS|TAMS 0x0000000714c00000, 0x0000000714c00000| Complete 
| 333|0x0000000714d00000, 0x0000000714e00000, 0x0000000714e00000|100%| E|CS|TAMS 0x0000000714d00000, 0x0000000714d00000| Complete 
| 334|0x0000000714e00000, 0x0000000714f00000, 0x0000000714f00000|100%| E|CS|TAMS 0x0000000714e00000, 0x0000000714e00000| Complete 
| 335|0x0000000714f00000, 0x0000000715000000, 0x0000000715000000|100%| E|CS|TAMS 0x0000000714f00000, 0x0000000714f00000| Complete 
| 336|0x0000000715000000, 0x0000000715100000, 0x0000000715100000|100%| E|CS|TAMS 0x0000000715000000, 0x0000000715000000| Complete 
| 337|0x0000000715100000, 0x0000000715200000, 0x0000000715200000|100%| E|CS|TAMS 0x0000000715100000, 0x0000000715100000| Complete 
| 338|0x0000000715200000, 0x0000000715300000, 0x0000000715300000|100%| E|CS|TAMS 0x0000000715200000, 0x0000000715200000| Complete 
| 339|0x0000000715300000, 0x0000000715400000, 0x0000000715400000|100%| E|CS|TAMS 0x0000000715300000, 0x0000000715300000| Complete 
| 340|0x0000000715400000, 0x0000000715500000, 0x0000000715500000|100%| E|CS|TAMS 0x0000000715400000, 0x0000000715400000| Complete 
| 341|0x0000000715500000, 0x0000000715600000, 0x0000000715600000|100%| E|CS|TAMS 0x0000000715500000, 0x0000000715500000| Complete 
| 342|0x0000000715600000, 0x0000000715700000, 0x0000000715700000|100%| E|CS|TAMS 0x0000000715600000, 0x0000000715600000| Complete 
| 343|0x0000000715700000, 0x0000000715800000, 0x0000000715800000|100%| E|CS|TAMS 0x0000000715700000, 0x0000000715700000| Complete 
| 344|0x0000000715800000, 0x0000000715900000, 0x0000000715900000|100%| E|CS|TAMS 0x0000000715800000, 0x0000000715800000| Complete 
| 345|0x0000000715900000, 0x0000000715a00000, 0x0000000715a00000|100%| E|CS|TAMS 0x0000000715900000, 0x0000000715900000| Complete 
| 346|0x0000000715a00000, 0x0000000715b00000, 0x0000000715b00000|100%| E|CS|TAMS 0x0000000715a00000, 0x0000000715a00000| Complete 
| 347|0x0000000715b00000, 0x0000000715c00000, 0x0000000715c00000|100%| E|CS|TAMS 0x0000000715b00000, 0x0000000715b00000| Complete 
| 348|0x0000000715c00000, 0x0000000715d00000, 0x0000000715d00000|100%| E|CS|TAMS 0x0000000715c00000, 0x0000000715c00000| Complete 
| 349|0x0000000715d00000, 0x0000000715e00000, 0x0000000715e00000|100%| E|CS|TAMS 0x0000000715d00000, 0x0000000715d00000| Complete 
| 350|0x0000000715e00000, 0x0000000715f00000, 0x0000000715f00000|100%| E|CS|TAMS 0x0000000715e00000, 0x0000000715e00000| Complete 
| 351|0x0000000715f00000, 0x0000000716000000, 0x0000000716000000|100%| E|CS|TAMS 0x0000000715f00000, 0x0000000715f00000| Complete 
| 352|0x0000000716000000, 0x0000000716100000, 0x0000000716100000|100%| E|CS|TAMS 0x0000000716000000, 0x0000000716000000| Complete 
| 353|0x0000000716100000, 0x0000000716200000, 0x0000000716200000|100%| E|CS|TAMS 0x0000000716100000, 0x0000000716100000| Complete 
| 354|0x0000000716200000, 0x0000000716300000, 0x0000000716300000|100%| E|CS|TAMS 0x0000000716200000, 0x0000000716200000| Complete 
| 355|0x0000000716300000, 0x0000000716400000, 0x0000000716400000|100%| E|CS|TAMS 0x0000000716300000, 0x0000000716300000| Complete 
| 356|0x0000000716400000, 0x0000000716500000, 0x0000000716500000|100%| E|CS|TAMS 0x0000000716400000, 0x0000000716400000| Complete 
| 357|0x0000000716500000, 0x0000000716600000, 0x0000000716600000|100%| E|CS|TAMS 0x0000000716500000, 0x0000000716500000| Complete 
| 358|0x0000000716600000, 0x0000000716700000, 0x0000000716700000|100%| E|CS|TAMS 0x0000000716600000, 0x0000000716600000| Complete 
| 359|0x0000000716700000, 0x0000000716800000, 0x0000000716800000|100%| E|CS|TAMS 0x0000000716700000, 0x0000000716700000| Complete 
| 360|0x0000000716800000, 0x0000000716900000, 0x0000000716900000|100%| E|CS|TAMS 0x0000000716800000, 0x0000000716800000| Complete 
| 361|0x0000000716900000, 0x0000000716a00000, 0x0000000716a00000|100%| E|CS|TAMS 0x0000000716900000, 0x0000000716900000| Complete 
| 362|0x0000000716a00000, 0x0000000716b00000, 0x0000000716b00000|100%| E|CS|TAMS 0x0000000716a00000, 0x0000000716a00000| Complete 
| 363|0x0000000716b00000, 0x0000000716c00000, 0x0000000716c00000|100%| E|CS|TAMS 0x0000000716b00000, 0x0000000716b00000| Complete 
| 364|0x0000000716c00000, 0x0000000716d00000, 0x0000000716d00000|100%| E|CS|TAMS 0x0000000716c00000, 0x0000000716c00000| Complete 
| 365|0x0000000716d00000, 0x0000000716e00000, 0x0000000716e00000|100%| E|CS|TAMS 0x0000000716d00000, 0x0000000716d00000| Complete 
| 366|0x0000000716e00000, 0x0000000716f00000, 0x0000000716f00000|100%| E|CS|TAMS 0x0000000716e00000, 0x0000000716e00000| Complete 
| 367|0x0000000716f00000, 0x0000000717000000, 0x0000000717000000|100%| E|CS|TAMS 0x0000000716f00000, 0x0000000716f00000| Complete 
| 368|0x0000000717000000, 0x0000000717100000, 0x0000000717100000|100%| E|CS|TAMS 0x0000000717000000, 0x0000000717000000| Complete 
| 369|0x0000000717100000, 0x0000000717200000, 0x0000000717200000|100%| E|CS|TAMS 0x0000000717100000, 0x0000000717100000| Complete 

Card table byte_map: [0x0000018e14ea0000,0x0000018e156a0000] _byte_map_base: 0x0000018e116a0000

Marking Bits (Prev, Next): (CMBitMap*) 0x0000018e7fb4fc10, (CMBitMap*) 0x0000018e7fb4fbd8
 Prev Bits: [0x0000018e19ea0000, 0x0000018e1dea0000)
 Next Bits: [0x0000018e15ea0000, 0x0000018e19ea0000)

Polling page: 0x0000018e01410000

Metaspace:

Usage:
  Non-class:     79.08 MB capacity,    77.54 MB ( 98%) used,     1.32 MB (  2%) free+waste,   234.63 KB ( <1%) overhead. 
      Class:     11.79 MB capacity,    11.02 MB ( 93%) used,   686.96 KB (  6%) free+waste,   101.63 KB ( <1%) overhead. 
       Both:     90.87 MB capacity,    88.56 MB ( 97%) used,     1.99 MB (  2%) free+waste,   336.25 KB ( <1%) overhead. 

Virtual space:
  Non-class space:       80.00 MB reserved,      79.25 MB (>99%) committed 
      Class space:        1.00 GB reserved,      11.87 MB (  1%) committed 
             Both:        1.08 GB reserved,      91.12 MB (  8%) committed 

Chunk freelists:
   Non-Class:  44.00 KB
       Class:  0 bytes
        Both:  44.00 KB

MaxMetaspaceSize: 17179869184.00 GB
CompressedClassSpaceSize: 1.00 GB

CodeHeap 'non-profiled nmethods': size=120064Kb used=8591Kb max_used=8591Kb free=111472Kb
 bounds [0x0000018e0c910000, 0x0000018e0d180000, 0x0000018e13e50000]
CodeHeap 'profiled nmethods': size=120000Kb used=37824Kb max_used=37824Kb free=82175Kb
 bounds [0x0000018e053e0000, 0x0000018e078e0000, 0x0000018e0c910000]
CodeHeap 'non-nmethods': size=5696Kb used=2297Kb max_used=2365Kb free=3398Kb
 bounds [0x0000018e04e50000, 0x0000018e050c0000, 0x0000018e053e0000]
 total_blobs=15943 nmethods=15056 adapters=796
 compilation: enabled
              stopped_count=0, restarted_count=0
 full_count=0

Compilation events (20 events):
Event: 72.934 Thread 0x0000018e210f3800 15323       2       com.android.tools.r8.ir.regalloc.LiveIntervals::x (42 bytes)
Event: 72.934 Thread 0x0000018e210f3800 nmethod 15323 0x0000018e078bd490 code [0x0000018e078bd680, 0x0000018e078bd978]
Event: 72.939 Thread 0x0000018e210f3800 15324 %     3       java.util.TreeMap::fixAfterDeletion @ 0 (351 bytes)
Event: 72.941 Thread 0x0000018e210f3800 nmethod 15324% 0x0000018e078bdb90 code [0x0000018e078be160, 0x0000018e078c1598]
Event: 72.946 Thread 0x0000018e210f3800 15329       3       java.util.TreeMap::fixAfterDeletion (351 bytes)
Event: 72.948 Thread 0x0000018e210f3800 nmethod 15329 0x0000018e078c2790 code [0x0000018e078c2d60, 0x0000018e078c6138]
Event: 72.948 Thread 0x0000018e210f3800 15330 %     3       com.android.tools.r8.ir.code.BasicBlock$d::a @ 15 (50 bytes)
Event: 72.949 Thread 0x0000018e210f3800 nmethod 15330% 0x0000018e078c7310 code [0x0000018e078c7520, 0x0000018e078c7c48]
Event: 72.956 Thread 0x0000018e210f3800 15331       3       com.android.tools.r8.ir.regalloc.c::a (440 bytes)
Event: 72.958 Thread 0x0000018e210f3800 nmethod 15331 0x0000018e078c7e10 code [0x0000018e078c83a0, 0x0000018e078cb858]
Event: 72.962 Thread 0x0000018e210f3800 15332       1       com.android.tools.r8.ir.code.NewArrayEmpty::o1 (2 bytes)
Event: 72.962 Thread 0x0000018e210f3800 nmethod 15332 0x0000018e0d173b10 code [0x0000018e0d173cc0, 0x0000018e0d173d78]
Event: 72.962 Thread 0x0000018e210f3800 15333       2       java.util.HashMap$TreeNode::putTreeVal (314 bytes)
Event: 72.963 Thread 0x0000018e210f3800 nmethod 15333 0x0000018e078ccc10 code [0x0000018e078cce80, 0x0000018e078cd7a8]
Event: 72.964 Thread 0x0000018e210f3800 15334       2       java.util.HashMap::get (23 bytes)
Event: 72.964 Thread 0x0000018e210f3800 nmethod 15334 0x0000018e078cdc90 code [0x0000018e078cde60, 0x0000018e078cdff8]
Event: 72.965 Thread 0x0000018e210f3800 15335 %     3       java.util.HashMap$TreeNode::find @ 3 (172 bytes)
Event: 72.965 Thread 0x0000018e210f3800 nmethod 15335% 0x0000018e078ce110 code [0x0000018e078ce360, 0x0000018e078cee38]
Event: 72.966 Thread 0x0000018e210f3800 15336       3       java.util.HashMap$TreeNode::find (172 bytes)
Event: 72.966 Thread 0x0000018e210f3800 nmethod 15336 0x0000018e078cf110 code [0x0000018e078cf360, 0x0000018e078cfdb8]

GC Heap History (20 events):
Event: 71.309 GC heap before
{Heap before GC invocations=23 (full 0):
 garbage-first heap   total 315392K, used 250589K [0x0000000700000000, 0x0000000800000000)
  region size 1024K, 91 young (93184K), 7 survivors (7168K)
 Metaspace       used 89745K, capacity 92114K, committed 92280K, reserved 1130496K
  class space    used 11268K, capacity 12061K, committed 12152K, reserved 1048576K
}
Event: 71.313 GC heap after
{Heap after GC invocations=24 (full 0):
 garbage-first heap   total 315392K, used 169417K [0x0000000700000000, 0x0000000800000000)
  region size 1024K, 10 young (10240K), 10 survivors (10240K)
 Metaspace       used 89745K, capacity 92114K, committed 92280K, reserved 1130496K
  class space    used 11268K, capacity 12061K, committed 12152K, reserved 1048576K
}
Event: 71.517 GC heap before
{Heap before GC invocations=25 (full 0):
 garbage-first heap   total 315392K, used 254409K [0x0000000700000000, 0x0000000800000000)
  region size 1024K, 94 young (96256K), 10 survivors (10240K)
 Metaspace       used 90165K, capacity 92485K, committed 92792K, reserved 1130496K
  class space    used 11277K, capacity 12066K, committed 12152K, reserved 1048576K
}
Event: 71.523 GC heap after
{Heap after GC invocations=26 (full 0):
 garbage-first heap   total 315392K, used 169805K [0x0000000700000000, 0x0000000800000000)
  region size 1024K, 7 young (7168K), 7 survivors (7168K)
 Metaspace       used 90165K, capacity 92485K, committed 92792K, reserved 1130496K
  class space    used 11277K, capacity 12066K, committed 12152K, reserved 1048576K
}
Event: 71.697 GC heap before
{Heap before GC invocations=26 (full 0):
 garbage-first heap   total 315392K, used 256845K [0x0000000700000000, 0x0000000800000000)
  region size 1024K, 93 young (95232K), 7 survivors (7168K)
 Metaspace       used 90376K, capacity 92699K, committed 92792K, reserved 1130496K
  class space    used 11277K, capacity 12066K, committed 12152K, reserved 1048576K
}
Event: 71.702 GC heap after
{Heap after GC invocations=27 (full 0):
 garbage-first heap   total 315392K, used 173293K [0x0000000700000000, 0x0000000800000000)
  region size 1024K, 8 young (8192K), 8 survivors (8192K)
 Metaspace       used 90376K, capacity 92699K, committed 92792K, reserved 1130496K
  class space    used 11277K, capacity 12066K, committed 12152K, reserved 1048576K
}
Event: 71.949 GC heap before
{Heap before GC invocations=28 (full 0):
 garbage-first heap   total 315392K, used 259309K [0x0000000700000000, 0x0000000800000000)
  region size 1024K, 93 young (95232K), 8 survivors (8192K)
 Metaspace       used 90524K, capacity 92847K, committed 93048K, reserved 1130496K
  class space    used 11282K, capacity 12071K, committed 12152K, reserved 1048576K
}
Event: 71.953 GC heap after
{Heap after GC invocations=29 (full 0):
 garbage-first heap   total 315392K, used 174773K [0x0000000700000000, 0x0000000800000000)
  region size 1024K, 7 young (7168K), 7 survivors (7168K)
 Metaspace       used 90524K, capacity 92847K, committed 93048K, reserved 1130496K
  class space    used 11282K, capacity 12071K, committed 12152K, reserved 1048576K
}
Event: 72.146 GC heap before
{Heap before GC invocations=29 (full 0):
 garbage-first heap   total 315392K, used 261813K [0x0000000700000000, 0x0000000800000000)
  region size 1024K, 93 young (95232K), 7 survivors (7168K)
 Metaspace       used 90591K, capacity 92982K, committed 93304K, reserved 1130496K
  class space    used 11282K, capacity 12072K, committed 12152K, reserved 1048576K
}
Event: 72.151 GC heap after
{Heap after GC invocations=30 (full 0):
 garbage-first heap   total 315392K, used 176491K [0x0000000700000000, 0x0000000800000000)
  region size 1024K, 6 young (6144K), 6 survivors (6144K)
 Metaspace       used 90591K, capacity 92982K, committed 93304K, reserved 1130496K
  class space    used 11282K, capacity 12072K, committed 12152K, reserved 1048576K
}
Event: 72.354 GC heap before
{Heap before GC invocations=31 (full 0):
 garbage-first heap   total 315392K, used 262507K [0x0000000700000000, 0x0000000800000000)
  region size 1024K, 92 young (94208K), 6 survivors (6144K)
 Metaspace       used 90633K, capacity 92982K, committed 93304K, reserved 1130496K
  class space    used 11284K, capacity 12072K, committed 12152K, reserved 1048576K
}
Event: 72.358 GC heap after
{Heap after GC invocations=32 (full 0):
 garbage-first heap   total 315392K, used 174523K [0x0000000700000000, 0x0000000800000000)
  region size 1024K, 6 young (6144K), 6 survivors (6144K)
 Metaspace       used 90633K, capacity 92982K, committed 93304K, reserved 1130496K
  class space    used 11284K, capacity 12072K, committed 12152K, reserved 1048576K
}
Event: 72.371 GC heap before
{Heap before GC invocations=32 (full 0):
 garbage-first heap   total 315392K, used 183739K [0x0000000700000000, 0x0000000800000000)
  region size 1024K, 15 young (15360K), 6 survivors (6144K)
 Metaspace       used 90634K, capacity 92982K, committed 93304K, reserved 1130496K
  class space    used 11284K, capacity 12072K, committed 12152K, reserved 1048576K
}
Event: 72.377 GC heap after
{Heap after GC invocations=33 (full 0):
 garbage-first heap   total 315392K, used 164981K [0x0000000700000000, 0x0000000800000000)
  region size 1024K, 2 young (2048K), 2 survivors (2048K)
 Metaspace       used 90634K, capacity 92982K, committed 93304K, reserved 1130496K
  class space    used 11284K, capacity 12072K, committed 12152K, reserved 1048576K
}
Event: 72.546 GC heap before
{Heap before GC invocations=33 (full 0):
 garbage-first heap   total 315392K, used 259189K [0x0000000700000000, 0x0000000800000000)
  region size 1024K, 94 young (96256K), 2 survivors (2048K)
 Metaspace       used 90654K, capacity 93047K, committed 93304K, reserved 1130496K
  class space    used 11284K, capacity 12072K, committed 12152K, reserved 1048576K
}
Event: 72.551 GC heap after
{Heap after GC invocations=34 (full 0):
 garbage-first heap   total 315392K, used 166955K [0x0000000700000000, 0x0000000800000000)
  region size 1024K, 4 young (4096K), 4 survivors (4096K)
 Metaspace       used 90654K, capacity 93047K, committed 93304K, reserved 1130496K
  class space    used 11284K, capacity 12072K, committed 12152K, reserved 1048576K
}
Event: 72.772 GC heap before
{Heap before GC invocations=35 (full 0):
 garbage-first heap   total 315392K, used 262187K [0x0000000700000000, 0x0000000800000000)
  region size 1024K, 97 young (99328K), 4 survivors (4096K)
 Metaspace       used 90674K, capacity 93050K, committed 93304K, reserved 1130496K
  class space    used 11284K, capacity 12073K, committed 12152K, reserved 1048576K
}
Event: 72.777 GC heap after
{Heap after GC invocations=36 (full 0):
 garbage-first heap   total 315392K, used 168638K [0x0000000700000000, 0x0000000800000000)
  region size 1024K, 5 young (5120K), 5 survivors (5120K)
 Metaspace       used 90674K, capacity 93050K, committed 93304K, reserved 1130496K
  class space    used 11284K, capacity 12073K, committed 12152K, reserved 1048576K
}
Event: 72.788 GC heap before
{Heap before GC invocations=36 (full 0):
 garbage-first heap   total 315392K, used 178878K [0x0000000700000000, 0x0000000800000000)
  region size 1024K, 15 young (15360K), 5 survivors (5120K)
 Metaspace       used 90675K, capacity 93050K, committed 93304K, reserved 1130496K
  class space    used 11284K, capacity 12073K, committed 12152K, reserved 1048576K
}
Event: 72.793 GC heap after
{Heap after GC invocations=37 (full 0):
 garbage-first heap   total 378880K, used 167837K [0x0000000700000000, 0x0000000800000000)
  region size 1024K, 1 young (1024K), 1 survivors (1024K)
 Metaspace       used 90675K, capacity 93050K, committed 93304K, reserved 1130496K
  class space    used 11284K, capacity 12073K, committed 12152K, reserved 1048576K
}

Deoptimization events (20 events):
Event: 72.429 Thread 0x0000018e23261000 DEOPT PACKING pc=0x0000018e06efbb1f sp=0x0000002972ffc8a0
Event: 72.429 Thread 0x0000018e23261000 DEOPT UNPACKING pc=0x0000018e04e7705e sp=0x0000002972ffbd58 mode 0
Event: 72.515 Thread 0x0000018e2326a800 Uncommon trap: trap_request=0xffffff4d fr.pc=0x0000018e0d141898 relative=0x0000000000004cf8
Event: 72.515 Thread 0x0000018e2326a800 Uncommon trap: reason=unstable_if action=reinterpret pc=0x0000018e0d141898 method=com.android.tools.r8.ir.conversion.N.traceInstruction(ILcom/android/tools/r8/ir/conversion/IRBuilder;)I @ 193 c2
Event: 72.515 Thread 0x0000018e2326a800 DEOPT PACKING pc=0x0000018e0d141898 sp=0x0000002972efcfc0
Event: 72.515 Thread 0x0000018e2326a800 DEOPT UNPACKING pc=0x0000018e04e768af sp=0x0000002972efd058 mode 2
Event: 72.634 Thread 0x0000018e2326a800 Uncommon trap: trap_request=0xffffffde fr.pc=0x0000018e0d1498e4 relative=0x0000000000002744
Event: 72.634 Thread 0x0000018e2326a800 Uncommon trap: reason=class_check action=maybe_recompile pc=0x0000018e0d1498e4 method=com.android.tools.r8.ir.optimize.z.a(Lcom/android/tools/r8/ir/code/Instruction;)Z @ 83 c2
Event: 72.634 Thread 0x0000018e2326a800 DEOPT PACKING pc=0x0000018e0d1498e4 sp=0x0000002972efd260
Event: 72.634 Thread 0x0000018e2326a800 DEOPT UNPACKING pc=0x0000018e04e768af sp=0x0000002972efd228 mode 2
Event: 72.635 Thread 0x0000018e2326a800 Uncommon trap: trap_request=0xffffffde fr.pc=0x0000018e0d1498e4 relative=0x0000000000002744
Event: 72.635 Thread 0x0000018e2326a800 Uncommon trap: reason=class_check action=maybe_recompile pc=0x0000018e0d1498e4 method=com.android.tools.r8.ir.optimize.z.a(Lcom/android/tools/r8/ir/code/Instruction;)Z @ 83 c2
Event: 72.635 Thread 0x0000018e2326a800 DEOPT PACKING pc=0x0000018e0d1498e4 sp=0x0000002972efd260
Event: 72.635 Thread 0x0000018e2326a800 DEOPT UNPACKING pc=0x0000018e04e768af sp=0x0000002972efd228 mode 2
Event: 72.652 Thread 0x0000018e2326a800 DEOPT PACKING pc=0x0000018e06ef82da sp=0x0000002972efceb0
Event: 72.652 Thread 0x0000018e2326a800 DEOPT UNPACKING pc=0x0000018e04e7705e sp=0x0000002972efc438 mode 0
Event: 72.964 Thread 0x0000018e23261000 Uncommon trap: trap_request=0xffffff4d fr.pc=0x0000018e0ca6ebc4 relative=0x0000000000000284
Event: 72.964 Thread 0x0000018e23261000 Uncommon trap: reason=unstable_if action=reinterpret pc=0x0000018e0ca6ebc4 method=java.util.HashMap.getNode(ILjava/lang/Object;)Ljava/util/HashMap$Node; @ 84 c2
Event: 72.964 Thread 0x0000018e23261000 DEOPT PACKING pc=0x0000018e0ca6ebc4 sp=0x0000002972ffd190
Event: 72.964 Thread 0x0000018e23261000 DEOPT UNPACKING pc=0x0000018e04e768af sp=0x0000002972ffd090 mode 2

Classes redefined (0 events):
No events

Internal exceptions (20 events):
Event: 71.964 Thread 0x0000018e23266800 Exception <a 'sun/nio/fs/WindowsException'{0x0000000712e58598}> (0x0000000712e58598) thrown at [./src/hotspot/share/prims/jni.cpp, line 615]
Event: 71.965 Thread 0x0000018e23266800 Exception <a 'sun/nio/fs/WindowsException'{0x0000000712e586e8}> (0x0000000712e586e8) thrown at [./src/hotspot/share/prims/jni.cpp, line 615]
Event: 71.965 Thread 0x0000018e23266800 Exception <a 'sun/nio/fs/WindowsException'{0x0000000712e593b0}> (0x0000000712e593b0) thrown at [./src/hotspot/share/prims/jni.cpp, line 615]
Event: 71.965 Thread 0x0000018e23266800 Exception <a 'sun/nio/fs/WindowsException'{0x0000000712e594f0}> (0x0000000712e594f0) thrown at [./src/hotspot/share/prims/jni.cpp, line 615]
Event: 71.965 Thread 0x0000018e23266800 Exception <a 'sun/nio/fs/WindowsException'{0x0000000712e5a1b0}> (0x0000000712e5a1b0) thrown at [./src/hotspot/share/prims/jni.cpp, line 615]
Event: 71.968 Thread 0x0000018e23266800 Exception <a 'sun/nio/fs/WindowsException'{0x0000000712bd18a0}> (0x0000000712bd18a0) thrown at [./src/hotspot/share/prims/jni.cpp, line 615]
Event: 71.968 Thread 0x0000018e23266800 Exception <a 'sun/nio/fs/WindowsException'{0x0000000712bd7e88}> (0x0000000712bd7e88) thrown at [./src/hotspot/share/prims/jni.cpp, line 615]
Event: 71.969 Thread 0x0000018e23266800 Exception <a 'sun/nio/fs/WindowsException'{0x0000000712bdf030}> (0x0000000712bdf030) thrown at [./src/hotspot/share/prims/jni.cpp, line 615]
Event: 71.971 Thread 0x0000018e23266800 Exception <a 'sun/nio/fs/WindowsException'{0x0000000712989c40}> (0x0000000712989c40) thrown at [./src/hotspot/share/prims/jni.cpp, line 615]
Event: 71.972 Thread 0x0000018e23266800 Exception <a 'sun/nio/fs/WindowsException'{0x0000000712995e10}> (0x0000000712995e10) thrown at [./src/hotspot/share/prims/jni.cpp, line 615]
Event: 71.973 Thread 0x0000018e23266800 Exception <a 'sun/nio/fs/WindowsException'{0x000000071299c968}> (0x000000071299c968) thrown at [./src/hotspot/share/prims/jni.cpp, line 615]
Event: 71.974 Thread 0x0000018e23266800 Exception <a 'sun/nio/fs/WindowsException'{0x00000007129a3408}> (0x00000007129a3408) thrown at [./src/hotspot/share/prims/jni.cpp, line 615]
Event: 71.975 Thread 0x0000018e23266800 Exception <a 'sun/nio/fs/WindowsException'{0x00000007129a91b8}> (0x00000007129a91b8) thrown at [./src/hotspot/share/prims/jni.cpp, line 615]
Event: 71.976 Thread 0x0000018e23266800 Exception <a 'sun/nio/fs/WindowsException'{0x00000007129afe68}> (0x00000007129afe68) thrown at [./src/hotspot/share/prims/jni.cpp, line 615]
Event: 71.977 Thread 0x0000018e23266800 Exception <a 'sun/nio/fs/WindowsException'{0x00000007129b8878}> (0x00000007129b8878) thrown at [./src/hotspot/share/prims/jni.cpp, line 615]
Event: 71.977 Thread 0x0000018e23266800 Exception <a 'sun/nio/fs/WindowsException'{0x00000007129bf608}> (0x00000007129bf608) thrown at [./src/hotspot/share/prims/jni.cpp, line 615]
Event: 71.979 Thread 0x0000018e23266800 Exception <a 'sun/nio/fs/WindowsException'{0x00000007125c8dd0}> (0x00000007125c8dd0) thrown at [./src/hotspot/share/prims/jni.cpp, line 615]
Event: 71.980 Thread 0x0000018e23266800 Exception <a 'sun/nio/fs/WindowsException'{0x00000007125d6fe8}> (0x00000007125d6fe8) thrown at [./src/hotspot/share/prims/jni.cpp, line 615]
Event: 71.981 Thread 0x0000018e23266800 Exception <a 'sun/nio/fs/WindowsException'{0x00000007125de7d0}> (0x00000007125de7d0) thrown at [./src/hotspot/share/prims/jni.cpp, line 615]
Event: 71.982 Thread 0x0000018e23266800 Exception <a 'sun/nio/fs/WindowsException'{0x00000007125e94c0}> (0x00000007125e94c0) thrown at [./src/hotspot/share/prims/jni.cpp, line 615]

Events (20 events):
Event: 72.531 Executing VM operation: BulkRevokeBias
Event: 72.532 Executing VM operation: BulkRevokeBias done
Event: 72.546 Executing VM operation: G1CollectForAllocation
Event: 72.551 Executing VM operation: G1CollectForAllocation done
Event: 72.619 loading class com/android/tools/r8/ir/code/BasicBlock
Event: 72.619 loading class com/android/tools/r8/ir/code/BasicBlock done
Event: 72.627 Executing VM operation: CGC_Operation
Event: 72.634 Executing VM operation: CGC_Operation done
Event: 72.678 Executing VM operation: CGC_Operation
Event: 72.679 Executing VM operation: CGC_Operation done
Event: 72.692 Executing VM operation: RevokeBias
Event: 72.692 Executing VM operation: RevokeBias done
Event: 72.772 Executing VM operation: G1CollectForAllocation
Event: 72.777 Executing VM operation: G1CollectForAllocation done
Event: 72.788 Executing VM operation: G1CollectForAllocation
Event: 72.793 Executing VM operation: G1CollectForAllocation done
Event: 72.862 loading class com/android/tools/r8/graph/x
Event: 72.862 loading class com/android/tools/r8/graph/x done
Event: 72.890 Executing VM operation: RevokeBias
Event: 72.891 Executing VM operation: RevokeBias done


Dynamic libraries:
0x00007ff680950000 - 0x00007ff68095a000 	C:\Program Files\Android\Android Studio\jre\bin\java.exe
0x00007fff9de50000 - 0x00007fff9e045000 	C:\Windows\SYSTEM32\ntdll.dll
0x00007fff9c760000 - 0x00007fff9c81e000 	C:\Windows\System32\KERNEL32.DLL
0x00007fff9b800000 - 0x00007fff9bac8000 	C:\Windows\System32\KERNELBASE.dll
0x00007fff9b700000 - 0x00007fff9b800000 	C:\Windows\System32\ucrtbase.dll
0x00007fff7ca30000 - 0x00007fff7ca47000 	C:\Program Files\Android\Android Studio\jre\bin\VCRUNTIME140.dll
0x00007fff73010000 - 0x00007fff73029000 	C:\Program Files\Android\Android Studio\jre\bin\jli.dll
0x00007fff9c370000 - 0x00007fff9c511000 	C:\Windows\System32\USER32.dll
0x00007fff9bbd0000 - 0x00007fff9bbf2000 	C:\Windows\System32\win32u.dll
0x00007fff9d580000 - 0x00007fff9d5ab000 	C:\Windows\System32\GDI32.dll
0x00007fff897c0000 - 0x00007fff89a5a000 	C:\Windows\WinSxS\amd64_microsoft.windows.common-controls_6595b64144ccf1df_6.0.19041.1110_none_60b5254171f9507e\COMCTL32.dll
0x00007fff9b560000 - 0x00007fff9b66d000 	C:\Windows\System32\gdi32full.dll
0x00007fff9c2c0000 - 0x00007fff9c35e000 	C:\Windows\System32\msvcrt.dll
0x00007fff9bad0000 - 0x00007fff9bb6d000 	C:\Windows\System32\msvcp_win.dll
0x00007fff9d640000 - 0x00007fff9d670000 	C:\Windows\System32\IMM32.DLL
0x00007fff552e0000 - 0x00007fff5537d000 	C:\Program Files\Android\Android Studio\jre\bin\msvcp140.dll
0x00007fff610d0000 - 0x00007fff61ba5000 	C:\Program Files\Android\Android Studio\jre\bin\server\jvm.dll
0x00007fff9d670000 - 0x00007fff9d71e000 	C:\Windows\System32\ADVAPI32.dll
0x00007fff9d8f0000 - 0x00007fff9d98c000 	C:\Windows\System32\sechost.dll
0x00007fff9c520000 - 0x00007fff9c645000 	C:\Windows\System32\RPCRT4.dll
0x00007fff9d1b0000 - 0x00007fff9d1b8000 	C:\Windows\System32\PSAPI.DLL
0x00007fff859b0000 - 0x00007fff859b9000 	C:\Windows\SYSTEM32\WSOCK32.dll
0x00007fff8f600000 - 0x00007fff8f627000 	C:\Windows\SYSTEM32\WINMM.dll
0x00007fff9d090000 - 0x00007fff9d0fb000 	C:\Windows\System32\WS2_32.dll
0x00007fff95770000 - 0x00007fff9577a000 	C:\Windows\SYSTEM32\VERSION.dll
0x00007fff99470000 - 0x00007fff99482000 	C:\Windows\SYSTEM32\kernel.appcore.dll
0x00007fff81260000 - 0x00007fff81271000 	C:\Program Files\Android\Android Studio\jre\bin\verify.dll
0x00007fff8ead0000 - 0x00007fff8ecb4000 	C:\Windows\SYSTEM32\DBGHELP.DLL
0x00007fff7b8b0000 - 0x00007fff7b8dc000 	C:\Windows\SYSTEM32\dbgcore.DLL
0x00007fff9b670000 - 0x00007fff9b6f2000 	C:\Windows\System32\bcryptPrimitives.dll
0x00007fff81230000 - 0x00007fff81259000 	C:\Program Files\Android\Android Studio\jre\bin\java.dll
0x00007fff79360000 - 0x00007fff7936b000 	C:\Program Files\Android\Android Studio\jre\bin\jimage.dll
0x00007fff7e420000 - 0x00007fff7e438000 	C:\Program Files\Android\Android Studio\jre\bin\zip.dll
0x00007fff9c940000 - 0x00007fff9d084000 	C:\Windows\System32\SHELL32.dll
0x00007fff99670000 - 0x00007fff99e05000 	C:\Windows\SYSTEM32\windows.storage.dll
0x00007fff9bf60000 - 0x00007fff9c2b5000 	C:\Windows\System32\combase.dll
0x00007fff9aee0000 - 0x00007fff9af0e000 	C:\Windows\SYSTEM32\Wldp.dll
0x00007fff9d100000 - 0x00007fff9d1ad000 	C:\Windows\System32\SHCORE.dll
0x00007fff9c820000 - 0x00007fff9c875000 	C:\Windows\System32\shlwapi.dll
0x00007fff9b4a0000 - 0x00007fff9b4bf000 	C:\Windows\SYSTEM32\profapi.dll
0x00007fff62de0000 - 0x00007fff62dfa000 	C:\Program Files\Android\Android Studio\jre\bin\net.dll
0x00007fff93a80000 - 0x00007fff93b8c000 	C:\Windows\SYSTEM32\WINHTTP.dll
0x00007fff9ac40000 - 0x00007fff9acaa000 	C:\Windows\system32\mswsock.dll
0x00007fff62dc0000 - 0x00007fff62dd4000 	C:\Program Files\Android\Android Studio\jre\bin\nio.dll
0x00007fff854b0000 - 0x00007fff854d6000 	C:\Users\Emanuele\.gradle\native\29\windows-amd64\native-platform.dll
0x00007fff76920000 - 0x00007fff7692a000 	C:\Program Files\Android\Android Studio\jre\bin\management.dll
0x00007fff70ad0000 - 0x00007fff70add000 	C:\Program Files\Android\Android Studio\jre\bin\management_ext.dll
0x00007fff9ae30000 - 0x00007fff9ae48000 	C:\Windows\SYSTEM32\CRYPTSP.dll
0x00007fff9a5c0000 - 0x00007fff9a5f4000 	C:\Windows\system32\rsaenh.dll
0x00007fff9be60000 - 0x00007fff9be87000 	C:\Windows\System32\bcrypt.dll
0x00007fff9b460000 - 0x00007fff9b48e000 	C:\Windows\SYSTEM32\USERENV.dll
0x00007fff9ae50000 - 0x00007fff9ae5c000 	C:\Windows\SYSTEM32\CRYPTBASE.dll
0x00007fff9a930000 - 0x00007fff9a96b000 	C:\Windows\SYSTEM32\IPHLPAPI.DLL
0x00007fff9c360000 - 0x00007fff9c368000 	C:\Windows\System32\NSI.dll
0x00007fff955f0000 - 0x00007fff95607000 	C:\Windows\SYSTEM32\dhcpcsvc6.DLL
0x00007fff95560000 - 0x00007fff9557d000 	C:\Windows\SYSTEM32\dhcpcsvc.DLL
0x00007fff9a970000 - 0x00007fff9aa3b000 	C:\Windows\SYSTEM32\DNSAPI.dll

dbghelp: loaded successfully - version: 4.0.5 - missing functions: none
symbol engine: initialized successfully - sym options: 0x614 - pdb path: .;C:\Program Files\Android\Android Studio\jre\bin;C:\Windows\SYSTEM32;C:\Windows\WinSxS\amd64_microsoft.windows.common-controls_6595b64144ccf1df_6.0.19041.1110_none_60b5254171f9507e;C:\Program Files\Android\Android Studio\jre\bin\server;C:\Users\Emanuele\.gradle\native\29\windows-amd64

VM Arguments:
jvm_args: -XX:MaxPermSize=4096m -XX:+HeapDumpOnOutOfMemoryError --add-opens=java.base/java.util=ALL-UNNAMED --add-opens=java.base/java.lang=ALL-UNNAMED --add-opens=java.base/java.lang.invoke=ALL-UNNAMED --add-opens=java.prefs/java.util.prefs=ALL-UNNAMED -Xmx4096m -Dfile.encoding=windows-1252 -Duser.country=IT -Duser.language=it -Duser.variant 
java_command: org.gradle.launcher.daemon.bootstrap.GradleDaemon 5.4.1
java_class_path (initial): C:\Users\Emanuele\.gradle\wrapper\dists\gradle-5.4.1-all\3221gyojl5jsh0helicew7rwx\gradle-5.4.1\lib\gradle-launcher-5.4.1.jar
Launcher Type: SUN_STANDARD

[Global flags]
     intx CICompilerCount                          = 3                                         {product} {ergonomic}
     uint ConcGCThreads                            = 2                                         {product} {ergonomic}
     uint G1ConcRefinementThreads                  = 6                                         {product} {ergonomic}
   size_t G1HeapRegionSize                         = 1048576                                   {product} {ergonomic}
    uintx GCDrainStackTargetSize                   = 64                                        {product} {ergonomic}
     bool HeapDumpOnOutOfMemoryError               = true                                   {manageable} {command line}
   size_t InitialHeapSize                          = 268435456                                 {product} {ergonomic}
   size_t MarkStackSize                            = 4194304                                   {product} {ergonomic}
   size_t MaxHeapSize                              = 4294967296                                {product} {command line}
   size_t MaxNewSize                               = 2576351232                                {product} {ergonomic}
   size_t MinHeapDeltaBytes                        = 1048576                                   {product} {ergonomic}
    uintx NonNMethodCodeHeapSize                   = 5830732                                {pd product} {ergonomic}
    uintx NonProfiledCodeHeapSize                  = 122913754                              {pd product} {ergonomic}
    uintx ProfiledCodeHeapSize                     = 122913754                              {pd product} {ergonomic}
    uintx ReservedCodeCacheSize                    = 251658240                              {pd product} {ergonomic}
     bool SegmentedCodeCache                       = true                                      {product} {ergonomic}
     bool UseCompressedClassPointers               = true                                 {lp64_product} {ergonomic}
     bool UseCompressedOops                        = true                                 {lp64_product} {ergonomic}
     bool UseG1GC                                  = true                                      {product} {ergonomic}
     bool UseLargePagesIndividualAllocation        = false                                  {pd product} {ergonomic}

Logging:
Log output configuration:
 #0: stdout all=warning uptime,level,tags
 #1: stderr all=off uptime,level,tags

Environment Variables:
PATH=C:\Program Files\Common Files\Oracle\Java\javapath;C:\Program Files (x86)\Common Files\Oracle\Java\javapath;C:\Windows\system32;C:\Windows;C:\Windows\System32\Wbem;C:\Windows\System32\WindowsPowerShell\v1.0\;C:\Windows\System32\OpenSSH\;C:\Program Files\NVIDIA Corporation\NVIDIA NvDLISR;C:\Program Files (x86)\NVIDIA Corporation\PhysX\Common;C:\Program Files\dotnet\;C:\Program Files\Git\cmd;C:\Users\Emanuele\AppData\Local\Microsoft\WindowsApps;C:\Users\Emanuele\AppData\Local\GitHubDesktop\bin
USERNAME=Emanuele
OS=Windows_NT
PROCESSOR_IDENTIFIER=Intel64 Family 6 Model 158 Stepping 12, GenuineIntel



---------------  S Y S T E M  ---------------

OS: Windows 10 , 64 bit Build 19041 (10.0.19041.1466)
OS uptime: 0 days 0:02 hours

CPU:total 6 (initial active 6) (6 cores per cpu, 1 threads per core) family 6 model 158 stepping 12 microcode 0xae, cmov, cx8, fxsr, mmx, sse, sse2, sse3, ssse3, sse4.1, sse4.2, popcnt, avx, avx2, aes, clmul, erms, rtm, 3dnowpref, lzcnt, tsc, tscinvbit, bmi1, bmi2, adx, fma

Memory: 4k page, system-wide physical 16316M (9483M free)
TotalPageFile size 18748M (AvailPageFile size 10211M)
current process WorkingSet (physical memory assigned to process): 746M, peak: 746M
current process commit charge ("private bytes"): 861M, peak: 861M

vm_info: OpenJDK 64-Bit Server VM (11.0.11+9-b60-7590822) for windows-amd64 JRE (11.0.11+9-b60-7590822), built on Jul 29 2021 21:43:44 by "builder" with MS VC++ 14.0 (VS2015)

END.
