#
# A fatal error has been detected by the Java Runtime Environment:
#
#  EXCEPTION_ACCESS_VIOLATION (0xc0000005) at pc=0x0000020330dadea4, pid=1944, tid=5324
#
# JRE version: OpenJDK Runtime Environment (11.0.11+9) (build 11.0.11+9-b60-7590822)
# Java VM: OpenJDK 64-Bit Server VM (11.0.11+9-b60-7590822, mixed mode, tiered, compressed oops, g1 gc, windows-amd64)
# Problematic frame:
# j  org.gradle.api.internal.tasks.compile.JdkJavaCompiler.createCompileTask(Lorg/gradle/api/internal/tasks/compile/JavaCompileSpec;Lorg/gradle/api/internal/tasks/compile/JdkJavaCompilerResult;)Ljavax/tools/JavaCompiler$CompilationTask;+104
#
# No core dump will be written. Minidumps are not enabled by default on client versions of Windows
#
# If you would like to submit a bug report, please visit:
#   https://bugreport.java.com/bugreport/crash.jsp
#

---------------  S U M M A R Y ------------

Command Line: -XX:MaxPermSize=4096m -XX:+HeapDumpOnOutOfMemoryError --add-opens=java.base/java.util=ALL-UNNAMED --add-opens=java.base/java.lang=ALL-UNNAMED --add-opens=java.base/java.lang.invoke=ALL-UNNAMED --add-opens=java.prefs/java.util.prefs=ALL-UNNAMED -Xmx4096m -Dfile.encoding=windows-1252 -Duser.country=IT -Duser.language=it -Duser.variant org.gradle.launcher.daemon.bootstrap.GradleDaemon 5.4.1

Host: Intel(R) Core(TM) i5-9600K CPU @ 3.70GHz, 6 cores, 15G,  Windows 10 , 64 bit Build 19041 (10.0.19041.1466)
Time: Wed Feb  9 05:09:38 2022 ora solare Europa occidentale elapsed time: 124.596434 seconds (0d 0h 2m 4s)

---------------  T H R E A D  ---------------

Current thread (0x000002034e8fc800):  JavaThread "Execution worker for ':'" [_thread_in_Java, id=5324, stack(0x000000f8a7600000,0x000000f8a7700000)]

Stack: [0x000000f8a7600000,0x000000f8a7700000],  sp=0x000000f8a76fad10,  free space=1003k
Native frames: (J=compiled Java code, j=interpreted, Vv=VM code, C=native code)
C  0x0000020330dadea4


siginfo: EXCEPTION_ACCESS_VIOLATION (0xc0000005), reading address 0xffffffffffffffff


Register to memory mapping:

RIP=0x0000020330dadea4 is at code_begin+4 in an Interpreter codelet
method entry point (kind = zerolocals)  [0x0000020330dadea0, 0x0000020330dae3a0]  1280 bytes
RAX=0x0 is NULL
RBX=0x0000020358a897e8 is pointing into metadata
RCX=0x0000020358a15dc8 is pointing into metadata
RDX=0x0001020358a89770 is an unknown value
RSP=0x000000f8a76fad10 is pointing into the stack for thread: 0x000002034e8fc800
RBP=0x000000f8a76fad70 is pointing into the stack for thread: 0x000002034e8fc800
RSI=0x00000007128e24f8 is an oop: [Ljava.lang.Object; 
{0x00000007128e24f8} - klass: 'java/lang/Object'[]
 - length: 186
RDI=0x01d81d6a3f9e0165 is an unknown value
R8 =0x0000000000000008 is an unknown value
R9 =0x0000020352a0be60 points into unknown readable memory: 0x0000003c00000005 | 05 00 00 00 3c 00 00 00
R10=0x00007ffeda19a200 jvm.dll
R11=3758794048 is a compressed pointer to object: [B 
{0x0000000700552a00} - klass: {type array byte}
 - length: 0
R12=0x0 is NULL
R13=0x000000f8a76fad18 is pointing into the stack for thread: 0x000002034e8fc800
R14=0x000000f8a76fadd0 is pointing into the stack for thread: 0x000002034e8fc800
R15=0x000002034e8fc800 is a thread


Registers:
RAX=0x0000000000000000, RBX=0x0000020358a897e8, RCX=0x0000020358a15dc8, RDX=0x0001020358a89770
RSP=0x000000f8a76fad10, RBP=0x000000f8a76fad70, RSI=0x00000007128e24f8, RDI=0x01d81d6a3f9e0165
R8 =0x0000000000000008, R9 =0x0000020352a0be60, R10=0x00007ffeda19a200, R11=0x00000000e00aa540
R12=0x0000000000000000, R13=0x000000f8a76fad18, R14=0x000000f8a76fadd0, R15=0x000002034e8fc800
RIP=0x0000020330dadea4, EFLAGS=0x0000000000010246

Top of Stack: (sp=0x000000f8a76fad10)
0x000000f8a76fad10:   0000020330da9e80 0000000704ee48d8
0x000000f8a76fad20:   00000007128e0290 000000f8a76fad28
0x000000f8a76fad30:   0000020358a15520 000000f8a76fadd0
0x000000f8a76fad40:   0000020358a15dc8 0000000000000000
0x000000f8a76fad50:   0000000704eeb1a0 0000020358a15608
0x000000f8a76fad60:   000000f8a76fad18 000000f8a76fadc0
0x000000f8a76fad70:   000000f8a76fae20 0000020330da9e80
0x000000f8a76fad80:   0000000000000000 0000000000000000
0x000000f8a76fad90:   00000007128e0290 00000007128e24e0
0x000000f8a76fada0:   00000007128e0290 00000007129b6de0
0x000000f8a76fadb0:   00000007128ddea8 00000007128cf2a0
0x000000f8a76fadc0:   00000007128cf0f8 000000071296a4a0
0x000000f8a76fadd0:   00000007129b82e8 000000f8a76fadd8
0x000000f8a76fade0:   0000020358a153a5 000000f8a76fae50
0x000000f8a76fadf0:   0000020358a15dc8 0000000000000000
0x000000f8a76fae00:   0000000704eeb1a0 0000020358a15410 

Instructions: (pc=0x0000020330dadea4)
0x0000020330dadda4:   c0 4c 8b 75 c8 c3 e9 a4 ed ff ff 4c 8b 6d c0 48
0x0000020330daddb4:   8b 65 b8 48 c7 45 f0 00 00 00 00 e8 05 00 00 00
0x0000020330daddc4:   e9 aa 00 00 00 48 8d 44 24 08 4c 89 6d c0 49 8b
0x0000020330daddd4:   cf c5 f8 77 49 89 af 38 03 00 00 49 89 87 28 03
0x0000020330dadde4:   00 00 48 83 ec 20 f7 c4 0f 00 00 00 0f 84 1a 00
0x0000020330daddf4:   00 00 48 83 ec 08 49 ba 20 14 af d9 fe 7f 00 00
0x0000020330dade04:   41 ff d2 48 83 c4 08 e9 0d 00 00 00 49 ba 20 14
0x0000020330dade14:   af d9 fe 7f 00 00 41 ff d2 48 83 c4 20 49 ba 00
0x0000020330dade24:   00 00 00 00 00 00 00 4d 89 97 28 03 00 00 49 ba
0x0000020330dade34:   00 00 00 00 00 00 00 00 4d 89 97 38 03 00 00 49
0x0000020330dade44:   ba 00 00 00 00 00 00 00 00 4d 89 97 30 03 00 00
0x0000020330dade54:   c5 f8 77 49 81 7f 08 00 00 00 00 0f 84 05 00 00
0x0000020330dade64:   00 e9 96 2e ff ff 4c 8b 6d c0 4c 8b 75 c8 c3 0f
0x0000020330dade74:   1f 44 00 00 00 00 00 00 00 00 00 00 20 05 00 00
0x0000020330dade84:   00 00 00 00 90 dd ff d9 fe 7f 00 00 ff ff ff ff
0x0000020330dade94:   00 00 00 00 00 00 00 00 00 00 00 00 48 8b 53 08
0x0000020330dadea4:   0f b7 4a 34 0f b7 52 32 2b d1 81 fa f5 01 00 00
0x0000020330dadeb4:   0f 86 25 00 00 00 48 8b c2 48 c1 e0 03 48 83 c0
0x0000020330dadec4:   58 49 03 87 10 04 00 00 48 3b e0 0f 87 0a 00 00
0x0000020330daded4:   00 58 49 8b e5 50 e9 a1 a7 ff ff 58 4c 8d 74 cc
0x0000020330dadee4:   f8 85 d2 0f 8e 09 00 00 00 68 00 00 00 00 ff ca
0x0000020330dadef4:   7f f7 50 55 48 8b ec 41 55 68 00 00 00 00 4c 8b
0x0000020330dadf04:   6b 08 4d 8d 6d 38 53 48 8b 53 08 48 8b 52 08 48
0x0000020330dadf14:   8b 52 18 48 8b 52 70 48 8b 12 52 48 8b 53 10 48
0x0000020330dadf24:   85 d2 0f 84 07 00 00 00 48 81 c2 38 01 00 00 52
0x0000020330dadf34:   48 8b 53 08 48 8b 52 08 48 8b 52 10 52 41 56 41
0x0000020330dadf44:   55 68 00 00 00 00 48 89 24 24 41 c6 87 e5 03 00
0x0000020330dadf54:   00 01 48 8b 45 d8 48 85 c0 0f 84 96 00 00 00 8b
0x0000020330dadf64:   48 fc 85 c9 0f 88 8b 00 00 00 48 03 c1 48 8b 48
0x0000020330dadf74:   08 48 83 e9 02 48 8b 54 c8 10 48 f7 da 49 8b 14
0x0000020330dadf84:   d6 48 85 d2 75 0b 48 81 4c c8 18 01 00 00 00 eb
0x0000020330dadf94:   5e 8b 52 08 49 bc 00 00 00 00 08 00 00 00 49 03 


Stack slot to memory mapping:
stack at sp + 0 slots: 0x0000020330da9e80 is at code_begin+1664 in an Interpreter codelet
invoke return entry points  [0x0000020330da9800, 0x0000020330daa200]  2560 bytes
stack at sp + 1 slots: 0x0000000704ee48d8 is an oop: java.lang.Class 
{0x0000000704ee48d8} - klass: 'java/lang/Class'
stack at sp + 2 slots: 0x00000007128e0290 is an oop: com.sun.tools.javac.file.JavacFileManager 
{0x00000007128e0290} - klass: 'com/sun/tools/javac/file/JavacFileManager'
stack at sp + 3 slots: 0x000000f8a76fad28 is pointing into the stack for thread: 0x000002034e8fc800
stack at sp + 4 slots: 0x0000020358a15520 is pointing into metadata
stack at sp + 5 slots: 0x000000f8a76fadd0 is pointing into the stack for thread: 0x000002034e8fc800
stack at sp + 6 slots: 0x0000020358a15dc8 is pointing into metadata
stack at sp + 7 slots: 0x0 is NULL

method entry point (kind = zerolocals)  [0x0000020330dadea0, 0x0000020330dae3a0]  1280 bytes

---------------  P R O C E S S  ---------------

Threads class SMR info:
_java_thread_list=0x00000203537a6570, length=46, elements={
0x000002032d29a800, 0x000002034c72d800, 0x000002034c755800, 0x000002034d03a800,
0x000002034d03b800, 0x000002034d03c800, 0x000002034d03f800, 0x000002034d043000,
0x000002034d045000, 0x000002034d1b3800, 0x000002034ee4e800, 0x000002034ea03000,
0x000002034e8ce800, 0x000002034e8fa000, 0x000002034e8fb800, 0x000002034e8fb000,
0x000002034f2af800, 0x000002034f2b2000, 0x000002034f2b9800, 0x00000203544c5800,
0x000002034f2b3000, 0x000002034f2ae800, 0x000002034f2b1000, 0x000002034f2b5000,
0x000002034f2b3800, 0x000002034f2b6000, 0x000002034f2b0800, 0x000002034f2bc800,
0x000002034da88800, 0x000002034f2ba000, 0x000002034f2b7000, 0x000002034f2bd800,
0x000002034f2bb000, 0x000002034f2bc000, 0x00000203544c9800, 0x00000203544c6800,
0x00000203544c7000, 0x00000203544c4000, 0x00000203544ca800, 0x000002034e8fc800,
0x000002034e8f8800, 0x0000020355286000, 0x0000020355287000, 0x000002035528b000,
0x0000020355285800, 0x000002035528c000
}

Java Threads: ( => current thread )
  0x000002032d29a800 JavaThread "main" [_thread_blocked, id=8716, stack(0x000000f8a4100000,0x000000f8a4200000)]
  0x000002034c72d800 JavaThread "Reference Handler" daemon [_thread_blocked, id=8692, stack(0x000000f8a4800000,0x000000f8a4900000)]
  0x000002034c755800 JavaThread "Finalizer" daemon [_thread_blocked, id=4716, stack(0x000000f8a4900000,0x000000f8a4a00000)]
  0x000002034d03a800 JavaThread "Signal Dispatcher" daemon [_thread_blocked, id=3720, stack(0x000000f8a4a00000,0x000000f8a4b00000)]
  0x000002034d03b800 JavaThread "Attach Listener" daemon [_thread_blocked, id=3640, stack(0x000000f8a4b00000,0x000000f8a4c00000)]
  0x000002034d03c800 JavaThread "Service Thread" daemon [_thread_blocked, id=1188, stack(0x000000f8a4c00000,0x000000f8a4d00000)]
  0x000002034d03f800 JavaThread "C2 CompilerThread0" daemon [_thread_in_native, id=8872, stack(0x000000f8a4d00000,0x000000f8a4e00000)]
  0x000002034d043000 JavaThread "C1 CompilerThread0" daemon [_thread_blocked, id=1572, stack(0x000000f8a4e00000,0x000000f8a4f00000)]
  0x000002034d045000 JavaThread "Sweeper thread" daemon [_thread_blocked, id=5180, stack(0x000000f8a4f00000,0x000000f8a5000000)]
  0x000002034d1b3800 JavaThread "Common-Cleaner" daemon [_thread_blocked, id=1164, stack(0x000000f8a5000000,0x000000f8a5100000)]
  0x000002034ee4e800 JavaThread "Daemon health stats" [_thread_blocked, id=5296, stack(0x000000f8a5800000,0x000000f8a5900000)]
  0x000002034ea03000 JavaThread "Incoming local TCP Connector on port 51485" [_thread_in_native, id=3052, stack(0x000000f8a5900000,0x000000f8a5a00000)]
  0x000002034e8ce800 JavaThread "Daemon periodic checks" [_thread_blocked, id=7316, stack(0x000000f8a5a00000,0x000000f8a5b00000)]
  0x000002034e8fa000 JavaThread "Cache worker for file hash cache (C:\Users\Emanuele\.gradle\caches\5.4.1\fileHashes)" [_thread_blocked, id=2148, stack(0x000000f8a6200000,0x000000f8a6300000)]
  0x000002034e8fb800 JavaThread "File lock request listener" [_thread_in_native, id=3900, stack(0x000000f8a6300000,0x000000f8a6400000)]
  0x000002034e8fb000 JavaThread "Cache worker for journal cache (C:\Users\Emanuele\.gradle\caches\journal-1)" [_thread_blocked, id=2036, stack(0x000000f8a6400000,0x000000f8a6500000)]
  0x000002034f2af800 JavaThread "Cache worker for execution history cache (C:\Users\Emanuele\.gradle\caches\5.4.1\executionHistory)" [_thread_blocked, id=9156, stack(0x000000f8a6900000,0x000000f8a6a00000)]
  0x000002034f2b2000 JavaThread "Memory manager" [_thread_blocked, id=4756, stack(0x000000f8a7400000,0x000000f8a7500000)]
  0x000002034f2b9800 JavaThread "Cache worker for file content cache (C:\Users\Emanuele\.gradle\caches\5.4.1\fileContent)" [_thread_blocked, id=8768, stack(0x000000f8a7500000,0x000000f8a7600000)]
  0x00000203544c5800 JavaThread "Cache worker for Java compile cache (C:\Users\Emanuele\.gradle\caches\5.4.1\javaCompile)" [_thread_blocked, id=4268, stack(0x000000f8a7e00000,0x000000f8a7f00000)]
  0x000002034f2b3000 JavaThread "Daemon Thread 2" [_thread_blocked, id=1356, stack(0x000000f8a3e00000,0x000000f8a3f00000)]
  0x000002034f2ae800 JavaThread "Handler for socket connection from /127.0.0.1:51485 to /127.0.0.1:51541" [_thread_in_native, id=80, stack(0x000000f8a3f00000,0x000000f8a4000000)]
  0x000002034f2b1000 JavaThread "Cancel handler" [_thread_blocked, id=8720, stack(0x000000f8a5b00000,0x000000f8a5c00000)]
  0x000002034f2b5000 JavaThread "Daemon worker Thread 2" [_thread_blocked, id=280, stack(0x000000f8a5c00000,0x000000f8a5d00000)]
  0x000002034f2b3800 JavaThread "Asynchronous log dispatcher for DefaultDaemonConnection: socket connection from /127.0.0.1:51485 to /127.0.0.1:51541" [_thread_blocked, id=880, stack(0x000000f8a5d00000,0x000000f8a5e00000)]
  0x000002034f2b6000 JavaThread "Stdin handler" [_thread_blocked, id=1628, stack(0x000000f8a5e00000,0x000000f8a5f00000)]
  0x000002034f2b0800 JavaThread "Thread-110" [_thread_blocked, id=5248, stack(0x000000f8a5f00000,0x000000f8a6000000)]
  0x000002034f2bc800 JavaThread "Cache worker for file hash cache (D:\UNISA\Images-to-PDF-8.8.1\.gradle\5.4.1\fileHashes)" [_thread_blocked, id=6180, stack(0x000000f8a6000000,0x000000f8a6100000)]
  0x000002034da88800 JavaThread "C2 CompilerThread1" daemon [_thread_in_native, id=8868, stack(0x000000f8a6100000,0x000000f8a6200000)]
  0x000002034f2ba000 JavaThread "Cache worker for cache directory md-supplier (C:\Users\Emanuele\.gradle\caches\5.4.1\md-supplier)" [_thread_blocked, id=8084, stack(0x000000f8a6600000,0x000000f8a6700000)]
  0x000002034f2b7000 JavaThread "Cache worker for cache directory md-rule (C:\Users\Emanuele\.gradle\caches\5.4.1\md-rule)" [_thread_blocked, id=1424, stack(0x000000f8a6700000,0x000000f8a6800000)]
  0x000002034f2bd800 JavaThread "Build operations" [_thread_blocked, id=7132, stack(0x000000f8a6800000,0x000000f8a6900000)]
  0x000002034f2bb000 JavaThread "Build operations Thread 2" [_thread_blocked, id=8612, stack(0x000000f8a6a00000,0x000000f8a6b00000)]
  0x000002034f2bc000 JavaThread "Build operations Thread 3" [_thread_blocked, id=2816, stack(0x000000f8a6b00000,0x000000f8a6c00000)]
  0x00000203544c9800 JavaThread "Build operations Thread 4" [_thread_blocked, id=5504, stack(0x000000f8a6c00000,0x000000f8a6d00000)]
  0x00000203544c6800 JavaThread "Build operations Thread 5" [_thread_blocked, id=3504, stack(0x000000f8a6d00000,0x000000f8a6e00000)]
  0x00000203544c7000 JavaThread "Build operations Thread 6" [_thread_blocked, id=4844, stack(0x000000f8a6e00000,0x000000f8a6f00000)]
  0x00000203544c4000 JavaThread "Cache worker for Build Output Cleanup Cache (D:\UNISA\Images-to-PDF-8.8.1\.gradle\buildOutputCleanup)" [_thread_blocked, id=7360, stack(0x000000f8a6f00000,0x000000f8a7000000)]
  0x00000203544ca800 JavaThread "Cache worker for file content cache (D:\UNISA\Images-to-PDF-8.8.1\.gradle\5.4.1\fileContent)" [_thread_blocked, id=2800, stack(0x000000f8a7000000,0x000000f8a7100000)]
=>0x000002034e8fc800 JavaThread "Execution worker for ':'" [_thread_in_Java, id=5324, stack(0x000000f8a7600000,0x000000f8a7700000)]
  0x000002034e8f8800 JavaThread "Execution worker for ':' Thread 2" [_thread_blocked, id=3812, stack(0x000000f8a7700000,0x000000f8a7800000)]
  0x0000020355286000 JavaThread "Execution worker for ':' Thread 3" [_thread_blocked, id=4572, stack(0x000000f8a7800000,0x000000f8a7900000)]
  0x0000020355287000 JavaThread "Execution worker for ':' Thread 4" [_thread_blocked, id=5264, stack(0x000000f8a7900000,0x000000f8a7a00000)]
  0x000002035528b000 JavaThread "Execution worker for ':' Thread 5" [_thread_blocked, id=1016, stack(0x000000f8a7a00000,0x000000f8a7b00000)]
  0x0000020355285800 JavaThread "Cache worker for execution history cache (D:\UNISA\Images-to-PDF-8.8.1\.gradle\5.4.1\executionHistory)" [_thread_blocked, id=6544, stack(0x000000f8a7b00000,0x000000f8a7c00000)]
  0x000002035528c000 JavaThread "Classloader cache reference queue poller" daemon [_thread_blocked, id=4184, stack(0x000000f8a7c00000,0x000000f8a7d00000)]

Other Threads:
  0x000002034c72b000 VMThread "VM Thread" [stack: 0x000000f8a4700000,0x000000f8a4800000] [id=2992]
  0x000002034d1d4800 WatcherThread [stack: 0x000000f8a5100000,0x000000f8a5200000] [id=8984]
  0x000002032d2b1000 GCTaskThread "GC Thread#0" [stack: 0x000000f8a4200000,0x000000f8a4300000] [id=8836]
  0x000002034debc800 GCTaskThread "GC Thread#1" [stack: 0x000000f8a5300000,0x000000f8a5400000] [id=7548]
  0x000002034e028000 GCTaskThread "GC Thread#2" [stack: 0x000000f8a5400000,0x000000f8a5500000] [id=8760]
  0x000002034dbc1800 GCTaskThread "GC Thread#3" [stack: 0x000000f8a5500000,0x000000f8a5600000] [id=1956]
  0x000002034dbc2000 GCTaskThread "GC Thread#4" [stack: 0x000000f8a5600000,0x000000f8a5700000] [id=5516]
  0x000002034dbe3000 GCTaskThread "GC Thread#5" [stack: 0x000000f8a5700000,0x000000f8a5800000] [id=3064]
  0x000002032d30e800 ConcurrentGCThread "G1 Main Marker" [stack: 0x000000f8a4300000,0x000000f8a4400000] [id=2064]
  0x000002032d310000 ConcurrentGCThread "G1 Conc#0" [stack: 0x000000f8a4400000,0x000000f8a4500000] [id=9036]
  0x000002034dff4000 ConcurrentGCThread "G1 Conc#1" [stack: 0x000000f8a6500000,0x000000f8a6600000] [id=8960]
  0x000002034c60e800 ConcurrentGCThread "G1 Refine#0" [stack: 0x000000f8a4500000,0x000000f8a4600000] [id=6968]
  0x000002035456c800 ConcurrentGCThread "G1 Refine#1" [stack: 0x000000f8a7100000,0x000000f8a7200000] [id=4728]
  0x0000020351b1d800 ConcurrentGCThread "G1 Refine#2" [stack: 0x000000f8a7200000,0x000000f8a7300000] [id=1664]
  0x0000020354380800 ConcurrentGCThread "G1 Refine#3" [stack: 0x000000f8a7300000,0x000000f8a7400000] [id=7544]
  0x000002034c60f800 ConcurrentGCThread "G1 Young RemSet Sampling" [stack: 0x000000f8a4600000,0x000000f8a4700000] [id=4512]

Threads with active compile tasks:
C2 CompilerThread0 124605 17411       4       sun.nio.fs.WindowsFileSystemProvider::readAttributes (63 bytes)
C2 CompilerThread1 124605 17412       4       sun.nio.fs.WindowsFileAttributeViews$Basic::readAttributes (5 bytes)

VM state:not at safepoint (normal execution)

VM Mutex/Monitor currently owned by a thread: None

Heap address: 0x0000000700000000, size: 4096 MB, Compressed Oops mode: Zero based, Oop shift amount: 3
Narrow klass base: 0x0000000800000000, Narrow klass shift: 0
Compressed class space size: 1073741824 Address: 0x0000000800000000

Heap:
 garbage-first heap   total 378880K, used 192405K [0x0000000700000000, 0x0000000800000000)
  region size 1024K, 87 young (89088K), 11 survivors (11264K)
 Metaspace       used 113113K, capacity 116837K, committed 117080K, reserved 1150976K
  class space    used 13572K, capacity 14833K, committed 14936K, reserved 1048576K
Heap Regions: E=young(eden), S=young(survivor), O=old, HS=humongous(starts), HC=humongous(continues), CS=collection set, F=free, A=archive, TAMS=top-at-mark-start (previous, next)
|   0|0x0000000700000000, 0x0000000700100000, 0x0000000700100000|100%| O|  |TAMS 0x0000000700100000, 0x0000000700000000| Untracked 
|   1|0x0000000700100000, 0x0000000700200000, 0x0000000700200000|100%| O|  |TAMS 0x0000000700200000, 0x0000000700100000| Untracked 
|   2|0x0000000700200000, 0x0000000700300000, 0x0000000700300000|100%|HS|  |TAMS 0x0000000700300000, 0x0000000700200000| Complete 
|   3|0x0000000700300000, 0x0000000700400000, 0x0000000700400000|100%|HS|  |TAMS 0x0000000700400000, 0x0000000700300000| Complete 
|   4|0x0000000700400000, 0x0000000700500000, 0x0000000700500000|100%|HC|  |TAMS 0x0000000700500000, 0x0000000700400000| Complete 
|   5|0x0000000700500000, 0x0000000700600000, 0x0000000700600000|100%| O|  |TAMS 0x0000000700600000, 0x0000000700500000| Untracked 
|   6|0x0000000700600000, 0x0000000700700000, 0x0000000700700000|100%| O|  |TAMS 0x0000000700700000, 0x0000000700600000| Untracked 
|   7|0x0000000700700000, 0x0000000700800000, 0x0000000700800000|100%|HS|  |TAMS 0x0000000700800000, 0x0000000700700000| Complete 
|   8|0x0000000700800000, 0x0000000700900000, 0x0000000700900000|100%|HC|  |TAMS 0x0000000700900000, 0x0000000700800000| Complete 
|   9|0x0000000700900000, 0x0000000700a00000, 0x0000000700a00000|100%| O|  |TAMS 0x0000000700a00000, 0x0000000700900000| Untracked 
|  10|0x0000000700a00000, 0x0000000700b00000, 0x0000000700b00000|100%| O|  |TAMS 0x0000000700b00000, 0x0000000700a00000| Untracked 
|  11|0x0000000700b00000, 0x0000000700c00000, 0x0000000700c00000|100%| O|  |TAMS 0x0000000700c00000, 0x0000000700b00000| Untracked 
|  12|0x0000000700c00000, 0x0000000700d00000, 0x0000000700d00000|100%| O|  |TAMS 0x0000000700d00000, 0x0000000700c00000| Untracked 
|  13|0x0000000700d00000, 0x0000000700e00000, 0x0000000700e00000|100%| O|  |TAMS 0x0000000700e00000, 0x0000000700d00000| Untracked 
|  14|0x0000000700e00000, 0x0000000700f00000, 0x0000000700f00000|100%| O|  |TAMS 0x0000000700f00000, 0x0000000700e00000| Untracked 
|  15|0x0000000700f00000, 0x0000000701000000, 0x0000000701000000|100%| O|  |TAMS 0x0000000701000000, 0x0000000700f00000| Untracked 
|  16|0x0000000701000000, 0x0000000701100000, 0x0000000701100000|100%| O|  |TAMS 0x0000000701100000, 0x0000000701000000| Untracked 
|  17|0x0000000701100000, 0x0000000701200000, 0x0000000701200000|100%| O|  |TAMS 0x0000000701200000, 0x0000000701100000| Untracked 
|  18|0x0000000701200000, 0x0000000701300000, 0x0000000701300000|100%| O|  |TAMS 0x0000000701300000, 0x0000000701200000| Untracked 
|  19|0x0000000701300000, 0x0000000701400000, 0x0000000701400000|100%| O|  |TAMS 0x0000000701400000, 0x0000000701300000| Untracked 
|  20|0x0000000701400000, 0x0000000701500000, 0x0000000701500000|100%| O|  |TAMS 0x0000000701500000, 0x0000000701400000| Untracked 
|  21|0x0000000701500000, 0x0000000701600000, 0x0000000701600000|100%| O|  |TAMS 0x0000000701600000, 0x0000000701500000| Untracked 
|  22|0x0000000701600000, 0x0000000701700000, 0x0000000701700000|100%| O|  |TAMS 0x0000000701700000, 0x0000000701600000| Untracked 
|  23|0x0000000701700000, 0x0000000701800000, 0x0000000701800000|100%| O|  |TAMS 0x0000000701800000, 0x0000000701700000| Untracked 
|  24|0x0000000701800000, 0x0000000701900000, 0x0000000701900000|100%| O|  |TAMS 0x0000000701900000, 0x0000000701800000| Untracked 
|  25|0x0000000701900000, 0x0000000701a00000, 0x0000000701a00000|100%| O|  |TAMS 0x0000000701a00000, 0x0000000701900000| Untracked 
|  26|0x0000000701a00000, 0x0000000701b00000, 0x0000000701b00000|100%| O|  |TAMS 0x0000000701b00000, 0x0000000701a00000| Untracked 
|  27|0x0000000701b00000, 0x0000000701c00000, 0x0000000701c00000|100%| O|  |TAMS 0x0000000701c00000, 0x0000000701b00000| Untracked 
|  28|0x0000000701c00000, 0x0000000701d00000, 0x0000000701d00000|100%| O|  |TAMS 0x0000000701d00000, 0x0000000701c00000| Untracked 
|  29|0x0000000701d00000, 0x0000000701e00000, 0x0000000701e00000|100%| O|  |TAMS 0x0000000701e00000, 0x0000000701d00000| Untracked 
|  30|0x0000000701e00000, 0x0000000701f00000, 0x0000000701f00000|100%| O|  |TAMS 0x0000000701f00000, 0x0000000701e00000| Untracked 
|  31|0x0000000701f00000, 0x0000000702000000, 0x0000000702000000|100%| O|  |TAMS 0x0000000702000000, 0x0000000701f00000| Untracked 
|  32|0x0000000702000000, 0x0000000702100000, 0x0000000702100000|100%| O|  |TAMS 0x0000000702100000, 0x0000000702000000| Untracked 
|  33|0x0000000702100000, 0x0000000702200000, 0x0000000702200000|100%| O|  |TAMS 0x0000000702200000, 0x0000000702100000| Untracked 
|  34|0x0000000702200000, 0x0000000702300000, 0x0000000702300000|100%| O|  |TAMS 0x0000000702300000, 0x0000000702200000| Untracked 
|  35|0x0000000702300000, 0x0000000702400000, 0x0000000702400000|100%| O|  |TAMS 0x0000000702400000, 0x0000000702300000| Untracked 
|  36|0x0000000702400000, 0x0000000702500000, 0x0000000702500000|100%| O|  |TAMS 0x0000000702500000, 0x0000000702400000| Untracked 
|  37|0x0000000702500000, 0x0000000702600000, 0x0000000702600000|100%| O|  |TAMS 0x0000000702600000, 0x0000000702500000| Untracked 
|  38|0x0000000702600000, 0x0000000702700000, 0x0000000702700000|100%| O|  |TAMS 0x0000000702700000, 0x0000000702600000| Untracked 
|  39|0x0000000702700000, 0x0000000702800000, 0x0000000702800000|100%| O|  |TAMS 0x0000000702800000, 0x0000000702700000| Untracked 
|  40|0x0000000702800000, 0x0000000702900000, 0x0000000702900000|100%| O|  |TAMS 0x0000000702900000, 0x0000000702800000| Untracked 
|  41|0x0000000702900000, 0x0000000702a00000, 0x0000000702a00000|100%| O|  |TAMS 0x0000000702a00000, 0x0000000702900000| Untracked 
|  42|0x0000000702a00000, 0x0000000702b00000, 0x0000000702b00000|100%| O|  |TAMS 0x0000000702b00000, 0x0000000702a00000| Untracked 
|  43|0x0000000702b00000, 0x0000000702c00000, 0x0000000702c00000|100%| O|  |TAMS 0x0000000702c00000, 0x0000000702b00000| Untracked 
|  44|0x0000000702c00000, 0x0000000702d00000, 0x0000000702d00000|100%| O|  |TAMS 0x0000000702d00000, 0x0000000702c00000| Untracked 
|  45|0x0000000702d00000, 0x0000000702e00000, 0x0000000702e00000|100%| O|  |TAMS 0x0000000702e00000, 0x0000000702d00000| Untracked 
|  46|0x0000000702e00000, 0x0000000702f00000, 0x0000000702f00000|100%| O|  |TAMS 0x0000000702f00000, 0x0000000702e00000| Untracked 
|  47|0x0000000702f00000, 0x0000000703000000, 0x0000000703000000|100%| O|  |TAMS 0x0000000703000000, 0x0000000702f00000| Untracked 
|  48|0x0000000703000000, 0x0000000703100000, 0x0000000703100000|100%| O|  |TAMS 0x0000000703100000, 0x0000000703000000| Untracked 
|  49|0x0000000703100000, 0x0000000703200000, 0x0000000703200000|100%| O|  |TAMS 0x0000000703200000, 0x0000000703100000| Untracked 
|  50|0x0000000703200000, 0x0000000703300000, 0x0000000703300000|100%| O|  |TAMS 0x0000000703300000, 0x0000000703200000| Untracked 
|  51|0x0000000703300000, 0x0000000703400000, 0x0000000703400000|100%| O|  |TAMS 0x0000000703400000, 0x0000000703300000| Untracked 
|  52|0x0000000703400000, 0x0000000703500000, 0x0000000703500000|100%| O|  |TAMS 0x0000000703500000, 0x0000000703400000| Untracked 
|  53|0x0000000703500000, 0x0000000703600000, 0x0000000703600000|100%| O|  |TAMS 0x0000000703600000, 0x0000000703500000| Untracked 
|  54|0x0000000703600000, 0x0000000703700000, 0x0000000703700000|100%| O|  |TAMS 0x0000000703700000, 0x0000000703600000| Untracked 
|  55|0x0000000703700000, 0x0000000703800000, 0x0000000703800000|100%| O|  |TAMS 0x0000000703800000, 0x0000000703700000| Untracked 
|  56|0x0000000703800000, 0x0000000703900000, 0x0000000703900000|100%| O|  |TAMS 0x0000000703900000, 0x0000000703800000| Untracked 
|  57|0x0000000703900000, 0x0000000703a00000, 0x0000000703a00000|100%| O|  |TAMS 0x0000000703a00000, 0x0000000703900000| Untracked 
|  58|0x0000000703a00000, 0x0000000703b00000, 0x0000000703b00000|100%| O|  |TAMS 0x0000000703b00000, 0x0000000703a00000| Untracked 
|  59|0x0000000703b00000, 0x0000000703c00000, 0x0000000703c00000|100%| O|  |TAMS 0x0000000703c00000, 0x0000000703b00000| Untracked 
|  60|0x0000000703c00000, 0x0000000703d00000, 0x0000000703d00000|100%| O|  |TAMS 0x0000000703d00000, 0x0000000703c00000| Untracked 
|  61|0x0000000703d00000, 0x0000000703e00000, 0x0000000703e00000|100%| O|  |TAMS 0x0000000703e00000, 0x0000000703d00000| Untracked 
|  62|0x0000000703e00000, 0x0000000703f00000, 0x0000000703f00000|100%| O|  |TAMS 0x0000000703f00000, 0x0000000703e00000| Untracked 
|  63|0x0000000703f00000, 0x0000000703f00000, 0x0000000704000000|  0%| F|  |TAMS 0x0000000703f00000, 0x0000000703f00000| Untracked 
|  64|0x0000000704000000, 0x0000000704100000, 0x0000000704100000|100%| O|  |TAMS 0x0000000704000000, 0x0000000704000000| Untracked 
|  65|0x0000000704100000, 0x0000000704200000, 0x0000000704200000|100%|HS|  |TAMS 0x0000000704200000, 0x0000000704100000| Complete 
|  66|0x0000000704200000, 0x0000000704300000, 0x0000000704300000|100%|HC|  |TAMS 0x0000000704300000, 0x0000000704200000| Complete 
|  67|0x0000000704300000, 0x0000000704400000, 0x0000000704400000|100%| O|  |TAMS 0x0000000704400000, 0x0000000704300000| Untracked 
|  68|0x0000000704400000, 0x0000000704500000, 0x0000000704500000|100%| O|  |TAMS 0x0000000704500000, 0x0000000704400000| Untracked 
|  69|0x0000000704500000, 0x0000000704600000, 0x0000000704600000|100%| O|  |TAMS 0x0000000704600000, 0x0000000704500000| Untracked 
|  70|0x0000000704600000, 0x0000000704700000, 0x0000000704700000|100%| O|  |TAMS 0x0000000704700000, 0x0000000704600000| Untracked 
|  71|0x0000000704700000, 0x0000000704800000, 0x0000000704800000|100%| O|  |TAMS 0x0000000704800000, 0x0000000704700000| Untracked 
|  72|0x0000000704800000, 0x0000000704900000, 0x0000000704900000|100%| O|  |TAMS 0x0000000704900000, 0x0000000704800000| Untracked 
|  73|0x0000000704900000, 0x0000000704a00000, 0x0000000704a00000|100%| O|  |TAMS 0x0000000704a00000, 0x0000000704900000| Untracked 
|  74|0x0000000704a00000, 0x0000000704b00000, 0x0000000704b00000|100%| O|  |TAMS 0x0000000704b00000, 0x0000000704a00000| Untracked 
|  75|0x0000000704b00000, 0x0000000704c00000, 0x0000000704c00000|100%| O|  |TAMS 0x0000000704c00000, 0x0000000704b00000| Untracked 
|  76|0x0000000704c00000, 0x0000000704d00000, 0x0000000704d00000|100%| O|  |TAMS 0x0000000704d00000, 0x0000000704c00000| Untracked 
|  77|0x0000000704d00000, 0x0000000704e00000, 0x0000000704e00000|100%| O|  |TAMS 0x0000000704e00000, 0x0000000704d00000| Untracked 
|  78|0x0000000704e00000, 0x0000000704f00000, 0x0000000704f00000|100%| O|  |TAMS 0x0000000704f00000, 0x0000000704e00000| Untracked 
|  79|0x0000000704f00000, 0x0000000705000000, 0x0000000705000000|100%| O|  |TAMS 0x0000000705000000, 0x0000000704f00000| Untracked 
|  80|0x0000000705000000, 0x0000000705100000, 0x0000000705100000|100%| O|  |TAMS 0x0000000705100000, 0x0000000705000000| Untracked 
|  81|0x0000000705100000, 0x0000000705200000, 0x0000000705200000|100%| O|  |TAMS 0x0000000705200000, 0x0000000705100000| Untracked 
|  82|0x0000000705200000, 0x0000000705300000, 0x0000000705300000|100%| O|  |TAMS 0x0000000705300000, 0x0000000705200000| Untracked 
|  83|0x0000000705300000, 0x0000000705400000, 0x0000000705400000|100%| O|  |TAMS 0x0000000705400000, 0x0000000705300000| Untracked 
|  84|0x0000000705400000, 0x0000000705500000, 0x0000000705500000|100%| O|  |TAMS 0x0000000705500000, 0x0000000705400000| Untracked 
|  85|0x0000000705500000, 0x0000000705600000, 0x0000000705600000|100%| O|  |TAMS 0x0000000705600000, 0x0000000705500000| Untracked 
|  86|0x0000000705600000, 0x0000000705700000, 0x0000000705700000|100%| O|  |TAMS 0x0000000705700000, 0x0000000705600000| Untracked 
|  87|0x0000000705700000, 0x0000000705800000, 0x0000000705800000|100%| O|  |TAMS 0x0000000705800000, 0x0000000705700000| Untracked 
|  88|0x0000000705800000, 0x0000000705900000, 0x0000000705900000|100%| O|  |TAMS 0x0000000705900000, 0x0000000705800000| Untracked 
|  89|0x0000000705900000, 0x0000000705a00000, 0x0000000705a00000|100%| O|  |TAMS 0x0000000705a00000, 0x0000000705900000| Untracked 
|  90|0x0000000705a00000, 0x0000000705b00000, 0x0000000705b00000|100%| O|  |TAMS 0x0000000705b00000, 0x0000000705a00000| Untracked 
|  91|0x0000000705b00000, 0x0000000705c00000, 0x0000000705c00000|100%| O|  |TAMS 0x0000000705c00000, 0x0000000705b00000| Untracked 
|  92|0x0000000705c00000, 0x0000000705d00000, 0x0000000705d00000|100%| O|  |TAMS 0x0000000705d00000, 0x0000000705c00000| Untracked 
|  93|0x0000000705d00000, 0x0000000705e00000, 0x0000000705e00000|100%| O|  |TAMS 0x0000000705e00000, 0x0000000705d00000| Untracked 
|  94|0x0000000705e00000, 0x0000000705f00000, 0x0000000705f00000|100%| O|  |TAMS 0x0000000705f00000, 0x0000000705e00000| Untracked 
|  95|0x0000000705f00000, 0x0000000706000000, 0x0000000706000000|100%| O|  |TAMS 0x0000000706000000, 0x0000000705f00000| Untracked 
|  96|0x0000000706000000, 0x0000000706100000, 0x0000000706100000|100%| O|  |TAMS 0x0000000706100000, 0x0000000706000000| Untracked 
|  97|0x0000000706100000, 0x0000000706200000, 0x0000000706200000|100%| O|  |TAMS 0x0000000706200000, 0x0000000706100000| Untracked 
|  98|0x0000000706200000, 0x0000000706300000, 0x0000000706300000|100%| O|  |TAMS 0x0000000706300000, 0x0000000706200000| Untracked 
|  99|0x0000000706300000, 0x0000000706400000, 0x0000000706400000|100%| O|  |TAMS 0x0000000706320000, 0x0000000706300000| Untracked 
| 100|0x0000000706400000, 0x0000000706500000, 0x0000000706500000|100%| O|  |TAMS 0x0000000706400000, 0x0000000706400000| Untracked 
| 101|0x0000000706500000, 0x0000000706600000, 0x0000000706600000|100%| O|  |TAMS 0x0000000706500000, 0x0000000706500000| Untracked 
| 102|0x0000000706600000, 0x0000000706700000, 0x0000000706700000|100%| O|  |TAMS 0x0000000706600000, 0x0000000706600000| Untracked 
| 103|0x0000000706700000, 0x0000000706792c00, 0x0000000706800000| 57%| O|  |TAMS 0x0000000706700000, 0x0000000706700000| Untracked 
| 104|0x0000000706800000, 0x0000000706800000, 0x0000000706900000|  0%| F|  |TAMS 0x0000000706800000, 0x0000000706800000| Untracked 
| 105|0x0000000706900000, 0x0000000706900000, 0x0000000706a00000|  0%| F|  |TAMS 0x0000000706900000, 0x0000000706900000| Untracked 
| 106|0x0000000706a00000, 0x0000000706a00000, 0x0000000706b00000|  0%| F|  |TAMS 0x0000000706a00000, 0x0000000706a00000| Untracked 
| 107|0x0000000706b00000, 0x0000000706b00000, 0x0000000706c00000|  0%| F|  |TAMS 0x0000000706b00000, 0x0000000706b00000| Untracked 
| 108|0x0000000706c00000, 0x0000000706c00000, 0x0000000706d00000|  0%| F|  |TAMS 0x0000000706c00000, 0x0000000706c00000| Untracked 
| 109|0x0000000706d00000, 0x0000000706d00000, 0x0000000706e00000|  0%| F|  |TAMS 0x0000000706d00000, 0x0000000706d00000| Untracked 
| 110|0x0000000706e00000, 0x0000000706e00000, 0x0000000706f00000|  0%| F|  |TAMS 0x0000000706e00000, 0x0000000706e00000| Untracked 
| 111|0x0000000706f00000, 0x0000000706f00000, 0x0000000707000000|  0%| F|  |TAMS 0x0000000706f00000, 0x0000000706f00000| Untracked 
| 112|0x0000000707000000, 0x0000000707000000, 0x0000000707100000|  0%| F|  |TAMS 0x0000000707000000, 0x0000000707000000| Untracked 
| 113|0x0000000707100000, 0x0000000707100000, 0x0000000707200000|  0%| F|  |TAMS 0x0000000707100000, 0x0000000707100000| Untracked 
| 114|0x0000000707200000, 0x0000000707200000, 0x0000000707300000|  0%| F|  |TAMS 0x0000000707200000, 0x0000000707200000| Untracked 
| 115|0x0000000707300000, 0x0000000707300000, 0x0000000707400000|  0%| F|  |TAMS 0x0000000707300000, 0x0000000707300000| Untracked 
| 116|0x0000000707400000, 0x0000000707400000, 0x0000000707500000|  0%| F|  |TAMS 0x0000000707400000, 0x0000000707400000| Untracked 
| 117|0x0000000707500000, 0x0000000707500000, 0x0000000707600000|  0%| F|  |TAMS 0x0000000707500000, 0x0000000707500000| Untracked 
| 118|0x0000000707600000, 0x0000000707600000, 0x0000000707700000|  0%| F|  |TAMS 0x0000000707600000, 0x0000000707600000| Untracked 
| 119|0x0000000707700000, 0x0000000707700000, 0x0000000707800000|  0%| F|  |TAMS 0x0000000707700000, 0x0000000707700000| Untracked 
| 120|0x0000000707800000, 0x0000000707800000, 0x0000000707900000|  0%| F|  |TAMS 0x0000000707800000, 0x0000000707800000| Untracked 
| 121|0x0000000707900000, 0x0000000707900000, 0x0000000707a00000|  0%| F|  |TAMS 0x0000000707900000, 0x0000000707900000| Untracked 
| 122|0x0000000707a00000, 0x0000000707a00000, 0x0000000707b00000|  0%| F|  |TAMS 0x0000000707a00000, 0x0000000707a00000| Untracked 
| 123|0x0000000707b00000, 0x0000000707b00000, 0x0000000707c00000|  0%| F|  |TAMS 0x0000000707b00000, 0x0000000707b00000| Untracked 
| 124|0x0000000707c00000, 0x0000000707c00000, 0x0000000707d00000|  0%| F|  |TAMS 0x0000000707c00000, 0x0000000707c00000| Untracked 
| 125|0x0000000707d00000, 0x0000000707d00000, 0x0000000707e00000|  0%| F|  |TAMS 0x0000000707d00000, 0x0000000707d00000| Untracked 
| 126|0x0000000707e00000, 0x0000000707e00000, 0x0000000707f00000|  0%| F|  |TAMS 0x0000000707e00000, 0x0000000707e00000| Untracked 
| 127|0x0000000707f00000, 0x0000000707f00000, 0x0000000708000000|  0%| F|  |TAMS 0x0000000707f00000, 0x0000000707f00000| Untracked 
| 128|0x0000000708000000, 0x0000000708000000, 0x0000000708100000|  0%| F|  |TAMS 0x0000000708000000, 0x0000000708000000| Untracked 
| 129|0x0000000708100000, 0x0000000708100000, 0x0000000708200000|  0%| F|  |TAMS 0x0000000708100000, 0x0000000708100000| Untracked 
| 130|0x0000000708200000, 0x0000000708200000, 0x0000000708300000|  0%| F|  |TAMS 0x0000000708200000, 0x0000000708200000| Untracked 
| 131|0x0000000708300000, 0x0000000708300000, 0x0000000708400000|  0%| F|  |TAMS 0x0000000708300000, 0x0000000708300000| Untracked 
| 132|0x0000000708400000, 0x0000000708400000, 0x0000000708500000|  0%| F|  |TAMS 0x0000000708400000, 0x0000000708400000| Untracked 
| 133|0x0000000708500000, 0x0000000708500000, 0x0000000708600000|  0%| F|  |TAMS 0x0000000708500000, 0x0000000708500000| Untracked 
| 134|0x0000000708600000, 0x0000000708600000, 0x0000000708700000|  0%| F|  |TAMS 0x0000000708600000, 0x0000000708600000| Untracked 
| 135|0x0000000708700000, 0x0000000708700000, 0x0000000708800000|  0%| F|  |TAMS 0x0000000708700000, 0x0000000708700000| Untracked 
| 136|0x0000000708800000, 0x0000000708800000, 0x0000000708900000|  0%| F|  |TAMS 0x0000000708800000, 0x0000000708800000| Untracked 
| 137|0x0000000708900000, 0x0000000708900000, 0x0000000708a00000|  0%| F|  |TAMS 0x0000000708900000, 0x0000000708900000| Untracked 
| 138|0x0000000708a00000, 0x0000000708a00000, 0x0000000708b00000|  0%| F|  |TAMS 0x0000000708a00000, 0x0000000708a00000| Untracked 
| 139|0x0000000708b00000, 0x0000000708b00000, 0x0000000708c00000|  0%| F|  |TAMS 0x0000000708b00000, 0x0000000708b00000| Untracked 
| 140|0x0000000708c00000, 0x0000000708c00000, 0x0000000708d00000|  0%| F|  |TAMS 0x0000000708c00000, 0x0000000708c00000| Untracked 
| 141|0x0000000708d00000, 0x0000000708d00000, 0x0000000708e00000|  0%| F|  |TAMS 0x0000000708d00000, 0x0000000708d00000| Untracked 
| 142|0x0000000708e00000, 0x0000000708e00000, 0x0000000708f00000|  0%| F|  |TAMS 0x0000000708e00000, 0x0000000708e00000| Untracked 
| 143|0x0000000708f00000, 0x0000000708f00000, 0x0000000709000000|  0%| F|  |TAMS 0x0000000708f00000, 0x0000000708f00000| Untracked 
| 144|0x0000000709000000, 0x0000000709000000, 0x0000000709100000|  0%| F|  |TAMS 0x0000000709000000, 0x0000000709000000| Untracked 
| 145|0x0000000709100000, 0x0000000709100000, 0x0000000709200000|  0%| F|  |TAMS 0x0000000709100000, 0x0000000709100000| Untracked 
| 146|0x0000000709200000, 0x0000000709200000, 0x0000000709300000|  0%| F|  |TAMS 0x0000000709200000, 0x0000000709200000| Untracked 
| 147|0x0000000709300000, 0x0000000709300000, 0x0000000709400000|  0%| F|  |TAMS 0x0000000709300000, 0x0000000709300000| Untracked 
| 148|0x0000000709400000, 0x0000000709400000, 0x0000000709500000|  0%| F|  |TAMS 0x0000000709400000, 0x0000000709400000| Untracked 
| 149|0x0000000709500000, 0x0000000709500000, 0x0000000709600000|  0%| F|  |TAMS 0x0000000709500000, 0x0000000709500000| Untracked 
| 150|0x0000000709600000, 0x0000000709600000, 0x0000000709700000|  0%| F|  |TAMS 0x0000000709600000, 0x0000000709600000| Untracked 
| 151|0x0000000709700000, 0x0000000709700000, 0x0000000709800000|  0%| F|  |TAMS 0x0000000709700000, 0x0000000709700000| Untracked 
| 152|0x0000000709800000, 0x0000000709800000, 0x0000000709900000|  0%| F|  |TAMS 0x0000000709800000, 0x0000000709800000| Untracked 
| 153|0x0000000709900000, 0x0000000709900000, 0x0000000709a00000|  0%| F|  |TAMS 0x0000000709900000, 0x0000000709900000| Untracked 
| 154|0x0000000709a00000, 0x0000000709a00000, 0x0000000709b00000|  0%| F|  |TAMS 0x0000000709a00000, 0x0000000709a00000| Untracked 
| 155|0x0000000709b00000, 0x0000000709b00000, 0x0000000709c00000|  0%| F|  |TAMS 0x0000000709b00000, 0x0000000709b00000| Untracked 
| 156|0x0000000709c00000, 0x0000000709c00000, 0x0000000709d00000|  0%| F|  |TAMS 0x0000000709c00000, 0x0000000709c00000| Untracked 
| 157|0x0000000709d00000, 0x0000000709d00000, 0x0000000709e00000|  0%| F|  |TAMS 0x0000000709d00000, 0x0000000709d00000| Untracked 
| 158|0x0000000709e00000, 0x0000000709e00000, 0x0000000709f00000|  0%| F|  |TAMS 0x0000000709e00000, 0x0000000709e00000| Untracked 
| 159|0x0000000709f00000, 0x0000000709f00000, 0x000000070a000000|  0%| F|  |TAMS 0x0000000709f00000, 0x0000000709f00000| Untracked 
| 160|0x000000070a000000, 0x000000070a000000, 0x000000070a100000|  0%| F|  |TAMS 0x000000070a000000, 0x000000070a000000| Untracked 
| 161|0x000000070a100000, 0x000000070a100000, 0x000000070a200000|  0%| F|  |TAMS 0x000000070a100000, 0x000000070a100000| Untracked 
| 162|0x000000070a200000, 0x000000070a200000, 0x000000070a300000|  0%| F|  |TAMS 0x000000070a200000, 0x000000070a200000| Untracked 
| 163|0x000000070a300000, 0x000000070a300000, 0x000000070a400000|  0%| F|  |TAMS 0x000000070a300000, 0x000000070a300000| Untracked 
| 164|0x000000070a400000, 0x000000070a400000, 0x000000070a500000|  0%| F|  |TAMS 0x000000070a400000, 0x000000070a400000| Untracked 
| 165|0x000000070a500000, 0x000000070a500000, 0x000000070a600000|  0%| F|  |TAMS 0x000000070a500000, 0x000000070a500000| Untracked 
| 166|0x000000070a600000, 0x000000070a600000, 0x000000070a700000|  0%| F|  |TAMS 0x000000070a600000, 0x000000070a600000| Untracked 
| 167|0x000000070a700000, 0x000000070a700000, 0x000000070a800000|  0%| F|  |TAMS 0x000000070a700000, 0x000000070a700000| Untracked 
| 168|0x000000070a800000, 0x000000070a800000, 0x000000070a900000|  0%| F|  |TAMS 0x000000070a800000, 0x000000070a800000| Untracked 
| 169|0x000000070a900000, 0x000000070a900000, 0x000000070aa00000|  0%| F|  |TAMS 0x000000070a900000, 0x000000070a900000| Untracked 
| 170|0x000000070aa00000, 0x000000070aa00000, 0x000000070ab00000|  0%| F|  |TAMS 0x000000070aa00000, 0x000000070aa00000| Untracked 
| 171|0x000000070ab00000, 0x000000070ab00000, 0x000000070ac00000|  0%| F|  |TAMS 0x000000070ab00000, 0x000000070ab00000| Untracked 
| 172|0x000000070ac00000, 0x000000070ac00000, 0x000000070ad00000|  0%| F|  |TAMS 0x000000070ac00000, 0x000000070ac00000| Untracked 
| 173|0x000000070ad00000, 0x000000070ad00000, 0x000000070ae00000|  0%| F|  |TAMS 0x000000070ad00000, 0x000000070ad00000| Untracked 
| 174|0x000000070ae00000, 0x000000070ae00000, 0x000000070af00000|  0%| F|  |TAMS 0x000000070ae00000, 0x000000070ae00000| Untracked 
| 175|0x000000070af00000, 0x000000070af00000, 0x000000070b000000|  0%| F|  |TAMS 0x000000070af00000, 0x000000070af00000| Untracked 
| 176|0x000000070b000000, 0x000000070b000000, 0x000000070b100000|  0%| F|  |TAMS 0x000000070b000000, 0x000000070b000000| Untracked 
| 177|0x000000070b100000, 0x000000070b100000, 0x000000070b200000|  0%| F|  |TAMS 0x000000070b100000, 0x000000070b100000| Untracked 
| 178|0x000000070b200000, 0x000000070b200000, 0x000000070b300000|  0%| F|  |TAMS 0x000000070b200000, 0x000000070b200000| Untracked 
| 179|0x000000070b300000, 0x000000070b300000, 0x000000070b400000|  0%| F|  |TAMS 0x000000070b300000, 0x000000070b300000| Untracked 
| 180|0x000000070b400000, 0x000000070b452848, 0x000000070b500000| 32%| S|CS|TAMS 0x000000070b400000, 0x000000070b400000| Complete 
| 181|0x000000070b500000, 0x000000070b600000, 0x000000070b600000|100%| S|CS|TAMS 0x000000070b500000, 0x000000070b500000| Complete 
| 182|0x000000070b600000, 0x000000070b700000, 0x000000070b700000|100%| S|CS|TAMS 0x000000070b600000, 0x000000070b600000| Complete 
| 183|0x000000070b700000, 0x000000070b800000, 0x000000070b800000|100%| S|CS|TAMS 0x000000070b700000, 0x000000070b700000| Complete 
| 184|0x000000070b800000, 0x000000070b900000, 0x000000070b900000|100%| S|CS|TAMS 0x000000070b800000, 0x000000070b800000| Complete 
| 185|0x000000070b900000, 0x000000070ba00000, 0x000000070ba00000|100%| S|CS|TAMS 0x000000070b900000, 0x000000070b900000| Complete 
| 186|0x000000070ba00000, 0x000000070bb00000, 0x000000070bb00000|100%| S|CS|TAMS 0x000000070ba00000, 0x000000070ba00000| Complete 
| 187|0x000000070bb00000, 0x000000070bc00000, 0x000000070bc00000|100%| S|CS|TAMS 0x000000070bb00000, 0x000000070bb00000| Complete 
| 188|0x000000070bc00000, 0x000000070bc00000, 0x000000070bd00000|  0%| F|  |TAMS 0x000000070bc00000, 0x000000070bc00000| Untracked 
| 189|0x000000070bd00000, 0x000000070bd00000, 0x000000070be00000|  0%| F|  |TAMS 0x000000070bd00000, 0x000000070bd00000| Untracked 
| 190|0x000000070be00000, 0x000000070be00000, 0x000000070bf00000|  0%| F|  |TAMS 0x000000070be00000, 0x000000070be00000| Untracked 
| 191|0x000000070bf00000, 0x000000070bf00000, 0x000000070c000000|  0%| F|  |TAMS 0x000000070bf00000, 0x000000070bf00000| Untracked 
| 192|0x000000070c000000, 0x000000070c000000, 0x000000070c100000|  0%| F|  |TAMS 0x000000070c000000, 0x000000070c000000| Untracked 
| 193|0x000000070c100000, 0x000000070c100000, 0x000000070c200000|  0%| F|  |TAMS 0x000000070c100000, 0x000000070c100000| Untracked 
| 194|0x000000070c200000, 0x000000070c200000, 0x000000070c300000|  0%| F|  |TAMS 0x000000070c200000, 0x000000070c200000| Untracked 
| 195|0x000000070c300000, 0x000000070c400000, 0x000000070c400000|100%| S|CS|TAMS 0x000000070c300000, 0x000000070c300000| Complete 
| 196|0x000000070c400000, 0x000000070c500000, 0x000000070c500000|100%| S|CS|TAMS 0x000000070c400000, 0x000000070c400000| Complete 
| 197|0x000000070c500000, 0x000000070c600000, 0x000000070c600000|100%| S|CS|TAMS 0x000000070c500000, 0x000000070c500000| Complete 
| 198|0x000000070c600000, 0x000000070c600000, 0x000000070c700000|  0%| F|  |TAMS 0x000000070c600000, 0x000000070c600000| Untracked 
| 199|0x000000070c700000, 0x000000070c700000, 0x000000070c800000|  0%| F|  |TAMS 0x000000070c700000, 0x000000070c700000| Untracked 
| 200|0x000000070c800000, 0x000000070c800000, 0x000000070c900000|  0%| F|  |TAMS 0x000000070c800000, 0x000000070c800000| Untracked 
| 201|0x000000070c900000, 0x000000070c900000, 0x000000070ca00000|  0%| F|  |TAMS 0x000000070c900000, 0x000000070c900000| Untracked 
| 202|0x000000070ca00000, 0x000000070ca00000, 0x000000070cb00000|  0%| F|  |TAMS 0x000000070ca00000, 0x000000070ca00000| Untracked 
| 203|0x000000070cb00000, 0x000000070cb00000, 0x000000070cc00000|  0%| F|  |TAMS 0x000000070cb00000, 0x000000070cb00000| Untracked 
| 204|0x000000070cc00000, 0x000000070cc00000, 0x000000070cd00000|  0%| F|  |TAMS 0x000000070cc00000, 0x000000070cc00000| Untracked 
| 205|0x000000070cd00000, 0x000000070cd00000, 0x000000070ce00000|  0%| F|  |TAMS 0x000000070cd00000, 0x000000070cd00000| Untracked 
| 206|0x000000070ce00000, 0x000000070ce00000, 0x000000070cf00000|  0%| F|  |TAMS 0x000000070ce00000, 0x000000070ce00000| Untracked 
| 207|0x000000070cf00000, 0x000000070cf00000, 0x000000070d000000|  0%| F|  |TAMS 0x000000070cf00000, 0x000000070cf00000| Untracked 
| 208|0x000000070d000000, 0x000000070d000000, 0x000000070d100000|  0%| F|  |TAMS 0x000000070d000000, 0x000000070d000000| Untracked 
| 209|0x000000070d100000, 0x000000070d100000, 0x000000070d200000|  0%| F|  |TAMS 0x000000070d100000, 0x000000070d100000| Untracked 
| 210|0x000000070d200000, 0x000000070d200000, 0x000000070d300000|  0%| F|  |TAMS 0x000000070d200000, 0x000000070d200000| Untracked 
| 211|0x000000070d300000, 0x000000070d300000, 0x000000070d400000|  0%| F|  |TAMS 0x000000070d300000, 0x000000070d300000| Untracked 
| 212|0x000000070d400000, 0x000000070d400000, 0x000000070d500000|  0%| F|  |TAMS 0x000000070d400000, 0x000000070d400000| Untracked 
| 213|0x000000070d500000, 0x000000070d500000, 0x000000070d600000|  0%| F|  |TAMS 0x000000070d500000, 0x000000070d500000| Untracked 
| 214|0x000000070d600000, 0x000000070d600000, 0x000000070d700000|  0%| F|  |TAMS 0x000000070d600000, 0x000000070d600000| Untracked 
| 215|0x000000070d700000, 0x000000070d700000, 0x000000070d800000|  0%| F|  |TAMS 0x000000070d700000, 0x000000070d700000| Untracked 
| 216|0x000000070d800000, 0x000000070d800000, 0x000000070d900000|  0%| F|  |TAMS 0x000000070d800000, 0x000000070d800000| Untracked 
| 217|0x000000070d900000, 0x000000070d900000, 0x000000070da00000|  0%| F|  |TAMS 0x000000070d900000, 0x000000070d900000| Untracked 
| 218|0x000000070da00000, 0x000000070da00000, 0x000000070db00000|  0%| F|  |TAMS 0x000000070da00000, 0x000000070da00000| Untracked 
| 219|0x000000070db00000, 0x000000070db00000, 0x000000070dc00000|  0%| F|  |TAMS 0x000000070db00000, 0x000000070db00000| Untracked 
| 220|0x000000070dc00000, 0x000000070dc00000, 0x000000070dd00000|  0%| F|  |TAMS 0x000000070dc00000, 0x000000070dc00000| Untracked 
| 221|0x000000070dd00000, 0x000000070dd00000, 0x000000070de00000|  0%| F|  |TAMS 0x000000070dd00000, 0x000000070dd00000| Untracked 
| 222|0x000000070de00000, 0x000000070de00000, 0x000000070df00000|  0%| F|  |TAMS 0x000000070de00000, 0x000000070de00000| Untracked 
| 223|0x000000070df00000, 0x000000070df00000, 0x000000070e000000|  0%| F|  |TAMS 0x000000070df00000, 0x000000070df00000| Untracked 
| 224|0x000000070e000000, 0x000000070e000000, 0x000000070e100000|  0%| F|  |TAMS 0x000000070e000000, 0x000000070e000000| Untracked 
| 225|0x000000070e100000, 0x000000070e100000, 0x000000070e200000|  0%| F|  |TAMS 0x000000070e100000, 0x000000070e100000| Untracked 
| 226|0x000000070e200000, 0x000000070e200000, 0x000000070e300000|  0%| F|  |TAMS 0x000000070e200000, 0x000000070e200000| Untracked 
| 227|0x000000070e300000, 0x000000070e300000, 0x000000070e400000|  0%| F|  |TAMS 0x000000070e300000, 0x000000070e300000| Untracked 
| 228|0x000000070e400000, 0x000000070e400000, 0x000000070e500000|  0%| F|  |TAMS 0x000000070e400000, 0x000000070e400000| Untracked 
| 229|0x000000070e500000, 0x000000070e500000, 0x000000070e600000|  0%| F|  |TAMS 0x000000070e500000, 0x000000070e500000| Untracked 
| 230|0x000000070e600000, 0x000000070e600000, 0x000000070e700000|  0%| F|  |TAMS 0x000000070e600000, 0x000000070e600000| Untracked 
| 231|0x000000070e700000, 0x000000070e700000, 0x000000070e800000|  0%| F|  |TAMS 0x000000070e700000, 0x000000070e700000| Untracked 
| 232|0x000000070e800000, 0x000000070e800000, 0x000000070e900000|  0%| F|  |TAMS 0x000000070e800000, 0x000000070e800000| Untracked 
| 233|0x000000070e900000, 0x000000070e900000, 0x000000070ea00000|  0%| F|  |TAMS 0x000000070e900000, 0x000000070e900000| Untracked 
| 234|0x000000070ea00000, 0x000000070ea00000, 0x000000070eb00000|  0%| F|  |TAMS 0x000000070ea00000, 0x000000070ea00000| Untracked 
| 235|0x000000070eb00000, 0x000000070eb00000, 0x000000070ec00000|  0%| F|  |TAMS 0x000000070eb00000, 0x000000070eb00000| Untracked 
| 236|0x000000070ec00000, 0x000000070ec00000, 0x000000070ed00000|  0%| F|  |TAMS 0x000000070ec00000, 0x000000070ec00000| Untracked 
| 237|0x000000070ed00000, 0x000000070ed00000, 0x000000070ee00000|  0%| F|  |TAMS 0x000000070ed00000, 0x000000070ed00000| Untracked 
| 238|0x000000070ee00000, 0x000000070ee00000, 0x000000070ef00000|  0%| F|  |TAMS 0x000000070ee00000, 0x000000070ee00000| Untracked 
| 239|0x000000070ef00000, 0x000000070ef00000, 0x000000070f000000|  0%| F|  |TAMS 0x000000070ef00000, 0x000000070ef00000| Untracked 
| 240|0x000000070f000000, 0x000000070f000000, 0x000000070f100000|  0%| F|  |TAMS 0x000000070f000000, 0x000000070f000000| Untracked 
| 241|0x000000070f100000, 0x000000070f100000, 0x000000070f200000|  0%| F|  |TAMS 0x000000070f100000, 0x000000070f100000| Untracked 
| 242|0x000000070f200000, 0x000000070f200000, 0x000000070f300000|  0%| F|  |TAMS 0x000000070f200000, 0x000000070f200000| Untracked 
| 243|0x000000070f300000, 0x000000070f300000, 0x000000070f400000|  0%| F|  |TAMS 0x000000070f300000, 0x000000070f300000| Untracked 
| 244|0x000000070f400000, 0x000000070f400000, 0x000000070f500000|  0%| F|  |TAMS 0x000000070f400000, 0x000000070f400000| Untracked 
| 245|0x000000070f500000, 0x000000070f500000, 0x000000070f600000|  0%| F|  |TAMS 0x000000070f500000, 0x000000070f500000| Untracked 
| 246|0x000000070f600000, 0x000000070f600000, 0x000000070f700000|  0%| F|  |TAMS 0x000000070f600000, 0x000000070f600000| Untracked 
| 247|0x000000070f700000, 0x000000070f700000, 0x000000070f800000|  0%| F|  |TAMS 0x000000070f700000, 0x000000070f700000| Untracked 
| 248|0x000000070f800000, 0x000000070f800000, 0x000000070f900000|  0%| F|  |TAMS 0x000000070f800000, 0x000000070f800000| Untracked 
| 249|0x000000070f900000, 0x000000070f900000, 0x000000070fa00000|  0%| F|  |TAMS 0x000000070f900000, 0x000000070f900000| Untracked 
| 250|0x000000070fa00000, 0x000000070fa00000, 0x000000070fb00000|  0%| F|  |TAMS 0x000000070fa00000, 0x000000070fa00000| Untracked 
| 251|0x000000070fb00000, 0x000000070fb00000, 0x000000070fc00000|  0%| F|  |TAMS 0x000000070fb00000, 0x000000070fb00000| Untracked 
| 252|0x000000070fc00000, 0x000000070fc00000, 0x000000070fd00000|  0%| F|  |TAMS 0x000000070fc00000, 0x000000070fc00000| Untracked 
| 253|0x000000070fd00000, 0x000000070fd00000, 0x000000070fe00000|  0%| F|  |TAMS 0x000000070fd00000, 0x000000070fd00000| Untracked 
| 254|0x000000070fe00000, 0x000000070fe00000, 0x000000070ff00000|  0%| F|  |TAMS 0x000000070fe00000, 0x000000070fe00000| Untracked 
| 255|0x000000070ff00000, 0x000000070ff00000, 0x0000000710000000|  0%| F|  |TAMS 0x000000070ff00000, 0x000000070ff00000| Untracked 
| 256|0x0000000710000000, 0x0000000710000000, 0x0000000710100000|  0%| F|  |TAMS 0x0000000710000000, 0x0000000710000000| Untracked 
| 257|0x0000000710100000, 0x0000000710100000, 0x0000000710200000|  0%| F|  |TAMS 0x0000000710100000, 0x0000000710100000| Untracked 
| 258|0x0000000710200000, 0x0000000710200000, 0x0000000710300000|  0%| F|  |TAMS 0x0000000710200000, 0x0000000710200000| Untracked 
| 259|0x0000000710300000, 0x0000000710300000, 0x0000000710400000|  0%| F|  |TAMS 0x0000000710300000, 0x0000000710300000| Untracked 
| 260|0x0000000710400000, 0x0000000710400000, 0x0000000710500000|  0%| F|  |TAMS 0x0000000710400000, 0x0000000710400000| Untracked 
| 261|0x0000000710500000, 0x0000000710500000, 0x0000000710600000|  0%| F|  |TAMS 0x0000000710500000, 0x0000000710500000| Untracked 
| 262|0x0000000710600000, 0x0000000710600000, 0x0000000710700000|  0%| F|  |TAMS 0x0000000710600000, 0x0000000710600000| Untracked 
| 263|0x0000000710700000, 0x0000000710700000, 0x0000000710800000|  0%| F|  |TAMS 0x0000000710700000, 0x0000000710700000| Untracked 
| 264|0x0000000710800000, 0x0000000710800000, 0x0000000710900000|  0%| F|  |TAMS 0x0000000710800000, 0x0000000710800000| Untracked 
| 265|0x0000000710900000, 0x0000000710900000, 0x0000000710a00000|  0%| F|  |TAMS 0x0000000710900000, 0x0000000710900000| Untracked 
| 266|0x0000000710a00000, 0x0000000710a00000, 0x0000000710b00000|  0%| F|  |TAMS 0x0000000710a00000, 0x0000000710a00000| Untracked 
| 267|0x0000000710b00000, 0x0000000710b00000, 0x0000000710c00000|  0%| F|  |TAMS 0x0000000710b00000, 0x0000000710b00000| Untracked 
| 268|0x0000000710c00000, 0x0000000710c00000, 0x0000000710d00000|  0%| F|  |TAMS 0x0000000710c00000, 0x0000000710c00000| Untracked 
| 269|0x0000000710d00000, 0x0000000710d00000, 0x0000000710e00000|  0%| F|  |TAMS 0x0000000710d00000, 0x0000000710d00000| Untracked 
| 270|0x0000000710e00000, 0x0000000710e00000, 0x0000000710f00000|  0%| F|  |TAMS 0x0000000710e00000, 0x0000000710e00000| Untracked 
| 271|0x0000000710f00000, 0x0000000710f00000, 0x0000000711000000|  0%| F|  |TAMS 0x0000000710f00000, 0x0000000710f00000| Untracked 
| 272|0x0000000711000000, 0x0000000711000000, 0x0000000711100000|  0%| F|  |TAMS 0x0000000711000000, 0x0000000711000000| Untracked 
| 273|0x0000000711100000, 0x0000000711100000, 0x0000000711200000|  0%| F|  |TAMS 0x0000000711100000, 0x0000000711100000| Untracked 
| 274|0x0000000711200000, 0x0000000711200000, 0x0000000711300000|  0%| F|  |TAMS 0x0000000711200000, 0x0000000711200000| Untracked 
| 275|0x0000000711300000, 0x0000000711300000, 0x0000000711400000|  0%| F|  |TAMS 0x0000000711300000, 0x0000000711300000| Untracked 
| 276|0x0000000711400000, 0x0000000711400000, 0x0000000711500000|  0%| F|  |TAMS 0x0000000711400000, 0x0000000711400000| Untracked 
| 277|0x0000000711500000, 0x0000000711500000, 0x0000000711600000|  0%| F|  |TAMS 0x0000000711500000, 0x0000000711500000| Untracked 
| 278|0x0000000711600000, 0x0000000711600000, 0x0000000711700000|  0%| F|  |TAMS 0x0000000711600000, 0x0000000711600000| Untracked 
| 279|0x0000000711700000, 0x0000000711700000, 0x0000000711800000|  0%| F|  |TAMS 0x0000000711700000, 0x0000000711700000| Untracked 
| 280|0x0000000711800000, 0x0000000711800000, 0x0000000711900000|  0%| F|  |TAMS 0x0000000711800000, 0x0000000711800000| Untracked 
| 281|0x0000000711900000, 0x0000000711900000, 0x0000000711a00000|  0%| F|  |TAMS 0x0000000711900000, 0x0000000711900000| Untracked 
| 282|0x0000000711a00000, 0x0000000711a00000, 0x0000000711b00000|  0%| F|  |TAMS 0x0000000711a00000, 0x0000000711a00000| Untracked 
| 283|0x0000000711b00000, 0x0000000711b00000, 0x0000000711c00000|  0%| F|  |TAMS 0x0000000711b00000, 0x0000000711b00000| Untracked 
| 284|0x0000000711c00000, 0x0000000711c00000, 0x0000000711d00000|  0%| F|  |TAMS 0x0000000711c00000, 0x0000000711c00000| Untracked 
| 285|0x0000000711d00000, 0x0000000711d00000, 0x0000000711e00000|  0%| F|  |TAMS 0x0000000711d00000, 0x0000000711d00000| Untracked 
| 286|0x0000000711e00000, 0x0000000711e00000, 0x0000000711f00000|  0%| F|  |TAMS 0x0000000711e00000, 0x0000000711e00000| Untracked 
| 287|0x0000000711f00000, 0x0000000711f00000, 0x0000000712000000|  0%| F|  |TAMS 0x0000000711f00000, 0x0000000711f00000| Untracked 
| 288|0x0000000712000000, 0x0000000712000000, 0x0000000712100000|  0%| F|  |TAMS 0x0000000712000000, 0x0000000712000000| Untracked 
| 289|0x0000000712100000, 0x0000000712100000, 0x0000000712200000|  0%| F|  |TAMS 0x0000000712100000, 0x0000000712100000| Untracked 
| 290|0x0000000712200000, 0x0000000712200000, 0x0000000712300000|  0%| F|  |TAMS 0x0000000712200000, 0x0000000712200000| Untracked 
| 291|0x0000000712300000, 0x0000000712300000, 0x0000000712400000|  0%| F|  |TAMS 0x0000000712300000, 0x0000000712300000| Untracked 
| 292|0x0000000712400000, 0x0000000712400000, 0x0000000712500000|  0%| F|  |TAMS 0x0000000712400000, 0x0000000712400000| Untracked 
| 293|0x0000000712500000, 0x0000000712500000, 0x0000000712600000|  0%| F|  |TAMS 0x0000000712500000, 0x0000000712500000| Untracked 
| 294|0x0000000712600000, 0x0000000712700000, 0x0000000712700000|100%| E|  |TAMS 0x0000000712600000, 0x0000000712600000| Complete 
| 295|0x0000000712700000, 0x0000000712800000, 0x0000000712800000|100%| E|CS|TAMS 0x0000000712700000, 0x0000000712700000| Complete 
| 296|0x0000000712800000, 0x0000000712900000, 0x0000000712900000|100%| E|CS|TAMS 0x0000000712800000, 0x0000000712800000| Complete 
| 297|0x0000000712900000, 0x0000000712a00000, 0x0000000712a00000|100%| E|CS|TAMS 0x0000000712900000, 0x0000000712900000| Complete 
| 298|0x0000000712a00000, 0x0000000712b00000, 0x0000000712b00000|100%| E|CS|TAMS 0x0000000712a00000, 0x0000000712a00000| Complete 
| 299|0x0000000712b00000, 0x0000000712c00000, 0x0000000712c00000|100%| E|CS|TAMS 0x0000000712b00000, 0x0000000712b00000| Complete 
| 300|0x0000000712c00000, 0x0000000712d00000, 0x0000000712d00000|100%| E|CS|TAMS 0x0000000712c00000, 0x0000000712c00000| Complete 
| 301|0x0000000712d00000, 0x0000000712e00000, 0x0000000712e00000|100%| E|CS|TAMS 0x0000000712d00000, 0x0000000712d00000| Complete 
| 302|0x0000000712e00000, 0x0000000712f00000, 0x0000000712f00000|100%| E|CS|TAMS 0x0000000712e00000, 0x0000000712e00000| Complete 
| 303|0x0000000712f00000, 0x0000000713000000, 0x0000000713000000|100%| E|CS|TAMS 0x0000000712f00000, 0x0000000712f00000| Complete 
| 304|0x0000000713000000, 0x0000000713100000, 0x0000000713100000|100%| E|CS|TAMS 0x0000000713000000, 0x0000000713000000| Complete 
| 305|0x0000000713100000, 0x0000000713200000, 0x0000000713200000|100%| E|CS|TAMS 0x0000000713100000, 0x0000000713100000| Complete 
| 306|0x0000000713200000, 0x0000000713300000, 0x0000000713300000|100%| E|CS|TAMS 0x0000000713200000, 0x0000000713200000| Complete 
| 307|0x0000000713300000, 0x0000000713400000, 0x0000000713400000|100%| E|CS|TAMS 0x0000000713300000, 0x0000000713300000| Complete 
| 308|0x0000000713400000, 0x0000000713500000, 0x0000000713500000|100%| E|CS|TAMS 0x0000000713400000, 0x0000000713400000| Complete 
| 309|0x0000000713500000, 0x0000000713600000, 0x0000000713600000|100%| E|CS|TAMS 0x0000000713500000, 0x0000000713500000| Complete 
| 310|0x0000000713600000, 0x0000000713700000, 0x0000000713700000|100%| E|CS|TAMS 0x0000000713600000, 0x0000000713600000| Complete 
| 311|0x0000000713700000, 0x0000000713800000, 0x0000000713800000|100%| E|CS|TAMS 0x0000000713700000, 0x0000000713700000| Complete 
| 312|0x0000000713800000, 0x0000000713900000, 0x0000000713900000|100%| E|CS|TAMS 0x0000000713800000, 0x0000000713800000| Complete 
| 313|0x0000000713900000, 0x0000000713a00000, 0x0000000713a00000|100%| E|CS|TAMS 0x0000000713900000, 0x0000000713900000| Complete 
| 314|0x0000000713a00000, 0x0000000713b00000, 0x0000000713b00000|100%| E|CS|TAMS 0x0000000713a00000, 0x0000000713a00000| Complete 
| 315|0x0000000713b00000, 0x0000000713c00000, 0x0000000713c00000|100%| E|CS|TAMS 0x0000000713b00000, 0x0000000713b00000| Complete 
| 316|0x0000000713c00000, 0x0000000713d00000, 0x0000000713d00000|100%| E|CS|TAMS 0x0000000713c00000, 0x0000000713c00000| Complete 
| 317|0x0000000713d00000, 0x0000000713e00000, 0x0000000713e00000|100%| E|CS|TAMS 0x0000000713d00000, 0x0000000713d00000| Complete 
| 318|0x0000000713e00000, 0x0000000713f00000, 0x0000000713f00000|100%| E|CS|TAMS 0x0000000713e00000, 0x0000000713e00000| Complete 
| 319|0x0000000713f00000, 0x0000000714000000, 0x0000000714000000|100%| E|CS|TAMS 0x0000000713f00000, 0x0000000713f00000| Complete 
| 320|0x0000000714000000, 0x0000000714100000, 0x0000000714100000|100%| E|CS|TAMS 0x0000000714000000, 0x0000000714000000| Complete 
| 321|0x0000000714100000, 0x0000000714200000, 0x0000000714200000|100%| E|CS|TAMS 0x0000000714100000, 0x0000000714100000| Complete 
| 322|0x0000000714200000, 0x0000000714300000, 0x0000000714300000|100%| E|CS|TAMS 0x0000000714200000, 0x0000000714200000| Complete 
| 323|0x0000000714300000, 0x0000000714400000, 0x0000000714400000|100%| E|CS|TAMS 0x0000000714300000, 0x0000000714300000| Complete 
| 324|0x0000000714400000, 0x0000000714500000, 0x0000000714500000|100%| E|CS|TAMS 0x0000000714400000, 0x0000000714400000| Complete 
| 325|0x0000000714500000, 0x0000000714600000, 0x0000000714600000|100%| E|CS|TAMS 0x0000000714500000, 0x0000000714500000| Complete 
| 326|0x0000000714600000, 0x0000000714700000, 0x0000000714700000|100%| E|CS|TAMS 0x0000000714600000, 0x0000000714600000| Complete 
| 327|0x0000000714700000, 0x0000000714800000, 0x0000000714800000|100%| E|CS|TAMS 0x0000000714700000, 0x0000000714700000| Complete 
| 328|0x0000000714800000, 0x0000000714900000, 0x0000000714900000|100%| E|CS|TAMS 0x0000000714800000, 0x0000000714800000| Complete 
| 329|0x0000000714900000, 0x0000000714a00000, 0x0000000714a00000|100%| E|CS|TAMS 0x0000000714900000, 0x0000000714900000| Complete 
| 330|0x0000000714a00000, 0x0000000714b00000, 0x0000000714b00000|100%| E|CS|TAMS 0x0000000714a00000, 0x0000000714a00000| Complete 
| 331|0x0000000714b00000, 0x0000000714c00000, 0x0000000714c00000|100%| E|CS|TAMS 0x0000000714b00000, 0x0000000714b00000| Complete 
| 332|0x0000000714c00000, 0x0000000714d00000, 0x0000000714d00000|100%| E|CS|TAMS 0x0000000714c00000, 0x0000000714c00000| Complete 
| 333|0x0000000714d00000, 0x0000000714e00000, 0x0000000714e00000|100%| E|CS|TAMS 0x0000000714d00000, 0x0000000714d00000| Complete 
| 334|0x0000000714e00000, 0x0000000714f00000, 0x0000000714f00000|100%| E|CS|TAMS 0x0000000714e00000, 0x0000000714e00000| Complete 
| 335|0x0000000714f00000, 0x0000000715000000, 0x0000000715000000|100%| E|CS|TAMS 0x0000000714f00000, 0x0000000714f00000| Complete 
| 336|0x0000000715000000, 0x0000000715100000, 0x0000000715100000|100%| E|CS|TAMS 0x0000000715000000, 0x0000000715000000| Complete 
| 337|0x0000000715100000, 0x0000000715200000, 0x0000000715200000|100%| E|CS|TAMS 0x0000000715100000, 0x0000000715100000| Complete 
| 338|0x0000000715200000, 0x0000000715300000, 0x0000000715300000|100%| E|CS|TAMS 0x0000000715200000, 0x0000000715200000| Complete 
| 339|0x0000000715300000, 0x0000000715400000, 0x0000000715400000|100%| E|CS|TAMS 0x0000000715300000, 0x0000000715300000| Complete 
| 340|0x0000000715400000, 0x0000000715500000, 0x0000000715500000|100%| E|CS|TAMS 0x0000000715400000, 0x0000000715400000| Complete 
| 341|0x0000000715500000, 0x0000000715600000, 0x0000000715600000|100%| E|CS|TAMS 0x0000000715500000, 0x0000000715500000| Complete 
| 342|0x0000000715600000, 0x0000000715700000, 0x0000000715700000|100%| E|CS|TAMS 0x0000000715600000, 0x0000000715600000| Complete 
| 343|0x0000000715700000, 0x0000000715800000, 0x0000000715800000|100%| E|CS|TAMS 0x0000000715700000, 0x0000000715700000| Complete 
| 344|0x0000000715800000, 0x0000000715900000, 0x0000000715900000|100%| E|CS|TAMS 0x0000000715800000, 0x0000000715800000| Complete 
| 345|0x0000000715900000, 0x0000000715a00000, 0x0000000715a00000|100%| E|CS|TAMS 0x0000000715900000, 0x0000000715900000| Complete 
| 346|0x0000000715a00000, 0x0000000715b00000, 0x0000000715b00000|100%| E|CS|TAMS 0x0000000715a00000, 0x0000000715a00000| Complete 
| 347|0x0000000715b00000, 0x0000000715c00000, 0x0000000715c00000|100%| E|CS|TAMS 0x0000000715b00000, 0x0000000715b00000| Complete 
| 348|0x0000000715c00000, 0x0000000715d00000, 0x0000000715d00000|100%| E|CS|TAMS 0x0000000715c00000, 0x0000000715c00000| Complete 
| 349|0x0000000715d00000, 0x0000000715e00000, 0x0000000715e00000|100%| E|CS|TAMS 0x0000000715d00000, 0x0000000715d00000| Complete 
| 350|0x0000000715e00000, 0x0000000715f00000, 0x0000000715f00000|100%| E|CS|TAMS 0x0000000715e00000, 0x0000000715e00000| Complete 
| 351|0x0000000715f00000, 0x0000000716000000, 0x0000000716000000|100%| E|CS|TAMS 0x0000000715f00000, 0x0000000715f00000| Complete 
| 352|0x0000000716000000, 0x0000000716100000, 0x0000000716100000|100%| E|CS|TAMS 0x0000000716000000, 0x0000000716000000| Complete 
| 353|0x0000000716100000, 0x0000000716200000, 0x0000000716200000|100%| E|CS|TAMS 0x0000000716100000, 0x0000000716100000| Complete 
| 354|0x0000000716200000, 0x0000000716300000, 0x0000000716300000|100%| E|CS|TAMS 0x0000000716200000, 0x0000000716200000| Complete 
| 355|0x0000000716300000, 0x0000000716400000, 0x0000000716400000|100%| E|CS|TAMS 0x0000000716300000, 0x0000000716300000| Complete 
| 356|0x0000000716400000, 0x0000000716500000, 0x0000000716500000|100%| E|CS|TAMS 0x0000000716400000, 0x0000000716400000| Complete 
| 357|0x0000000716500000, 0x0000000716600000, 0x0000000716600000|100%| E|CS|TAMS 0x0000000716500000, 0x0000000716500000| Complete 
| 358|0x0000000716600000, 0x0000000716700000, 0x0000000716700000|100%| E|CS|TAMS 0x0000000716600000, 0x0000000716600000| Complete 
| 359|0x0000000716700000, 0x0000000716800000, 0x0000000716800000|100%| E|CS|TAMS 0x0000000716700000, 0x0000000716700000| Complete 
| 360|0x0000000716800000, 0x0000000716900000, 0x0000000716900000|100%| E|CS|TAMS 0x0000000716800000, 0x0000000716800000| Complete 
| 361|0x0000000716900000, 0x0000000716a00000, 0x0000000716a00000|100%| E|CS|TAMS 0x0000000716900000, 0x0000000716900000| Complete 
| 362|0x0000000716a00000, 0x0000000716b00000, 0x0000000716b00000|100%| E|CS|TAMS 0x0000000716a00000, 0x0000000716a00000| Complete 
| 363|0x0000000716b00000, 0x0000000716c00000, 0x0000000716c00000|100%| E|CS|TAMS 0x0000000716b00000, 0x0000000716b00000| Complete 
| 364|0x0000000716c00000, 0x0000000716d00000, 0x0000000716d00000|100%| E|CS|TAMS 0x0000000716c00000, 0x0000000716c00000| Complete 
| 365|0x0000000716d00000, 0x0000000716e00000, 0x0000000716e00000|100%| E|CS|TAMS 0x0000000716d00000, 0x0000000716d00000| Complete 
| 366|0x0000000716e00000, 0x0000000716f00000, 0x0000000716f00000|100%| E|CS|TAMS 0x0000000716e00000, 0x0000000716e00000| Complete 
| 367|0x0000000716f00000, 0x0000000717000000, 0x0000000717000000|100%| E|CS|TAMS 0x0000000716f00000, 0x0000000716f00000| Complete 
| 368|0x0000000717000000, 0x0000000717100000, 0x0000000717100000|100%| E|CS|TAMS 0x0000000717000000, 0x0000000717000000| Complete 
| 369|0x0000000717100000, 0x0000000717200000, 0x0000000717200000|100%| E|CS|TAMS 0x0000000717100000, 0x0000000717100000| Complete 

Card table byte_map: [0x0000020340df0000,0x00000203415f0000] _byte_map_base: 0x000002033d5f0000

Marking Bits (Prev, Next): (CMBitMap*) 0x000002032d2fdb28, (CMBitMap*) 0x000002032d2fdb60
 Prev Bits: [0x0000020341df0000, 0x0000020345df0000)
 Next Bits: [0x0000020345df0000, 0x0000020349df0000)

Polling page: 0x000002032ba90000

Metaspace:

Usage:
  Non-class:     99.61 MB capacity,    97.21 MB ( 98%) used,     2.15 MB (  2%) free+waste,   258.81 KB ( <1%) overhead. 
      Class:     14.49 MB capacity,    13.25 MB ( 92%) used,     1.12 MB (  8%) free+waste,   116.88 KB ( <1%) overhead. 
       Both:    114.10 MB capacity,   110.46 MB ( 97%) used,     3.27 MB (  3%) free+waste,   375.69 KB ( <1%) overhead. 

Virtual space:
  Non-class space:      100.00 MB reserved,      99.75 MB (>99%) committed 
      Class space:        1.00 GB reserved,      14.59 MB (  1%) committed 
             Both:        1.10 GB reserved,     114.34 MB ( 10%) committed 

Chunk freelists:
   Non-Class:  12.00 KB
       Class:  15.00 KB
        Both:  27.00 KB

MaxMetaspaceSize: 17179869184.00 GB
CompressedClassSpaceSize: 1.00 GB

CodeHeap 'non-profiled nmethods': size=120064Kb used=10210Kb max_used=10210Kb free=109853Kb
 bounds [0x0000020338860000, 0x0000020339270000, 0x000002033fda0000]
CodeHeap 'profiled nmethods': size=120000Kb used=43491Kb max_used=43491Kb free=76508Kb
 bounds [0x0000020331330000, 0x0000020333e20000, 0x0000020338860000]
CodeHeap 'non-nmethods': size=5696Kb used=2327Kb max_used=2410Kb free=3368Kb
 bounds [0x0000020330da0000, 0x0000020331010000, 0x0000020331330000]
 total_blobs=17337 nmethods=16404 adapters=841
 compilation: enabled
              stopped_count=0, restarted_count=0
 full_count=0

Compilation events (20 events):
Event: 124.557 Thread 0x000002034da88800 nmethod 17389 0x00000203389dd510 code [0x00000203389dd6a0, 0x00000203389dd738]
Event: 124.558 Thread 0x000002034d03f800 nmethod 17348 0x00000203389f9590 code [0x00000203389f9720, 0x00000203389f9af8]
Event: 124.564 Thread 0x000002034da88800 17407       4       sun.nio.fs.WindowsNativeDispatcher::asNativeBuffer (103 bytes)
Event: 124.565 Thread 0x000002034d043000 17408   !   3       sun.nio.fs.AbstractFileSystemProvider::exists (14 bytes)
Event: 124.566 Thread 0x000002034d043000 nmethod 17408 0x00000203319be710 code [0x00000203319be8e0, 0x00000203319beb88]
Event: 124.567 Thread 0x000002034d03f800 17409       4       sun.nio.fs.WindowsFileSystem::getPath (101 bytes)
Event: 124.573 Thread 0x000002034d03f800 nmethod 17409 0x0000020338a5bc10 code [0x0000020338a5be00, 0x0000020338a5c560]
Event: 124.573 Thread 0x000002034d03f800 17410       4       sun.nio.fs.Util::followLinks (66 bytes)
Event: 124.574 Thread 0x000002034d03f800 nmethod 17410 0x0000020338a19790 code [0x0000020338a19920, 0x0000020338a199f8]
Event: 124.574 Thread 0x000002034d03f800 17411       4       sun.nio.fs.WindowsFileSystemProvider::readAttributes (63 bytes)
Event: 124.576 Thread 0x000002034d043000 17416   !   3       java.nio.file.Files::exists (70 bytes)
Event: 124.576 Thread 0x000002034d043000 nmethod 17416 0x0000020331a9f390 code [0x0000020331a9f660, 0x0000020331aa0818]
Event: 124.577 Thread 0x000002034da88800 nmethod 17407 0x0000020338a6c190 code [0x0000020338a6c3e0, 0x0000020338a6d2e0]
Event: 124.577 Thread 0x000002034da88800 17412       4       sun.nio.fs.WindowsFileAttributeViews$Basic::readAttributes (5 bytes)
Event: 124.577 Thread 0x000002034d043000 17417   !   3       sun.nio.fs.AbstractFileSystemProvider::isRegularFile (20 bytes)
Event: 124.577 Thread 0x000002034d043000 nmethod 17417 0x00000203319dff10 code [0x00000203319e00e0, 0x00000203319e0458]
Event: 124.586 Thread 0x000002034d043000 17419   !   3       sun.nio.fs.WindowsPath::toAbsolutePath (55 bytes)
Event: 124.586 Thread 0x000002034d043000 nmethod 17419 0x0000020331a8eb90 code [0x0000020331a8ede0, 0x0000020331a8f5d8]
Event: 124.588 Thread 0x000002034d043000 17420   !   3       java.nio.file.Files::isRegularFile (42 bytes)
Event: 124.588 Thread 0x000002034d043000 nmethod 17420 0x0000020331a96990 code [0x0000020331a96c00, 0x0000020331a978f8]

GC Heap History (20 events):
Event: 5.841 GC heap before
{Heap before GC invocations=12 (full 0):
 garbage-first heap   total 315392K, used 188939K [0x0000000700000000, 0x0000000800000000)
  region size 1024K, 138 young (141312K), 16 survivors (16384K)
 Metaspace       used 81408K, capacity 83453K, committed 83584K, reserved 1122304K
  class space    used 10220K, capacity 10854K, committed 10880K, reserved 1048576K
}
Event: 5.852 GC heap after
{Heap after GC invocations=13 (full 0):
 garbage-first heap   total 378880K, used 67247K [0x0000000700000000, 0x0000000800000000)
  region size 1024K, 3 young (3072K), 3 survivors (3072K)
 Metaspace       used 81408K, capacity 83453K, committed 83584K, reserved 1122304K
  class space    used 10220K, capacity 10854K, committed 10880K, reserved 1048576K
}
Event: 6.458 GC heap before
{Heap before GC invocations=13 (full 0):
 garbage-first heap   total 378880K, used 221871K [0x0000000700000000, 0x0000000800000000)
  region size 1024K, 154 young (157696K), 3 survivors (3072K)
 Metaspace       used 81555K, capacity 83543K, committed 83584K, reserved 1122304K
  class space    used 10222K, capacity 10858K, committed 10880K, reserved 1048576K
}
Event: 6.459 GC heap after
{Heap after GC invocations=14 (full 0):
 garbage-first heap   total 378880K, used 65773K [0x0000000700000000, 0x0000000800000000)
  region size 1024K, 2 young (2048K), 2 survivors (2048K)
 Metaspace       used 81555K, capacity 83543K, committed 83584K, reserved 1122304K
  class space    used 10222K, capacity 10858K, committed 10880K, reserved 1048576K
}
Event: 7.200 GC heap before
{Heap before GC invocations=14 (full 0):
 garbage-first heap   total 378880K, used 233709K [0x0000000700000000, 0x0000000800000000)
  region size 1024K, 166 young (169984K), 2 survivors (2048K)
 Metaspace       used 87721K, capacity 90006K, committed 90112K, reserved 1128448K
  class space    used 10936K, capacity 11704K, committed 11776K, reserved 1048576K
}
Event: 7.205 GC heap after
{Heap after GC invocations=15 (full 0):
 garbage-first heap   total 378880K, used 73661K [0x0000000700000000, 0x0000000800000000)
  region size 1024K, 10 young (10240K), 10 survivors (10240K)
 Metaspace       used 87721K, capacity 90006K, committed 90112K, reserved 1128448K
  class space    used 10936K, capacity 11704K, committed 11776K, reserved 1048576K
}
Event: 7.967 GC heap before
{Heap before GC invocations=15 (full 0):
 garbage-first heap   total 378880K, used 249789K [0x0000000700000000, 0x0000000800000000)
  region size 1024K, 179 young (183296K), 10 survivors (10240K)
 Metaspace       used 95093K, capacity 97577K, committed 97664K, reserved 1134592K
  class space    used 11811K, capacity 12645K, committed 12672K, reserved 1048576K
}
Event: 7.986 GC heap after
{Heap after GC invocations=16 (full 0):
 garbage-first heap   total 378880K, used 99314K [0x0000000700000000, 0x0000000800000000)
  region size 1024K, 23 young (23552K), 23 survivors (23552K)
 Metaspace       used 95093K, capacity 97577K, committed 97664K, reserved 1134592K
  class space    used 11811K, capacity 12645K, committed 12672K, reserved 1048576K
}
Event: 12.621 GC heap before
{Heap before GC invocations=16 (full 0):
 garbage-first heap   total 378880K, used 219122K [0x0000000700000000, 0x0000000800000000)
  region size 1024K, 140 young (143360K), 23 survivors (23552K)
 Metaspace       used 98129K, capacity 100605K, committed 100696K, reserved 1136640K
  class space    used 12187K, capacity 13064K, committed 13144K, reserved 1048576K
}
Event: 12.638 GC heap after
{Heap after GC invocations=17 (full 0):
 garbage-first heap   total 378880K, used 110208K [0x0000000700000000, 0x0000000800000000)
  region size 1024K, 10 young (10240K), 10 survivors (10240K)
 Metaspace       used 98129K, capacity 100605K, committed 100696K, reserved 1136640K
  class space    used 12187K, capacity 13064K, committed 13144K, reserved 1048576K
}
Event: 40.107 GC heap before
{Heap before GC invocations=18 (full 0):
 garbage-first heap   total 378880K, used 257664K [0x0000000700000000, 0x0000000800000000)
  region size 1024K, 155 young (158720K), 10 survivors (10240K)
 Metaspace       used 102987K, capacity 105615K, committed 105944K, reserved 1142784K
  class space    used 12528K, capacity 13454K, committed 13528K, reserved 1048576K
}
Event: 40.116 GC heap after
{Heap after GC invocations=19 (full 0):
 garbage-first heap   total 378880K, used 111744K [0x0000000700000000, 0x0000000800000000)
  region size 1024K, 12 young (12288K), 12 survivors (12288K)
 Metaspace       used 102987K, capacity 105615K, committed 105944K, reserved 1142784K
  class space    used 12528K, capacity 13454K, committed 13528K, reserved 1048576K
}
Event: 49.403 GC heap before
{Heap before GC invocations=19 (full 0):
 garbage-first heap   total 378880K, used 267392K [0x0000000700000000, 0x0000000800000000)
  region size 1024K, 164 young (167936K), 12 survivors (12288K)
 Metaspace       used 104196K, capacity 107215K, committed 107480K, reserved 1142784K
  class space    used 12643K, capacity 13693K, committed 13784K, reserved 1048576K
}
Event: 49.411 GC heap after
{Heap after GC invocations=20 (full 0):
 garbage-first heap   total 378880K, used 112203K [0x0000000700000000, 0x0000000800000000)
  region size 1024K, 7 young (7168K), 7 survivors (7168K)
 Metaspace       used 104196K, capacity 107215K, committed 107480K, reserved 1142784K
  class space    used 12643K, capacity 13693K, committed 13784K, reserved 1048576K
}
Event: 122.804 GC heap before
{Heap before GC invocations=20 (full 0):
 garbage-first heap   total 378880K, used 273995K [0x0000000700000000, 0x0000000800000000)
  region size 1024K, 165 young (168960K), 7 survivors (7168K)
 Metaspace       used 110111K, capacity 113732K, committed 114008K, reserved 1148928K
  class space    used 13316K, capacity 14531K, committed 14680K, reserved 1048576K
}
Event: 122.810 GC heap after
{Heap after GC invocations=21 (full 0):
 garbage-first heap   total 378880K, used 115275K [0x0000000700000000, 0x0000000800000000)
  region size 1024K, 10 young (10240K), 10 survivors (10240K)
 Metaspace       used 110111K, capacity 113732K, committed 114008K, reserved 1148928K
  class space    used 13316K, capacity 14531K, committed 14680K, reserved 1048576K
}
Event: 123.532 GC heap before
{Heap before GC invocations=21 (full 0):
 garbage-first heap   total 378880K, used 280139K [0x0000000700000000, 0x0000000800000000)
  region size 1024K, 171 young (175104K), 10 survivors (10240K)
 Metaspace       used 112637K, capacity 116321K, committed 116440K, reserved 1150976K
  class space    used 13534K, capacity 14751K, committed 14808K, reserved 1048576K
}
Event: 123.538 GC heap after
{Heap after GC invocations=22 (full 0):
 garbage-first heap   total 378880K, used 116171K [0x0000000700000000, 0x0000000800000000)
  region size 1024K, 11 young (11264K), 11 survivors (11264K)
 Metaspace       used 112637K, capacity 116321K, committed 116440K, reserved 1150976K
  class space    used 13534K, capacity 14751K, committed 14808K, reserved 1048576K
}
Event: 124.215 GC heap before
{Heap before GC invocations=22 (full 0):
 garbage-first heap   total 378880K, used 288203K [0x0000000700000000, 0x0000000800000000)
  region size 1024K, 179 young (183296K), 11 survivors (11264K)
 Metaspace       used 112699K, capacity 116327K, committed 116440K, reserved 1150976K
  class space    used 13535K, capacity 14752K, committed 14808K, reserved 1048576K
}
Event: 124.224 GC heap after
{Heap after GC invocations=23 (full 0):
 garbage-first heap   total 378880K, used 115605K [0x0000000700000000, 0x0000000800000000)
  region size 1024K, 11 young (11264K), 11 survivors (11264K)
 Metaspace       used 112699K, capacity 116327K, committed 116440K, reserved 1150976K
  class space    used 13535K, capacity 14752K, committed 14808K, reserved 1048576K
}

Deoptimization events (20 events):
Event: 124.415 Thread 0x00000203544c9800 Uncommon trap: trap_request=0xffffff4d fr.pc=0x0000020338dfad8c relative=0x00000000000004cc
Event: 124.415 Thread 0x00000203544c9800 Uncommon trap: reason=unstable_if action=reinterpret pc=0x0000020338dfad8c method=java.util.concurrent.ConcurrentLinkedQueue.poll()Ljava/lang/Object; @ 24 c2
Event: 124.415 Thread 0x00000203544c9800 DEOPT PACKING pc=0x0000020338dfad8c sp=0x000000f8a6cfda70
Event: 124.415 Thread 0x00000203544c9800 DEOPT UNPACKING pc=0x0000020330dc68af sp=0x000000f8a6cfda28 mode 2
Event: 124.416 Thread 0x000002034e8fc800 Uncommon trap: trap_request=0xffffff4d fr.pc=0x0000020338f7fe54 relative=0x0000000000000234
Event: 124.416 Thread 0x000002034e8fc800 Uncommon trap: reason=unstable_if action=reinterpret pc=0x0000020338f7fe54 method=java.util.concurrent.ConcurrentLinkedQueue.updateHead(Ljava/util/concurrent/ConcurrentLinkedQueue$Node;Ljava/util/concurrent/ConcurrentLinkedQueue$Node;)V @ 14 c2
Event: 124.416 Thread 0x000002034e8fc800 DEOPT PACKING pc=0x0000020338f7fe54 sp=0x000000f8a76fb910
Event: 124.416 Thread 0x000002034e8fc800 DEOPT UNPACKING pc=0x0000020330dc68af sp=0x000000f8a76fb8d0 mode 2
Event: 124.541 Thread 0x000002034e8fc800 Uncommon trap: trap_request=0xffffffbe fr.pc=0x0000020339174168 relative=0x0000000000000948
Event: 124.541 Thread 0x000002034e8fc800 Uncommon trap: reason=profile_predicate action=maybe_recompile pc=0x0000020339174168 method=com.google.common.collect.ImmutableCollection$Builder.addAll(Ljava/lang/Iterable;)Lcom/google/common/collect/ImmutableCollection$Builder; @ 13 c2
Event: 124.541 Thread 0x000002034e8fc800 DEOPT PACKING pc=0x0000020339174168 sp=0x000000f8a76fb1b0
Event: 124.541 Thread 0x000002034e8fc800 DEOPT UNPACKING pc=0x0000020330dc68af sp=0x000000f8a76fb128 mode 2
Event: 124.541 Thread 0x000002034e8fc800 Uncommon trap: trap_request=0xffffffbe fr.pc=0x0000020339174168 relative=0x0000000000000948
Event: 124.541 Thread 0x000002034e8fc800 Uncommon trap: reason=profile_predicate action=maybe_recompile pc=0x0000020339174168 method=com.google.common.collect.ImmutableCollection$Builder.addAll(Ljava/lang/Iterable;)Lcom/google/common/collect/ImmutableCollection$Builder; @ 13 c2
Event: 124.541 Thread 0x000002034e8fc800 DEOPT PACKING pc=0x0000020339174168 sp=0x000000f8a76fb1b0
Event: 124.541 Thread 0x000002034e8fc800 DEOPT UNPACKING pc=0x0000020330dc68af sp=0x000000f8a76fb128 mode 2
Event: 124.549 Thread 0x000002034e8fc800 Uncommon trap: trap_request=0xffffffbe fr.pc=0x0000020339174168 relative=0x0000000000000948
Event: 124.549 Thread 0x000002034e8fc800 Uncommon trap: reason=profile_predicate action=maybe_recompile pc=0x0000020339174168 method=com.google.common.collect.ImmutableCollection$Builder.addAll(Ljava/lang/Iterable;)Lcom/google/common/collect/ImmutableCollection$Builder; @ 13 c2
Event: 124.549 Thread 0x000002034e8fc800 DEOPT PACKING pc=0x0000020339174168 sp=0x000000f8a76fab60
Event: 124.549 Thread 0x000002034e8fc800 DEOPT UNPACKING pc=0x0000020330dc68af sp=0x000000f8a76faad8 mode 2

Classes redefined (0 events):
No events

Internal exceptions (20 events):
Event: 122.901 Thread 0x000002034e8fc800 Exception <a 'java/lang/ClassNotFoundException'{0x00000007158159f0}: com/puppycrawl/tools/checkstyle/checks/naming/TypeNameCheckCustomizer> (0x00000007158159f0) thrown at [./src/hotspot/share/classfile/systemDictionary.cpp, line 231]
Event: 122.902 Thread 0x000002034e8fc800 Exception <a 'java/lang/ClassNotFoundException'{0x00000007158a99b0}: com/puppycrawl/tools/checkstyle/checks/naming/MemberNameCheckBeanInfo> (0x00000007158a99b0) thrown at [./src/hotspot/share/classfile/systemDictionary.cpp, line 231]
Event: 122.902 Thread 0x000002034e8fc800 Exception <a 'java/lang/ClassNotFoundException'{0x00000007158b54a0}: com/puppycrawl/tools/checkstyle/checks/naming/MemberNameCheckCustomizer> (0x00000007158b54a0) thrown at [./src/hotspot/share/classfile/systemDictionary.cpp, line 231]
Event: 122.904 Thread 0x000002034e8fc800 Exception <a 'java/lang/ClassNotFoundException'{0x00000007157c9040}: com/puppycrawl/tools/checkstyle/checks/naming/ParameterNameCheckBeanInfo> (0x00000007157c9040) thrown at [./src/hotspot/share/classfile/systemDictionary.cpp, line 231]
Event: 122.905 Thread 0x000002034e8fc800 Exception <a 'java/lang/ClassNotFoundException'{0x00000007157d4c30}: com/puppycrawl/tools/checkstyle/checks/naming/ParameterNameCheckCustomizer> (0x00000007157d4c30) thrown at [./src/hotspot/share/classfile/systemDictionary.cpp, line 231]
Event: 122.906 Thread 0x000002034e8fc800 Exception <a 'java/lang/ClassNotFoundException'{0x000000071568f200}: com/puppycrawl/tools/checkstyle/checks/naming/LocalVariableNameCheckBeanInfo> (0x000000071568f200) thrown at [./src/hotspot/share/classfile/systemDictionary.cpp, line 231]
Event: 122.906 Thread 0x000002034e8fc800 Exception <a 'java/lang/ClassNotFoundException'{0x000000071569ae80}: com/puppycrawl/tools/checkstyle/checks/naming/LocalVariableNameCheckCustomizer> (0x000000071569ae80) thrown at [./src/hotspot/share/classfile/systemDictionary.cpp, line 231]
Event: 122.908 Thread 0x000002034e8fc800 Exception <a 'java/lang/ClassNotFoundException'{0x000000071558d840}: com/puppycrawl/tools/checkstyle/checks/naming/ClassTypeParameterNameCheckBeanInfo> (0x000000071558d840) thrown at [./src/hotspot/share/classfile/systemDictionary.cpp, line 231]
Event: 122.908 Thread 0x000002034e8fc800 Exception <a 'java/lang/ClassNotFoundException'{0x0000000715599630}: com/puppycrawl/tools/checkstyle/checks/naming/ClassTypeParameterNameCheckCustomizer> (0x0000000715599630) thrown at [./src/hotspot/share/classfile/systemDictionary.cpp, line 231]
Event: 122.909 Thread 0x000002034e8fc800 Exception <a 'java/lang/ClassNotFoundException'{0x00000007154501b0}: com/puppycrawl/tools/checkstyle/checks/naming/MethodTypeParameterNameCheckBeanInfo> (0x00000007154501b0) thrown at [./src/hotspot/share/classfile/systemDictionary.cpp, line 231]
Event: 122.910 Thread 0x000002034e8fc800 Exception <a 'java/lang/ClassNotFoundException'{0x000000071545bfb0}: com/puppycrawl/tools/checkstyle/checks/naming/MethodTypeParameterNameCheckCustomizer> (0x000000071545bfb0) thrown at [./src/hotspot/share/classfile/systemDictionary.cpp, line 231]
Event: 122.958 Thread 0x000002034e8fc800 Implicit null exception at 0x0000020338d02676 to 0x0000020338d02efc
Event: 123.089 Thread 0x000002034e8fc800 Implicit null exception at 0x000002033889977e to 0x0000020338899a1c
Event: 123.089 Thread 0x000002034e8fc800 Implicit null exception at 0x000002033889977e to 0x0000020338899a1c
Event: 123.089 Thread 0x000002034e8fc800 Implicit null exception at 0x000002033889977e to 0x0000020338899a1c
Event: 123.089 Thread 0x000002034e8fc800 Implicit null exception at 0x000002033889977e to 0x0000020338899a1c
Event: 123.859 Thread 0x000002034e8fc800 Implicit null exception at 0x0000020338916be9 to 0x0000020338917551
Event: 123.859 Thread 0x000002034e8fc800 Implicit null exception at 0x0000020338916be9 to 0x0000020338917551
Event: 123.859 Thread 0x000002034e8fc800 Implicit null exception at 0x0000020338916be9 to 0x0000020338917551
Event: 123.859 Thread 0x000002034e8fc800 Implicit null exception at 0x0000020338916be9 to 0x0000020338917551

Events (20 events):
Event: 124.344 Executing VM operation: RevokeBias
Event: 124.344 Executing VM operation: RevokeBias done
Event: 124.349 Executing VM operation: RevokeBias
Event: 124.349 Executing VM operation: RevokeBias done
Event: 124.349 Executing VM operation: RevokeBias
Event: 124.349 Executing VM operation: RevokeBias done
Event: 124.362 loading class org/gradle/cache/internal/btree/FileBackedBlockStore$1
Event: 124.362 loading class org/gradle/cache/internal/btree/FileBackedBlockStore$1 done
Event: 124.508 Executing VM operation: RevokeBias
Event: 124.508 Executing VM operation: RevokeBias done
Event: 124.534 Executing VM operation: RevokeBias
Event: 124.534 Executing VM operation: RevokeBias done
Event: 124.535 Executing VM operation: RevokeBias
Event: 124.535 Executing VM operation: RevokeBias done
Event: 124.547 loading class org/gradle/api/internal/tasks/compile/incremental/processing/IncrementalAnnotationProcessorType
Event: 124.547 loading class org/gradle/api/internal/tasks/compile/incremental/processing/IncrementalAnnotationProcessorType done
Event: 124.547 loading class org/gradle/api/internal/tasks/compile/processing/AnnotationProcessorDeclaration
Event: 124.547 loading class org/gradle/api/internal/tasks/compile/processing/AnnotationProcessorDeclaration done
Event: 124.553 Executing VM operation: RevokeBias
Event: 124.553 Executing VM operation: RevokeBias done


Dynamic libraries:
0x00007ff74bcb0000 - 0x00007ff74bcba000 	C:\Program Files\Android\Android Studio\jre\bin\java.exe
0x00007fff17c30000 - 0x00007fff17e25000 	C:\Windows\SYSTEM32\ntdll.dll
0x00007fff16220000 - 0x00007fff162de000 	C:\Windows\System32\KERNEL32.DLL
0x00007fff157f0000 - 0x00007fff15ab8000 	C:\Windows\System32\KERNELBASE.dll
0x00007fff15340000 - 0x00007fff15440000 	C:\Windows\System32\ucrtbase.dll
0x00007fff00ea0000 - 0x00007fff00eb9000 	C:\Program Files\Android\Android Studio\jre\bin\jli.dll
0x00007ffeff460000 - 0x00007ffeff477000 	C:\Program Files\Android\Android Studio\jre\bin\VCRUNTIME140.dll
0x00007fff17990000 - 0x00007fff17b31000 	C:\Windows\System32\USER32.dll
0x00007fff157c0000 - 0x00007fff157e2000 	C:\Windows\System32\win32u.dll
0x00007fff03920000 - 0x00007fff03bba000 	C:\Windows\WinSxS\amd64_microsoft.windows.common-controls_6595b64144ccf1df_6.0.19041.1110_none_60b5254171f9507e\COMCTL32.dll
0x00007fff16490000 - 0x00007fff164bb000 	C:\Windows\System32\GDI32.dll
0x00007fff15680000 - 0x00007fff1578d000 	C:\Windows\System32\gdi32full.dll
0x00007fff16120000 - 0x00007fff161be000 	C:\Windows\System32\msvcrt.dll
0x00007fff15440000 - 0x00007fff154dd000 	C:\Windows\System32\msvcp_win.dll
0x00007fff15c70000 - 0x00007fff15ca0000 	C:\Windows\System32\IMM32.DLL
0x00007ffefe4c0000 - 0x00007ffefe55d000 	C:\Program Files\Android\Android Studio\jre\bin\msvcp140.dll
0x00007ffed9780000 - 0x00007ffeda255000 	C:\Program Files\Android\Android Studio\jre\bin\server\jvm.dll
0x00007fff162e0000 - 0x00007fff1638e000 	C:\Windows\System32\ADVAPI32.dll
0x00007fff172c0000 - 0x00007fff1735c000 	C:\Windows\System32\sechost.dll
0x00007fff17860000 - 0x00007fff17985000 	C:\Windows\System32\RPCRT4.dll
0x00007fff16480000 - 0x00007fff16488000 	C:\Windows\System32\PSAPI.DLL
0x00007fff10cb0000 - 0x00007fff10cba000 	C:\Windows\SYSTEM32\VERSION.dll
0x00007ffeff900000 - 0x00007ffeff909000 	C:\Windows\SYSTEM32\WSOCK32.dll
0x00007fff082a0000 - 0x00007fff082c7000 	C:\Windows\SYSTEM32\WINMM.dll
0x00007fff16c10000 - 0x00007fff16c7b000 	C:\Windows\System32\WS2_32.dll
0x00007fff13250000 - 0x00007fff13262000 	C:\Windows\SYSTEM32\kernel.appcore.dll
0x00007fff10a10000 - 0x00007fff10a21000 	C:\Program Files\Android\Android Studio\jre\bin\verify.dll
0x00007fff07960000 - 0x00007fff07b44000 	C:\Windows\SYSTEM32\DBGHELP.DLL
0x00007ffef4e70000 - 0x00007ffef4e9c000 	C:\Windows\SYSTEM32\dbgcore.DLL
0x00007fff15540000 - 0x00007fff155c2000 	C:\Windows\System32\bcryptPrimitives.dll
0x00007fff10780000 - 0x00007fff107a9000 	C:\Program Files\Android\Android Studio\jre\bin\java.dll
0x00007fff10a00000 - 0x00007fff10a0b000 	C:\Program Files\Android\Android Studio\jre\bin\jimage.dll
0x00007fff0d520000 - 0x00007fff0d538000 	C:\Program Files\Android\Android Studio\jre\bin\zip.dll
0x00007fff164c0000 - 0x00007fff16c04000 	C:\Windows\System32\SHELL32.dll
0x00007fff13450000 - 0x00007fff13be5000 	C:\Windows\SYSTEM32\windows.storage.dll
0x00007fff16c80000 - 0x00007fff16fd5000 	C:\Windows\System32\combase.dll
0x00007fff14cc0000 - 0x00007fff14cee000 	C:\Windows\SYSTEM32\Wldp.dll
0x00007fff17520000 - 0x00007fff175cd000 	C:\Windows\System32\SHCORE.dll
0x00007fff161c0000 - 0x00007fff16215000 	C:\Windows\System32\shlwapi.dll
0x00007fff15280000 - 0x00007fff1529f000 	C:\Windows\SYSTEM32\profapi.dll
0x00007fff0d4a0000 - 0x00007fff0d4ba000 	C:\Program Files\Android\Android Studio\jre\bin\net.dll
0x00007fff0bbf0000 - 0x00007fff0bcfc000 	C:\Windows\SYSTEM32\WINHTTP.dll
0x00007fff14a20000 - 0x00007fff14a8a000 	C:\Windows\system32\mswsock.dll
0x00007ffefff30000 - 0x00007ffefff44000 	C:\Program Files\Android\Android Studio\jre\bin\nio.dll
0x00007fff0cd60000 - 0x00007fff0cd86000 	C:\Users\Emanuele\.gradle\native\29\windows-amd64\native-platform.dll
0x00007fff0d510000 - 0x00007fff0d51a000 	C:\Program Files\Android\Android Studio\jre\bin\management.dll
0x00007fff0d490000 - 0x00007fff0d49d000 	C:\Program Files\Android\Android Studio\jre\bin\management_ext.dll
0x00007fff14c10000 - 0x00007fff14c28000 	C:\Windows\SYSTEM32\CRYPTSP.dll
0x00007fff143a0000 - 0x00007fff143d4000 	C:\Windows\system32\rsaenh.dll
0x00007fff15790000 - 0x00007fff157b7000 	C:\Windows\System32\bcrypt.dll
0x00007fff15240000 - 0x00007fff1526e000 	C:\Windows\SYSTEM32\USERENV.dll
0x00007fff14c30000 - 0x00007fff14c3c000 	C:\Windows\SYSTEM32\CRYPTBASE.dll
0x00007fff14710000 - 0x00007fff1474b000 	C:\Windows\SYSTEM32\IPHLPAPI.DLL
0x00007fff17360000 - 0x00007fff17368000 	C:\Windows\System32\NSI.dll
0x00007fff0cf90000 - 0x00007fff0cfa7000 	C:\Windows\SYSTEM32\dhcpcsvc6.DLL
0x00007fff0cf70000 - 0x00007fff0cf8d000 	C:\Windows\SYSTEM32\dhcpcsvc.DLL
0x00007fff14750000 - 0x00007fff1481b000 	C:\Windows\SYSTEM32\DNSAPI.dll
0x00007ffef2ea0000 - 0x00007ffef2eb7000 	C:\Windows\system32\napinsp.dll
0x00007ffef2e80000 - 0x00007ffef2e9b000 	C:\Windows\system32\pnrpnsp.dll
0x00007fff0f3a0000 - 0x00007fff0f3b5000 	C:\Windows\system32\wshbth.dll
0x00007fff10ea0000 - 0x00007fff10ebd000 	C:\Windows\system32\NLAapi.dll
0x00007ffef2e40000 - 0x00007ffef2e52000 	C:\Windows\System32\winrnr.dll
0x0000000066030000 - 0x0000000066056000 	C:\Program Files\Bonjour\mdnsNSP.dll
0x00007fff03db0000 - 0x00007fff03dba000 	C:\Windows\System32\rasadhlp.dll
0x00007fff02d40000 - 0x00007fff02dbf000 	C:\Windows\System32\fwpuclnt.dll
0x00007fff00f40000 - 0x00007fff00f4a000 	C:\Program Files\Android\Android Studio\jre\bin\prefs.dll

dbghelp: loaded successfully - version: 4.0.5 - missing functions: none
symbol engine: initialized successfully - sym options: 0x614 - pdb path: .;C:\Program Files\Android\Android Studio\jre\bin;C:\Windows\SYSTEM32;C:\Windows\WinSxS\amd64_microsoft.windows.common-controls_6595b64144ccf1df_6.0.19041.1110_none_60b5254171f9507e;C:\Program Files\Android\Android Studio\jre\bin\server;C:\Users\Emanuele\.gradle\native\29\windows-amd64;C:\Program Files\Bonjour

VM Arguments:
jvm_args: -XX:MaxPermSize=4096m -XX:+HeapDumpOnOutOfMemoryError --add-opens=java.base/java.util=ALL-UNNAMED --add-opens=java.base/java.lang=ALL-UNNAMED --add-opens=java.base/java.lang.invoke=ALL-UNNAMED --add-opens=java.prefs/java.util.prefs=ALL-UNNAMED -Xmx4096m -Dfile.encoding=windows-1252 -Duser.country=IT -Duser.language=it -Duser.variant 
java_command: org.gradle.launcher.daemon.bootstrap.GradleDaemon 5.4.1
java_class_path (initial): C:\Users\Emanuele\.gradle\wrapper\dists\gradle-5.4.1-all\3221gyojl5jsh0helicew7rwx\gradle-5.4.1\lib\gradle-launcher-5.4.1.jar
Launcher Type: SUN_STANDARD

[Global flags]
     intx CICompilerCount                          = 3                                         {product} {ergonomic}
     uint ConcGCThreads                            = 2                                         {product} {ergonomic}
     uint G1ConcRefinementThreads                  = 6                                         {product} {ergonomic}
   size_t G1HeapRegionSize                         = 1048576                                   {product} {ergonomic}
    uintx GCDrainStackTargetSize                   = 64                                        {product} {ergonomic}
     bool HeapDumpOnOutOfMemoryError               = true                                   {manageable} {command line}
   size_t InitialHeapSize                          = 268435456                                 {product} {ergonomic}
   size_t MarkStackSize                            = 4194304                                   {product} {ergonomic}
   size_t MaxHeapSize                              = 4294967296                                {product} {command line}
   size_t MaxNewSize                               = 2576351232                                {product} {ergonomic}
   size_t MinHeapDeltaBytes                        = 1048576                                   {product} {ergonomic}
    uintx NonNMethodCodeHeapSize                   = 5830732                                {pd product} {ergonomic}
    uintx NonProfiledCodeHeapSize                  = 122913754                              {pd product} {ergonomic}
    uintx ProfiledCodeHeapSize                     = 122913754                              {pd product} {ergonomic}
    uintx ReservedCodeCacheSize                    = 251658240                              {pd product} {ergonomic}
     bool SegmentedCodeCache                       = true                                      {product} {ergonomic}
     bool UseCompressedClassPointers               = true                                 {lp64_product} {ergonomic}
     bool UseCompressedOops                        = true                                 {lp64_product} {ergonomic}
     bool UseG1GC                                  = true                                      {product} {ergonomic}
     bool UseLargePagesIndividualAllocation        = false                                  {pd product} {ergonomic}

Logging:
Log output configuration:
 #0: stdout all=warning uptime,level,tags
 #1: stderr all=off uptime,level,tags

Environment Variables:
PATH=C:\Program Files\Common Files\Oracle\Java\javapath;C:\Program Files (x86)\Common Files\Oracle\Java\javapath;C:\Windows\system32;C:\Windows;C:\Windows\System32\Wbem;C:\Windows\System32\WindowsPowerShell\v1.0\;C:\Windows\System32\OpenSSH\;C:\Program Files\NVIDIA Corporation\NVIDIA NvDLISR;C:\Program Files (x86)\NVIDIA Corporation\PhysX\Common;C:\Program Files\dotnet\;C:\Program Files\Git\cmd;C:\Users\Emanuele\AppData\Local\Microsoft\WindowsApps;C:\Users\Emanuele\AppData\Local\GitHubDesktop\bin
USERNAME=Emanuele
OS=Windows_NT
PROCESSOR_IDENTIFIER=Intel64 Family 6 Model 158 Stepping 12, GenuineIntel



---------------  S Y S T E M  ---------------

OS: Windows 10 , 64 bit Build 19041 (10.0.19041.1466)
OS uptime: 0 days 1:49 hours

CPU:total 6 (initial active 6) (6 cores per cpu, 1 threads per core) family 6 model 158 stepping 12 microcode 0xae, cmov, cx8, fxsr, mmx, sse, sse2, sse3, ssse3, sse4.1, sse4.2, popcnt, avx, avx2, aes, clmul, erms, rtm, 3dnowpref, lzcnt, tsc, tscinvbit, bmi1, bmi2, adx, fma

Memory: 4k page, system-wide physical 16316M (9611M free)
TotalPageFile size 18748M (AvailPageFile size 10914M)
current process WorkingSet (physical memory assigned to process): 690M, peak: 697M
current process commit charge ("private bytes"): 723M, peak: 731M

vm_info: OpenJDK 64-Bit Server VM (11.0.11+9-b60-7590822) for windows-amd64 JRE (11.0.11+9-b60-7590822), built on Jul 29 2021 21:43:44 by "builder" with MS VC++ 14.0 (VS2015)

END.
