#
# A fatal error has been detected by the Java Runtime Environment:
#
#  EXCEPTION_ACCESS_VIOLATION (0xc0000005) at pc=0x0000021ae906e8d3, pid=8872, tid=3688
#
# JRE version: OpenJDK Runtime Environment (11.0.11+9) (build 11.0.11+9-b60-7590822)
# Java VM: OpenJDK 64-Bit Server VM (11.0.11+9-b60-7590822, mixed mode, tiered, compressed oops, g1 gc, windows-amd64)
# Problematic frame:
# 
[error occurred during error reporting (printing problematic frame), id 0xc0000005, EXCEPTION_ACCESS_VIOLATION (0xc0000005) at pc=0x00007ffed9e3a0cb]

# No core dump will be written. Minidumps are not enabled by default on client versions of Windows
#
# If you would like to submit a bug report, please visit:
#   https://bugreport.java.com/bugreport/crash.jsp
#

---------------  S U M M A R Y ------------

Command Line: -Djava.awt.headless=true -Dorg.gradle.native=false -javaagent:C:\Users\Emanuele\AppData\Local\Google\AndroidStudio2021.1\testAgent\intellij-coverage-agent-1.0.579.jar=C:\Users\Emanuele\AppData\Local\Temp\coverage20148args -javaagent:build/tmp/expandedArchives/org.jacoco.agent-0.8.3.jar_4b57cf550318c2dfec984d52b9993337/jacocoagent.jar=destfile=build/jacoco/testDebugUnitTest.exec,append=true,inclnolocationclasses=false,dumponexit=true,output=file,jmx=false -Xmx512m -Dfile.encoding=windows-1252 -Duser.country=IT -Duser.language=it -Duser.variant -ea worker.org.gradle.process.internal.worker.GradleWorkerMain 'Gradle Test Executor 6'

Host: Intel(R) Core(TM) i5-9600K CPU @ 3.70GHz, 6 cores, 15G,  Windows 10 , 64 bit Build 19041 (10.0.19041.1466)
Time: Wed Feb  9 05:59:38 2022 ora solare Europa occidentale elapsed time: 4.384565 seconds (0d 0h 0m 4s)

---------------  T H R E A D  ---------------

Current thread (0x0000021afe4be800):  JavaThread "Test worker" [_thread_in_Java, id=3688, stack(0x0000005b0a100000,0x0000005b0a200000)]

Stack: [0x0000005b0a100000,0x0000005b0a200000],  sp=0x0000005b0a1fb058,  free space=1004k
Native frames: (J=compiled Java code, j=interpreted, Vv=VM code, C=native code)
C  0x0000021ae906e8d3


siginfo: EXCEPTION_ACCESS_VIOLATION (0xc0000005), reading address 0xffffffffffffffff


Register to memory mapping:

RIP=0x0000021ae906e8d3 is at code_begin+115 in an Interpreter codelet
new  187 new  [0x0000021ae906e860, 0x0000021ae906eaa0]  576 bytes
RAX=0x0000021a813cddd8 is pointing into metadata
RBX=0x00000000000000bb is an unknown value
RCX=0x000100010022f058 is an unknown value
RDX=0x0 is NULL
RSP=0x0000005b0a1fb058 is pointing into the stack for thread: 0x0000021afe4be800
RBP=0x0000005b0a1fb0a8 is pointing into the stack for thread: 0x0000021afe4be800
RSI=0x00000000ed8f5100 is an oop: java.util.LinkedHashMap$Entry 
{0x00000000ed8f5100} - klass: 'java/util/LinkedHashMap$Entry'
RDI=0x0 is NULL
R8 =0x0000000000000459 is an unknown value
R9 =0x0 is NULL
R10=0x00007ffeda19eaf0 jvm.dll
R11=0x0000000000000495 is an unknown value
R12=0x0 is NULL
R13=0x0000021a813cf215 is pointing into metadata
R14=0x0000005b0a1fb108 is pointing into the stack for thread: 0x0000021afe4be800
R15=0x0000021afe4be800 is a thread


Registers:
RAX=0x0000021a813cddd8, RBX=0x00000000000000bb, RCX=0x000100010022f058, RDX=0x0000000000000000
RSP=0x0000005b0a1fb058, RBP=0x0000005b0a1fb0a8, RSI=0x00000000ed8f5100, RDI=0x0000000000000000
R8 =0x0000000000000459, R9 =0x0000000000000000, R10=0x00007ffeda19eaf0, R11=0x0000000000000495
R12=0x0000000000000000, R13=0x0000021a813cf215, R14=0x0000005b0a1fb108, R15=0x0000021afe4be800
RIP=0x0000021ae906e8d3, EFLAGS=0x0000000000010246

Top of Stack: (sp=0x0000005b0a1fb058)
0x0000005b0a1fb058:   000100010022f058 0000005b0a1fb060
0x0000005b0a1fb068:   0000021a813cf212 0000005b0a1fb108
0x0000005b0a1fb078:   0000021a824e4b48 0000000000000000
0x0000005b0a1fb088:   00000000e6bec8d8 0000021a813cf2a8
0x0000005b0a1fb098:   0000000000000000 0000005b0a1fb0f8
0x0000005b0a1fb0a8:   0000005b0a1fb158 0000021ae9059e40
0x0000005b0a1fb0b8:   00000000ed8f8818 0000000000000000
0x0000005b0a1fb0c8:   00000000ed8f8770 00000000ed8f4a58
0x0000005b0a1fb0d8:   00000000ed8f4b18 00000000ed8f4ae0
0x0000005b0a1fb0e8:   00000000e676cfc0 00000000e6bece70
0x0000005b0a1fb0f8:   00000000e6a6b9a0 00000000ed8f4ac8
0x0000005b0a1fb108:   00000000ed8f4670 0000005b0a1fb110
0x0000005b0a1fb118:   0000021a811e7aaf 0000005b0a1fb1b0
0x0000005b0a1fb128:   0000021a811eb3e8 0000000000000000
0x0000005b0a1fb138:   00000000e6906828 0000021a811e7b30
0x0000005b0a1fb148:   0000005b0a1fb0f8 0000005b0a1fb198 

Instructions: (pc=0x0000021ae906e8d3)
0x0000021ae906e7d3:   2f 48 81 7a 08 00 00 00 00 74 21 48 81 7a 08 01
0x0000021ae906e7e3:   00 00 00 74 17 4c 33 6a 08 49 f7 c5 fc ff ff ff
0x0000021ae906e7f3:   74 0e 48 81 4a 08 02 00 00 00 eb 04 4c 89 6a 08
0x0000021ae906e803:   48 83 c2 10 4c 8b 6a d8 41 83 ed 04 41 c1 e5 03
0x0000021ae906e813:   49 03 d5 48 89 55 d8 4c 8d 6c 24 08 4c 89 6d f0
0x0000021ae906e823:   ff 63 48 66 90 00 00 00 00 00 00 00 00 00 00 00
0x0000021ae906e833:   00 00 00 00 00 00 00 00 00 00 00 00 00 60 02 00
0x0000021ae906e843:   00 00 00 00 00 00 e4 f6 d9 fe 7f 00 00 bb 00 00
0x0000021ae906e853:   00 00 00 00 00 00 00 00 00 00 00 00 00 50 e9 39
0x0000021ae906e863:   00 00 00 48 83 ec 08 c5 fa 11 04 24 e9 2b 00 00
0x0000021ae906e873:   00 48 83 ec 10 c5 fb 11 04 24 e9 1d 00 00 00 48
0x0000021ae906e883:   83 ec 10 48 89 04 24 49 ba 00 00 00 00 00 00 00
0x0000021ae906e893:   00 4c 89 54 24 08 e9 01 00 00 00 50 41 0f b7 55
0x0000021ae906e8a3:   01 0f ca c1 ea 10 48 8b 4d e8 48 8b 49 08 48 8b
0x0000021ae906e8b3:   49 08 48 8b 41 08 80 7c 10 04 07 0f 85 d9 00 00
0x0000021ae906e8c3:   00 66 8b 54 d1 40 48 8b 49 28 48 8b 4c d1 08 51
0x0000021ae906e8d3:   80 b9 8a 01 00 00 04 0f 85 bc 00 00 00 8b 51 08
0x0000021ae906e8e3:   f7 c2 01 00 00 00 0f 85 ad 00 00 00 49 8b 87 18
0x0000021ae906e8f3:   01 00 00 48 8d 1c 10 49 3b 9f 28 01 00 00 0f 87
0x0000021ae906e903:   95 00 00 00 49 89 9f 18 01 00 00 e9 00 00 00 00
0x0000021ae906e913:   48 83 ea 10 0f 84 0f 00 00 00 33 c9 c1 ea 03 48
0x0000021ae906e923:   89 4c d0 08 48 ff ca 75 f6 59 48 8b 99 b8 00 00
0x0000021ae906e933:   00 48 89 18 33 f6 89 70 0c 48 c1 e9 03 89 48 08
0x0000021ae906e943:   49 ba 1b c7 17 da fe 7f 00 00 41 80 3a 00 0f 84
0x0000021ae906e953:   40 00 00 00 50 48 8b c8 48 83 ec 20 f7 c4 0f 00
0x0000021ae906e963:   00 00 0f 84 1a 00 00 00 48 83 ec 08 49 ba 70 eb
0x0000021ae906e973:   7e d9 fe 7f 00 00 41 ff d2 48 83 c4 08 e9 0d 00
0x0000021ae906e983:   00 00 49 ba 70 eb 7e d9 fe 7f 00 00 41 ff d2 48
0x0000021ae906e993:   83 c4 20 58 e9 e5 00 00 00 59 48 8b 55 e8 48 8b
0x0000021ae906e9a3:   52 08 48 8b 52 08 45 0f b7 45 01 41 0f c8 41 c1
0x0000021ae906e9b3:   e8 10 e8 05 00 00 00 e9 c2 00 00 00 48 8d 44 24
0x0000021ae906e9c3:   08 4c 89 6d c0 49 8b cf c5 f8 77 49 89 af 38 03 


Stack slot to memory mapping:
stack at sp + 0 slots: 0x000100010022f058 is an unknown value
stack at sp + 1 slots: 0x0000005b0a1fb060 is pointing into the stack for thread: 0x0000021afe4be800
stack at sp + 2 slots: 0x0000021a813cf212 is pointing into metadata
stack at sp + 3 slots: 0x0000005b0a1fb108 is pointing into the stack for thread: 0x0000021afe4be800
stack at sp + 4 slots: 0x0000021a824e4b48 is pointing into metadata
stack at sp + 5 slots: 0x0 is NULL
stack at sp + 6 slots: 0x00000000e6bec8d8 is an oop: java.lang.Class 
{0x00000000e6bec8d8} - klass: 'java/lang/Class'
stack at sp + 7 slots: {method} {0x0000021a813cf2b0} 'registerTopLevel' '
[error occurred during error reporting (inspecting top of stack), id 0xc0000005, EXCEPTION_ACCESS_VIOLATION (0xc0000005) at pc=0x00007ffed9e3ac81]

new  187 new  [0x0000021ae906e860, 0x0000021ae906eaa0]  576 bytes

---------------  P R O C E S S  ---------------

Threads class SMR info:
_java_thread_list=0x0000021afe1cabf0, length=14, elements={
0x0000021ae5560800, 0x0000021afbccb800, 0x0000021afbccc800, 0x0000021afc545800,
0x0000021afc548000, 0x0000021afc549800, 0x0000021afc54e800, 0x0000021afc55b000,
0x0000021afc55d000, 0x0000021afbc79800, 0x0000021afc888000, 0x0000021afe4be800,
0x0000021aff149000, 0x0000021afdfdf800
}

Java Threads: ( => current thread )
  0x0000021ae5560800 JavaThread "main" [_thread_blocked, id=1656, stack(0x0000005b08800000,0x0000005b08900000)]
  0x0000021afbccb800 JavaThread "Reference Handler" daemon [_thread_blocked, id=2108, stack(0x0000005b08f00000,0x0000005b09000000)]
  0x0000021afbccc800 JavaThread "Finalizer" daemon [_thread_blocked, id=6848, stack(0x0000005b09000000,0x0000005b09100000)]
  0x0000021afc545800 JavaThread "Signal Dispatcher" daemon [_thread_blocked, id=7112, stack(0x0000005b09100000,0x0000005b09200000)]
  0x0000021afc548000 JavaThread "Attach Listener" daemon [_thread_blocked, id=8080, stack(0x0000005b09200000,0x0000005b09300000)]
  0x0000021afc549800 JavaThread "Service Thread" daemon [_thread_blocked, id=748, stack(0x0000005b09300000,0x0000005b09400000)]
  0x0000021afc54e800 JavaThread "C2 CompilerThread0" daemon [_thread_in_native, id=8480, stack(0x0000005b09400000,0x0000005b09500000)]
  0x0000021afc55b000 JavaThread "C1 CompilerThread0" daemon [_thread_in_native, id=6512, stack(0x0000005b09500000,0x0000005b09600000)]
  0x0000021afc55d000 JavaThread "Sweeper thread" daemon [_thread_blocked, id=6068, stack(0x0000005b09600000,0x0000005b09700000)]
  0x0000021afbc79800 JavaThread "Common-Cleaner" daemon [_thread_blocked, id=9048, stack(0x0000005b09700000,0x0000005b09800000)]
  0x0000021afc888000 JavaThread "C2 CompilerThread1" daemon [_thread_in_native, id=3148, stack(0x0000005b09800000,0x0000005b09900000)]
=>0x0000021afe4be800 JavaThread "Test worker" [_thread_in_Java, id=3688, stack(0x0000005b0a100000,0x0000005b0a200000)]
  0x0000021aff149000 JavaThread "/127.0.0.1:54033 to /127.0.0.1:54032 workers Thread 2" [_thread_blocked, id=6184, stack(0x0000005b0a200000,0x0000005b0a300000)]
  0x0000021afdfdf800 JavaThread "/127.0.0.1:54033 to /127.0.0.1:54032 workers Thread 3" [_thread_in_native, id=4052, stack(0x0000005b0a300000,0x0000005b0a400000)]

Other Threads:
  0x0000021afc4f4800 VMThread "VM Thread" [stack: 0x0000005b08e00000,0x0000005b08f00000] [id=7528]
  0x0000021afd983800 WatcherThread [stack: 0x0000005b09900000,0x0000005b09a00000] [id=6192]
  0x0000021ae558a000 GCTaskThread "GC Thread#0" [stack: 0x0000005b08900000,0x0000005b08a00000] [id=5532]
  0x0000021afdcaf000 GCTaskThread "GC Thread#1" [stack: 0x0000005b09a00000,0x0000005b09b00000] [id=1160]
  0x0000021afdbdb800 GCTaskThread "GC Thread#2" [stack: 0x0000005b09b00000,0x0000005b09c00000] [id=8560]
  0x0000021afdf69800 GCTaskThread "GC Thread#3" [stack: 0x0000005b09c00000,0x0000005b09d00000] [id=1040]
  0x0000021afdf6a800 GCTaskThread "GC Thread#4" [stack: 0x0000005b09d00000,0x0000005b09e00000] [id=8532]
  0x0000021afdf6b000 GCTaskThread "GC Thread#5" [stack: 0x0000005b09e00000,0x0000005b09f00000] [id=6948]
  0x0000021ae5578800 ConcurrentGCThread "G1 Main Marker" [stack: 0x0000005b08a00000,0x0000005b08b00000] [id=2896]
  0x0000021ae557c000 ConcurrentGCThread "G1 Conc#0" [stack: 0x0000005b08b00000,0x0000005b08c00000] [id=8316]
  0x0000021afd198000 ConcurrentGCThread "G1 Conc#1" [stack: 0x0000005b0a400000,0x0000005b0a500000] [id=8932]
  0x0000021afbb2a800 ConcurrentGCThread "G1 Refine#0" [stack: 0x0000005b08c00000,0x0000005b08d00000] [id=4476]
  0x0000021afdf6c000 ConcurrentGCThread "G1 Refine#1" [stack: 0x0000005b09f00000,0x0000005b0a000000] [id=3704]
  0x0000021afbb2b000 ConcurrentGCThread "G1 Young RemSet Sampling" [stack: 0x0000005b08d00000,0x0000005b08e00000] [id=2956]

Threads with active compile tasks:
C2 CompilerThread0   4393 5046 %     4       java.io.WinNTFileSystem::normalize @ 22 (143 bytes)
C1 CompilerThread0   4393 5004       2       org.jacoco.agent.rt.internal_1f1cc91.asm.ClassWriter::toByteArray (2566 bytes)
C2 CompilerThread1   4393 4645 %     4       org.jetbrains.coverage.org.objectweb.asm.ClassReader::readCode @ 1541 (5089 bytes)

VM state:not at safepoint (normal execution)

VM Mutex/Monitor currently owned by a thread: None

Heap address: 0x00000000e0000000, size: 512 MB, Compressed Oops mode: 32-bit
Narrow klass base: 0x0000000000000000, Narrow klass shift: 3
Compressed class space size: 1073741824 Address: 0x0000000100000000

Heap:
 garbage-first heap   total 262144K, used 67263K [0x00000000e0000000, 0x0000000100000000)
  region size 1024K, 59 young (60416K), 19 survivors (19456K)
 Metaspace       used 27039K, capacity 27422K, committed 27648K, reserved 1073152K
  class space    used 2947K, capacity 3045K, committed 3072K, reserved 1048576K
Heap Regions: E=young(eden), S=young(survivor), O=old, HS=humongous(starts), HC=humongous(continues), CS=collection set, F=free, A=archive, TAMS=top-at-mark-start (previous, next)
|   0|0x00000000e0000000, 0x00000000e0100000, 0x00000000e0100000|100%|HS|  |TAMS 0x00000000e0100000, 0x00000000e0000000| Complete 
|   1|0x00000000e0100000, 0x00000000e0200000, 0x00000000e0200000|100%| O|  |TAMS 0x00000000e0200000, 0x00000000e0100000| Untracked 
|   2|0x00000000e0200000, 0x00000000e0300000, 0x00000000e0300000|100%| O|  |TAMS 0x00000000e0300000, 0x00000000e0200000| Untracked 
|   3|0x00000000e0300000, 0x00000000e0400000, 0x00000000e0400000|100%| O|  |TAMS 0x00000000e0400000, 0x00000000e0300000| Untracked 
|   4|0x00000000e0400000, 0x00000000e0500000, 0x00000000e0500000|100%| O|  |TAMS 0x00000000e0500000, 0x00000000e0400000| Untracked 
|   5|0x00000000e0500000, 0x00000000e0600000, 0x00000000e0600000|100%| O|  |TAMS 0x00000000e0600000, 0x00000000e0500000| Untracked 
|   6|0x00000000e0600000, 0x00000000e0700000, 0x00000000e0700000|100%| O|  |TAMS 0x00000000e0700000, 0x00000000e0600000| Untracked 
|   7|0x00000000e0700000, 0x00000000e0800000, 0x00000000e0800000|100%| O|  |TAMS 0x00000000e0800000, 0x00000000e0700000| Untracked 
|   8|0x00000000e0800000, 0x00000000e0872c00, 0x00000000e0900000| 44%| O|  |TAMS 0x00000000e0872c00, 0x00000000e0800000| Untracked 
|   9|0x00000000e0900000, 0x00000000e0900000, 0x00000000e0a00000|  0%| F|  |TAMS 0x00000000e0900000, 0x00000000e0900000| Untracked 
|  10|0x00000000e0a00000, 0x00000000e0a00000, 0x00000000e0b00000|  0%| F|  |TAMS 0x00000000e0a00000, 0x00000000e0a00000| Untracked 
|  11|0x00000000e0b00000, 0x00000000e0b00000, 0x00000000e0c00000|  0%| F|  |TAMS 0x00000000e0b00000, 0x00000000e0b00000| Untracked 
|  12|0x00000000e0c00000, 0x00000000e0c00000, 0x00000000e0d00000|  0%| F|  |TAMS 0x00000000e0c00000, 0x00000000e0c00000| Untracked 
|  13|0x00000000e0d00000, 0x00000000e0d00000, 0x00000000e0e00000|  0%| F|  |TAMS 0x00000000e0d00000, 0x00000000e0d00000| Untracked 
|  14|0x00000000e0e00000, 0x00000000e0e00000, 0x00000000e0f00000|  0%| F|  |TAMS 0x00000000e0e00000, 0x00000000e0e00000| Untracked 
|  15|0x00000000e0f00000, 0x00000000e0f00000, 0x00000000e1000000|  0%| F|  |TAMS 0x00000000e0f00000, 0x00000000e0f00000| Untracked 
|  16|0x00000000e1000000, 0x00000000e1000000, 0x00000000e1100000|  0%| F|  |TAMS 0x00000000e1000000, 0x00000000e1000000| Untracked 
|  17|0x00000000e1100000, 0x00000000e1100000, 0x00000000e1200000|  0%| F|  |TAMS 0x00000000e1100000, 0x00000000e1100000| Untracked 
|  18|0x00000000e1200000, 0x00000000e1200000, 0x00000000e1300000|  0%| F|  |TAMS 0x00000000e1200000, 0x00000000e1200000| Untracked 
|  19|0x00000000e1300000, 0x00000000e1300000, 0x00000000e1400000|  0%| F|  |TAMS 0x00000000e1300000, 0x00000000e1300000| Untracked 
|  20|0x00000000e1400000, 0x00000000e1400000, 0x00000000e1500000|  0%| F|  |TAMS 0x00000000e1400000, 0x00000000e1400000| Untracked 
|  21|0x00000000e1500000, 0x00000000e1500000, 0x00000000e1600000|  0%| F|  |TAMS 0x00000000e1500000, 0x00000000e1500000| Untracked 
|  22|0x00000000e1600000, 0x00000000e1600000, 0x00000000e1700000|  0%| F|  |TAMS 0x00000000e1600000, 0x00000000e1600000| Untracked 
|  23|0x00000000e1700000, 0x00000000e1700000, 0x00000000e1800000|  0%| F|  |TAMS 0x00000000e1700000, 0x00000000e1700000| Untracked 
|  24|0x00000000e1800000, 0x00000000e1800000, 0x00000000e1900000|  0%| F|  |TAMS 0x00000000e1800000, 0x00000000e1800000| Untracked 
|  25|0x00000000e1900000, 0x00000000e1900000, 0x00000000e1a00000|  0%| F|  |TAMS 0x00000000e1900000, 0x00000000e1900000| Untracked 
|  26|0x00000000e1a00000, 0x00000000e1a00000, 0x00000000e1b00000|  0%| F|  |TAMS 0x00000000e1a00000, 0x00000000e1a00000| Untracked 
|  27|0x00000000e1b00000, 0x00000000e1b00000, 0x00000000e1c00000|  0%| F|  |TAMS 0x00000000e1b00000, 0x00000000e1b00000| Untracked 
|  28|0x00000000e1c00000, 0x00000000e1c00000, 0x00000000e1d00000|  0%| F|  |TAMS 0x00000000e1c00000, 0x00000000e1c00000| Untracked 
|  29|0x00000000e1d00000, 0x00000000e1d00000, 0x00000000e1e00000|  0%| F|  |TAMS 0x00000000e1d00000, 0x00000000e1d00000| Untracked 
|  30|0x00000000e1e00000, 0x00000000e1e00000, 0x00000000e1f00000|  0%| F|  |TAMS 0x00000000e1e00000, 0x00000000e1e00000| Untracked 
|  31|0x00000000e1f00000, 0x00000000e1f00000, 0x00000000e2000000|  0%| F|  |TAMS 0x00000000e1f00000, 0x00000000e1f00000| Untracked 
|  32|0x00000000e2000000, 0x00000000e2000000, 0x00000000e2100000|  0%| F|  |TAMS 0x00000000e2000000, 0x00000000e2000000| Untracked 
|  33|0x00000000e2100000, 0x00000000e2100000, 0x00000000e2200000|  0%| F|  |TAMS 0x00000000e2100000, 0x00000000e2100000| Untracked 
|  34|0x00000000e2200000, 0x00000000e2200000, 0x00000000e2300000|  0%| F|  |TAMS 0x00000000e2200000, 0x00000000e2200000| Untracked 
|  35|0x00000000e2300000, 0x00000000e2300000, 0x00000000e2400000|  0%| F|  |TAMS 0x00000000e2300000, 0x00000000e2300000| Untracked 
|  36|0x00000000e2400000, 0x00000000e2400000, 0x00000000e2500000|  0%| F|  |TAMS 0x00000000e2400000, 0x00000000e2400000| Untracked 
|  37|0x00000000e2500000, 0x00000000e2500000, 0x00000000e2600000|  0%| F|  |TAMS 0x00000000e2500000, 0x00000000e2500000| Untracked 
|  38|0x00000000e2600000, 0x00000000e2600000, 0x00000000e2700000|  0%| F|  |TAMS 0x00000000e2600000, 0x00000000e2600000| Untracked 
|  39|0x00000000e2700000, 0x00000000e2700000, 0x00000000e2800000|  0%| F|  |TAMS 0x00000000e2700000, 0x00000000e2700000| Untracked 
|  40|0x00000000e2800000, 0x00000000e2800000, 0x00000000e2900000|  0%| F|  |TAMS 0x00000000e2800000, 0x00000000e2800000| Untracked 
|  41|0x00000000e2900000, 0x00000000e2900000, 0x00000000e2a00000|  0%| F|  |TAMS 0x00000000e2900000, 0x00000000e2900000| Untracked 
|  42|0x00000000e2a00000, 0x00000000e2a00000, 0x00000000e2b00000|  0%| F|  |TAMS 0x00000000e2a00000, 0x00000000e2a00000| Untracked 
|  43|0x00000000e2b00000, 0x00000000e2b00000, 0x00000000e2c00000|  0%| F|  |TAMS 0x00000000e2b00000, 0x00000000e2b00000| Untracked 
|  44|0x00000000e2c00000, 0x00000000e2c00000, 0x00000000e2d00000|  0%| F|  |TAMS 0x00000000e2c00000, 0x00000000e2c00000| Untracked 
|  45|0x00000000e2d00000, 0x00000000e2d00000, 0x00000000e2e00000|  0%| F|  |TAMS 0x00000000e2d00000, 0x00000000e2d00000| Untracked 
|  46|0x00000000e2e00000, 0x00000000e2e00000, 0x00000000e2f00000|  0%| F|  |TAMS 0x00000000e2e00000, 0x00000000e2e00000| Untracked 
|  47|0x00000000e2f00000, 0x00000000e2f00000, 0x00000000e3000000|  0%| F|  |TAMS 0x00000000e2f00000, 0x00000000e2f00000| Untracked 
|  48|0x00000000e3000000, 0x00000000e3000000, 0x00000000e3100000|  0%| F|  |TAMS 0x00000000e3000000, 0x00000000e3000000| Untracked 
|  49|0x00000000e3100000, 0x00000000e3100000, 0x00000000e3200000|  0%| F|  |TAMS 0x00000000e3100000, 0x00000000e3100000| Untracked 
|  50|0x00000000e3200000, 0x00000000e3200000, 0x00000000e3300000|  0%| F|  |TAMS 0x00000000e3200000, 0x00000000e3200000| Untracked 
|  51|0x00000000e3300000, 0x00000000e3300000, 0x00000000e3400000|  0%| F|  |TAMS 0x00000000e3300000, 0x00000000e3300000| Untracked 
|  52|0x00000000e3400000, 0x00000000e3400000, 0x00000000e3500000|  0%| F|  |TAMS 0x00000000e3400000, 0x00000000e3400000| Untracked 
|  53|0x00000000e3500000, 0x00000000e3500000, 0x00000000e3600000|  0%| F|  |TAMS 0x00000000e3500000, 0x00000000e3500000| Untracked 
|  54|0x00000000e3600000, 0x00000000e3600000, 0x00000000e3700000|  0%| F|  |TAMS 0x00000000e3600000, 0x00000000e3600000| Untracked 
|  55|0x00000000e3700000, 0x00000000e3700000, 0x00000000e3800000|  0%| F|  |TAMS 0x00000000e3700000, 0x00000000e3700000| Untracked 
|  56|0x00000000e3800000, 0x00000000e3800000, 0x00000000e3900000|  0%| F|  |TAMS 0x00000000e3800000, 0x00000000e3800000| Untracked 
|  57|0x00000000e3900000, 0x00000000e3900000, 0x00000000e3a00000|  0%| F|  |TAMS 0x00000000e3900000, 0x00000000e3900000| Untracked 
|  58|0x00000000e3a00000, 0x00000000e3a00000, 0x00000000e3b00000|  0%| F|  |TAMS 0x00000000e3a00000, 0x00000000e3a00000| Untracked 
|  59|0x00000000e3b00000, 0x00000000e3b00000, 0x00000000e3c00000|  0%| F|  |TAMS 0x00000000e3b00000, 0x00000000e3b00000| Untracked 
|  60|0x00000000e3c00000, 0x00000000e3c00000, 0x00000000e3d00000|  0%| F|  |TAMS 0x00000000e3c00000, 0x00000000e3c00000| Untracked 
|  61|0x00000000e3d00000, 0x00000000e3d00000, 0x00000000e3e00000|  0%| F|  |TAMS 0x00000000e3d00000, 0x00000000e3d00000| Untracked 
|  62|0x00000000e3e00000, 0x00000000e3e00000, 0x00000000e3f00000|  0%| F|  |TAMS 0x00000000e3e00000, 0x00000000e3e00000| Untracked 
|  63|0x00000000e3f00000, 0x00000000e3f00000, 0x00000000e4000000|  0%| F|  |TAMS 0x00000000e3f00000, 0x00000000e3f00000| Untracked 
|  64|0x00000000e4000000, 0x00000000e4000000, 0x00000000e4100000|  0%| F|  |TAMS 0x00000000e4000000, 0x00000000e4000000| Untracked 
|  65|0x00000000e4100000, 0x00000000e4100000, 0x00000000e4200000|  0%| F|  |TAMS 0x00000000e4100000, 0x00000000e4100000| Untracked 
|  66|0x00000000e4200000, 0x00000000e4200000, 0x00000000e4300000|  0%| F|  |TAMS 0x00000000e4200000, 0x00000000e4200000| Untracked 
|  67|0x00000000e4300000, 0x00000000e4300000, 0x00000000e4400000|  0%| F|  |TAMS 0x00000000e4300000, 0x00000000e4300000| Untracked 
|  68|0x00000000e4400000, 0x00000000e4400000, 0x00000000e4500000|  0%| F|  |TAMS 0x00000000e4400000, 0x00000000e4400000| Untracked 
|  69|0x00000000e4500000, 0x00000000e4500000, 0x00000000e4600000|  0%| F|  |TAMS 0x00000000e4500000, 0x00000000e4500000| Untracked 
|  70|0x00000000e4600000, 0x00000000e4600000, 0x00000000e4700000|  0%| F|  |TAMS 0x00000000e4600000, 0x00000000e4600000| Untracked 
|  71|0x00000000e4700000, 0x00000000e4700000, 0x00000000e4800000|  0%| F|  |TAMS 0x00000000e4700000, 0x00000000e4700000| Untracked 
|  72|0x00000000e4800000, 0x00000000e4800000, 0x00000000e4900000|  0%| F|  |TAMS 0x00000000e4800000, 0x00000000e4800000| Untracked 
|  73|0x00000000e4900000, 0x00000000e4900000, 0x00000000e4a00000|  0%| F|  |TAMS 0x00000000e4900000, 0x00000000e4900000| Untracked 
|  74|0x00000000e4a00000, 0x00000000e4a00000, 0x00000000e4b00000|  0%| F|  |TAMS 0x00000000e4a00000, 0x00000000e4a00000| Untracked 
|  75|0x00000000e4b00000, 0x00000000e4b00000, 0x00000000e4c00000|  0%| F|  |TAMS 0x00000000e4b00000, 0x00000000e4b00000| Untracked 
|  76|0x00000000e4c00000, 0x00000000e4c00000, 0x00000000e4d00000|  0%| F|  |TAMS 0x00000000e4c00000, 0x00000000e4c00000| Untracked 
|  77|0x00000000e4d00000, 0x00000000e4d00000, 0x00000000e4e00000|  0%| F|  |TAMS 0x00000000e4d00000, 0x00000000e4d00000| Untracked 
|  78|0x00000000e4e00000, 0x00000000e4e00000, 0x00000000e4f00000|  0%| F|  |TAMS 0x00000000e4e00000, 0x00000000e4e00000| Untracked 
|  79|0x00000000e4f00000, 0x00000000e4f00000, 0x00000000e5000000|  0%| F|  |TAMS 0x00000000e4f00000, 0x00000000e4f00000| Untracked 
|  80|0x00000000e5000000, 0x00000000e5000000, 0x00000000e5100000|  0%| F|  |TAMS 0x00000000e5000000, 0x00000000e5000000| Untracked 
|  81|0x00000000e5100000, 0x00000000e5100000, 0x00000000e5200000|  0%| F|  |TAMS 0x00000000e5100000, 0x00000000e5100000| Untracked 
|  82|0x00000000e5200000, 0x00000000e5200000, 0x00000000e5300000|  0%| F|  |TAMS 0x00000000e5200000, 0x00000000e5200000| Untracked 
|  83|0x00000000e5300000, 0x00000000e5300000, 0x00000000e5400000|  0%| F|  |TAMS 0x00000000e5300000, 0x00000000e5300000| Untracked 
|  84|0x00000000e5400000, 0x00000000e5400000, 0x00000000e5500000|  0%| F|  |TAMS 0x00000000e5400000, 0x00000000e5400000| Untracked 
|  85|0x00000000e5500000, 0x00000000e5500000, 0x00000000e5600000|  0%| F|  |TAMS 0x00000000e5500000, 0x00000000e5500000| Untracked 
|  86|0x00000000e5600000, 0x00000000e5600000, 0x00000000e5700000|  0%| F|  |TAMS 0x00000000e5600000, 0x00000000e5600000| Untracked 
|  87|0x00000000e5700000, 0x00000000e5700000, 0x00000000e5800000|  0%| F|  |TAMS 0x00000000e5700000, 0x00000000e5700000| Untracked 
|  88|0x00000000e5800000, 0x00000000e5800000, 0x00000000e5900000|  0%| F|  |TAMS 0x00000000e5800000, 0x00000000e5800000| Untracked 
|  89|0x00000000e5900000, 0x00000000e5900000, 0x00000000e5a00000|  0%| F|  |TAMS 0x00000000e5900000, 0x00000000e5900000| Untracked 
|  90|0x00000000e5a00000, 0x00000000e5a3d058, 0x00000000e5b00000| 23%| S|CS|TAMS 0x00000000e5a00000, 0x00000000e5a00000| Complete 
|  91|0x00000000e5b00000, 0x00000000e5c00000, 0x00000000e5c00000|100%| S|CS|TAMS 0x00000000e5b00000, 0x00000000e5b00000| Complete 
|  92|0x00000000e5c00000, 0x00000000e5d00000, 0x00000000e5d00000|100%| S|CS|TAMS 0x00000000e5c00000, 0x00000000e5c00000| Complete 
|  93|0x00000000e5d00000, 0x00000000e5e00000, 0x00000000e5e00000|100%| S|CS|TAMS 0x00000000e5d00000, 0x00000000e5d00000| Complete 
|  94|0x00000000e5e00000, 0x00000000e5f00000, 0x00000000e5f00000|100%| S|CS|TAMS 0x00000000e5e00000, 0x00000000e5e00000| Complete 
|  95|0x00000000e5f00000, 0x00000000e6000000, 0x00000000e6000000|100%| S|CS|TAMS 0x00000000e5f00000, 0x00000000e5f00000| Complete 
|  96|0x00000000e6000000, 0x00000000e6100000, 0x00000000e6100000|100%| S|CS|TAMS 0x00000000e6000000, 0x00000000e6000000| Complete 
|  97|0x00000000e6100000, 0x00000000e6200000, 0x00000000e6200000|100%| S|CS|TAMS 0x00000000e6100000, 0x00000000e6100000| Complete 
|  98|0x00000000e6200000, 0x00000000e6300000, 0x00000000e6300000|100%| S|CS|TAMS 0x00000000e6200000, 0x00000000e6200000| Complete 
|  99|0x00000000e6300000, 0x00000000e6400000, 0x00000000e6400000|100%| S|CS|TAMS 0x00000000e6300000, 0x00000000e6300000| Complete 
| 100|0x00000000e6400000, 0x00000000e6500000, 0x00000000e6500000|100%| S|CS|TAMS 0x00000000e6400000, 0x00000000e6400000| Complete 
| 101|0x00000000e6500000, 0x00000000e6600000, 0x00000000e6600000|100%| S|CS|TAMS 0x00000000e6500000, 0x00000000e6500000| Complete 
| 102|0x00000000e6600000, 0x00000000e6700000, 0x00000000e6700000|100%| S|CS|TAMS 0x00000000e6600000, 0x00000000e6600000| Complete 
| 103|0x00000000e6700000, 0x00000000e6800000, 0x00000000e6800000|100%| S|CS|TAMS 0x00000000e6700000, 0x00000000e6700000| Complete 
| 104|0x00000000e6800000, 0x00000000e6900000, 0x00000000e6900000|100%| S|CS|TAMS 0x00000000e6800000, 0x00000000e6800000| Complete 
| 105|0x00000000e6900000, 0x00000000e6a00000, 0x00000000e6a00000|100%| S|CS|TAMS 0x00000000e6900000, 0x00000000e6900000| Complete 
| 106|0x00000000e6a00000, 0x00000000e6b00000, 0x00000000e6b00000|100%| S|CS|TAMS 0x00000000e6a00000, 0x00000000e6a00000| Complete 
| 107|0x00000000e6b00000, 0x00000000e6c00000, 0x00000000e6c00000|100%| S|CS|TAMS 0x00000000e6b00000, 0x00000000e6b00000| Complete 
| 108|0x00000000e6c00000, 0x00000000e6d00000, 0x00000000e6d00000|100%| S|CS|TAMS 0x00000000e6c00000, 0x00000000e6c00000| Complete 
| 109|0x00000000e6d00000, 0x00000000e6d00000, 0x00000000e6e00000|  0%| F|  |TAMS 0x00000000e6d00000, 0x00000000e6d00000| Untracked 
| 110|0x00000000e6e00000, 0x00000000e6e00000, 0x00000000e6f00000|  0%| F|  |TAMS 0x00000000e6e00000, 0x00000000e6e00000| Untracked 
| 111|0x00000000e6f00000, 0x00000000e6f00000, 0x00000000e7000000|  0%| F|  |TAMS 0x00000000e6f00000, 0x00000000e6f00000| Untracked 
| 112|0x00000000e7000000, 0x00000000e7000000, 0x00000000e7100000|  0%| F|  |TAMS 0x00000000e7000000, 0x00000000e7000000| Untracked 
| 113|0x00000000e7100000, 0x00000000e7100000, 0x00000000e7200000|  0%| F|  |TAMS 0x00000000e7100000, 0x00000000e7100000| Untracked 
| 114|0x00000000e7200000, 0x00000000e7200000, 0x00000000e7300000|  0%| F|  |TAMS 0x00000000e7200000, 0x00000000e7200000| Untracked 
| 115|0x00000000e7300000, 0x00000000e7300000, 0x00000000e7400000|  0%| F|  |TAMS 0x00000000e7300000, 0x00000000e7300000| Untracked 
| 116|0x00000000e7400000, 0x00000000e7400000, 0x00000000e7500000|  0%| F|  |TAMS 0x00000000e7400000, 0x00000000e7400000| Untracked 
| 117|0x00000000e7500000, 0x00000000e7500000, 0x00000000e7600000|  0%| F|  |TAMS 0x00000000e7500000, 0x00000000e7500000| Untracked 
| 118|0x00000000e7600000, 0x00000000e7600000, 0x00000000e7700000|  0%| F|  |TAMS 0x00000000e7600000, 0x00000000e7600000| Untracked 
| 119|0x00000000e7700000, 0x00000000e7700000, 0x00000000e7800000|  0%| F|  |TAMS 0x00000000e7700000, 0x00000000e7700000| Untracked 
| 120|0x00000000e7800000, 0x00000000e7800000, 0x00000000e7900000|  0%| F|  |TAMS 0x00000000e7800000, 0x00000000e7800000| Untracked 
| 121|0x00000000e7900000, 0x00000000e7900000, 0x00000000e7a00000|  0%| F|  |TAMS 0x00000000e7900000, 0x00000000e7900000| Untracked 
| 122|0x00000000e7a00000, 0x00000000e7a00000, 0x00000000e7b00000|  0%| F|  |TAMS 0x00000000e7a00000, 0x00000000e7a00000| Untracked 
| 123|0x00000000e7b00000, 0x00000000e7b00000, 0x00000000e7c00000|  0%| F|  |TAMS 0x00000000e7b00000, 0x00000000e7b00000| Untracked 
| 124|0x00000000e7c00000, 0x00000000e7c00000, 0x00000000e7d00000|  0%| F|  |TAMS 0x00000000e7c00000, 0x00000000e7c00000| Untracked 
| 125|0x00000000e7d00000, 0x00000000e7d00000, 0x00000000e7e00000|  0%| F|  |TAMS 0x00000000e7d00000, 0x00000000e7d00000| Untracked 
| 126|0x00000000e7e00000, 0x00000000e7e00000, 0x00000000e7f00000|  0%| F|  |TAMS 0x00000000e7e00000, 0x00000000e7e00000| Untracked 
| 127|0x00000000e7f00000, 0x00000000e7f00000, 0x00000000e8000000|  0%| F|  |TAMS 0x00000000e7f00000, 0x00000000e7f00000| Untracked 
| 128|0x00000000e8000000, 0x00000000e8000000, 0x00000000e8100000|  0%| F|  |TAMS 0x00000000e8000000, 0x00000000e8000000| Untracked 
| 129|0x00000000e8100000, 0x00000000e8100000, 0x00000000e8200000|  0%| F|  |TAMS 0x00000000e8100000, 0x00000000e8100000| Untracked 
| 130|0x00000000e8200000, 0x00000000e8200000, 0x00000000e8300000|  0%| F|  |TAMS 0x00000000e8200000, 0x00000000e8200000| Untracked 
| 131|0x00000000e8300000, 0x00000000e8300000, 0x00000000e8400000|  0%| F|  |TAMS 0x00000000e8300000, 0x00000000e8300000| Untracked 
| 132|0x00000000e8400000, 0x00000000e8400000, 0x00000000e8500000|  0%| F|  |TAMS 0x00000000e8400000, 0x00000000e8400000| Untracked 
| 133|0x00000000e8500000, 0x00000000e8500000, 0x00000000e8600000|  0%| F|  |TAMS 0x00000000e8500000, 0x00000000e8500000| Untracked 
| 134|0x00000000e8600000, 0x00000000e8600000, 0x00000000e8700000|  0%| F|  |TAMS 0x00000000e8600000, 0x00000000e8600000| Untracked 
| 135|0x00000000e8700000, 0x00000000e8700000, 0x00000000e8800000|  0%| F|  |TAMS 0x00000000e8700000, 0x00000000e8700000| Untracked 
| 136|0x00000000e8800000, 0x00000000e8800000, 0x00000000e8900000|  0%| F|  |TAMS 0x00000000e8800000, 0x00000000e8800000| Untracked 
| 137|0x00000000e8900000, 0x00000000e8900000, 0x00000000e8a00000|  0%| F|  |TAMS 0x00000000e8900000, 0x00000000e8900000| Untracked 
| 138|0x00000000e8a00000, 0x00000000e8a00000, 0x00000000e8b00000|  0%| F|  |TAMS 0x00000000e8a00000, 0x00000000e8a00000| Untracked 
| 139|0x00000000e8b00000, 0x00000000e8b00000, 0x00000000e8c00000|  0%| F|  |TAMS 0x00000000e8b00000, 0x00000000e8b00000| Untracked 
| 140|0x00000000e8c00000, 0x00000000e8c00000, 0x00000000e8d00000|  0%| F|  |TAMS 0x00000000e8c00000, 0x00000000e8c00000| Untracked 
| 141|0x00000000e8d00000, 0x00000000e8d00000, 0x00000000e8e00000|  0%| F|  |TAMS 0x00000000e8d00000, 0x00000000e8d00000| Untracked 
| 142|0x00000000e8e00000, 0x00000000e8e00000, 0x00000000e8f00000|  0%| F|  |TAMS 0x00000000e8e00000, 0x00000000e8e00000| Untracked 
| 143|0x00000000e8f00000, 0x00000000e8f00000, 0x00000000e9000000|  0%| F|  |TAMS 0x00000000e8f00000, 0x00000000e8f00000| Untracked 
| 144|0x00000000e9000000, 0x00000000e9000000, 0x00000000e9100000|  0%| F|  |TAMS 0x00000000e9000000, 0x00000000e9000000| Untracked 
| 145|0x00000000e9100000, 0x00000000e9100000, 0x00000000e9200000|  0%| F|  |TAMS 0x00000000e9100000, 0x00000000e9100000| Untracked 
| 146|0x00000000e9200000, 0x00000000e9200000, 0x00000000e9300000|  0%| F|  |TAMS 0x00000000e9200000, 0x00000000e9200000| Untracked 
| 147|0x00000000e9300000, 0x00000000e9300000, 0x00000000e9400000|  0%| F|  |TAMS 0x00000000e9300000, 0x00000000e9300000| Untracked 
| 148|0x00000000e9400000, 0x00000000e9400000, 0x00000000e9500000|  0%| F|  |TAMS 0x00000000e9400000, 0x00000000e9400000| Untracked 
| 149|0x00000000e9500000, 0x00000000e9500000, 0x00000000e9600000|  0%| F|  |TAMS 0x00000000e9500000, 0x00000000e9500000| Untracked 
| 150|0x00000000e9600000, 0x00000000e9600000, 0x00000000e9700000|  0%| F|  |TAMS 0x00000000e9600000, 0x00000000e9600000| Untracked 
| 151|0x00000000e9700000, 0x00000000e9700000, 0x00000000e9800000|  0%| F|  |TAMS 0x00000000e9700000, 0x00000000e9700000| Untracked 
| 152|0x00000000e9800000, 0x00000000e9800000, 0x00000000e9900000|  0%| F|  |TAMS 0x00000000e9800000, 0x00000000e9800000| Untracked 
| 153|0x00000000e9900000, 0x00000000e9900000, 0x00000000e9a00000|  0%| F|  |TAMS 0x00000000e9900000, 0x00000000e9900000| Untracked 
| 154|0x00000000e9a00000, 0x00000000e9a00000, 0x00000000e9b00000|  0%| F|  |TAMS 0x00000000e9a00000, 0x00000000e9a00000| Untracked 
| 155|0x00000000e9b00000, 0x00000000e9b00000, 0x00000000e9c00000|  0%| F|  |TAMS 0x00000000e9b00000, 0x00000000e9b00000| Untracked 
| 156|0x00000000e9c00000, 0x00000000e9c00000, 0x00000000e9d00000|  0%| F|  |TAMS 0x00000000e9c00000, 0x00000000e9c00000| Untracked 
| 157|0x00000000e9d00000, 0x00000000e9d00000, 0x00000000e9e00000|  0%| F|  |TAMS 0x00000000e9d00000, 0x00000000e9d00000| Untracked 
| 158|0x00000000e9e00000, 0x00000000e9e00000, 0x00000000e9f00000|  0%| F|  |TAMS 0x00000000e9e00000, 0x00000000e9e00000| Untracked 
| 159|0x00000000e9f00000, 0x00000000e9f00000, 0x00000000ea000000|  0%| F|  |TAMS 0x00000000e9f00000, 0x00000000e9f00000| Untracked 
| 160|0x00000000ea000000, 0x00000000ea000000, 0x00000000ea100000|  0%| F|  |TAMS 0x00000000ea000000, 0x00000000ea000000| Untracked 
| 161|0x00000000ea100000, 0x00000000ea100000, 0x00000000ea200000|  0%| F|  |TAMS 0x00000000ea100000, 0x00000000ea100000| Untracked 
| 162|0x00000000ea200000, 0x00000000ea200000, 0x00000000ea300000|  0%| F|  |TAMS 0x00000000ea200000, 0x00000000ea200000| Untracked 
| 163|0x00000000ea300000, 0x00000000ea300000, 0x00000000ea400000|  0%| F|  |TAMS 0x00000000ea300000, 0x00000000ea300000| Untracked 
| 164|0x00000000ea400000, 0x00000000ea400000, 0x00000000ea500000|  0%| F|  |TAMS 0x00000000ea400000, 0x00000000ea400000| Untracked 
| 165|0x00000000ea500000, 0x00000000ea500000, 0x00000000ea600000|  0%| F|  |TAMS 0x00000000ea500000, 0x00000000ea500000| Untracked 
| 166|0x00000000ea600000, 0x00000000ea600000, 0x00000000ea700000|  0%| F|  |TAMS 0x00000000ea600000, 0x00000000ea600000| Untracked 
| 167|0x00000000ea700000, 0x00000000ea700000, 0x00000000ea800000|  0%| F|  |TAMS 0x00000000ea700000, 0x00000000ea700000| Untracked 
| 168|0x00000000ea800000, 0x00000000ea800000, 0x00000000ea900000|  0%| F|  |TAMS 0x00000000ea800000, 0x00000000ea800000| Untracked 
| 169|0x00000000ea900000, 0x00000000ea900000, 0x00000000eaa00000|  0%| F|  |TAMS 0x00000000ea900000, 0x00000000ea900000| Untracked 
| 170|0x00000000eaa00000, 0x00000000eaa00000, 0x00000000eab00000|  0%| F|  |TAMS 0x00000000eaa00000, 0x00000000eaa00000| Untracked 
| 171|0x00000000eab00000, 0x00000000eab00000, 0x00000000eac00000|  0%| F|  |TAMS 0x00000000eab00000, 0x00000000eab00000| Untracked 
| 172|0x00000000eac00000, 0x00000000eac00000, 0x00000000ead00000|  0%| F|  |TAMS 0x00000000eac00000, 0x00000000eac00000| Untracked 
| 173|0x00000000ead00000, 0x00000000ead00000, 0x00000000eae00000|  0%| F|  |TAMS 0x00000000ead00000, 0x00000000ead00000| Untracked 
| 174|0x00000000eae00000, 0x00000000eae00000, 0x00000000eaf00000|  0%| F|  |TAMS 0x00000000eae00000, 0x00000000eae00000| Untracked 
| 175|0x00000000eaf00000, 0x00000000eaf00000, 0x00000000eb000000|  0%| F|  |TAMS 0x00000000eaf00000, 0x00000000eaf00000| Untracked 
| 176|0x00000000eb000000, 0x00000000eb000000, 0x00000000eb100000|  0%| F|  |TAMS 0x00000000eb000000, 0x00000000eb000000| Untracked 
| 177|0x00000000eb100000, 0x00000000eb100000, 0x00000000eb200000|  0%| F|  |TAMS 0x00000000eb100000, 0x00000000eb100000| Untracked 
| 178|0x00000000eb200000, 0x00000000eb200000, 0x00000000eb300000|  0%| F|  |TAMS 0x00000000eb200000, 0x00000000eb200000| Untracked 
| 179|0x00000000eb300000, 0x00000000eb300000, 0x00000000eb400000|  0%| F|  |TAMS 0x00000000eb300000, 0x00000000eb300000| Untracked 
| 180|0x00000000eb400000, 0x00000000eb400000, 0x00000000eb500000|  0%| F|  |TAMS 0x00000000eb400000, 0x00000000eb400000| Untracked 
| 181|0x00000000eb500000, 0x00000000eb500000, 0x00000000eb600000|  0%| F|  |TAMS 0x00000000eb500000, 0x00000000eb500000| Untracked 
| 182|0x00000000eb600000, 0x00000000eb600000, 0x00000000eb700000|  0%| F|  |TAMS 0x00000000eb600000, 0x00000000eb600000| Untracked 
| 183|0x00000000eb700000, 0x00000000eb700000, 0x00000000eb800000|  0%| F|  |TAMS 0x00000000eb700000, 0x00000000eb700000| Untracked 
| 184|0x00000000eb800000, 0x00000000eb800000, 0x00000000eb900000|  0%| F|  |TAMS 0x00000000eb800000, 0x00000000eb800000| Untracked 
| 185|0x00000000eb900000, 0x00000000eb900000, 0x00000000eba00000|  0%| F|  |TAMS 0x00000000eb900000, 0x00000000eb900000| Untracked 
| 186|0x00000000eba00000, 0x00000000eba00000, 0x00000000ebb00000|  0%| F|  |TAMS 0x00000000eba00000, 0x00000000eba00000| Untracked 
| 187|0x00000000ebb00000, 0x00000000ebb00000, 0x00000000ebc00000|  0%| F|  |TAMS 0x00000000ebb00000, 0x00000000ebb00000| Untracked 
| 188|0x00000000ebc00000, 0x00000000ebc00000, 0x00000000ebd00000|  0%| F|  |TAMS 0x00000000ebc00000, 0x00000000ebc00000| Untracked 
| 189|0x00000000ebd00000, 0x00000000ebd00000, 0x00000000ebe00000|  0%| F|  |TAMS 0x00000000ebd00000, 0x00000000ebd00000| Untracked 
| 190|0x00000000ebe00000, 0x00000000ebe00000, 0x00000000ebf00000|  0%| F|  |TAMS 0x00000000ebe00000, 0x00000000ebe00000| Untracked 
| 191|0x00000000ebf00000, 0x00000000ebf00000, 0x00000000ec000000|  0%| F|  |TAMS 0x00000000ebf00000, 0x00000000ebf00000| Untracked 
| 192|0x00000000ec000000, 0x00000000ec000000, 0x00000000ec100000|  0%| F|  |TAMS 0x00000000ec000000, 0x00000000ec000000| Untracked 
| 193|0x00000000ec100000, 0x00000000ec100000, 0x00000000ec200000|  0%| F|  |TAMS 0x00000000ec100000, 0x00000000ec100000| Untracked 
| 194|0x00000000ec200000, 0x00000000ec200000, 0x00000000ec300000|  0%| F|  |TAMS 0x00000000ec200000, 0x00000000ec200000| Untracked 
| 195|0x00000000ec300000, 0x00000000ec300000, 0x00000000ec400000|  0%| F|  |TAMS 0x00000000ec300000, 0x00000000ec300000| Untracked 
| 196|0x00000000ec400000, 0x00000000ec400000, 0x00000000ec500000|  0%| F|  |TAMS 0x00000000ec400000, 0x00000000ec400000| Untracked 
| 197|0x00000000ec500000, 0x00000000ec500000, 0x00000000ec600000|  0%| F|  |TAMS 0x00000000ec500000, 0x00000000ec500000| Untracked 
| 198|0x00000000ec600000, 0x00000000ec600000, 0x00000000ec700000|  0%| F|  |TAMS 0x00000000ec600000, 0x00000000ec600000| Untracked 
| 199|0x00000000ec700000, 0x00000000ec700000, 0x00000000ec800000|  0%| F|  |TAMS 0x00000000ec700000, 0x00000000ec700000| Untracked 
| 200|0x00000000ec800000, 0x00000000ec800000, 0x00000000ec900000|  0%| F|  |TAMS 0x00000000ec800000, 0x00000000ec800000| Untracked 
| 201|0x00000000ec900000, 0x00000000ec900000, 0x00000000eca00000|  0%| F|  |TAMS 0x00000000ec900000, 0x00000000ec900000| Untracked 
| 202|0x00000000eca00000, 0x00000000eca00000, 0x00000000ecb00000|  0%| F|  |TAMS 0x00000000eca00000, 0x00000000eca00000| Untracked 
| 203|0x00000000ecb00000, 0x00000000ecb00000, 0x00000000ecc00000|  0%| F|  |TAMS 0x00000000ecb00000, 0x00000000ecb00000| Untracked 
| 204|0x00000000ecc00000, 0x00000000ecc00000, 0x00000000ecd00000|  0%| F|  |TAMS 0x00000000ecc00000, 0x00000000ecc00000| Untracked 
| 205|0x00000000ecd00000, 0x00000000ecd00000, 0x00000000ece00000|  0%| F|  |TAMS 0x00000000ecd00000, 0x00000000ecd00000| Untracked 
| 206|0x00000000ece00000, 0x00000000ece00000, 0x00000000ecf00000|  0%| F|  |TAMS 0x00000000ece00000, 0x00000000ece00000| Untracked 
| 207|0x00000000ecf00000, 0x00000000ecf00000, 0x00000000ed000000|  0%| F|  |TAMS 0x00000000ecf00000, 0x00000000ecf00000| Untracked 
| 208|0x00000000ed000000, 0x00000000ed000000, 0x00000000ed100000|  0%| F|  |TAMS 0x00000000ed000000, 0x00000000ed000000| Untracked 
| 209|0x00000000ed100000, 0x00000000ed100000, 0x00000000ed200000|  0%| F|  |TAMS 0x00000000ed100000, 0x00000000ed100000| Untracked 
| 210|0x00000000ed200000, 0x00000000ed200000, 0x00000000ed300000|  0%| F|  |TAMS 0x00000000ed200000, 0x00000000ed200000| Untracked 
| 211|0x00000000ed300000, 0x00000000ed300000, 0x00000000ed400000|  0%| F|  |TAMS 0x00000000ed300000, 0x00000000ed300000| Untracked 
| 212|0x00000000ed400000, 0x00000000ed400000, 0x00000000ed500000|  0%| F|  |TAMS 0x00000000ed400000, 0x00000000ed400000| Untracked 
| 213|0x00000000ed500000, 0x00000000ed500000, 0x00000000ed600000|  0%| F|  |TAMS 0x00000000ed500000, 0x00000000ed500000| Untracked 
| 214|0x00000000ed600000, 0x00000000ed600000, 0x00000000ed700000|  0%| F|  |TAMS 0x00000000ed600000, 0x00000000ed600000| Untracked 
| 215|0x00000000ed700000, 0x00000000ed700000, 0x00000000ed800000|  0%| F|  |TAMS 0x00000000ed700000, 0x00000000ed700000| Untracked 
| 216|0x00000000ed800000, 0x00000000ed900000, 0x00000000ed900000|100%| E|  |TAMS 0x00000000ed800000, 0x00000000ed800000| Complete 
| 217|0x00000000ed900000, 0x00000000eda00000, 0x00000000eda00000|100%| E|CS|TAMS 0x00000000ed900000, 0x00000000ed900000| Complete 
| 218|0x00000000eda00000, 0x00000000edb00000, 0x00000000edb00000|100%| E|CS|TAMS 0x00000000eda00000, 0x00000000eda00000| Complete 
| 219|0x00000000edb00000, 0x00000000edc00000, 0x00000000edc00000|100%| E|CS|TAMS 0x00000000edb00000, 0x00000000edb00000| Complete 
| 220|0x00000000edc00000, 0x00000000edd00000, 0x00000000edd00000|100%| E|CS|TAMS 0x00000000edc00000, 0x00000000edc00000| Complete 
| 221|0x00000000edd00000, 0x00000000ede00000, 0x00000000ede00000|100%| E|CS|TAMS 0x00000000edd00000, 0x00000000edd00000| Complete 
| 222|0x00000000ede00000, 0x00000000edf00000, 0x00000000edf00000|100%| E|CS|TAMS 0x00000000ede00000, 0x00000000ede00000| Complete 
| 223|0x00000000edf00000, 0x00000000ee000000, 0x00000000ee000000|100%| E|CS|TAMS 0x00000000edf00000, 0x00000000edf00000| Complete 
| 224|0x00000000ee000000, 0x00000000ee100000, 0x00000000ee100000|100%| E|CS|TAMS 0x00000000ee000000, 0x00000000ee000000| Complete 
| 225|0x00000000ee100000, 0x00000000ee200000, 0x00000000ee200000|100%| E|CS|TAMS 0x00000000ee100000, 0x00000000ee100000| Complete 
| 226|0x00000000ee200000, 0x00000000ee300000, 0x00000000ee300000|100%| E|CS|TAMS 0x00000000ee200000, 0x00000000ee200000| Complete 
| 227|0x00000000ee300000, 0x00000000ee400000, 0x00000000ee400000|100%| E|CS|TAMS 0x00000000ee300000, 0x00000000ee300000| Complete 
| 228|0x00000000ee400000, 0x00000000ee500000, 0x00000000ee500000|100%| E|CS|TAMS 0x00000000ee400000, 0x00000000ee400000| Complete 
| 229|0x00000000ee500000, 0x00000000ee600000, 0x00000000ee600000|100%| E|CS|TAMS 0x00000000ee500000, 0x00000000ee500000| Complete 
| 230|0x00000000ee600000, 0x00000000ee700000, 0x00000000ee700000|100%| E|CS|TAMS 0x00000000ee600000, 0x00000000ee600000| Complete 
| 231|0x00000000ee700000, 0x00000000ee800000, 0x00000000ee800000|100%| E|CS|TAMS 0x00000000ee700000, 0x00000000ee700000| Complete 
| 232|0x00000000ee800000, 0x00000000ee900000, 0x00000000ee900000|100%| E|CS|TAMS 0x00000000ee800000, 0x00000000ee800000| Complete 
| 233|0x00000000ee900000, 0x00000000eea00000, 0x00000000eea00000|100%| E|CS|TAMS 0x00000000ee900000, 0x00000000ee900000| Complete 
| 234|0x00000000eea00000, 0x00000000eeb00000, 0x00000000eeb00000|100%| E|CS|TAMS 0x00000000eea00000, 0x00000000eea00000| Complete 
| 235|0x00000000eeb00000, 0x00000000eec00000, 0x00000000eec00000|100%| E|CS|TAMS 0x00000000eeb00000, 0x00000000eeb00000| Complete 
| 236|0x00000000eec00000, 0x00000000eed00000, 0x00000000eed00000|100%| E|CS|TAMS 0x00000000eec00000, 0x00000000eec00000| Complete 
| 237|0x00000000eed00000, 0x00000000eee00000, 0x00000000eee00000|100%| E|CS|TAMS 0x00000000eed00000, 0x00000000eed00000| Complete 
| 238|0x00000000eee00000, 0x00000000eef00000, 0x00000000eef00000|100%| E|CS|TAMS 0x00000000eee00000, 0x00000000eee00000| Complete 
| 239|0x00000000eef00000, 0x00000000ef000000, 0x00000000ef000000|100%| E|CS|TAMS 0x00000000eef00000, 0x00000000eef00000| Complete 
| 240|0x00000000ef000000, 0x00000000ef100000, 0x00000000ef100000|100%| E|CS|TAMS 0x00000000ef000000, 0x00000000ef000000| Complete 
| 241|0x00000000ef100000, 0x00000000ef200000, 0x00000000ef200000|100%| E|CS|TAMS 0x00000000ef100000, 0x00000000ef100000| Complete 
| 242|0x00000000ef200000, 0x00000000ef300000, 0x00000000ef300000|100%| E|CS|TAMS 0x00000000ef200000, 0x00000000ef200000| Complete 
| 243|0x00000000ef300000, 0x00000000ef400000, 0x00000000ef400000|100%| E|CS|TAMS 0x00000000ef300000, 0x00000000ef300000| Complete 
| 244|0x00000000ef400000, 0x00000000ef500000, 0x00000000ef500000|100%| E|CS|TAMS 0x00000000ef400000, 0x00000000ef400000| Complete 
| 245|0x00000000ef500000, 0x00000000ef600000, 0x00000000ef600000|100%| E|CS|TAMS 0x00000000ef500000, 0x00000000ef500000| Complete 
| 246|0x00000000ef600000, 0x00000000ef700000, 0x00000000ef700000|100%| E|CS|TAMS 0x00000000ef600000, 0x00000000ef600000| Complete 
| 247|0x00000000ef700000, 0x00000000ef800000, 0x00000000ef800000|100%| E|CS|TAMS 0x00000000ef700000, 0x00000000ef700000| Complete 
| 248|0x00000000ef800000, 0x00000000ef900000, 0x00000000ef900000|100%| E|CS|TAMS 0x00000000ef800000, 0x00000000ef800000| Complete 
| 249|0x00000000ef900000, 0x00000000efa00000, 0x00000000efa00000|100%| E|CS|TAMS 0x00000000ef900000, 0x00000000ef900000| Complete 
| 250|0x00000000efa00000, 0x00000000efb00000, 0x00000000efb00000|100%| E|CS|TAMS 0x00000000efa00000, 0x00000000efa00000| Complete 
| 251|0x00000000efb00000, 0x00000000efc00000, 0x00000000efc00000|100%| E|CS|TAMS 0x00000000efb00000, 0x00000000efb00000| Complete 
| 252|0x00000000efc00000, 0x00000000efd00000, 0x00000000efd00000|100%| E|CS|TAMS 0x00000000efc00000, 0x00000000efc00000| Complete 
| 253|0x00000000efd00000, 0x00000000efe00000, 0x00000000efe00000|100%| E|CS|TAMS 0x00000000efd00000, 0x00000000efd00000| Complete 
| 254|0x00000000efe00000, 0x00000000eff00000, 0x00000000eff00000|100%| E|CS|TAMS 0x00000000efe00000, 0x00000000efe00000| Complete 
| 255|0x00000000eff00000, 0x00000000f0000000, 0x00000000f0000000|100%| E|CS|TAMS 0x00000000eff00000, 0x00000000eff00000| Complete 

Card table byte_map: [0x0000021af8260000,0x0000021af8360000] _byte_map_base: 0x0000021af7b60000

Marking Bits (Prev, Next): (CMBitMap*) 0x0000021ae5575a40, (CMBitMap*) 0x0000021ae5575a08
 Prev Bits: [0x0000021af8c60000, 0x0000021af9460000)
 Next Bits: [0x0000021af8460000, 0x0000021af8c60000)

Polling page: 0x0000021ae3520000

Metaspace:

Usage:
  Non-class:     23.81 MB capacity,    23.53 MB ( 99%) used,   249.52 KB (  1%) free+waste,    35.94 KB ( <1%) overhead. 
      Class:      2.97 MB capacity,     2.88 MB ( 97%) used,    82.91 KB (  3%) free+waste,    14.44 KB ( <1%) overhead. 
       Both:     26.78 MB capacity,    26.41 MB ( 99%) used,   332.43 KB (  1%) free+waste,    50.38 KB ( <1%) overhead. 

Virtual space:
  Non-class space:       24.00 MB reserved,      24.00 MB (100%) committed 
      Class space:        1.00 GB reserved,       3.00 MB ( <1%) committed 
             Both:        1.02 GB reserved,      27.00 MB (  3%) committed 

Chunk freelists:
   Non-Class:  7.00 KB
       Class:  27.00 KB
        Both:  34.00 KB

MaxMetaspaceSize: 17179869184.00 GB
CompressedClassSpaceSize: 1.00 GB

CodeHeap 'non-profiled nmethods': size=120064Kb used=2745Kb max_used=2745Kb free=117318Kb
 bounds [0x0000021af0b10000, 0x0000021af0dc0000, 0x0000021af8050000]
CodeHeap 'profiled nmethods': size=120000Kb used=25185Kb max_used=25185Kb free=94814Kb
 bounds [0x0000021ae95e0000, 0x0000021aeae80000, 0x0000021af0b10000]
CodeHeap 'non-nmethods': size=5696Kb used=1138Kb max_used=1198Kb free=4557Kb
 bounds [0x0000021ae9050000, 0x0000021ae92c0000, 0x0000021ae95e0000]
 total_blobs=4773 nmethods=4306 adapters=378
 compilation: enabled
              stopped_count=0, restarted_count=0
 full_count=0

Compilation events (20 events):
Event: 4.347 Thread 0x0000021afc55b000 nmethod 4967% 0x0000021aeae58190 code [0x0000021aeae584e0, 0x0000021aeae59c18]
Event: 4.347 Thread 0x0000021afc55b000 4973   !   2       jdk.internal.loader.BuiltinClassLoader::loadClassOrNull (143 bytes)
Event: 4.347 Thread 0x0000021afc55b000 nmethod 4973 0x0000021aeae5a410 code [0x0000021aeae5a6a0, 0x0000021aeae5aee8]
Event: 4.347 Thread 0x0000021afc55b000 4994       2       java.util.zip.ZipUtils::CENEXT (9 bytes)
Event: 4.347 Thread 0x0000021afc55b000 nmethod 4994 0x0000021aeae5b610 code [0x0000021aeae5b7c0, 0x0000021aeae5b8f8]
Event: 4.347 Thread 0x0000021afc55b000 4979       2       org.jacoco.agent.rt.internal_1f1cc91.asm.ClassReader::readField (1443 bytes)
Event: 4.348 Thread 0x0000021afc54e800 nmethod 4974 0x0000021af0dbb090 code [0x0000021af0dbb220, 0x0000021af0dbb4d8]
Event: 4.348 Thread 0x0000021afc54e800 4319       4       org.jacoco.agent.rt.internal_1f1cc91.asm.SymbolTable::add (80 bytes)
Event: 4.351 Thread 0x0000021afc54e800 nmethod 4319 0x0000021af0dbb610 code [0x0000021af0dbb7e0, 0x0000021af0dbbca8]
Event: 4.352 Thread 0x0000021afc54e800 5005 %     4       net.bytebuddy.jar.asm.Type::appendDescriptor @ 619 (751 bytes)
Event: 4.359 Thread 0x0000021afc55b000 nmethod 4979 0x0000021aeae5ba10 code [0x0000021aeae5d340, 0x0000021aeae6c578]
Event: 4.359 Thread 0x0000021afc55b000 4999       2       com.intellij.rt.coverage.util.LinesUtil::calcLineArray (47 bytes)
Event: 4.359 Thread 0x0000021afc55b000 nmethod 4999 0x0000021aeae75c10 code [0x0000021aeae75e00, 0x0000021aeae762a8]
Event: 4.359 Thread 0x0000021afc55b000 5002       3       org.jacoco.agent.rt.internal_1f1cc91.core.internal.data.CRC64::update (66 bytes)
Event: 4.360 Thread 0x0000021afc55b000 nmethod 5002 0x0000021aeae76590 code [0x0000021aeae768c0, 0x0000021aeae77e78]
Event: 4.360 Thread 0x0000021afc55b000 5004       2       org.jacoco.agent.rt.internal_1f1cc91.asm.ClassWriter::toByteArray (2566 bytes)
Event: 4.366 Thread 0x0000021afc54e800 nmethod 5005% 0x0000021af0dbc110 code [0x0000021af0dbc340, 0x0000021af0dbd390]
Event: 4.366 Thread 0x0000021afc54e800 5031       4       java.lang.StringLatin1::indexOf (121 bytes)
Event: 4.372 Thread 0x0000021afc54e800 nmethod 5031 0x0000021af0dbdf10 code [0x0000021af0dbe0c0, 0x0000021af0dbe558]
Event: 4.372 Thread 0x0000021afc54e800 5046 %     4       java.io.WinNTFileSystem::normalize @ 22 (143 bytes)

GC Heap History (12 events):
Event: 0.353 GC heap before
{Heap before GC invocations=0 (full 0):
 garbage-first heap   total 262144K, used 22528K [0x00000000e0000000, 0x0000000100000000)
  region size 1024K, 22 young (22528K), 0 survivors (0K)
 Metaspace       used 9859K, capacity 10063K, committed 10240K, reserved 1058816K
  class space    used 867K, capacity 924K, committed 1024K, reserved 1048576K
}
Event: 0.356 GC heap after
{Heap after GC invocations=1 (full 0):
 garbage-first heap   total 262144K, used 8783K [0x00000000e0000000, 0x0000000100000000)
  region size 1024K, 3 young (3072K), 3 survivors (3072K)
 Metaspace       used 9859K, capacity 10063K, committed 10240K, reserved 1058816K
  class space    used 867K, capacity 924K, committed 1024K, reserved 1048576K
}
Event: 0.531 GC heap before
{Heap before GC invocations=1 (full 0):
 garbage-first heap   total 262144K, used 23119K [0x00000000e0000000, 0x0000000100000000)
  region size 1024K, 17 young (17408K), 3 survivors (3072K)
 Metaspace       used 11095K, capacity 11385K, committed 11648K, reserved 1060864K
  class space    used 991K, capacity 1066K, committed 1152K, reserved 1048576K
}
Event: 0.533 GC heap after
{Heap after GC invocations=2 (full 0):
 garbage-first heap   total 262144K, used 9858K [0x00000000e0000000, 0x0000000100000000)
  region size 1024K, 2 young (2048K), 2 survivors (2048K)
 Metaspace       used 11095K, capacity 11385K, committed 11648K, reserved 1060864K
  class space    used 991K, capacity 1066K, committed 1152K, reserved 1048576K
}
Event: 0.956 GC heap before
{Heap before GC invocations=2 (full 0):
 garbage-first heap   total 262144K, used 51842K [0x00000000e0000000, 0x0000000100000000)
  region size 1024K, 43 young (44032K), 2 survivors (2048K)
 Metaspace       used 14589K, capacity 14897K, committed 15104K, reserved 1062912K
  class space    used 1402K, capacity 1483K, committed 1536K, reserved 1048576K
}
Event: 0.957 GC heap after
{Heap after GC invocations=3 (full 0):
 garbage-first heap   total 262144K, used 11344K [0x00000000e0000000, 0x0000000100000000)
  region size 1024K, 3 young (3072K), 3 survivors (3072K)
 Metaspace       used 14589K, capacity 14897K, committed 15104K, reserved 1062912K
  class space    used 1402K, capacity 1483K, committed 1536K, reserved 1048576K
}
Event: 2.191 GC heap before
{Heap before GC invocations=3 (full 0):
 garbage-first heap   total 262144K, used 137296K [0x00000000e0000000, 0x0000000100000000)
  region size 1024K, 126 young (129024K), 3 survivors (3072K)
 Metaspace       used 20756K, capacity 20998K, committed 21248K, reserved 1069056K
  class space    used 2209K, capacity 2283K, committed 2304K, reserved 1048576K
}
Event: 2.195 GC heap after
{Heap after GC invocations=4 (full 0):
 garbage-first heap   total 262144K, used 17166K [0x00000000e0000000, 0x0000000100000000)
  region size 1024K, 9 young (9216K), 9 survivors (9216K)
 Metaspace       used 20756K, capacity 20998K, committed 21248K, reserved 1069056K
  class space    used 2209K, capacity 2283K, committed 2304K, reserved 1048576K
}
Event: 2.228 GC heap before
{Heap before GC invocations=4 (full 0):
 garbage-first heap   total 262144K, used 22286K [0x00000000e0000000, 0x0000000100000000)
  region size 1024K, 15 young (15360K), 9 survivors (9216K)
 Metaspace       used 20916K, capacity 21190K, committed 21248K, reserved 1069056K
  class space    used 2223K, capacity 2283K, committed 2304K, reserved 1048576K
}
Event: 2.232 GC heap after
{Heap after GC invocations=5 (full 0):
 garbage-first heap   total 262144K, used 17586K [0x00000000e0000000, 0x0000000100000000)
  region size 1024K, 9 young (9216K), 9 survivors (9216K)
 Metaspace       used 20916K, capacity 21190K, committed 21248K, reserved 1069056K
  class space    used 2223K, capacity 2283K, committed 2304K, reserved 1048576K
}
Event: 3.530 GC heap before
{Heap before GC invocations=6 (full 0):
 garbage-first heap   total 262144K, used 158898K [0x00000000e0000000, 0x0000000100000000)
  region size 1024K, 147 young (150528K), 9 survivors (9216K)
 Metaspace       used 25784K, capacity 26096K, committed 26240K, reserved 1073152K
  class space    used 2769K, capacity 2868K, committed 2944K, reserved 1048576K
}
Event: 3.537 GC heap after
{Heap after GC invocations=7 (full 0):
 garbage-first heap   total 262144K, used 27327K [0x00000000e0000000, 0x0000000100000000)
  region size 1024K, 19 young (19456K), 19 survivors (19456K)
 Metaspace       used 25784K, capacity 26096K, committed 26240K, reserved 1073152K
  class space    used 2769K, capacity 2868K, committed 2944K, reserved 1048576K
}

Deoptimization events (20 events):
Event: 3.978 Thread 0x0000021afe4be800 DEOPT PACKING pc=0x0000021aea9a1ac1 sp=0x0000005b0a1f8480
Event: 3.978 Thread 0x0000021afe4be800 DEOPT UNPACKING pc=0x0000021ae9076dde sp=0x0000005b0a1f7990 mode 0
Event: 3.978 Thread 0x0000021afe4be800 DEOPT PACKING pc=0x0000021aea9a42a6 sp=0x0000005b0a1f87d0
Event: 3.978 Thread 0x0000021afe4be800 DEOPT UNPACKING pc=0x0000021ae9076dde sp=0x0000005b0a1f7cb0 mode 0
Event: 3.980 Thread 0x0000021afe4be800 DEOPT PACKING pc=0x0000021aea9aacea sp=0x0000005b0a1f8ae0
Event: 3.980 Thread 0x0000021afe4be800 DEOPT UNPACKING pc=0x0000021ae9076dde sp=0x0000005b0a1f8058 mode 0
Event: 3.993 Thread 0x0000021afe4be800 DEOPT PACKING pc=0x0000021aea9a42a6 sp=0x0000005b0a1f8550
Event: 3.993 Thread 0x0000021afe4be800 DEOPT UNPACKING pc=0x0000021ae9076dde sp=0x0000005b0a1f7a30 mode 0
Event: 4.020 Thread 0x0000021afe4be800 DEOPT PACKING pc=0x0000021aea9a30c0 sp=0x0000005b0a1f8000
Event: 4.020 Thread 0x0000021afe4be800 DEOPT UNPACKING pc=0x0000021ae9076dde sp=0x0000005b0a1f7538 mode 0
Event: 4.201 Thread 0x0000021afe4be800 DEOPT PACKING pc=0x0000021aea9afe28 sp=0x0000005b0a1f7b60
Event: 4.201 Thread 0x0000021afe4be800 DEOPT UNPACKING pc=0x0000021ae9076dde sp=0x0000005b0a1f7088 mode 0
Event: 4.253 Thread 0x0000021afe4be800 DEOPT PACKING pc=0x0000021aeacde68b sp=0x0000005b0a1f80e0
Event: 4.253 Thread 0x0000021afe4be800 DEOPT UNPACKING pc=0x0000021ae9076dde sp=0x0000005b0a1f7590 mode 0
Event: 4.281 Thread 0x0000021afe4be800 DEOPT PACKING pc=0x0000021aeacd7de7 sp=0x0000005b0a1f8700
Event: 4.281 Thread 0x0000021afe4be800 DEOPT UNPACKING pc=0x0000021ae9076dde sp=0x0000005b0a1f7bc0 mode 0
Event: 4.344 Thread 0x0000021afe4be800 DEOPT PACKING pc=0x0000021aeac564e9 sp=0x0000005b0a1fa2d0
Event: 4.344 Thread 0x0000021afe4be800 DEOPT UNPACKING pc=0x0000021ae9076dde sp=0x0000005b0a1f9748 mode 0
Event: 4.355 Thread 0x0000021afe4be800 DEOPT PACKING pc=0x0000021aead6480a sp=0x0000005b0a1f9c00
Event: 4.355 Thread 0x0000021afe4be800 DEOPT UNPACKING pc=0x0000021ae9076dde sp=0x0000005b0a1f9050 mode 0

Classes redefined (20 events):
Event: 3.760 Thread 0x0000021afc4f4800 redefined class name=android.support.v4.app.SupportActivity, count=3
Event: 3.761 Thread 0x0000021afc4f4800 redefined class name=android.support.v4.app.FragmentActivity, count=4
Event: 3.762 Thread 0x0000021afc4f4800 redefined class name=android.arch.lifecycle.ViewModelStoreOwner, count=2
Event: 3.762 Thread 0x0000021afc4f4800 redefined class name=android.view.LayoutInflater$Factory, count=2
Event: 3.763 Thread 0x0000021afc4f4800 redefined class name=android.support.v4.view.KeyEventDispatcher$Component, count=2
Event: 3.764 Thread 0x0000021afc4f4800 redefined class name=android.content.Context, count=2
Event: 3.765 Thread 0x0000021afc4f4800 redefined class name=android.app.Activity, count=4
Event: 3.766 Thread 0x0000021afc4f4800 redefined class name=android.support.design.widget.NavigationView$OnNavigationItemSelectedListener, count=2
Event: 3.766 Thread 0x0000021afc4f4800 redefined class name=android.content.ContextWrapper, count=3
Event: 3.767 Thread 0x0000021afc4f4800 redefined class name=android.view.KeyEvent$Callback, count=2
Event: 3.768 Thread 0x0000021afc4f4800 redefined class name=android.support.v4.app.TaskStackBuilder$SupportParentable, count=2
Event: 3.769 Thread 0x0000021afc4f4800 redefined class name=android.arch.lifecycle.LifecycleOwner, count=2
Event: 3.770 Thread 0x0000021afc4f4800 redefined class name=android.view.Window$Callback, count=2
Event: 3.770 Thread 0x0000021afc4f4800 redefined class name=android.support.v4.app.ActivityCompat$RequestPermissionsRequestCodeValidator, count=2
Event: 3.771 Thread 0x0000021afc4f4800 redefined class name=android.support.v7.app.ActionBarDrawerToggle$DelegateProvider, count=2
Event: 3.772 Thread 0x0000021afc4f4800 redefined class name=android.content.ComponentCallbacks, count=2
Event: 3.773 Thread 0x0000021afc4f4800 redefined class name=android.view.LayoutInflater$Factory2, count=2
Event: 3.773 Thread 0x0000021afc4f4800 redefined class name=android.view.View$OnCreateContextMenuListener, count=2
Event: 3.774 Thread 0x0000021afc4f4800 redefined class name=android.support.v7.app.AppCompatActivity, count=8
Event: 3.972 Thread 0x0000021afc4f4800 redefined class name=android.view.MenuItem, count=2

Internal exceptions (19 events):
Event: 0.178 Thread 0x0000021ae5560800 Exception <a 'java/security/PrivilegedActionException'{0x00000000efc62f48}> (0x00000000efc62f48) thrown at [./src/hotspot/share/prims/jvm.cpp, line 1306]
Event: 0.178 Thread 0x0000021ae5560800 Exception <a 'java/security/PrivilegedActionException'{0x00000000efc63218}> (0x00000000efc63218) thrown at [./src/hotspot/share/prims/jvm.cpp, line 1306]
Event: 0.224 Thread 0x0000021ae5560800 Exception <a 'java/security/PrivilegedActionException'{0x00000000ef68f0d0}> (0x00000000ef68f0d0) thrown at [./src/hotspot/share/prims/jvm.cpp, line 1306]
Event: 0.224 Thread 0x0000021ae5560800 Exception <a 'java/security/PrivilegedActionException'{0x00000000ef68f3a0}> (0x00000000ef68f3a0) thrown at [./src/hotspot/share/prims/jvm.cpp, line 1306]
Event: 0.318 Thread 0x0000021ae5560800 Exception <a 'java/lang/NoSuchMethodError'{0x00000000eee95350}: 'int java.lang.invoke.DirectMethodHandle$Holder.invokeSpecialIFC(java.lang.Object, java.lang.Object, int)'> (0x00000000eee95350) thrown at [./src/hotspot/share/interpreter/linkResolver.cpp, line 773]
Event: 0.762 Thread 0x0000021ae5560800 Exception <a 'java/lang/NoSuchMethodError'{0x00000000ee93cf40}: <clinit>> (0x00000000ee93cf40) thrown at [./src/hotspot/share/prims/jni.cpp, line 1362]
Event: 0.762 Thread 0x0000021ae5560800 Exception <a 'java/lang/NoSuchMethodError'{0x00000000ee946970}: <clinit>> (0x00000000ee946970) thrown at [./src/hotspot/share/prims/jni.cpp, line 1362]
Event: 0.763 Thread 0x0000021ae5560800 Exception <a 'java/lang/NoSuchMethodError'{0x00000000ee94fe40}: <clinit>> (0x00000000ee94fe40) thrown at [./src/hotspot/share/prims/jni.cpp, line 1362]
Event: 0.887 Thread 0x0000021ae5560800 Exception <a 'java/lang/NoSuchMethodError'{0x00000000edc5fe58}: 'java.lang.Object java.lang.invoke.DirectMethodHandle$Holder.invokeVirtual(java.lang.Object, java.lang.Object, java.lang.Object, java.lang.Object, java.lang.Object)'> (0x00000000edc5fe58) thrown at [./src/hotspot/share/interpreter/linkResolver.cpp, line 773]
Event: 0.964 Thread 0x0000021ae5560800 Exception <a 'java/lang/NoSuchMethodError'{0x00000000eff53470}: 'java.lang.Object java.lang.invoke.DirectMethodHandle$Holder.invokeStaticInit(java.lang.Object, int, int, int, int)'> (0x00000000eff53470) thrown at [./src/hotspot/share/interpreter/linkResolver.cpp, line 773]
Event: 1.013 Thread 0x0000021ae5560800 Exception <a 'java/lang/NoSuchMethodError'{0x00000000efefdd08}: 'java.lang.Object java.lang.invoke.DirectMethodHandle$Holder.invokeStaticInit(java.lang.Object, java.lang.Object, int, int, int, int)'> (0x00000000efefdd08) thrown at [./src/hotspot/share/interpreter/linkResolver.cpp, line 773]
Event: 1.319 Thread 0x0000021afe4be800 Exception <a 'java/lang/reflect/InvocationTargetException'{0x00000000ed5a6fb0}> (0x00000000ed5a6fb0) thrown at [./src/hotspot/share/runtime/reflection.cpp, line 1247]
Event: 1.320 Thread 0x0000021afe4be800 Exception <a 'java/lang/NoSuchMethodError'{0x00000000ed5b3078}: 'java.lang.Object java.lang.invoke.DirectMethodHandle$Holder.invokeStaticInit(java.lang.Object, java.lang.Object, long, java.lang.Object)'> (0x00000000ed5b3078) thrown at [./src/hotspot/share/interpreter/linkResolver.cpp, line 773]
Event: 1.320 Thread 0x0000021afe4be800 Exception <a 'java/lang/NoSuchMethodError'{0x00000000ed5bf308}: 'java.lang.Object java.lang.invoke.Invokers$Holder.linkToTargetMethod(java.lang.Object, long, java.lang.Object)'> (0x00000000ed5bf308) thrown at [./src/hotspot/share/interpreter/linkResolver.cpp, line 773]
Event: 1.333 Thread 0x0000021afe4be800 Exception <a 'java/lang/NoSuchMethodError'{0x00000000ed1e32c8}: 'void java.lang.invoke.DirectMethodHandle$Holder.invokeStatic(java.lang.Object, long)'> (0x00000000ed1e32c8) thrown at [./src/hotspot/share/interpreter/linkResolver.cpp, line 773]
Event: 1.334 Thread 0x0000021afe4be800 Exception <a 'java/lang/NoSuchMethodError'{0x00000000ed1e8780}: 'java.lang.Object java.lang.invoke.DirectMethodHandle$Holder.invokeStatic(java.lang.Object, long)'> (0x00000000ed1e8780) thrown at [./src/hotspot/share/interpreter/linkResolver.cpp, line 773]
Event: 1.334 Thread 0x0000021afe4be800 Exception <a 'java/lang/NoSuchMethodError'{0x00000000ed1ebd50}: 'java.lang.Object java.lang.invoke.DirectMethodHandle$Holder.invokeSpecial(java.lang.Object, java.lang.Object, long)'> (0x00000000ed1ebd50) thrown at [./src/hotspot/share/interpreter/linkResolver.cpp, line 773]
Event: 1.334 Thread 0x0000021afe4be800 Exception <a 'java/lang/NoSuchMethodError'{0x00000000ed1eed60}: 'java.lang.Object java.lang.invoke.Invokers$Holder.linkToTargetMethod(long, java.lang.Object)'> (0x00000000ed1eed60) thrown at [./src/hotspot/share/interpreter/linkResolver.cpp, line 773]
Event: 2.325 Thread 0x0000021afe4be800 Exception <a 'java/lang/ClassNotFoundException'{0x00000000ee906580}: java/lang/ClassLoader$ByteBuddyAccessor$kxX2TGG1> (0x00000000ee906580) thrown at [./src/hotspot/share/classfile/systemDictionary.cpp, line 231]

Events (20 events):
Event: 4.362 loading class net/bytebuddy/dynamic/loading/PackageDefinitionStrategy$Definition
Event: 4.362 loading class net/bytebuddy/dynamic/loading/PackageDefinitionStrategy$Definition done
Event: 4.362 loading class net/bytebuddy/dynamic/loading/ClassLoadingStrategy$Default$InjectionDispatcher
Event: 4.362 loading class net/bytebuddy/dynamic/loading/ClassLoadingStrategy$Default$InjectionDispatcher done
Event: 4.364 loading class net/bytebuddy/dynamic/loading/PackageDefinitionStrategy$NoOp
Event: 4.364 loading class net/bytebuddy/dynamic/loading/PackageDefinitionStrategy$NoOp done
Event: 4.365 loading class net/bytebuddy/dynamic/loading/PackageDefinitionStrategy$Definition$Undefined
Event: 4.365 loading class net/bytebuddy/dynamic/loading/PackageDefinitionStrategy$Definition$Undefined done
Event: 4.373 loading class org/mockito/internal/debugging/LocationImpl
Event: 4.373 loading class org/mockito/internal/debugging/LocationImpl done
Event: 4.375 loading class org/mockito/internal/exceptions/stacktrace/StackTraceFilter
Event: 4.375 loading class org/mockito/internal/exceptions/stacktrace/StackTraceFilter done
Event: 4.376 loading class org/mockito/exceptions/stacktrace/StackTraceCleaner
Event: 4.376 loading class org/mockito/exceptions/stacktrace/StackTraceCleaner done
Event: 4.377 loading class org/mockito/internal/exceptions/stacktrace/DefaultStackTraceCleaner
Event: 4.377 loading class org/mockito/internal/exceptions/stacktrace/DefaultStackTraceCleaner done
Event: 4.379 loading class org/mockito/internal/stubbing/StubberImpl
Event: 4.379 loading class org/mockito/internal/stubbing/StubberImpl done
Event: 4.382 loading class net/bytebuddy/description/annotation/AnnotationSource$Empty
Event: 4.382 loading class net/bytebuddy/description/annotation/AnnotationSource$Empty done


Dynamic libraries:
0x00007ff74bcb0000 - 0x00007ff74bcba000 	C:\Program Files\Android\Android Studio\jre\bin\java.exe
0x00007fff17c30000 - 0x00007fff17e25000 	C:\Windows\SYSTEM32\ntdll.dll
0x00007fff16220000 - 0x00007fff162de000 	C:\Windows\System32\KERNEL32.DLL
0x00007fff157f0000 - 0x00007fff15ab8000 	C:\Windows\System32\KERNELBASE.dll
0x00007fff15340000 - 0x00007fff15440000 	C:\Windows\System32\ucrtbase.dll
0x00007ffeff460000 - 0x00007ffeff477000 	C:\Program Files\Android\Android Studio\jre\bin\VCRUNTIME140.dll
0x00007fff00ea0000 - 0x00007fff00eb9000 	C:\Program Files\Android\Android Studio\jre\bin\jli.dll
0x00007fff17990000 - 0x00007fff17b31000 	C:\Windows\System32\USER32.dll
0x00007fff157c0000 - 0x00007fff157e2000 	C:\Windows\System32\win32u.dll
0x00007fff03920000 - 0x00007fff03bba000 	C:\Windows\WinSxS\amd64_microsoft.windows.common-controls_6595b64144ccf1df_6.0.19041.1110_none_60b5254171f9507e\COMCTL32.dll
0x00007fff16120000 - 0x00007fff161be000 	C:\Windows\System32\msvcrt.dll
0x00007fff16490000 - 0x00007fff164bb000 	C:\Windows\System32\GDI32.dll
0x00007fff15680000 - 0x00007fff1578d000 	C:\Windows\System32\gdi32full.dll
0x00007fff15440000 - 0x00007fff154dd000 	C:\Windows\System32\msvcp_win.dll
0x00007fff15c70000 - 0x00007fff15ca0000 	C:\Windows\System32\IMM32.DLL
0x00007ffefe4c0000 - 0x00007ffefe55d000 	C:\Program Files\Android\Android Studio\jre\bin\msvcp140.dll
0x00007ffed9780000 - 0x00007ffeda255000 	C:\Program Files\Android\Android Studio\jre\bin\server\jvm.dll
0x00007fff162e0000 - 0x00007fff1638e000 	C:\Windows\System32\ADVAPI32.dll
0x00007fff172c0000 - 0x00007fff1735c000 	C:\Windows\System32\sechost.dll
0x00007fff17860000 - 0x00007fff17985000 	C:\Windows\System32\RPCRT4.dll
0x00007fff16480000 - 0x00007fff16488000 	C:\Windows\System32\PSAPI.DLL
0x00007ffeff900000 - 0x00007ffeff909000 	C:\Windows\SYSTEM32\WSOCK32.dll
0x00007fff082a0000 - 0x00007fff082c7000 	C:\Windows\SYSTEM32\WINMM.dll
0x00007fff10cb0000 - 0x00007fff10cba000 	C:\Windows\SYSTEM32\VERSION.dll
0x00007fff16c10000 - 0x00007fff16c7b000 	C:\Windows\System32\WS2_32.dll
0x00007fff13250000 - 0x00007fff13262000 	C:\Windows\SYSTEM32\kernel.appcore.dll
0x00007fff10a10000 - 0x00007fff10a21000 	C:\Program Files\Android\Android Studio\jre\bin\verify.dll
0x00007fff07960000 - 0x00007fff07b44000 	C:\Windows\SYSTEM32\DBGHELP.DLL
0x00007ffef4e70000 - 0x00007ffef4e9c000 	C:\Windows\SYSTEM32\dbgcore.DLL
0x00007fff15540000 - 0x00007fff155c2000 	C:\Windows\System32\bcryptPrimitives.dll
0x00007fff10780000 - 0x00007fff107a9000 	C:\Program Files\Android\Android Studio\jre\bin\java.dll
0x00007fff10a00000 - 0x00007fff10a0b000 	C:\Program Files\Android\Android Studio\jre\bin\jimage.dll
0x00007ffef80e0000 - 0x00007ffef80ef000 	C:\Program Files\Android\Android Studio\jre\bin\instrument.dll
0x00007fff0d520000 - 0x00007fff0d538000 	C:\Program Files\Android\Android Studio\jre\bin\zip.dll
0x00007fff164c0000 - 0x00007fff16c04000 	C:\Windows\System32\SHELL32.dll
0x00007fff13450000 - 0x00007fff13be5000 	C:\Windows\SYSTEM32\windows.storage.dll
0x00007fff16c80000 - 0x00007fff16fd5000 	C:\Windows\System32\combase.dll
0x00007fff14cc0000 - 0x00007fff14cee000 	C:\Windows\SYSTEM32\Wldp.dll
0x00007fff17520000 - 0x00007fff175cd000 	C:\Windows\System32\SHCORE.dll
0x00007fff161c0000 - 0x00007fff16215000 	C:\Windows\System32\shlwapi.dll
0x00007fff15280000 - 0x00007fff1529f000 	C:\Windows\SYSTEM32\profapi.dll
0x00007fff0d4a0000 - 0x00007fff0d4ba000 	C:\Program Files\Android\Android Studio\jre\bin\net.dll
0x00007fff0bbf0000 - 0x00007fff0bcfc000 	C:\Windows\SYSTEM32\WINHTTP.dll
0x00007fff14a20000 - 0x00007fff14a8a000 	C:\Windows\system32\mswsock.dll
0x00007ffefff30000 - 0x00007ffefff44000 	C:\Program Files\Android\Android Studio\jre\bin\nio.dll
0x00007ffef2ea0000 - 0x00007ffef2eb7000 	C:\Windows\system32\napinsp.dll
0x00007ffef2e80000 - 0x00007ffef2e9b000 	C:\Windows\system32\pnrpnsp.dll
0x00007fff0f3a0000 - 0x00007fff0f3b5000 	C:\Windows\system32\wshbth.dll
0x00007fff10ea0000 - 0x00007fff10ebd000 	C:\Windows\system32\NLAapi.dll
0x00007fff14710000 - 0x00007fff1474b000 	C:\Windows\SYSTEM32\IPHLPAPI.DLL
0x00007fff14750000 - 0x00007fff1481b000 	C:\Windows\SYSTEM32\DNSAPI.dll
0x00007fff17360000 - 0x00007fff17368000 	C:\Windows\System32\NSI.dll
0x00007ffef2e40000 - 0x00007ffef2e52000 	C:\Windows\System32\winrnr.dll
0x0000000066030000 - 0x0000000066056000 	C:\Program Files\Bonjour\mdnsNSP.dll
0x00007fff03db0000 - 0x00007fff03dba000 	C:\Windows\System32\rasadhlp.dll
0x00007fff02d40000 - 0x00007fff02dbf000 	C:\Windows\System32\fwpuclnt.dll
0x00007fff15790000 - 0x00007fff157b7000 	C:\Windows\System32\bcrypt.dll
0x00007fff14c10000 - 0x00007fff14c28000 	C:\Windows\SYSTEM32\CRYPTSP.dll
0x00007fff143a0000 - 0x00007fff143d4000 	C:\Windows\system32\rsaenh.dll
0x00007fff15240000 - 0x00007fff1526e000 	C:\Windows\SYSTEM32\USERENV.dll
0x00007fff14c30000 - 0x00007fff14c3c000 	C:\Windows\SYSTEM32\CRYPTBASE.dll
0x00007fff0cf90000 - 0x00007fff0cfa7000 	C:\Windows\SYSTEM32\dhcpcsvc6.DLL
0x00007fff0cf70000 - 0x00007fff0cf8d000 	C:\Windows\SYSTEM32\dhcpcsvc.DLL

dbghelp: loaded successfully - version: 4.0.5 - missing functions: none
symbol engine: initialized successfully - sym options: 0x614 - pdb path: .;C:\Program Files\Android\Android Studio\jre\bin;C:\Windows\SYSTEM32;C:\Windows\WinSxS\amd64_microsoft.windows.common-controls_6595b64144ccf1df_6.0.19041.1110_none_60b5254171f9507e;C:\Program Files\Android\Android Studio\jre\bin\server;C:\Program Files\Bonjour

VM Arguments:
jvm_args: -Djava.awt.headless=true -Dorg.gradle.native=false -javaagent:C:\Users\Emanuele\AppData\Local\Google\AndroidStudio2021.1\testAgent\intellij-coverage-agent-1.0.579.jar=C:\Users\Emanuele\AppData\Local\Temp\coverage20148args -javaagent:build/tmp/expandedArchives/org.jacoco.agent-0.8.3.jar_4b57cf550318c2dfec984d52b9993337/jacocoagent.jar=destfile=build/jacoco/testDebugUnitTest.exec,append=true,inclnolocationclasses=false,dumponexit=true,output=file,jmx=false -Xmx512m -Dfile.encoding=windows-1252 -Duser.country=IT -Duser.language=it -Duser.variant -ea 
java_command: worker.org.gradle.process.internal.worker.GradleWorkerMain 'Gradle Test Executor 6'
java_class_path (initial): C:\\Users\\Emanuele\\.gradle\\caches\\5.4.1\\workerMain\\gradle-worker.jar;D:\\UNISA\\Images-to-PDF-8.8.1\\app\\build\\intermediates\\unit_test_config_directory\\debugUnitTest\\out;D:\\UNISA\\Images-to-PDF-8.8.1\\app\\build\\intermediates\\javac\\debugUnitTest\\classes;D:\\UNISA\\Images-to-PDF-8.8.1\\app\\build\\intermediates\\sourceFolderJavaResources\\test\\debug;D:\\UNISA\\Images-to-PDF-8.8.1\\app\\libs\\aspose-cells-19.3-android.via.java.jar;C:\\Users\\Emanuele\\.gradle\\caches\\modules-2\\files-2.1\\junit\\junit\\4.12\\2973d150c0dc1fefe998f834810d68f278ea58ec\\junit-4.12.jar;C:\\Users\\Emanuele\\.gradle\\caches\\transforms-2\\files-2.1\\7b6909b64f48938995ae3ed4e82d21fb\\design-28.0.0\\jars\\classes.jar;C:\\Users\\Emanuele\\.gradle\\caches\\transforms-2\\files-2.1\\651251c562687d258463be1acb29cef2\\preference-v7-28.0.0\\jars\\classes.jar;C:\\Users\\Emanuele\\.gradle\\caches\\transforms-2\\files-2.1\\486df71dc6ed74dea0b4255c79b1f7bb\\android-morphing-button-98a4986e56\\jars\\classes.jar;C:\\Users\\Emanuele\\.gradle\\caches\\transforms-2\\files-2.1\\e0b8729a29a97f1249360bc34a62f3c6\\core-0.9.6.0\\jars\\classes.jar;C:\\Users\\Emanuele\\.gradle\\caches\\transforms-2\\files-2.1\\9a8a65aafbfe97c85a668158010ad42e\\lottie-2.5.5\\jars\\classes.jar;C:\\Users\\Emanuele\\.gradle\\caches\\transforms-2\\files-2.1\\f759d4cca9c841abfbbf69a3d1988020\\photoeditor-0.2.1\\jars\\classes.jar;C:\\Users\\Emanuele\\.gradle\\caches\\transforms-2\\files-2.1\\136cddfca49c69e99f753cbe0696d868\\android-image-cropper-2.7.0\\jars\\classes.jar;C:\\Users\\Emanuele\\.gradle\\caches\\transforms-2\\files-2.1\\da52e0abd62c4b4fdf635b9f1534cce3\\matisse-0.5.2-beta4\\jars\\classes.jar;C:\\Users\\Emanuele\\.gradle\\caches\\transforms-2\\files-2.1\\fa54b75fd3ca8dcd347227168e2bb359\\library-1.4.2\\jars\\classes.jar;C:\\Users\\Emanuele\\.gradle\\caches\\transforms-2\\files-2.1\\2f076f60f4de0bb3727f48fd42425706\\appcompat-v7-28.0.0\\jars\\classes.jar;C:\\Users\\Emanuele\\.gradle
Launcher Type: SUN_STANDARD

[Global flags]
     intx CICompilerCount                          = 3                                         {product} {ergonomic}
     uint ConcGCThreads                            = 2                                         {product} {ergonomic}
     uint G1ConcRefinementThreads                  = 6                                         {product} {ergonomic}
   size_t G1HeapRegionSize                         = 1048576                                   {product} {ergonomic}
    uintx GCDrainStackTargetSize                   = 64                                        {product} {ergonomic}
   size_t InitialHeapSize                          = 268435456                                 {product} {ergonomic}
   size_t MarkStackSize                            = 4194304                                   {product} {ergonomic}
   size_t MaxHeapSize                              = 536870912                                 {product} {command line}
   size_t MaxNewSize                               = 321912832                                 {product} {ergonomic}
   size_t MinHeapDeltaBytes                        = 1048576                                   {product} {ergonomic}
    uintx NonNMethodCodeHeapSize                   = 5830732                                {pd product} {ergonomic}
    uintx NonProfiledCodeHeapSize                  = 122913754                              {pd product} {ergonomic}
    uintx ProfiledCodeHeapSize                     = 122913754                              {pd product} {ergonomic}
    uintx ReservedCodeCacheSize                    = 251658240                              {pd product} {ergonomic}
     bool SegmentedCodeCache                       = true                                      {product} {ergonomic}
     bool UseCompressedClassPointers               = true                                 {lp64_product} {ergonomic}
     bool UseCompressedOops                        = true                                 {lp64_product} {ergonomic}
     bool UseG1GC                                  = true                                      {product} {ergonomic}
     bool UseLargePagesIndividualAllocation        = false                                  {pd product} {ergonomic}

Logging:
Log output configuration:
 #0: stdout all=warning uptime,level,tags
 #1: stderr all=off uptime,level,tags

Environment Variables:
PATH=C:\Program Files\Common Files\Oracle\Java\javapath;C:\Program Files (x86)\Common Files\Oracle\Java\javapath;C:\Windows\system32;C:\Windows;C:\Windows\System32\Wbem;C:\Windows\System32\WindowsPowerShell\v1.0\;C:\Windows\System32\OpenSSH\;C:\Program Files\NVIDIA Corporation\NVIDIA NvDLISR;C:\Program Files (x86)\NVIDIA Corporation\PhysX\Common;C:\Program Files\dotnet\;C:\Program Files\Git\cmd;C:\Users\Emanuele\AppData\Local\Microsoft\WindowsApps;C:\Users\Emanuele\AppData\Local\GitHubDesktop\bin
USERNAME=Emanuele
OS=Windows_NT
PROCESSOR_IDENTIFIER=Intel64 Family 6 Model 158 Stepping 12, GenuineIntel



---------------  S Y S T E M  ---------------

OS: Windows 10 , 64 bit Build 19041 (10.0.19041.1466)
OS uptime: 0 days 2:39 hours

CPU:total 6 (initial active 6) (6 cores per cpu, 1 threads per core) family 6 model 158 stepping 12 microcode 0xae, cmov, cx8, fxsr, mmx, sse, sse2, sse3, ssse3, sse4.1, sse4.2, popcnt, avx, avx2, aes, clmul, erms, rtm, 3dnowpref, lzcnt, tsc, tscinvbit, bmi1, bmi2, adx, fma

Memory: 4k page, system-wide physical 16316M (6907M free)
TotalPageFile size 18748M (AvailPageFile size 7273M)
current process WorkingSet (physical memory assigned to process): 343M, peak: 344M
current process commit charge ("private bytes"): 457M, peak: 458M

vm_info: OpenJDK 64-Bit Server VM (11.0.11+9-b60-7590822) for windows-amd64 JRE (11.0.11+9-b60-7590822), built on Jul 29 2021 21:43:44 by "builder" with MS VC++ 14.0 (VS2015)

END.
