#
# A fatal error has been detected by the Java Runtime Environment:
#
#  EXCEPTION_ACCESS_VIOLATION (0xc0000005) at pc=0x00007ffed9ad8ebf, pid=5044, tid=1300
#
# JRE version: OpenJDK Runtime Environment (11.0.11+9) (build 11.0.11+9-b60-7590822)
# Java VM: OpenJDK 64-Bit Server VM (11.0.11+9-b60-7590822, mixed mode, tiered, compressed oops, g1 gc, windows-amd64)
# Problematic frame:
# V  [jvm.dll+0x358ebf]
#
# No core dump will be written. Minidumps are not enabled by default on client versions of Windows
#
# If you would like to submit a bug report, please visit:
#   https://bugreport.java.com/bugreport/crash.jsp
#

---------------  S U M M A R Y ------------

Command Line: -Djava.awt.headless=true -Dorg.gradle.native=false -javaagent:C:\Users\Emanuele\AppData\Local\Google\AndroidStudio2021.1\testAgent\intellij-coverage-agent-1.0.579.jar=C:\Users\Emanuele\AppData\Local\Temp\coverage15049args -javaagent:build/tmp/expandedArchives/org.jacoco.agent-0.8.3.jar_4b57cf550318c2dfec984d52b9993337/jacocoagent.jar=destfile=build/jacoco/testDebugUnitTest.exec,append=true,inclnolocationclasses=false,dumponexit=true,output=file,jmx=false -Xmx512m -Dfile.encoding=windows-1252 -Duser.country=IT -Duser.language=it -Duser.variant -ea worker.org.gradle.process.internal.worker.GradleWorkerMain 'Gradle Test Executor 4'

Host: Intel(R) Core(TM) i5-9600K CPU @ 3.70GHz, 6 cores, 15G,  Windows 10 , 64 bit Build 19041 (10.0.19041.1466)
Time: Wed Feb  9 04:40:08 2022 ora solare Europa occidentale elapsed time: 4.433728 seconds (0d 0h 0m 4s)

---------------  T H R E A D  ---------------

Current thread (0x0000026f53d1e000):  JavaThread "C2 CompilerThread0" daemon [_thread_in_native, id=1300, stack(0x000000a668a00000,0x000000a668b00000)]


Current CompileTask:
C2:   4433 4655       4       org.jacoco.agent.rt.internal_1f1cc91.asm.SymbolTable::addConstantMemberReference (258 bytes)

Stack: [0x000000a668a00000,0x000000a668b00000],  sp=0x000000a668afbd40,  free space=1007k
Native frames: (J=compiled Java code, j=interpreted, Vv=VM code, C=native code)
V  [jvm.dll+0x358ebf]
V  [jvm.dll+0x352360]
V  [jvm.dll+0x1984c2]
V  [jvm.dll+0x1fc2ee]
V  [jvm.dll+0x1fb3d4]
V  [jvm.dll+0x183d6c]
V  [jvm.dll+0x209a57]
V  [jvm.dll+0x2082a1]
V  [jvm.dll+0x6ef58f]
V  [jvm.dll+0x6e80b5]
V  [jvm.dll+0x5f1036]
C  [ucrtbase.dll+0x21bb2]
C  [KERNEL32.DLL+0x17034]
C  [ntdll.dll+0x52651]


siginfo: EXCEPTION_ACCESS_VIOLATION (0xc0000005), reading address 0xffffffffffffffff


Register to memory mapping:

RIP=0x00007ffed9ad8ebf jvm.dll
RAX=0x0001026f5b27bb80 is an unknown value
RBX=0x0 is NULL
RCX=0x0000000000000002 is an unknown value
RDX=0x0000000000000008 is an unknown value
RSP=0x000000a668afbd40 is pointing into the stack for thread: 0x0000026f53d1e000
RBP=0x0000000000000008 is an unknown value
RSI=0x00007ffeda17cf18 jvm.dll
RDI=0x0000026f533c3dd0 points into unknown readable memory: 0x0000026f53d13ae0 | e0 3a d1 53 6f 02 00 00
R8 =0x0000026f5b27bb70 points into unknown readable memory: 0x000000000000001d | 1d 00 00 00 00 00 00 00
R9 =0x000000a668afbd90 is pointing into the stack for thread: 0x0000026f53d1e000
R10=0x0 is NULL
R11=0x0000026f57f991d0 points into unknown readable memory: 0x0000000000000008 | 08 00 00 00 00 00 00 00
R12=0x00007ffed9780000 jvm.dll
R13=0x0000000000000008 is an unknown value
R14=0x0000000000000016 is an unknown value
R15=0x00007ffeda17cf18 jvm.dll


Registers:
RAX=0x0001026f5b27bb80, RBX=0x0000000000000000, RCX=0x0000000000000002, RDX=0x0000000000000008
RSP=0x000000a668afbd40, RBP=0x0000000000000008, RSI=0x00007ffeda17cf18, RDI=0x0000026f533c3dd0
R8 =0x0000026f5b27bb70, R9 =0x000000a668afbd90, R10=0x0000000000000000, R11=0x0000026f57f991d0
R12=0x00007ffed9780000, R13=0x0000000000000008, R14=0x0000000000000016, R15=0x00007ffeda17cf18
RIP=0x00007ffed9ad8ebf, EFLAGS=0x0000000000010287

Top of Stack: (sp=0x000000a668afbd40)
0x000000a668afbd40:   0000000000000000 0000000000000000
0x000000a668afbd50:   0000026f53d13ae8 0000026f5346dd00
0x000000a668afbd60:   0000000000000c36 00007ffed9ad2360
0x000000a668afbd70:   0000026f5b27ba30 000000a668afbeb0
0x000000a668afbd80:   0000000000000c36 00007ffed9fb0c98
0x000000a668afbd90:   0000000000000000 0000026f00000008
0x000000a668afbda0:   0000000000000000 0000026f00000000
0x000000a668afbdb0:   0001026f5b27bb80 0000000000000010
0x000000a668afbdc0:   0000026f5b27bb70 000000a668afc338
0x000000a668afbdd0:   0000026f53fd86e0 0000026f53fd8ac8
0x000000a668afbde0:   000000a668afbef0 00007ffed99184c2
0x000000a668afbdf0:   000000a668afc250 000000a668afc338
0x000000a668afbe00:   00000000000003d8 0000026f53fd86f0
0x000000a668afbe10:   000000000000a900 0000000000000000
0x000000a668afbe20:   000000a600000006 0000026f53fd86e0
0x000000a668afbe30:   0000026f581b69a0 0000026f581be2d0 

Instructions: (pc=0x00007ffed9ad8ebf)
0x00007ffed9ad8dbf:   00 00 0f 82 69 ff ff ff 4c 8b 74 24 60 4c 8b 6c
0x00007ffed9ad8dcf:   24 58 4c 8b 64 24 50 48 8b c3 48 83 c4 20 41 5f
0x00007ffed9ad8ddf:   5f 5e 5d 5b c3 cc cc cc cc cc cc cc cc cc cc cc
0x00007ffed9ad8def:   cc 83 3a 00 4c 8b c2 c7 41 08 08 00 00 00 75 16
0x00007ffed9ad8dff:   33 d2 c7 41 18 01 00 00 00 89 11 48 8b c1 c7 41
0x00007ffed9ad8e0f:   28 01 00 00 00 c3 33 d2 48 89 11 89 51 18 41 8b
0x00007ffed9ad8e1f:   80 90 00 00 00 89 41 28 48 89 51 10 49 8b 40 08
0x00007ffed9ad8e2f:   48 89 41 20 48 8b c1 4c 89 41 30 c3 cc cc cc cc
0x00007ffed9ad8e3f:   cc 48 83 ec 28 8b 51 08 4c 8b c9 83 fa 08 73 18
0x00007ffed9ad8e4f:   4c 8b 41 10 8b c2 41 83 3c 80 00 0f 85 0d 01 00
0x00007ffed9ad8e5f:   00 ff c2 83 fa 08 72 ec 44 8b 51 18 48 89 5c 24
0x00007ffed9ad8e6f:   30 48 89 6c 24 38 48 89 74 24 40 48 89 7c 24 20
0x00007ffed9ad8e7f:   44 3b 51 28 0f 83 b9 00 00 00 8b 0d ed fb 6d 00
0x00007ffed9ad8e8f:   48 8d 35 82 40 6a 00 65 48 8b 04 25 58 00 00 00
0x00007ffed9ad8e9f:   bd 08 00 00 00 48 8d 3c c8 0f 1f 84 00 00 00 00
0x00007ffed9ad8eaf:   00 41 8b c2 48 8d 1c c5 00 00 00 00 49 8b 41 20
0x00007ffed9ad8ebf:   48 8b 04 03 48 3b c6 74 6d 49 89 41 10 33 d2 66
0x00007ffed9ad8ecf:   90 83 38 00 0f 85 c3 00 00 00 ff c2 48 83 c0 04
0x00007ffed9ad8edf:   83 fa 08 72 ec 4d 8b 59 30 4d 85 db 74 48 49 8b
0x00007ffed9ad8eef:   43 08 8b d5 48 03 17 4c 8b 04 03 48 8b 02 48 8b
0x00007ffed9ad8eff:   88 d0 04 00 00 48 8b 81 88 00 00 00 48 8b 88 88
0x00007ffed9ad8f0f:   08 00 00 49 89 08 48 8b 02 48 8b 88 d0 04 00 00
0x00007ffed9ad8f1f:   48 8b 81 88 00 00 00 4c 89 80 88 08 00 00 49 8b
0x00007ffed9ad8f2f:   43 08 48 89 34 03 41 ff c2 45 3b 51 28 0f 82 6e
0x00007ffed9ad8f3f:   ff ff ff 41 8b 41 28 41 89 41 18 33 c0 41 c7 41
0x00007ffed9ad8f4f:   08 08 00 00 00 48 8b 74 24 40 48 8b 6c 24 38 48
0x00007ffed9ad8f5f:   8b 5c 24 30 48 8b 7c 24 20 48 83 c4 28 c3 8b 41
0x00007ffed9ad8f6f:   18 8d 0c c2 8b c2 c1 e1 05 81 e9 00 01 00 00 41
0x00007ffed9ad8f7f:   89 49 04 41 8b 0c 80 8d 42 01 41 89 09 49 8b c9
0x00007ffed9ad8f8f:   41 89 41 08 48 83 c4 28 e9 c4 2b e4 ff 42 8d 04
0x00007ffed9ad8f9f:   d2 c1 e0 05 41 89 41 04 49 8b 41 10 8b 0c 90 41
0x00007ffed9ad8faf:   8d 42 01 41 89 41 18 8d 42 01 41 89 09 49 8b c9 


Stack slot to memory mapping:
stack at sp + 0 slots: 0x0 is NULL
stack at sp + 1 slots: 0x0 is NULL
stack at sp + 2 slots: 0x0000026f53d13ae8 points into unknown readable memory: 0x0000026f53d1e000 | 00 e0 d1 53 6f 02 00 00
stack at sp + 3 slots: 0x0000026f5346dd00 points into unknown readable memory: 0x0009051200110413 | 13 04 11 00 12 05 09 00
stack at sp + 4 slots: 0x0000000000000c36 is an unknown value
stack at sp + 5 slots: 0x00007ffed9ad2360 jvm.dll
stack at sp + 6 slots: 0x0000026f5b27ba30 points into unknown readable memory: 0x000000000000001c | 1c 00 00 00 00 00 00 00
stack at sp + 7 slots: 0x000000a668afbeb0 is pointing into the stack for thread: 0x0000026f53d1e000


---------------  P R O C E S S  ---------------

Threads class SMR info:
_java_thread_list=0x0000026f545c28c0, length=14, elements={
0x0000026f3cd0e000, 0x0000026f53c94800, 0x0000026f53c96000, 0x0000026f53d15800,
0x0000026f53d17800, 0x0000026f53d1b000, 0x0000026f53d1e000, 0x0000026f53d20000,
0x0000026f53d26800, 0x0000026f5344a800, 0x0000026f541c7800, 0x0000026f587aa800,
0x0000026f541d3000, 0x0000026f58c60000
}

Java Threads: ( => current thread )
  0x0000026f3cd0e000 JavaThread "main" [_thread_blocked, id=1740, stack(0x000000a667e00000,0x000000a667f00000)]
  0x0000026f53c94800 JavaThread "Reference Handler" daemon [_thread_blocked, id=1444, stack(0x000000a668500000,0x000000a668600000)]
  0x0000026f53c96000 JavaThread "Finalizer" daemon [_thread_blocked, id=7160, stack(0x000000a668600000,0x000000a668700000)]
  0x0000026f53d15800 JavaThread "Signal Dispatcher" daemon [_thread_blocked, id=6676, stack(0x000000a668700000,0x000000a668800000)]
  0x0000026f53d17800 JavaThread "Attach Listener" daemon [_thread_blocked, id=8860, stack(0x000000a668800000,0x000000a668900000)]
  0x0000026f53d1b000 JavaThread "Service Thread" daemon [_thread_blocked, id=1924, stack(0x000000a668900000,0x000000a668a00000)]
=>0x0000026f53d1e000 JavaThread "C2 CompilerThread0" daemon [_thread_in_native, id=1300, stack(0x000000a668a00000,0x000000a668b00000)]
  0x0000026f53d20000 JavaThread "C1 CompilerThread0" daemon [_thread_in_native, id=2036, stack(0x000000a668b00000,0x000000a668c00000)]
  0x0000026f53d26800 JavaThread "Sweeper thread" daemon [_thread_blocked, id=9076, stack(0x000000a668c00000,0x000000a668d00000)]
  0x0000026f5344a800 JavaThread "Common-Cleaner" daemon [_thread_blocked, id=6640, stack(0x000000a668d00000,0x000000a668e00000)]
  0x0000026f541c7800 JavaThread "C2 CompilerThread1" daemon [_thread_in_native, id=8468, stack(0x000000a668e00000,0x000000a668f00000)]
  0x0000026f587aa800 JavaThread "Test worker" [_thread_in_Java, id=8716, stack(0x000000a669700000,0x000000a669800000)]
  0x0000026f541d3000 JavaThread "/127.0.0.1:51033 to /127.0.0.1:51032 workers Thread 2" [_thread_blocked, id=8912, stack(0x000000a669800000,0x000000a669900000)]
  0x0000026f58c60000 JavaThread "/127.0.0.1:51033 to /127.0.0.1:51032 workers Thread 3" [_thread_in_native, id=2524, stack(0x000000a669900000,0x000000a669a00000)]

Other Threads:
  0x0000026f5346d800 VMThread "VM Thread" [stack: 0x000000a668400000,0x000000a668500000] [id=5760]
  0x0000026f5445d000 WatcherThread [stack: 0x000000a668f00000,0x000000a669000000] [id=2456]
  0x0000026f3cd37000 GCTaskThread "GC Thread#0" [stack: 0x000000a667f00000,0x000000a668000000] [id=1116]
  0x0000026f54635800 GCTaskThread "GC Thread#1" [stack: 0x000000a669000000,0x000000a669100000] [id=6380]
  0x0000026f553f6000 GCTaskThread "GC Thread#2" [stack: 0x000000a669100000,0x000000a669200000] [id=3372]
  0x0000026f5542a800 GCTaskThread "GC Thread#3" [stack: 0x000000a669200000,0x000000a669300000] [id=3900]
  0x0000026f547c3000 GCTaskThread "GC Thread#4" [stack: 0x000000a669300000,0x000000a669400000] [id=7560]
  0x0000026f5516c000 GCTaskThread "GC Thread#5" [stack: 0x000000a669400000,0x000000a669500000] [id=9004]
  0x0000026f3cd26000 ConcurrentGCThread "G1 Main Marker" [stack: 0x000000a668000000,0x000000a668100000] [id=2648]
  0x0000026f3cd28000 ConcurrentGCThread "G1 Conc#0" [stack: 0x000000a668100000,0x000000a668200000] [id=4132]
  0x0000026f55995000 ConcurrentGCThread "G1 Conc#1" [stack: 0x000000a669a00000,0x000000a669b00000] [id=4476]
  0x0000026f3cdde000 ConcurrentGCThread "G1 Refine#0" [stack: 0x000000a668200000,0x000000a668300000] [id=8764]
  0x0000026f53eb8000 ConcurrentGCThread "G1 Refine#1" [stack: 0x000000a669500000,0x000000a669600000] [id=7552]
  0x0000026f532f9800 ConcurrentGCThread "G1 Young RemSet Sampling" [stack: 0x000000a668300000,0x000000a668400000] [id=4184]

Threads with active compile tasks:
C2 CompilerThread0   4449 4655       4       org.jacoco.agent.rt.internal_1f1cc91.asm.SymbolTable::addConstantMemberReference (258 bytes)
C1 CompilerThread0   4449 4897       2       org.jacoco.agent.rt.internal_1f1cc91.asm.ClassReader::accept (2582 bytes)
C2 CompilerThread1   4449 3677 %     4       org.jetbrains.coverage.org.objectweb.asm.ClassReader::readCode @ 1611 (5089 bytes)

VM state:not at safepoint (normal execution)

VM Mutex/Monitor currently owned by a thread: None

Heap address: 0x00000000e0000000, size: 512 MB, Compressed Oops mode: 32-bit
Narrow klass base: 0x0000000000000000, Narrow klass shift: 3
Compressed class space size: 1073741824 Address: 0x0000000100000000

Heap:
 garbage-first heap   total 262144K, used 91780K [0x00000000e0000000, 0x0000000100000000)
  region size 1024K, 81 young (82944K), 16 survivors (16384K)
 Metaspace       used 26838K, capacity 27160K, committed 27312K, reserved 1073152K
  class space    used 2865K, capacity 2966K, committed 3072K, reserved 1048576K
Heap Regions: E=young(eden), S=young(survivor), O=old, HS=humongous(starts), HC=humongous(continues), CS=collection set, F=free, A=archive, TAMS=top-at-mark-start (previous, next)
|   0|0x00000000e0000000, 0x00000000e0100000, 0x00000000e0100000|100%|HS|  |TAMS 0x00000000e0100000, 0x00000000e0000000| Complete 
|   1|0x00000000e0100000, 0x00000000e0200000, 0x00000000e0200000|100%| O|  |TAMS 0x00000000e0200000, 0x00000000e0100000| Untracked 
|   2|0x00000000e0200000, 0x00000000e0300000, 0x00000000e0300000|100%| O|  |TAMS 0x00000000e0300000, 0x00000000e0200000| Untracked 
|   3|0x00000000e0300000, 0x00000000e0400000, 0x00000000e0400000|100%| O|  |TAMS 0x00000000e0400000, 0x00000000e0300000| Untracked 
|   4|0x00000000e0400000, 0x00000000e0500000, 0x00000000e0500000|100%| O|  |TAMS 0x00000000e0500000, 0x00000000e0400000| Untracked 
|   5|0x00000000e0500000, 0x00000000e0600000, 0x00000000e0600000|100%| O|  |TAMS 0x00000000e0600000, 0x00000000e0500000| Untracked 
|   6|0x00000000e0600000, 0x00000000e0700000, 0x00000000e0700000|100%| O|  |TAMS 0x00000000e0700000, 0x00000000e0600000| Untracked 
|   7|0x00000000e0700000, 0x00000000e0800000, 0x00000000e0800000|100%| O|  |TAMS 0x00000000e0800000, 0x00000000e0700000| Untracked 
|   8|0x00000000e0800000, 0x00000000e0900000, 0x00000000e0900000|100%| O|  |TAMS 0x00000000e086b000, 0x00000000e0800000| Untracked 
|   9|0x00000000e0900000, 0x00000000e09e0200, 0x00000000e0a00000| 87%| O|  |TAMS 0x00000000e0900000, 0x00000000e0900000| Untracked 
|  10|0x00000000e0a00000, 0x00000000e0a00000, 0x00000000e0b00000|  0%| F|  |TAMS 0x00000000e0a00000, 0x00000000e0a00000| Untracked 
|  11|0x00000000e0b00000, 0x00000000e0b00000, 0x00000000e0c00000|  0%| F|  |TAMS 0x00000000e0b00000, 0x00000000e0b00000| Untracked 
|  12|0x00000000e0c00000, 0x00000000e0c00000, 0x00000000e0d00000|  0%| F|  |TAMS 0x00000000e0c00000, 0x00000000e0c00000| Untracked 
|  13|0x00000000e0d00000, 0x00000000e0d00000, 0x00000000e0e00000|  0%| F|  |TAMS 0x00000000e0d00000, 0x00000000e0d00000| Untracked 
|  14|0x00000000e0e00000, 0x00000000e0e00000, 0x00000000e0f00000|  0%| F|  |TAMS 0x00000000e0e00000, 0x00000000e0e00000| Untracked 
|  15|0x00000000e0f00000, 0x00000000e0f00000, 0x00000000e1000000|  0%| F|  |TAMS 0x00000000e0f00000, 0x00000000e0f00000| Untracked 
|  16|0x00000000e1000000, 0x00000000e1000000, 0x00000000e1100000|  0%| F|  |TAMS 0x00000000e1000000, 0x00000000e1000000| Untracked 
|  17|0x00000000e1100000, 0x00000000e1100000, 0x00000000e1200000|  0%| F|  |TAMS 0x00000000e1100000, 0x00000000e1100000| Untracked 
|  18|0x00000000e1200000, 0x00000000e1200000, 0x00000000e1300000|  0%| F|  |TAMS 0x00000000e1200000, 0x00000000e1200000| Untracked 
|  19|0x00000000e1300000, 0x00000000e1300000, 0x00000000e1400000|  0%| F|  |TAMS 0x00000000e1300000, 0x00000000e1300000| Untracked 
|  20|0x00000000e1400000, 0x00000000e1400000, 0x00000000e1500000|  0%| F|  |TAMS 0x00000000e1400000, 0x00000000e1400000| Untracked 
|  21|0x00000000e1500000, 0x00000000e1500000, 0x00000000e1600000|  0%| F|  |TAMS 0x00000000e1500000, 0x00000000e1500000| Untracked 
|  22|0x00000000e1600000, 0x00000000e1600000, 0x00000000e1700000|  0%| F|  |TAMS 0x00000000e1600000, 0x00000000e1600000| Untracked 
|  23|0x00000000e1700000, 0x00000000e1700000, 0x00000000e1800000|  0%| F|  |TAMS 0x00000000e1700000, 0x00000000e1700000| Untracked 
|  24|0x00000000e1800000, 0x00000000e1800000, 0x00000000e1900000|  0%| F|  |TAMS 0x00000000e1800000, 0x00000000e1800000| Untracked 
|  25|0x00000000e1900000, 0x00000000e1900000, 0x00000000e1a00000|  0%| F|  |TAMS 0x00000000e1900000, 0x00000000e1900000| Untracked 
|  26|0x00000000e1a00000, 0x00000000e1a00000, 0x00000000e1b00000|  0%| F|  |TAMS 0x00000000e1a00000, 0x00000000e1a00000| Untracked 
|  27|0x00000000e1b00000, 0x00000000e1b00000, 0x00000000e1c00000|  0%| F|  |TAMS 0x00000000e1b00000, 0x00000000e1b00000| Untracked 
|  28|0x00000000e1c00000, 0x00000000e1c00000, 0x00000000e1d00000|  0%| F|  |TAMS 0x00000000e1c00000, 0x00000000e1c00000| Untracked 
|  29|0x00000000e1d00000, 0x00000000e1d00000, 0x00000000e1e00000|  0%| F|  |TAMS 0x00000000e1d00000, 0x00000000e1d00000| Untracked 
|  30|0x00000000e1e00000, 0x00000000e1e00000, 0x00000000e1f00000|  0%| F|  |TAMS 0x00000000e1e00000, 0x00000000e1e00000| Untracked 
|  31|0x00000000e1f00000, 0x00000000e1f00000, 0x00000000e2000000|  0%| F|  |TAMS 0x00000000e1f00000, 0x00000000e1f00000| Untracked 
|  32|0x00000000e2000000, 0x00000000e2000000, 0x00000000e2100000|  0%| F|  |TAMS 0x00000000e2000000, 0x00000000e2000000| Untracked 
|  33|0x00000000e2100000, 0x00000000e2100000, 0x00000000e2200000|  0%| F|  |TAMS 0x00000000e2100000, 0x00000000e2100000| Untracked 
|  34|0x00000000e2200000, 0x00000000e2200000, 0x00000000e2300000|  0%| F|  |TAMS 0x00000000e2200000, 0x00000000e2200000| Untracked 
|  35|0x00000000e2300000, 0x00000000e2300000, 0x00000000e2400000|  0%| F|  |TAMS 0x00000000e2300000, 0x00000000e2300000| Untracked 
|  36|0x00000000e2400000, 0x00000000e2400000, 0x00000000e2500000|  0%| F|  |TAMS 0x00000000e2400000, 0x00000000e2400000| Untracked 
|  37|0x00000000e2500000, 0x00000000e2500000, 0x00000000e2600000|  0%| F|  |TAMS 0x00000000e2500000, 0x00000000e2500000| Untracked 
|  38|0x00000000e2600000, 0x00000000e2600000, 0x00000000e2700000|  0%| F|  |TAMS 0x00000000e2600000, 0x00000000e2600000| Untracked 
|  39|0x00000000e2700000, 0x00000000e2700000, 0x00000000e2800000|  0%| F|  |TAMS 0x00000000e2700000, 0x00000000e2700000| Untracked 
|  40|0x00000000e2800000, 0x00000000e2800000, 0x00000000e2900000|  0%| F|  |TAMS 0x00000000e2800000, 0x00000000e2800000| Untracked 
|  41|0x00000000e2900000, 0x00000000e2900000, 0x00000000e2a00000|  0%| F|  |TAMS 0x00000000e2900000, 0x00000000e2900000| Untracked 
|  42|0x00000000e2a00000, 0x00000000e2a00000, 0x00000000e2b00000|  0%| F|  |TAMS 0x00000000e2a00000, 0x00000000e2a00000| Untracked 
|  43|0x00000000e2b00000, 0x00000000e2b00000, 0x00000000e2c00000|  0%| F|  |TAMS 0x00000000e2b00000, 0x00000000e2b00000| Untracked 
|  44|0x00000000e2c00000, 0x00000000e2c00000, 0x00000000e2d00000|  0%| F|  |TAMS 0x00000000e2c00000, 0x00000000e2c00000| Untracked 
|  45|0x00000000e2d00000, 0x00000000e2d00000, 0x00000000e2e00000|  0%| F|  |TAMS 0x00000000e2d00000, 0x00000000e2d00000| Untracked 
|  46|0x00000000e2e00000, 0x00000000e2e00000, 0x00000000e2f00000|  0%| F|  |TAMS 0x00000000e2e00000, 0x00000000e2e00000| Untracked 
|  47|0x00000000e2f00000, 0x00000000e2f00000, 0x00000000e3000000|  0%| F|  |TAMS 0x00000000e2f00000, 0x00000000e2f00000| Untracked 
|  48|0x00000000e3000000, 0x00000000e3000000, 0x00000000e3100000|  0%| F|  |TAMS 0x00000000e3000000, 0x00000000e3000000| Untracked 
|  49|0x00000000e3100000, 0x00000000e3100000, 0x00000000e3200000|  0%| F|  |TAMS 0x00000000e3100000, 0x00000000e3100000| Untracked 
|  50|0x00000000e3200000, 0x00000000e3200000, 0x00000000e3300000|  0%| F|  |TAMS 0x00000000e3200000, 0x00000000e3200000| Untracked 
|  51|0x00000000e3300000, 0x00000000e3300000, 0x00000000e3400000|  0%| F|  |TAMS 0x00000000e3300000, 0x00000000e3300000| Untracked 
|  52|0x00000000e3400000, 0x00000000e3400000, 0x00000000e3500000|  0%| F|  |TAMS 0x00000000e3400000, 0x00000000e3400000| Untracked 
|  53|0x00000000e3500000, 0x00000000e3500000, 0x00000000e3600000|  0%| F|  |TAMS 0x00000000e3500000, 0x00000000e3500000| Untracked 
|  54|0x00000000e3600000, 0x00000000e3600000, 0x00000000e3700000|  0%| F|  |TAMS 0x00000000e3600000, 0x00000000e3600000| Untracked 
|  55|0x00000000e3700000, 0x00000000e3700000, 0x00000000e3800000|  0%| F|  |TAMS 0x00000000e3700000, 0x00000000e3700000| Untracked 
|  56|0x00000000e3800000, 0x00000000e3800000, 0x00000000e3900000|  0%| F|  |TAMS 0x00000000e3800000, 0x00000000e3800000| Untracked 
|  57|0x00000000e3900000, 0x00000000e3900000, 0x00000000e3a00000|  0%| F|  |TAMS 0x00000000e3900000, 0x00000000e3900000| Untracked 
|  58|0x00000000e3a00000, 0x00000000e3a00000, 0x00000000e3b00000|  0%| F|  |TAMS 0x00000000e3a00000, 0x00000000e3a00000| Untracked 
|  59|0x00000000e3b00000, 0x00000000e3b00000, 0x00000000e3c00000|  0%| F|  |TAMS 0x00000000e3b00000, 0x00000000e3b00000| Untracked 
|  60|0x00000000e3c00000, 0x00000000e3c00000, 0x00000000e3d00000|  0%| F|  |TAMS 0x00000000e3c00000, 0x00000000e3c00000| Untracked 
|  61|0x00000000e3d00000, 0x00000000e3d00000, 0x00000000e3e00000|  0%| F|  |TAMS 0x00000000e3d00000, 0x00000000e3d00000| Untracked 
|  62|0x00000000e3e00000, 0x00000000e3e00000, 0x00000000e3f00000|  0%| F|  |TAMS 0x00000000e3e00000, 0x00000000e3e00000| Untracked 
|  63|0x00000000e3f00000, 0x00000000e3f00000, 0x00000000e4000000|  0%| F|  |TAMS 0x00000000e3f00000, 0x00000000e3f00000| Untracked 
|  64|0x00000000e4000000, 0x00000000e4000000, 0x00000000e4100000|  0%| F|  |TAMS 0x00000000e4000000, 0x00000000e4000000| Untracked 
|  65|0x00000000e4100000, 0x00000000e4100000, 0x00000000e4200000|  0%| F|  |TAMS 0x00000000e4100000, 0x00000000e4100000| Untracked 
|  66|0x00000000e4200000, 0x00000000e4200000, 0x00000000e4300000|  0%| F|  |TAMS 0x00000000e4200000, 0x00000000e4200000| Untracked 
|  67|0x00000000e4300000, 0x00000000e4300000, 0x00000000e4400000|  0%| F|  |TAMS 0x00000000e4300000, 0x00000000e4300000| Untracked 
|  68|0x00000000e4400000, 0x00000000e4400000, 0x00000000e4500000|  0%| F|  |TAMS 0x00000000e4400000, 0x00000000e4400000| Untracked 
|  69|0x00000000e4500000, 0x00000000e4500000, 0x00000000e4600000|  0%| F|  |TAMS 0x00000000e4500000, 0x00000000e4500000| Untracked 
|  70|0x00000000e4600000, 0x00000000e4600000, 0x00000000e4700000|  0%| F|  |TAMS 0x00000000e4600000, 0x00000000e4600000| Untracked 
|  71|0x00000000e4700000, 0x00000000e4700000, 0x00000000e4800000|  0%| F|  |TAMS 0x00000000e4700000, 0x00000000e4700000| Untracked 
|  72|0x00000000e4800000, 0x00000000e4800000, 0x00000000e4900000|  0%| F|  |TAMS 0x00000000e4800000, 0x00000000e4800000| Untracked 
|  73|0x00000000e4900000, 0x00000000e4900000, 0x00000000e4a00000|  0%| F|  |TAMS 0x00000000e4900000, 0x00000000e4900000| Untracked 
|  74|0x00000000e4a00000, 0x00000000e4a00000, 0x00000000e4b00000|  0%| F|  |TAMS 0x00000000e4a00000, 0x00000000e4a00000| Untracked 
|  75|0x00000000e4b00000, 0x00000000e4b00000, 0x00000000e4c00000|  0%| F|  |TAMS 0x00000000e4b00000, 0x00000000e4b00000| Untracked 
|  76|0x00000000e4c00000, 0x00000000e4c00000, 0x00000000e4d00000|  0%| F|  |TAMS 0x00000000e4c00000, 0x00000000e4c00000| Untracked 
|  77|0x00000000e4d00000, 0x00000000e4d00000, 0x00000000e4e00000|  0%| F|  |TAMS 0x00000000e4d00000, 0x00000000e4d00000| Untracked 
|  78|0x00000000e4e00000, 0x00000000e4e00000, 0x00000000e4f00000|  0%| F|  |TAMS 0x00000000e4e00000, 0x00000000e4e00000| Untracked 
|  79|0x00000000e4f00000, 0x00000000e4f00000, 0x00000000e5000000|  0%| F|  |TAMS 0x00000000e4f00000, 0x00000000e4f00000| Untracked 
|  80|0x00000000e5000000, 0x00000000e5000000, 0x00000000e5100000|  0%| F|  |TAMS 0x00000000e5000000, 0x00000000e5000000| Untracked 
|  81|0x00000000e5100000, 0x00000000e5100000, 0x00000000e5200000|  0%| F|  |TAMS 0x00000000e5100000, 0x00000000e5100000| Untracked 
|  82|0x00000000e5200000, 0x00000000e5200000, 0x00000000e5300000|  0%| F|  |TAMS 0x00000000e5200000, 0x00000000e5200000| Untracked 
|  83|0x00000000e5300000, 0x00000000e5300000, 0x00000000e5400000|  0%| F|  |TAMS 0x00000000e5300000, 0x00000000e5300000| Untracked 
|  84|0x00000000e5400000, 0x00000000e5400000, 0x00000000e5500000|  0%| F|  |TAMS 0x00000000e5400000, 0x00000000e5400000| Untracked 
|  85|0x00000000e5500000, 0x00000000e5500000, 0x00000000e5600000|  0%| F|  |TAMS 0x00000000e5500000, 0x00000000e5500000| Untracked 
|  86|0x00000000e5600000, 0x00000000e5600000, 0x00000000e5700000|  0%| F|  |TAMS 0x00000000e5600000, 0x00000000e5600000| Untracked 
|  87|0x00000000e5700000, 0x00000000e5700000, 0x00000000e5800000|  0%| F|  |TAMS 0x00000000e5700000, 0x00000000e5700000| Untracked 
|  88|0x00000000e5800000, 0x00000000e5800000, 0x00000000e5900000|  0%| F|  |TAMS 0x00000000e5800000, 0x00000000e5800000| Untracked 
|  89|0x00000000e5900000, 0x00000000e5900000, 0x00000000e5a00000|  0%| F|  |TAMS 0x00000000e5900000, 0x00000000e5900000| Untracked 
|  90|0x00000000e5a00000, 0x00000000e5a00000, 0x00000000e5b00000|  0%| F|  |TAMS 0x00000000e5a00000, 0x00000000e5a00000| Untracked 
|  91|0x00000000e5b00000, 0x00000000e5b00000, 0x00000000e5c00000|  0%| F|  |TAMS 0x00000000e5b00000, 0x00000000e5b00000| Untracked 
|  92|0x00000000e5c00000, 0x00000000e5c00000, 0x00000000e5d00000|  0%| F|  |TAMS 0x00000000e5c00000, 0x00000000e5c00000| Untracked 
|  93|0x00000000e5d00000, 0x00000000e5d00000, 0x00000000e5e00000|  0%| F|  |TAMS 0x00000000e5d00000, 0x00000000e5d00000| Untracked 
|  94|0x00000000e5e00000, 0x00000000e5e00000, 0x00000000e5f00000|  0%| F|  |TAMS 0x00000000e5e00000, 0x00000000e5e00000| Untracked 
|  95|0x00000000e5f00000, 0x00000000e5f00000, 0x00000000e6000000|  0%| F|  |TAMS 0x00000000e5f00000, 0x00000000e5f00000| Untracked 
|  96|0x00000000e6000000, 0x00000000e6000000, 0x00000000e6100000|  0%| F|  |TAMS 0x00000000e6000000, 0x00000000e6000000| Untracked 
|  97|0x00000000e6100000, 0x00000000e6100000, 0x00000000e6200000|  0%| F|  |TAMS 0x00000000e6100000, 0x00000000e6100000| Untracked 
|  98|0x00000000e6200000, 0x00000000e6200000, 0x00000000e6300000|  0%| F|  |TAMS 0x00000000e6200000, 0x00000000e6200000| Untracked 
|  99|0x00000000e6300000, 0x00000000e6300000, 0x00000000e6400000|  0%| F|  |TAMS 0x00000000e6300000, 0x00000000e6300000| Untracked 
| 100|0x00000000e6400000, 0x00000000e6400000, 0x00000000e6500000|  0%| F|  |TAMS 0x00000000e6400000, 0x00000000e6400000| Untracked 
| 101|0x00000000e6500000, 0x00000000e6500000, 0x00000000e6600000|  0%| F|  |TAMS 0x00000000e6500000, 0x00000000e6500000| Untracked 
| 102|0x00000000e6600000, 0x00000000e6600000, 0x00000000e6700000|  0%| F|  |TAMS 0x00000000e6600000, 0x00000000e6600000| Untracked 
| 103|0x00000000e6700000, 0x00000000e6700000, 0x00000000e6800000|  0%| F|  |TAMS 0x00000000e6700000, 0x00000000e6700000| Untracked 
| 104|0x00000000e6800000, 0x00000000e6800000, 0x00000000e6900000|  0%| F|  |TAMS 0x00000000e6800000, 0x00000000e6800000| Untracked 
| 105|0x00000000e6900000, 0x00000000e6900000, 0x00000000e6a00000|  0%| F|  |TAMS 0x00000000e6900000, 0x00000000e6900000| Untracked 
| 106|0x00000000e6a00000, 0x00000000e6a00000, 0x00000000e6b00000|  0%| F|  |TAMS 0x00000000e6a00000, 0x00000000e6a00000| Untracked 
| 107|0x00000000e6b00000, 0x00000000e6b00000, 0x00000000e6c00000|  0%| F|  |TAMS 0x00000000e6b00000, 0x00000000e6b00000| Untracked 
| 108|0x00000000e6c00000, 0x00000000e6c00000, 0x00000000e6d00000|  0%| F|  |TAMS 0x00000000e6c00000, 0x00000000e6c00000| Untracked 
| 109|0x00000000e6d00000, 0x00000000e6d00000, 0x00000000e6e00000|  0%| F|  |TAMS 0x00000000e6d00000, 0x00000000e6d00000| Untracked 
| 110|0x00000000e6e00000, 0x00000000e6e00000, 0x00000000e6f00000|  0%| F|  |TAMS 0x00000000e6e00000, 0x00000000e6e00000| Untracked 
| 111|0x00000000e6f00000, 0x00000000e6f00000, 0x00000000e7000000|  0%| F|  |TAMS 0x00000000e6f00000, 0x00000000e6f00000| Untracked 
| 112|0x00000000e7000000, 0x00000000e7000000, 0x00000000e7100000|  0%| F|  |TAMS 0x00000000e7000000, 0x00000000e7000000| Untracked 
| 113|0x00000000e7100000, 0x00000000e7100000, 0x00000000e7200000|  0%| F|  |TAMS 0x00000000e7100000, 0x00000000e7100000| Untracked 
| 114|0x00000000e7200000, 0x00000000e7200000, 0x00000000e7300000|  0%| F|  |TAMS 0x00000000e7200000, 0x00000000e7200000| Untracked 
| 115|0x00000000e7300000, 0x00000000e7300000, 0x00000000e7400000|  0%| F|  |TAMS 0x00000000e7300000, 0x00000000e7300000| Untracked 
| 116|0x00000000e7400000, 0x00000000e7400000, 0x00000000e7500000|  0%| F|  |TAMS 0x00000000e7400000, 0x00000000e7400000| Untracked 
| 117|0x00000000e7500000, 0x00000000e7500000, 0x00000000e7600000|  0%| F|  |TAMS 0x00000000e7500000, 0x00000000e7500000| Untracked 
| 118|0x00000000e7600000, 0x00000000e76c1168, 0x00000000e7700000| 75%| S|CS|TAMS 0x00000000e7600000, 0x00000000e7600000| Complete 
| 119|0x00000000e7700000, 0x00000000e7800000, 0x00000000e7800000|100%| S|CS|TAMS 0x00000000e7700000, 0x00000000e7700000| Complete 
| 120|0x00000000e7800000, 0x00000000e7900000, 0x00000000e7900000|100%| S|CS|TAMS 0x00000000e7800000, 0x00000000e7800000| Complete 
| 121|0x00000000e7900000, 0x00000000e7a00000, 0x00000000e7a00000|100%| S|CS|TAMS 0x00000000e7900000, 0x00000000e7900000| Complete 
| 122|0x00000000e7a00000, 0x00000000e7b00000, 0x00000000e7b00000|100%| S|CS|TAMS 0x00000000e7a00000, 0x00000000e7a00000| Complete 
| 123|0x00000000e7b00000, 0x00000000e7c00000, 0x00000000e7c00000|100%| S|CS|TAMS 0x00000000e7b00000, 0x00000000e7b00000| Complete 
| 124|0x00000000e7c00000, 0x00000000e7d00000, 0x00000000e7d00000|100%| S|CS|TAMS 0x00000000e7c00000, 0x00000000e7c00000| Complete 
| 125|0x00000000e7d00000, 0x00000000e7e00000, 0x00000000e7e00000|100%| S|CS|TAMS 0x00000000e7d00000, 0x00000000e7d00000| Complete 
| 126|0x00000000e7e00000, 0x00000000e7f00000, 0x00000000e7f00000|100%| S|CS|TAMS 0x00000000e7e00000, 0x00000000e7e00000| Complete 
| 127|0x00000000e7f00000, 0x00000000e8000000, 0x00000000e8000000|100%| S|CS|TAMS 0x00000000e7f00000, 0x00000000e7f00000| Complete 
| 128|0x00000000e8000000, 0x00000000e8100000, 0x00000000e8100000|100%| S|CS|TAMS 0x00000000e8000000, 0x00000000e8000000| Complete 
| 129|0x00000000e8100000, 0x00000000e8200000, 0x00000000e8200000|100%| S|CS|TAMS 0x00000000e8100000, 0x00000000e8100000| Complete 
| 130|0x00000000e8200000, 0x00000000e8300000, 0x00000000e8300000|100%| S|CS|TAMS 0x00000000e8200000, 0x00000000e8200000| Complete 
| 131|0x00000000e8300000, 0x00000000e8400000, 0x00000000e8400000|100%| S|CS|TAMS 0x00000000e8300000, 0x00000000e8300000| Complete 
| 132|0x00000000e8400000, 0x00000000e8500000, 0x00000000e8500000|100%| S|CS|TAMS 0x00000000e8400000, 0x00000000e8400000| Complete 
| 133|0x00000000e8500000, 0x00000000e8600000, 0x00000000e8600000|100%| S|CS|TAMS 0x00000000e8500000, 0x00000000e8500000| Complete 
| 134|0x00000000e8600000, 0x00000000e8600000, 0x00000000e8700000|  0%| F|  |TAMS 0x00000000e8600000, 0x00000000e8600000| Untracked 
| 135|0x00000000e8700000, 0x00000000e8700000, 0x00000000e8800000|  0%| F|  |TAMS 0x00000000e8700000, 0x00000000e8700000| Untracked 
| 136|0x00000000e8800000, 0x00000000e8800000, 0x00000000e8900000|  0%| F|  |TAMS 0x00000000e8800000, 0x00000000e8800000| Untracked 
| 137|0x00000000e8900000, 0x00000000e8900000, 0x00000000e8a00000|  0%| F|  |TAMS 0x00000000e8900000, 0x00000000e8900000| Untracked 
| 138|0x00000000e8a00000, 0x00000000e8a00000, 0x00000000e8b00000|  0%| F|  |TAMS 0x00000000e8a00000, 0x00000000e8a00000| Untracked 
| 139|0x00000000e8b00000, 0x00000000e8b00000, 0x00000000e8c00000|  0%| F|  |TAMS 0x00000000e8b00000, 0x00000000e8b00000| Untracked 
| 140|0x00000000e8c00000, 0x00000000e8c00000, 0x00000000e8d00000|  0%| F|  |TAMS 0x00000000e8c00000, 0x00000000e8c00000| Untracked 
| 141|0x00000000e8d00000, 0x00000000e8d00000, 0x00000000e8e00000|  0%| F|  |TAMS 0x00000000e8d00000, 0x00000000e8d00000| Untracked 
| 142|0x00000000e8e00000, 0x00000000e8e00000, 0x00000000e8f00000|  0%| F|  |TAMS 0x00000000e8e00000, 0x00000000e8e00000| Untracked 
| 143|0x00000000e8f00000, 0x00000000e8f00000, 0x00000000e9000000|  0%| F|  |TAMS 0x00000000e8f00000, 0x00000000e8f00000| Untracked 
| 144|0x00000000e9000000, 0x00000000e9000000, 0x00000000e9100000|  0%| F|  |TAMS 0x00000000e9000000, 0x00000000e9000000| Untracked 
| 145|0x00000000e9100000, 0x00000000e9100000, 0x00000000e9200000|  0%| F|  |TAMS 0x00000000e9100000, 0x00000000e9100000| Untracked 
| 146|0x00000000e9200000, 0x00000000e9200000, 0x00000000e9300000|  0%| F|  |TAMS 0x00000000e9200000, 0x00000000e9200000| Untracked 
| 147|0x00000000e9300000, 0x00000000e9300000, 0x00000000e9400000|  0%| F|  |TAMS 0x00000000e9300000, 0x00000000e9300000| Untracked 
| 148|0x00000000e9400000, 0x00000000e9400000, 0x00000000e9500000|  0%| F|  |TAMS 0x00000000e9400000, 0x00000000e9400000| Untracked 
| 149|0x00000000e9500000, 0x00000000e9500000, 0x00000000e9600000|  0%| F|  |TAMS 0x00000000e9500000, 0x00000000e9500000| Untracked 
| 150|0x00000000e9600000, 0x00000000e9600000, 0x00000000e9700000|  0%| F|  |TAMS 0x00000000e9600000, 0x00000000e9600000| Untracked 
| 151|0x00000000e9700000, 0x00000000e9700000, 0x00000000e9800000|  0%| F|  |TAMS 0x00000000e9700000, 0x00000000e9700000| Untracked 
| 152|0x00000000e9800000, 0x00000000e9800000, 0x00000000e9900000|  0%| F|  |TAMS 0x00000000e9800000, 0x00000000e9800000| Untracked 
| 153|0x00000000e9900000, 0x00000000e9900000, 0x00000000e9a00000|  0%| F|  |TAMS 0x00000000e9900000, 0x00000000e9900000| Untracked 
| 154|0x00000000e9a00000, 0x00000000e9a00000, 0x00000000e9b00000|  0%| F|  |TAMS 0x00000000e9a00000, 0x00000000e9a00000| Untracked 
| 155|0x00000000e9b00000, 0x00000000e9b00000, 0x00000000e9c00000|  0%| F|  |TAMS 0x00000000e9b00000, 0x00000000e9b00000| Untracked 
| 156|0x00000000e9c00000, 0x00000000e9c00000, 0x00000000e9d00000|  0%| F|  |TAMS 0x00000000e9c00000, 0x00000000e9c00000| Untracked 
| 157|0x00000000e9d00000, 0x00000000e9d00000, 0x00000000e9e00000|  0%| F|  |TAMS 0x00000000e9d00000, 0x00000000e9d00000| Untracked 
| 158|0x00000000e9e00000, 0x00000000e9e00000, 0x00000000e9f00000|  0%| F|  |TAMS 0x00000000e9e00000, 0x00000000e9e00000| Untracked 
| 159|0x00000000e9f00000, 0x00000000e9f00000, 0x00000000ea000000|  0%| F|  |TAMS 0x00000000e9f00000, 0x00000000e9f00000| Untracked 
| 160|0x00000000ea000000, 0x00000000ea000000, 0x00000000ea100000|  0%| F|  |TAMS 0x00000000ea000000, 0x00000000ea000000| Untracked 
| 161|0x00000000ea100000, 0x00000000ea100000, 0x00000000ea200000|  0%| F|  |TAMS 0x00000000ea100000, 0x00000000ea100000| Untracked 
| 162|0x00000000ea200000, 0x00000000ea200000, 0x00000000ea300000|  0%| F|  |TAMS 0x00000000ea200000, 0x00000000ea200000| Untracked 
| 163|0x00000000ea300000, 0x00000000ea300000, 0x00000000ea400000|  0%| F|  |TAMS 0x00000000ea300000, 0x00000000ea300000| Untracked 
| 164|0x00000000ea400000, 0x00000000ea400000, 0x00000000ea500000|  0%| F|  |TAMS 0x00000000ea400000, 0x00000000ea400000| Untracked 
| 165|0x00000000ea500000, 0x00000000ea500000, 0x00000000ea600000|  0%| F|  |TAMS 0x00000000ea500000, 0x00000000ea500000| Untracked 
| 166|0x00000000ea600000, 0x00000000ea600000, 0x00000000ea700000|  0%| F|  |TAMS 0x00000000ea600000, 0x00000000ea600000| Untracked 
| 167|0x00000000ea700000, 0x00000000ea700000, 0x00000000ea800000|  0%| F|  |TAMS 0x00000000ea700000, 0x00000000ea700000| Untracked 
| 168|0x00000000ea800000, 0x00000000ea800000, 0x00000000ea900000|  0%| F|  |TAMS 0x00000000ea800000, 0x00000000ea800000| Untracked 
| 169|0x00000000ea900000, 0x00000000ea900000, 0x00000000eaa00000|  0%| F|  |TAMS 0x00000000ea900000, 0x00000000ea900000| Untracked 
| 170|0x00000000eaa00000, 0x00000000eaa00000, 0x00000000eab00000|  0%| F|  |TAMS 0x00000000eaa00000, 0x00000000eaa00000| Untracked 
| 171|0x00000000eab00000, 0x00000000eab00000, 0x00000000eac00000|  0%| F|  |TAMS 0x00000000eab00000, 0x00000000eab00000| Untracked 
| 172|0x00000000eac00000, 0x00000000eac00000, 0x00000000ead00000|  0%| F|  |TAMS 0x00000000eac00000, 0x00000000eac00000| Untracked 
| 173|0x00000000ead00000, 0x00000000ead00000, 0x00000000eae00000|  0%| F|  |TAMS 0x00000000ead00000, 0x00000000ead00000| Untracked 
| 174|0x00000000eae00000, 0x00000000eae00000, 0x00000000eaf00000|  0%| F|  |TAMS 0x00000000eae00000, 0x00000000eae00000| Untracked 
| 175|0x00000000eaf00000, 0x00000000eaf00000, 0x00000000eb000000|  0%| F|  |TAMS 0x00000000eaf00000, 0x00000000eaf00000| Untracked 
| 176|0x00000000eb000000, 0x00000000eb000000, 0x00000000eb100000|  0%| F|  |TAMS 0x00000000eb000000, 0x00000000eb000000| Untracked 
| 177|0x00000000eb100000, 0x00000000eb100000, 0x00000000eb200000|  0%| F|  |TAMS 0x00000000eb100000, 0x00000000eb100000| Untracked 
| 178|0x00000000eb200000, 0x00000000eb200000, 0x00000000eb300000|  0%| F|  |TAMS 0x00000000eb200000, 0x00000000eb200000| Untracked 
| 179|0x00000000eb300000, 0x00000000eb300000, 0x00000000eb400000|  0%| F|  |TAMS 0x00000000eb300000, 0x00000000eb300000| Untracked 
| 180|0x00000000eb400000, 0x00000000eb400000, 0x00000000eb500000|  0%| F|  |TAMS 0x00000000eb400000, 0x00000000eb400000| Untracked 
| 181|0x00000000eb500000, 0x00000000eb500000, 0x00000000eb600000|  0%| F|  |TAMS 0x00000000eb500000, 0x00000000eb500000| Untracked 
| 182|0x00000000eb600000, 0x00000000eb600000, 0x00000000eb700000|  0%| F|  |TAMS 0x00000000eb600000, 0x00000000eb600000| Untracked 
| 183|0x00000000eb700000, 0x00000000eb700000, 0x00000000eb800000|  0%| F|  |TAMS 0x00000000eb700000, 0x00000000eb700000| Untracked 
| 184|0x00000000eb800000, 0x00000000eb800000, 0x00000000eb900000|  0%| F|  |TAMS 0x00000000eb800000, 0x00000000eb800000| Untracked 
| 185|0x00000000eb900000, 0x00000000eb900000, 0x00000000eba00000|  0%| F|  |TAMS 0x00000000eb900000, 0x00000000eb900000| Untracked 
| 186|0x00000000eba00000, 0x00000000eba00000, 0x00000000ebb00000|  0%| F|  |TAMS 0x00000000eba00000, 0x00000000eba00000| Untracked 
| 187|0x00000000ebb00000, 0x00000000ebb00000, 0x00000000ebc00000|  0%| F|  |TAMS 0x00000000ebb00000, 0x00000000ebb00000| Untracked 
| 188|0x00000000ebc00000, 0x00000000ebc00000, 0x00000000ebd00000|  0%| F|  |TAMS 0x00000000ebc00000, 0x00000000ebc00000| Untracked 
| 189|0x00000000ebd00000, 0x00000000ebd00000, 0x00000000ebe00000|  0%| F|  |TAMS 0x00000000ebd00000, 0x00000000ebd00000| Untracked 
| 190|0x00000000ebe00000, 0x00000000ebe00000, 0x00000000ebf00000|  0%| F|  |TAMS 0x00000000ebe00000, 0x00000000ebe00000| Untracked 
| 191|0x00000000ebf00000, 0x00000000ec000000, 0x00000000ec000000|100%| E|  |TAMS 0x00000000ebf00000, 0x00000000ebf00000| Complete 
| 192|0x00000000ec000000, 0x00000000ec100000, 0x00000000ec100000|100%| E|CS|TAMS 0x00000000ec000000, 0x00000000ec000000| Complete 
| 193|0x00000000ec100000, 0x00000000ec200000, 0x00000000ec200000|100%| E|CS|TAMS 0x00000000ec100000, 0x00000000ec100000| Complete 
| 194|0x00000000ec200000, 0x00000000ec300000, 0x00000000ec300000|100%| E|CS|TAMS 0x00000000ec200000, 0x00000000ec200000| Complete 
| 195|0x00000000ec300000, 0x00000000ec400000, 0x00000000ec400000|100%| E|CS|TAMS 0x00000000ec300000, 0x00000000ec300000| Complete 
| 196|0x00000000ec400000, 0x00000000ec500000, 0x00000000ec500000|100%| E|CS|TAMS 0x00000000ec400000, 0x00000000ec400000| Complete 
| 197|0x00000000ec500000, 0x00000000ec600000, 0x00000000ec600000|100%| E|CS|TAMS 0x00000000ec500000, 0x00000000ec500000| Complete 
| 198|0x00000000ec600000, 0x00000000ec700000, 0x00000000ec700000|100%| E|CS|TAMS 0x00000000ec600000, 0x00000000ec600000| Complete 
| 199|0x00000000ec700000, 0x00000000ec800000, 0x00000000ec800000|100%| E|CS|TAMS 0x00000000ec700000, 0x00000000ec700000| Complete 
| 200|0x00000000ec800000, 0x00000000ec900000, 0x00000000ec900000|100%| E|CS|TAMS 0x00000000ec800000, 0x00000000ec800000| Complete 
| 201|0x00000000ec900000, 0x00000000eca00000, 0x00000000eca00000|100%| E|CS|TAMS 0x00000000ec900000, 0x00000000ec900000| Complete 
| 202|0x00000000eca00000, 0x00000000ecb00000, 0x00000000ecb00000|100%| E|CS|TAMS 0x00000000eca00000, 0x00000000eca00000| Complete 
| 203|0x00000000ecb00000, 0x00000000ecc00000, 0x00000000ecc00000|100%| E|CS|TAMS 0x00000000ecb00000, 0x00000000ecb00000| Complete 
| 204|0x00000000ecc00000, 0x00000000ecd00000, 0x00000000ecd00000|100%| E|CS|TAMS 0x00000000ecc00000, 0x00000000ecc00000| Complete 
| 205|0x00000000ecd00000, 0x00000000ece00000, 0x00000000ece00000|100%| E|CS|TAMS 0x00000000ecd00000, 0x00000000ecd00000| Complete 
| 206|0x00000000ece00000, 0x00000000ecf00000, 0x00000000ecf00000|100%| E|CS|TAMS 0x00000000ece00000, 0x00000000ece00000| Complete 
| 207|0x00000000ecf00000, 0x00000000ed000000, 0x00000000ed000000|100%| E|CS|TAMS 0x00000000ecf00000, 0x00000000ecf00000| Complete 
| 208|0x00000000ed000000, 0x00000000ed100000, 0x00000000ed100000|100%| E|CS|TAMS 0x00000000ed000000, 0x00000000ed000000| Complete 
| 209|0x00000000ed100000, 0x00000000ed200000, 0x00000000ed200000|100%| E|CS|TAMS 0x00000000ed100000, 0x00000000ed100000| Complete 
| 210|0x00000000ed200000, 0x00000000ed300000, 0x00000000ed300000|100%| E|CS|TAMS 0x00000000ed200000, 0x00000000ed200000| Complete 
| 211|0x00000000ed300000, 0x00000000ed400000, 0x00000000ed400000|100%| E|CS|TAMS 0x00000000ed300000, 0x00000000ed300000| Complete 
| 212|0x00000000ed400000, 0x00000000ed500000, 0x00000000ed500000|100%| E|CS|TAMS 0x00000000ed400000, 0x00000000ed400000| Complete 
| 213|0x00000000ed500000, 0x00000000ed600000, 0x00000000ed600000|100%| E|CS|TAMS 0x00000000ed500000, 0x00000000ed500000| Complete 
| 214|0x00000000ed600000, 0x00000000ed700000, 0x00000000ed700000|100%| E|CS|TAMS 0x00000000ed600000, 0x00000000ed600000| Complete 
| 215|0x00000000ed700000, 0x00000000ed800000, 0x00000000ed800000|100%| E|CS|TAMS 0x00000000ed700000, 0x00000000ed700000| Complete 
| 216|0x00000000ed800000, 0x00000000ed900000, 0x00000000ed900000|100%| E|CS|TAMS 0x00000000ed800000, 0x00000000ed800000| Complete 
| 217|0x00000000ed900000, 0x00000000eda00000, 0x00000000eda00000|100%| E|CS|TAMS 0x00000000ed900000, 0x00000000ed900000| Complete 
| 218|0x00000000eda00000, 0x00000000edb00000, 0x00000000edb00000|100%| E|CS|TAMS 0x00000000eda00000, 0x00000000eda00000| Complete 
| 219|0x00000000edb00000, 0x00000000edc00000, 0x00000000edc00000|100%| E|CS|TAMS 0x00000000edb00000, 0x00000000edb00000| Complete 
| 220|0x00000000edc00000, 0x00000000edd00000, 0x00000000edd00000|100%| E|CS|TAMS 0x00000000edc00000, 0x00000000edc00000| Complete 
| 221|0x00000000edd00000, 0x00000000ede00000, 0x00000000ede00000|100%| E|CS|TAMS 0x00000000edd00000, 0x00000000edd00000| Complete 
| 222|0x00000000ede00000, 0x00000000edf00000, 0x00000000edf00000|100%| E|CS|TAMS 0x00000000ede00000, 0x00000000ede00000| Complete 
| 223|0x00000000edf00000, 0x00000000ee000000, 0x00000000ee000000|100%| E|CS|TAMS 0x00000000edf00000, 0x00000000edf00000| Complete 
| 224|0x00000000ee000000, 0x00000000ee100000, 0x00000000ee100000|100%| E|CS|TAMS 0x00000000ee000000, 0x00000000ee000000| Complete 
| 225|0x00000000ee100000, 0x00000000ee200000, 0x00000000ee200000|100%| E|CS|TAMS 0x00000000ee100000, 0x00000000ee100000| Complete 
| 226|0x00000000ee200000, 0x00000000ee300000, 0x00000000ee300000|100%| E|CS|TAMS 0x00000000ee200000, 0x00000000ee200000| Complete 
| 227|0x00000000ee300000, 0x00000000ee400000, 0x00000000ee400000|100%| E|CS|TAMS 0x00000000ee300000, 0x00000000ee300000| Complete 
| 228|0x00000000ee400000, 0x00000000ee500000, 0x00000000ee500000|100%| E|CS|TAMS 0x00000000ee400000, 0x00000000ee400000| Complete 
| 229|0x00000000ee500000, 0x00000000ee600000, 0x00000000ee600000|100%| E|CS|TAMS 0x00000000ee500000, 0x00000000ee500000| Complete 
| 230|0x00000000ee600000, 0x00000000ee700000, 0x00000000ee700000|100%| E|CS|TAMS 0x00000000ee600000, 0x00000000ee600000| Complete 
| 231|0x00000000ee700000, 0x00000000ee800000, 0x00000000ee800000|100%| E|CS|TAMS 0x00000000ee700000, 0x00000000ee700000| Complete 
| 232|0x00000000ee800000, 0x00000000ee900000, 0x00000000ee900000|100%| E|CS|TAMS 0x00000000ee800000, 0x00000000ee800000| Complete 
| 233|0x00000000ee900000, 0x00000000eea00000, 0x00000000eea00000|100%| E|CS|TAMS 0x00000000ee900000, 0x00000000ee900000| Complete 
| 234|0x00000000eea00000, 0x00000000eeb00000, 0x00000000eeb00000|100%| E|CS|TAMS 0x00000000eea00000, 0x00000000eea00000| Complete 
| 235|0x00000000eeb00000, 0x00000000eec00000, 0x00000000eec00000|100%| E|CS|TAMS 0x00000000eeb00000, 0x00000000eeb00000| Complete 
| 236|0x00000000eec00000, 0x00000000eed00000, 0x00000000eed00000|100%| E|CS|TAMS 0x00000000eec00000, 0x00000000eec00000| Complete 
| 237|0x00000000eed00000, 0x00000000eee00000, 0x00000000eee00000|100%| E|CS|TAMS 0x00000000eed00000, 0x00000000eed00000| Complete 
| 238|0x00000000eee00000, 0x00000000eef00000, 0x00000000eef00000|100%| E|CS|TAMS 0x00000000eee00000, 0x00000000eee00000| Complete 
| 239|0x00000000eef00000, 0x00000000ef000000, 0x00000000ef000000|100%| E|CS|TAMS 0x00000000eef00000, 0x00000000eef00000| Complete 
| 240|0x00000000ef000000, 0x00000000ef100000, 0x00000000ef100000|100%| E|CS|TAMS 0x00000000ef000000, 0x00000000ef000000| Complete 
| 241|0x00000000ef100000, 0x00000000ef200000, 0x00000000ef200000|100%| E|CS|TAMS 0x00000000ef100000, 0x00000000ef100000| Complete 
| 242|0x00000000ef200000, 0x00000000ef300000, 0x00000000ef300000|100%| E|CS|TAMS 0x00000000ef200000, 0x00000000ef200000| Complete 
| 243|0x00000000ef300000, 0x00000000ef400000, 0x00000000ef400000|100%| E|CS|TAMS 0x00000000ef300000, 0x00000000ef300000| Complete 
| 244|0x00000000ef400000, 0x00000000ef500000, 0x00000000ef500000|100%| E|CS|TAMS 0x00000000ef400000, 0x00000000ef400000| Complete 
| 245|0x00000000ef500000, 0x00000000ef600000, 0x00000000ef600000|100%| E|CS|TAMS 0x00000000ef500000, 0x00000000ef500000| Complete 
| 246|0x00000000ef600000, 0x00000000ef700000, 0x00000000ef700000|100%| E|CS|TAMS 0x00000000ef600000, 0x00000000ef600000| Complete 
| 247|0x00000000ef700000, 0x00000000ef800000, 0x00000000ef800000|100%| E|CS|TAMS 0x00000000ef700000, 0x00000000ef700000| Complete 
| 248|0x00000000ef800000, 0x00000000ef900000, 0x00000000ef900000|100%| E|CS|TAMS 0x00000000ef800000, 0x00000000ef800000| Complete 
| 249|0x00000000ef900000, 0x00000000efa00000, 0x00000000efa00000|100%| E|CS|TAMS 0x00000000ef900000, 0x00000000ef900000| Complete 
| 250|0x00000000efa00000, 0x00000000efb00000, 0x00000000efb00000|100%| E|CS|TAMS 0x00000000efa00000, 0x00000000efa00000| Complete 
| 251|0x00000000efb00000, 0x00000000efc00000, 0x00000000efc00000|100%| E|CS|TAMS 0x00000000efb00000, 0x00000000efb00000| Complete 
| 252|0x00000000efc00000, 0x00000000efd00000, 0x00000000efd00000|100%| E|CS|TAMS 0x00000000efc00000, 0x00000000efc00000| Complete 
| 253|0x00000000efd00000, 0x00000000efe00000, 0x00000000efe00000|100%| E|CS|TAMS 0x00000000efd00000, 0x00000000efd00000| Complete 
| 254|0x00000000efe00000, 0x00000000eff00000, 0x00000000eff00000|100%| E|CS|TAMS 0x00000000efe00000, 0x00000000efe00000| Complete 
| 255|0x00000000eff00000, 0x00000000f0000000, 0x00000000f0000000|100%| E|CS|TAMS 0x00000000eff00000, 0x00000000eff00000| Complete 

Card table byte_map: [0x0000026f4fa10000,0x0000026f4fb10000] _byte_map_base: 0x0000026f4f310000

Marking Bits (Prev, Next): (CMBitMap*) 0x0000026f3cd23650, (CMBitMap*) 0x0000026f3cd23618
 Prev Bits: [0x0000026f50410000, 0x0000026f50c10000)
 Next Bits: [0x0000026f4fc10000, 0x0000026f50410000)

Polling page: 0x0000026f3acd0000

Metaspace:

Usage:
  Non-class:     23.63 MB capacity,    23.41 MB (>99%) used,   187.13 KB ( <1%) free+waste,    33.88 KB ( <1%) overhead. 
      Class:      2.90 MB capacity,     2.80 MB ( 97%) used,    87.44 KB (  3%) free+waste,    13.38 KB ( <1%) overhead. 
       Both:     26.52 MB capacity,    26.21 MB ( 99%) used,   274.56 KB (  1%) free+waste,    47.25 KB ( <1%) overhead. 

Virtual space:
  Non-class space:       24.00 MB reserved,      23.67 MB ( 99%) committed 
      Class space:        1.00 GB reserved,       3.00 MB ( <1%) committed 
             Both:        1.02 GB reserved,      26.67 MB (  3%) committed 

Chunk freelists:
   Non-Class:  46.00 KB
       Class:  10.00 KB
        Both:  56.00 KB

MaxMetaspaceSize: 17179869184.00 GB
CompressedClassSpaceSize: 1.00 GB

CodeHeap 'non-profiled nmethods': size=120064Kb used=2780Kb max_used=2780Kb free=117284Kb
 bounds [0x0000026f482c0000, 0x0000026f48580000, 0x0000026f4f800000]
CodeHeap 'profiled nmethods': size=120000Kb used=24165Kb max_used=24165Kb free=95834Kb
 bounds [0x0000026f40d90000, 0x0000026f42530000, 0x0000026f482c0000]
CodeHeap 'non-nmethods': size=5696Kb used=1138Kb max_used=1202Kb free=4557Kb
 bounds [0x0000026f40800000, 0x0000026f40a70000, 0x0000026f40d90000]
 total_blobs=4683 nmethods=4216 adapters=378
 compilation: enabled
              stopped_count=0, restarted_count=0
 full_count=0

Compilation events (20 events):
Event: 4.431 Thread 0x0000026f53d20000 nmethod 4834 0x0000026f424ff490 code [0x0000026f424ff6a0, 0x0000026f424ffb08]
Event: 4.431 Thread 0x0000026f53d20000 4845       2       java.util.Collections$1::next (25 bytes)
Event: 4.431 Thread 0x0000026f53d20000 nmethod 4845 0x0000026f424ffe10 code [0x0000026f424fffc0, 0x0000026f42500128]
Event: 4.431 Thread 0x0000026f53d20000 4825       2       net.bytebuddy.description.method.ParameterList$ForLoadedExecutable::of (38 bytes)
Event: 4.431 Thread 0x0000026f53d20000 nmethod 4825 0x0000026f42500210 code [0x0000026f42500420, 0x0000026f42500848]
Event: 4.431 Thread 0x0000026f53d20000 4853       2       net.bytebuddy.description.method.ParameterList$ForLoadedExecutable$Dispatcher$ForJava8CapableVm::describe (39 bytes)
Event: 4.431 Thread 0x0000026f53d20000 nmethod 4853 0x0000026f42500b10 code [0x0000026f42500d20, 0x0000026f425011c8]
Event: 4.431 Thread 0x0000026f53d20000 4855       2       net.bytebuddy.description.method.ParameterList$ForLoadedExecutable$OfMethod::<init> (46 bytes)
Event: 4.431 Thread 0x0000026f53d20000 nmethod 4855 0x0000026f42501490 code [0x0000026f425016e0, 0x0000026f42501d88]
Event: 4.431 Thread 0x0000026f53d20000 4806       2       net.bytebuddy.description.method.MethodList$ForTokens::size (37 bytes)
Event: 4.432 Thread 0x0000026f53d20000 nmethod 4806 0x0000026f42502190 code [0x0000026f425023a0, 0x0000026f425027c8]
Event: 4.432 Thread 0x0000026f53d20000 4865       2       java.util.AbstractSet::<init> (5 bytes)
Event: 4.432 Thread 0x0000026f53d20000 nmethod 4865 0x0000026f42502a90 code [0x0000026f42502c40, 0x0000026f42502d38]
Event: 4.432 Thread 0x0000026f53d20000 4823       2       net.bytebuddy.description.method.MethodDescription$InDefinedShape$AbstractBase::<init> (30 bytes)
Event: 4.432 Thread 0x0000026f53d20000 nmethod 4823 0x0000026f42502e10 code [0x0000026f42503080, 0x0000026f42503628]
Event: 4.432 Thread 0x0000026f53d20000 4867       2       java.util.LinkedHashMap$LinkedEntryIterator::next (5 bytes)
Event: 4.432 Thread 0x0000026f53d20000 nmethod 4867 0x0000026f42503a90 code [0x0000026f42503c40, 0x0000026f42503d48]
Event: 4.432 Thread 0x0000026f53d20000 4824       2       net.bytebuddy.matcher.NegatingMatcher::$jacocoInit (52 bytes)
Event: 4.432 Thread 0x0000026f53d20000 nmethod 4824 0x0000026f42503e10 code [0x0000026f42504000, 0x0000026f42504518]
Event: 4.432 Thread 0x0000026f53d20000 4757       2       org.jacoco.agent.rt.internal_1f1cc91.asm.ClassWriter::visitField (100 bytes)

GC Heap History (12 events):
Event: 0.411 GC heap before
{Heap before GC invocations=0 (full 0):
 garbage-first heap   total 262144K, used 22528K [0x00000000e0000000, 0x0000000100000000)
  region size 1024K, 22 young (22528K), 0 survivors (0K)
 Metaspace       used 9840K, capacity 10063K, committed 10240K, reserved 1058816K
  class space    used 867K, capacity 924K, committed 1024K, reserved 1048576K
}
Event: 0.416 GC heap after
{Heap after GC invocations=1 (full 0):
 garbage-first heap   total 262144K, used 8704K [0x00000000e0000000, 0x0000000100000000)
  region size 1024K, 3 young (3072K), 3 survivors (3072K)
 Metaspace       used 9840K, capacity 10063K, committed 10240K, reserved 1058816K
  class space    used 867K, capacity 924K, committed 1024K, reserved 1048576K
}
Event: 0.731 GC heap before
{Heap before GC invocations=1 (full 0):
 garbage-first heap   total 262144K, used 32256K [0x00000000e0000000, 0x0000000100000000)
  region size 1024K, 26 young (26624K), 3 survivors (3072K)
 Metaspace       used 11602K, capacity 11865K, committed 12160K, reserved 1060864K
  class space    used 1041K, capacity 1098K, committed 1152K, reserved 1048576K
}
Event: 0.733 GC heap after
{Heap after GC invocations=2 (full 0):
 garbage-first heap   total 262144K, used 10171K [0x00000000e0000000, 0x0000000100000000)
  region size 1024K, 2 young (2048K), 2 survivors (2048K)
 Metaspace       used 11602K, capacity 11865K, committed 12160K, reserved 1060864K
  class space    used 1041K, capacity 1098K, committed 1152K, reserved 1048576K
}
Event: 1.176 GC heap before
{Heap before GC invocations=2 (full 0):
 garbage-first heap   total 262144K, used 44987K [0x00000000e0000000, 0x0000000100000000)
  region size 1024K, 36 young (36864K), 2 survivors (2048K)
 Metaspace       used 15246K, capacity 15567K, committed 15744K, reserved 1062912K
  class space    used 1474K, capacity 1559K, committed 1664K, reserved 1048576K
}
Event: 1.178 GC heap after
{Heap after GC invocations=3 (full 0):
 garbage-first heap   total 262144K, used 11365K [0x00000000e0000000, 0x0000000100000000)
  region size 1024K, 3 young (3072K), 3 survivors (3072K)
 Metaspace       used 15246K, capacity 15567K, committed 15744K, reserved 1062912K
  class space    used 1474K, capacity 1559K, committed 1664K, reserved 1048576K
}
Event: 1.974 GC heap before
{Heap before GC invocations=3 (full 0):
 garbage-first heap   total 262144K, used 73829K [0x00000000e0000000, 0x0000000100000000)
  region size 1024K, 65 young (66560K), 3 survivors (3072K)
 Metaspace       used 18603K, capacity 18909K, committed 19200K, reserved 1067008K
  class space    used 1857K, capacity 1929K, committed 2048K, reserved 1048576K
}
Event: 1.977 GC heap after
{Heap after GC invocations=4 (full 0):
 garbage-first heap   total 262144K, used 13905K [0x00000000e0000000, 0x0000000100000000)
  region size 1024K, 6 young (6144K), 6 survivors (6144K)
 Metaspace       used 18603K, capacity 18909K, committed 19200K, reserved 1067008K
  class space    used 1857K, capacity 1929K, committed 2048K, reserved 1048576K
}
Event: 2.413 GC heap before
{Heap before GC invocations=4 (full 0):
 garbage-first heap   total 262144K, used 75345K [0x00000000e0000000, 0x0000000100000000)
  region size 1024K, 67 young (68608K), 6 survivors (6144K)
 Metaspace       used 20848K, capacity 21094K, committed 21296K, reserved 1069056K
  class space    used 2222K, capacity 2315K, committed 2432K, reserved 1048576K
}
Event: 2.416 GC heap after
{Heap after GC invocations=5 (full 0):
 garbage-first heap   total 262144K, used 17520K [0x00000000e0000000, 0x0000000100000000)
  region size 1024K, 9 young (9216K), 9 survivors (9216K)
 Metaspace       used 20848K, capacity 21094K, committed 21296K, reserved 1069056K
  class space    used 2222K, capacity 2315K, committed 2432K, reserved 1048576K
}
Event: 3.467 GC heap before
{Heap before GC invocations=6 (full 0):
 garbage-first heap   total 262144K, used 133232K [0x00000000e0000000, 0x0000000100000000)
  region size 1024K, 122 young (124928K), 9 survivors (9216K)
 Metaspace       used 24970K, capacity 25291K, committed 25520K, reserved 1073152K
  class space    used 2693K, capacity 2771K, committed 2816K, reserved 1048576K
}
Event: 3.472 GC heap after
{Heap after GC invocations=7 (full 0):
 garbage-first heap   total 262144K, used 26244K [0x00000000e0000000, 0x0000000100000000)
  region size 1024K, 16 young (16384K), 16 survivors (16384K)
 Metaspace       used 24970K, capacity 25291K, committed 25520K, reserved 1073152K
  class space    used 2693K, capacity 2771K, committed 2816K, reserved 1048576K
}

Deoptimization events (20 events):
Event: 4.260 Thread 0x0000026f587aa800 DEOPT PACKING pc=0x0000026f40e1e841 sp=0x000000a6697f8850
Event: 4.260 Thread 0x0000026f587aa800 DEOPT UNPACKING pc=0x0000026f40826dde sp=0x000000a6697f7d60 mode 0
Event: 4.271 Thread 0x0000026f587aa800 DEOPT PACKING pc=0x0000026f413f146a sp=0x000000a6697f8d40
Event: 4.271 Thread 0x0000026f587aa800 DEOPT UNPACKING pc=0x0000026f40826dde sp=0x000000a6697f82b8 mode 0
Event: 4.288 Thread 0x0000026f587aa800 DEOPT PACKING pc=0x0000026f40e1e841 sp=0x000000a6697f8b80
Event: 4.288 Thread 0x0000026f587aa800 DEOPT UNPACKING pc=0x0000026f40826dde sp=0x000000a6697f8090 mode 0
Event: 4.290 Thread 0x0000026f587aa800 DEOPT PACKING pc=0x0000026f413f146a sp=0x000000a6697f8c90
Event: 4.290 Thread 0x0000026f587aa800 DEOPT UNPACKING pc=0x0000026f40826dde sp=0x000000a6697f8208 mode 0
Event: 4.315 Thread 0x0000026f587aa800 DEOPT PACKING pc=0x0000026f40e1e841 sp=0x000000a6697f8650
Event: 4.315 Thread 0x0000026f587aa800 DEOPT UNPACKING pc=0x0000026f40826dde sp=0x000000a6697f7b60 mode 0
Event: 4.319 Thread 0x0000026f587aa800 DEOPT PACKING pc=0x0000026f413f146a sp=0x000000a6697f8c00
Event: 4.319 Thread 0x0000026f587aa800 DEOPT UNPACKING pc=0x0000026f40826dde sp=0x000000a6697f8178 mode 0
Event: 4.354 Thread 0x0000026f587aa800 DEOPT PACKING pc=0x0000026f423ad6a6 sp=0x000000a6697f8c70
Event: 4.354 Thread 0x0000026f587aa800 DEOPT UNPACKING pc=0x0000026f40826dde sp=0x000000a6697f8150 mode 0
Event: 4.367 Thread 0x0000026f587aa800 DEOPT PACKING pc=0x0000026f40d9910b sp=0x000000a6697f91d0
Event: 4.367 Thread 0x0000026f587aa800 DEOPT UNPACKING pc=0x0000026f40826dde sp=0x000000a6697f8668 mode 0
Event: 4.376 Thread 0x0000026f587aa800 DEOPT PACKING pc=0x0000026f423ad6a6 sp=0x000000a6697f8a40
Event: 4.376 Thread 0x0000026f587aa800 DEOPT UNPACKING pc=0x0000026f40826dde sp=0x000000a6697f7f20 mode 0
Event: 4.413 Thread 0x0000026f587aa800 DEOPT PACKING pc=0x0000026f423ad6a6 sp=0x000000a6697f8340
Event: 4.413 Thread 0x0000026f587aa800 DEOPT UNPACKING pc=0x0000026f40826dde sp=0x000000a6697f7820 mode 0

Classes redefined (20 events):
Event: 3.959 Thread 0x0000026f5346d800 redefined class name=java.lang.Object, count=1
Event: 3.960 Thread 0x0000026f5346d800 redefined class name=android.content.ComponentCallbacks2, count=2
Event: 3.960 Thread 0x0000026f5346d800 redefined class name=swati4star.createpdf.activity.RearrangePdfPages, count=3
Event: 3.961 Thread 0x0000026f5346d800 redefined class name=android.content.Context, count=2
Event: 3.961 Thread 0x0000026f5346d800 redefined class name=android.support.v4.app.ActivityCompat$RequestPermissionsRequestCodeValidator, count=2
Event: 3.962 Thread 0x0000026f5346d800 redefined class name=android.support.v7.app.AppCompatCallback, count=2
Event: 3.963 Thread 0x0000026f5346d800 redefined class name=android.support.v4.app.SupportActivity, count=4
Event: 3.963 Thread 0x0000026f5346d800 redefined class name=android.view.ContextThemeWrapper, count=3
Event: 3.964 Thread 0x0000026f5346d800 redefined class name=android.view.LayoutInflater$Factory2, count=2
Event: 3.964 Thread 0x0000026f5346d800 redefined class name=android.view.View$OnCreateContextMenuListener, count=2
Event: 3.965 Thread 0x0000026f5346d800 redefined class name=android.support.v4.app.FragmentActivity, count=6
Event: 3.965 Thread 0x0000026f5346d800 redefined class name=android.view.Window$Callback, count=2
Event: 3.966 Thread 0x0000026f5346d800 redefined class name=android.view.KeyEvent$Callback, count=2
Event: 3.966 Thread 0x0000026f5346d800 redefined class name=android.support.v7.app.ActionBarDrawerToggle$DelegateProvider, count=2
Event: 3.967 Thread 0x0000026f5346d800 redefined class name=android.support.v7.app.AppCompatActivity, count=7
Event: 3.967 Thread 0x0000026f5346d800 redefined class name=android.content.ContextWrapper, count=3
Event: 3.968 Thread 0x0000026f5346d800 redefined class name=android.content.ComponentCallbacks, count=2
Event: 3.969 Thread 0x0000026f5346d800 redefined class name=android.support.v4.view.KeyEventDispatcher$Component, count=2
Event: 3.969 Thread 0x0000026f5346d800 redefined class name=swati4star.createpdf.adapter.RearrangePdfAdapter$OnClickListener, count=2
Event: 4.250 Thread 0x0000026f5346d800 redefined class name=android.view.MenuItem, count=2

Internal exceptions (19 events):
Event: 0.225 Thread 0x0000026f3cd0e000 Exception <a 'java/security/PrivilegedActionException'{0x00000000efc63d98}> (0x00000000efc63d98) thrown at [./src/hotspot/share/prims/jvm.cpp, line 1306]
Event: 0.225 Thread 0x0000026f3cd0e000 Exception <a 'java/security/PrivilegedActionException'{0x00000000efc64068}> (0x00000000efc64068) thrown at [./src/hotspot/share/prims/jvm.cpp, line 1306]
Event: 0.272 Thread 0x0000026f3cd0e000 Exception <a 'java/security/PrivilegedActionException'{0x00000000ef68f0d0}> (0x00000000ef68f0d0) thrown at [./src/hotspot/share/prims/jvm.cpp, line 1306]
Event: 0.272 Thread 0x0000026f3cd0e000 Exception <a 'java/security/PrivilegedActionException'{0x00000000ef68f3a0}> (0x00000000ef68f3a0) thrown at [./src/hotspot/share/prims/jvm.cpp, line 1306]
Event: 0.375 Thread 0x0000026f3cd0e000 Exception <a 'java/lang/NoSuchMethodError'{0x00000000eeeaa648}: 'int java.lang.invoke.DirectMethodHandle$Holder.invokeSpecialIFC(java.lang.Object, java.lang.Object, int)'> (0x00000000eeeaa648) thrown at [./src/hotspot/share/interpreter/linkResolver.cpp, line 773]
Event: 0.892 Thread 0x0000026f3cd0e000 Exception <a 'java/lang/NoSuchMethodError'{0x00000000ef49bae0}: <clinit>> (0x00000000ef49bae0) thrown at [./src/hotspot/share/prims/jni.cpp, line 1362]
Event: 0.893 Thread 0x0000026f3cd0e000 Exception <a 'java/lang/NoSuchMethodError'{0x00000000ef4a5510}: <clinit>> (0x00000000ef4a5510) thrown at [./src/hotspot/share/prims/jni.cpp, line 1362]
Event: 0.893 Thread 0x0000026f3cd0e000 Exception <a 'java/lang/NoSuchMethodError'{0x00000000ef4ae9e0}: <clinit>> (0x00000000ef4ae9e0) thrown at [./src/hotspot/share/prims/jni.cpp, line 1362]
Event: 1.029 Thread 0x0000026f3cd0e000 Exception <a 'java/lang/NoSuchMethodError'{0x00000000ee794810}: 'java.lang.Object java.lang.invoke.DirectMethodHandle$Holder.invokeVirtual(java.lang.Object, java.lang.Object, java.lang.Object, java.lang.Object, java.lang.Object)'> (0x00000000ee794810) thrown at [./src/hotspot/share/interpreter/linkResolver.cpp, line 773]
Event: 1.119 Thread 0x0000026f3cd0e000 Exception <a 'java/lang/NoSuchMethodError'{0x00000000edd5a640}: 'java.lang.Object java.lang.invoke.DirectMethodHandle$Holder.invokeStaticInit(java.lang.Object, int, int, int, int)'> (0x00000000edd5a640) thrown at [./src/hotspot/share/interpreter/linkResolver.cpp, line 773]
Event: 1.168 Thread 0x0000026f3cd0e000 Exception <a 'java/lang/NoSuchMethodError'{0x00000000edc86a80}: 'java.lang.Object java.lang.invoke.DirectMethodHandle$Holder.invokeStaticInit(java.lang.Object, java.lang.Object, int, int, int, int)'> (0x00000000edc86a80) thrown at [./src/hotspot/share/interpreter/linkResolver.cpp, line 773]
Event: 1.493 Thread 0x0000026f587aa800 Exception <a 'java/lang/reflect/InvocationTargetException'{0x00000000ed502168}> (0x00000000ed502168) thrown at [./src/hotspot/share/runtime/reflection.cpp, line 1247]
Event: 1.494 Thread 0x0000026f587aa800 Exception <a 'java/lang/NoSuchMethodError'{0x00000000ed50e2d0}: 'java.lang.Object java.lang.invoke.DirectMethodHandle$Holder.invokeStaticInit(java.lang.Object, java.lang.Object, long, java.lang.Object)'> (0x00000000ed50e2d0) thrown at [./src/hotspot/share/interpreter/linkResolver.cpp, line 773]
Event: 1.495 Thread 0x0000026f587aa800 Exception <a 'java/lang/NoSuchMethodError'{0x00000000ed51a560}: 'java.lang.Object java.lang.invoke.Invokers$Holder.linkToTargetMethod(java.lang.Object, long, java.lang.Object)'> (0x00000000ed51a560) thrown at [./src/hotspot/share/interpreter/linkResolver.cpp, line 773]
Event: 1.506 Thread 0x0000026f587aa800 Exception <a 'java/lang/NoSuchMethodError'{0x00000000ed4271e8}: 'void java.lang.invoke.DirectMethodHandle$Holder.invokeStatic(java.lang.Object, long)'> (0x00000000ed4271e8) thrown at [./src/hotspot/share/interpreter/linkResolver.cpp, line 773]
Event: 1.506 Thread 0x0000026f587aa800 Exception <a 'java/lang/NoSuchMethodError'{0x00000000ed42c6a0}: 'java.lang.Object java.lang.invoke.DirectMethodHandle$Holder.invokeStatic(java.lang.Object, long)'> (0x00000000ed42c6a0) thrown at [./src/hotspot/share/interpreter/linkResolver.cpp, line 773]
Event: 1.507 Thread 0x0000026f587aa800 Exception <a 'java/lang/NoSuchMethodError'{0x00000000ed42fc70}: 'java.lang.Object java.lang.invoke.DirectMethodHandle$Holder.invokeSpecial(java.lang.Object, java.lang.Object, long)'> (0x00000000ed42fc70) thrown at [./src/hotspot/share/interpreter/linkResolver.cpp, line 773]
Event: 1.507 Thread 0x0000026f587aa800 Exception <a 'java/lang/NoSuchMethodError'{0x00000000ed432c80}: 'java.lang.Object java.lang.invoke.Invokers$Holder.linkToTargetMethod(long, java.lang.Object)'> (0x00000000ed432c80) thrown at [./src/hotspot/share/interpreter/linkResolver.cpp, line 773]
Event: 2.535 Thread 0x0000026f587aa800 Exception <a 'java/lang/ClassNotFoundException'{0x00000000ef076060}: java/lang/ClassLoader$ByteBuddyAccessor$e5nsT1ys> (0x00000000ef076060) thrown at [./src/hotspot/share/classfile/systemDictionary.cpp, line 231]

Events (20 events):
Event: 4.389 loading class net/bytebuddy/implementation/FieldAccessor$FieldLocation$Relative
Event: 4.389 loading class net/bytebuddy/implementation/FieldAccessor$FieldLocation$Relative done
Event: 4.392 loading class net/bytebuddy/implementation/FieldAccessor$FieldLocation$Prepared
Event: 4.392 loading class net/bytebuddy/implementation/FieldAccessor$FieldLocation$Prepared done
Event: 4.393 loading class net/bytebuddy/dynamic/scaffold/FieldLocator$ForClassHierarchy$Factory
Event: 4.393 loading class net/bytebuddy/dynamic/scaffold/FieldLocator$ForClassHierarchy$Factory done
Event: 4.396 loading class net/bytebuddy/matcher/SuperTypeMatcher
Event: 4.396 loading class net/bytebuddy/matcher/SuperTypeMatcher done
Event: 4.399 loading class net/bytebuddy/dynamic/loading/MultipleParentClassLoader$Builder
Event: 4.399 loading class net/bytebuddy/dynamic/loading/MultipleParentClassLoader$Builder done
Event: 4.407 loading class net/bytebuddy/dynamic/loading/MultipleParentClassLoader
Event: 4.407 loading class net/bytebuddy/dynamic/loading/MultipleParentClassLoader done
Event: 4.412 loading class net/bytebuddy/description/enumeration/EnumerationDescription$ForLoadedEnumeration
Event: 4.412 loading class net/bytebuddy/description/enumeration/EnumerationDescription$ForLoadedEnumeration done
Event: 4.415 loading class net/bytebuddy/description/enumeration/EnumerationDescription$AbstractBase
Event: 4.415 loading class net/bytebuddy/description/enumeration/EnumerationDescription$AbstractBase done
Event: 4.418 loading class net/bytebuddy/description/annotation/AnnotationValue$ForEnumerationDescription
Event: 4.418 loading class net/bytebuddy/description/annotation/AnnotationValue$ForEnumerationDescription done
Event: 4.425 Executing VM operation: ICBufferFull
Event: 4.425 Executing VM operation: ICBufferFull done


Dynamic libraries:
0x00007ff74bcb0000 - 0x00007ff74bcba000 	C:\Program Files\Android\Android Studio\jre\bin\java.exe
0x00007fff17c30000 - 0x00007fff17e25000 	C:\Windows\SYSTEM32\ntdll.dll
0x00007fff16220000 - 0x00007fff162de000 	C:\Windows\System32\KERNEL32.DLL
0x00007fff157f0000 - 0x00007fff15ab8000 	C:\Windows\System32\KERNELBASE.dll
0x00007fff15340000 - 0x00007fff15440000 	C:\Windows\System32\ucrtbase.dll
0x00007fff00ea0000 - 0x00007fff00eb9000 	C:\Program Files\Android\Android Studio\jre\bin\jli.dll
0x00007ffeff460000 - 0x00007ffeff477000 	C:\Program Files\Android\Android Studio\jre\bin\VCRUNTIME140.dll
0x00007fff17990000 - 0x00007fff17b31000 	C:\Windows\System32\USER32.dll
0x00007fff157c0000 - 0x00007fff157e2000 	C:\Windows\System32\win32u.dll
0x00007fff03920000 - 0x00007fff03bba000 	C:\Windows\WinSxS\amd64_microsoft.windows.common-controls_6595b64144ccf1df_6.0.19041.1110_none_60b5254171f9507e\COMCTL32.dll
0x00007fff16490000 - 0x00007fff164bb000 	C:\Windows\System32\GDI32.dll
0x00007fff16120000 - 0x00007fff161be000 	C:\Windows\System32\msvcrt.dll
0x00007fff15680000 - 0x00007fff1578d000 	C:\Windows\System32\gdi32full.dll
0x00007fff15440000 - 0x00007fff154dd000 	C:\Windows\System32\msvcp_win.dll
0x00007fff15c70000 - 0x00007fff15ca0000 	C:\Windows\System32\IMM32.DLL
0x00007ffefe4c0000 - 0x00007ffefe55d000 	C:\Program Files\Android\Android Studio\jre\bin\msvcp140.dll
0x00007ffed9780000 - 0x00007ffeda255000 	C:\Program Files\Android\Android Studio\jre\bin\server\jvm.dll
0x00007fff162e0000 - 0x00007fff1638e000 	C:\Windows\System32\ADVAPI32.dll
0x00007fff172c0000 - 0x00007fff1735c000 	C:\Windows\System32\sechost.dll
0x00007fff17860000 - 0x00007fff17985000 	C:\Windows\System32\RPCRT4.dll
0x00007fff16480000 - 0x00007fff16488000 	C:\Windows\System32\PSAPI.DLL
0x00007ffeff900000 - 0x00007ffeff909000 	C:\Windows\SYSTEM32\WSOCK32.dll
0x00007fff082a0000 - 0x00007fff082c7000 	C:\Windows\SYSTEM32\WINMM.dll
0x00007fff16c10000 - 0x00007fff16c7b000 	C:\Windows\System32\WS2_32.dll
0x00007fff10cb0000 - 0x00007fff10cba000 	C:\Windows\SYSTEM32\VERSION.dll
0x00007fff13250000 - 0x00007fff13262000 	C:\Windows\SYSTEM32\kernel.appcore.dll
0x00007fff10a10000 - 0x00007fff10a21000 	C:\Program Files\Android\Android Studio\jre\bin\verify.dll
0x00007fff07960000 - 0x00007fff07b44000 	C:\Windows\SYSTEM32\DBGHELP.DLL
0x00007ffef4e70000 - 0x00007ffef4e9c000 	C:\Windows\SYSTEM32\dbgcore.DLL
0x00007fff15540000 - 0x00007fff155c2000 	C:\Windows\System32\bcryptPrimitives.dll
0x00007fff10780000 - 0x00007fff107a9000 	C:\Program Files\Android\Android Studio\jre\bin\java.dll
0x00007fff10a00000 - 0x00007fff10a0b000 	C:\Program Files\Android\Android Studio\jre\bin\jimage.dll
0x00007ffeff450000 - 0x00007ffeff45f000 	C:\Program Files\Android\Android Studio\jre\bin\instrument.dll
0x00007fff0d520000 - 0x00007fff0d538000 	C:\Program Files\Android\Android Studio\jre\bin\zip.dll
0x00007fff164c0000 - 0x00007fff16c04000 	C:\Windows\System32\SHELL32.dll
0x00007fff13450000 - 0x00007fff13be5000 	C:\Windows\SYSTEM32\windows.storage.dll
0x00007fff16c80000 - 0x00007fff16fd5000 	C:\Windows\System32\combase.dll
0x00007fff14cc0000 - 0x00007fff14cee000 	C:\Windows\SYSTEM32\Wldp.dll
0x00007fff17520000 - 0x00007fff175cd000 	C:\Windows\System32\SHCORE.dll
0x00007fff161c0000 - 0x00007fff16215000 	C:\Windows\System32\shlwapi.dll
0x00007fff15280000 - 0x00007fff1529f000 	C:\Windows\SYSTEM32\profapi.dll
0x00007fff0d4a0000 - 0x00007fff0d4ba000 	C:\Program Files\Android\Android Studio\jre\bin\net.dll
0x00007fff0bbf0000 - 0x00007fff0bcfc000 	C:\Windows\SYSTEM32\WINHTTP.dll
0x00007fff14a20000 - 0x00007fff14a8a000 	C:\Windows\system32\mswsock.dll
0x00007ffefff30000 - 0x00007ffefff44000 	C:\Program Files\Android\Android Studio\jre\bin\nio.dll
0x00007ffef2ea0000 - 0x00007ffef2eb7000 	C:\Windows\system32\napinsp.dll
0x00007ffef2e80000 - 0x00007ffef2e9b000 	C:\Windows\system32\pnrpnsp.dll
0x00007fff0f3a0000 - 0x00007fff0f3b5000 	C:\Windows\system32\wshbth.dll
0x00007fff10ea0000 - 0x00007fff10ebd000 	C:\Windows\system32\NLAapi.dll
0x00007fff14710000 - 0x00007fff1474b000 	C:\Windows\SYSTEM32\IPHLPAPI.DLL
0x00007fff14750000 - 0x00007fff1481b000 	C:\Windows\SYSTEM32\DNSAPI.dll
0x00007fff17360000 - 0x00007fff17368000 	C:\Windows\System32\NSI.dll
0x00007ffef2e40000 - 0x00007ffef2e52000 	C:\Windows\System32\winrnr.dll
0x0000000066030000 - 0x0000000066056000 	C:\Program Files\Bonjour\mdnsNSP.dll
0x00007fff03db0000 - 0x00007fff03dba000 	C:\Windows\System32\rasadhlp.dll
0x00007fff02d40000 - 0x00007fff02dbf000 	C:\Windows\System32\fwpuclnt.dll
0x00007fff15790000 - 0x00007fff157b7000 	C:\Windows\System32\bcrypt.dll
0x00007fff14c10000 - 0x00007fff14c28000 	C:\Windows\SYSTEM32\CRYPTSP.dll
0x00007fff143a0000 - 0x00007fff143d4000 	C:\Windows\system32\rsaenh.dll
0x00007fff15240000 - 0x00007fff1526e000 	C:\Windows\SYSTEM32\USERENV.dll
0x00007fff14c30000 - 0x00007fff14c3c000 	C:\Windows\SYSTEM32\CRYPTBASE.dll
0x00007fff0cf90000 - 0x00007fff0cfa7000 	C:\Windows\SYSTEM32\dhcpcsvc6.DLL
0x00007fff0cf70000 - 0x00007fff0cf8d000 	C:\Windows\SYSTEM32\dhcpcsvc.DLL

dbghelp: loaded successfully - version: 4.0.5 - missing functions: none
symbol engine: initialized successfully - sym options: 0x614 - pdb path: .;C:\Program Files\Android\Android Studio\jre\bin;C:\Windows\SYSTEM32;C:\Windows\WinSxS\amd64_microsoft.windows.common-controls_6595b64144ccf1df_6.0.19041.1110_none_60b5254171f9507e;C:\Program Files\Android\Android Studio\jre\bin\server;C:\Program Files\Bonjour

VM Arguments:
jvm_args: -Djava.awt.headless=true -Dorg.gradle.native=false -javaagent:C:\Users\Emanuele\AppData\Local\Google\AndroidStudio2021.1\testAgent\intellij-coverage-agent-1.0.579.jar=C:\Users\Emanuele\AppData\Local\Temp\coverage15049args -javaagent:build/tmp/expandedArchives/org.jacoco.agent-0.8.3.jar_4b57cf550318c2dfec984d52b9993337/jacocoagent.jar=destfile=build/jacoco/testDebugUnitTest.exec,append=true,inclnolocationclasses=false,dumponexit=true,output=file,jmx=false -Xmx512m -Dfile.encoding=windows-1252 -Duser.country=IT -Duser.language=it -Duser.variant -ea 
java_command: worker.org.gradle.process.internal.worker.GradleWorkerMain 'Gradle Test Executor 4'
java_class_path (initial): C:\\Users\\Emanuele\\.gradle\\caches\\5.4.1\\workerMain\\gradle-worker.jar;D:\\UNISA\\Images-to-PDF-8.8.1\\app\\build\\intermediates\\unit_test_config_directory\\debugUnitTest\\out;D:\\UNISA\\Images-to-PDF-8.8.1\\app\\build\\intermediates\\javac\\debugUnitTest\\classes;D:\\UNISA\\Images-to-PDF-8.8.1\\app\\build\\intermediates\\sourceFolderJavaResources\\test\\debug;D:\\UNISA\\Images-to-PDF-8.8.1\\app\\libs\\aspose-cells-19.3-android.via.java.jar;C:\\Users\\Emanuele\\.gradle\\caches\\modules-2\\files-2.1\\junit\\junit\\4.12\\2973d150c0dc1fefe998f834810d68f278ea58ec\\junit-4.12.jar;C:\\Users\\Emanuele\\.gradle\\caches\\transforms-2\\files-2.1\\7b6909b64f48938995ae3ed4e82d21fb\\design-28.0.0\\jars\\classes.jar;C:\\Users\\Emanuele\\.gradle\\caches\\transforms-2\\files-2.1\\651251c562687d258463be1acb29cef2\\preference-v7-28.0.0\\jars\\classes.jar;C:\\Users\\Emanuele\\.gradle\\caches\\transforms-2\\files-2.1\\486df71dc6ed74dea0b4255c79b1f7bb\\android-morphing-button-98a4986e56\\jars\\classes.jar;C:\\Users\\Emanuele\\.gradle\\caches\\transforms-2\\files-2.1\\e0b8729a29a97f1249360bc34a62f3c6\\core-0.9.6.0\\jars\\classes.jar;C:\\Users\\Emanuele\\.gradle\\caches\\transforms-2\\files-2.1\\9a8a65aafbfe97c85a668158010ad42e\\lottie-2.5.5\\jars\\classes.jar;C:\\Users\\Emanuele\\.gradle\\caches\\transforms-2\\files-2.1\\f759d4cca9c841abfbbf69a3d1988020\\photoeditor-0.2.1\\jars\\classes.jar;C:\\Users\\Emanuele\\.gradle\\caches\\transforms-2\\files-2.1\\136cddfca49c69e99f753cbe0696d868\\android-image-cropper-2.7.0\\jars\\classes.jar;C:\\Users\\Emanuele\\.gradle\\caches\\transforms-2\\files-2.1\\da52e0abd62c4b4fdf635b9f1534cce3\\matisse-0.5.2-beta4\\jars\\classes.jar;C:\\Users\\Emanuele\\.gradle\\caches\\transforms-2\\files-2.1\\fa54b75fd3ca8dcd347227168e2bb359\\library-1.4.2\\jars\\classes.jar;C:\\Users\\Emanuele\\.gradle\\caches\\transforms-2\\files-2.1\\2f076f60f4de0bb3727f48fd42425706\\appcompat-v7-28.0.0\\jars\\classes.jar;C:\\Users\\Emanuele\\.gradle
Launcher Type: SUN_STANDARD

[Global flags]
     intx CICompilerCount                          = 3                                         {product} {ergonomic}
     uint ConcGCThreads                            = 2                                         {product} {ergonomic}
     uint G1ConcRefinementThreads                  = 6                                         {product} {ergonomic}
   size_t G1HeapRegionSize                         = 1048576                                   {product} {ergonomic}
    uintx GCDrainStackTargetSize                   = 64                                        {product} {ergonomic}
   size_t InitialHeapSize                          = 268435456                                 {product} {ergonomic}
   size_t MarkStackSize                            = 4194304                                   {product} {ergonomic}
   size_t MaxHeapSize                              = 536870912                                 {product} {command line}
   size_t MaxNewSize                               = 321912832                                 {product} {ergonomic}
   size_t MinHeapDeltaBytes                        = 1048576                                   {product} {ergonomic}
    uintx NonNMethodCodeHeapSize                   = 5830732                                {pd product} {ergonomic}
    uintx NonProfiledCodeHeapSize                  = 122913754                              {pd product} {ergonomic}
    uintx ProfiledCodeHeapSize                     = 122913754                              {pd product} {ergonomic}
    uintx ReservedCodeCacheSize                    = 251658240                              {pd product} {ergonomic}
     bool SegmentedCodeCache                       = true                                      {product} {ergonomic}
     bool UseCompressedClassPointers               = true                                 {lp64_product} {ergonomic}
     bool UseCompressedOops                        = true                                 {lp64_product} {ergonomic}
     bool UseG1GC                                  = true                                      {product} {ergonomic}
     bool UseLargePagesIndividualAllocation        = false                                  {pd product} {ergonomic}

Logging:
Log output configuration:
 #0: stdout all=warning uptime,level,tags
 #1: stderr all=off uptime,level,tags

Environment Variables:
PATH=C:\Program Files\Common Files\Oracle\Java\javapath;C:\Program Files (x86)\Common Files\Oracle\Java\javapath;C:\Windows\system32;C:\Windows;C:\Windows\System32\Wbem;C:\Windows\System32\WindowsPowerShell\v1.0\;C:\Windows\System32\OpenSSH\;C:\Program Files\NVIDIA Corporation\NVIDIA NvDLISR;C:\Program Files (x86)\NVIDIA Corporation\PhysX\Common;C:\Program Files\dotnet\;C:\Program Files\Git\cmd;C:\Users\Emanuele\AppData\Local\Microsoft\WindowsApps;C:\Users\Emanuele\AppData\Local\GitHubDesktop\bin
USERNAME=Emanuele
OS=Windows_NT
PROCESSOR_IDENTIFIER=Intel64 Family 6 Model 158 Stepping 12, GenuineIntel



---------------  S Y S T E M  ---------------

OS: Windows 10 , 64 bit Build 19041 (10.0.19041.1466)
OS uptime: 0 days 1:19 hours

CPU:total 6 (initial active 6) (6 cores per cpu, 1 threads per core) family 6 model 158 stepping 12 microcode 0xae, cmov, cx8, fxsr, mmx, sse, sse2, sse3, ssse3, sse4.1, sse4.2, popcnt, avx, avx2, aes, clmul, erms, rtm, 3dnowpref, lzcnt, tsc, tscinvbit, bmi1, bmi2, adx, fma

Memory: 4k page, system-wide physical 16316M (9384M free)
TotalPageFile size 18748M (AvailPageFile size 10520M)
current process WorkingSet (physical memory assigned to process): 331M, peak: 334M
current process commit charge ("private bytes"): 473M, peak: 476M

vm_info: OpenJDK 64-Bit Server VM (11.0.11+9-b60-7590822) for windows-amd64 JRE (11.0.11+9-b60-7590822), built on Jul 29 2021 21:43:44 by "builder" with MS VC++ 14.0 (VS2015)

END.
