#
# A fatal error has been detected by the Java Runtime Environment:
#
#  EXCEPTION_ACCESS_VIOLATION (0xc0000005) at pc=0x00007ff87bd13d20, pid=8696, tid=424
#
# JRE version: OpenJDK Runtime Environment (11.0.11+9) (build 11.0.11+9-b60-7590822)
# Java VM: OpenJDK 64-Bit Server VM (11.0.11+9-b60-7590822, mixed mode, tiered, compressed oops, g1 gc, windows-amd64)
# Problematic frame:
# V  [jvm.dll+0x353d20]
#
# No core dump will be written. Minidumps are not enabled by default on client versions of Windows
#
# If you would like to submit a bug report, please visit:
#   https://bugreport.java.com/bugreport/crash.jsp
#

---------------  S U M M A R Y ------------

Command Line: -Djava.awt.headless=true -Dorg.gradle.native=false -javaagent:C:\Users\Emanuele\AppData\Local\Google\AndroidStudio2021.1\testAgent\intellij-coverage-agent-1.0.579.jar=C:\Users\Emanuele\AppData\Local\Temp\coverage2825args -javaagent:build/tmp/expandedArchives/org.jacoco.agent-0.8.3.jar_4b57cf550318c2dfec984d52b9993337/jacocoagent.jar=destfile=build/jacoco/testDebugUnitTest.exec,append=true,inclnolocationclasses=false,dumponexit=true,output=file,jmx=false -Xmx512m -Dfile.encoding=windows-1252 -Duser.country=IT -Duser.language=it -Duser.variant -ea worker.org.gradle.process.internal.worker.GradleWorkerMain 'Gradle Test Executor 15'

Host: Intel(R) Core(TM) i5-9600K CPU @ 3.70GHz, 6 cores, 15G,  Windows 10 , 64 bit Build 19041 (10.0.19041.1466)
Time: Mon Feb  7 20:47:29 2022 ora solare Europa occidentale elapsed time: 5.444474 seconds (0d 0h 0m 5s)

---------------  T H R E A D  ---------------

Current thread (0x000001c4ef725000):  JavaThread "C2 CompilerThread0" daemon [_thread_in_native, id=424, stack(0x0000000eaef00000,0x0000000eaf000000)]


Current CompileTask:
C2:   5444 4316       4       org.jetbrains.coverage.org.objectweb.asm.Frame::execute (2318 bytes)

Stack: [0x0000000eaef00000,0x0000000eaf000000],  sp=0x0000000eaeffbb20,  free space=1006k
Native frames: (J=compiled Java code, j=interpreted, Vv=VM code, C=native code)
V  [jvm.dll+0x353d20]
V  [jvm.dll+0x35267f]
V  [jvm.dll+0x198990]
V  [jvm.dll+0x1fc2ee]
V  [jvm.dll+0x1fb3d4]
V  [jvm.dll+0x183d6c]
V  [jvm.dll+0x209a57]
V  [jvm.dll+0x2082a1]
V  [jvm.dll+0x6ef58f]
V  [jvm.dll+0x6e80b5]
V  [jvm.dll+0x5f1036]
C  [ucrtbase.dll+0x21bb2]
C  [KERNEL32.DLL+0x17034]
C  [ntdll.dll+0x52651]


siginfo: EXCEPTION_ACCESS_VIOLATION (0xc0000005), reading address 0xffffffffffffffff


Register to memory mapping:

RIP=0x00007ff87bd13d20 jvm.dll
RAX=0x004001c4f0bb17b0 is an unknown value
RBX=0x0000000000000008 is an unknown value
RCX=0x000001c4f201b0c8 points into unknown readable memory: 0x00007ff87c1ac5e8 | e8 c5 1a 7c f8 7f 00 00
RDX=0x000001c4f59f7f90 points into unknown readable memory: 0x0000000000000005 | 05 00 00 00 00 00 00 00
RSP=0x0000000eaeffbb20 is pointing into the stack for thread: 0x000001c4ef725000
RBP=0x0000000eaeffbc50 is pointing into the stack for thread: 0x000001c4ef725000
RSI=0x0000000000000004 is an unknown value
RDI=0x000001c4f201b0c8 points into unknown readable memory: 0x00007ff87c1ac5e8 | e8 c5 1a 7c f8 7f 00 00
R8 =0x000000000000001e is an unknown value
R9 =0x0000000000000008 is an unknown value
R10=0x000000000000001e is an unknown value
R11=0x0000000eaeffbbe0 is pointing into the stack for thread: 0x000001c4ef725000
R12=0x0 is NULL
R13=0x0000000eaeffc190 is pointing into the stack for thread: 0x000001c4ef725000
R14=0x000001c4f201b0c8 points into unknown readable memory: 0x00007ff87c1ac5e8 | e8 c5 1a 7c f8 7f 00 00
R15=0x000001c4f4f2d0a0 points into unknown readable memory: 0x00007ff87c1a8298 | 98 82 1a 7c f8 7f 00 00


Registers:
RAX=0x004001c4f0bb17b0, RBX=0x0000000000000008, RCX=0x000001c4f201b0c8, RDX=0x000001c4f59f7f90
RSP=0x0000000eaeffbb20, RBP=0x0000000eaeffbc50, RSI=0x0000000000000004, RDI=0x000001c4f201b0c8
R8 =0x000000000000001e, R9 =0x0000000000000008, R10=0x000000000000001e, R11=0x0000000eaeffbbe0
R12=0x0000000000000000, R13=0x0000000eaeffc190, R14=0x000001c4f201b0c8, R15=0x000001c4f4f2d0a0
RIP=0x00007ff87bd13d20, EFLAGS=0x0000000000010283

Top of Stack: (sp=0x0000000eaeffbb20)
0x0000000eaeffbb20:   000001c4f4f2d0a0 0000000000000003
0x0000000eaeffbb30:   0000000000000004 0000000eaeffbc50
0x0000000eaeffbb40:   0000000000000003 00007ff87bd1267f
0x0000000eaeffbb50:   0000000000000004 0000000000000004
0x0000000eaeffbb60:   000001c4f201b0c8 0000000000000004
0x0000000eaeffbb70:   0000000eaeffbba8 3f1ec4ced27d1998
0x0000000eaeffbb80:   0000000e000f423f 0000000400000004
0x0000000eaeffbb90:   0000000d00000004 0000000000000000
0x0000000eaeffbba0:   00000004ffffffff 0000000400000000
0x0000000eaeffbbb0:   0000000e00000000 00007ff800000000
0x0000000eaeffbbc0:   0000069600000003 000001c400000000
0x0000000eaeffbbd0:   0000000000000000 0000000000100000
0x0000000eaeffbbe0:   000001c400000005 000001c4f3882bd0
0x0000000eaeffbbf0:   000001c4f1b26c40 00007ff800000000
0x0000000eaeffbc00:   000001c4f50ea920 00007ff800000001
0x0000000eaeffbc10:   000001c4f38a5010 0000000000000001 

Instructions: (pc=0x00007ff87bd13d20)
0x00007ff87bd13c20:   10 94 00 00 00 8b ac 10 98 00 00 00 48 03 51 10
0x00007ff87bd13c30:   48 8d 4c 24 20 e8 b6 51 00 00 8b 44 24 20 4c 8d
0x00007ff87bd13c40:   35 bb c3 ca ff 85 c0 74 3d 44 8b 44 24 24 a8 1f
0x00007ff87bd13c50:   75 0b c1 e8 05 41 83 c0 05 a8 1f 74 f5 8b d0 83
0x00007ff87bd13c60:   e2 1f 42 0f b6 8c 32 80 0e 83 00 d3 e8 41 03 c8
0x00007ff87bd13c70:   89 4c 24 24 42 0f b6 8c 32 60 0e 83 00 41 03 c8
0x00007ff87bd13c80:   89 44 24 20 eb 10 48 8d 4c 24 20 e8 b0 51 00 00
0x00007ff87bd13c90:   8b c8 8b 44 24 20 85 c9 74 3b 48 8d 14 89 48 c1
0x00007ff87bd13ca0:   e2 05 48 03 56 20 0f b7 8a 94 00 00 00 0f ba e5
0x00007ff87bd13cb0:   08 72 18 f7 82 98 00 00 00 00 01 00 00 75 0c 3b
0x00007ff87bd13cc0:   d9 0f 47 cb 03 f9 e9 7a ff ff ff 0f af cb 03 f9
0x00007ff87bd13cd0:   e9 70 ff ff ff 4c 8d 5c 24 60 8b c7 49 8b 5b 10
0x00007ff87bd13ce0:   49 8b 6b 18 49 8b 73 20 49 8b 7b 28 49 8b e3 41
0x00007ff87bd13cf0:   5e c3 cc cc cc cc cc cc cc cc cc cc cc cc cc cc
0x00007ff87bd13d00:   48 89 5c 24 08 48 89 74 24 10 57 48 83 ec 20 8b
0x00007ff87bd13d10:   59 28 48 8b f9 ff cb 3b 59 18 73 0a 48 8b 41 20
0x00007ff87bd13d20:   48 8b 34 d8 eb 02 33 f6 48 8b 06 48 8b ce ff 50
0x00007ff87bd13d30:   20 48 3b c6 74 03 2b 5f 48 ba 01 00 00 00 3b da
0x00007ff87bd13d40:   76 34 44 8b 4f 18 44 8d 42 07 66 0f 1f 44 00 00
0x00007ff87bd13d50:   41 3b d1 73 0a 48 8b 47 20 49 8b 0c 00 eb 02 33
0x00007ff87bd13d60:   c9 8b 49 2c 83 e1 0f 80 f9 0c 75 0a ff c2 49 83
0x00007ff87bd13d70:   c0 08 3b d3 72 da 48 8b 5c 24 30 8b c2 48 8b 74
0x00007ff87bd13d80:   24 38 48 83 c4 20 5f c3 cc cc cc cc cc cc cc cc
0x00007ff87bd13d90:   48 89 5c 24 08 48 89 6c 24 10 48 89 74 24 18 57
0x00007ff87bd13da0:   41 54 41 55 41 56 41 57 48 83 ec 20 8b ea 48 8b
0x00007ff87bd13db0:   d9 48 8b 51 30 89 69 28 b9 20 00 00 00 e8 9e f9
0x00007ff87bd13dc0:   d5 ff 45 33 f6 48 85 c0 74 0e 48 8b 53 30 48 8b
0x00007ff87bd13dd0:   c8 e8 9a d1 3b 00 eb 03 49 8b c6 48 8b 73 30 4c
0x00007ff87bd13de0:   8d 2c ad 00 00 00 00 4c 03 ed 48 89 43 38 49 c1
0x00007ff87bd13df0:   e5 05 4c 8b fd 44 88 73 18 49 8d 7d 0f 48 83 e7
0x00007ff87bd13e00:   f0 4c 8b e7 49 f7 d4 4c 3b 66 18 73 12 4c 8d 05
0x00007ff87bd13e10:   2c e5 48 00 48 8b d7 48 8b ce e8 01 90 d6 ff 48 


Stack slot to memory mapping:
stack at sp + 0 slots: 0x000001c4f4f2d0a0 points into unknown readable memory: 0x00007ff87c1a8298 | 98 82 1a 7c f8 7f 00 00
stack at sp + 1 slots: 0x0000000000000003 is an unknown value
stack at sp + 2 slots: 0x0000000000000004 is an unknown value
stack at sp + 3 slots: 0x0000000eaeffbc50 is pointing into the stack for thread: 0x000001c4ef725000
stack at sp + 4 slots: 0x0000000000000003 is an unknown value
stack at sp + 5 slots: 0x00007ff87bd1267f jvm.dll
stack at sp + 6 slots: 0x0000000000000004 is an unknown value
stack at sp + 7 slots: 0x0000000000000004 is an unknown value


---------------  P R O C E S S  ---------------

Threads class SMR info:
_java_thread_list=0x000001c4f35e04f0, length=11, elements={
0x000001c4d872d000, 0x000001c4eee93800, 0x000001c4eee95000, 0x000001c4ef71c000,
0x000001c4ef71e000, 0x000001c4ef71e800, 0x000001c4ef725000, 0x000001c4ef72e000,
0x000001c4ef72f000, 0x000001c4ef9b9800, 0x000001c4efcab000
}

Java Threads: ( => current thread )
  0x000001c4d872d000 JavaThread "main" [_thread_blocked, id=7480, stack(0x0000000eae300000,0x0000000eae400000)]
  0x000001c4eee93800 JavaThread "Reference Handler" daemon [_thread_blocked, id=4756, stack(0x0000000eaea00000,0x0000000eaeb00000)]
  0x000001c4eee95000 JavaThread "Finalizer" daemon [_thread_blocked, id=6916, stack(0x0000000eaeb00000,0x0000000eaec00000)]
  0x000001c4ef71c000 JavaThread "Signal Dispatcher" daemon [_thread_blocked, id=8464, stack(0x0000000eaec00000,0x0000000eaed00000)]
  0x000001c4ef71e000 JavaThread "Attach Listener" daemon [_thread_blocked, id=784, stack(0x0000000eaed00000,0x0000000eaee00000)]
  0x000001c4ef71e800 JavaThread "Service Thread" daemon [_thread_blocked, id=7536, stack(0x0000000eaee00000,0x0000000eaef00000)]
=>0x000001c4ef725000 JavaThread "C2 CompilerThread0" daemon [_thread_in_native, id=424, stack(0x0000000eaef00000,0x0000000eaf000000)]
  0x000001c4ef72e000 JavaThread "C1 CompilerThread0" daemon [_thread_blocked, id=3328, stack(0x0000000eaf000000,0x0000000eaf100000)]
  0x000001c4ef72f000 JavaThread "Sweeper thread" daemon [_thread_blocked, id=1844, stack(0x0000000eaf100000,0x0000000eaf200000)]
  0x000001c4ef9b9800 JavaThread "Common-Cleaner" daemon [_thread_blocked, id=5572, stack(0x0000000eaf200000,0x0000000eaf300000)]
  0x000001c4efcab000 JavaThread "C2 CompilerThread1" daemon [_thread_blocked, id=6736, stack(0x0000000eaf300000,0x0000000eaf400000)]

Other Threads:
  0x000001c4eee8c000 VMThread "VM Thread" [stack: 0x0000000eae900000,0x0000000eaea00000] [id=8304] _threads_hazard_ptr=0x000001c4f35e04f0
  0x000001c4d8756800 GCTaskThread "GC Thread#0" [stack: 0x0000000eae400000,0x0000000eae500000] [id=6892]
  0x000001c4f0feb000 GCTaskThread "GC Thread#1" [stack: 0x0000000eaf500000,0x0000000eaf600000] [id=8808]
  0x000001c4f0006800 GCTaskThread "GC Thread#2" [stack: 0x0000000eaf600000,0x0000000eaf700000] [id=3168]
  0x000001c4f11ad000 GCTaskThread "GC Thread#3" [stack: 0x0000000eaf700000,0x0000000eaf800000] [id=6116]
  0x000001c4efff7800 GCTaskThread "GC Thread#4" [stack: 0x0000000eaf800000,0x0000000eaf900000] [id=6252]
  0x000001c4f10d3800 GCTaskThread "GC Thread#5" [stack: 0x0000000eaf900000,0x0000000eafa00000] [id=6904]
  0x000001c4d8747000 ConcurrentGCThread "G1 Main Marker" [stack: 0x0000000eae500000,0x0000000eae600000] [id=4140]
  0x000001c4d8748800 ConcurrentGCThread "G1 Conc#0" [stack: 0x0000000eae600000,0x0000000eae700000] [id=1936]
  0x000001c4f1294800 ConcurrentGCThread "G1 Conc#1" [stack: 0x0000000eaff00000,0x0000000eb0000000] [id=6152]
  0x000001c4d87fe800 ConcurrentGCThread "G1 Refine#0" [stack: 0x0000000eae700000,0x0000000eae800000] [id=5788]
  0x000001c4ef8b4800 ConcurrentGCThread "G1 Refine#1" [stack: 0x0000000eafa00000,0x0000000eafb00000] [id=5908]
  0x000001c4eecf8800 ConcurrentGCThread "G1 Young RemSet Sampling" [stack: 0x0000000eae800000,0x0000000eae900000] [id=3036]

Threads with active compile tasks:
C2 CompilerThread0   5465 4316       4       org.jetbrains.coverage.org.objectweb.asm.Frame::execute (2318 bytes)
C2 CompilerThread1   5465 4413       4       org.jacoco.agent.rt.internal_1f1cc91.asm.commons.AnalyzerAdapter::execute (3533 bytes)

VM state:at safepoint (normal execution)

VM Mutex/Monitor currently owned by a thread:  ([mutex/lock_event])
[0x000001c4d8728640] Threads_lock - owner thread: 0x000001c4eee8c000

Heap address: 0x00000000e0000000, size: 512 MB, Compressed Oops mode: 32-bit
Narrow klass base: 0x0000000000000000, Narrow klass shift: 3
Compressed class space size: 1073741824 Address: 0x0000000100000000

Heap:
 garbage-first heap   total 262144K, used 42751K [0x00000000e0000000, 0x0000000100000000)
  region size 1024K, 26 young (26624K), 11 survivors (11264K)
 Metaspace       used 27051K, capacity 27457K, committed 27648K, reserved 1073152K
  class space    used 2885K, capacity 3000K, committed 3072K, reserved 1048576K
Heap Regions: E=young(eden), S=young(survivor), O=old, HS=humongous(starts), HC=humongous(continues), CS=collection set, F=free, A=archive, TAMS=top-at-mark-start (previous, next)
|   0|0x00000000e0000000, 0x00000000e0100000, 0x00000000e0100000|100%|HS|  |TAMS 0x00000000e0100000, 0x00000000e0000000| Complete 
|   1|0x00000000e0100000, 0x00000000e0200000, 0x00000000e0200000|100%| O|  |TAMS 0x00000000e0200000, 0x00000000e0100000| Untracked 
|   2|0x00000000e0200000, 0x00000000e0300000, 0x00000000e0300000|100%| O|  |TAMS 0x00000000e0300000, 0x00000000e0200000| Untracked 
|   3|0x00000000e0300000, 0x00000000e0400000, 0x00000000e0400000|100%| O|  |TAMS 0x00000000e0400000, 0x00000000e0300000| Untracked 
|   4|0x00000000e0400000, 0x00000000e0500000, 0x00000000e0500000|100%| O|  |TAMS 0x00000000e0500000, 0x00000000e0400000| Untracked 
|   5|0x00000000e0500000, 0x00000000e0600000, 0x00000000e0600000|100%| O|  |TAMS 0x00000000e0600000, 0x00000000e0500000| Untracked 
|   6|0x00000000e0600000, 0x00000000e0700000, 0x00000000e0700000|100%| O|  |TAMS 0x00000000e0700000, 0x00000000e0600000| Untracked 
|   7|0x00000000e0700000, 0x00000000e0800000, 0x00000000e0800000|100%| O|  |TAMS 0x00000000e0800000, 0x00000000e0700000| Untracked 
|   8|0x00000000e0800000, 0x00000000e0900000, 0x00000000e0900000|100%| O|  |TAMS 0x00000000e087b000, 0x00000000e0800000| Untracked 
|   9|0x00000000e0900000, 0x00000000e0a00000, 0x00000000e0a00000|100%| O|  |TAMS 0x00000000e0900000, 0x00000000e0900000| Untracked 
|  10|0x00000000e0a00000, 0x00000000e0b00000, 0x00000000e0b00000|100%| O|  |TAMS 0x00000000e0a00000, 0x00000000e0a00000| Untracked 
|  11|0x00000000e0b00000, 0x00000000e0c00000, 0x00000000e0c00000|100%| O|  |TAMS 0x00000000e0b00000, 0x00000000e0b00000| Untracked 
|  12|0x00000000e0c00000, 0x00000000e0d00000, 0x00000000e0d00000|100%| O|  |TAMS 0x00000000e0c00000, 0x00000000e0c00000| Untracked 
|  13|0x00000000e0d00000, 0x00000000e0e00000, 0x00000000e0e00000|100%| O|  |TAMS 0x00000000e0d00000, 0x00000000e0d00000| Untracked 
|  14|0x00000000e0e00000, 0x00000000e0f00000, 0x00000000e0f00000|100%| O|  |TAMS 0x00000000e0e00000, 0x00000000e0e00000| Untracked 
|  15|0x00000000e0f00000, 0x00000000e1000000, 0x00000000e1000000|100%| O|  |TAMS 0x00000000e0f00000, 0x00000000e0f00000| Untracked 
|  16|0x00000000e1000000, 0x00000000e10bfe00, 0x00000000e1100000| 74%| O|  |TAMS 0x00000000e1000000, 0x00000000e1000000| Untracked 
|  17|0x00000000e1100000, 0x00000000e1100000, 0x00000000e1200000|  0%| F|  |TAMS 0x00000000e1100000, 0x00000000e1100000| Untracked 
|  18|0x00000000e1200000, 0x00000000e1200000, 0x00000000e1300000|  0%| F|  |TAMS 0x00000000e1200000, 0x00000000e1200000| Untracked 
|  19|0x00000000e1300000, 0x00000000e1300000, 0x00000000e1400000|  0%| F|  |TAMS 0x00000000e1300000, 0x00000000e1300000| Untracked 
|  20|0x00000000e1400000, 0x00000000e1400000, 0x00000000e1500000|  0%| F|  |TAMS 0x00000000e1400000, 0x00000000e1400000| Untracked 
|  21|0x00000000e1500000, 0x00000000e1500000, 0x00000000e1600000|  0%| F|  |TAMS 0x00000000e1500000, 0x00000000e1500000| Untracked 
|  22|0x00000000e1600000, 0x00000000e1600000, 0x00000000e1700000|  0%| F|  |TAMS 0x00000000e1600000, 0x00000000e1600000| Untracked 
|  23|0x00000000e1700000, 0x00000000e1700000, 0x00000000e1800000|  0%| F|  |TAMS 0x00000000e1700000, 0x00000000e1700000| Untracked 
|  24|0x00000000e1800000, 0x00000000e1800000, 0x00000000e1900000|  0%| F|  |TAMS 0x00000000e1800000, 0x00000000e1800000| Untracked 
|  25|0x00000000e1900000, 0x00000000e1900000, 0x00000000e1a00000|  0%| F|  |TAMS 0x00000000e1900000, 0x00000000e1900000| Untracked 
|  26|0x00000000e1a00000, 0x00000000e1a00000, 0x00000000e1b00000|  0%| F|  |TAMS 0x00000000e1a00000, 0x00000000e1a00000| Untracked 
|  27|0x00000000e1b00000, 0x00000000e1b00000, 0x00000000e1c00000|  0%| F|  |TAMS 0x00000000e1b00000, 0x00000000e1b00000| Untracked 
|  28|0x00000000e1c00000, 0x00000000e1c00000, 0x00000000e1d00000|  0%| F|  |TAMS 0x00000000e1c00000, 0x00000000e1c00000| Untracked 
|  29|0x00000000e1d00000, 0x00000000e1d00000, 0x00000000e1e00000|  0%| F|  |TAMS 0x00000000e1d00000, 0x00000000e1d00000| Untracked 
|  30|0x00000000e1e00000, 0x00000000e1e00000, 0x00000000e1f00000|  0%| F|  |TAMS 0x00000000e1e00000, 0x00000000e1e00000| Untracked 
|  31|0x00000000e1f00000, 0x00000000e1f00000, 0x00000000e2000000|  0%| F|  |TAMS 0x00000000e1f00000, 0x00000000e1f00000| Untracked 
|  32|0x00000000e2000000, 0x00000000e2000000, 0x00000000e2100000|  0%| F|  |TAMS 0x00000000e2000000, 0x00000000e2000000| Untracked 
|  33|0x00000000e2100000, 0x00000000e2100000, 0x00000000e2200000|  0%| F|  |TAMS 0x00000000e2100000, 0x00000000e2100000| Untracked 
|  34|0x00000000e2200000, 0x00000000e2200000, 0x00000000e2300000|  0%| F|  |TAMS 0x00000000e2200000, 0x00000000e2200000| Untracked 
|  35|0x00000000e2300000, 0x00000000e2300000, 0x00000000e2400000|  0%| F|  |TAMS 0x00000000e2300000, 0x00000000e2300000| Untracked 
|  36|0x00000000e2400000, 0x00000000e2400000, 0x00000000e2500000|  0%| F|  |TAMS 0x00000000e2400000, 0x00000000e2400000| Untracked 
|  37|0x00000000e2500000, 0x00000000e2500000, 0x00000000e2600000|  0%| F|  |TAMS 0x00000000e2500000, 0x00000000e2500000| Untracked 
|  38|0x00000000e2600000, 0x00000000e2600000, 0x00000000e2700000|  0%| F|  |TAMS 0x00000000e2600000, 0x00000000e2600000| Untracked 
|  39|0x00000000e2700000, 0x00000000e2700000, 0x00000000e2800000|  0%| F|  |TAMS 0x00000000e2700000, 0x00000000e2700000| Untracked 
|  40|0x00000000e2800000, 0x00000000e2800000, 0x00000000e2900000|  0%| F|  |TAMS 0x00000000e2800000, 0x00000000e2800000| Untracked 
|  41|0x00000000e2900000, 0x00000000e2900000, 0x00000000e2a00000|  0%| F|  |TAMS 0x00000000e2900000, 0x00000000e2900000| Untracked 
|  42|0x00000000e2a00000, 0x00000000e2a00000, 0x00000000e2b00000|  0%| F|  |TAMS 0x00000000e2a00000, 0x00000000e2a00000| Untracked 
|  43|0x00000000e2b00000, 0x00000000e2b00000, 0x00000000e2c00000|  0%| F|  |TAMS 0x00000000e2b00000, 0x00000000e2b00000| Untracked 
|  44|0x00000000e2c00000, 0x00000000e2c00000, 0x00000000e2d00000|  0%| F|  |TAMS 0x00000000e2c00000, 0x00000000e2c00000| Untracked 
|  45|0x00000000e2d00000, 0x00000000e2d00000, 0x00000000e2e00000|  0%| F|  |TAMS 0x00000000e2d00000, 0x00000000e2d00000| Untracked 
|  46|0x00000000e2e00000, 0x00000000e2e00000, 0x00000000e2f00000|  0%| F|  |TAMS 0x00000000e2e00000, 0x00000000e2e00000| Untracked 
|  47|0x00000000e2f00000, 0x00000000e2f00000, 0x00000000e3000000|  0%| F|  |TAMS 0x00000000e2f00000, 0x00000000e2f00000| Untracked 
|  48|0x00000000e3000000, 0x00000000e3000000, 0x00000000e3100000|  0%| F|  |TAMS 0x00000000e3000000, 0x00000000e3000000| Untracked 
|  49|0x00000000e3100000, 0x00000000e3100000, 0x00000000e3200000|  0%| F|  |TAMS 0x00000000e3100000, 0x00000000e3100000| Untracked 
|  50|0x00000000e3200000, 0x00000000e3200000, 0x00000000e3300000|  0%| F|  |TAMS 0x00000000e3200000, 0x00000000e3200000| Untracked 
|  51|0x00000000e3300000, 0x00000000e3300000, 0x00000000e3400000|  0%| F|  |TAMS 0x00000000e3300000, 0x00000000e3300000| Untracked 
|  52|0x00000000e3400000, 0x00000000e3400000, 0x00000000e3500000|  0%| F|  |TAMS 0x00000000e3400000, 0x00000000e3400000| Untracked 
|  53|0x00000000e3500000, 0x00000000e3500000, 0x00000000e3600000|  0%| F|  |TAMS 0x00000000e3500000, 0x00000000e3500000| Untracked 
|  54|0x00000000e3600000, 0x00000000e3600000, 0x00000000e3700000|  0%| F|  |TAMS 0x00000000e3600000, 0x00000000e3600000| Untracked 
|  55|0x00000000e3700000, 0x00000000e3700000, 0x00000000e3800000|  0%| F|  |TAMS 0x00000000e3700000, 0x00000000e3700000| Untracked 
|  56|0x00000000e3800000, 0x00000000e3800000, 0x00000000e3900000|  0%| F|  |TAMS 0x00000000e3800000, 0x00000000e3800000| Untracked 
|  57|0x00000000e3900000, 0x00000000e3900000, 0x00000000e3a00000|  0%| F|  |TAMS 0x00000000e3900000, 0x00000000e3900000| Untracked 
|  58|0x00000000e3a00000, 0x00000000e3a00000, 0x00000000e3b00000|  0%| F|  |TAMS 0x00000000e3a00000, 0x00000000e3a00000| Untracked 
|  59|0x00000000e3b00000, 0x00000000e3b00000, 0x00000000e3c00000|  0%| F|  |TAMS 0x00000000e3b00000, 0x00000000e3b00000| Untracked 
|  60|0x00000000e3c00000, 0x00000000e3c00000, 0x00000000e3d00000|  0%| F|  |TAMS 0x00000000e3c00000, 0x00000000e3c00000| Untracked 
|  61|0x00000000e3d00000, 0x00000000e3d00000, 0x00000000e3e00000|  0%| F|  |TAMS 0x00000000e3d00000, 0x00000000e3d00000| Untracked 
|  62|0x00000000e3e00000, 0x00000000e3e00000, 0x00000000e3f00000|  0%| F|  |TAMS 0x00000000e3e00000, 0x00000000e3e00000| Untracked 
|  63|0x00000000e3f00000, 0x00000000e3f00000, 0x00000000e4000000|  0%| F|  |TAMS 0x00000000e3f00000, 0x00000000e3f00000| Untracked 
|  64|0x00000000e4000000, 0x00000000e4000000, 0x00000000e4100000|  0%| F|  |TAMS 0x00000000e4000000, 0x00000000e4000000| Untracked 
|  65|0x00000000e4100000, 0x00000000e4100000, 0x00000000e4200000|  0%| F|  |TAMS 0x00000000e4100000, 0x00000000e4100000| Untracked 
|  66|0x00000000e4200000, 0x00000000e4200000, 0x00000000e4300000|  0%| F|  |TAMS 0x00000000e4200000, 0x00000000e4200000| Untracked 
|  67|0x00000000e4300000, 0x00000000e4300000, 0x00000000e4400000|  0%| F|  |TAMS 0x00000000e4300000, 0x00000000e4300000| Untracked 
|  68|0x00000000e4400000, 0x00000000e4400000, 0x00000000e4500000|  0%| F|  |TAMS 0x00000000e4400000, 0x00000000e4400000| Untracked 
|  69|0x00000000e4500000, 0x00000000e4500000, 0x00000000e4600000|  0%| F|  |TAMS 0x00000000e4500000, 0x00000000e4500000| Untracked 
|  70|0x00000000e4600000, 0x00000000e4600000, 0x00000000e4700000|  0%| F|  |TAMS 0x00000000e4600000, 0x00000000e4600000| Untracked 
|  71|0x00000000e4700000, 0x00000000e4700000, 0x00000000e4800000|  0%| F|  |TAMS 0x00000000e4700000, 0x00000000e4700000| Untracked 
|  72|0x00000000e4800000, 0x00000000e4800000, 0x00000000e4900000|  0%| F|  |TAMS 0x00000000e4800000, 0x00000000e4800000| Untracked 
|  73|0x00000000e4900000, 0x00000000e4900000, 0x00000000e4a00000|  0%| F|  |TAMS 0x00000000e4900000, 0x00000000e4900000| Untracked 
|  74|0x00000000e4a00000, 0x00000000e4a00000, 0x00000000e4b00000|  0%| F|  |TAMS 0x00000000e4a00000, 0x00000000e4a00000| Untracked 
|  75|0x00000000e4b00000, 0x00000000e4b00000, 0x00000000e4c00000|  0%| F|  |TAMS 0x00000000e4b00000, 0x00000000e4b00000| Untracked 
|  76|0x00000000e4c00000, 0x00000000e4c00000, 0x00000000e4d00000|  0%| F|  |TAMS 0x00000000e4c00000, 0x00000000e4c00000| Untracked 
|  77|0x00000000e4d00000, 0x00000000e4d00000, 0x00000000e4e00000|  0%| F|  |TAMS 0x00000000e4d00000, 0x00000000e4d00000| Untracked 
|  78|0x00000000e4e00000, 0x00000000e4e00000, 0x00000000e4f00000|  0%| F|  |TAMS 0x00000000e4e00000, 0x00000000e4e00000| Untracked 
|  79|0x00000000e4f00000, 0x00000000e4f00000, 0x00000000e5000000|  0%| F|  |TAMS 0x00000000e4f00000, 0x00000000e4f00000| Untracked 
|  80|0x00000000e5000000, 0x00000000e5000000, 0x00000000e5100000|  0%| F|  |TAMS 0x00000000e5000000, 0x00000000e5000000| Untracked 
|  81|0x00000000e5100000, 0x00000000e5100000, 0x00000000e5200000|  0%| F|  |TAMS 0x00000000e5100000, 0x00000000e5100000| Untracked 
|  82|0x00000000e5200000, 0x00000000e5200000, 0x00000000e5300000|  0%| F|  |TAMS 0x00000000e5200000, 0x00000000e5200000| Untracked 
|  83|0x00000000e5300000, 0x00000000e5300000, 0x00000000e5400000|  0%| F|  |TAMS 0x00000000e5300000, 0x00000000e5300000| Untracked 
|  84|0x00000000e5400000, 0x00000000e5400000, 0x00000000e5500000|  0%| F|  |TAMS 0x00000000e5400000, 0x00000000e5400000| Untracked 
|  85|0x00000000e5500000, 0x00000000e5500000, 0x00000000e5600000|  0%| F|  |TAMS 0x00000000e5500000, 0x00000000e5500000| Untracked 
|  86|0x00000000e5600000, 0x00000000e5600000, 0x00000000e5700000|  0%| F|  |TAMS 0x00000000e5600000, 0x00000000e5600000| Untracked 
|  87|0x00000000e5700000, 0x00000000e5700000, 0x00000000e5800000|  0%| F|  |TAMS 0x00000000e5700000, 0x00000000e5700000| Untracked 
|  88|0x00000000e5800000, 0x00000000e5800000, 0x00000000e5900000|  0%| F|  |TAMS 0x00000000e5800000, 0x00000000e5800000| Untracked 
|  89|0x00000000e5900000, 0x00000000e5900000, 0x00000000e5a00000|  0%| F|  |TAMS 0x00000000e5900000, 0x00000000e5900000| Untracked 
|  90|0x00000000e5a00000, 0x00000000e5a00000, 0x00000000e5b00000|  0%| F|  |TAMS 0x00000000e5a00000, 0x00000000e5a00000| Untracked 
|  91|0x00000000e5b00000, 0x00000000e5b00000, 0x00000000e5c00000|  0%| F|  |TAMS 0x00000000e5b00000, 0x00000000e5b00000| Untracked 
|  92|0x00000000e5c00000, 0x00000000e5c00000, 0x00000000e5d00000|  0%| F|  |TAMS 0x00000000e5c00000, 0x00000000e5c00000| Untracked 
|  93|0x00000000e5d00000, 0x00000000e5d00000, 0x00000000e5e00000|  0%| F|  |TAMS 0x00000000e5d00000, 0x00000000e5d00000| Untracked 
|  94|0x00000000e5e00000, 0x00000000e5e00000, 0x00000000e5f00000|  0%| F|  |TAMS 0x00000000e5e00000, 0x00000000e5e00000| Untracked 
|  95|0x00000000e5f00000, 0x00000000e5f00000, 0x00000000e6000000|  0%| F|  |TAMS 0x00000000e5f00000, 0x00000000e5f00000| Untracked 
|  96|0x00000000e6000000, 0x00000000e6000000, 0x00000000e6100000|  0%| F|  |TAMS 0x00000000e6000000, 0x00000000e6000000| Untracked 
|  97|0x00000000e6100000, 0x00000000e6100000, 0x00000000e6200000|  0%| F|  |TAMS 0x00000000e6100000, 0x00000000e6100000| Untracked 
|  98|0x00000000e6200000, 0x00000000e6200000, 0x00000000e6300000|  0%| F|  |TAMS 0x00000000e6200000, 0x00000000e6200000| Untracked 
|  99|0x00000000e6300000, 0x00000000e6300000, 0x00000000e6400000|  0%| F|  |TAMS 0x00000000e6300000, 0x00000000e6300000| Untracked 
| 100|0x00000000e6400000, 0x00000000e6400000, 0x00000000e6500000|  0%| F|  |TAMS 0x00000000e6400000, 0x00000000e6400000| Untracked 
| 101|0x00000000e6500000, 0x00000000e6500000, 0x00000000e6600000|  0%| F|  |TAMS 0x00000000e6500000, 0x00000000e6500000| Untracked 
| 102|0x00000000e6600000, 0x00000000e6700000, 0x00000000e6700000|100%| S|CS|TAMS 0x00000000e6600000, 0x00000000e6600000| Complete 
| 103|0x00000000e6700000, 0x00000000e6800000, 0x00000000e6800000|100%| S|CS|TAMS 0x00000000e6700000, 0x00000000e6700000| Complete 
| 104|0x00000000e6800000, 0x00000000e6900000, 0x00000000e6900000|100%| S|CS|TAMS 0x00000000e6800000, 0x00000000e6800000| Complete 
| 105|0x00000000e6900000, 0x00000000e6a00000, 0x00000000e6a00000|100%| S|CS|TAMS 0x00000000e6900000, 0x00000000e6900000| Complete 
| 106|0x00000000e6a00000, 0x00000000e6b00000, 0x00000000e6b00000|100%| S|CS|TAMS 0x00000000e6a00000, 0x00000000e6a00000| Complete 
| 107|0x00000000e6b00000, 0x00000000e6c00000, 0x00000000e6c00000|100%| S|CS|TAMS 0x00000000e6b00000, 0x00000000e6b00000| Complete 
| 108|0x00000000e6c00000, 0x00000000e6d00000, 0x00000000e6d00000|100%| S|CS|TAMS 0x00000000e6c00000, 0x00000000e6c00000| Complete 
| 109|0x00000000e6d00000, 0x00000000e6e00000, 0x00000000e6e00000|100%| S|CS|TAMS 0x00000000e6d00000, 0x00000000e6d00000| Complete 
| 110|0x00000000e6e00000, 0x00000000e6f00000, 0x00000000e6f00000|100%| S|CS|TAMS 0x00000000e6e00000, 0x00000000e6e00000| Complete 
| 111|0x00000000e6f00000, 0x00000000e7000000, 0x00000000e7000000|100%| S|CS|TAMS 0x00000000e6f00000, 0x00000000e6f00000| Complete 
| 112|0x00000000e7000000, 0x00000000e7100000, 0x00000000e7100000|100%| S|CS|TAMS 0x00000000e7000000, 0x00000000e7000000| Complete 
| 113|0x00000000e7100000, 0x00000000e7100000, 0x00000000e7200000|  0%| F|  |TAMS 0x00000000e7100000, 0x00000000e7100000| Untracked 
| 114|0x00000000e7200000, 0x00000000e7200000, 0x00000000e7300000|  0%| F|  |TAMS 0x00000000e7200000, 0x00000000e7200000| Untracked 
| 115|0x00000000e7300000, 0x00000000e7300000, 0x00000000e7400000|  0%| F|  |TAMS 0x00000000e7300000, 0x00000000e7300000| Untracked 
| 116|0x00000000e7400000, 0x00000000e7400000, 0x00000000e7500000|  0%| F|  |TAMS 0x00000000e7400000, 0x00000000e7400000| Untracked 
| 117|0x00000000e7500000, 0x00000000e7500000, 0x00000000e7600000|  0%| F|  |TAMS 0x00000000e7500000, 0x00000000e7500000| Untracked 
| 118|0x00000000e7600000, 0x00000000e7600000, 0x00000000e7700000|  0%| F|  |TAMS 0x00000000e7600000, 0x00000000e7600000| Untracked 
| 119|0x00000000e7700000, 0x00000000e7700000, 0x00000000e7800000|  0%| F|  |TAMS 0x00000000e7700000, 0x00000000e7700000| Untracked 
| 120|0x00000000e7800000, 0x00000000e7800000, 0x00000000e7900000|  0%| F|  |TAMS 0x00000000e7800000, 0x00000000e7800000| Untracked 
| 121|0x00000000e7900000, 0x00000000e7900000, 0x00000000e7a00000|  0%| F|  |TAMS 0x00000000e7900000, 0x00000000e7900000| Untracked 
| 122|0x00000000e7a00000, 0x00000000e7a00000, 0x00000000e7b00000|  0%| F|  |TAMS 0x00000000e7a00000, 0x00000000e7a00000| Untracked 
| 123|0x00000000e7b00000, 0x00000000e7b00000, 0x00000000e7c00000|  0%| F|  |TAMS 0x00000000e7b00000, 0x00000000e7b00000| Untracked 
| 124|0x00000000e7c00000, 0x00000000e7c00000, 0x00000000e7d00000|  0%| F|  |TAMS 0x00000000e7c00000, 0x00000000e7c00000| Untracked 
| 125|0x00000000e7d00000, 0x00000000e7d00000, 0x00000000e7e00000|  0%| F|  |TAMS 0x00000000e7d00000, 0x00000000e7d00000| Untracked 
| 126|0x00000000e7e00000, 0x00000000e7e00000, 0x00000000e7f00000|  0%| F|  |TAMS 0x00000000e7e00000, 0x00000000e7e00000| Untracked 
| 127|0x00000000e7f00000, 0x00000000e7f00000, 0x00000000e8000000|  0%| F|  |TAMS 0x00000000e7f00000, 0x00000000e7f00000| Untracked 
| 128|0x00000000e8000000, 0x00000000e8000000, 0x00000000e8100000|  0%| F|  |TAMS 0x00000000e8000000, 0x00000000e8000000| Untracked 
| 129|0x00000000e8100000, 0x00000000e8100000, 0x00000000e8200000|  0%| F|  |TAMS 0x00000000e8100000, 0x00000000e8100000| Untracked 
| 130|0x00000000e8200000, 0x00000000e8200000, 0x00000000e8300000|  0%| F|  |TAMS 0x00000000e8200000, 0x00000000e8200000| Untracked 
| 131|0x00000000e8300000, 0x00000000e8300000, 0x00000000e8400000|  0%| F|  |TAMS 0x00000000e8300000, 0x00000000e8300000| Untracked 
| 132|0x00000000e8400000, 0x00000000e8400000, 0x00000000e8500000|  0%| F|  |TAMS 0x00000000e8400000, 0x00000000e8400000| Untracked 
| 133|0x00000000e8500000, 0x00000000e8500000, 0x00000000e8600000|  0%| F|  |TAMS 0x00000000e8500000, 0x00000000e8500000| Untracked 
| 134|0x00000000e8600000, 0x00000000e8600000, 0x00000000e8700000|  0%| F|  |TAMS 0x00000000e8600000, 0x00000000e8600000| Untracked 
| 135|0x00000000e8700000, 0x00000000e8700000, 0x00000000e8800000|  0%| F|  |TAMS 0x00000000e8700000, 0x00000000e8700000| Untracked 
| 136|0x00000000e8800000, 0x00000000e8800000, 0x00000000e8900000|  0%| F|  |TAMS 0x00000000e8800000, 0x00000000e8800000| Untracked 
| 137|0x00000000e8900000, 0x00000000e8900000, 0x00000000e8a00000|  0%| F|  |TAMS 0x00000000e8900000, 0x00000000e8900000| Untracked 
| 138|0x00000000e8a00000, 0x00000000e8a00000, 0x00000000e8b00000|  0%| F|  |TAMS 0x00000000e8a00000, 0x00000000e8a00000| Untracked 
| 139|0x00000000e8b00000, 0x00000000e8b00000, 0x00000000e8c00000|  0%| F|  |TAMS 0x00000000e8b00000, 0x00000000e8b00000| Untracked 
| 140|0x00000000e8c00000, 0x00000000e8c00000, 0x00000000e8d00000|  0%| F|  |TAMS 0x00000000e8c00000, 0x00000000e8c00000| Untracked 
| 141|0x00000000e8d00000, 0x00000000e8d00000, 0x00000000e8e00000|  0%| F|  |TAMS 0x00000000e8d00000, 0x00000000e8d00000| Untracked 
| 142|0x00000000e8e00000, 0x00000000e8e00000, 0x00000000e8f00000|  0%| F|  |TAMS 0x00000000e8e00000, 0x00000000e8e00000| Untracked 
| 143|0x00000000e8f00000, 0x00000000e8f00000, 0x00000000e9000000|  0%| F|  |TAMS 0x00000000e8f00000, 0x00000000e8f00000| Untracked 
| 144|0x00000000e9000000, 0x00000000e9000000, 0x00000000e9100000|  0%| F|  |TAMS 0x00000000e9000000, 0x00000000e9000000| Untracked 
| 145|0x00000000e9100000, 0x00000000e9100000, 0x00000000e9200000|  0%| F|  |TAMS 0x00000000e9100000, 0x00000000e9100000| Untracked 
| 146|0x00000000e9200000, 0x00000000e9200000, 0x00000000e9300000|  0%| F|  |TAMS 0x00000000e9200000, 0x00000000e9200000| Untracked 
| 147|0x00000000e9300000, 0x00000000e9300000, 0x00000000e9400000|  0%| F|  |TAMS 0x00000000e9300000, 0x00000000e9300000| Untracked 
| 148|0x00000000e9400000, 0x00000000e9400000, 0x00000000e9500000|  0%| F|  |TAMS 0x00000000e9400000, 0x00000000e9400000| Untracked 
| 149|0x00000000e9500000, 0x00000000e9500000, 0x00000000e9600000|  0%| F|  |TAMS 0x00000000e9500000, 0x00000000e9500000| Untracked 
| 150|0x00000000e9600000, 0x00000000e9600000, 0x00000000e9700000|  0%| F|  |TAMS 0x00000000e9600000, 0x00000000e9600000| Untracked 
| 151|0x00000000e9700000, 0x00000000e9700000, 0x00000000e9800000|  0%| F|  |TAMS 0x00000000e9700000, 0x00000000e9700000| Untracked 
| 152|0x00000000e9800000, 0x00000000e9800000, 0x00000000e9900000|  0%| F|  |TAMS 0x00000000e9800000, 0x00000000e9800000| Untracked 
| 153|0x00000000e9900000, 0x00000000e9900000, 0x00000000e9a00000|  0%| F|  |TAMS 0x00000000e9900000, 0x00000000e9900000| Untracked 
| 154|0x00000000e9a00000, 0x00000000e9a00000, 0x00000000e9b00000|  0%| F|  |TAMS 0x00000000e9a00000, 0x00000000e9a00000| Untracked 
| 155|0x00000000e9b00000, 0x00000000e9b00000, 0x00000000e9c00000|  0%| F|  |TAMS 0x00000000e9b00000, 0x00000000e9b00000| Untracked 
| 156|0x00000000e9c00000, 0x00000000e9c00000, 0x00000000e9d00000|  0%| F|  |TAMS 0x00000000e9c00000, 0x00000000e9c00000| Untracked 
| 157|0x00000000e9d00000, 0x00000000e9d00000, 0x00000000e9e00000|  0%| F|  |TAMS 0x00000000e9d00000, 0x00000000e9d00000| Untracked 
| 158|0x00000000e9e00000, 0x00000000e9e00000, 0x00000000e9f00000|  0%| F|  |TAMS 0x00000000e9e00000, 0x00000000e9e00000| Untracked 
| 159|0x00000000e9f00000, 0x00000000e9f00000, 0x00000000ea000000|  0%| F|  |TAMS 0x00000000e9f00000, 0x00000000e9f00000| Untracked 
| 160|0x00000000ea000000, 0x00000000ea000000, 0x00000000ea100000|  0%| F|  |TAMS 0x00000000ea000000, 0x00000000ea000000| Untracked 
| 161|0x00000000ea100000, 0x00000000ea100000, 0x00000000ea200000|  0%| F|  |TAMS 0x00000000ea100000, 0x00000000ea100000| Untracked 
| 162|0x00000000ea200000, 0x00000000ea200000, 0x00000000ea300000|  0%| F|  |TAMS 0x00000000ea200000, 0x00000000ea200000| Untracked 
| 163|0x00000000ea300000, 0x00000000ea300000, 0x00000000ea400000|  0%| F|  |TAMS 0x00000000ea300000, 0x00000000ea300000| Untracked 
| 164|0x00000000ea400000, 0x00000000ea400000, 0x00000000ea500000|  0%| F|  |TAMS 0x00000000ea400000, 0x00000000ea400000| Untracked 
| 165|0x00000000ea500000, 0x00000000ea500000, 0x00000000ea600000|  0%| F|  |TAMS 0x00000000ea500000, 0x00000000ea500000| Untracked 
| 166|0x00000000ea600000, 0x00000000ea600000, 0x00000000ea700000|  0%| F|  |TAMS 0x00000000ea600000, 0x00000000ea600000| Untracked 
| 167|0x00000000ea700000, 0x00000000ea700000, 0x00000000ea800000|  0%| F|  |TAMS 0x00000000ea700000, 0x00000000ea700000| Untracked 
| 168|0x00000000ea800000, 0x00000000ea800000, 0x00000000ea900000|  0%| F|  |TAMS 0x00000000ea800000, 0x00000000ea800000| Untracked 
| 169|0x00000000ea900000, 0x00000000ea900000, 0x00000000eaa00000|  0%| F|  |TAMS 0x00000000ea900000, 0x00000000ea900000| Untracked 
| 170|0x00000000eaa00000, 0x00000000eaa00000, 0x00000000eab00000|  0%| F|  |TAMS 0x00000000eaa00000, 0x00000000eaa00000| Untracked 
| 171|0x00000000eab00000, 0x00000000eab00000, 0x00000000eac00000|  0%| F|  |TAMS 0x00000000eab00000, 0x00000000eab00000| Untracked 
| 172|0x00000000eac00000, 0x00000000eac00000, 0x00000000ead00000|  0%| F|  |TAMS 0x00000000eac00000, 0x00000000eac00000| Untracked 
| 173|0x00000000ead00000, 0x00000000ead00000, 0x00000000eae00000|  0%| F|  |TAMS 0x00000000ead00000, 0x00000000ead00000| Untracked 
| 174|0x00000000eae00000, 0x00000000eae00000, 0x00000000eaf00000|  0%| F|  |TAMS 0x00000000eae00000, 0x00000000eae00000| Untracked 
| 175|0x00000000eaf00000, 0x00000000eaf00000, 0x00000000eb000000|  0%| F|  |TAMS 0x00000000eaf00000, 0x00000000eaf00000| Untracked 
| 176|0x00000000eb000000, 0x00000000eb000000, 0x00000000eb100000|  0%| F|  |TAMS 0x00000000eb000000, 0x00000000eb000000| Untracked 
| 177|0x00000000eb100000, 0x00000000eb100000, 0x00000000eb200000|  0%| F|  |TAMS 0x00000000eb100000, 0x00000000eb100000| Untracked 
| 178|0x00000000eb200000, 0x00000000eb200000, 0x00000000eb300000|  0%| F|  |TAMS 0x00000000eb200000, 0x00000000eb200000| Untracked 
| 179|0x00000000eb300000, 0x00000000eb300000, 0x00000000eb400000|  0%| F|  |TAMS 0x00000000eb300000, 0x00000000eb300000| Untracked 
| 180|0x00000000eb400000, 0x00000000eb400000, 0x00000000eb500000|  0%| F|  |TAMS 0x00000000eb400000, 0x00000000eb400000| Untracked 
| 181|0x00000000eb500000, 0x00000000eb500000, 0x00000000eb600000|  0%| F|  |TAMS 0x00000000eb500000, 0x00000000eb500000| Untracked 
| 182|0x00000000eb600000, 0x00000000eb600000, 0x00000000eb700000|  0%| F|  |TAMS 0x00000000eb600000, 0x00000000eb600000| Untracked 
| 183|0x00000000eb700000, 0x00000000eb700000, 0x00000000eb800000|  0%| F|  |TAMS 0x00000000eb700000, 0x00000000eb700000| Untracked 
| 184|0x00000000eb800000, 0x00000000eb800000, 0x00000000eb900000|  0%| F|  |TAMS 0x00000000eb800000, 0x00000000eb800000| Untracked 
| 185|0x00000000eb900000, 0x00000000eb900000, 0x00000000eba00000|  0%| F|  |TAMS 0x00000000eb900000, 0x00000000eb900000| Untracked 
| 186|0x00000000eba00000, 0x00000000eba00000, 0x00000000ebb00000|  0%| F|  |TAMS 0x00000000eba00000, 0x00000000eba00000| Untracked 
| 187|0x00000000ebb00000, 0x00000000ebb00000, 0x00000000ebc00000|  0%| F|  |TAMS 0x00000000ebb00000, 0x00000000ebb00000| Untracked 
| 188|0x00000000ebc00000, 0x00000000ebc00000, 0x00000000ebd00000|  0%| F|  |TAMS 0x00000000ebc00000, 0x00000000ebc00000| Untracked 
| 189|0x00000000ebd00000, 0x00000000ebd00000, 0x00000000ebe00000|  0%| F|  |TAMS 0x00000000ebd00000, 0x00000000ebd00000| Untracked 
| 190|0x00000000ebe00000, 0x00000000ebe00000, 0x00000000ebf00000|  0%| F|  |TAMS 0x00000000ebe00000, 0x00000000ebe00000| Untracked 
| 191|0x00000000ebf00000, 0x00000000ebf00000, 0x00000000ec000000|  0%| F|  |TAMS 0x00000000ebf00000, 0x00000000ebf00000| Untracked 
| 192|0x00000000ec000000, 0x00000000ec000000, 0x00000000ec100000|  0%| F|  |TAMS 0x00000000ec000000, 0x00000000ec000000| Untracked 
| 193|0x00000000ec100000, 0x00000000ec100000, 0x00000000ec200000|  0%| F|  |TAMS 0x00000000ec100000, 0x00000000ec100000| Untracked 
| 194|0x00000000ec200000, 0x00000000ec200000, 0x00000000ec300000|  0%| F|  |TAMS 0x00000000ec200000, 0x00000000ec200000| Untracked 
| 195|0x00000000ec300000, 0x00000000ec300000, 0x00000000ec400000|  0%| F|  |TAMS 0x00000000ec300000, 0x00000000ec300000| Untracked 
| 196|0x00000000ec400000, 0x00000000ec400000, 0x00000000ec500000|  0%| F|  |TAMS 0x00000000ec400000, 0x00000000ec400000| Untracked 
| 197|0x00000000ec500000, 0x00000000ec500000, 0x00000000ec600000|  0%| F|  |TAMS 0x00000000ec500000, 0x00000000ec500000| Untracked 
| 198|0x00000000ec600000, 0x00000000ec600000, 0x00000000ec700000|  0%| F|  |TAMS 0x00000000ec600000, 0x00000000ec600000| Untracked 
| 199|0x00000000ec700000, 0x00000000ec700000, 0x00000000ec800000|  0%| F|  |TAMS 0x00000000ec700000, 0x00000000ec700000| Untracked 
| 200|0x00000000ec800000, 0x00000000ec800000, 0x00000000ec900000|  0%| F|  |TAMS 0x00000000ec800000, 0x00000000ec800000| Untracked 
| 201|0x00000000ec900000, 0x00000000ec900000, 0x00000000eca00000|  0%| F|  |TAMS 0x00000000ec900000, 0x00000000ec900000| Untracked 
| 202|0x00000000eca00000, 0x00000000eca00000, 0x00000000ecb00000|  0%| F|  |TAMS 0x00000000eca00000, 0x00000000eca00000| Untracked 
| 203|0x00000000ecb00000, 0x00000000ecb00000, 0x00000000ecc00000|  0%| F|  |TAMS 0x00000000ecb00000, 0x00000000ecb00000| Untracked 
| 204|0x00000000ecc00000, 0x00000000ecc00000, 0x00000000ecd00000|  0%| F|  |TAMS 0x00000000ecc00000, 0x00000000ecc00000| Untracked 
| 205|0x00000000ecd00000, 0x00000000ecd00000, 0x00000000ece00000|  0%| F|  |TAMS 0x00000000ecd00000, 0x00000000ecd00000| Untracked 
| 206|0x00000000ece00000, 0x00000000ece00000, 0x00000000ecf00000|  0%| F|  |TAMS 0x00000000ece00000, 0x00000000ece00000| Untracked 
| 207|0x00000000ecf00000, 0x00000000ecf00000, 0x00000000ed000000|  0%| F|  |TAMS 0x00000000ecf00000, 0x00000000ecf00000| Untracked 
| 208|0x00000000ed000000, 0x00000000ed000000, 0x00000000ed100000|  0%| F|  |TAMS 0x00000000ed000000, 0x00000000ed000000| Untracked 
| 209|0x00000000ed100000, 0x00000000ed100000, 0x00000000ed200000|  0%| F|  |TAMS 0x00000000ed100000, 0x00000000ed100000| Untracked 
| 210|0x00000000ed200000, 0x00000000ed200000, 0x00000000ed300000|  0%| F|  |TAMS 0x00000000ed200000, 0x00000000ed200000| Untracked 
| 211|0x00000000ed300000, 0x00000000ed300000, 0x00000000ed400000|  0%| F|  |TAMS 0x00000000ed300000, 0x00000000ed300000| Untracked 
| 212|0x00000000ed400000, 0x00000000ed400000, 0x00000000ed500000|  0%| F|  |TAMS 0x00000000ed400000, 0x00000000ed400000| Untracked 
| 213|0x00000000ed500000, 0x00000000ed500000, 0x00000000ed600000|  0%| F|  |TAMS 0x00000000ed500000, 0x00000000ed500000| Untracked 
| 214|0x00000000ed600000, 0x00000000ed600000, 0x00000000ed700000|  0%| F|  |TAMS 0x00000000ed600000, 0x00000000ed600000| Untracked 
| 215|0x00000000ed700000, 0x00000000ed700000, 0x00000000ed800000|  0%| F|  |TAMS 0x00000000ed700000, 0x00000000ed700000| Untracked 
| 216|0x00000000ed800000, 0x00000000ed800000, 0x00000000ed900000|  0%| F|  |TAMS 0x00000000ed800000, 0x00000000ed800000| Untracked 
| 217|0x00000000ed900000, 0x00000000ed900000, 0x00000000eda00000|  0%| F|  |TAMS 0x00000000ed900000, 0x00000000ed900000| Untracked 
| 218|0x00000000eda00000, 0x00000000eda00000, 0x00000000edb00000|  0%| F|  |TAMS 0x00000000eda00000, 0x00000000eda00000| Untracked 
| 219|0x00000000edb00000, 0x00000000edb00000, 0x00000000edc00000|  0%| F|  |TAMS 0x00000000edb00000, 0x00000000edb00000| Untracked 
| 220|0x00000000edc00000, 0x00000000edc00000, 0x00000000edd00000|  0%| F|  |TAMS 0x00000000edc00000, 0x00000000edc00000| Untracked 
| 221|0x00000000edd00000, 0x00000000edd00000, 0x00000000ede00000|  0%| F|  |TAMS 0x00000000edd00000, 0x00000000edd00000| Untracked 
| 222|0x00000000ede00000, 0x00000000ede00000, 0x00000000edf00000|  0%| F|  |TAMS 0x00000000ede00000, 0x00000000ede00000| Untracked 
| 223|0x00000000edf00000, 0x00000000edf00000, 0x00000000ee000000|  0%| F|  |TAMS 0x00000000edf00000, 0x00000000edf00000| Untracked 
| 224|0x00000000ee000000, 0x00000000ee000000, 0x00000000ee100000|  0%| F|  |TAMS 0x00000000ee000000, 0x00000000ee000000| Untracked 
| 225|0x00000000ee100000, 0x00000000ee100000, 0x00000000ee200000|  0%| F|  |TAMS 0x00000000ee100000, 0x00000000ee100000| Untracked 
| 226|0x00000000ee200000, 0x00000000ee200000, 0x00000000ee300000|  0%| F|  |TAMS 0x00000000ee200000, 0x00000000ee200000| Untracked 
| 227|0x00000000ee300000, 0x00000000ee300000, 0x00000000ee400000|  0%| F|  |TAMS 0x00000000ee300000, 0x00000000ee300000| Untracked 
| 228|0x00000000ee400000, 0x00000000ee400000, 0x00000000ee500000|  0%| F|  |TAMS 0x00000000ee400000, 0x00000000ee400000| Untracked 
| 229|0x00000000ee500000, 0x00000000ee500000, 0x00000000ee600000|  0%| F|  |TAMS 0x00000000ee500000, 0x00000000ee500000| Untracked 
| 230|0x00000000ee600000, 0x00000000ee600000, 0x00000000ee700000|  0%| F|  |TAMS 0x00000000ee600000, 0x00000000ee600000| Untracked 
| 231|0x00000000ee700000, 0x00000000ee700000, 0x00000000ee800000|  0%| F|  |TAMS 0x00000000ee700000, 0x00000000ee700000| Untracked 
| 232|0x00000000ee800000, 0x00000000ee800000, 0x00000000ee900000|  0%| F|  |TAMS 0x00000000ee800000, 0x00000000ee800000| Untracked 
| 233|0x00000000ee900000, 0x00000000ee900000, 0x00000000eea00000|  0%| F|  |TAMS 0x00000000ee900000, 0x00000000ee900000| Untracked 
| 234|0x00000000eea00000, 0x00000000eea00000, 0x00000000eeb00000|  0%| F|  |TAMS 0x00000000eea00000, 0x00000000eea00000| Untracked 
| 235|0x00000000eeb00000, 0x00000000eeb00000, 0x00000000eec00000|  0%| F|  |TAMS 0x00000000eeb00000, 0x00000000eeb00000| Untracked 
| 236|0x00000000eec00000, 0x00000000eec00000, 0x00000000eed00000|  0%| F|  |TAMS 0x00000000eec00000, 0x00000000eec00000| Untracked 
| 237|0x00000000eed00000, 0x00000000eed00000, 0x00000000eee00000|  0%| F|  |TAMS 0x00000000eed00000, 0x00000000eed00000| Untracked 
| 238|0x00000000eee00000, 0x00000000eee00000, 0x00000000eef00000|  0%| F|  |TAMS 0x00000000eee00000, 0x00000000eee00000| Untracked 
| 239|0x00000000eef00000, 0x00000000eef00000, 0x00000000ef000000|  0%| F|  |TAMS 0x00000000eef00000, 0x00000000eef00000| Untracked 
| 240|0x00000000ef000000, 0x00000000ef000000, 0x00000000ef100000|  0%| F|  |TAMS 0x00000000ef000000, 0x00000000ef000000| Untracked 
| 241|0x00000000ef100000, 0x00000000ef100800, 0x00000000ef200000|  0%| E|  |TAMS 0x00000000ef100000, 0x00000000ef100000| Complete 
| 242|0x00000000ef200000, 0x00000000ef300000, 0x00000000ef300000|100%| E|CS|TAMS 0x00000000ef200000, 0x00000000ef200000| Complete 
| 243|0x00000000ef300000, 0x00000000ef400000, 0x00000000ef400000|100%| E|CS|TAMS 0x00000000ef300000, 0x00000000ef300000| Complete 
| 244|0x00000000ef400000, 0x00000000ef500000, 0x00000000ef500000|100%| E|CS|TAMS 0x00000000ef400000, 0x00000000ef400000| Complete 
| 245|0x00000000ef500000, 0x00000000ef600000, 0x00000000ef600000|100%| E|CS|TAMS 0x00000000ef500000, 0x00000000ef500000| Complete 
| 246|0x00000000ef600000, 0x00000000ef700000, 0x00000000ef700000|100%| E|CS|TAMS 0x00000000ef600000, 0x00000000ef600000| Complete 
| 247|0x00000000ef700000, 0x00000000ef800000, 0x00000000ef800000|100%| E|CS|TAMS 0x00000000ef700000, 0x00000000ef700000| Complete 
| 248|0x00000000ef800000, 0x00000000ef900000, 0x00000000ef900000|100%| E|CS|TAMS 0x00000000ef800000, 0x00000000ef800000| Complete 
| 249|0x00000000ef900000, 0x00000000efa00000, 0x00000000efa00000|100%| E|CS|TAMS 0x00000000ef900000, 0x00000000ef900000| Complete 
| 250|0x00000000efa00000, 0x00000000efb00000, 0x00000000efb00000|100%| E|CS|TAMS 0x00000000efa00000, 0x00000000efa00000| Complete 
| 251|0x00000000efb00000, 0x00000000efc00000, 0x00000000efc00000|100%| E|CS|TAMS 0x00000000efb00000, 0x00000000efb00000| Complete 
| 252|0x00000000efc00000, 0x00000000efd00000, 0x00000000efd00000|100%| E|CS|TAMS 0x00000000efc00000, 0x00000000efc00000| Complete 
| 253|0x00000000efd00000, 0x00000000efe00000, 0x00000000efe00000|100%| E|CS|TAMS 0x00000000efd00000, 0x00000000efd00000| Complete 
| 254|0x00000000efe00000, 0x00000000eff00000, 0x00000000eff00000|100%| E|CS|TAMS 0x00000000efe00000, 0x00000000efe00000| Complete 
| 255|0x00000000eff00000, 0x00000000f0000000, 0x00000000f0000000|100%| E|CS|TAMS 0x00000000eff00000, 0x00000000eff00000| Complete 

Card table byte_map: [0x000001c4eb430000,0x000001c4eb530000] _byte_map_base: 0x000001c4ead30000

Marking Bits (Prev, Next): (CMBitMap*) 0x000001c4d87443b0, (CMBitMap*) 0x000001c4d8744378
 Prev Bits: [0x000001c4ebe30000, 0x000001c4ec630000)
 Next Bits: [0x000001c4eb630000, 0x000001c4ebe30000)

Polling page: 0x000001c4d6680000

Metaspace:

Usage:
  Non-class:     23.88 MB capacity,    23.60 MB ( 99%) used,   257.40 KB (  1%) free+waste,    34.38 KB ( <1%) overhead. 
      Class:      2.93 MB capacity,     2.82 MB ( 96%) used,   100.65 KB (  3%) free+waste,    13.56 KB ( <1%) overhead. 
       Both:     26.81 MB capacity,    26.42 MB ( 99%) used,   358.05 KB (  1%) free+waste,    47.94 KB ( <1%) overhead. 

Virtual space:
  Non-class space:       24.00 MB reserved,      24.00 MB (100%) committed 
      Class space:        1.00 GB reserved,       3.00 MB ( <1%) committed 
             Both:        1.02 GB reserved,      27.00 MB (  3%) committed 

Chunk freelists:
   Non-Class:  55.00 KB
       Class:  8.00 KB
        Both:  63.00 KB

MaxMetaspaceSize: 17179869184.00 GB
CompressedClassSpaceSize: 1.00 GB

CodeHeap 'non-profiled nmethods': size=120064Kb used=3759Kb max_used=3759Kb free=116305Kb
 bounds [0x000001c4e3ce0000, 0x000001c4e4090000, 0x000001c4eb220000]
CodeHeap 'profiled nmethods': size=120000Kb used=29258Kb max_used=29258Kb free=90741Kb
 bounds [0x000001c4dc7b0000, 0x000001c4de450000, 0x000001c4e3ce0000]
CodeHeap 'non-nmethods': size=5696Kb used=1174Kb max_used=1210Kb free=4521Kb
 bounds [0x000001c4dc220000, 0x000001c4dc490000, 0x000001c4dc7b0000]
 total_blobs=5644 nmethods=5173 adapters=380
 compilation: enabled
              stopped_count=0, restarted_count=0
 full_count=0

Compilation events (20 events):
Event: 5.302 Thread 0x000001c4efcab000 nmethod 5133 0x000001c4e4088690 code [0x000001c4e4088860, 0x000001c4e4088a18]
Event: 5.302 Thread 0x000001c4efcab000 5132       4       net.bytebuddy.description.type.TypeDefinition$Sort::$jacocoInit (52 bytes)
Event: 5.303 Thread 0x000001c4efcab000 nmethod 5132 0x000001c4e4088c90 code [0x000001c4e4088e20, 0x000001c4e4088e98]
Event: 5.303 Thread 0x000001c4efcab000 4054       4       org.jetbrains.coverage.org.objectweb.asm.ByteVector::putShort (52 bytes)
Event: 5.305 Thread 0x000001c4efcab000 nmethod 4054 0x000001c4e4088f10 code [0x000001c4e40890c0, 0x000001c4e40895f8]
Event: 5.305 Thread 0x000001c4efcab000 3764       4       java.util.HashMap::hash (20 bytes)
Event: 5.306 Thread 0x000001c4efcab000 nmethod 3764 0x000001c4e4089790 code [0x000001c4e4089920, 0x000001c4e40899d8]
Event: 5.306 Thread 0x000001c4efcab000 4091       4       org.jacoco.agent.rt.internal_1f1cc91.asm.tree.InsnList::add (138 bytes)
Event: 5.312 Thread 0x000001c4efcab000 nmethod 4091 0x000001c4e4089a90 code [0x000001c4e4089c60, 0x000001c4e408a448]
Event: 5.312 Thread 0x000001c4ef72e000 6303       3       com.intellij.rt.coverage.data.ClassData::save (149 bytes)
Event: 5.312 Thread 0x000001c4efcab000 4932       4       net.bytebuddy.description.method.MethodDescription$Latent::$jacocoInit (52 bytes)
Event: 5.312 Thread 0x000001c4efcab000 nmethod 4932 0x000001c4e408a890 code [0x000001c4e408aa20, 0x000001c4e408aa78]
Event: 5.312 Thread 0x000001c4efcab000 4106       4       org.jacoco.agent.rt.internal_1f1cc91.asm.tree.AbstractInsnNode::<init> (49 bytes)
Event: 5.312 Thread 0x000001c4ef72e000 nmethod 6303 0x000001c4de441a10 code [0x000001c4de441d40, 0x000001c4de443098]
Event: 5.313 Thread 0x000001c4efcab000 nmethod 4106 0x000001c4e408ab10 code [0x000001c4e408acc0, 0x000001c4e408ae48]
Event: 5.313 Thread 0x000001c4efcab000 5041       4       net.bytebuddy.description.ModifierReviewable$AbstractBase::<init> (30 bytes)
Event: 5.314 Thread 0x000001c4efcab000 nmethod 5041 0x000001c4e408b090 code [0x000001c4e408b240, 0x000001c4e408b3c8]
Event: 5.314 Thread 0x000001c4efcab000 5171       4       net.bytebuddy.description.ByteCodeElement$Token$TokenList::size (37 bytes)
Event: 5.316 Thread 0x000001c4efcab000 nmethod 5171 0x000001c4e408b610 code [0x000001c4e408b7c0, 0x000001c4e408b968]
Event: 5.316 Thread 0x000001c4efcab000 4413       4       org.jacoco.agent.rt.internal_1f1cc91.asm.commons.AnalyzerAdapter::execute (3533 bytes)

GC Heap History (14 events):
Event: 0.436 GC heap before
{Heap before GC invocations=0 (full 0):
 garbage-first heap   total 262144K, used 22528K [0x00000000e0000000, 0x0000000100000000)
  region size 1024K, 22 young (22528K), 0 survivors (0K)
 Metaspace       used 9858K, capacity 10063K, committed 10240K, reserved 1058816K
  class space    used 867K, capacity 924K, committed 1024K, reserved 1048576K
}
Event: 0.439 GC heap after
{Heap after GC invocations=1 (full 0):
 garbage-first heap   total 262144K, used 8569K [0x00000000e0000000, 0x0000000100000000)
  region size 1024K, 3 young (3072K), 3 survivors (3072K)
 Metaspace       used 9858K, capacity 10063K, committed 10240K, reserved 1058816K
  class space    used 867K, capacity 924K, committed 1024K, reserved 1048576K
}
Event: 0.683 GC heap before
{Heap before GC invocations=1 (full 0):
 garbage-first heap   total 262144K, used 24953K [0x00000000e0000000, 0x0000000100000000)
  region size 1024K, 19 young (19456K), 3 survivors (3072K)
 Metaspace       used 11363K, capacity 11577K, committed 11904K, reserved 1060864K
  class space    used 1010K, capacity 1066K, committed 1152K, reserved 1048576K
}
Event: 0.685 GC heap after
{Heap after GC invocations=2 (full 0):
 garbage-first heap   total 262144K, used 9934K [0x00000000e0000000, 0x0000000100000000)
  region size 1024K, 2 young (2048K), 2 survivors (2048K)
 Metaspace       used 11363K, capacity 11577K, committed 11904K, reserved 1060864K
  class space    used 1010K, capacity 1066K, committed 1152K, reserved 1048576K
}
Event: 1.315 GC heap before
{Heap before GC invocations=2 (full 0):
 garbage-first heap   total 262144K, used 52942K [0x00000000e0000000, 0x0000000100000000)
  region size 1024K, 44 young (45056K), 2 survivors (2048K)
 Metaspace       used 15263K, capacity 15599K, committed 15744K, reserved 1062912K
  class space    used 1476K, capacity 1591K, committed 1664K, reserved 1048576K
}
Event: 1.317 GC heap after
{Heap after GC invocations=3 (full 0):
 garbage-first heap   total 262144K, used 11554K [0x00000000e0000000, 0x0000000100000000)
  region size 1024K, 3 young (3072K), 3 survivors (3072K)
 Metaspace       used 15263K, capacity 15599K, committed 15744K, reserved 1062912K
  class space    used 1476K, capacity 1591K, committed 1664K, reserved 1048576K
}
Event: 2.383 GC heap before
{Heap before GC invocations=3 (full 0):
 garbage-first heap   total 262144K, used 104738K [0x00000000e0000000, 0x0000000100000000)
  region size 1024K, 94 young (96256K), 3 survivors (3072K)
 Metaspace       used 19575K, capacity 19840K, committed 20096K, reserved 1067008K
  class space    used 2005K, capacity 2090K, committed 2176K, reserved 1048576K
}
Event: 2.388 GC heap after
{Heap after GC invocations=4 (full 0):
 garbage-first heap   total 262144K, used 15391K [0x00000000e0000000, 0x0000000100000000)
  region size 1024K, 7 young (7168K), 7 survivors (7168K)
 Metaspace       used 19575K, capacity 19840K, committed 20096K, reserved 1067008K
  class space    used 2005K, capacity 2090K, committed 2176K, reserved 1048576K
}
Event: 2.639 GC heap before
{Heap before GC invocations=4 (full 0):
 garbage-first heap   total 262144K, used 49183K [0x00000000e0000000, 0x0000000100000000)
  region size 1024K, 41 young (41984K), 7 survivors (7168K)
 Metaspace       used 20902K, capacity 21190K, committed 21248K, reserved 1069056K
  class space    used 2203K, capacity 2283K, committed 2304K, reserved 1048576K
}
Event: 2.643 GC heap after
{Heap after GC invocations=5 (full 0):
 garbage-first heap   total 262144K, used 17639K [0x00000000e0000000, 0x0000000100000000)
  region size 1024K, 9 young (9216K), 9 survivors (9216K)
 Metaspace       used 20902K, capacity 21190K, committed 21248K, reserved 1069056K
  class space    used 2203K, capacity 2283K, committed 2304K, reserved 1048576K
}
Event: 3.731 GC heap before
{Heap before GC invocations=6 (full 0):
 garbage-first heap   total 262144K, used 132327K [0x00000000e0000000, 0x0000000100000000)
  region size 1024K, 121 young (123904K), 9 survivors (9216K)
 Metaspace       used 25087K, capacity 25419K, committed 25600K, reserved 1073152K
  class space    used 2680K, capacity 2771K, committed 2816K, reserved 1048576K
}
Event: 3.738 GC heap after
{Heap after GC invocations=7 (full 0):
 garbage-first heap   total 262144K, used 26411K [0x00000000e0000000, 0x0000000100000000)
  region size 1024K, 16 young (16384K), 16 survivors (16384K)
 Metaspace       used 25087K, capacity 25419K, committed 25600K, reserved 1073152K
  class space    used 2680K, capacity 2771K, committed 2816K, reserved 1048576K
}
Event: 5.369 GC heap before
{Heap before GC invocations=7 (full 0):
 garbage-first heap   total 262144K, used 156459K [0x00000000e0000000, 0x0000000100000000)
  region size 1024K, 143 young (146432K), 16 survivors (16384K)
 Metaspace       used 27050K, capacity 27457K, committed 27648K, reserved 1073152K
  class space    used 2885K, capacity 3000K, committed 3072K, reserved 1048576K
}
Event: 5.377 GC heap after
{Heap after GC invocations=8 (full 0):
 garbage-first heap   total 262144K, used 28415K [0x00000000e0000000, 0x0000000100000000)
  region size 1024K, 11 young (11264K), 11 survivors (11264K)
 Metaspace       used 27050K, capacity 27457K, committed 27648K, reserved 1073152K
  class space    used 2885K, capacity 3000K, committed 3072K, reserved 1048576K
}

Deoptimization events (20 events):
Event: 5.036 Thread 0x000001c4f57e1800 DEOPT PACKING pc=0x000001c4ddf2790b sp=0x0000000eafcf7d80
Event: 5.036 Thread 0x000001c4f57e1800 DEOPT UNPACKING pc=0x000001c4dc246dde sp=0x0000000eafcf7218 mode 0
Event: 5.128 Thread 0x000001c4f1ce5800 DEOPT PACKING pc=0x000001c4de417545 sp=0x0000000eafdff150
Event: 5.128 Thread 0x000001c4f1ce5800 DEOPT UNPACKING pc=0x000001c4dc246dde sp=0x0000000eafdfe638 mode 0
Event: 5.128 Thread 0x000001c4f1ce5800 DEOPT PACKING pc=0x000001c4de4175c4 sp=0x0000000eafdff150
Event: 5.128 Thread 0x000001c4f1ce5800 DEOPT UNPACKING pc=0x000001c4dc246dde sp=0x0000000eafdfe6a8 mode 0
Event: 5.134 Thread 0x000001c4f1ce5800 DEOPT PACKING pc=0x000001c4de425a9c sp=0x0000000eafdfef20
Event: 5.134 Thread 0x000001c4f1ce5800 DEOPT UNPACKING pc=0x000001c4dc246dde sp=0x0000000eafdfe328 mode 0
Event: 5.138 Thread 0x000001c4f1ce5800 DEOPT PACKING pc=0x000001c4de424509 sp=0x0000000eafdfed80
Event: 5.138 Thread 0x000001c4f1ce5800 DEOPT UNPACKING pc=0x000001c4dc246dde sp=0x0000000eafdfe218 mode 0
Event: 5.141 Thread 0x000001c4f1ce5800 DEOPT PACKING pc=0x000001c4de42f88e sp=0x0000000eafdfeda0
Event: 5.141 Thread 0x000001c4f1ce5800 DEOPT UNPACKING pc=0x000001c4dc246dde sp=0x0000000eafdfe1d8 mode 0
Event: 5.148 Thread 0x000001c4f1ce5800 DEOPT PACKING pc=0x000001c4ddde826c sp=0x0000000eafdfeeb0
Event: 5.148 Thread 0x000001c4f1ce5800 DEOPT UNPACKING pc=0x000001c4dc246dde sp=0x0000000eafdfe368 mode 0
Event: 5.153 Thread 0x000001c4f1ce5800 DEOPT PACKING pc=0x000001c4ddde826c sp=0x0000000eafdfeeb0
Event: 5.153 Thread 0x000001c4f1ce5800 DEOPT UNPACKING pc=0x000001c4dc246dde sp=0x0000000eafdfe368 mode 0
Event: 5.158 Thread 0x000001c4f1ce5800 DEOPT PACKING pc=0x000001c4ddde826c sp=0x0000000eafdfeeb0
Event: 5.158 Thread 0x000001c4f1ce5800 DEOPT UNPACKING pc=0x000001c4dc246dde sp=0x0000000eafdfe368 mode 0
Event: 5.312 Thread 0x000001c4f1ce5800 DEOPT PACKING pc=0x000001c4de43b1f9 sp=0x0000000eafdff170
Event: 5.312 Thread 0x000001c4f1ce5800 DEOPT UNPACKING pc=0x000001c4dc246dde sp=0x0000000eafdfe678 mode 0

Classes redefined (17 events):
Event: 3.909 Thread 0x000001c4eee8c000 redefined class name=android.view.Window$Callback, count=1
Event: 3.910 Thread 0x000001c4eee8c000 redefined class name=android.view.LayoutInflater$Factory2, count=1
Event: 3.912 Thread 0x000001c4eee8c000 redefined class name=java.lang.Object, count=1
Event: 3.913 Thread 0x000001c4eee8c000 redefined class name=android.app.Activity, count=2
Event: 3.914 Thread 0x000001c4eee8c000 redefined class name=android.view.LayoutInflater$Factory, count=2
Event: 3.915 Thread 0x000001c4eee8c000 redefined class name=android.view.View$OnCreateContextMenuListener, count=2
Event: 3.916 Thread 0x000001c4eee8c000 redefined class name=android.content.ComponentCallbacks, count=2
Event: 3.916 Thread 0x000001c4eee8c000 redefined class name=android.content.ContextWrapper, count=2
Event: 3.917 Thread 0x000001c4eee8c000 redefined class name=android.view.KeyEvent$Callback, count=2
Event: 3.917 Thread 0x000001c4eee8c000 redefined class name=android.content.ComponentCallbacks2, count=2
Event: 3.918 Thread 0x000001c4eee8c000 redefined class name=android.content.Context, count=2
Event: 3.918 Thread 0x000001c4eee8c000 redefined class name=android.view.ContextThemeWrapper, count=4
Event: 4.940 Thread 0x000001c4eee8c000 redefined class name=android.arch.lifecycle.ViewModelStoreOwner, count=1
Event: 4.952 Thread 0x000001c4eee8c000 redefined class name=android.arch.lifecycle.LifecycleOwner, count=1
Event: 4.963 Thread 0x000001c4eee8c000 redefined class name=swati4star.createpdf.fragment.SettingsFragment, count=1
Event: 4.975 Thread 0x000001c4eee8c000 redefined class name=swati4star.createpdf.interfaces.OnItemClickListener, count=1
Event: 4.988 Thread 0x000001c4eee8c000 redefined class name=android.support.v4.app.Fragment, count=1

Internal exceptions (19 events):
Event: 0.241 Thread 0x000001c4d872d000 Exception <a 'java/security/PrivilegedActionException'{0x00000000efc63d98}> (0x00000000efc63d98) thrown at [./src/hotspot/share/prims/jvm.cpp, line 1306]
Event: 0.241 Thread 0x000001c4d872d000 Exception <a 'java/security/PrivilegedActionException'{0x00000000efc64068}> (0x00000000efc64068) thrown at [./src/hotspot/share/prims/jvm.cpp, line 1306]
Event: 0.292 Thread 0x000001c4d872d000 Exception <a 'java/security/PrivilegedActionException'{0x00000000ef68f0d0}> (0x00000000ef68f0d0) thrown at [./src/hotspot/share/prims/jvm.cpp, line 1306]
Event: 0.292 Thread 0x000001c4d872d000 Exception <a 'java/security/PrivilegedActionException'{0x00000000ef68f3a0}> (0x00000000ef68f3a0) thrown at [./src/hotspot/share/prims/jvm.cpp, line 1306]
Event: 0.396 Thread 0x000001c4d872d000 Exception <a 'java/lang/NoSuchMethodError'{0x00000000eee95e18}: 'int java.lang.invoke.DirectMethodHandle$Holder.invokeSpecialIFC(java.lang.Object, java.lang.Object, int)'> (0x00000000eee95e18) thrown at [./src/hotspot/share/interpreter/linkResolver.cpp, line 773]
Event: 0.972 Thread 0x000001c4d872d000 Exception <a 'java/lang/NoSuchMethodError'{0x00000000eeb78b40}: <clinit>> (0x00000000eeb78b40) thrown at [./src/hotspot/share/prims/jni.cpp, line 1362]
Event: 0.972 Thread 0x000001c4d872d000 Exception <a 'java/lang/NoSuchMethodError'{0x00000000eeb827d0}: <clinit>> (0x00000000eeb827d0) thrown at [./src/hotspot/share/prims/jni.cpp, line 1362]
Event: 0.975 Thread 0x000001c4d872d000 Exception <a 'java/lang/NoSuchMethodError'{0x00000000eeb8bca0}: <clinit>> (0x00000000eeb8bca0) thrown at [./src/hotspot/share/prims/jni.cpp, line 1362]
Event: 1.144 Thread 0x000001c4d872d000 Exception <a 'java/lang/NoSuchMethodError'{0x00000000edea16d0}: 'java.lang.Object java.lang.invoke.DirectMethodHandle$Holder.invokeVirtual(java.lang.Object, java.lang.Object, java.lang.Object, java.lang.Object, java.lang.Object)'> (0x00000000edea16d0) thrown at [./src/hotspot/share/interpreter/linkResolver.cpp, line 773]
Event: 1.237 Thread 0x000001c4d872d000 Exception <a 'java/lang/NoSuchMethodError'{0x00000000ed698808}: 'java.lang.Object java.lang.invoke.DirectMethodHandle$Holder.invokeStaticInit(java.lang.Object, int, int, int, int)'> (0x00000000ed698808) thrown at [./src/hotspot/share/interpreter/linkResolver.cpp, line 773]
Event: 1.299 Thread 0x000001c4d872d000 Exception <a 'java/lang/NoSuchMethodError'{0x00000000ed5c3c98}: 'java.lang.Object java.lang.invoke.DirectMethodHandle$Holder.invokeStaticInit(java.lang.Object, java.lang.Object, int, int, int, int)'> (0x00000000ed5c3c98) thrown at [./src/hotspot/share/interpreter/linkResolver.cpp, line 773]
Event: 1.657 Thread 0x000001c4f57e1800 Exception <a 'java/lang/reflect/InvocationTargetException'{0x00000000edb4bc90}> (0x00000000edb4bc90) thrown at [./src/hotspot/share/runtime/reflection.cpp, line 1247]
Event: 1.658 Thread 0x000001c4f57e1800 Exception <a 'java/lang/NoSuchMethodError'{0x00000000edb57df8}: 'java.lang.Object java.lang.invoke.DirectMethodHandle$Holder.invokeStaticInit(java.lang.Object, java.lang.Object, long, java.lang.Object)'> (0x00000000edb57df8) thrown at [./src/hotspot/share/interpreter/linkResolver.cpp, line 773]
Event: 1.659 Thread 0x000001c4f57e1800 Exception <a 'java/lang/NoSuchMethodError'{0x00000000edb64088}: 'java.lang.Object java.lang.invoke.Invokers$Holder.linkToTargetMethod(java.lang.Object, long, java.lang.Object)'> (0x00000000edb64088) thrown at [./src/hotspot/share/interpreter/linkResolver.cpp, line 773]
Event: 1.673 Thread 0x000001c4f57e1800 Exception <a 'java/lang/NoSuchMethodError'{0x00000000eda8b9d0}: 'void java.lang.invoke.DirectMethodHandle$Holder.invokeStatic(java.lang.Object, long)'> (0x00000000eda8b9d0) thrown at [./src/hotspot/share/interpreter/linkResolver.cpp, line 773]
Event: 1.673 Thread 0x000001c4f57e1800 Exception <a 'java/lang/NoSuchMethodError'{0x00000000eda90e88}: 'java.lang.Object java.lang.invoke.DirectMethodHandle$Holder.invokeStatic(java.lang.Object, long)'> (0x00000000eda90e88) thrown at [./src/hotspot/share/interpreter/linkResolver.cpp, line 773]
Event: 1.673 Thread 0x000001c4f57e1800 Exception <a 'java/lang/NoSuchMethodError'{0x00000000eda94458}: 'java.lang.Object java.lang.invoke.DirectMethodHandle$Holder.invokeSpecial(java.lang.Object, java.lang.Object, long)'> (0x00000000eda94458) thrown at [./src/hotspot/share/interpreter/linkResolver.cpp, line 773]
Event: 1.674 Thread 0x000001c4f57e1800 Exception <a 'java/lang/NoSuchMethodError'{0x00000000eda97468}: 'java.lang.Object java.lang.invoke.Invokers$Holder.linkToTargetMethod(long, java.lang.Object)'> (0x00000000eda97468) thrown at [./src/hotspot/share/interpreter/linkResolver.cpp, line 773]
Event: 2.730 Thread 0x000001c4f57e1800 Exception <a 'java/lang/ClassNotFoundException'{0x00000000ef436020}: java/lang/ClassLoader$ByteBuddyAccessor$IH96uTfc> (0x00000000ef436020) thrown at [./src/hotspot/share/classfile/systemDictionary.cpp, line 231]

Events (20 events):
Event: 5.115 Executing VM operation: RevokeBias done
Event: 5.115 Executing VM operation: RevokeBias
Event: 5.115 Executing VM operation: RevokeBias done
Event: 5.115 loading class org/jacoco/agent/rt/internal_1f1cc91/core/data/SessionInfo
Event: 5.115 loading class org/jacoco/agent/rt/internal_1f1cc91/core/data/SessionInfo done
Event: 5.132 loading class com/intellij/rt/coverage/instrumentation/SaveHook$1
Event: 5.132 loading class com/intellij/rt/coverage/util/DictionaryLookup
Event: 5.132 loading class com/intellij/rt/coverage/util/DictionaryLookup done
Event: 5.132 loading class com/intellij/rt/coverage/instrumentation/SaveHook$1 done
Event: 5.132 loading class com/intellij/rt/coverage/util/CoverageIOUtil$2
Event: 5.132 loading class com/intellij/rt/coverage/util/CoverageIOUtil$Consumer
Event: 5.132 loading class com/intellij/rt/coverage/util/CoverageIOUtil$Consumer done
Event: 5.132 loading class com/intellij/rt/coverage/util/CoverageIOUtil$2 done
Event: 5.137 loading class com/intellij/rt/coverage/data/JumpsAndSwitches
Event: 5.137 loading class com/intellij/rt/coverage/data/JumpsAndSwitches done
Event: 5.143 Thread 0x000001c4f1ceb800 Thread exited: 0x000001c4f1ceb800
Event: 5.369 Executing VM operation: G1CollectForAllocation
Event: 5.377 Executing VM operation: G1CollectForAllocation done
Event: 5.437 Thread 0x000001c4f1ce5800 Thread exited: 0x000001c4f1ce5800
Event: 5.438 Executing VM operation: Exit


Dynamic libraries:
0x00007ff635780000 - 0x00007ff63578a000 	C:\Program Files\Android\Android Studio\jre\bin\java.exe
0x00007ff8b84f0000 - 0x00007ff8b86e5000 	C:\Windows\SYSTEM32\ntdll.dll
0x00007ff8b82c0000 - 0x00007ff8b837e000 	C:\Windows\System32\KERNEL32.DLL
0x00007ff8b5c00000 - 0x00007ff8b5ec8000 	C:\Windows\System32\KERNELBASE.dll
0x00007ff8b5ff0000 - 0x00007ff8b60f0000 	C:\Windows\System32\ucrtbase.dll
0x00007ff89a7d0000 - 0x00007ff89a7e9000 	C:\Program Files\Android\Android Studio\jre\bin\jli.dll
0x00007ff89a7f0000 - 0x00007ff89a807000 	C:\Program Files\Android\Android Studio\jre\bin\VCRUNTIME140.dll
0x00007ff8b78d0000 - 0x00007ff8b7a71000 	C:\Windows\System32\USER32.dll
0x00007ff8a3ff0000 - 0x00007ff8a428a000 	C:\Windows\WinSxS\amd64_microsoft.windows.common-controls_6595b64144ccf1df_6.0.19041.1110_none_60b5254171f9507e\COMCTL32.dll
0x00007ff8b5fc0000 - 0x00007ff8b5fe2000 	C:\Windows\System32\win32u.dll
0x00007ff8b81a0000 - 0x00007ff8b823e000 	C:\Windows\System32\msvcrt.dll
0x00007ff8b7830000 - 0x00007ff8b785b000 	C:\Windows\System32\GDI32.dll
0x00007ff8b62e0000 - 0x00007ff8b63ed000 	C:\Windows\System32\gdi32full.dll
0x00007ff8b5ed0000 - 0x00007ff8b5f6d000 	C:\Windows\System32\msvcp_win.dll
0x00007ff8b71f0000 - 0x00007ff8b7220000 	C:\Windows\System32\IMM32.DLL
0x00007ff899c50000 - 0x00007ff899ced000 	C:\Program Files\Android\Android Studio\jre\bin\msvcp140.dll
0x00007ff87b9c0000 - 0x00007ff87c495000 	C:\Program Files\Android\Android Studio\jre\bin\server\jvm.dll
0x00007ff8b8040000 - 0x00007ff8b80ee000 	C:\Windows\System32\ADVAPI32.dll
0x00007ff8b7780000 - 0x00007ff8b781c000 	C:\Windows\System32\sechost.dll
0x00007ff8b70b0000 - 0x00007ff8b71d5000 	C:\Windows\System32\RPCRT4.dll
0x00007ff8b6950000 - 0x00007ff8b6958000 	C:\Windows\System32\PSAPI.DLL
0x00007ff89fce0000 - 0x00007ff89fce9000 	C:\Windows\SYSTEM32\WSOCK32.dll
0x00007ff8a8d10000 - 0x00007ff8a8d37000 	C:\Windows\SYSTEM32\WINMM.dll
0x00007ff8b7860000 - 0x00007ff8b78cb000 	C:\Windows\System32\WS2_32.dll
0x00007ff8afa10000 - 0x00007ff8afa1a000 	C:\Windows\SYSTEM32\VERSION.dll
0x00007ff8b3b10000 - 0x00007ff8b3b22000 	C:\Windows\SYSTEM32\kernel.appcore.dll
0x00007ff89f8a0000 - 0x00007ff89f8b1000 	C:\Program Files\Android\Android Studio\jre\bin\verify.dll
0x00007ff8a7f90000 - 0x00007ff8a8174000 	C:\Windows\SYSTEM32\DBGHELP.DLL
0x00007ff895d00000 - 0x00007ff895d2c000 	C:\Windows\SYSTEM32\dbgcore.DLL
0x00007ff8b60f0000 - 0x00007ff8b6172000 	C:\Windows\System32\bcryptPrimitives.dll
0x00007ff89f870000 - 0x00007ff89f899000 	C:\Program Files\Android\Android Studio\jre\bin\java.dll
0x00007ff8a1270000 - 0x00007ff8a127b000 	C:\Program Files\Android\Android Studio\jre\bin\jimage.dll
0x00007ff8aafa0000 - 0x00007ff8aafaf000 	C:\Program Files\Android\Android Studio\jre\bin\instrument.dll
0x00007ff89e860000 - 0x00007ff89e878000 	C:\Program Files\Android\Android Studio\jre\bin\zip.dll
0x00007ff8b6960000 - 0x00007ff8b70a4000 	C:\Windows\System32\SHELL32.dll
0x00007ff8b3d10000 - 0x00007ff8b44a5000 	C:\Windows\SYSTEM32\windows.storage.dll
0x00007ff8b7420000 - 0x00007ff8b7775000 	C:\Windows\System32\combase.dll
0x00007ff8b5580000 - 0x00007ff8b55ae000 	C:\Windows\SYSTEM32\Wldp.dll
0x00007ff8b80f0000 - 0x00007ff8b819d000 	C:\Windows\System32\SHCORE.dll
0x00007ff8b8380000 - 0x00007ff8b83d5000 	C:\Windows\System32\shlwapi.dll
0x00007ff8b5b40000 - 0x00007ff8b5b5f000 	C:\Windows\SYSTEM32\profapi.dll
0x00007ff89e840000 - 0x00007ff89e85a000 	C:\Program Files\Android\Android Studio\jre\bin\net.dll
0x00007ff8ae560000 - 0x00007ff8ae66c000 	C:\Windows\SYSTEM32\WINHTTP.dll
0x00007ff8b52e0000 - 0x00007ff8b534a000 	C:\Windows\system32\mswsock.dll
0x00007ff89e820000 - 0x00007ff89e834000 	C:\Program Files\Android\Android Studio\jre\bin\nio.dll
0x00007ff894280000 - 0x00007ff894297000 	C:\Windows\system32\napinsp.dll
0x00007ff894260000 - 0x00007ff89427b000 	C:\Windows\system32\pnrpnsp.dll
0x00007ff8b0840000 - 0x00007ff8b0855000 	C:\Windows\system32\wshbth.dll
0x00007ff8b1750000 - 0x00007ff8b176d000 	C:\Windows\system32\NLAapi.dll
0x00007ff8b4fd0000 - 0x00007ff8b500b000 	C:\Windows\SYSTEM32\IPHLPAPI.DLL
0x00007ff8b5010000 - 0x00007ff8b50db000 	C:\Windows\SYSTEM32\DNSAPI.dll
0x00007ff8b71e0000 - 0x00007ff8b71e8000 	C:\Windows\System32\NSI.dll
0x00007ff893f20000 - 0x00007ff893f32000 	C:\Windows\System32\winrnr.dll
0x000000006b550000 - 0x000000006b576000 	C:\Program Files\Bonjour\mdnsNSP.dll
0x00007ff8aec50000 - 0x00007ff8aec5a000 	C:\Windows\System32\rasadhlp.dll
0x00007ff8ad510000 - 0x00007ff8ad58f000 	C:\Windows\System32\fwpuclnt.dll
0x00007ff8b63f0000 - 0x00007ff8b6417000 	C:\Windows\System32\bcrypt.dll
0x00007ff8b54d0000 - 0x00007ff8b54e8000 	C:\Windows\SYSTEM32\CRYPTSP.dll
0x00007ff8b4c60000 - 0x00007ff8b4c94000 	C:\Windows\system32\rsaenh.dll
0x00007ff8b5b00000 - 0x00007ff8b5b2e000 	C:\Windows\SYSTEM32\USERENV.dll
0x00007ff8b54f0000 - 0x00007ff8b54fc000 	C:\Windows\SYSTEM32\CRYPTBASE.dll
0x00007ff8afb60000 - 0x00007ff8afb77000 	C:\Windows\SYSTEM32\dhcpcsvc6.DLL
0x00007ff8afb20000 - 0x00007ff8afb3d000 	C:\Windows\SYSTEM32\dhcpcsvc.DLL

dbghelp: loaded successfully - version: 4.0.5 - missing functions: none
symbol engine: initialized successfully - sym options: 0x614 - pdb path: .;C:\Program Files\Android\Android Studio\jre\bin;C:\Windows\SYSTEM32;C:\Windows\WinSxS\amd64_microsoft.windows.common-controls_6595b64144ccf1df_6.0.19041.1110_none_60b5254171f9507e;C:\Program Files\Android\Android Studio\jre\bin\server;C:\Program Files\Bonjour

VM Arguments:
jvm_args: -Djava.awt.headless=true -Dorg.gradle.native=false -javaagent:C:\Users\Emanuele\AppData\Local\Google\AndroidStudio2021.1\testAgent\intellij-coverage-agent-1.0.579.jar=C:\Users\Emanuele\AppData\Local\Temp\coverage2825args -javaagent:build/tmp/expandedArchives/org.jacoco.agent-0.8.3.jar_4b57cf550318c2dfec984d52b9993337/jacocoagent.jar=destfile=build/jacoco/testDebugUnitTest.exec,append=true,inclnolocationclasses=false,dumponexit=true,output=file,jmx=false -Xmx512m -Dfile.encoding=windows-1252 -Duser.country=IT -Duser.language=it -Duser.variant -ea 
java_command: worker.org.gradle.process.internal.worker.GradleWorkerMain 'Gradle Test Executor 15'
java_class_path (initial): C:\\Users\\Emanuele\\.gradle\\caches\\5.4.1\\workerMain\\gradle-worker.jar;D:\\UNISA\\Images-to-PDF-8.8.1\\app\\build\\intermediates\\unit_test_config_directory\\debugUnitTest\\out;D:\\UNISA\\Images-to-PDF-8.8.1\\app\\build\\intermediates\\javac\\debugUnitTest\\classes;D:\\UNISA\\Images-to-PDF-8.8.1\\app\\build\\intermediates\\sourceFolderJavaResources\\test\\debug;D:\\UNISA\\Images-to-PDF-8.8.1\\app\\libs\\aspose-cells-19.3-android.via.java.jar;C:\\Users\\Emanuele\\.gradle\\caches\\modules-2\\files-2.1\\junit\\junit\\4.12\\2973d150c0dc1fefe998f834810d68f278ea58ec\\junit-4.12.jar;C:\\Users\\Emanuele\\.gradle\\caches\\transforms-2\\files-2.1\\7b6909b64f48938995ae3ed4e82d21fb\\design-28.0.0\\jars\\classes.jar;C:\\Users\\Emanuele\\.gradle\\caches\\transforms-2\\files-2.1\\651251c562687d258463be1acb29cef2\\preference-v7-28.0.0\\jars\\classes.jar;C:\\Users\\Emanuele\\.gradle\\caches\\transforms-2\\files-2.1\\486df71dc6ed74dea0b4255c79b1f7bb\\android-morphing-button-98a4986e56\\jars\\classes.jar;C:\\Users\\Emanuele\\.gradle\\caches\\transforms-2\\files-2.1\\e0b8729a29a97f1249360bc34a62f3c6\\core-0.9.6.0\\jars\\classes.jar;C:\\Users\\Emanuele\\.gradle\\caches\\transforms-2\\files-2.1\\9a8a65aafbfe97c85a668158010ad42e\\lottie-2.5.5\\jars\\classes.jar;C:\\Users\\Emanuele\\.gradle\\caches\\transforms-2\\files-2.1\\f759d4cca9c841abfbbf69a3d1988020\\photoeditor-0.2.1\\jars\\classes.jar;C:\\Users\\Emanuele\\.gradle\\caches\\transforms-2\\files-2.1\\136cddfca49c69e99f753cbe0696d868\\android-image-cropper-2.7.0\\jars\\classes.jar;C:\\Users\\Emanuele\\.gradle\\caches\\transforms-2\\files-2.1\\da52e0abd62c4b4fdf635b9f1534cce3\\matisse-0.5.2-beta4\\jars\\classes.jar;C:\\Users\\Emanuele\\.gradle\\caches\\transforms-2\\files-2.1\\fa54b75fd3ca8dcd347227168e2bb359\\library-1.4.2\\jars\\classes.jar;C:\\Users\\Emanuele\\.gradle\\caches\\transforms-2\\files-2.1\\2f076f60f4de0bb3727f48fd42425706\\appcompat-v7-28.0.0\\jars\\classes.jar;C:\\Users\\Emanuele\\.gradle
Launcher Type: SUN_STANDARD

[Global flags]
     intx CICompilerCount                          = 3                                         {product} {ergonomic}
     uint ConcGCThreads                            = 2                                         {product} {ergonomic}
     uint G1ConcRefinementThreads                  = 6                                         {product} {ergonomic}
   size_t G1HeapRegionSize                         = 1048576                                   {product} {ergonomic}
    uintx GCDrainStackTargetSize                   = 64                                        {product} {ergonomic}
   size_t InitialHeapSize                          = 268435456                                 {product} {ergonomic}
   size_t MarkStackSize                            = 4194304                                   {product} {ergonomic}
   size_t MaxHeapSize                              = 536870912                                 {product} {command line}
   size_t MaxNewSize                               = 321912832                                 {product} {ergonomic}
   size_t MinHeapDeltaBytes                        = 1048576                                   {product} {ergonomic}
    uintx NonNMethodCodeHeapSize                   = 5830732                                {pd product} {ergonomic}
    uintx NonProfiledCodeHeapSize                  = 122913754                              {pd product} {ergonomic}
    uintx ProfiledCodeHeapSize                     = 122913754                              {pd product} {ergonomic}
    uintx ReservedCodeCacheSize                    = 251658240                              {pd product} {ergonomic}
     bool SegmentedCodeCache                       = true                                      {product} {ergonomic}
     bool UseCompressedClassPointers               = true                                 {lp64_product} {ergonomic}
     bool UseCompressedOops                        = true                                 {lp64_product} {ergonomic}
     bool UseG1GC                                  = true                                      {product} {ergonomic}
     bool UseLargePagesIndividualAllocation        = false                                  {pd product} {ergonomic}

Logging:
Log output configuration:
 #0: stdout all=warning uptime,level,tags
 #1: stderr all=off uptime,level,tags

Environment Variables:
PATH=C:\Program Files\Common Files\Oracle\Java\javapath;C:\Program Files (x86)\Common Files\Oracle\Java\javapath;C:\Windows\system32;C:\Windows;C:\Windows\System32\Wbem;C:\Windows\System32\WindowsPowerShell\v1.0\;C:\Windows\System32\OpenSSH\;C:\Program Files\NVIDIA Corporation\NVIDIA NvDLISR;C:\Program Files (x86)\NVIDIA Corporation\PhysX\Common;C:\Program Files\dotnet\;C:\Program Files\Git\cmd;C:\Users\Emanuele\AppData\Local\Microsoft\WindowsApps;C:\Users\Emanuele\AppData\Local\GitHubDesktop\bin
USERNAME=Emanuele
OS=Windows_NT
PROCESSOR_IDENTIFIER=Intel64 Family 6 Model 158 Stepping 12, GenuineIntel



---------------  S Y S T E M  ---------------

OS: Windows 10 , 64 bit Build 19041 (10.0.19041.1466)
OS uptime: 0 days 0:39 hours

CPU:total 6 (initial active 6) (6 cores per cpu, 1 threads per core) family 6 model 158 stepping 12 microcode 0xae, cmov, cx8, fxsr, mmx, sse, sse2, sse3, ssse3, sse4.1, sse4.2, popcnt, avx, avx2, aes, clmul, erms, rtm, 3dnowpref, lzcnt, tsc, tscinvbit, bmi1, bmi2, adx, fma

Memory: 4k page, system-wide physical 16316M (8979M free)
TotalPageFile size 18748M (AvailPageFile size 9925M)
current process WorkingSet (physical memory assigned to process): 351M, peak: 352M
current process commit charge ("private bytes"): 468M, peak: 470M

vm_info: OpenJDK 64-Bit Server VM (11.0.11+9-b60-7590822) for windows-amd64 JRE (11.0.11+9-b60-7590822), built on Jul 29 2021 21:43:44 by "builder" with MS VC++ 14.0 (VS2015)

END.
