#
# A fatal error has been detected by the Java Runtime Environment:
#
#  EXCEPTION_ACCESS_VIOLATION (0xc0000005) at pc=0x00007ffc93ec8ed0, pid=10020, tid=5176
#
# JRE version: OpenJDK Runtime Environment (11.0.11+9) (build 11.0.11+9-b60-7590822)
# Java VM: OpenJDK 64-Bit Server VM (11.0.11+9-b60-7590822, mixed mode, tiered, compressed oops, g1 gc, windows-amd64)
# Problematic frame:
# V  [jvm.dll+0x358ed0]
#
# No core dump will be written. Minidumps are not enabled by default on client versions of Windows
#
# If you would like to submit a bug report, please visit:
#   https://bugreport.java.com/bugreport/crash.jsp
#

---------------  S U M M A R Y ------------

Command Line: -Djava.awt.headless=true -Dorg.gradle.native=false -javaagent:C:\Users\Emanuele\AppData\Local\Google\AndroidStudio2021.1\testAgent\intellij-coverage-agent-1.0.579.jar=C:\Users\Emanuele\AppData\Local\Temp\coverage9012args -javaagent:build/tmp/expandedArchives/org.jacoco.agent-0.8.3.jar_4b57cf550318c2dfec984d52b9993337/jacocoagent.jar=destfile=build/jacoco/testDebugUnitTest.exec,append=true,inclnolocationclasses=false,dumponexit=true,output=file,jmx=false -Xmx512m -Dfile.encoding=windows-1252 -Duser.country=IT -Duser.language=it -Duser.variant -ea worker.org.gradle.process.internal.worker.GradleWorkerMain 'Gradle Test Executor 43'

Host: Intel(R) Core(TM) i5-9600K CPU @ 3.70GHz, 6 cores, 15G,  Windows 10 , 64 bit Build 19041 (10.0.19041.1466)
Time: Mon Feb  7 19:25:44 2022 ora solare Europa occidentale elapsed time: 4.316342 seconds (0d 0h 0m 4s)

---------------  T H R E A D  ---------------

Current thread (0x00000289176c4000):  JavaThread "C2 CompilerThread0" daemon [_thread_in_native, id=5176, stack(0x00000098a1a00000,0x00000098a1b00000)]


Current CompileTask:
C2:   4316 5067       4       org.jacoco.agent.rt.internal_1f1cc91.asm.SymbolTable::addConstantMemberReference (258 bytes)

Stack: [0x00000098a1a00000,0x00000098a1b00000],  sp=0x00000098a1afbd10,  free space=1007k
Native frames: (J=compiled Java code, j=interpreted, Vv=VM code, C=native code)
V  [jvm.dll+0x358ed0]
V  [jvm.dll+0x353c90]
V  [jvm.dll+0x352296]
V  [jvm.dll+0x1989a2]
V  [jvm.dll+0x1fc2ee]
V  [jvm.dll+0x1fb3d4]
V  [jvm.dll+0x183d6c]
V  [jvm.dll+0x209a57]
V  [jvm.dll+0x2082a1]
V  [jvm.dll+0x6ef58f]
V  [jvm.dll+0x6e80b5]
V  [jvm.dll+0x5f1036]
C  [ucrtbase.dll+0x21bb2]
C  [KERNEL32.DLL+0x17034]
C  [ntdll.dll+0x52651]


siginfo: EXCEPTION_ACCESS_VIOLATION (0xc0000005), reading address 0xffffffffffffffff


Register to memory mapping:

RIP=0x00007ffc93ec8ed0 jvm.dll
RAX=0x000102891aec8ae0 is an unknown value
RBX=0x0000000000000060 is an unknown value
RCX=0x0000000000000002 is an unknown value
RDX=0x0 is NULL
RSP=0x00000098a1afbd10 is pointing into the stack for thread: 0x00000289176c4000
RBP=0x0000000000000008 is an unknown value
RSI=0x00007ffc9456cf18 jvm.dll
RDI=0x0000028916e0e780 points into unknown readable memory: 0x000002891766a7e0 | e0 a7 66 17 89 02 00 00
R8 =0x000002891aec8b60 points into unknown readable memory: 0x0000000000000000 | 00 00 00 00 00 00 00 00
R9 =0x00000098a1afbd60 is pointing into the stack for thread: 0x00000289176c4000
R10=0x000000000000000c is an unknown value
R11=0x00000098a1afbda0 is pointing into the stack for thread: 0x00000289176c4000
R12=0x00000000000003d8 is an unknown value
R13=0x0000000000000008 is an unknown value
R14=0x00007ffc93b70000 jvm.dll
R15=0x0000028917968ba0 points into unknown readable memory: 0x000002891ac19040 | 40 90 c1 1a 89 02 00 00


Registers:
RAX=0x000102891aec8ae0, RBX=0x0000000000000060, RCX=0x0000000000000002, RDX=0x0000000000000000
RSP=0x00000098a1afbd10, RBP=0x0000000000000008, RSI=0x00007ffc9456cf18, RDI=0x0000028916e0e780
R8 =0x000002891aec8b60, R9 =0x00000098a1afbd60, R10=0x000000000000000c, R11=0x00000098a1afbda0
R12=0x00000000000003d8, R13=0x0000000000000008, R14=0x00007ffc93b70000, R15=0x0000028917968ba0
RIP=0x00007ffc93ec8ed0, EFLAGS=0x0000000000010246

Top of Stack: (sp=0x00000098a1afbd10)
0x00000098a1afbd10:   0000000000000023 00007ffc9405cbc2
0x00000098a1afbd20:   0000000000002284 00007ffc93ec9054
0x00000098a1afbd30:   0000000000000003 00007ffc93ec3c90
0x00000098a1afbd40:   0000000000000001 0000000000001000
0x00000098a1afbd50:   00000098a1afbea0 00007ffc93ec2360
0x00000098a1afbd60:   00000bb700000000 0000009800000006
0x00000098a1afbd70:   000102891aec8ae0 00007ffc0000000c
0x00000098a1afbd80:   000002891bd620d8 0000028900000023
0x00000098a1afbd90:   000002891ad247b0 0000000000000023
0x00000098a1afbda0:   0000028917968bb0 00007ffc93ec2296
0x00000098a1afbdb0:   0000000000001abf 00000098a1afbee0
0x00000098a1afbdc0:   00000098a1afbea0 000002891da507b0
0x00000098a1afbdd0:   00000098a1afc328 00007ffc93d089a2
0x00000098a1afbde0:   0000000000000000 00000098a1afc240
0x00000098a1afbdf0:   00000000000003d8 0000028917968bb0
0x00000098a1afbe00:   0000000000008b00 0000000000000000 

Instructions: (pc=0x00007ffc93ec8ed0)
0x00007ffc93ec8dd0:   58 4c 8b 64 24 50 48 8b c3 48 83 c4 20 41 5f 5f
0x00007ffc93ec8de0:   5e 5d 5b c3 cc cc cc cc cc cc cc cc cc cc cc cc
0x00007ffc93ec8df0:   83 3a 00 4c 8b c2 c7 41 08 08 00 00 00 75 16 33
0x00007ffc93ec8e00:   d2 c7 41 18 01 00 00 00 89 11 48 8b c1 c7 41 28
0x00007ffc93ec8e10:   01 00 00 00 c3 33 d2 48 89 11 89 51 18 41 8b 80
0x00007ffc93ec8e20:   90 00 00 00 89 41 28 48 89 51 10 49 8b 40 08 48
0x00007ffc93ec8e30:   89 41 20 48 8b c1 4c 89 41 30 c3 cc cc cc cc cc
0x00007ffc93ec8e40:   48 83 ec 28 8b 51 08 4c 8b c9 83 fa 08 73 18 4c
0x00007ffc93ec8e50:   8b 41 10 8b c2 41 83 3c 80 00 0f 85 0d 01 00 00
0x00007ffc93ec8e60:   ff c2 83 fa 08 72 ec 44 8b 51 18 48 89 5c 24 30
0x00007ffc93ec8e70:   48 89 6c 24 38 48 89 74 24 40 48 89 7c 24 20 44
0x00007ffc93ec8e80:   3b 51 28 0f 83 b9 00 00 00 8b 0d ed fb 6d 00 48
0x00007ffc93ec8e90:   8d 35 82 40 6a 00 65 48 8b 04 25 58 00 00 00 bd
0x00007ffc93ec8ea0:   08 00 00 00 48 8d 3c c8 0f 1f 84 00 00 00 00 00
0x00007ffc93ec8eb0:   41 8b c2 48 8d 1c c5 00 00 00 00 49 8b 41 20 48
0x00007ffc93ec8ec0:   8b 04 03 48 3b c6 74 6d 49 89 41 10 33 d2 66 90
0x00007ffc93ec8ed0:   83 38 00 0f 85 c3 00 00 00 ff c2 48 83 c0 04 83
0x00007ffc93ec8ee0:   fa 08 72 ec 4d 8b 59 30 4d 85 db 74 48 49 8b 43
0x00007ffc93ec8ef0:   08 8b d5 48 03 17 4c 8b 04 03 48 8b 02 48 8b 88
0x00007ffc93ec8f00:   d0 04 00 00 48 8b 81 88 00 00 00 48 8b 88 88 08
0x00007ffc93ec8f10:   00 00 49 89 08 48 8b 02 48 8b 88 d0 04 00 00 48
0x00007ffc93ec8f20:   8b 81 88 00 00 00 4c 89 80 88 08 00 00 49 8b 43
0x00007ffc93ec8f30:   08 48 89 34 03 41 ff c2 45 3b 51 28 0f 82 6e ff
0x00007ffc93ec8f40:   ff ff 41 8b 41 28 41 89 41 18 33 c0 41 c7 41 08
0x00007ffc93ec8f50:   08 00 00 00 48 8b 74 24 40 48 8b 6c 24 38 48 8b
0x00007ffc93ec8f60:   5c 24 30 48 8b 7c 24 20 48 83 c4 28 c3 8b 41 18
0x00007ffc93ec8f70:   8d 0c c2 8b c2 c1 e1 05 81 e9 00 01 00 00 41 89
0x00007ffc93ec8f80:   49 04 41 8b 0c 80 8d 42 01 41 89 09 49 8b c9 41
0x00007ffc93ec8f90:   89 41 08 48 83 c4 28 e9 c4 2b e4 ff 42 8d 04 d2
0x00007ffc93ec8fa0:   c1 e0 05 41 89 41 04 49 8b 41 10 8b 0c 90 41 8d
0x00007ffc93ec8fb0:   42 01 41 89 41 18 8d 42 01 41 89 09 49 8b c9 41
0x00007ffc93ec8fc0:   89 41 08 e8 98 2b e4 ff eb 8a cc cc cc cc cc cc 


Stack slot to memory mapping:
stack at sp + 0 slots: 0x0000000000000023 is an unknown value
stack at sp + 1 slots: 0x00007ffc9405cbc2 jvm.dll
stack at sp + 2 slots: 0x0000000000002284 is an unknown value
stack at sp + 3 slots: 0x00007ffc93ec9054 jvm.dll
stack at sp + 4 slots: 0x0000000000000003 is an unknown value
stack at sp + 5 slots: 0x00007ffc93ec3c90 jvm.dll
stack at sp + 6 slots: 0x0000000000000001 is an unknown value
stack at sp + 7 slots: 0x0000000000001000 is an unknown value


---------------  P R O C E S S  ---------------

Threads class SMR info:
_java_thread_list=0x000002891ce82460, length=12, elements={
0x000002897f0dc800, 0x0000028916e26000, 0x0000028916e34000, 0x00000289176bb800,
0x00000289176bd800, 0x00000289176c1000, 0x00000289176c4000, 0x00000289176c6800,
0x00000289176c9800, 0x000002891795a800, 0x00000289179ec000, 0x000002891bb8e000
}

Java Threads: ( => current thread )
  0x000002897f0dc800 JavaThread "main" [_thread_blocked, id=3720, stack(0x00000098a0e00000,0x00000098a0f00000)]
  0x0000028916e26000 JavaThread "Reference Handler" daemon [_thread_blocked, id=5552, stack(0x00000098a1500000,0x00000098a1600000)]
  0x0000028916e34000 JavaThread "Finalizer" daemon [_thread_blocked, id=6684, stack(0x00000098a1600000,0x00000098a1700000)]
  0x00000289176bb800 JavaThread "Signal Dispatcher" daemon [_thread_blocked, id=10288, stack(0x00000098a1700000,0x00000098a1800000)]
  0x00000289176bd800 JavaThread "Attach Listener" daemon [_thread_blocked, id=7500, stack(0x00000098a1800000,0x00000098a1900000)]
  0x00000289176c1000 JavaThread "Service Thread" daemon [_thread_blocked, id=7224, stack(0x00000098a1900000,0x00000098a1a00000)]
=>0x00000289176c4000 JavaThread "C2 CompilerThread0" daemon [_thread_in_native, id=5176, stack(0x00000098a1a00000,0x00000098a1b00000)]
  0x00000289176c6800 JavaThread "C1 CompilerThread0" daemon [_thread_blocked, id=3704, stack(0x00000098a1b00000,0x00000098a1c00000)]
  0x00000289176c9800 JavaThread "Sweeper thread" daemon [_thread_blocked, id=9560, stack(0x00000098a1c00000,0x00000098a1d00000)]
  0x000002891795a800 JavaThread "Common-Cleaner" daemon [_thread_blocked, id=10048, stack(0x00000098a1d00000,0x00000098a1e00000)]
  0x00000289179ec000 JavaThread "C2 CompilerThread1" daemon [_thread_in_native, id=9504, stack(0x00000098a1e00000,0x00000098a1f00000)]
  0x000002891bb8e000 JavaThread "Thread-0" [_thread_in_Java, id=2536, stack(0x00000098a2800000,0x00000098a2900000)]

Other Threads:
  0x0000028917664800 VMThread "VM Thread" [stack: 0x00000098a1400000,0x00000098a1500000] [id=8348]
  0x0000028917de5000 WatcherThread [stack: 0x00000098a1f00000,0x00000098a2000000] [id=10040]
  0x000002897f107000 GCTaskThread "GC Thread#0" [stack: 0x00000098a0f00000,0x00000098a1000000] [id=11160]
  0x0000028918f72800 GCTaskThread "GC Thread#1" [stack: 0x00000098a2000000,0x00000098a2100000] [id=10620]
  0x00000289191f4000 GCTaskThread "GC Thread#2" [stack: 0x00000098a2100000,0x00000098a2200000] [id=1144]
  0x000002891802c000 GCTaskThread "GC Thread#3" [stack: 0x00000098a2200000,0x00000098a2300000] [id=3120]
  0x0000028917fcd800 GCTaskThread "GC Thread#4" [stack: 0x00000098a2300000,0x00000098a2400000] [id=3296]
  0x00000289180db800 GCTaskThread "GC Thread#5" [stack: 0x00000098a2400000,0x00000098a2500000] [id=5964]
  0x000002897f0f7000 ConcurrentGCThread "G1 Main Marker" [stack: 0x00000098a1000000,0x00000098a1100000] [id=10248]
  0x000002897f0f8800 ConcurrentGCThread "G1 Conc#0" [stack: 0x00000098a1100000,0x00000098a1200000] [id=9680]
  0x000002891bbec000 ConcurrentGCThread "G1 Conc#1" [stack: 0x00000098a2a00000,0x00000098a2b00000] [id=6304]
  0x0000028916c92800 ConcurrentGCThread "G1 Refine#0" [stack: 0x00000098a1200000,0x00000098a1300000] [id=7480]
  0x0000028917856800 ConcurrentGCThread "G1 Refine#1" [stack: 0x00000098a2500000,0x00000098a2600000] [id=5500]
  0x0000028916c93800 ConcurrentGCThread "G1 Young RemSet Sampling" [stack: 0x00000098a1300000,0x00000098a1400000] [id=2008]

Threads with active compile tasks:
C2 CompilerThread0   4332 5067       4       org.jacoco.agent.rt.internal_1f1cc91.asm.SymbolTable::addConstantMemberReference (258 bytes)
C2 CompilerThread1   4332 5045       4       org.jetbrains.coverage.org.objectweb.asm.Frame::execute (2318 bytes)

VM state:not at safepoint (normal execution)

VM Mutex/Monitor currently owned by a thread: None

Heap address: 0x00000000e0000000, size: 512 MB, Compressed Oops mode: 32-bit
Narrow klass base: 0x0000000000000000, Narrow klass shift: 3
Compressed class space size: 1073741824 Address: 0x0000000100000000

Heap:
 garbage-first heap   total 262144K, used 93787K [0x00000000e0000000, 0x0000000100000000)
  region size 1024K, 83 young (84992K), 17 survivors (17408K)
 Metaspace       used 26261K, capacity 26701K, committed 26880K, reserved 1073152K
  class space    used 2853K, capacity 2977K, committed 3072K, reserved 1048576K
Heap Regions: E=young(eden), S=young(survivor), O=old, HS=humongous(starts), HC=humongous(continues), CS=collection set, F=free, A=archive, TAMS=top-at-mark-start (previous, next)
|   0|0x00000000e0000000, 0x00000000e0100000, 0x00000000e0100000|100%|HS|  |TAMS 0x00000000e0100000, 0x00000000e0000000| Complete 
|   1|0x00000000e0100000, 0x00000000e0200000, 0x00000000e0200000|100%| O|  |TAMS 0x00000000e0200000, 0x00000000e0100000| Untracked 
|   2|0x00000000e0200000, 0x00000000e0300000, 0x00000000e0300000|100%| O|  |TAMS 0x00000000e0300000, 0x00000000e0200000| Untracked 
|   3|0x00000000e0300000, 0x00000000e0400000, 0x00000000e0400000|100%| O|  |TAMS 0x00000000e0400000, 0x00000000e0300000| Untracked 
|   4|0x00000000e0400000, 0x00000000e0500000, 0x00000000e0500000|100%| O|  |TAMS 0x00000000e0500000, 0x00000000e0400000| Untracked 
|   5|0x00000000e0500000, 0x00000000e0600000, 0x00000000e0600000|100%| O|  |TAMS 0x00000000e0600000, 0x00000000e0500000| Untracked 
|   6|0x00000000e0600000, 0x00000000e0700000, 0x00000000e0700000|100%| O|  |TAMS 0x00000000e0700000, 0x00000000e0600000| Untracked 
|   7|0x00000000e0700000, 0x00000000e0800000, 0x00000000e0800000|100%| O|  |TAMS 0x00000000e0800000, 0x00000000e0700000| Untracked 
|   8|0x00000000e0800000, 0x00000000e0900000, 0x00000000e0900000|100%| O|  |TAMS 0x00000000e086c600, 0x00000000e0800000| Untracked 
|   9|0x00000000e0900000, 0x00000000e0996e00, 0x00000000e0a00000| 58%| O|  |TAMS 0x00000000e0900000, 0x00000000e0900000| Untracked 
|  10|0x00000000e0a00000, 0x00000000e0a00000, 0x00000000e0b00000|  0%| F|  |TAMS 0x00000000e0a00000, 0x00000000e0a00000| Untracked 
|  11|0x00000000e0b00000, 0x00000000e0b00000, 0x00000000e0c00000|  0%| F|  |TAMS 0x00000000e0b00000, 0x00000000e0b00000| Untracked 
|  12|0x00000000e0c00000, 0x00000000e0c00000, 0x00000000e0d00000|  0%| F|  |TAMS 0x00000000e0c00000, 0x00000000e0c00000| Untracked 
|  13|0x00000000e0d00000, 0x00000000e0d00000, 0x00000000e0e00000|  0%| F|  |TAMS 0x00000000e0d00000, 0x00000000e0d00000| Untracked 
|  14|0x00000000e0e00000, 0x00000000e0e00000, 0x00000000e0f00000|  0%| F|  |TAMS 0x00000000e0e00000, 0x00000000e0e00000| Untracked 
|  15|0x00000000e0f00000, 0x00000000e0f00000, 0x00000000e1000000|  0%| F|  |TAMS 0x00000000e0f00000, 0x00000000e0f00000| Untracked 
|  16|0x00000000e1000000, 0x00000000e1000000, 0x00000000e1100000|  0%| F|  |TAMS 0x00000000e1000000, 0x00000000e1000000| Untracked 
|  17|0x00000000e1100000, 0x00000000e1100000, 0x00000000e1200000|  0%| F|  |TAMS 0x00000000e1100000, 0x00000000e1100000| Untracked 
|  18|0x00000000e1200000, 0x00000000e1200000, 0x00000000e1300000|  0%| F|  |TAMS 0x00000000e1200000, 0x00000000e1200000| Untracked 
|  19|0x00000000e1300000, 0x00000000e1300000, 0x00000000e1400000|  0%| F|  |TAMS 0x00000000e1300000, 0x00000000e1300000| Untracked 
|  20|0x00000000e1400000, 0x00000000e1400000, 0x00000000e1500000|  0%| F|  |TAMS 0x00000000e1400000, 0x00000000e1400000| Untracked 
|  21|0x00000000e1500000, 0x00000000e1500000, 0x00000000e1600000|  0%| F|  |TAMS 0x00000000e1500000, 0x00000000e1500000| Untracked 
|  22|0x00000000e1600000, 0x00000000e1600000, 0x00000000e1700000|  0%| F|  |TAMS 0x00000000e1600000, 0x00000000e1600000| Untracked 
|  23|0x00000000e1700000, 0x00000000e1700000, 0x00000000e1800000|  0%| F|  |TAMS 0x00000000e1700000, 0x00000000e1700000| Untracked 
|  24|0x00000000e1800000, 0x00000000e1800000, 0x00000000e1900000|  0%| F|  |TAMS 0x00000000e1800000, 0x00000000e1800000| Untracked 
|  25|0x00000000e1900000, 0x00000000e1900000, 0x00000000e1a00000|  0%| F|  |TAMS 0x00000000e1900000, 0x00000000e1900000| Untracked 
|  26|0x00000000e1a00000, 0x00000000e1a00000, 0x00000000e1b00000|  0%| F|  |TAMS 0x00000000e1a00000, 0x00000000e1a00000| Untracked 
|  27|0x00000000e1b00000, 0x00000000e1b00000, 0x00000000e1c00000|  0%| F|  |TAMS 0x00000000e1b00000, 0x00000000e1b00000| Untracked 
|  28|0x00000000e1c00000, 0x00000000e1c00000, 0x00000000e1d00000|  0%| F|  |TAMS 0x00000000e1c00000, 0x00000000e1c00000| Untracked 
|  29|0x00000000e1d00000, 0x00000000e1d00000, 0x00000000e1e00000|  0%| F|  |TAMS 0x00000000e1d00000, 0x00000000e1d00000| Untracked 
|  30|0x00000000e1e00000, 0x00000000e1e00000, 0x00000000e1f00000|  0%| F|  |TAMS 0x00000000e1e00000, 0x00000000e1e00000| Untracked 
|  31|0x00000000e1f00000, 0x00000000e1f00000, 0x00000000e2000000|  0%| F|  |TAMS 0x00000000e1f00000, 0x00000000e1f00000| Untracked 
|  32|0x00000000e2000000, 0x00000000e2000000, 0x00000000e2100000|  0%| F|  |TAMS 0x00000000e2000000, 0x00000000e2000000| Untracked 
|  33|0x00000000e2100000, 0x00000000e2100000, 0x00000000e2200000|  0%| F|  |TAMS 0x00000000e2100000, 0x00000000e2100000| Untracked 
|  34|0x00000000e2200000, 0x00000000e2200000, 0x00000000e2300000|  0%| F|  |TAMS 0x00000000e2200000, 0x00000000e2200000| Untracked 
|  35|0x00000000e2300000, 0x00000000e2300000, 0x00000000e2400000|  0%| F|  |TAMS 0x00000000e2300000, 0x00000000e2300000| Untracked 
|  36|0x00000000e2400000, 0x00000000e2400000, 0x00000000e2500000|  0%| F|  |TAMS 0x00000000e2400000, 0x00000000e2400000| Untracked 
|  37|0x00000000e2500000, 0x00000000e2500000, 0x00000000e2600000|  0%| F|  |TAMS 0x00000000e2500000, 0x00000000e2500000| Untracked 
|  38|0x00000000e2600000, 0x00000000e2600000, 0x00000000e2700000|  0%| F|  |TAMS 0x00000000e2600000, 0x00000000e2600000| Untracked 
|  39|0x00000000e2700000, 0x00000000e2700000, 0x00000000e2800000|  0%| F|  |TAMS 0x00000000e2700000, 0x00000000e2700000| Untracked 
|  40|0x00000000e2800000, 0x00000000e2800000, 0x00000000e2900000|  0%| F|  |TAMS 0x00000000e2800000, 0x00000000e2800000| Untracked 
|  41|0x00000000e2900000, 0x00000000e2900000, 0x00000000e2a00000|  0%| F|  |TAMS 0x00000000e2900000, 0x00000000e2900000| Untracked 
|  42|0x00000000e2a00000, 0x00000000e2a00000, 0x00000000e2b00000|  0%| F|  |TAMS 0x00000000e2a00000, 0x00000000e2a00000| Untracked 
|  43|0x00000000e2b00000, 0x00000000e2b00000, 0x00000000e2c00000|  0%| F|  |TAMS 0x00000000e2b00000, 0x00000000e2b00000| Untracked 
|  44|0x00000000e2c00000, 0x00000000e2c00000, 0x00000000e2d00000|  0%| F|  |TAMS 0x00000000e2c00000, 0x00000000e2c00000| Untracked 
|  45|0x00000000e2d00000, 0x00000000e2d00000, 0x00000000e2e00000|  0%| F|  |TAMS 0x00000000e2d00000, 0x00000000e2d00000| Untracked 
|  46|0x00000000e2e00000, 0x00000000e2e00000, 0x00000000e2f00000|  0%| F|  |TAMS 0x00000000e2e00000, 0x00000000e2e00000| Untracked 
|  47|0x00000000e2f00000, 0x00000000e2f00000, 0x00000000e3000000|  0%| F|  |TAMS 0x00000000e2f00000, 0x00000000e2f00000| Untracked 
|  48|0x00000000e3000000, 0x00000000e3000000, 0x00000000e3100000|  0%| F|  |TAMS 0x00000000e3000000, 0x00000000e3000000| Untracked 
|  49|0x00000000e3100000, 0x00000000e3100000, 0x00000000e3200000|  0%| F|  |TAMS 0x00000000e3100000, 0x00000000e3100000| Untracked 
|  50|0x00000000e3200000, 0x00000000e3200000, 0x00000000e3300000|  0%| F|  |TAMS 0x00000000e3200000, 0x00000000e3200000| Untracked 
|  51|0x00000000e3300000, 0x00000000e3300000, 0x00000000e3400000|  0%| F|  |TAMS 0x00000000e3300000, 0x00000000e3300000| Untracked 
|  52|0x00000000e3400000, 0x00000000e3400000, 0x00000000e3500000|  0%| F|  |TAMS 0x00000000e3400000, 0x00000000e3400000| Untracked 
|  53|0x00000000e3500000, 0x00000000e3500000, 0x00000000e3600000|  0%| F|  |TAMS 0x00000000e3500000, 0x00000000e3500000| Untracked 
|  54|0x00000000e3600000, 0x00000000e3600000, 0x00000000e3700000|  0%| F|  |TAMS 0x00000000e3600000, 0x00000000e3600000| Untracked 
|  55|0x00000000e3700000, 0x00000000e3700000, 0x00000000e3800000|  0%| F|  |TAMS 0x00000000e3700000, 0x00000000e3700000| Untracked 
|  56|0x00000000e3800000, 0x00000000e3800000, 0x00000000e3900000|  0%| F|  |TAMS 0x00000000e3800000, 0x00000000e3800000| Untracked 
|  57|0x00000000e3900000, 0x00000000e3900000, 0x00000000e3a00000|  0%| F|  |TAMS 0x00000000e3900000, 0x00000000e3900000| Untracked 
|  58|0x00000000e3a00000, 0x00000000e3a00000, 0x00000000e3b00000|  0%| F|  |TAMS 0x00000000e3a00000, 0x00000000e3a00000| Untracked 
|  59|0x00000000e3b00000, 0x00000000e3b00000, 0x00000000e3c00000|  0%| F|  |TAMS 0x00000000e3b00000, 0x00000000e3b00000| Untracked 
|  60|0x00000000e3c00000, 0x00000000e3c00000, 0x00000000e3d00000|  0%| F|  |TAMS 0x00000000e3c00000, 0x00000000e3c00000| Untracked 
|  61|0x00000000e3d00000, 0x00000000e3d00000, 0x00000000e3e00000|  0%| F|  |TAMS 0x00000000e3d00000, 0x00000000e3d00000| Untracked 
|  62|0x00000000e3e00000, 0x00000000e3e00000, 0x00000000e3f00000|  0%| F|  |TAMS 0x00000000e3e00000, 0x00000000e3e00000| Untracked 
|  63|0x00000000e3f00000, 0x00000000e3f00000, 0x00000000e4000000|  0%| F|  |TAMS 0x00000000e3f00000, 0x00000000e3f00000| Untracked 
|  64|0x00000000e4000000, 0x00000000e4000000, 0x00000000e4100000|  0%| F|  |TAMS 0x00000000e4000000, 0x00000000e4000000| Untracked 
|  65|0x00000000e4100000, 0x00000000e4100000, 0x00000000e4200000|  0%| F|  |TAMS 0x00000000e4100000, 0x00000000e4100000| Untracked 
|  66|0x00000000e4200000, 0x00000000e4200000, 0x00000000e4300000|  0%| F|  |TAMS 0x00000000e4200000, 0x00000000e4200000| Untracked 
|  67|0x00000000e4300000, 0x00000000e4300000, 0x00000000e4400000|  0%| F|  |TAMS 0x00000000e4300000, 0x00000000e4300000| Untracked 
|  68|0x00000000e4400000, 0x00000000e4400000, 0x00000000e4500000|  0%| F|  |TAMS 0x00000000e4400000, 0x00000000e4400000| Untracked 
|  69|0x00000000e4500000, 0x00000000e4500000, 0x00000000e4600000|  0%| F|  |TAMS 0x00000000e4500000, 0x00000000e4500000| Untracked 
|  70|0x00000000e4600000, 0x00000000e4600000, 0x00000000e4700000|  0%| F|  |TAMS 0x00000000e4600000, 0x00000000e4600000| Untracked 
|  71|0x00000000e4700000, 0x00000000e4700000, 0x00000000e4800000|  0%| F|  |TAMS 0x00000000e4700000, 0x00000000e4700000| Untracked 
|  72|0x00000000e4800000, 0x00000000e4800000, 0x00000000e4900000|  0%| F|  |TAMS 0x00000000e4800000, 0x00000000e4800000| Untracked 
|  73|0x00000000e4900000, 0x00000000e4900000, 0x00000000e4a00000|  0%| F|  |TAMS 0x00000000e4900000, 0x00000000e4900000| Untracked 
|  74|0x00000000e4a00000, 0x00000000e4a00000, 0x00000000e4b00000|  0%| F|  |TAMS 0x00000000e4a00000, 0x00000000e4a00000| Untracked 
|  75|0x00000000e4b00000, 0x00000000e4b00000, 0x00000000e4c00000|  0%| F|  |TAMS 0x00000000e4b00000, 0x00000000e4b00000| Untracked 
|  76|0x00000000e4c00000, 0x00000000e4c00000, 0x00000000e4d00000|  0%| F|  |TAMS 0x00000000e4c00000, 0x00000000e4c00000| Untracked 
|  77|0x00000000e4d00000, 0x00000000e4d00000, 0x00000000e4e00000|  0%| F|  |TAMS 0x00000000e4d00000, 0x00000000e4d00000| Untracked 
|  78|0x00000000e4e00000, 0x00000000e4e00000, 0x00000000e4f00000|  0%| F|  |TAMS 0x00000000e4e00000, 0x00000000e4e00000| Untracked 
|  79|0x00000000e4f00000, 0x00000000e4f00000, 0x00000000e5000000|  0%| F|  |TAMS 0x00000000e4f00000, 0x00000000e4f00000| Untracked 
|  80|0x00000000e5000000, 0x00000000e5000000, 0x00000000e5100000|  0%| F|  |TAMS 0x00000000e5000000, 0x00000000e5000000| Untracked 
|  81|0x00000000e5100000, 0x00000000e5100000, 0x00000000e5200000|  0%| F|  |TAMS 0x00000000e5100000, 0x00000000e5100000| Untracked 
|  82|0x00000000e5200000, 0x00000000e5200000, 0x00000000e5300000|  0%| F|  |TAMS 0x00000000e5200000, 0x00000000e5200000| Untracked 
|  83|0x00000000e5300000, 0x00000000e5300000, 0x00000000e5400000|  0%| F|  |TAMS 0x00000000e5300000, 0x00000000e5300000| Untracked 
|  84|0x00000000e5400000, 0x00000000e5400000, 0x00000000e5500000|  0%| F|  |TAMS 0x00000000e5400000, 0x00000000e5400000| Untracked 
|  85|0x00000000e5500000, 0x00000000e5500000, 0x00000000e5600000|  0%| F|  |TAMS 0x00000000e5500000, 0x00000000e5500000| Untracked 
|  86|0x00000000e5600000, 0x00000000e5600000, 0x00000000e5700000|  0%| F|  |TAMS 0x00000000e5600000, 0x00000000e5600000| Untracked 
|  87|0x00000000e5700000, 0x00000000e5700000, 0x00000000e5800000|  0%| F|  |TAMS 0x00000000e5700000, 0x00000000e5700000| Untracked 
|  88|0x00000000e5800000, 0x00000000e5800000, 0x00000000e5900000|  0%| F|  |TAMS 0x00000000e5800000, 0x00000000e5800000| Untracked 
|  89|0x00000000e5900000, 0x00000000e5900000, 0x00000000e5a00000|  0%| F|  |TAMS 0x00000000e5900000, 0x00000000e5900000| Untracked 
|  90|0x00000000e5a00000, 0x00000000e5a00000, 0x00000000e5b00000|  0%| F|  |TAMS 0x00000000e5a00000, 0x00000000e5a00000| Untracked 
|  91|0x00000000e5b00000, 0x00000000e5b00000, 0x00000000e5c00000|  0%| F|  |TAMS 0x00000000e5b00000, 0x00000000e5b00000| Untracked 
|  92|0x00000000e5c00000, 0x00000000e5c00000, 0x00000000e5d00000|  0%| F|  |TAMS 0x00000000e5c00000, 0x00000000e5c00000| Untracked 
|  93|0x00000000e5d00000, 0x00000000e5d00000, 0x00000000e5e00000|  0%| F|  |TAMS 0x00000000e5d00000, 0x00000000e5d00000| Untracked 
|  94|0x00000000e5e00000, 0x00000000e5e00000, 0x00000000e5f00000|  0%| F|  |TAMS 0x00000000e5e00000, 0x00000000e5e00000| Untracked 
|  95|0x00000000e5f00000, 0x00000000e5f00000, 0x00000000e6000000|  0%| F|  |TAMS 0x00000000e5f00000, 0x00000000e5f00000| Untracked 
|  96|0x00000000e6000000, 0x00000000e6000000, 0x00000000e6100000|  0%| F|  |TAMS 0x00000000e6000000, 0x00000000e6000000| Untracked 
|  97|0x00000000e6100000, 0x00000000e6100000, 0x00000000e6200000|  0%| F|  |TAMS 0x00000000e6100000, 0x00000000e6100000| Untracked 
|  98|0x00000000e6200000, 0x00000000e6200000, 0x00000000e6300000|  0%| F|  |TAMS 0x00000000e6200000, 0x00000000e6200000| Untracked 
|  99|0x00000000e6300000, 0x00000000e6300000, 0x00000000e6400000|  0%| F|  |TAMS 0x00000000e6300000, 0x00000000e6300000| Untracked 
| 100|0x00000000e6400000, 0x00000000e6400000, 0x00000000e6500000|  0%| F|  |TAMS 0x00000000e6400000, 0x00000000e6400000| Untracked 
| 101|0x00000000e6500000, 0x00000000e6500000, 0x00000000e6600000|  0%| F|  |TAMS 0x00000000e6500000, 0x00000000e6500000| Untracked 
| 102|0x00000000e6600000, 0x00000000e6600000, 0x00000000e6700000|  0%| F|  |TAMS 0x00000000e6600000, 0x00000000e6600000| Untracked 
| 103|0x00000000e6700000, 0x00000000e6800000, 0x00000000e6800000|100%| S|CS|TAMS 0x00000000e6700000, 0x00000000e6700000| Complete 
| 104|0x00000000e6800000, 0x00000000e6900000, 0x00000000e6900000|100%| S|CS|TAMS 0x00000000e6800000, 0x00000000e6800000| Complete 
| 105|0x00000000e6900000, 0x00000000e6a00000, 0x00000000e6a00000|100%| S|CS|TAMS 0x00000000e6900000, 0x00000000e6900000| Complete 
| 106|0x00000000e6a00000, 0x00000000e6b00000, 0x00000000e6b00000|100%| S|CS|TAMS 0x00000000e6a00000, 0x00000000e6a00000| Complete 
| 107|0x00000000e6b00000, 0x00000000e6c00000, 0x00000000e6c00000|100%| S|CS|TAMS 0x00000000e6b00000, 0x00000000e6b00000| Complete 
| 108|0x00000000e6c00000, 0x00000000e6d00000, 0x00000000e6d00000|100%| S|CS|TAMS 0x00000000e6c00000, 0x00000000e6c00000| Complete 
| 109|0x00000000e6d00000, 0x00000000e6e00000, 0x00000000e6e00000|100%| S|CS|TAMS 0x00000000e6d00000, 0x00000000e6d00000| Complete 
| 110|0x00000000e6e00000, 0x00000000e6f00000, 0x00000000e6f00000|100%| S|CS|TAMS 0x00000000e6e00000, 0x00000000e6e00000| Complete 
| 111|0x00000000e6f00000, 0x00000000e7000000, 0x00000000e7000000|100%| S|CS|TAMS 0x00000000e6f00000, 0x00000000e6f00000| Complete 
| 112|0x00000000e7000000, 0x00000000e7100000, 0x00000000e7100000|100%| S|CS|TAMS 0x00000000e7000000, 0x00000000e7000000| Complete 
| 113|0x00000000e7100000, 0x00000000e7200000, 0x00000000e7200000|100%| S|CS|TAMS 0x00000000e7100000, 0x00000000e7100000| Complete 
| 114|0x00000000e7200000, 0x00000000e7300000, 0x00000000e7300000|100%| S|CS|TAMS 0x00000000e7200000, 0x00000000e7200000| Complete 
| 115|0x00000000e7300000, 0x00000000e7400000, 0x00000000e7400000|100%| S|CS|TAMS 0x00000000e7300000, 0x00000000e7300000| Complete 
| 116|0x00000000e7400000, 0x00000000e7500000, 0x00000000e7500000|100%| S|CS|TAMS 0x00000000e7400000, 0x00000000e7400000| Complete 
| 117|0x00000000e7500000, 0x00000000e7600000, 0x00000000e7600000|100%| S|CS|TAMS 0x00000000e7500000, 0x00000000e7500000| Complete 
| 118|0x00000000e7600000, 0x00000000e7700000, 0x00000000e7700000|100%| S|CS|TAMS 0x00000000e7600000, 0x00000000e7600000| Complete 
| 119|0x00000000e7700000, 0x00000000e7800000, 0x00000000e7800000|100%| S|CS|TAMS 0x00000000e7700000, 0x00000000e7700000| Complete 
| 120|0x00000000e7800000, 0x00000000e7800000, 0x00000000e7900000|  0%| F|  |TAMS 0x00000000e7800000, 0x00000000e7800000| Untracked 
| 121|0x00000000e7900000, 0x00000000e7900000, 0x00000000e7a00000|  0%| F|  |TAMS 0x00000000e7900000, 0x00000000e7900000| Untracked 
| 122|0x00000000e7a00000, 0x00000000e7a00000, 0x00000000e7b00000|  0%| F|  |TAMS 0x00000000e7a00000, 0x00000000e7a00000| Untracked 
| 123|0x00000000e7b00000, 0x00000000e7b00000, 0x00000000e7c00000|  0%| F|  |TAMS 0x00000000e7b00000, 0x00000000e7b00000| Untracked 
| 124|0x00000000e7c00000, 0x00000000e7c00000, 0x00000000e7d00000|  0%| F|  |TAMS 0x00000000e7c00000, 0x00000000e7c00000| Untracked 
| 125|0x00000000e7d00000, 0x00000000e7d00000, 0x00000000e7e00000|  0%| F|  |TAMS 0x00000000e7d00000, 0x00000000e7d00000| Untracked 
| 126|0x00000000e7e00000, 0x00000000e7e00000, 0x00000000e7f00000|  0%| F|  |TAMS 0x00000000e7e00000, 0x00000000e7e00000| Untracked 
| 127|0x00000000e7f00000, 0x00000000e7f00000, 0x00000000e8000000|  0%| F|  |TAMS 0x00000000e7f00000, 0x00000000e7f00000| Untracked 
| 128|0x00000000e8000000, 0x00000000e8000000, 0x00000000e8100000|  0%| F|  |TAMS 0x00000000e8000000, 0x00000000e8000000| Untracked 
| 129|0x00000000e8100000, 0x00000000e8100000, 0x00000000e8200000|  0%| F|  |TAMS 0x00000000e8100000, 0x00000000e8100000| Untracked 
| 130|0x00000000e8200000, 0x00000000e8200000, 0x00000000e8300000|  0%| F|  |TAMS 0x00000000e8200000, 0x00000000e8200000| Untracked 
| 131|0x00000000e8300000, 0x00000000e8300000, 0x00000000e8400000|  0%| F|  |TAMS 0x00000000e8300000, 0x00000000e8300000| Untracked 
| 132|0x00000000e8400000, 0x00000000e8400000, 0x00000000e8500000|  0%| F|  |TAMS 0x00000000e8400000, 0x00000000e8400000| Untracked 
| 133|0x00000000e8500000, 0x00000000e8500000, 0x00000000e8600000|  0%| F|  |TAMS 0x00000000e8500000, 0x00000000e8500000| Untracked 
| 134|0x00000000e8600000, 0x00000000e8600000, 0x00000000e8700000|  0%| F|  |TAMS 0x00000000e8600000, 0x00000000e8600000| Untracked 
| 135|0x00000000e8700000, 0x00000000e8700000, 0x00000000e8800000|  0%| F|  |TAMS 0x00000000e8700000, 0x00000000e8700000| Untracked 
| 136|0x00000000e8800000, 0x00000000e8800000, 0x00000000e8900000|  0%| F|  |TAMS 0x00000000e8800000, 0x00000000e8800000| Untracked 
| 137|0x00000000e8900000, 0x00000000e8900000, 0x00000000e8a00000|  0%| F|  |TAMS 0x00000000e8900000, 0x00000000e8900000| Untracked 
| 138|0x00000000e8a00000, 0x00000000e8a00000, 0x00000000e8b00000|  0%| F|  |TAMS 0x00000000e8a00000, 0x00000000e8a00000| Untracked 
| 139|0x00000000e8b00000, 0x00000000e8b00000, 0x00000000e8c00000|  0%| F|  |TAMS 0x00000000e8b00000, 0x00000000e8b00000| Untracked 
| 140|0x00000000e8c00000, 0x00000000e8c00000, 0x00000000e8d00000|  0%| F|  |TAMS 0x00000000e8c00000, 0x00000000e8c00000| Untracked 
| 141|0x00000000e8d00000, 0x00000000e8d00000, 0x00000000e8e00000|  0%| F|  |TAMS 0x00000000e8d00000, 0x00000000e8d00000| Untracked 
| 142|0x00000000e8e00000, 0x00000000e8e00000, 0x00000000e8f00000|  0%| F|  |TAMS 0x00000000e8e00000, 0x00000000e8e00000| Untracked 
| 143|0x00000000e8f00000, 0x00000000e8f00000, 0x00000000e9000000|  0%| F|  |TAMS 0x00000000e8f00000, 0x00000000e8f00000| Untracked 
| 144|0x00000000e9000000, 0x00000000e9000000, 0x00000000e9100000|  0%| F|  |TAMS 0x00000000e9000000, 0x00000000e9000000| Untracked 
| 145|0x00000000e9100000, 0x00000000e9100000, 0x00000000e9200000|  0%| F|  |TAMS 0x00000000e9100000, 0x00000000e9100000| Untracked 
| 146|0x00000000e9200000, 0x00000000e9200000, 0x00000000e9300000|  0%| F|  |TAMS 0x00000000e9200000, 0x00000000e9200000| Untracked 
| 147|0x00000000e9300000, 0x00000000e9300000, 0x00000000e9400000|  0%| F|  |TAMS 0x00000000e9300000, 0x00000000e9300000| Untracked 
| 148|0x00000000e9400000, 0x00000000e9400000, 0x00000000e9500000|  0%| F|  |TAMS 0x00000000e9400000, 0x00000000e9400000| Untracked 
| 149|0x00000000e9500000, 0x00000000e9500000, 0x00000000e9600000|  0%| F|  |TAMS 0x00000000e9500000, 0x00000000e9500000| Untracked 
| 150|0x00000000e9600000, 0x00000000e9600000, 0x00000000e9700000|  0%| F|  |TAMS 0x00000000e9600000, 0x00000000e9600000| Untracked 
| 151|0x00000000e9700000, 0x00000000e9700000, 0x00000000e9800000|  0%| F|  |TAMS 0x00000000e9700000, 0x00000000e9700000| Untracked 
| 152|0x00000000e9800000, 0x00000000e9800000, 0x00000000e9900000|  0%| F|  |TAMS 0x00000000e9800000, 0x00000000e9800000| Untracked 
| 153|0x00000000e9900000, 0x00000000e9900000, 0x00000000e9a00000|  0%| F|  |TAMS 0x00000000e9900000, 0x00000000e9900000| Untracked 
| 154|0x00000000e9a00000, 0x00000000e9a00000, 0x00000000e9b00000|  0%| F|  |TAMS 0x00000000e9a00000, 0x00000000e9a00000| Untracked 
| 155|0x00000000e9b00000, 0x00000000e9b00000, 0x00000000e9c00000|  0%| F|  |TAMS 0x00000000e9b00000, 0x00000000e9b00000| Untracked 
| 156|0x00000000e9c00000, 0x00000000e9c00000, 0x00000000e9d00000|  0%| F|  |TAMS 0x00000000e9c00000, 0x00000000e9c00000| Untracked 
| 157|0x00000000e9d00000, 0x00000000e9d00000, 0x00000000e9e00000|  0%| F|  |TAMS 0x00000000e9d00000, 0x00000000e9d00000| Untracked 
| 158|0x00000000e9e00000, 0x00000000e9e00000, 0x00000000e9f00000|  0%| F|  |TAMS 0x00000000e9e00000, 0x00000000e9e00000| Untracked 
| 159|0x00000000e9f00000, 0x00000000e9f00000, 0x00000000ea000000|  0%| F|  |TAMS 0x00000000e9f00000, 0x00000000e9f00000| Untracked 
| 160|0x00000000ea000000, 0x00000000ea000000, 0x00000000ea100000|  0%| F|  |TAMS 0x00000000ea000000, 0x00000000ea000000| Untracked 
| 161|0x00000000ea100000, 0x00000000ea100000, 0x00000000ea200000|  0%| F|  |TAMS 0x00000000ea100000, 0x00000000ea100000| Untracked 
| 162|0x00000000ea200000, 0x00000000ea200000, 0x00000000ea300000|  0%| F|  |TAMS 0x00000000ea200000, 0x00000000ea200000| Untracked 
| 163|0x00000000ea300000, 0x00000000ea300000, 0x00000000ea400000|  0%| F|  |TAMS 0x00000000ea300000, 0x00000000ea300000| Untracked 
| 164|0x00000000ea400000, 0x00000000ea400000, 0x00000000ea500000|  0%| F|  |TAMS 0x00000000ea400000, 0x00000000ea400000| Untracked 
| 165|0x00000000ea500000, 0x00000000ea500000, 0x00000000ea600000|  0%| F|  |TAMS 0x00000000ea500000, 0x00000000ea500000| Untracked 
| 166|0x00000000ea600000, 0x00000000ea600000, 0x00000000ea700000|  0%| F|  |TAMS 0x00000000ea600000, 0x00000000ea600000| Untracked 
| 167|0x00000000ea700000, 0x00000000ea700000, 0x00000000ea800000|  0%| F|  |TAMS 0x00000000ea700000, 0x00000000ea700000| Untracked 
| 168|0x00000000ea800000, 0x00000000ea800000, 0x00000000ea900000|  0%| F|  |TAMS 0x00000000ea800000, 0x00000000ea800000| Untracked 
| 169|0x00000000ea900000, 0x00000000ea900000, 0x00000000eaa00000|  0%| F|  |TAMS 0x00000000ea900000, 0x00000000ea900000| Untracked 
| 170|0x00000000eaa00000, 0x00000000eaa00000, 0x00000000eab00000|  0%| F|  |TAMS 0x00000000eaa00000, 0x00000000eaa00000| Untracked 
| 171|0x00000000eab00000, 0x00000000eab00000, 0x00000000eac00000|  0%| F|  |TAMS 0x00000000eab00000, 0x00000000eab00000| Untracked 
| 172|0x00000000eac00000, 0x00000000eac00000, 0x00000000ead00000|  0%| F|  |TAMS 0x00000000eac00000, 0x00000000eac00000| Untracked 
| 173|0x00000000ead00000, 0x00000000ead00000, 0x00000000eae00000|  0%| F|  |TAMS 0x00000000ead00000, 0x00000000ead00000| Untracked 
| 174|0x00000000eae00000, 0x00000000eae00000, 0x00000000eaf00000|  0%| F|  |TAMS 0x00000000eae00000, 0x00000000eae00000| Untracked 
| 175|0x00000000eaf00000, 0x00000000eaf00000, 0x00000000eb000000|  0%| F|  |TAMS 0x00000000eaf00000, 0x00000000eaf00000| Untracked 
| 176|0x00000000eb000000, 0x00000000eb000000, 0x00000000eb100000|  0%| F|  |TAMS 0x00000000eb000000, 0x00000000eb000000| Untracked 
| 177|0x00000000eb100000, 0x00000000eb100000, 0x00000000eb200000|  0%| F|  |TAMS 0x00000000eb100000, 0x00000000eb100000| Untracked 
| 178|0x00000000eb200000, 0x00000000eb200000, 0x00000000eb300000|  0%| F|  |TAMS 0x00000000eb200000, 0x00000000eb200000| Untracked 
| 179|0x00000000eb300000, 0x00000000eb300000, 0x00000000eb400000|  0%| F|  |TAMS 0x00000000eb300000, 0x00000000eb300000| Untracked 
| 180|0x00000000eb400000, 0x00000000eb400000, 0x00000000eb500000|  0%| F|  |TAMS 0x00000000eb400000, 0x00000000eb400000| Untracked 
| 181|0x00000000eb500000, 0x00000000eb500000, 0x00000000eb600000|  0%| F|  |TAMS 0x00000000eb500000, 0x00000000eb500000| Untracked 
| 182|0x00000000eb600000, 0x00000000eb600000, 0x00000000eb700000|  0%| F|  |TAMS 0x00000000eb600000, 0x00000000eb600000| Untracked 
| 183|0x00000000eb700000, 0x00000000eb700000, 0x00000000eb800000|  0%| F|  |TAMS 0x00000000eb700000, 0x00000000eb700000| Untracked 
| 184|0x00000000eb800000, 0x00000000eb800000, 0x00000000eb900000|  0%| F|  |TAMS 0x00000000eb800000, 0x00000000eb800000| Untracked 
| 185|0x00000000eb900000, 0x00000000eb900000, 0x00000000eba00000|  0%| F|  |TAMS 0x00000000eb900000, 0x00000000eb900000| Untracked 
| 186|0x00000000eba00000, 0x00000000eba00000, 0x00000000ebb00000|  0%| F|  |TAMS 0x00000000eba00000, 0x00000000eba00000| Untracked 
| 187|0x00000000ebb00000, 0x00000000ebb00000, 0x00000000ebc00000|  0%| F|  |TAMS 0x00000000ebb00000, 0x00000000ebb00000| Untracked 
| 188|0x00000000ebc00000, 0x00000000ebc00000, 0x00000000ebd00000|  0%| F|  |TAMS 0x00000000ebc00000, 0x00000000ebc00000| Untracked 
| 189|0x00000000ebd00000, 0x00000000ebd80800, 0x00000000ebe00000| 50%| E|  |TAMS 0x00000000ebd00000, 0x00000000ebd00000| Complete 
| 190|0x00000000ebe00000, 0x00000000ebf00000, 0x00000000ebf00000|100%| E|CS|TAMS 0x00000000ebe00000, 0x00000000ebe00000| Complete 
| 191|0x00000000ebf00000, 0x00000000ec000000, 0x00000000ec000000|100%| E|CS|TAMS 0x00000000ebf00000, 0x00000000ebf00000| Complete 
| 192|0x00000000ec000000, 0x00000000ec100000, 0x00000000ec100000|100%| E|CS|TAMS 0x00000000ec000000, 0x00000000ec000000| Complete 
| 193|0x00000000ec100000, 0x00000000ec200000, 0x00000000ec200000|100%| E|CS|TAMS 0x00000000ec100000, 0x00000000ec100000| Complete 
| 194|0x00000000ec200000, 0x00000000ec300000, 0x00000000ec300000|100%| E|CS|TAMS 0x00000000ec200000, 0x00000000ec200000| Complete 
| 195|0x00000000ec300000, 0x00000000ec400000, 0x00000000ec400000|100%| E|CS|TAMS 0x00000000ec300000, 0x00000000ec300000| Complete 
| 196|0x00000000ec400000, 0x00000000ec500000, 0x00000000ec500000|100%| E|CS|TAMS 0x00000000ec400000, 0x00000000ec400000| Complete 
| 197|0x00000000ec500000, 0x00000000ec600000, 0x00000000ec600000|100%| E|CS|TAMS 0x00000000ec500000, 0x00000000ec500000| Complete 
| 198|0x00000000ec600000, 0x00000000ec700000, 0x00000000ec700000|100%| E|CS|TAMS 0x00000000ec600000, 0x00000000ec600000| Complete 
| 199|0x00000000ec700000, 0x00000000ec800000, 0x00000000ec800000|100%| E|CS|TAMS 0x00000000ec700000, 0x00000000ec700000| Complete 
| 200|0x00000000ec800000, 0x00000000ec900000, 0x00000000ec900000|100%| E|CS|TAMS 0x00000000ec800000, 0x00000000ec800000| Complete 
| 201|0x00000000ec900000, 0x00000000eca00000, 0x00000000eca00000|100%| E|CS|TAMS 0x00000000ec900000, 0x00000000ec900000| Complete 
| 202|0x00000000eca00000, 0x00000000ecb00000, 0x00000000ecb00000|100%| E|CS|TAMS 0x00000000eca00000, 0x00000000eca00000| Complete 
| 203|0x00000000ecb00000, 0x00000000ecc00000, 0x00000000ecc00000|100%| E|CS|TAMS 0x00000000ecb00000, 0x00000000ecb00000| Complete 
| 204|0x00000000ecc00000, 0x00000000ecd00000, 0x00000000ecd00000|100%| E|CS|TAMS 0x00000000ecc00000, 0x00000000ecc00000| Complete 
| 205|0x00000000ecd00000, 0x00000000ece00000, 0x00000000ece00000|100%| E|CS|TAMS 0x00000000ecd00000, 0x00000000ecd00000| Complete 
| 206|0x00000000ece00000, 0x00000000ecf00000, 0x00000000ecf00000|100%| E|CS|TAMS 0x00000000ece00000, 0x00000000ece00000| Complete 
| 207|0x00000000ecf00000, 0x00000000ed000000, 0x00000000ed000000|100%| E|CS|TAMS 0x00000000ecf00000, 0x00000000ecf00000| Complete 
| 208|0x00000000ed000000, 0x00000000ed100000, 0x00000000ed100000|100%| E|CS|TAMS 0x00000000ed000000, 0x00000000ed000000| Complete 
| 209|0x00000000ed100000, 0x00000000ed200000, 0x00000000ed200000|100%| E|CS|TAMS 0x00000000ed100000, 0x00000000ed100000| Complete 
| 210|0x00000000ed200000, 0x00000000ed300000, 0x00000000ed300000|100%| E|CS|TAMS 0x00000000ed200000, 0x00000000ed200000| Complete 
| 211|0x00000000ed300000, 0x00000000ed400000, 0x00000000ed400000|100%| E|CS|TAMS 0x00000000ed300000, 0x00000000ed300000| Complete 
| 212|0x00000000ed400000, 0x00000000ed500000, 0x00000000ed500000|100%| E|CS|TAMS 0x00000000ed400000, 0x00000000ed400000| Complete 
| 213|0x00000000ed500000, 0x00000000ed600000, 0x00000000ed600000|100%| E|CS|TAMS 0x00000000ed500000, 0x00000000ed500000| Complete 
| 214|0x00000000ed600000, 0x00000000ed700000, 0x00000000ed700000|100%| E|CS|TAMS 0x00000000ed600000, 0x00000000ed600000| Complete 
| 215|0x00000000ed700000, 0x00000000ed800000, 0x00000000ed800000|100%| E|CS|TAMS 0x00000000ed700000, 0x00000000ed700000| Complete 
| 216|0x00000000ed800000, 0x00000000ed900000, 0x00000000ed900000|100%| E|CS|TAMS 0x00000000ed800000, 0x00000000ed800000| Complete 
| 217|0x00000000ed900000, 0x00000000eda00000, 0x00000000eda00000|100%| E|CS|TAMS 0x00000000ed900000, 0x00000000ed900000| Complete 
| 218|0x00000000eda00000, 0x00000000edb00000, 0x00000000edb00000|100%| E|CS|TAMS 0x00000000eda00000, 0x00000000eda00000| Complete 
| 219|0x00000000edb00000, 0x00000000edc00000, 0x00000000edc00000|100%| E|CS|TAMS 0x00000000edb00000, 0x00000000edb00000| Complete 
| 220|0x00000000edc00000, 0x00000000edd00000, 0x00000000edd00000|100%| E|CS|TAMS 0x00000000edc00000, 0x00000000edc00000| Complete 
| 221|0x00000000edd00000, 0x00000000ede00000, 0x00000000ede00000|100%| E|CS|TAMS 0x00000000edd00000, 0x00000000edd00000| Complete 
| 222|0x00000000ede00000, 0x00000000edf00000, 0x00000000edf00000|100%| E|CS|TAMS 0x00000000ede00000, 0x00000000ede00000| Complete 
| 223|0x00000000edf00000, 0x00000000ee000000, 0x00000000ee000000|100%| E|CS|TAMS 0x00000000edf00000, 0x00000000edf00000| Complete 
| 224|0x00000000ee000000, 0x00000000ee100000, 0x00000000ee100000|100%| E|CS|TAMS 0x00000000ee000000, 0x00000000ee000000| Complete 
| 225|0x00000000ee100000, 0x00000000ee200000, 0x00000000ee200000|100%| E|CS|TAMS 0x00000000ee100000, 0x00000000ee100000| Complete 
| 226|0x00000000ee200000, 0x00000000ee300000, 0x00000000ee300000|100%| E|CS|TAMS 0x00000000ee200000, 0x00000000ee200000| Complete 
| 227|0x00000000ee300000, 0x00000000ee400000, 0x00000000ee400000|100%| E|CS|TAMS 0x00000000ee300000, 0x00000000ee300000| Complete 
| 228|0x00000000ee400000, 0x00000000ee500000, 0x00000000ee500000|100%| E|CS|TAMS 0x00000000ee400000, 0x00000000ee400000| Complete 
| 229|0x00000000ee500000, 0x00000000ee600000, 0x00000000ee600000|100%| E|CS|TAMS 0x00000000ee500000, 0x00000000ee500000| Complete 
| 230|0x00000000ee600000, 0x00000000ee700000, 0x00000000ee700000|100%| E|CS|TAMS 0x00000000ee600000, 0x00000000ee600000| Complete 
| 231|0x00000000ee700000, 0x00000000ee800000, 0x00000000ee800000|100%| E|CS|TAMS 0x00000000ee700000, 0x00000000ee700000| Complete 
| 232|0x00000000ee800000, 0x00000000ee900000, 0x00000000ee900000|100%| E|CS|TAMS 0x00000000ee800000, 0x00000000ee800000| Complete 
| 233|0x00000000ee900000, 0x00000000eea00000, 0x00000000eea00000|100%| E|CS|TAMS 0x00000000ee900000, 0x00000000ee900000| Complete 
| 234|0x00000000eea00000, 0x00000000eeb00000, 0x00000000eeb00000|100%| E|CS|TAMS 0x00000000eea00000, 0x00000000eea00000| Complete 
| 235|0x00000000eeb00000, 0x00000000eec00000, 0x00000000eec00000|100%| E|CS|TAMS 0x00000000eeb00000, 0x00000000eeb00000| Complete 
| 236|0x00000000eec00000, 0x00000000eed00000, 0x00000000eed00000|100%| E|CS|TAMS 0x00000000eec00000, 0x00000000eec00000| Complete 
| 237|0x00000000eed00000, 0x00000000eee00000, 0x00000000eee00000|100%| E|CS|TAMS 0x00000000eed00000, 0x00000000eed00000| Complete 
| 238|0x00000000eee00000, 0x00000000eef00000, 0x00000000eef00000|100%| E|CS|TAMS 0x00000000eee00000, 0x00000000eee00000| Complete 
| 239|0x00000000eef00000, 0x00000000ef000000, 0x00000000ef000000|100%| E|CS|TAMS 0x00000000eef00000, 0x00000000eef00000| Complete 
| 240|0x00000000ef000000, 0x00000000ef100000, 0x00000000ef100000|100%| E|CS|TAMS 0x00000000ef000000, 0x00000000ef000000| Complete 
| 241|0x00000000ef100000, 0x00000000ef200000, 0x00000000ef200000|100%| E|CS|TAMS 0x00000000ef100000, 0x00000000ef100000| Complete 
| 242|0x00000000ef200000, 0x00000000ef300000, 0x00000000ef300000|100%| E|CS|TAMS 0x00000000ef200000, 0x00000000ef200000| Complete 
| 243|0x00000000ef300000, 0x00000000ef400000, 0x00000000ef400000|100%| E|CS|TAMS 0x00000000ef300000, 0x00000000ef300000| Complete 
| 244|0x00000000ef400000, 0x00000000ef500000, 0x00000000ef500000|100%| E|CS|TAMS 0x00000000ef400000, 0x00000000ef400000| Complete 
| 245|0x00000000ef500000, 0x00000000ef600000, 0x00000000ef600000|100%| E|CS|TAMS 0x00000000ef500000, 0x00000000ef500000| Complete 
| 246|0x00000000ef600000, 0x00000000ef700000, 0x00000000ef700000|100%| E|CS|TAMS 0x00000000ef600000, 0x00000000ef600000| Complete 
| 247|0x00000000ef700000, 0x00000000ef800000, 0x00000000ef800000|100%| E|CS|TAMS 0x00000000ef700000, 0x00000000ef700000| Complete 
| 248|0x00000000ef800000, 0x00000000ef900000, 0x00000000ef900000|100%| E|CS|TAMS 0x00000000ef800000, 0x00000000ef800000| Complete 
| 249|0x00000000ef900000, 0x00000000efa00000, 0x00000000efa00000|100%| E|CS|TAMS 0x00000000ef900000, 0x00000000ef900000| Complete 
| 250|0x00000000efa00000, 0x00000000efb00000, 0x00000000efb00000|100%| E|CS|TAMS 0x00000000efa00000, 0x00000000efa00000| Complete 
| 251|0x00000000efb00000, 0x00000000efc00000, 0x00000000efc00000|100%| E|CS|TAMS 0x00000000efb00000, 0x00000000efb00000| Complete 
| 252|0x00000000efc00000, 0x00000000efd00000, 0x00000000efd00000|100%| E|CS|TAMS 0x00000000efc00000, 0x00000000efc00000| Complete 
| 253|0x00000000efd00000, 0x00000000efe00000, 0x00000000efe00000|100%| E|CS|TAMS 0x00000000efd00000, 0x00000000efd00000| Complete 
| 254|0x00000000efe00000, 0x00000000eff00000, 0x00000000eff00000|100%| E|CS|TAMS 0x00000000efe00000, 0x00000000efe00000| Complete 
| 255|0x00000000eff00000, 0x00000000f0000000, 0x00000000f0000000|100%| E|CS|TAMS 0x00000000eff00000, 0x00000000eff00000| Complete 

Card table byte_map: [0x00000289133a0000,0x00000289134a0000] _byte_map_base: 0x0000028912ca0000

Marking Bits (Prev, Next): (CMBitMap*) 0x000002897f0f4170, (CMBitMap*) 0x000002897f0f4138
 Prev Bits: [0x0000028913da0000, 0x00000289145a0000)
 Next Bits: [0x00000289135a0000, 0x0000028913da0000)

Polling page: 0x0000028900000000

Metaspace:

Usage:
  Non-class:     23.17 MB capacity,    22.86 MB ( 99%) used,   282.09 KB (  1%) free+waste,    34.69 KB ( <1%) overhead. 
      Class:      2.91 MB capacity,     2.79 MB ( 96%) used,   109.09 KB (  4%) free+waste,    14.06 KB ( <1%) overhead. 
       Both:     26.08 MB capacity,    25.65 MB ( 98%) used,   391.19 KB (  1%) free+waste,    48.75 KB ( <1%) overhead. 

Virtual space:
  Non-class space:       24.00 MB reserved,      23.25 MB ( 97%) committed 
      Class space:        1.00 GB reserved,       3.00 MB ( <1%) committed 
             Both:        1.02 GB reserved,      26.25 MB (  3%) committed 

Chunk freelists:
   Non-Class:  20.00 KB
       Class:  31.00 KB
        Both:  51.00 KB

MaxMetaspaceSize: 17179869184.00 GB
CompressedClassSpaceSize: 1.00 GB

CodeHeap 'non-profiled nmethods': size=120064Kb used=2731Kb max_used=2731Kb free=117332Kb
 bounds [0x000002890b500000, 0x000002890b7b0000, 0x0000028912a40000]
CodeHeap 'profiled nmethods': size=120000Kb used=26745Kb max_used=26745Kb free=93254Kb
 bounds [0x0000028903fd0000, 0x00000289059f0000, 0x000002890b500000]
CodeHeap 'non-nmethods': size=5696Kb used=1136Kb max_used=1196Kb free=4559Kb
 bounds [0x0000028903a40000, 0x0000028903cb0000, 0x0000028903fd0000]
 total_blobs=5116 nmethods=4651 adapters=376
 compilation: enabled
              stopped_count=0, restarted_count=0
 full_count=0

Compilation events (20 events):
Event: 4.190 Thread 0x00000289176c6800 5239       3       com.intellij.rt.coverage.util.CoverageIOUtil::processWithDictionary (69 bytes)
Event: 4.191 Thread 0x00000289176c6800 nmethod 5239 0x00000289059e7310 code [0x00000289059e75a0, 0x00000289059e7ed8]
Event: 4.191 Thread 0x00000289176c6800 5240       2       com.intellij.rt.coverage.data.ClassData::save (149 bytes)
Event: 4.191 Thread 0x00000289176c6800 nmethod 5240 0x00000289059e8310 code [0x00000289059e85e0, 0x00000289059e8c38]
Event: 4.203 Thread 0x00000289176c6800 5242       2       java.util.HashMap$KeySet::size (8 bytes)
Event: 4.203 Thread 0x00000289176c6800 nmethod 5242 0x00000289059e9190 code [0x00000289059e9340, 0x00000289059e9438]
Event: 4.203 Thread 0x00000289176c6800 5243       2       com.intellij.rt.coverage.instrumentation.SaveHook$1::<init> (10 bytes)
Event: 4.203 Thread 0x00000289176c6800 nmethod 5243 0x00000289059e9510 code [0x00000289059e96c0, 0x00000289059e97f8]
Event: 4.251 Thread 0x00000289176c6800 5245 %     3       java.util.HashMap$HashIterator::nextNode @ 68 (100 bytes)
Event: 4.251 Thread 0x00000289176c6800 nmethod 5245% 0x00000289059e9890 code [0x00000289059e9aa0, 0x00000289059ea0d8]
Event: 4.251 Thread 0x00000289176c6800 5246 %     3       org.jetbrains.coverage.gnu.trove.TObjectHash::index @ 73 (137 bytes)
Event: 4.252 Thread 0x00000289176c6800 nmethod 5246% 0x00000289059ea310 code [0x00000289059ea560, 0x00000289059eb388]
Event: 4.252 Thread 0x00000289176c6800 5247       3       java.util.HashMap$HashIterator::nextNode (100 bytes)
Event: 4.252 Thread 0x00000289176c6800 nmethod 5247 0x00000289059eb810 code [0x00000289059eba20, 0x00000289059ebff8]
Event: 4.254 Thread 0x00000289176c6800 5248       2       java.io.FileOutputStream::write (20 bytes)
Event: 4.254 Thread 0x00000289176c6800 nmethod 5248 0x00000289059ec210 code [0x00000289059ec3c0, 0x00000289059ec4e8]
Event: 4.259 Thread 0x00000289176c6800 5250 %     3       com.intellij.rt.coverage.data.ClassData::save @ 114 (149 bytes)
Event: 4.260 Thread 0x00000289176c6800 nmethod 5250% 0x00000289059ec610 code [0x00000289059ec940, 0x00000289059edd98]
Event: 4.262 Thread 0x00000289176c6800 5251       3       org.jetbrains.coverage.gnu.trove.TObjectHash::index (137 bytes)
Event: 4.262 Thread 0x00000289176c6800 nmethod 5251 0x00000289059ee490 code [0x00000289059ee6e0, 0x00000289059ef368]

GC Heap History (12 events):
Event: 0.346 GC heap before
{Heap before GC invocations=0 (full 0):
 garbage-first heap   total 262144K, used 22528K [0x00000000e0000000, 0x0000000100000000)
  region size 1024K, 22 young (22528K), 0 survivors (0K)
 Metaspace       used 9853K, capacity 10063K, committed 10240K, reserved 1058816K
  class space    used 867K, capacity 924K, committed 1024K, reserved 1048576K
}
Event: 0.348 GC heap after
{Heap after GC invocations=1 (full 0):
 garbage-first heap   total 262144K, used 8411K [0x00000000e0000000, 0x0000000100000000)
  region size 1024K, 3 young (3072K), 3 survivors (3072K)
 Metaspace       used 9853K, capacity 10063K, committed 10240K, reserved 1058816K
  class space    used 867K, capacity 924K, committed 1024K, reserved 1048576K
}
Event: 0.497 GC heap before
{Heap before GC invocations=1 (full 0):
 garbage-first heap   total 262144K, used 21723K [0x00000000e0000000, 0x0000000100000000)
  region size 1024K, 16 young (16384K), 3 survivors (3072K)
 Metaspace       used 10982K, capacity 11257K, committed 11392K, reserved 1058816K
  class space    used 975K, capacity 1066K, committed 1152K, reserved 1048576K
}
Event: 0.499 GC heap after
{Heap after GC invocations=2 (full 0):
 garbage-first heap   total 262144K, used 9885K [0x00000000e0000000, 0x0000000100000000)
  region size 1024K, 2 young (2048K), 2 survivors (2048K)
 Metaspace       used 10982K, capacity 11257K, committed 11392K, reserved 1058816K
  class space    used 975K, capacity 1066K, committed 1152K, reserved 1048576K
}
Event: 0.877 GC heap before
{Heap before GC invocations=2 (full 0):
 garbage-first heap   total 262144K, used 49821K [0x00000000e0000000, 0x0000000100000000)
  region size 1024K, 41 young (41984K), 2 survivors (2048K)
 Metaspace       used 14498K, capacity 14834K, committed 15104K, reserved 1062912K
  class space    used 1380K, capacity 1483K, committed 1536K, reserved 1048576K
}
Event: 0.879 GC heap after
{Heap after GC invocations=3 (full 0):
 garbage-first heap   total 262144K, used 11324K [0x00000000e0000000, 0x0000000100000000)
  region size 1024K, 3 young (3072K), 3 survivors (3072K)
 Metaspace       used 14498K, capacity 14834K, committed 15104K, reserved 1062912K
  class space    used 1380K, capacity 1483K, committed 1536K, reserved 1048576K
}
Event: 1.801 GC heap before
{Heap before GC invocations=3 (full 0):
 garbage-first heap   total 262144K, used 102460K [0x00000000e0000000, 0x0000000100000000)
  region size 1024K, 92 young (94208K), 3 survivors (3072K)
 Metaspace       used 19331K, capacity 19616K, committed 19840K, reserved 1067008K
  class space    used 1972K, capacity 2058K, committed 2176K, reserved 1048576K
}
Event: 1.804 GC heap after
{Heap after GC invocations=4 (full 0):
 garbage-first heap   total 262144K, used 14963K [0x00000000e0000000, 0x0000000100000000)
  region size 1024K, 7 young (7168K), 7 survivors (7168K)
 Metaspace       used 19331K, capacity 19616K, committed 19840K, reserved 1067008K
  class space    used 1972K, capacity 2058K, committed 2176K, reserved 1048576K
}
Event: 2.116 GC heap before
{Heap before GC invocations=4 (full 0):
 garbage-first heap   total 262144K, used 57971K [0x00000000e0000000, 0x0000000100000000)
  region size 1024K, 50 young (51200K), 7 survivors (7168K)
 Metaspace       used 20939K, capacity 21190K, committed 21248K, reserved 1069056K
  class space    used 2215K, capacity 2283K, committed 2304K, reserved 1048576K
}
Event: 2.119 GC heap after
{Heap after GC invocations=5 (full 0):
 garbage-first heap   total 262144K, used 17978K [0x00000000e0000000, 0x0000000100000000)
  region size 1024K, 10 young (10240K), 10 survivors (10240K)
 Metaspace       used 20939K, capacity 21190K, committed 21248K, reserved 1069056K
  class space    used 2215K, capacity 2283K, committed 2304K, reserved 1048576K
}
Event: 3.791 GC heap before
{Heap before GC invocations=6 (full 0):
 garbage-first heap   total 262144K, used 147002K [0x00000000e0000000, 0x0000000100000000)
  region size 1024K, 136 young (139264K), 10 survivors (10240K)
 Metaspace       used 25354K, capacity 25699K, committed 25984K, reserved 1073152K
  class space    used 2778K, capacity 2879K, committed 2944K, reserved 1048576K
}
Event: 3.798 GC heap after
{Heap after GC invocations=7 (full 0):
 garbage-first heap   total 262144K, used 27227K [0x00000000e0000000, 0x0000000100000000)
  region size 1024K, 17 young (17408K), 17 survivors (17408K)
 Metaspace       used 25354K, capacity 25699K, committed 25984K, reserved 1073152K
  class space    used 2778K, capacity 2879K, committed 2944K, reserved 1048576K
}

Deoptimization events (20 events):
Event: 3.240 Thread 0x000002891b347800 DEOPT PACKING pc=0x0000028904fa2081 sp=0x00000098a27f5870
Event: 3.240 Thread 0x000002891b347800 DEOPT UNPACKING pc=0x0000028903a66dde sp=0x00000098a27f4d50 mode 0
Event: 3.290 Thread 0x000002891b347800 DEOPT PACKING pc=0x0000028904f16db8 sp=0x00000098a27f8d50
Event: 3.290 Thread 0x000002891b347800 DEOPT UNPACKING pc=0x0000028903a66dde sp=0x00000098a27f8268 mode 0
Event: 3.563 Thread 0x000002891b347800 DEOPT PACKING pc=0x0000028904e67778 sp=0x00000098a27f5e30
Event: 3.563 Thread 0x000002891b347800 DEOPT UNPACKING pc=0x0000028903a66dde sp=0x00000098a27f5338 mode 0
Event: 3.583 Thread 0x000002891b347800 DEOPT PACKING pc=0x0000028905231a00 sp=0x00000098a27f5760
Event: 3.583 Thread 0x000002891b347800 DEOPT UNPACKING pc=0x0000028903a66dde sp=0x00000098a27f4dd0 mode 0
Event: 3.625 Thread 0x000002891b347800 DEOPT PACKING pc=0x00000289050cc483 sp=0x00000098a27f8690
Event: 3.625 Thread 0x000002891b347800 DEOPT UNPACKING pc=0x0000028903a66dde sp=0x00000098a27f7ce0 mode 0
Event: 3.848 Thread 0x000002891b347800 DEOPT PACKING pc=0x00000289051ba9a8 sp=0x00000098a27f7080
Event: 3.848 Thread 0x000002891b347800 DEOPT UNPACKING pc=0x0000028903a66dde sp=0x00000098a27f65e0 mode 0
Event: 3.850 Thread 0x000002891b347800 DEOPT PACKING pc=0x0000028904f957ac sp=0x00000098a27f7700
Event: 3.850 Thread 0x000002891b347800 DEOPT UNPACKING pc=0x0000028903a66dde sp=0x00000098a27f6c58 mode 0
Event: 3.933 Thread 0x000002891b347800 DEOPT PACKING pc=0x000002890531f8fa sp=0x00000098a27f9cd0
Event: 3.933 Thread 0x000002891b347800 DEOPT UNPACKING pc=0x0000028903a66dde sp=0x00000098a27f9260 mode 0
Event: 4.188 Thread 0x000002891bb8e000 DEOPT PACKING pc=0x00000289059ca3c5 sp=0x00000098a28fefe0
Event: 4.188 Thread 0x000002891bb8e000 DEOPT UNPACKING pc=0x0000028903a66dde sp=0x00000098a28fe4c8 mode 0
Event: 4.188 Thread 0x000002891bb8e000 DEOPT PACKING pc=0x00000289059ca444 sp=0x00000098a28fefe0
Event: 4.188 Thread 0x000002891bb8e000 DEOPT UNPACKING pc=0x0000028903a66dde sp=0x00000098a28fe538 mode 0

Classes redefined (9 events):
Event: 2.576 Thread 0x0000028917664800 redefined class name=android.view.MenuItem, count=1
Event: 3.969 Thread 0x0000028917664800 redefined class name=swati4star.createpdf.adapter.HistoryAdapter$OnClickListener, count=1
Event: 3.983 Thread 0x0000028917664800 redefined class name=java.lang.Object, count=1
Event: 3.993 Thread 0x0000028917664800 redefined class name=android.view.View$OnCreateContextMenuListener, count=2
Event: 4.004 Thread 0x0000028917664800 redefined class name=android.content.ComponentCallbacks, count=2
Event: 4.014 Thread 0x0000028917664800 redefined class name=android.arch.lifecycle.LifecycleOwner, count=2
Event: 4.025 Thread 0x0000028917664800 redefined class name=android.support.v4.app.Fragment, count=2
Event: 4.035 Thread 0x0000028917664800 redefined class name=android.arch.lifecycle.ViewModelStoreOwner, count=2
Event: 4.045 Thread 0x0000028917664800 redefined class name=swati4star.createpdf.fragment.HistoryFragment, count=3

Internal exceptions (19 events):
Event: 0.173 Thread 0x000002897f0dc800 Exception <a 'java/security/PrivilegedActionException'{0x00000000efc62f48}> (0x00000000efc62f48) thrown at [./src/hotspot/share/prims/jvm.cpp, line 1306]
Event: 0.173 Thread 0x000002897f0dc800 Exception <a 'java/security/PrivilegedActionException'{0x00000000efc63218}> (0x00000000efc63218) thrown at [./src/hotspot/share/prims/jvm.cpp, line 1306]
Event: 0.221 Thread 0x000002897f0dc800 Exception <a 'java/security/PrivilegedActionException'{0x00000000ef68f0d0}> (0x00000000ef68f0d0) thrown at [./src/hotspot/share/prims/jvm.cpp, line 1306]
Event: 0.221 Thread 0x000002897f0dc800 Exception <a 'java/security/PrivilegedActionException'{0x00000000ef68f3a0}> (0x00000000ef68f3a0) thrown at [./src/hotspot/share/prims/jvm.cpp, line 1306]
Event: 0.312 Thread 0x000002897f0dc800 Exception <a 'java/lang/NoSuchMethodError'{0x00000000eee95350}: 'int java.lang.invoke.DirectMethodHandle$Holder.invokeSpecialIFC(java.lang.Object, java.lang.Object, int)'> (0x00000000eee95350) thrown at [./src/hotspot/share/interpreter/linkResolver.cpp, line 773]
Event: 0.734 Thread 0x000002897f0dc800 Exception <a 'java/lang/NoSuchMethodError'{0x00000000ee728068}: <clinit>> (0x00000000ee728068) thrown at [./src/hotspot/share/prims/jni.cpp, line 1362]
Event: 0.734 Thread 0x000002897f0dc800 Exception <a 'java/lang/NoSuchMethodError'{0x00000000ee731a98}: <clinit>> (0x00000000ee731a98) thrown at [./src/hotspot/share/prims/jni.cpp, line 1362]
Event: 0.735 Thread 0x000002897f0dc800 Exception <a 'java/lang/NoSuchMethodError'{0x00000000ee73af68}: <clinit>> (0x00000000ee73af68) thrown at [./src/hotspot/share/prims/jni.cpp, line 1362]
Event: 0.846 Thread 0x000002897f0dc800 Exception <a 'java/lang/NoSuchMethodError'{0x00000000eda50690}: 'java.lang.Object java.lang.invoke.DirectMethodHandle$Holder.invokeVirtual(java.lang.Object, java.lang.Object, java.lang.Object, java.lang.Object, java.lang.Object)'> (0x00000000eda50690) thrown at [./src/hotspot/share/interpreter/linkResolver.cpp, line 773]
Event: 0.914 Thread 0x000002897f0dc800 Exception <a 'java/lang/NoSuchMethodError'{0x00000000efbba3e0}: 'java.lang.Object java.lang.invoke.DirectMethodHandle$Holder.invokeStaticInit(java.lang.Object, int, int, int, int)'> (0x00000000efbba3e0) thrown at [./src/hotspot/share/interpreter/linkResolver.cpp, line 773]
Event: 0.974 Thread 0x000002897f0dc800 Exception <a 'java/lang/NoSuchMethodError'{0x00000000efae6868}: 'java.lang.Object java.lang.invoke.DirectMethodHandle$Holder.invokeStaticInit(java.lang.Object, java.lang.Object, int, int, int, int)'> (0x00000000efae6868) thrown at [./src/hotspot/share/interpreter/linkResolver.cpp, line 773]
Event: 1.214 Thread 0x000002891b347800 Exception <a 'java/lang/reflect/InvocationTargetException'{0x00000000ed9dec60}> (0x00000000ed9dec60) thrown at [./src/hotspot/share/runtime/reflection.cpp, line 1247]
Event: 1.215 Thread 0x000002891b347800 Exception <a 'java/lang/NoSuchMethodError'{0x00000000ed9ead28}: 'java.lang.Object java.lang.invoke.DirectMethodHandle$Holder.invokeStaticInit(java.lang.Object, java.lang.Object, long, java.lang.Object)'> (0x00000000ed9ead28) thrown at [./src/hotspot/share/interpreter/linkResolver.cpp, line 773]
Event: 1.215 Thread 0x000002891b347800 Exception <a 'java/lang/NoSuchMethodError'{0x00000000ed9f6fb8}: 'java.lang.Object java.lang.invoke.Invokers$Holder.linkToTargetMethod(java.lang.Object, long, java.lang.Object)'> (0x00000000ed9f6fb8) thrown at [./src/hotspot/share/interpreter/linkResolver.cpp, line 773]
Event: 1.226 Thread 0x000002891b347800 Exception <a 'java/lang/NoSuchMethodError'{0x00000000ed718098}: 'void java.lang.invoke.DirectMethodHandle$Holder.invokeStatic(java.lang.Object, long)'> (0x00000000ed718098) thrown at [./src/hotspot/share/interpreter/linkResolver.cpp, line 773]
Event: 1.227 Thread 0x000002891b347800 Exception <a 'java/lang/NoSuchMethodError'{0x00000000ed71d550}: 'java.lang.Object java.lang.invoke.DirectMethodHandle$Holder.invokeStatic(java.lang.Object, long)'> (0x00000000ed71d550) thrown at [./src/hotspot/share/interpreter/linkResolver.cpp, line 773]
Event: 1.227 Thread 0x000002891b347800 Exception <a 'java/lang/NoSuchMethodError'{0x00000000ed720b20}: 'java.lang.Object java.lang.invoke.DirectMethodHandle$Holder.invokeSpecial(java.lang.Object, java.lang.Object, long)'> (0x00000000ed720b20) thrown at [./src/hotspot/share/interpreter/linkResolver.cpp, line 773]
Event: 1.228 Thread 0x000002891b347800 Exception <a 'java/lang/NoSuchMethodError'{0x00000000ed723b30}: 'java.lang.Object java.lang.invoke.Invokers$Holder.linkToTargetMethod(long, java.lang.Object)'> (0x00000000ed723b30) thrown at [./src/hotspot/share/interpreter/linkResolver.cpp, line 773]
Event: 2.168 Thread 0x000002891b347800 Exception <a 'java/lang/ClassNotFoundException'{0x00000000efa4a158}: java/lang/ClassLoader$ByteBuddyAccessor$yXXZ5cmT> (0x00000000efa4a158) thrown at [./src/hotspot/share/classfile/systemDictionary.cpp, line 231]

Events (20 events):
Event: 4.144 loading class org/jacoco/agent/rt/internal_1f1cc91/core/internal/data/CompactDataOutput done
Event: 4.144 Executing VM operation: RevokeBias
Event: 4.144 Executing VM operation: RevokeBias done
Event: 4.144 Executing VM operation: RevokeBias
Event: 4.145 Executing VM operation: RevokeBias done
Event: 4.145 Executing VM operation: RevokeBias
Event: 4.145 Executing VM operation: RevokeBias done
Event: 4.145 loading class org/jacoco/agent/rt/internal_1f1cc91/core/data/SessionInfo
Event: 4.145 loading class org/jacoco/agent/rt/internal_1f1cc91/core/data/SessionInfo done
Event: 4.163 loading class com/intellij/rt/coverage/instrumentation/SaveHook$1
Event: 4.163 loading class com/intellij/rt/coverage/util/DictionaryLookup
Event: 4.163 loading class com/intellij/rt/coverage/util/DictionaryLookup done
Event: 4.163 loading class com/intellij/rt/coverage/instrumentation/SaveHook$1 done
Event: 4.163 loading class com/intellij/rt/coverage/util/CoverageIOUtil$2
Event: 4.163 loading class com/intellij/rt/coverage/util/CoverageIOUtil$Consumer
Event: 4.163 loading class com/intellij/rt/coverage/util/CoverageIOUtil$Consumer done
Event: 4.163 loading class com/intellij/rt/coverage/util/CoverageIOUtil$2 done
Event: 4.169 loading class com/intellij/rt/coverage/data/JumpsAndSwitches
Event: 4.169 loading class com/intellij/rt/coverage/data/JumpsAndSwitches done
Event: 4.169 Thread 0x000002891bb8d800 Thread exited: 0x000002891bb8d800


Dynamic libraries:
0x00007ff6a1c40000 - 0x00007ff6a1c4a000 	C:\Program Files\Android\Android Studio\jre\bin\java.exe
0x00007ffcd0f10000 - 0x00007ffcd1105000 	C:\Windows\SYSTEM32\ntdll.dll
0x00007ffcd0000000 - 0x00007ffcd00be000 	C:\Windows\System32\KERNEL32.DLL
0x00007ffcce930000 - 0x00007ffccebf8000 	C:\Windows\System32\KERNELBASE.dll
0x00007ffccee00000 - 0x00007ffccef00000 	C:\Windows\System32\ucrtbase.dll
0x00007ffcc9560000 - 0x00007ffcc9579000 	C:\Program Files\Android\Android Studio\jre\bin\jli.dll
0x00007ffcc9db0000 - 0x00007ffcc9dc7000 	C:\Program Files\Android\Android Studio\jre\bin\VCRUNTIME140.dll
0x00007ffcd04f0000 - 0x00007ffcd0691000 	C:\Windows\System32\USER32.dll
0x00007ffcce620000 - 0x00007ffcce642000 	C:\Windows\System32\win32u.dll
0x00007ffcbcd20000 - 0x00007ffcbcfba000 	C:\Windows\WinSxS\amd64_microsoft.windows.common-controls_6595b64144ccf1df_6.0.19041.1110_none_60b5254171f9507e\COMCTL32.dll
0x00007ffccff70000 - 0x00007ffccff9b000 	C:\Windows\System32\GDI32.dll
0x00007ffcd0e30000 - 0x00007ffcd0ece000 	C:\Windows\System32\msvcrt.dll
0x00007ffcce790000 - 0x00007ffcce89d000 	C:\Windows\System32\gdi32full.dll
0x00007ffcced60000 - 0x00007ffccedfd000 	C:\Windows\System32\msvcp_win.dll
0x00007ffcd0df0000 - 0x00007ffcd0e20000 	C:\Windows\System32\IMM32.DLL
0x00007ffcb0900000 - 0x00007ffcb099d000 	C:\Program Files\Android\Android Studio\jre\bin\msvcp140.dll
0x00007ffc93b70000 - 0x00007ffc94645000 	C:\Program Files\Android\Android Studio\jre\bin\server\jvm.dll
0x00007ffccfd90000 - 0x00007ffccfe3e000 	C:\Windows\System32\ADVAPI32.dll
0x00007ffcd06a0000 - 0x00007ffcd073c000 	C:\Windows\System32\sechost.dll
0x00007ffcd02e0000 - 0x00007ffcd0405000 	C:\Windows\System32\RPCRT4.dll
0x00007ffcd04c0000 - 0x00007ffcd04c8000 	C:\Windows\System32\PSAPI.DLL
0x00007ffcb84e0000 - 0x00007ffcb84e9000 	C:\Windows\SYSTEM32\WSOCK32.dll
0x00007ffcc14b0000 - 0x00007ffcc14d7000 	C:\Windows\SYSTEM32\WINMM.dll
0x00007ffcd00c0000 - 0x00007ffcd012b000 	C:\Windows\System32\WS2_32.dll
0x00007ffcc84b0000 - 0x00007ffcc84ba000 	C:\Windows\SYSTEM32\VERSION.dll
0x00007ffccc530000 - 0x00007ffccc542000 	C:\Windows\SYSTEM32\kernel.appcore.dll
0x00007ffcb49a0000 - 0x00007ffcb49b1000 	C:\Program Files\Android\Android Studio\jre\bin\verify.dll
0x00007ffcc0890000 - 0x00007ffcc0a74000 	C:\Windows\SYSTEM32\DBGHELP.DLL
0x00007ffcae6f0000 - 0x00007ffcae71c000 	C:\Windows\SYSTEM32\dbgcore.DLL
0x00007ffcce650000 - 0x00007ffcce6d2000 	C:\Windows\System32\bcryptPrimitives.dll
0x00007ffc96e70000 - 0x00007ffc96e99000 	C:\Program Files\Android\Android Studio\jre\bin\java.dll
0x00007ffcb4c60000 - 0x00007ffcb4c6b000 	C:\Program Files\Android\Android Studio\jre\bin\jimage.dll
0x00007ffcbad10000 - 0x00007ffcbad1f000 	C:\Program Files\Android\Android Studio\jre\bin\instrument.dll
0x00007ffca8b20000 - 0x00007ffca8b38000 	C:\Program Files\Android\Android Studio\jre\bin\zip.dll
0x00007ffccf5c0000 - 0x00007ffccfd04000 	C:\Windows\System32\SHELL32.dll
0x00007ffccc730000 - 0x00007ffcccec5000 	C:\Windows\SYSTEM32\windows.storage.dll
0x00007ffcd0950000 - 0x00007ffcd0ca5000 	C:\Windows\System32\combase.dll
0x00007ffccdfa0000 - 0x00007ffccdfce000 	C:\Windows\SYSTEM32\Wldp.dll
0x00007ffcd0410000 - 0x00007ffcd04bd000 	C:\Windows\System32\SHCORE.dll
0x00007ffccef50000 - 0x00007ffccefa5000 	C:\Windows\System32\shlwapi.dll
0x00007ffcce560000 - 0x00007ffcce57f000 	C:\Windows\SYSTEM32\profapi.dll
0x00007ffcb61b0000 - 0x00007ffcb61ca000 	C:\Program Files\Android\Android Studio\jre\bin\net.dll
0x00007ffcc6940000 - 0x00007ffcc6a4c000 	C:\Windows\SYSTEM32\WINHTTP.dll
0x00007ffccdd00000 - 0x00007ffccdd6a000 	C:\Windows\system32\mswsock.dll
0x00007ffcb6190000 - 0x00007ffcb61a4000 	C:\Program Files\Android\Android Studio\jre\bin\nio.dll
0x00007ffcacc60000 - 0x00007ffcacc77000 	C:\Windows\system32\napinsp.dll
0x00007ffcac960000 - 0x00007ffcac97b000 	C:\Windows\system32\pnrpnsp.dll
0x00007ffcc8e50000 - 0x00007ffcc8e65000 	C:\Windows\system32\wshbth.dll
0x00007ffcca170000 - 0x00007ffcca18d000 	C:\Windows\system32\NLAapi.dll
0x00007ffccd9f0000 - 0x00007ffccda2b000 	C:\Windows\SYSTEM32\IPHLPAPI.DLL
0x00007ffccda30000 - 0x00007ffccdafb000 	C:\Windows\SYSTEM32\DNSAPI.dll
0x00007ffcd0e20000 - 0x00007ffcd0e28000 	C:\Windows\System32\NSI.dll
0x00007ffcac610000 - 0x00007ffcac622000 	C:\Windows\System32\winrnr.dll
0x0000000074d50000 - 0x0000000074d76000 	C:\Program Files\Bonjour\mdnsNSP.dll
0x00007ffcc71b0000 - 0x00007ffcc71ba000 	C:\Windows\System32\rasadhlp.dll
0x00007ffcc5f00000 - 0x00007ffcc5f7f000 	C:\Windows\System32\fwpuclnt.dll
0x00007ffcce900000 - 0x00007ffcce927000 	C:\Windows\System32\bcrypt.dll
0x00007ffccdef0000 - 0x00007ffccdf08000 	C:\Windows\SYSTEM32\CRYPTSP.dll
0x00007ffccd680000 - 0x00007ffccd6b4000 	C:\Windows\system32\rsaenh.dll
0x00007ffcce520000 - 0x00007ffcce54e000 	C:\Windows\SYSTEM32\USERENV.dll
0x00007ffccdf10000 - 0x00007ffccdf1c000 	C:\Windows\SYSTEM32\CRYPTBASE.dll
0x00007ffcc8570000 - 0x00007ffcc8587000 	C:\Windows\SYSTEM32\dhcpcsvc6.DLL
0x00007ffcc8530000 - 0x00007ffcc854d000 	C:\Windows\SYSTEM32\dhcpcsvc.DLL

dbghelp: loaded successfully - version: 4.0.5 - missing functions: none
symbol engine: initialized successfully - sym options: 0x614 - pdb path: .;C:\Program Files\Android\Android Studio\jre\bin;C:\Windows\SYSTEM32;C:\Windows\WinSxS\amd64_microsoft.windows.common-controls_6595b64144ccf1df_6.0.19041.1110_none_60b5254171f9507e;C:\Program Files\Android\Android Studio\jre\bin\server;C:\Program Files\Bonjour

VM Arguments:
jvm_args: -Djava.awt.headless=true -Dorg.gradle.native=false -javaagent:C:\Users\Emanuele\AppData\Local\Google\AndroidStudio2021.1\testAgent\intellij-coverage-agent-1.0.579.jar=C:\Users\Emanuele\AppData\Local\Temp\coverage9012args -javaagent:build/tmp/expandedArchives/org.jacoco.agent-0.8.3.jar_4b57cf550318c2dfec984d52b9993337/jacocoagent.jar=destfile=build/jacoco/testDebugUnitTest.exec,append=true,inclnolocationclasses=false,dumponexit=true,output=file,jmx=false -Xmx512m -Dfile.encoding=windows-1252 -Duser.country=IT -Duser.language=it -Duser.variant -ea 
java_command: worker.org.gradle.process.internal.worker.GradleWorkerMain 'Gradle Test Executor 43'
java_class_path (initial): C:\\Users\\Emanuele\\.gradle\\caches\\5.4.1\\workerMain\\gradle-worker.jar;D:\\UNISA\\Images-to-PDF-8.8.1\\app\\build\\intermediates\\unit_test_config_directory\\debugUnitTest\\out;D:\\UNISA\\Images-to-PDF-8.8.1\\app\\build\\intermediates\\javac\\debugUnitTest\\classes;D:\\UNISA\\Images-to-PDF-8.8.1\\app\\build\\intermediates\\sourceFolderJavaResources\\test\\debug;D:\\UNISA\\Images-to-PDF-8.8.1\\app\\libs\\aspose-cells-19.3-android.via.java.jar;C:\\Users\\Emanuele\\.gradle\\caches\\modules-2\\files-2.1\\junit\\junit\\4.12\\2973d150c0dc1fefe998f834810d68f278ea58ec\\junit-4.12.jar;C:\\Users\\Emanuele\\.gradle\\caches\\transforms-2\\files-2.1\\7b6909b64f48938995ae3ed4e82d21fb\\design-28.0.0\\jars\\classes.jar;C:\\Users\\Emanuele\\.gradle\\caches\\transforms-2\\files-2.1\\651251c562687d258463be1acb29cef2\\preference-v7-28.0.0\\jars\\classes.jar;C:\\Users\\Emanuele\\.gradle\\caches\\transforms-2\\files-2.1\\486df71dc6ed74dea0b4255c79b1f7bb\\android-morphing-button-98a4986e56\\jars\\classes.jar;C:\\Users\\Emanuele\\.gradle\\caches\\transforms-2\\files-2.1\\e0b8729a29a97f1249360bc34a62f3c6\\core-0.9.6.0\\jars\\classes.jar;C:\\Users\\Emanuele\\.gradle\\caches\\transforms-2\\files-2.1\\9a8a65aafbfe97c85a668158010ad42e\\lottie-2.5.5\\jars\\classes.jar;C:\\Users\\Emanuele\\.gradle\\caches\\transforms-2\\files-2.1\\f759d4cca9c841abfbbf69a3d1988020\\photoeditor-0.2.1\\jars\\classes.jar;C:\\Users\\Emanuele\\.gradle\\caches\\transforms-2\\files-2.1\\136cddfca49c69e99f753cbe0696d868\\android-image-cropper-2.7.0\\jars\\classes.jar;C:\\Users\\Emanuele\\.gradle\\caches\\transforms-2\\files-2.1\\da52e0abd62c4b4fdf635b9f1534cce3\\matisse-0.5.2-beta4\\jars\\classes.jar;C:\\Users\\Emanuele\\.gradle\\caches\\transforms-2\\files-2.1\\fa54b75fd3ca8dcd347227168e2bb359\\library-1.4.2\\jars\\classes.jar;C:\\Users\\Emanuele\\.gradle\\caches\\transforms-2\\files-2.1\\2f076f60f4de0bb3727f48fd42425706\\appcompat-v7-28.0.0\\jars\\classes.jar;C:\\Users\\Emanuele\\.gradle
Launcher Type: SUN_STANDARD

[Global flags]
     intx CICompilerCount                          = 3                                         {product} {ergonomic}
     uint ConcGCThreads                            = 2                                         {product} {ergonomic}
     uint G1ConcRefinementThreads                  = 6                                         {product} {ergonomic}
   size_t G1HeapRegionSize                         = 1048576                                   {product} {ergonomic}
    uintx GCDrainStackTargetSize                   = 64                                        {product} {ergonomic}
   size_t InitialHeapSize                          = 268435456                                 {product} {ergonomic}
   size_t MarkStackSize                            = 4194304                                   {product} {ergonomic}
   size_t MaxHeapSize                              = 536870912                                 {product} {command line}
   size_t MaxNewSize                               = 321912832                                 {product} {ergonomic}
   size_t MinHeapDeltaBytes                        = 1048576                                   {product} {ergonomic}
    uintx NonNMethodCodeHeapSize                   = 5830732                                {pd product} {ergonomic}
    uintx NonProfiledCodeHeapSize                  = 122913754                              {pd product} {ergonomic}
    uintx ProfiledCodeHeapSize                     = 122913754                              {pd product} {ergonomic}
    uintx ReservedCodeCacheSize                    = 251658240                              {pd product} {ergonomic}
     bool SegmentedCodeCache                       = true                                      {product} {ergonomic}
     bool UseCompressedClassPointers               = true                                 {lp64_product} {ergonomic}
     bool UseCompressedOops                        = true                                 {lp64_product} {ergonomic}
     bool UseG1GC                                  = true                                      {product} {ergonomic}
     bool UseLargePagesIndividualAllocation        = false                                  {pd product} {ergonomic}

Logging:
Log output configuration:
 #0: stdout all=warning uptime,level,tags
 #1: stderr all=off uptime,level,tags

Environment Variables:
PATH=C:\Program Files\Common Files\Oracle\Java\javapath;C:\Program Files (x86)\Common Files\Oracle\Java\javapath;C:\Windows\system32;C:\Windows;C:\Windows\System32\Wbem;C:\Windows\System32\WindowsPowerShell\v1.0\;C:\Windows\System32\OpenSSH\;C:\Program Files\NVIDIA Corporation\NVIDIA NvDLISR;C:\Program Files (x86)\NVIDIA Corporation\PhysX\Common;C:\Program Files\dotnet\;C:\Program Files\Git\cmd;C:\Users\Emanuele\AppData\Local\Microsoft\WindowsApps;C:\Users\Emanuele\AppData\Local\GitHubDesktop\bin
USERNAME=Emanuele
OS=Windows_NT
PROCESSOR_IDENTIFIER=Intel64 Family 6 Model 158 Stepping 12, GenuineIntel



---------------  S Y S T E M  ---------------

OS: Windows 10 , 64 bit Build 19041 (10.0.19041.1466)
OS uptime: 0 days 2:19 hours

CPU:total 6 (initial active 6) (6 cores per cpu, 1 threads per core) family 6 model 158 stepping 12 microcode 0xae, cmov, cx8, fxsr, mmx, sse, sse2, sse3, ssse3, sse4.1, sse4.2, popcnt, avx, avx2, aes, clmul, erms, rtm, 3dnowpref, lzcnt, tsc, tscinvbit, bmi1, bmi2, adx, fma

Memory: 4k page, system-wide physical 16316M (4755M free)
TotalPageFile size 18748M (AvailPageFile size 4959M)
current process WorkingSet (physical memory assigned to process): 333M, peak: 335M
current process commit charge ("private bytes"): 456M, peak: 459M

vm_info: OpenJDK 64-Bit Server VM (11.0.11+9-b60-7590822) for windows-amd64 JRE (11.0.11+9-b60-7590822), built on Jul 29 2021 21:43:44 by "builder" with MS VC++ 14.0 (VS2015)

END.
