#
# A fatal error has been detected by the Java Runtime Environment:
#
#  EXCEPTION_ACCESS_VIOLATION (0xc0000005) at pc=0x00007ffed9ad8ed0, pid=6544, tid=3008
#
# JRE version: OpenJDK Runtime Environment (11.0.11+9) (build 11.0.11+9-b60-7590822)
# Java VM: OpenJDK 64-Bit Server VM (11.0.11+9-b60-7590822, mixed mode, tiered, compressed oops, g1 gc, windows-amd64)
# Problematic frame:
# V  [jvm.dll+0x358ed0]
#
# No core dump will be written. Minidumps are not enabled by default on client versions of Windows
#
# If you would like to submit a bug report, please visit:
#   https://bugreport.java.com/bugreport/crash.jsp
#

---------------  S U M M A R Y ------------

Command Line: -Djava.awt.headless=true -Dorg.gradle.native=false -javaagent:C:\Users\Emanuele\AppData\Local\Google\AndroidStudio2021.1\testAgent\intellij-coverage-agent-1.0.579.jar=C:\Users\Emanuele\AppData\Local\Temp\coverage5735args -javaagent:build/tmp/expandedArchives/org.jacoco.agent-0.8.3.jar_4b57cf550318c2dfec984d52b9993337/jacocoagent.jar=destfile=build/jacoco/testDebugUnitTest.exec,append=true,inclnolocationclasses=false,dumponexit=true,output=file,jmx=false -Xmx512m -Dfile.encoding=windows-1252 -Duser.country=IT -Duser.language=it -Duser.variant -ea worker.org.gradle.process.internal.worker.GradleWorkerMain 'Gradle Test Executor 6'

Host: Intel(R) Core(TM) i5-9600K CPU @ 3.70GHz, 6 cores, 15G,  Windows 10 , 64 bit Build 19041 (10.0.19041.1466)
Time: Wed Feb  9 05:05:24 2022 ora solare Europa occidentale elapsed time: 4.170600 seconds (0d 0h 0m 4s)

---------------  T H R E A D  ---------------

Current thread (0x000002b8ae43c000):  JavaThread "C2 CompilerThread0" daemon [_thread_in_native, id=3008, stack(0x000000c506400000,0x000000c506500000)]


Current CompileTask:
C2:   4170 3814 %     4       org.jetbrains.coverage.org.objectweb.asm.ClassReader::readCode @ 4586 (5089 bytes)

Stack: [0x000000c506400000,0x000000c506500000],  sp=0x000000c5064fbe40,  free space=1007k
Native frames: (J=compiled Java code, j=interpreted, Vv=VM code, C=native code)
V  [jvm.dll+0x358ed0]
V  [jvm.dll+0x352360]
V  [jvm.dll+0x198799]
V  [jvm.dll+0x1fc2ee]
V  [jvm.dll+0x1fb3d4]
V  [jvm.dll+0x183d6c]
V  [jvm.dll+0x209a57]
V  [jvm.dll+0x2082a1]
V  [jvm.dll+0x6ef58f]
V  [jvm.dll+0x6e80b5]
V  [jvm.dll+0x5f1036]
C  [ucrtbase.dll+0x21bb2]
C  [KERNEL32.DLL+0x17034]
C  [ntdll.dll+0x52651]


siginfo: EXCEPTION_ACCESS_VIOLATION (0xc0000005), reading address 0xffffffffffffffff


Register to memory mapping:

RIP=0x00007ffed9ad8ed0 jvm.dll
RAX=0x00017ffeda17cf18 is an unknown value
RBX=0x0000000000000040 is an unknown value
RCX=0x0000000000000002 is an unknown value
RDX=0x0 is NULL
RSP=0x000000c5064fbe40 is pointing into the stack for thread: 0x000002b8ae43c000
RBP=0x0000000000000008 is an unknown value
RSI=0x00007ffeda17cf18 jvm.dll
RDI=0x000002b8adb92ba0 points into unknown readable memory: 0x000002b8ae3e8da0 | a0 8d 3e ae b8 02 00 00
R8 =0x000002b8b44a2690 points into unknown readable memory: 0x0000000000000005 | 05 00 00 00 00 00 00 00
R9 =0x000000c5064fbe90 is pointing into the stack for thread: 0x000002b8ae43c000
R10=0x0000000000000008 is an unknown value
R11=0x000000c5064fbda0 is pointing into the stack for thread: 0x000002b8ae43c000
R12=0x00007ffed9780000 jvm.dll
R13=0x0000000000000008 is an unknown value
R14=0x000000000000000a is an unknown value
R15=0x00007ffeda17cf18 jvm.dll


Registers:
RAX=0x00017ffeda17cf18, RBX=0x0000000000000040, RCX=0x0000000000000002, RDX=0x0000000000000000
RSP=0x000000c5064fbe40, RBP=0x0000000000000008, RSI=0x00007ffeda17cf18, RDI=0x000002b8adb92ba0
R8 =0x000002b8b44a2690, R9 =0x000000c5064fbe90, R10=0x0000000000000008, R11=0x000000c5064fbda0
R12=0x00007ffed9780000, R13=0x0000000000000008, R14=0x000000000000000a, R15=0x00007ffeda17cf18
RIP=0x00007ffed9ad8ed0, EFLAGS=0x0000000000010246

Top of Stack: (sp=0x000000c5064fbe40)
0x000000c5064fbe40:   0000000000000000 0000000000000000
0x000000c5064fbe50:   000002b8ae3e8da8 000002b8ae3e6800
0x000000c5064fbe60:   0000000000002d0a 00007ffed9ad2360
0x000000c5064fbe70:   000002b8b449e810 000000c5064fbfb0
0x000000c5064fbe80:   0000000000002d0a 00007ffed9fb0cb0
0x000000c5064fbe90:   0000000000000000 000002b800000008
0x000000c5064fbea0:   00017ffeda17cf18 0000000000000000
0x000000c5064fbeb0:   000002b8b0c960f8 000002b800000035
0x000000c5064fbec0:   000002b8b44a2690 000000c5064fc438
0x000000c5064fbed0:   000002b8ae469390 0000000000000000
0x000000c5064fbee0:   000000c5064fbff0 00007ffed9918799
0x000000c5064fbef0:   000000c5064fc350 000000c5064fc438
0x000000c5064fbf00:   00000000000003d8 000002b8ae4693a0
0x000000c5064fbf10:   000000000000cc00 0000000000000000
0x000000c5064fbf20:   000000c500000006 000002b8ae469390
0x000000c5064fbf30:   000002b8b3367bd0 000002b8b3368f00 

Instructions: (pc=0x00007ffed9ad8ed0)
0x00007ffed9ad8dd0:   58 4c 8b 64 24 50 48 8b c3 48 83 c4 20 41 5f 5f
0x00007ffed9ad8de0:   5e 5d 5b c3 cc cc cc cc cc cc cc cc cc cc cc cc
0x00007ffed9ad8df0:   83 3a 00 4c 8b c2 c7 41 08 08 00 00 00 75 16 33
0x00007ffed9ad8e00:   d2 c7 41 18 01 00 00 00 89 11 48 8b c1 c7 41 28
0x00007ffed9ad8e10:   01 00 00 00 c3 33 d2 48 89 11 89 51 18 41 8b 80
0x00007ffed9ad8e20:   90 00 00 00 89 41 28 48 89 51 10 49 8b 40 08 48
0x00007ffed9ad8e30:   89 41 20 48 8b c1 4c 89 41 30 c3 cc cc cc cc cc
0x00007ffed9ad8e40:   48 83 ec 28 8b 51 08 4c 8b c9 83 fa 08 73 18 4c
0x00007ffed9ad8e50:   8b 41 10 8b c2 41 83 3c 80 00 0f 85 0d 01 00 00
0x00007ffed9ad8e60:   ff c2 83 fa 08 72 ec 44 8b 51 18 48 89 5c 24 30
0x00007ffed9ad8e70:   48 89 6c 24 38 48 89 74 24 40 48 89 7c 24 20 44
0x00007ffed9ad8e80:   3b 51 28 0f 83 b9 00 00 00 8b 0d ed fb 6d 00 48
0x00007ffed9ad8e90:   8d 35 82 40 6a 00 65 48 8b 04 25 58 00 00 00 bd
0x00007ffed9ad8ea0:   08 00 00 00 48 8d 3c c8 0f 1f 84 00 00 00 00 00
0x00007ffed9ad8eb0:   41 8b c2 48 8d 1c c5 00 00 00 00 49 8b 41 20 48
0x00007ffed9ad8ec0:   8b 04 03 48 3b c6 74 6d 49 89 41 10 33 d2 66 90
0x00007ffed9ad8ed0:   83 38 00 0f 85 c3 00 00 00 ff c2 48 83 c0 04 83
0x00007ffed9ad8ee0:   fa 08 72 ec 4d 8b 59 30 4d 85 db 74 48 49 8b 43
0x00007ffed9ad8ef0:   08 8b d5 48 03 17 4c 8b 04 03 48 8b 02 48 8b 88
0x00007ffed9ad8f00:   d0 04 00 00 48 8b 81 88 00 00 00 48 8b 88 88 08
0x00007ffed9ad8f10:   00 00 49 89 08 48 8b 02 48 8b 88 d0 04 00 00 48
0x00007ffed9ad8f20:   8b 81 88 00 00 00 4c 89 80 88 08 00 00 49 8b 43
0x00007ffed9ad8f30:   08 48 89 34 03 41 ff c2 45 3b 51 28 0f 82 6e ff
0x00007ffed9ad8f40:   ff ff 41 8b 41 28 41 89 41 18 33 c0 41 c7 41 08
0x00007ffed9ad8f50:   08 00 00 00 48 8b 74 24 40 48 8b 6c 24 38 48 8b
0x00007ffed9ad8f60:   5c 24 30 48 8b 7c 24 20 48 83 c4 28 c3 8b 41 18
0x00007ffed9ad8f70:   8d 0c c2 8b c2 c1 e1 05 81 e9 00 01 00 00 41 89
0x00007ffed9ad8f80:   49 04 41 8b 0c 80 8d 42 01 41 89 09 49 8b c9 41
0x00007ffed9ad8f90:   89 41 08 48 83 c4 28 e9 c4 2b e4 ff 42 8d 04 d2
0x00007ffed9ad8fa0:   c1 e0 05 41 89 41 04 49 8b 41 10 8b 0c 90 41 8d
0x00007ffed9ad8fb0:   42 01 41 89 41 18 8d 42 01 41 89 09 49 8b c9 41
0x00007ffed9ad8fc0:   89 41 08 e8 98 2b e4 ff eb 8a cc cc cc cc cc cc 


Stack slot to memory mapping:
stack at sp + 0 slots: 0x0 is NULL
stack at sp + 1 slots: 0x0 is NULL
stack at sp + 2 slots: 0x000002b8ae3e8da8 points into unknown readable memory: 0x000002b8ae43c000 | 00 c0 43 ae b8 02 00 00
stack at sp + 3 slots: 0x000002b8ae3e6800 points into unknown readable memory: 0x000002b8adbb9df8 | f8 9d bb ad b8 02 00 00
stack at sp + 4 slots: 0x0000000000002d0a is an unknown value
stack at sp + 5 slots: 0x00007ffed9ad2360 jvm.dll
stack at sp + 6 slots: 0x000002b8b449e810 points into unknown readable memory: 0x000000000000006e | 6e 00 00 00 00 00 00 00
stack at sp + 7 slots: 0x000000c5064fbfb0 is pointing into the stack for thread: 0x000002b8ae43c000


---------------  P R O C E S S  ---------------

Threads class SMR info:
_java_thread_list=0x000002b8b1e004d0, length=14, elements={
0x000002b89745b000, 0x000002b8adba7800, 0x000002b8adbb5000, 0x000002b8ae433800,
0x000002b8ae436000, 0x000002b8ae437000, 0x000002b8ae43c000, 0x000002b8ae43d800,
0x000002b8ae43e800, 0x000002b8ae6ec000, 0x000002b8ae9b8800, 0x000002b8b2402000,
0x000002b8b3b4b800, 0x000002b8b1d12000
}

Java Threads: ( => current thread )
  0x000002b89745b000 JavaThread "main" [_thread_blocked, id=7476, stack(0x000000c505800000,0x000000c505900000)]
  0x000002b8adba7800 JavaThread "Reference Handler" daemon [_thread_blocked, id=2868, stack(0x000000c505f00000,0x000000c506000000)]
  0x000002b8adbb5000 JavaThread "Finalizer" daemon [_thread_blocked, id=1796, stack(0x000000c506000000,0x000000c506100000)]
  0x000002b8ae433800 JavaThread "Signal Dispatcher" daemon [_thread_blocked, id=4560, stack(0x000000c506100000,0x000000c506200000)]
  0x000002b8ae436000 JavaThread "Attach Listener" daemon [_thread_blocked, id=2448, stack(0x000000c506200000,0x000000c506300000)]
  0x000002b8ae437000 JavaThread "Service Thread" daemon [_thread_blocked, id=7976, stack(0x000000c506300000,0x000000c506400000)]
=>0x000002b8ae43c000 JavaThread "C2 CompilerThread0" daemon [_thread_in_native, id=3008, stack(0x000000c506400000,0x000000c506500000)]
  0x000002b8ae43d800 JavaThread "C1 CompilerThread0" daemon [_thread_blocked, id=5240, stack(0x000000c506500000,0x000000c506600000)]
  0x000002b8ae43e800 JavaThread "Sweeper thread" daemon [_thread_blocked, id=8916, stack(0x000000c506600000,0x000000c506700000)]
  0x000002b8ae6ec000 JavaThread "Common-Cleaner" daemon [_thread_blocked, id=4784, stack(0x000000c506700000,0x000000c506800000)]
  0x000002b8ae9b8800 JavaThread "C2 CompilerThread1" daemon [_thread_in_native, id=8828, stack(0x000000c506800000,0x000000c506900000)]
  0x000002b8b2402000 JavaThread "Test worker" [_thread_in_Java, id=7032, stack(0x000000c507000000,0x000000c507100000)]
  0x000002b8b3b4b800 JavaThread "/127.0.0.1:51458 to /127.0.0.1:51457 workers Thread 2" [_thread_blocked, id=5368, stack(0x000000c507100000,0x000000c507200000)]
  0x000002b8b1d12000 JavaThread "/127.0.0.1:51458 to /127.0.0.1:51457 workers Thread 3" [_thread_in_native, id=5968, stack(0x000000c507200000,0x000000c507300000)]

Other Threads:
  0x000002b8ae3e6000 VMThread "VM Thread" [stack: 0x000000c505e00000,0x000000c505f00000] [id=7356]
  0x000002b8aef29800 WatcherThread [stack: 0x000000c506900000,0x000000c506a00000] [id=3808]
  0x000002b897486000 GCTaskThread "GC Thread#0" [stack: 0x000000c505900000,0x000000c505a00000] [id=2060]
  0x000002b8afcaa000 GCTaskThread "GC Thread#1" [stack: 0x000000c506a00000,0x000000c506b00000] [id=940]
  0x000002b8aedaa800 GCTaskThread "GC Thread#2" [stack: 0x000000c506b00000,0x000000c506c00000] [id=8740]
  0x000002b8aedab000 GCTaskThread "GC Thread#3" [stack: 0x000000c506c00000,0x000000c506d00000] [id=3464]
  0x000002b8afb1e800 GCTaskThread "GC Thread#4" [stack: 0x000000c506d00000,0x000000c506e00000] [id=5548]
  0x000002b8afb1f000 GCTaskThread "GC Thread#5" [stack: 0x000000c506e00000,0x000000c506f00000] [id=748]
  0x000002b897475800 ConcurrentGCThread "G1 Main Marker" [stack: 0x000000c505a00000,0x000000c505b00000] [id=8540]
  0x000002b897477000 ConcurrentGCThread "G1 Conc#0" [stack: 0x000000c505b00000,0x000000c505c00000] [id=6696]
  0x000002b8b1fda800 ConcurrentGCThread "G1 Conc#1" [stack: 0x000000c507300000,0x000000c507400000] [id=5448]
  0x000002b8ada14800 ConcurrentGCThread "G1 Refine#0" [stack: 0x000000c505c00000,0x000000c505d00000] [id=7984]
  0x000002b8ada15000 ConcurrentGCThread "G1 Young RemSet Sampling" [stack: 0x000000c505d00000,0x000000c505e00000] [id=424]

Threads with active compile tasks:
C2 CompilerThread0   4186 3814 %     4       org.jetbrains.coverage.org.objectweb.asm.ClassReader::readCode @ 4586 (5089 bytes)
C2 CompilerThread1   4186 4139       4       org.jacoco.agent.rt.internal_1f1cc91.asm.SymbolTable::addConstantUtf8 (175 bytes)

VM state:not at safepoint (normal execution)

VM Mutex/Monitor currently owned by a thread: None

Heap address: 0x00000000e0000000, size: 512 MB, Compressed Oops mode: 32-bit
Narrow klass base: 0x0000000000000000, Narrow klass shift: 3
Compressed class space size: 1073741824 Address: 0x0000000100000000

Heap:
 garbage-first heap   total 262144K, used 85107K [0x00000000e0000000, 0x0000000100000000)
  region size 1024K, 73 young (74752K), 14 survivors (14336K)
 Metaspace       used 26379K, capacity 26713K, committed 26928K, reserved 1073152K
  class space    used 2824K, capacity 2902K, committed 2944K, reserved 1048576K
Heap Regions: E=young(eden), S=young(survivor), O=old, HS=humongous(starts), HC=humongous(continues), CS=collection set, F=free, A=archive, TAMS=top-at-mark-start (previous, next)
|   0|0x00000000e0000000, 0x00000000e0100000, 0x00000000e0100000|100%|HS|  |TAMS 0x00000000e0100000, 0x00000000e0000000| Complete 
|   1|0x00000000e0100000, 0x00000000e0200000, 0x00000000e0200000|100%| O|  |TAMS 0x00000000e0200000, 0x00000000e0100000| Untracked 
|   2|0x00000000e0200000, 0x00000000e0300000, 0x00000000e0300000|100%| O|  |TAMS 0x00000000e0300000, 0x00000000e0200000| Untracked 
|   3|0x00000000e0300000, 0x00000000e0400000, 0x00000000e0400000|100%| O|  |TAMS 0x00000000e0400000, 0x00000000e0300000| Untracked 
|   4|0x00000000e0400000, 0x00000000e0500000, 0x00000000e0500000|100%| O|  |TAMS 0x00000000e0500000, 0x00000000e0400000| Untracked 
|   5|0x00000000e0500000, 0x00000000e0600000, 0x00000000e0600000|100%| O|  |TAMS 0x00000000e0600000, 0x00000000e0500000| Untracked 
|   6|0x00000000e0600000, 0x00000000e0700000, 0x00000000e0700000|100%| O|  |TAMS 0x00000000e0700000, 0x00000000e0600000| Untracked 
|   7|0x00000000e0700000, 0x00000000e0800000, 0x00000000e0800000|100%| O|  |TAMS 0x00000000e0800000, 0x00000000e0700000| Untracked 
|   8|0x00000000e0800000, 0x00000000e0900000, 0x00000000e0900000|100%| O|  |TAMS 0x00000000e088e200, 0x00000000e0800000| Untracked 
|   9|0x00000000e0900000, 0x00000000e0a00000, 0x00000000e0a00000|100%| O|  |TAMS 0x00000000e0900000, 0x00000000e0900000| Untracked 
|  10|0x00000000e0a00000, 0x00000000e0b00000, 0x00000000e0b00000|100%| O|  |TAMS 0x00000000e0a00000, 0x00000000e0a00000| Untracked 
|  11|0x00000000e0b00000, 0x00000000e0b1ce00, 0x00000000e0c00000| 11%| O|  |TAMS 0x00000000e0b00000, 0x00000000e0b00000| Untracked 
|  12|0x00000000e0c00000, 0x00000000e0c00000, 0x00000000e0d00000|  0%| F|  |TAMS 0x00000000e0c00000, 0x00000000e0c00000| Untracked 
|  13|0x00000000e0d00000, 0x00000000e0d00000, 0x00000000e0e00000|  0%| F|  |TAMS 0x00000000e0d00000, 0x00000000e0d00000| Untracked 
|  14|0x00000000e0e00000, 0x00000000e0e00000, 0x00000000e0f00000|  0%| F|  |TAMS 0x00000000e0e00000, 0x00000000e0e00000| Untracked 
|  15|0x00000000e0f00000, 0x00000000e0f00000, 0x00000000e1000000|  0%| F|  |TAMS 0x00000000e0f00000, 0x00000000e0f00000| Untracked 
|  16|0x00000000e1000000, 0x00000000e1000000, 0x00000000e1100000|  0%| F|  |TAMS 0x00000000e1000000, 0x00000000e1000000| Untracked 
|  17|0x00000000e1100000, 0x00000000e1100000, 0x00000000e1200000|  0%| F|  |TAMS 0x00000000e1100000, 0x00000000e1100000| Untracked 
|  18|0x00000000e1200000, 0x00000000e1200000, 0x00000000e1300000|  0%| F|  |TAMS 0x00000000e1200000, 0x00000000e1200000| Untracked 
|  19|0x00000000e1300000, 0x00000000e1300000, 0x00000000e1400000|  0%| F|  |TAMS 0x00000000e1300000, 0x00000000e1300000| Untracked 
|  20|0x00000000e1400000, 0x00000000e1400000, 0x00000000e1500000|  0%| F|  |TAMS 0x00000000e1400000, 0x00000000e1400000| Untracked 
|  21|0x00000000e1500000, 0x00000000e1500000, 0x00000000e1600000|  0%| F|  |TAMS 0x00000000e1500000, 0x00000000e1500000| Untracked 
|  22|0x00000000e1600000, 0x00000000e1600000, 0x00000000e1700000|  0%| F|  |TAMS 0x00000000e1600000, 0x00000000e1600000| Untracked 
|  23|0x00000000e1700000, 0x00000000e1700000, 0x00000000e1800000|  0%| F|  |TAMS 0x00000000e1700000, 0x00000000e1700000| Untracked 
|  24|0x00000000e1800000, 0x00000000e1800000, 0x00000000e1900000|  0%| F|  |TAMS 0x00000000e1800000, 0x00000000e1800000| Untracked 
|  25|0x00000000e1900000, 0x00000000e1900000, 0x00000000e1a00000|  0%| F|  |TAMS 0x00000000e1900000, 0x00000000e1900000| Untracked 
|  26|0x00000000e1a00000, 0x00000000e1a00000, 0x00000000e1b00000|  0%| F|  |TAMS 0x00000000e1a00000, 0x00000000e1a00000| Untracked 
|  27|0x00000000e1b00000, 0x00000000e1b00000, 0x00000000e1c00000|  0%| F|  |TAMS 0x00000000e1b00000, 0x00000000e1b00000| Untracked 
|  28|0x00000000e1c00000, 0x00000000e1c00000, 0x00000000e1d00000|  0%| F|  |TAMS 0x00000000e1c00000, 0x00000000e1c00000| Untracked 
|  29|0x00000000e1d00000, 0x00000000e1d00000, 0x00000000e1e00000|  0%| F|  |TAMS 0x00000000e1d00000, 0x00000000e1d00000| Untracked 
|  30|0x00000000e1e00000, 0x00000000e1e00000, 0x00000000e1f00000|  0%| F|  |TAMS 0x00000000e1e00000, 0x00000000e1e00000| Untracked 
|  31|0x00000000e1f00000, 0x00000000e1f00000, 0x00000000e2000000|  0%| F|  |TAMS 0x00000000e1f00000, 0x00000000e1f00000| Untracked 
|  32|0x00000000e2000000, 0x00000000e2000000, 0x00000000e2100000|  0%| F|  |TAMS 0x00000000e2000000, 0x00000000e2000000| Untracked 
|  33|0x00000000e2100000, 0x00000000e2100000, 0x00000000e2200000|  0%| F|  |TAMS 0x00000000e2100000, 0x00000000e2100000| Untracked 
|  34|0x00000000e2200000, 0x00000000e2200000, 0x00000000e2300000|  0%| F|  |TAMS 0x00000000e2200000, 0x00000000e2200000| Untracked 
|  35|0x00000000e2300000, 0x00000000e2300000, 0x00000000e2400000|  0%| F|  |TAMS 0x00000000e2300000, 0x00000000e2300000| Untracked 
|  36|0x00000000e2400000, 0x00000000e2400000, 0x00000000e2500000|  0%| F|  |TAMS 0x00000000e2400000, 0x00000000e2400000| Untracked 
|  37|0x00000000e2500000, 0x00000000e2500000, 0x00000000e2600000|  0%| F|  |TAMS 0x00000000e2500000, 0x00000000e2500000| Untracked 
|  38|0x00000000e2600000, 0x00000000e2600000, 0x00000000e2700000|  0%| F|  |TAMS 0x00000000e2600000, 0x00000000e2600000| Untracked 
|  39|0x00000000e2700000, 0x00000000e2700000, 0x00000000e2800000|  0%| F|  |TAMS 0x00000000e2700000, 0x00000000e2700000| Untracked 
|  40|0x00000000e2800000, 0x00000000e2800000, 0x00000000e2900000|  0%| F|  |TAMS 0x00000000e2800000, 0x00000000e2800000| Untracked 
|  41|0x00000000e2900000, 0x00000000e2900000, 0x00000000e2a00000|  0%| F|  |TAMS 0x00000000e2900000, 0x00000000e2900000| Untracked 
|  42|0x00000000e2a00000, 0x00000000e2a00000, 0x00000000e2b00000|  0%| F|  |TAMS 0x00000000e2a00000, 0x00000000e2a00000| Untracked 
|  43|0x00000000e2b00000, 0x00000000e2b00000, 0x00000000e2c00000|  0%| F|  |TAMS 0x00000000e2b00000, 0x00000000e2b00000| Untracked 
|  44|0x00000000e2c00000, 0x00000000e2c00000, 0x00000000e2d00000|  0%| F|  |TAMS 0x00000000e2c00000, 0x00000000e2c00000| Untracked 
|  45|0x00000000e2d00000, 0x00000000e2d00000, 0x00000000e2e00000|  0%| F|  |TAMS 0x00000000e2d00000, 0x00000000e2d00000| Untracked 
|  46|0x00000000e2e00000, 0x00000000e2e00000, 0x00000000e2f00000|  0%| F|  |TAMS 0x00000000e2e00000, 0x00000000e2e00000| Untracked 
|  47|0x00000000e2f00000, 0x00000000e2f00000, 0x00000000e3000000|  0%| F|  |TAMS 0x00000000e2f00000, 0x00000000e2f00000| Untracked 
|  48|0x00000000e3000000, 0x00000000e3000000, 0x00000000e3100000|  0%| F|  |TAMS 0x00000000e3000000, 0x00000000e3000000| Untracked 
|  49|0x00000000e3100000, 0x00000000e3100000, 0x00000000e3200000|  0%| F|  |TAMS 0x00000000e3100000, 0x00000000e3100000| Untracked 
|  50|0x00000000e3200000, 0x00000000e3200000, 0x00000000e3300000|  0%| F|  |TAMS 0x00000000e3200000, 0x00000000e3200000| Untracked 
|  51|0x00000000e3300000, 0x00000000e3300000, 0x00000000e3400000|  0%| F|  |TAMS 0x00000000e3300000, 0x00000000e3300000| Untracked 
|  52|0x00000000e3400000, 0x00000000e3400000, 0x00000000e3500000|  0%| F|  |TAMS 0x00000000e3400000, 0x00000000e3400000| Untracked 
|  53|0x00000000e3500000, 0x00000000e3500000, 0x00000000e3600000|  0%| F|  |TAMS 0x00000000e3500000, 0x00000000e3500000| Untracked 
|  54|0x00000000e3600000, 0x00000000e3600000, 0x00000000e3700000|  0%| F|  |TAMS 0x00000000e3600000, 0x00000000e3600000| Untracked 
|  55|0x00000000e3700000, 0x00000000e3700000, 0x00000000e3800000|  0%| F|  |TAMS 0x00000000e3700000, 0x00000000e3700000| Untracked 
|  56|0x00000000e3800000, 0x00000000e3800000, 0x00000000e3900000|  0%| F|  |TAMS 0x00000000e3800000, 0x00000000e3800000| Untracked 
|  57|0x00000000e3900000, 0x00000000e3900000, 0x00000000e3a00000|  0%| F|  |TAMS 0x00000000e3900000, 0x00000000e3900000| Untracked 
|  58|0x00000000e3a00000, 0x00000000e3a00000, 0x00000000e3b00000|  0%| F|  |TAMS 0x00000000e3a00000, 0x00000000e3a00000| Untracked 
|  59|0x00000000e3b00000, 0x00000000e3b00000, 0x00000000e3c00000|  0%| F|  |TAMS 0x00000000e3b00000, 0x00000000e3b00000| Untracked 
|  60|0x00000000e3c00000, 0x00000000e3c00000, 0x00000000e3d00000|  0%| F|  |TAMS 0x00000000e3c00000, 0x00000000e3c00000| Untracked 
|  61|0x00000000e3d00000, 0x00000000e3d00000, 0x00000000e3e00000|  0%| F|  |TAMS 0x00000000e3d00000, 0x00000000e3d00000| Untracked 
|  62|0x00000000e3e00000, 0x00000000e3e00000, 0x00000000e3f00000|  0%| F|  |TAMS 0x00000000e3e00000, 0x00000000e3e00000| Untracked 
|  63|0x00000000e3f00000, 0x00000000e3f00000, 0x00000000e4000000|  0%| F|  |TAMS 0x00000000e3f00000, 0x00000000e3f00000| Untracked 
|  64|0x00000000e4000000, 0x00000000e4000000, 0x00000000e4100000|  0%| F|  |TAMS 0x00000000e4000000, 0x00000000e4000000| Untracked 
|  65|0x00000000e4100000, 0x00000000e4100000, 0x00000000e4200000|  0%| F|  |TAMS 0x00000000e4100000, 0x00000000e4100000| Untracked 
|  66|0x00000000e4200000, 0x00000000e4200000, 0x00000000e4300000|  0%| F|  |TAMS 0x00000000e4200000, 0x00000000e4200000| Untracked 
|  67|0x00000000e4300000, 0x00000000e4300000, 0x00000000e4400000|  0%| F|  |TAMS 0x00000000e4300000, 0x00000000e4300000| Untracked 
|  68|0x00000000e4400000, 0x00000000e4400000, 0x00000000e4500000|  0%| F|  |TAMS 0x00000000e4400000, 0x00000000e4400000| Untracked 
|  69|0x00000000e4500000, 0x00000000e4500000, 0x00000000e4600000|  0%| F|  |TAMS 0x00000000e4500000, 0x00000000e4500000| Untracked 
|  70|0x00000000e4600000, 0x00000000e4600000, 0x00000000e4700000|  0%| F|  |TAMS 0x00000000e4600000, 0x00000000e4600000| Untracked 
|  71|0x00000000e4700000, 0x00000000e4700000, 0x00000000e4800000|  0%| F|  |TAMS 0x00000000e4700000, 0x00000000e4700000| Untracked 
|  72|0x00000000e4800000, 0x00000000e4800000, 0x00000000e4900000|  0%| F|  |TAMS 0x00000000e4800000, 0x00000000e4800000| Untracked 
|  73|0x00000000e4900000, 0x00000000e4900000, 0x00000000e4a00000|  0%| F|  |TAMS 0x00000000e4900000, 0x00000000e4900000| Untracked 
|  74|0x00000000e4a00000, 0x00000000e4a00000, 0x00000000e4b00000|  0%| F|  |TAMS 0x00000000e4a00000, 0x00000000e4a00000| Untracked 
|  75|0x00000000e4b00000, 0x00000000e4b00000, 0x00000000e4c00000|  0%| F|  |TAMS 0x00000000e4b00000, 0x00000000e4b00000| Untracked 
|  76|0x00000000e4c00000, 0x00000000e4c00000, 0x00000000e4d00000|  0%| F|  |TAMS 0x00000000e4c00000, 0x00000000e4c00000| Untracked 
|  77|0x00000000e4d00000, 0x00000000e4d00000, 0x00000000e4e00000|  0%| F|  |TAMS 0x00000000e4d00000, 0x00000000e4d00000| Untracked 
|  78|0x00000000e4e00000, 0x00000000e4e00000, 0x00000000e4f00000|  0%| F|  |TAMS 0x00000000e4e00000, 0x00000000e4e00000| Untracked 
|  79|0x00000000e4f00000, 0x00000000e4f00000, 0x00000000e5000000|  0%| F|  |TAMS 0x00000000e4f00000, 0x00000000e4f00000| Untracked 
|  80|0x00000000e5000000, 0x00000000e5000000, 0x00000000e5100000|  0%| F|  |TAMS 0x00000000e5000000, 0x00000000e5000000| Untracked 
|  81|0x00000000e5100000, 0x00000000e5100000, 0x00000000e5200000|  0%| F|  |TAMS 0x00000000e5100000, 0x00000000e5100000| Untracked 
|  82|0x00000000e5200000, 0x00000000e5200000, 0x00000000e5300000|  0%| F|  |TAMS 0x00000000e5200000, 0x00000000e5200000| Untracked 
|  83|0x00000000e5300000, 0x00000000e5300000, 0x00000000e5400000|  0%| F|  |TAMS 0x00000000e5300000, 0x00000000e5300000| Untracked 
|  84|0x00000000e5400000, 0x00000000e5400000, 0x00000000e5500000|  0%| F|  |TAMS 0x00000000e5400000, 0x00000000e5400000| Untracked 
|  85|0x00000000e5500000, 0x00000000e5500000, 0x00000000e5600000|  0%| F|  |TAMS 0x00000000e5500000, 0x00000000e5500000| Untracked 
|  86|0x00000000e5600000, 0x00000000e5600000, 0x00000000e5700000|  0%| F|  |TAMS 0x00000000e5600000, 0x00000000e5600000| Untracked 
|  87|0x00000000e5700000, 0x00000000e5700000, 0x00000000e5800000|  0%| F|  |TAMS 0x00000000e5700000, 0x00000000e5700000| Untracked 
|  88|0x00000000e5800000, 0x00000000e5800000, 0x00000000e5900000|  0%| F|  |TAMS 0x00000000e5800000, 0x00000000e5800000| Untracked 
|  89|0x00000000e5900000, 0x00000000e5900000, 0x00000000e5a00000|  0%| F|  |TAMS 0x00000000e5900000, 0x00000000e5900000| Untracked 
|  90|0x00000000e5a00000, 0x00000000e5a00000, 0x00000000e5b00000|  0%| F|  |TAMS 0x00000000e5a00000, 0x00000000e5a00000| Untracked 
|  91|0x00000000e5b00000, 0x00000000e5b00000, 0x00000000e5c00000|  0%| F|  |TAMS 0x00000000e5b00000, 0x00000000e5b00000| Untracked 
|  92|0x00000000e5c00000, 0x00000000e5c00000, 0x00000000e5d00000|  0%| F|  |TAMS 0x00000000e5c00000, 0x00000000e5c00000| Untracked 
|  93|0x00000000e5d00000, 0x00000000e5d00000, 0x00000000e5e00000|  0%| F|  |TAMS 0x00000000e5d00000, 0x00000000e5d00000| Untracked 
|  94|0x00000000e5e00000, 0x00000000e5e00000, 0x00000000e5f00000|  0%| F|  |TAMS 0x00000000e5e00000, 0x00000000e5e00000| Untracked 
|  95|0x00000000e5f00000, 0x00000000e5f00000, 0x00000000e6000000|  0%| F|  |TAMS 0x00000000e5f00000, 0x00000000e5f00000| Untracked 
|  96|0x00000000e6000000, 0x00000000e6000000, 0x00000000e6100000|  0%| F|  |TAMS 0x00000000e6000000, 0x00000000e6000000| Untracked 
|  97|0x00000000e6100000, 0x00000000e6100000, 0x00000000e6200000|  0%| F|  |TAMS 0x00000000e6100000, 0x00000000e6100000| Untracked 
|  98|0x00000000e6200000, 0x00000000e6200000, 0x00000000e6300000|  0%| F|  |TAMS 0x00000000e6200000, 0x00000000e6200000| Untracked 
|  99|0x00000000e6300000, 0x00000000e6300000, 0x00000000e6400000|  0%| F|  |TAMS 0x00000000e6300000, 0x00000000e6300000| Untracked 
| 100|0x00000000e6400000, 0x00000000e6400000, 0x00000000e6500000|  0%| F|  |TAMS 0x00000000e6400000, 0x00000000e6400000| Untracked 
| 101|0x00000000e6500000, 0x00000000e6500000, 0x00000000e6600000|  0%| F|  |TAMS 0x00000000e6500000, 0x00000000e6500000| Untracked 
| 102|0x00000000e6600000, 0x00000000e6600000, 0x00000000e6700000|  0%| F|  |TAMS 0x00000000e6600000, 0x00000000e6600000| Untracked 
| 103|0x00000000e6700000, 0x00000000e6700000, 0x00000000e6800000|  0%| F|  |TAMS 0x00000000e6700000, 0x00000000e6700000| Untracked 
| 104|0x00000000e6800000, 0x00000000e6800000, 0x00000000e6900000|  0%| F|  |TAMS 0x00000000e6800000, 0x00000000e6800000| Untracked 
| 105|0x00000000e6900000, 0x00000000e6900000, 0x00000000e6a00000|  0%| F|  |TAMS 0x00000000e6900000, 0x00000000e6900000| Untracked 
| 106|0x00000000e6a00000, 0x00000000e6a00000, 0x00000000e6b00000|  0%| F|  |TAMS 0x00000000e6a00000, 0x00000000e6a00000| Untracked 
| 107|0x00000000e6b00000, 0x00000000e6b00000, 0x00000000e6c00000|  0%| F|  |TAMS 0x00000000e6b00000, 0x00000000e6b00000| Untracked 
| 108|0x00000000e6c00000, 0x00000000e6c00000, 0x00000000e6d00000|  0%| F|  |TAMS 0x00000000e6c00000, 0x00000000e6c00000| Untracked 
| 109|0x00000000e6d00000, 0x00000000e6d00000, 0x00000000e6e00000|  0%| F|  |TAMS 0x00000000e6d00000, 0x00000000e6d00000| Untracked 
| 110|0x00000000e6e00000, 0x00000000e6e00000, 0x00000000e6f00000|  0%| F|  |TAMS 0x00000000e6e00000, 0x00000000e6e00000| Untracked 
| 111|0x00000000e6f00000, 0x00000000e6f00000, 0x00000000e7000000|  0%| F|  |TAMS 0x00000000e6f00000, 0x00000000e6f00000| Untracked 
| 112|0x00000000e7000000, 0x00000000e7000000, 0x00000000e7100000|  0%| F|  |TAMS 0x00000000e7000000, 0x00000000e7000000| Untracked 
| 113|0x00000000e7100000, 0x00000000e7100000, 0x00000000e7200000|  0%| F|  |TAMS 0x00000000e7100000, 0x00000000e7100000| Untracked 
| 114|0x00000000e7200000, 0x00000000e7200000, 0x00000000e7300000|  0%| F|  |TAMS 0x00000000e7200000, 0x00000000e7200000| Untracked 
| 115|0x00000000e7300000, 0x00000000e7300000, 0x00000000e7400000|  0%| F|  |TAMS 0x00000000e7300000, 0x00000000e7300000| Untracked 
| 116|0x00000000e7400000, 0x00000000e7400000, 0x00000000e7500000|  0%| F|  |TAMS 0x00000000e7400000, 0x00000000e7400000| Untracked 
| 117|0x00000000e7500000, 0x00000000e7500000, 0x00000000e7600000|  0%| F|  |TAMS 0x00000000e7500000, 0x00000000e7500000| Untracked 
| 118|0x00000000e7600000, 0x00000000e7600000, 0x00000000e7700000|  0%| F|  |TAMS 0x00000000e7600000, 0x00000000e7600000| Untracked 
| 119|0x00000000e7700000, 0x00000000e7700000, 0x00000000e7800000|  0%| F|  |TAMS 0x00000000e7700000, 0x00000000e7700000| Untracked 
| 120|0x00000000e7800000, 0x00000000e7800000, 0x00000000e7900000|  0%| F|  |TAMS 0x00000000e7800000, 0x00000000e7800000| Untracked 
| 121|0x00000000e7900000, 0x00000000e7900000, 0x00000000e7a00000|  0%| F|  |TAMS 0x00000000e7900000, 0x00000000e7900000| Untracked 
| 122|0x00000000e7a00000, 0x00000000e7a00000, 0x00000000e7b00000|  0%| F|  |TAMS 0x00000000e7a00000, 0x00000000e7a00000| Untracked 
| 123|0x00000000e7b00000, 0x00000000e7b00000, 0x00000000e7c00000|  0%| F|  |TAMS 0x00000000e7b00000, 0x00000000e7b00000| Untracked 
| 124|0x00000000e7c00000, 0x00000000e7c00000, 0x00000000e7d00000|  0%| F|  |TAMS 0x00000000e7c00000, 0x00000000e7c00000| Untracked 
| 125|0x00000000e7d00000, 0x00000000e7d00000, 0x00000000e7e00000|  0%| F|  |TAMS 0x00000000e7d00000, 0x00000000e7d00000| Untracked 
| 126|0x00000000e7e00000, 0x00000000e7e00000, 0x00000000e7f00000|  0%| F|  |TAMS 0x00000000e7e00000, 0x00000000e7e00000| Untracked 
| 127|0x00000000e7f00000, 0x00000000e7f00000, 0x00000000e8000000|  0%| F|  |TAMS 0x00000000e7f00000, 0x00000000e7f00000| Untracked 
| 128|0x00000000e8000000, 0x00000000e8000000, 0x00000000e8100000|  0%| F|  |TAMS 0x00000000e8000000, 0x00000000e8000000| Untracked 
| 129|0x00000000e8100000, 0x00000000e8100000, 0x00000000e8200000|  0%| F|  |TAMS 0x00000000e8100000, 0x00000000e8100000| Untracked 
| 130|0x00000000e8200000, 0x00000000e8200000, 0x00000000e8300000|  0%| F|  |TAMS 0x00000000e8200000, 0x00000000e8200000| Untracked 
| 131|0x00000000e8300000, 0x00000000e8300000, 0x00000000e8400000|  0%| F|  |TAMS 0x00000000e8300000, 0x00000000e8300000| Untracked 
| 132|0x00000000e8400000, 0x00000000e8500000, 0x00000000e8500000|100%| S|CS|TAMS 0x00000000e8400000, 0x00000000e8400000| Complete 
| 133|0x00000000e8500000, 0x00000000e8600000, 0x00000000e8600000|100%| S|CS|TAMS 0x00000000e8500000, 0x00000000e8500000| Complete 
| 134|0x00000000e8600000, 0x00000000e8700000, 0x00000000e8700000|100%| S|CS|TAMS 0x00000000e8600000, 0x00000000e8600000| Complete 
| 135|0x00000000e8700000, 0x00000000e8800000, 0x00000000e8800000|100%| S|CS|TAMS 0x00000000e8700000, 0x00000000e8700000| Complete 
| 136|0x00000000e8800000, 0x00000000e8900000, 0x00000000e8900000|100%| S|CS|TAMS 0x00000000e8800000, 0x00000000e8800000| Complete 
| 137|0x00000000e8900000, 0x00000000e8a00000, 0x00000000e8a00000|100%| S|CS|TAMS 0x00000000e8900000, 0x00000000e8900000| Complete 
| 138|0x00000000e8a00000, 0x00000000e8b00000, 0x00000000e8b00000|100%| S|CS|TAMS 0x00000000e8a00000, 0x00000000e8a00000| Complete 
| 139|0x00000000e8b00000, 0x00000000e8c00000, 0x00000000e8c00000|100%| S|CS|TAMS 0x00000000e8b00000, 0x00000000e8b00000| Complete 
| 140|0x00000000e8c00000, 0x00000000e8d00000, 0x00000000e8d00000|100%| S|CS|TAMS 0x00000000e8c00000, 0x00000000e8c00000| Complete 
| 141|0x00000000e8d00000, 0x00000000e8e00000, 0x00000000e8e00000|100%| S|CS|TAMS 0x00000000e8d00000, 0x00000000e8d00000| Complete 
| 142|0x00000000e8e00000, 0x00000000e8f00000, 0x00000000e8f00000|100%| S|CS|TAMS 0x00000000e8e00000, 0x00000000e8e00000| Complete 
| 143|0x00000000e8f00000, 0x00000000e9000000, 0x00000000e9000000|100%| S|CS|TAMS 0x00000000e8f00000, 0x00000000e8f00000| Complete 
| 144|0x00000000e9000000, 0x00000000e9100000, 0x00000000e9100000|100%| S|CS|TAMS 0x00000000e9000000, 0x00000000e9000000| Complete 
| 145|0x00000000e9100000, 0x00000000e9200000, 0x00000000e9200000|100%| S|CS|TAMS 0x00000000e9100000, 0x00000000e9100000| Complete 
| 146|0x00000000e9200000, 0x00000000e9200000, 0x00000000e9300000|  0%| F|  |TAMS 0x00000000e9200000, 0x00000000e9200000| Untracked 
| 147|0x00000000e9300000, 0x00000000e9300000, 0x00000000e9400000|  0%| F|  |TAMS 0x00000000e9300000, 0x00000000e9300000| Untracked 
| 148|0x00000000e9400000, 0x00000000e9400000, 0x00000000e9500000|  0%| F|  |TAMS 0x00000000e9400000, 0x00000000e9400000| Untracked 
| 149|0x00000000e9500000, 0x00000000e9500000, 0x00000000e9600000|  0%| F|  |TAMS 0x00000000e9500000, 0x00000000e9500000| Untracked 
| 150|0x00000000e9600000, 0x00000000e9600000, 0x00000000e9700000|  0%| F|  |TAMS 0x00000000e9600000, 0x00000000e9600000| Untracked 
| 151|0x00000000e9700000, 0x00000000e9700000, 0x00000000e9800000|  0%| F|  |TAMS 0x00000000e9700000, 0x00000000e9700000| Untracked 
| 152|0x00000000e9800000, 0x00000000e9800000, 0x00000000e9900000|  0%| F|  |TAMS 0x00000000e9800000, 0x00000000e9800000| Untracked 
| 153|0x00000000e9900000, 0x00000000e9900000, 0x00000000e9a00000|  0%| F|  |TAMS 0x00000000e9900000, 0x00000000e9900000| Untracked 
| 154|0x00000000e9a00000, 0x00000000e9a00000, 0x00000000e9b00000|  0%| F|  |TAMS 0x00000000e9a00000, 0x00000000e9a00000| Untracked 
| 155|0x00000000e9b00000, 0x00000000e9b00000, 0x00000000e9c00000|  0%| F|  |TAMS 0x00000000e9b00000, 0x00000000e9b00000| Untracked 
| 156|0x00000000e9c00000, 0x00000000e9c00000, 0x00000000e9d00000|  0%| F|  |TAMS 0x00000000e9c00000, 0x00000000e9c00000| Untracked 
| 157|0x00000000e9d00000, 0x00000000e9d00000, 0x00000000e9e00000|  0%| F|  |TAMS 0x00000000e9d00000, 0x00000000e9d00000| Untracked 
| 158|0x00000000e9e00000, 0x00000000e9e00000, 0x00000000e9f00000|  0%| F|  |TAMS 0x00000000e9e00000, 0x00000000e9e00000| Untracked 
| 159|0x00000000e9f00000, 0x00000000e9f00000, 0x00000000ea000000|  0%| F|  |TAMS 0x00000000e9f00000, 0x00000000e9f00000| Untracked 
| 160|0x00000000ea000000, 0x00000000ea000000, 0x00000000ea100000|  0%| F|  |TAMS 0x00000000ea000000, 0x00000000ea000000| Untracked 
| 161|0x00000000ea100000, 0x00000000ea100000, 0x00000000ea200000|  0%| F|  |TAMS 0x00000000ea100000, 0x00000000ea100000| Untracked 
| 162|0x00000000ea200000, 0x00000000ea200000, 0x00000000ea300000|  0%| F|  |TAMS 0x00000000ea200000, 0x00000000ea200000| Untracked 
| 163|0x00000000ea300000, 0x00000000ea300000, 0x00000000ea400000|  0%| F|  |TAMS 0x00000000ea300000, 0x00000000ea300000| Untracked 
| 164|0x00000000ea400000, 0x00000000ea400000, 0x00000000ea500000|  0%| F|  |TAMS 0x00000000ea400000, 0x00000000ea400000| Untracked 
| 165|0x00000000ea500000, 0x00000000ea500000, 0x00000000ea600000|  0%| F|  |TAMS 0x00000000ea500000, 0x00000000ea500000| Untracked 
| 166|0x00000000ea600000, 0x00000000ea600000, 0x00000000ea700000|  0%| F|  |TAMS 0x00000000ea600000, 0x00000000ea600000| Untracked 
| 167|0x00000000ea700000, 0x00000000ea700000, 0x00000000ea800000|  0%| F|  |TAMS 0x00000000ea700000, 0x00000000ea700000| Untracked 
| 168|0x00000000ea800000, 0x00000000ea800000, 0x00000000ea900000|  0%| F|  |TAMS 0x00000000ea800000, 0x00000000ea800000| Untracked 
| 169|0x00000000ea900000, 0x00000000ea900000, 0x00000000eaa00000|  0%| F|  |TAMS 0x00000000ea900000, 0x00000000ea900000| Untracked 
| 170|0x00000000eaa00000, 0x00000000eaa00000, 0x00000000eab00000|  0%| F|  |TAMS 0x00000000eaa00000, 0x00000000eaa00000| Untracked 
| 171|0x00000000eab00000, 0x00000000eab00000, 0x00000000eac00000|  0%| F|  |TAMS 0x00000000eab00000, 0x00000000eab00000| Untracked 
| 172|0x00000000eac00000, 0x00000000eac00000, 0x00000000ead00000|  0%| F|  |TAMS 0x00000000eac00000, 0x00000000eac00000| Untracked 
| 173|0x00000000ead00000, 0x00000000ead00000, 0x00000000eae00000|  0%| F|  |TAMS 0x00000000ead00000, 0x00000000ead00000| Untracked 
| 174|0x00000000eae00000, 0x00000000eae00000, 0x00000000eaf00000|  0%| F|  |TAMS 0x00000000eae00000, 0x00000000eae00000| Untracked 
| 175|0x00000000eaf00000, 0x00000000eaf00000, 0x00000000eb000000|  0%| F|  |TAMS 0x00000000eaf00000, 0x00000000eaf00000| Untracked 
| 176|0x00000000eb000000, 0x00000000eb000000, 0x00000000eb100000|  0%| F|  |TAMS 0x00000000eb000000, 0x00000000eb000000| Untracked 
| 177|0x00000000eb100000, 0x00000000eb100000, 0x00000000eb200000|  0%| F|  |TAMS 0x00000000eb100000, 0x00000000eb100000| Untracked 
| 178|0x00000000eb200000, 0x00000000eb200000, 0x00000000eb300000|  0%| F|  |TAMS 0x00000000eb200000, 0x00000000eb200000| Untracked 
| 179|0x00000000eb300000, 0x00000000eb300000, 0x00000000eb400000|  0%| F|  |TAMS 0x00000000eb300000, 0x00000000eb300000| Untracked 
| 180|0x00000000eb400000, 0x00000000eb400000, 0x00000000eb500000|  0%| F|  |TAMS 0x00000000eb400000, 0x00000000eb400000| Untracked 
| 181|0x00000000eb500000, 0x00000000eb500000, 0x00000000eb600000|  0%| F|  |TAMS 0x00000000eb500000, 0x00000000eb500000| Untracked 
| 182|0x00000000eb600000, 0x00000000eb600000, 0x00000000eb700000|  0%| F|  |TAMS 0x00000000eb600000, 0x00000000eb600000| Untracked 
| 183|0x00000000eb700000, 0x00000000eb700000, 0x00000000eb800000|  0%| F|  |TAMS 0x00000000eb700000, 0x00000000eb700000| Untracked 
| 184|0x00000000eb800000, 0x00000000eb800000, 0x00000000eb900000|  0%| F|  |TAMS 0x00000000eb800000, 0x00000000eb800000| Untracked 
| 185|0x00000000eb900000, 0x00000000eb900000, 0x00000000eba00000|  0%| F|  |TAMS 0x00000000eb900000, 0x00000000eb900000| Untracked 
| 186|0x00000000eba00000, 0x00000000eba00000, 0x00000000ebb00000|  0%| F|  |TAMS 0x00000000eba00000, 0x00000000eba00000| Untracked 
| 187|0x00000000ebb00000, 0x00000000ebb00000, 0x00000000ebc00000|  0%| F|  |TAMS 0x00000000ebb00000, 0x00000000ebb00000| Untracked 
| 188|0x00000000ebc00000, 0x00000000ebc00000, 0x00000000ebd00000|  0%| F|  |TAMS 0x00000000ebc00000, 0x00000000ebc00000| Untracked 
| 189|0x00000000ebd00000, 0x00000000ebd00000, 0x00000000ebe00000|  0%| F|  |TAMS 0x00000000ebd00000, 0x00000000ebd00000| Untracked 
| 190|0x00000000ebe00000, 0x00000000ebe00000, 0x00000000ebf00000|  0%| F|  |TAMS 0x00000000ebe00000, 0x00000000ebe00000| Untracked 
| 191|0x00000000ebf00000, 0x00000000ebf00000, 0x00000000ec000000|  0%| F|  |TAMS 0x00000000ebf00000, 0x00000000ebf00000| Untracked 
| 192|0x00000000ec000000, 0x00000000ec000000, 0x00000000ec100000|  0%| F|  |TAMS 0x00000000ec000000, 0x00000000ec000000| Untracked 
| 193|0x00000000ec100000, 0x00000000ec100000, 0x00000000ec200000|  0%| F|  |TAMS 0x00000000ec100000, 0x00000000ec100000| Untracked 
| 194|0x00000000ec200000, 0x00000000ec200000, 0x00000000ec300000|  0%| F|  |TAMS 0x00000000ec200000, 0x00000000ec200000| Untracked 
| 195|0x00000000ec300000, 0x00000000ec300000, 0x00000000ec400000|  0%| F|  |TAMS 0x00000000ec300000, 0x00000000ec300000| Untracked 
| 196|0x00000000ec400000, 0x00000000ec400000, 0x00000000ec500000|  0%| F|  |TAMS 0x00000000ec400000, 0x00000000ec400000| Untracked 
| 197|0x00000000ec500000, 0x00000000ec580800, 0x00000000ec600000| 50%| E|  |TAMS 0x00000000ec500000, 0x00000000ec500000| Complete 
| 198|0x00000000ec600000, 0x00000000ec700000, 0x00000000ec700000|100%| E|CS|TAMS 0x00000000ec600000, 0x00000000ec600000| Complete 
| 199|0x00000000ec700000, 0x00000000ec800000, 0x00000000ec800000|100%| E|CS|TAMS 0x00000000ec700000, 0x00000000ec700000| Complete 
| 200|0x00000000ec800000, 0x00000000ec900000, 0x00000000ec900000|100%| E|CS|TAMS 0x00000000ec800000, 0x00000000ec800000| Complete 
| 201|0x00000000ec900000, 0x00000000eca00000, 0x00000000eca00000|100%| E|CS|TAMS 0x00000000ec900000, 0x00000000ec900000| Complete 
| 202|0x00000000eca00000, 0x00000000ecb00000, 0x00000000ecb00000|100%| E|CS|TAMS 0x00000000eca00000, 0x00000000eca00000| Complete 
| 203|0x00000000ecb00000, 0x00000000ecc00000, 0x00000000ecc00000|100%| E|CS|TAMS 0x00000000ecb00000, 0x00000000ecb00000| Complete 
| 204|0x00000000ecc00000, 0x00000000ecd00000, 0x00000000ecd00000|100%| E|CS|TAMS 0x00000000ecc00000, 0x00000000ecc00000| Complete 
| 205|0x00000000ecd00000, 0x00000000ece00000, 0x00000000ece00000|100%| E|CS|TAMS 0x00000000ecd00000, 0x00000000ecd00000| Complete 
| 206|0x00000000ece00000, 0x00000000ecf00000, 0x00000000ecf00000|100%| E|CS|TAMS 0x00000000ece00000, 0x00000000ece00000| Complete 
| 207|0x00000000ecf00000, 0x00000000ed000000, 0x00000000ed000000|100%| E|CS|TAMS 0x00000000ecf00000, 0x00000000ecf00000| Complete 
| 208|0x00000000ed000000, 0x00000000ed100000, 0x00000000ed100000|100%| E|CS|TAMS 0x00000000ed000000, 0x00000000ed000000| Complete 
| 209|0x00000000ed100000, 0x00000000ed200000, 0x00000000ed200000|100%| E|CS|TAMS 0x00000000ed100000, 0x00000000ed100000| Complete 
| 210|0x00000000ed200000, 0x00000000ed300000, 0x00000000ed300000|100%| E|CS|TAMS 0x00000000ed200000, 0x00000000ed200000| Complete 
| 211|0x00000000ed300000, 0x00000000ed400000, 0x00000000ed400000|100%| E|CS|TAMS 0x00000000ed300000, 0x00000000ed300000| Complete 
| 212|0x00000000ed400000, 0x00000000ed500000, 0x00000000ed500000|100%| E|CS|TAMS 0x00000000ed400000, 0x00000000ed400000| Complete 
| 213|0x00000000ed500000, 0x00000000ed600000, 0x00000000ed600000|100%| E|CS|TAMS 0x00000000ed500000, 0x00000000ed500000| Complete 
| 214|0x00000000ed600000, 0x00000000ed700000, 0x00000000ed700000|100%| E|CS|TAMS 0x00000000ed600000, 0x00000000ed600000| Complete 
| 215|0x00000000ed700000, 0x00000000ed800000, 0x00000000ed800000|100%| E|CS|TAMS 0x00000000ed700000, 0x00000000ed700000| Complete 
| 216|0x00000000ed800000, 0x00000000ed900000, 0x00000000ed900000|100%| E|CS|TAMS 0x00000000ed800000, 0x00000000ed800000| Complete 
| 217|0x00000000ed900000, 0x00000000eda00000, 0x00000000eda00000|100%| E|CS|TAMS 0x00000000ed900000, 0x00000000ed900000| Complete 
| 218|0x00000000eda00000, 0x00000000edb00000, 0x00000000edb00000|100%| E|CS|TAMS 0x00000000eda00000, 0x00000000eda00000| Complete 
| 219|0x00000000edb00000, 0x00000000edc00000, 0x00000000edc00000|100%| E|CS|TAMS 0x00000000edb00000, 0x00000000edb00000| Complete 
| 220|0x00000000edc00000, 0x00000000edd00000, 0x00000000edd00000|100%| E|CS|TAMS 0x00000000edc00000, 0x00000000edc00000| Complete 
| 221|0x00000000edd00000, 0x00000000ede00000, 0x00000000ede00000|100%| E|CS|TAMS 0x00000000edd00000, 0x00000000edd00000| Complete 
| 222|0x00000000ede00000, 0x00000000edf00000, 0x00000000edf00000|100%| E|CS|TAMS 0x00000000ede00000, 0x00000000ede00000| Complete 
| 223|0x00000000edf00000, 0x00000000ee000000, 0x00000000ee000000|100%| E|CS|TAMS 0x00000000edf00000, 0x00000000edf00000| Complete 
| 224|0x00000000ee000000, 0x00000000ee100000, 0x00000000ee100000|100%| E|CS|TAMS 0x00000000ee000000, 0x00000000ee000000| Complete 
| 225|0x00000000ee100000, 0x00000000ee200000, 0x00000000ee200000|100%| E|CS|TAMS 0x00000000ee100000, 0x00000000ee100000| Complete 
| 226|0x00000000ee200000, 0x00000000ee300000, 0x00000000ee300000|100%| E|CS|TAMS 0x00000000ee200000, 0x00000000ee200000| Complete 
| 227|0x00000000ee300000, 0x00000000ee400000, 0x00000000ee400000|100%| E|CS|TAMS 0x00000000ee300000, 0x00000000ee300000| Complete 
| 228|0x00000000ee400000, 0x00000000ee500000, 0x00000000ee500000|100%| E|CS|TAMS 0x00000000ee400000, 0x00000000ee400000| Complete 
| 229|0x00000000ee500000, 0x00000000ee600000, 0x00000000ee600000|100%| E|CS|TAMS 0x00000000ee500000, 0x00000000ee500000| Complete 
| 230|0x00000000ee600000, 0x00000000ee700000, 0x00000000ee700000|100%| E|CS|TAMS 0x00000000ee600000, 0x00000000ee600000| Complete 
| 231|0x00000000ee700000, 0x00000000ee800000, 0x00000000ee800000|100%| E|CS|TAMS 0x00000000ee700000, 0x00000000ee700000| Complete 
| 232|0x00000000ee800000, 0x00000000ee900000, 0x00000000ee900000|100%| E|CS|TAMS 0x00000000ee800000, 0x00000000ee800000| Complete 
| 233|0x00000000ee900000, 0x00000000eea00000, 0x00000000eea00000|100%| E|CS|TAMS 0x00000000ee900000, 0x00000000ee900000| Complete 
| 234|0x00000000eea00000, 0x00000000eeb00000, 0x00000000eeb00000|100%| E|CS|TAMS 0x00000000eea00000, 0x00000000eea00000| Complete 
| 235|0x00000000eeb00000, 0x00000000eec00000, 0x00000000eec00000|100%| E|CS|TAMS 0x00000000eeb00000, 0x00000000eeb00000| Complete 
| 236|0x00000000eec00000, 0x00000000eed00000, 0x00000000eed00000|100%| E|CS|TAMS 0x00000000eec00000, 0x00000000eec00000| Complete 
| 237|0x00000000eed00000, 0x00000000eee00000, 0x00000000eee00000|100%| E|CS|TAMS 0x00000000eed00000, 0x00000000eed00000| Complete 
| 238|0x00000000eee00000, 0x00000000eef00000, 0x00000000eef00000|100%| E|CS|TAMS 0x00000000eee00000, 0x00000000eee00000| Complete 
| 239|0x00000000eef00000, 0x00000000ef000000, 0x00000000ef000000|100%| E|CS|TAMS 0x00000000eef00000, 0x00000000eef00000| Complete 
| 240|0x00000000ef000000, 0x00000000ef100000, 0x00000000ef100000|100%| E|CS|TAMS 0x00000000ef000000, 0x00000000ef000000| Complete 
| 241|0x00000000ef100000, 0x00000000ef200000, 0x00000000ef200000|100%| E|CS|TAMS 0x00000000ef100000, 0x00000000ef100000| Complete 
| 242|0x00000000ef200000, 0x00000000ef300000, 0x00000000ef300000|100%| E|CS|TAMS 0x00000000ef200000, 0x00000000ef200000| Complete 
| 243|0x00000000ef300000, 0x00000000ef400000, 0x00000000ef400000|100%| E|CS|TAMS 0x00000000ef300000, 0x00000000ef300000| Complete 
| 244|0x00000000ef400000, 0x00000000ef500000, 0x00000000ef500000|100%| E|CS|TAMS 0x00000000ef400000, 0x00000000ef400000| Complete 
| 245|0x00000000ef500000, 0x00000000ef600000, 0x00000000ef600000|100%| E|CS|TAMS 0x00000000ef500000, 0x00000000ef500000| Complete 
| 246|0x00000000ef600000, 0x00000000ef700000, 0x00000000ef700000|100%| E|CS|TAMS 0x00000000ef600000, 0x00000000ef600000| Complete 
| 247|0x00000000ef700000, 0x00000000ef800000, 0x00000000ef800000|100%| E|CS|TAMS 0x00000000ef700000, 0x00000000ef700000| Complete 
| 248|0x00000000ef800000, 0x00000000ef900000, 0x00000000ef900000|100%| E|CS|TAMS 0x00000000ef800000, 0x00000000ef800000| Complete 
| 249|0x00000000ef900000, 0x00000000efa00000, 0x00000000efa00000|100%| E|CS|TAMS 0x00000000ef900000, 0x00000000ef900000| Complete 
| 250|0x00000000efa00000, 0x00000000efb00000, 0x00000000efb00000|100%| E|CS|TAMS 0x00000000efa00000, 0x00000000efa00000| Complete 
| 251|0x00000000efb00000, 0x00000000efc00000, 0x00000000efc00000|100%| E|CS|TAMS 0x00000000efb00000, 0x00000000efb00000| Complete 
| 252|0x00000000efc00000, 0x00000000efd00000, 0x00000000efd00000|100%| E|CS|TAMS 0x00000000efc00000, 0x00000000efc00000| Complete 
| 253|0x00000000efd00000, 0x00000000efe00000, 0x00000000efe00000|100%| E|CS|TAMS 0x00000000efd00000, 0x00000000efd00000| Complete 
| 254|0x00000000efe00000, 0x00000000eff00000, 0x00000000eff00000|100%| E|CS|TAMS 0x00000000efe00000, 0x00000000efe00000| Complete 
| 255|0x00000000eff00000, 0x00000000f0000000, 0x00000000f0000000|100%| E|CS|TAMS 0x00000000eff00000, 0x00000000eff00000| Complete 

Card table byte_map: [0x000002b8aa160000,0x000002b8aa260000] _byte_map_base: 0x000002b8a9a60000

Marking Bits (Prev, Next): (CMBitMap*) 0x000002b897472b50, (CMBitMap*) 0x000002b897472b18
 Prev Bits: [0x000002b8aab60000, 0x000002b8ab360000)
 Next Bits: [0x000002b8aa360000, 0x000002b8aab60000)

Polling page: 0x000002b8953e0000

Metaspace:

Usage:
  Non-class:     23.25 MB capacity,    23.00 MB ( 99%) used,   222.73 KB ( <1%) free+waste,    33.56 KB ( <1%) overhead. 
      Class:      2.83 MB capacity,     2.76 MB ( 97%) used,    64.45 KB (  2%) free+waste,    13.25 KB ( <1%) overhead. 
       Both:     26.09 MB capacity,    25.76 MB ( 99%) used,   287.17 KB (  1%) free+waste,    46.81 KB ( <1%) overhead. 

Virtual space:
  Non-class space:       24.00 MB reserved,      23.42 MB ( 98%) committed 
      Class space:        1.00 GB reserved,       2.88 MB ( <1%) committed 
             Both:        1.02 GB reserved,      26.30 MB (  3%) committed 

Chunk freelists:
   Non-Class:  45.00 KB
       Class:  10.00 KB
        Both:  55.00 KB

MaxMetaspaceSize: 17179869184.00 GB
CompressedClassSpaceSize: 1.00 GB

CodeHeap 'non-profiled nmethods': size=120064Kb used=2883Kb max_used=2883Kb free=117180Kb
 bounds [0x000002b8a2a10000, 0x000002b8a2cf0000, 0x000002b8a9f50000]
CodeHeap 'profiled nmethods': size=120000Kb used=22251Kb max_used=22251Kb free=97748Kb
 bounds [0x000002b89b4e0000, 0x000002b89caa0000, 0x000002b8a2a10000]
CodeHeap 'non-nmethods': size=5696Kb used=1138Kb max_used=1196Kb free=4557Kb
 bounds [0x000002b89af50000, 0x000002b89b1c0000, 0x000002b89b4e0000]
 total_blobs=4483 nmethods=4015 adapters=378
 compilation: enabled
              stopped_count=0, restarted_count=0
 full_count=0

Compilation events (20 events):
Event: 4.162 Thread 0x000002b8ae43d800 4500       2       net.bytebuddy.dynamic.scaffold.MethodGraph$Compiler$Default$Key$Store$Entry$Resolved$Node::$jacocoInit (52 bytes)
Event: 4.162 Thread 0x000002b8ae43d800 nmethod 4500 0x000002b89ca92c90 code [0x000002b89ca92e80, 0x000002b89ca93398]
Event: 4.163 Thread 0x000002b8ae43d800 4503       2       net.bytebuddy.dynamic.scaffold.MethodGraph$Compiler$Default$Key$Detached::$jacocoInit (52 bytes)
Event: 4.163 Thread 0x000002b8ae43d800 nmethod 4503 0x000002b89ca93590 code [0x000002b89ca93780, 0x000002b89ca93c98]
Event: 4.163 Thread 0x000002b8ae43d800 4504       2       net.bytebuddy.dynamic.scaffold.MethodGraph$Compiler$Default$Key$Harmonized::detach (179 bytes)
Event: 4.164 Thread 0x000002b8ae43d800 nmethod 4504 0x000002b89ca93e90 code [0x000002b89ca94220, 0x000002b89ca95648]
Event: 4.164 Thread 0x000002b8ae43d800 4505       2       net.bytebuddy.dynamic.scaffold.MethodGraph$Compiler$Default$Key$Detached::<init> (68 bytes)
Event: 4.164 Thread 0x000002b8ae43d800 nmethod 4505 0x000002b89ca96190 code [0x000002b89ca96420, 0x000002b89ca96dc8]
Event: 4.164 Thread 0x000002b8ae43d800 4506       2       java.util.HashMap::values (25 bytes)
Event: 4.164 Thread 0x000002b8ae43d800 nmethod 4506 0x000002b89ca97310 code [0x000002b89ca974c0, 0x000002b89ca976d8]
Event: 4.164 Thread 0x000002b8ae43d800 4507       2       java.util.HashMap$Values::iterator (12 bytes)
Event: 4.164 Thread 0x000002b8ae43d800 nmethod 4507 0x000002b89ca97790 code [0x000002b89ca97940, 0x000002b89ca97b28]
Event: 4.164 Thread 0x000002b8ae43d800 4508       2       java.util.HashMap$ValueIterator::<init> (11 bytes)
Event: 4.164 Thread 0x000002b8ae43d800 nmethod 4508 0x000002b89ca97c10 code [0x000002b89ca97dc0, 0x000002b89ca97f28]
Event: 4.165 Thread 0x000002b8ae43d800 4509       2       net.bytebuddy.dynamic.scaffold.MethodGraph$Compiler$Default$Key$Store$Entry$Resolved$Node::getRepresentative (32 bytes)
Event: 4.166 Thread 0x000002b8ae43d800 nmethod 4509 0x000002b89ca98010 code [0x000002b89ca98220, 0x000002b89ca98638]
Event: 4.166 Thread 0x000002b8ae43d800 4512       2       net.bytebuddy.dynamic.scaffold.MethodGraph$Compiler$Default$Key$Store$Entry$Resolved::asNode (63 bytes)
Event: 4.166 Thread 0x000002b8ae43d800 nmethod 4512 0x000002b89ca98890 code [0x000002b89ca98ac0, 0x000002b89ca98fe8]
Event: 4.166 Thread 0x000002b8ae43d800 4513       2       net.bytebuddy.dynamic.scaffold.MethodGraph$Compiler$Default$Key$Store$Entry$Resolved$Node::<init> (122 bytes)
Event: 4.167 Thread 0x000002b8ae43d800 nmethod 4513 0x000002b89ca99390 code [0x000002b89ca996c0, 0x000002b89ca9a898]

GC Heap History (12 events):
Event: 0.364 GC heap before
{Heap before GC invocations=0 (full 0):
 garbage-first heap   total 262144K, used 22528K [0x00000000e0000000, 0x0000000100000000)
  region size 1024K, 22 young (22528K), 0 survivors (0K)
 Metaspace       used 9865K, capacity 10063K, committed 10240K, reserved 1058816K
  class space    used 867K, capacity 924K, committed 1024K, reserved 1048576K
}
Event: 0.370 GC heap after
{Heap after GC invocations=1 (full 0):
 garbage-first heap   total 262144K, used 8625K [0x00000000e0000000, 0x0000000100000000)
  region size 1024K, 3 young (3072K), 3 survivors (3072K)
 Metaspace       used 9865K, capacity 10063K, committed 10240K, reserved 1058816K
  class space    used 867K, capacity 924K, committed 1024K, reserved 1048576K
}
Event: 0.674 GC heap before
{Heap before GC invocations=1 (full 0):
 garbage-first heap   total 262144K, used 32177K [0x00000000e0000000, 0x0000000100000000)
  region size 1024K, 26 young (26624K), 3 survivors (3072K)
 Metaspace       used 11698K, capacity 11929K, committed 12160K, reserved 1060864K
  class space    used 1041K, capacity 1098K, committed 1152K, reserved 1048576K
}
Event: 0.676 GC heap after
{Heap after GC invocations=2 (full 0):
 garbage-first heap   total 262144K, used 10562K [0x00000000e0000000, 0x0000000100000000)
  region size 1024K, 2 young (2048K), 2 survivors (2048K)
 Metaspace       used 11698K, capacity 11929K, committed 12160K, reserved 1060864K
  class space    used 1041K, capacity 1098K, committed 1152K, reserved 1048576K
}
Event: 1.115 GC heap before
{Heap before GC invocations=2 (full 0):
 garbage-first heap   total 262144K, used 46402K [0x00000000e0000000, 0x0000000100000000)
  region size 1024K, 37 young (37888K), 2 survivors (2048K)
 Metaspace       used 15256K, capacity 15600K, committed 15744K, reserved 1062912K
  class space    used 1476K, capacity 1591K, committed 1664K, reserved 1048576K
}
Event: 1.117 GC heap after
{Heap after GC invocations=3 (full 0):
 garbage-first heap   total 262144K, used 11604K [0x00000000e0000000, 0x0000000100000000)
  region size 1024K, 3 young (3072K), 3 survivors (3072K)
 Metaspace       used 15256K, capacity 15600K, committed 15744K, reserved 1062912K
  class space    used 1476K, capacity 1591K, committed 1664K, reserved 1048576K
}
Event: 1.835 GC heap before
{Heap before GC invocations=3 (full 0):
 garbage-first heap   total 262144K, used 69972K [0x00000000e0000000, 0x0000000100000000)
  region size 1024K, 60 young (61440K), 3 survivors (3072K)
 Metaspace       used 18369K, capacity 18621K, committed 18816K, reserved 1067008K
  class space    used 1824K, capacity 1897K, committed 1920K, reserved 1048576K
}
Event: 1.840 GC heap after
{Heap after GC invocations=4 (full 0):
 garbage-first heap   total 262144K, used 13612K [0x00000000e0000000, 0x0000000100000000)
  region size 1024K, 5 young (5120K), 5 survivors (5120K)
 Metaspace       used 18369K, capacity 18621K, committed 18816K, reserved 1067008K
  class space    used 1824K, capacity 1897K, committed 1920K, reserved 1048576K
}
Event: 2.365 GC heap before
{Heap before GC invocations=4 (full 0):
 garbage-first heap   total 262144K, used 80172K [0x00000000e0000000, 0x0000000100000000)
  region size 1024K, 71 young (72704K), 5 survivors (5120K)
 Metaspace       used 20848K, capacity 21094K, committed 21296K, reserved 1069056K
  class space    used 2223K, capacity 2315K, committed 2432K, reserved 1048576K
}
Event: 2.368 GC heap after
{Heap after GC invocations=5 (full 0):
 garbage-first heap   total 262144K, used 17577K [0x00000000e0000000, 0x0000000100000000)
  region size 1024K, 9 young (9216K), 9 survivors (9216K)
 Metaspace       used 20848K, capacity 21094K, committed 21296K, reserved 1069056K
  class space    used 2223K, capacity 2315K, committed 2432K, reserved 1048576K
}
Event: 3.196 GC heap before
{Heap before GC invocations=6 (full 0):
 garbage-first heap   total 262144K, used 121001K [0x00000000e0000000, 0x0000000100000000)
  region size 1024K, 110 young (112640K), 9 survivors (9216K)
 Metaspace       used 24707K, capacity 25061K, committed 25264K, reserved 1071104K
  class space    used 2697K, capacity 2802K, committed 2816K, reserved 1048576K
}
Event: 3.202 GC heap after
{Heap after GC invocations=7 (full 0):
 garbage-first heap   total 262144K, used 25715K [0x00000000e0000000, 0x0000000100000000)
  region size 1024K, 14 young (14336K), 14 survivors (14336K)
 Metaspace       used 24707K, capacity 25061K, committed 25264K, reserved 1071104K
  class space    used 2697K, capacity 2802K, committed 2816K, reserved 1048576K
}

Deoptimization events (20 events):
Event: 3.810 Thread 0x000002b8b2402000 DEOPT PACKING pc=0x000002b8a2c406d0 sp=0x000000c5070f96c0
Event: 3.810 Thread 0x000002b8b2402000 DEOPT UNPACKING pc=0x000002b89af7662f sp=0x000000c5070f9680 mode 2
Event: 3.810 Thread 0x000002b8b2402000 Uncommon trap: trap_request=0xffffff4d fr.pc=0x000002b8a2c597a8 relative=0x00000000000001c8
Event: 3.810 Thread 0x000002b8b2402000 Uncommon trap: reason=unstable_if action=reinterpret pc=0x000002b8a2c597a8 method=net.bytebuddy.implementation.bytecode.StackSize.of(Ljava/lang/Class;)Lnet/bytebuddy/implementation/bytecode/StackSize; @ 76 c2
Event: 3.810 Thread 0x000002b8b2402000 DEOPT PACKING pc=0x000002b8a2c597a8 sp=0x000000c5070f9620
Event: 3.810 Thread 0x000002b8b2402000 DEOPT UNPACKING pc=0x000002b89af7662f sp=0x000000c5070f95b8 mode 2
Event: 3.811 Thread 0x000002b8b2402000 Uncommon trap: trap_request=0xffffff4d fr.pc=0x000002b8a2c6652c relative=0x0000000000000c2c
Event: 3.811 Thread 0x000002b8b2402000 Uncommon trap: reason=unstable_if action=reinterpret pc=0x000002b8a2c6652c method=net.bytebuddy.implementation.bytecode.StackSize.of(I)Lnet/bytebuddy/implementation/bytecode/StackSize; @ 23 c2
Event: 3.811 Thread 0x000002b8b2402000 DEOPT PACKING pc=0x000002b8a2c6652c sp=0x000000c5070f80e0
Event: 3.811 Thread 0x000002b8b2402000 DEOPT UNPACKING pc=0x000002b89af7662f sp=0x000000c5070f8040 mode 2
Event: 3.951 Thread 0x000002b8b2402000 DEOPT PACKING pc=0x000002b89b4e1902 sp=0x000000c5070faff0
Event: 3.951 Thread 0x000002b8b2402000 DEOPT UNPACKING pc=0x000002b89af76dde sp=0x000000c5070fa460 mode 0
Event: 3.984 Thread 0x000002b8b2402000 DEOPT PACKING pc=0x000002b89b4e02ea sp=0x000000c5070f96a0
Event: 3.985 Thread 0x000002b8b2402000 DEOPT UNPACKING pc=0x000002b89af76dde sp=0x000000c5070f8b10 mode 0
Event: 3.992 Thread 0x000002b8b2402000 DEOPT PACKING pc=0x000002b89b4e9437 sp=0x000000c5070f8210
Event: 3.992 Thread 0x000002b8b2402000 DEOPT UNPACKING pc=0x000002b89af76dde sp=0x000000c5070f76b0 mode 0
Event: 3.993 Thread 0x000002b8b2402000 DEOPT PACKING pc=0x000002b89b4e084f sp=0x000000c5070fb2c0
Event: 3.993 Thread 0x000002b8b2402000 DEOPT UNPACKING pc=0x000002b89af76dde sp=0x000000c5070fa760 mode 0
Event: 4.059 Thread 0x000002b8b2402000 DEOPT PACKING pc=0x000002b89bb1d7ea sp=0x000000c5070f8a60
Event: 4.059 Thread 0x000002b8b2402000 DEOPT UNPACKING pc=0x000002b89af76dde sp=0x000000c5070f7fd8 mode 0

Classes redefined (20 events):
Event: 3.924 Thread 0x000002b8ae3e6000 redefined class name=android.arch.lifecycle.LifecycleOwner, count=1
Event: 3.925 Thread 0x000002b8ae3e6000 redefined class name=android.support.v7.app.AppCompatActivity, count=2
Event: 3.926 Thread 0x000002b8ae3e6000 redefined class name=android.support.v4.app.ActivityCompat$OnRequestPermissionsResultCallback, count=1
Event: 3.926 Thread 0x000002b8ae3e6000 redefined class name=android.view.Window$Callback, count=1
Event: 3.927 Thread 0x000002b8ae3e6000 redefined class name=android.support.v7.app.ActionBarDrawerToggle$DelegateProvider, count=1
Event: 3.928 Thread 0x000002b8ae3e6000 redefined class name=android.app.Activity, count=2
Event: 3.929 Thread 0x000002b8ae3e6000 redefined class name=android.content.Context, count=1
Event: 3.930 Thread 0x000002b8ae3e6000 redefined class name=android.support.v4.app.SupportActivity, count=4
Event: 3.931 Thread 0x000002b8ae3e6000 redefined class name=android.content.ContextWrapper, count=2
Event: 3.933 Thread 0x000002b8ae3e6000 redefined class name=java.lang.Object, count=1
Event: 3.934 Thread 0x000002b8ae3e6000 redefined class name=android.support.v4.app.TaskStackBuilder$SupportParentable, count=2
Event: 3.935 Thread 0x000002b8ae3e6000 redefined class name=android.support.v4.app.ActivityCompat$RequestPermissionsRequestCodeValidator, count=2
Event: 3.935 Thread 0x000002b8ae3e6000 redefined class name=android.view.View$OnCreateContextMenuListener, count=2
Event: 3.936 Thread 0x000002b8ae3e6000 redefined class name=android.support.v4.app.FragmentActivity, count=7
Event: 3.937 Thread 0x000002b8ae3e6000 redefined class name=android.view.LayoutInflater$Factory2, count=2
Event: 3.937 Thread 0x000002b8ae3e6000 redefined class name=android.arch.lifecycle.ViewModelStoreOwner, count=2
Event: 3.938 Thread 0x000002b8ae3e6000 redefined class name=android.support.v4.view.KeyEventDispatcher$Component, count=2
Event: 3.938 Thread 0x000002b8ae3e6000 redefined class name=android.content.ComponentCallbacks, count=2
Event: 3.939 Thread 0x000002b8ae3e6000 redefined class name=android.support.v7.app.AppCompatCallback, count=2
Event: 3.940 Thread 0x000002b8ae3e6000 redefined class name=android.view.KeyEvent$Callback, count=2

Internal exceptions (19 events):
Event: 0.182 Thread 0x000002b89745b000 Exception <a 'java/security/PrivilegedActionException'{0x00000000efc63d98}> (0x00000000efc63d98) thrown at [./src/hotspot/share/prims/jvm.cpp, line 1306]
Event: 0.182 Thread 0x000002b89745b000 Exception <a 'java/security/PrivilegedActionException'{0x00000000efc64068}> (0x00000000efc64068) thrown at [./src/hotspot/share/prims/jvm.cpp, line 1306]
Event: 0.231 Thread 0x000002b89745b000 Exception <a 'java/security/PrivilegedActionException'{0x00000000ef68f0d0}> (0x00000000ef68f0d0) thrown at [./src/hotspot/share/prims/jvm.cpp, line 1306]
Event: 0.231 Thread 0x000002b89745b000 Exception <a 'java/security/PrivilegedActionException'{0x00000000ef68f3a0}> (0x00000000ef68f3a0) thrown at [./src/hotspot/share/prims/jvm.cpp, line 1306]
Event: 0.326 Thread 0x000002b89745b000 Exception <a 'java/lang/NoSuchMethodError'{0x00000000eee95380}: 'int java.lang.invoke.DirectMethodHandle$Holder.invokeSpecialIFC(java.lang.Object, java.lang.Object, int)'> (0x00000000eee95380) thrown at [./src/hotspot/share/interpreter/linkResolver.cpp, line 773]
Event: 0.828 Thread 0x000002b89745b000 Exception <a 'java/lang/NoSuchMethodError'{0x00000000ef473878}: <clinit>> (0x00000000ef473878) thrown at [./src/hotspot/share/prims/jni.cpp, line 1362]
Event: 0.829 Thread 0x000002b89745b000 Exception <a 'java/lang/NoSuchMethodError'{0x00000000ef47d2a8}: <clinit>> (0x00000000ef47d2a8) thrown at [./src/hotspot/share/prims/jni.cpp, line 1362]
Event: 0.830 Thread 0x000002b89745b000 Exception <a 'java/lang/NoSuchMethodError'{0x00000000ef486e58}: <clinit>> (0x00000000ef486e58) thrown at [./src/hotspot/share/prims/jni.cpp, line 1362]
Event: 0.968 Thread 0x000002b89745b000 Exception <a 'java/lang/NoSuchMethodError'{0x00000000ee79a888}: 'java.lang.Object java.lang.invoke.DirectMethodHandle$Holder.invokeVirtual(java.lang.Object, java.lang.Object, java.lang.Object, java.lang.Object, java.lang.Object)'> (0x00000000ee79a888) thrown at [./src/hotspot/share/interpreter/linkResolver.cpp, line 773]
Event: 1.048 Thread 0x000002b89745b000 Exception <a 'java/lang/NoSuchMethodError'{0x00000000edd7c6b0}: 'java.lang.Object java.lang.invoke.DirectMethodHandle$Holder.invokeStaticInit(java.lang.Object, int, int, int, int)'> (0x00000000edd7c6b0) thrown at [./src/hotspot/share/interpreter/linkResolver.cpp, line 773]
Event: 1.101 Thread 0x000002b89745b000 Exception <a 'java/lang/NoSuchMethodError'{0x00000000edca7a98}: 'java.lang.Object java.lang.invoke.DirectMethodHandle$Holder.invokeStaticInit(java.lang.Object, java.lang.Object, int, int, int, int)'> (0x00000000edca7a98) thrown at [./src/hotspot/share/interpreter/linkResolver.cpp, line 773]
Event: 1.438 Thread 0x000002b8b2402000 Exception <a 'java/lang/reflect/InvocationTargetException'{0x00000000ed52b820}> (0x00000000ed52b820) thrown at [./src/hotspot/share/runtime/reflection.cpp, line 1247]
Event: 1.439 Thread 0x000002b8b2402000 Exception <a 'java/lang/NoSuchMethodError'{0x00000000ed537988}: 'java.lang.Object java.lang.invoke.DirectMethodHandle$Holder.invokeStaticInit(java.lang.Object, java.lang.Object, long, java.lang.Object)'> (0x00000000ed537988) thrown at [./src/hotspot/share/interpreter/linkResolver.cpp, line 773]
Event: 1.440 Thread 0x000002b8b2402000 Exception <a 'java/lang/NoSuchMethodError'{0x00000000ed543c18}: 'java.lang.Object java.lang.invoke.Invokers$Holder.linkToTargetMethod(java.lang.Object, long, java.lang.Object)'> (0x00000000ed543c18) thrown at [./src/hotspot/share/interpreter/linkResolver.cpp, line 773]
Event: 1.452 Thread 0x000002b8b2402000 Exception <a 'java/lang/NoSuchMethodError'{0x00000000ed4528b0}: 'void java.lang.invoke.DirectMethodHandle$Holder.invokeStatic(java.lang.Object, long)'> (0x00000000ed4528b0) thrown at [./src/hotspot/share/interpreter/linkResolver.cpp, line 773]
Event: 1.452 Thread 0x000002b8b2402000 Exception <a 'java/lang/NoSuchMethodError'{0x00000000ed457d68}: 'java.lang.Object java.lang.invoke.DirectMethodHandle$Holder.invokeStatic(java.lang.Object, long)'> (0x00000000ed457d68) thrown at [./src/hotspot/share/interpreter/linkResolver.cpp, line 773]
Event: 1.452 Thread 0x000002b8b2402000 Exception <a 'java/lang/NoSuchMethodError'{0x00000000ed45b338}: 'java.lang.Object java.lang.invoke.DirectMethodHandle$Holder.invokeSpecial(java.lang.Object, java.lang.Object, long)'> (0x00000000ed45b338) thrown at [./src/hotspot/share/interpreter/linkResolver.cpp, line 773]
Event: 1.452 Thread 0x000002b8b2402000 Exception <a 'java/lang/NoSuchMethodError'{0x00000000ed45e348}: 'java.lang.Object java.lang.invoke.Invokers$Holder.linkToTargetMethod(long, java.lang.Object)'> (0x00000000ed45e348) thrown at [./src/hotspot/share/interpreter/linkResolver.cpp, line 773]
Event: 2.486 Thread 0x000002b8b2402000 Exception <a 'java/lang/ClassNotFoundException'{0x00000000ef006580}: java/lang/ClassLoader$ByteBuddyAccessor$mpwLHtkU> (0x00000000ef006580) thrown at [./src/hotspot/share/classfile/systemDictionary.cpp, line 231]

Events (20 events):
Event: 4.024 loading class org/mockito/internal/progress/MockingProgressImpl$1
Event: 4.024 loading class org/mockito/internal/progress/MockingProgressImpl$1 done
Event: 4.026 loading class org/mockito/internal/debugging/LocationImpl
Event: 4.026 loading class org/mockito/internal/debugging/LocationImpl done
Event: 4.029 loading class org/mockito/internal/exceptions/stacktrace/StackTraceFilter
Event: 4.029 loading class org/mockito/internal/exceptions/stacktrace/StackTraceFilter done
Event: 4.032 loading class org/mockito/exceptions/stacktrace/StackTraceCleaner
Event: 4.032 loading class org/mockito/exceptions/stacktrace/StackTraceCleaner done
Event: 4.033 loading class org/mockito/internal/exceptions/stacktrace/DefaultStackTraceCleaner
Event: 4.033 loading class org/mockito/internal/exceptions/stacktrace/DefaultStackTraceCleaner done
Event: 4.038 loading class org/mockito/internal/stubbing/StubberImpl
Event: 4.038 loading class org/mockito/internal/stubbing/StubberImpl done
Event: 4.047 loading class net/bytebuddy/description/annotation/AnnotationSource$Empty
Event: 4.047 loading class net/bytebuddy/description/annotation/AnnotationSource$Empty done
Event: 4.058 loading class net/bytebuddy/description/type/TypeDescription$Generic$AnnotationReader$ForTypeVariableBoundType
Event: 4.058 loading class net/bytebuddy/description/type/TypeDescription$Generic$AnnotationReader$ForTypeVariableBoundType done
Event: 4.063 loading class java/lang/reflect/AnnotatedTypeVariable
Event: 4.063 loading class java/lang/reflect/AnnotatedTypeVariable done
Event: 4.156 Executing VM operation: ICBufferFull
Event: 4.156 Executing VM operation: ICBufferFull done


Dynamic libraries:
0x00007ff74bcb0000 - 0x00007ff74bcba000 	C:\Program Files\Android\Android Studio\jre\bin\java.exe
0x00007fff17c30000 - 0x00007fff17e25000 	C:\Windows\SYSTEM32\ntdll.dll
0x00007fff16220000 - 0x00007fff162de000 	C:\Windows\System32\KERNEL32.DLL
0x00007fff157f0000 - 0x00007fff15ab8000 	C:\Windows\System32\KERNELBASE.dll
0x00007fff15340000 - 0x00007fff15440000 	C:\Windows\System32\ucrtbase.dll
0x00007fff00ea0000 - 0x00007fff00eb9000 	C:\Program Files\Android\Android Studio\jre\bin\jli.dll
0x00007ffeff460000 - 0x00007ffeff477000 	C:\Program Files\Android\Android Studio\jre\bin\VCRUNTIME140.dll
0x00007fff17990000 - 0x00007fff17b31000 	C:\Windows\System32\USER32.dll
0x00007fff157c0000 - 0x00007fff157e2000 	C:\Windows\System32\win32u.dll
0x00007fff16490000 - 0x00007fff164bb000 	C:\Windows\System32\GDI32.dll
0x00007fff03920000 - 0x00007fff03bba000 	C:\Windows\WinSxS\amd64_microsoft.windows.common-controls_6595b64144ccf1df_6.0.19041.1110_none_60b5254171f9507e\COMCTL32.dll
0x00007fff15680000 - 0x00007fff1578d000 	C:\Windows\System32\gdi32full.dll
0x00007fff15440000 - 0x00007fff154dd000 	C:\Windows\System32\msvcp_win.dll
0x00007fff16120000 - 0x00007fff161be000 	C:\Windows\System32\msvcrt.dll
0x00007fff15c70000 - 0x00007fff15ca0000 	C:\Windows\System32\IMM32.DLL
0x00007ffefe4c0000 - 0x00007ffefe55d000 	C:\Program Files\Android\Android Studio\jre\bin\msvcp140.dll
0x00007ffed9780000 - 0x00007ffeda255000 	C:\Program Files\Android\Android Studio\jre\bin\server\jvm.dll
0x00007fff162e0000 - 0x00007fff1638e000 	C:\Windows\System32\ADVAPI32.dll
0x00007fff172c0000 - 0x00007fff1735c000 	C:\Windows\System32\sechost.dll
0x00007fff17860000 - 0x00007fff17985000 	C:\Windows\System32\RPCRT4.dll
0x00007fff16480000 - 0x00007fff16488000 	C:\Windows\System32\PSAPI.DLL
0x00007ffeff900000 - 0x00007ffeff909000 	C:\Windows\SYSTEM32\WSOCK32.dll
0x00007fff082a0000 - 0x00007fff082c7000 	C:\Windows\SYSTEM32\WINMM.dll
0x00007fff16c10000 - 0x00007fff16c7b000 	C:\Windows\System32\WS2_32.dll
0x00007fff10cb0000 - 0x00007fff10cba000 	C:\Windows\SYSTEM32\VERSION.dll
0x00007fff13250000 - 0x00007fff13262000 	C:\Windows\SYSTEM32\kernel.appcore.dll
0x00007fff10a10000 - 0x00007fff10a21000 	C:\Program Files\Android\Android Studio\jre\bin\verify.dll
0x00007fff07960000 - 0x00007fff07b44000 	C:\Windows\SYSTEM32\DBGHELP.DLL
0x00007ffef4e70000 - 0x00007ffef4e9c000 	C:\Windows\SYSTEM32\dbgcore.DLL
0x00007fff15540000 - 0x00007fff155c2000 	C:\Windows\System32\bcryptPrimitives.dll
0x00007fff10780000 - 0x00007fff107a9000 	C:\Program Files\Android\Android Studio\jre\bin\java.dll
0x00007fff10a00000 - 0x00007fff10a0b000 	C:\Program Files\Android\Android Studio\jre\bin\jimage.dll
0x00007ffeff450000 - 0x00007ffeff45f000 	C:\Program Files\Android\Android Studio\jre\bin\instrument.dll
0x00007fff0d520000 - 0x00007fff0d538000 	C:\Program Files\Android\Android Studio\jre\bin\zip.dll
0x00007fff164c0000 - 0x00007fff16c04000 	C:\Windows\System32\SHELL32.dll
0x00007fff13450000 - 0x00007fff13be5000 	C:\Windows\SYSTEM32\windows.storage.dll
0x00007fff16c80000 - 0x00007fff16fd5000 	C:\Windows\System32\combase.dll
0x00007fff14cc0000 - 0x00007fff14cee000 	C:\Windows\SYSTEM32\Wldp.dll
0x00007fff17520000 - 0x00007fff175cd000 	C:\Windows\System32\SHCORE.dll
0x00007fff161c0000 - 0x00007fff16215000 	C:\Windows\System32\shlwapi.dll
0x00007fff15280000 - 0x00007fff1529f000 	C:\Windows\SYSTEM32\profapi.dll
0x00007fff0d4a0000 - 0x00007fff0d4ba000 	C:\Program Files\Android\Android Studio\jre\bin\net.dll
0x00007fff0bbf0000 - 0x00007fff0bcfc000 	C:\Windows\SYSTEM32\WINHTTP.dll
0x00007fff14a20000 - 0x00007fff14a8a000 	C:\Windows\system32\mswsock.dll
0x00007ffefff30000 - 0x00007ffefff44000 	C:\Program Files\Android\Android Studio\jre\bin\nio.dll
0x00007ffef2ea0000 - 0x00007ffef2eb7000 	C:\Windows\system32\napinsp.dll
0x00007ffef2e80000 - 0x00007ffef2e9b000 	C:\Windows\system32\pnrpnsp.dll
0x00007fff0f3a0000 - 0x00007fff0f3b5000 	C:\Windows\system32\wshbth.dll
0x00007fff10ea0000 - 0x00007fff10ebd000 	C:\Windows\system32\NLAapi.dll
0x00007fff14710000 - 0x00007fff1474b000 	C:\Windows\SYSTEM32\IPHLPAPI.DLL
0x00007fff14750000 - 0x00007fff1481b000 	C:\Windows\SYSTEM32\DNSAPI.dll
0x00007fff17360000 - 0x00007fff17368000 	C:\Windows\System32\NSI.dll
0x00007ffef2e40000 - 0x00007ffef2e52000 	C:\Windows\System32\winrnr.dll
0x0000000066030000 - 0x0000000066056000 	C:\Program Files\Bonjour\mdnsNSP.dll
0x00007fff03db0000 - 0x00007fff03dba000 	C:\Windows\System32\rasadhlp.dll
0x00007fff02d40000 - 0x00007fff02dbf000 	C:\Windows\System32\fwpuclnt.dll
0x00007fff15790000 - 0x00007fff157b7000 	C:\Windows\System32\bcrypt.dll
0x00007fff14c10000 - 0x00007fff14c28000 	C:\Windows\SYSTEM32\CRYPTSP.dll
0x00007fff143a0000 - 0x00007fff143d4000 	C:\Windows\system32\rsaenh.dll
0x00007fff15240000 - 0x00007fff1526e000 	C:\Windows\SYSTEM32\USERENV.dll
0x00007fff14c30000 - 0x00007fff14c3c000 	C:\Windows\SYSTEM32\CRYPTBASE.dll
0x00007fff0cf90000 - 0x00007fff0cfa7000 	C:\Windows\SYSTEM32\dhcpcsvc6.DLL
0x00007fff0cf70000 - 0x00007fff0cf8d000 	C:\Windows\SYSTEM32\dhcpcsvc.DLL

dbghelp: loaded successfully - version: 4.0.5 - missing functions: none
symbol engine: initialized successfully - sym options: 0x614 - pdb path: .;C:\Program Files\Android\Android Studio\jre\bin;C:\Windows\SYSTEM32;C:\Windows\WinSxS\amd64_microsoft.windows.common-controls_6595b64144ccf1df_6.0.19041.1110_none_60b5254171f9507e;C:\Program Files\Android\Android Studio\jre\bin\server;C:\Program Files\Bonjour

VM Arguments:
jvm_args: -Djava.awt.headless=true -Dorg.gradle.native=false -javaagent:C:\Users\Emanuele\AppData\Local\Google\AndroidStudio2021.1\testAgent\intellij-coverage-agent-1.0.579.jar=C:\Users\Emanuele\AppData\Local\Temp\coverage5735args -javaagent:build/tmp/expandedArchives/org.jacoco.agent-0.8.3.jar_4b57cf550318c2dfec984d52b9993337/jacocoagent.jar=destfile=build/jacoco/testDebugUnitTest.exec,append=true,inclnolocationclasses=false,dumponexit=true,output=file,jmx=false -Xmx512m -Dfile.encoding=windows-1252 -Duser.country=IT -Duser.language=it -Duser.variant -ea 
java_command: worker.org.gradle.process.internal.worker.GradleWorkerMain 'Gradle Test Executor 6'
java_class_path (initial): C:\\Users\\Emanuele\\.gradle\\caches\\5.4.1\\workerMain\\gradle-worker.jar;D:\\UNISA\\Images-to-PDF-8.8.1\\app\\build\\intermediates\\unit_test_config_directory\\debugUnitTest\\out;D:\\UNISA\\Images-to-PDF-8.8.1\\app\\build\\intermediates\\javac\\debugUnitTest\\classes;D:\\UNISA\\Images-to-PDF-8.8.1\\app\\build\\intermediates\\sourceFolderJavaResources\\test\\debug;D:\\UNISA\\Images-to-PDF-8.8.1\\app\\libs\\aspose-cells-19.3-android.via.java.jar;C:\\Users\\Emanuele\\.gradle\\caches\\modules-2\\files-2.1\\junit\\junit\\4.12\\2973d150c0dc1fefe998f834810d68f278ea58ec\\junit-4.12.jar;C:\\Users\\Emanuele\\.gradle\\caches\\transforms-2\\files-2.1\\7b6909b64f48938995ae3ed4e82d21fb\\design-28.0.0\\jars\\classes.jar;C:\\Users\\Emanuele\\.gradle\\caches\\transforms-2\\files-2.1\\651251c562687d258463be1acb29cef2\\preference-v7-28.0.0\\jars\\classes.jar;C:\\Users\\Emanuele\\.gradle\\caches\\transforms-2\\files-2.1\\486df71dc6ed74dea0b4255c79b1f7bb\\android-morphing-button-98a4986e56\\jars\\classes.jar;C:\\Users\\Emanuele\\.gradle\\caches\\transforms-2\\files-2.1\\e0b8729a29a97f1249360bc34a62f3c6\\core-0.9.6.0\\jars\\classes.jar;C:\\Users\\Emanuele\\.gradle\\caches\\transforms-2\\files-2.1\\9a8a65aafbfe97c85a668158010ad42e\\lottie-2.5.5\\jars\\classes.jar;C:\\Users\\Emanuele\\.gradle\\caches\\transforms-2\\files-2.1\\f759d4cca9c841abfbbf69a3d1988020\\photoeditor-0.2.1\\jars\\classes.jar;C:\\Users\\Emanuele\\.gradle\\caches\\transforms-2\\files-2.1\\136cddfca49c69e99f753cbe0696d868\\android-image-cropper-2.7.0\\jars\\classes.jar;C:\\Users\\Emanuele\\.gradle\\caches\\transforms-2\\files-2.1\\da52e0abd62c4b4fdf635b9f1534cce3\\matisse-0.5.2-beta4\\jars\\classes.jar;C:\\Users\\Emanuele\\.gradle\\caches\\transforms-2\\files-2.1\\fa54b75fd3ca8dcd347227168e2bb359\\library-1.4.2\\jars\\classes.jar;C:\\Users\\Emanuele\\.gradle\\caches\\transforms-2\\files-2.1\\2f076f60f4de0bb3727f48fd42425706\\appcompat-v7-28.0.0\\jars\\classes.jar;C:\\Users\\Emanuele\\.gradle
Launcher Type: SUN_STANDARD

[Global flags]
     intx CICompilerCount                          = 3                                         {product} {ergonomic}
     uint ConcGCThreads                            = 2                                         {product} {ergonomic}
     uint G1ConcRefinementThreads                  = 6                                         {product} {ergonomic}
   size_t G1HeapRegionSize                         = 1048576                                   {product} {ergonomic}
    uintx GCDrainStackTargetSize                   = 64                                        {product} {ergonomic}
   size_t InitialHeapSize                          = 268435456                                 {product} {ergonomic}
   size_t MarkStackSize                            = 4194304                                   {product} {ergonomic}
   size_t MaxHeapSize                              = 536870912                                 {product} {command line}
   size_t MaxNewSize                               = 321912832                                 {product} {ergonomic}
   size_t MinHeapDeltaBytes                        = 1048576                                   {product} {ergonomic}
    uintx NonNMethodCodeHeapSize                   = 5830732                                {pd product} {ergonomic}
    uintx NonProfiledCodeHeapSize                  = 122913754                              {pd product} {ergonomic}
    uintx ProfiledCodeHeapSize                     = 122913754                              {pd product} {ergonomic}
    uintx ReservedCodeCacheSize                    = 251658240                              {pd product} {ergonomic}
     bool SegmentedCodeCache                       = true                                      {product} {ergonomic}
     bool UseCompressedClassPointers               = true                                 {lp64_product} {ergonomic}
     bool UseCompressedOops                        = true                                 {lp64_product} {ergonomic}
     bool UseG1GC                                  = true                                      {product} {ergonomic}
     bool UseLargePagesIndividualAllocation        = false                                  {pd product} {ergonomic}

Logging:
Log output configuration:
 #0: stdout all=warning uptime,level,tags
 #1: stderr all=off uptime,level,tags

Environment Variables:
PATH=C:\Program Files\Common Files\Oracle\Java\javapath;C:\Program Files (x86)\Common Files\Oracle\Java\javapath;C:\Windows\system32;C:\Windows;C:\Windows\System32\Wbem;C:\Windows\System32\WindowsPowerShell\v1.0\;C:\Windows\System32\OpenSSH\;C:\Program Files\NVIDIA Corporation\NVIDIA NvDLISR;C:\Program Files (x86)\NVIDIA Corporation\PhysX\Common;C:\Program Files\dotnet\;C:\Program Files\Git\cmd;C:\Users\Emanuele\AppData\Local\Microsoft\WindowsApps;C:\Users\Emanuele\AppData\Local\GitHubDesktop\bin
USERNAME=Emanuele
OS=Windows_NT
PROCESSOR_IDENTIFIER=Intel64 Family 6 Model 158 Stepping 12, GenuineIntel



---------------  S Y S T E M  ---------------

OS: Windows 10 , 64 bit Build 19041 (10.0.19041.1466)
OS uptime: 0 days 1:44 hours

CPU:total 6 (initial active 6) (6 cores per cpu, 1 threads per core) family 6 model 158 stepping 12 microcode 0xae, cmov, cx8, fxsr, mmx, sse, sse2, sse3, ssse3, sse4.1, sse4.2, popcnt, avx, avx2, aes, clmul, erms, rtm, 3dnowpref, lzcnt, tsc, tscinvbit, bmi1, bmi2, adx, fma

Memory: 4k page, system-wide physical 16316M (9132M free)
TotalPageFile size 18748M (AvailPageFile size 10264M)
current process WorkingSet (physical memory assigned to process): 311M, peak: 311M
current process commit charge ("private bytes"): 464M, peak: 464M

vm_info: OpenJDK 64-Bit Server VM (11.0.11+9-b60-7590822) for windows-amd64 JRE (11.0.11+9-b60-7590822), built on Jul 29 2021 21:43:44 by "builder" with MS VC++ 14.0 (VS2015)

END.
