#
# A fatal error has been detected by the Java Runtime Environment:
#
#  EXCEPTION_ACCESS_VIOLATION (0xc0000005) at pc=0x00007ffed9ad8ed0, pid=3868, tid=9192
#
# JRE version: OpenJDK Runtime Environment (11.0.11+9) (build 11.0.11+9-b60-7590822)
# Java VM: OpenJDK 64-Bit Server VM (11.0.11+9-b60-7590822, mixed mode, tiered, compressed oops, g1 gc, windows-amd64)
# Problematic frame:
# V  [jvm.dll+0x358ed0]
#
# No core dump will be written. Minidumps are not enabled by default on client versions of Windows
#
# If you would like to submit a bug report, please visit:
#   https://bugreport.java.com/bugreport/crash.jsp
#

---------------  S U M M A R Y ------------

Command Line: -Djava.awt.headless=true -Dorg.gradle.native=false -javaagent:C:\Users\Emanuele\AppData\Local\Google\AndroidStudio2021.1\testAgent\intellij-coverage-agent-1.0.579.jar=C:\Users\Emanuele\AppData\Local\Temp\coverage1076args -javaagent:build/tmp/expandedArchives/org.jacoco.agent-0.8.3.jar_4b57cf550318c2dfec984d52b9993337/jacocoagent.jar=destfile=build/jacoco/testDebugUnitTest.exec,append=true,inclnolocationclasses=false,dumponexit=true,output=file,jmx=false -Xmx512m -Dfile.encoding=windows-1252 -Duser.country=IT -Duser.language=it -Duser.variant -ea worker.org.gradle.process.internal.worker.GradleWorkerMain 'Gradle Test Executor 6'

Host: Intel(R) Core(TM) i5-9600K CPU @ 3.70GHz, 6 cores, 15G,  Windows 10 , 64 bit Build 19041 (10.0.19041.1466)
Time: Wed Feb  9 04:44:15 2022 ora solare Europa occidentale elapsed time: 3.198906 seconds (0d 0h 0m 3s)

---------------  T H R E A D  ---------------

Current thread (0x000001e492db4800):  JavaThread "C2 CompilerThread0" daemon [_thread_in_native, id=9192, stack(0x00000023ae700000,0x00000023ae800000)]


Current CompileTask:
C2:   3198 2532       4       org.jacoco.agent.rt.internal_1f1cc91.asm.SymbolTable::addConstant (647 bytes)

Stack: [0x00000023ae700000,0x00000023ae800000],  sp=0x00000023ae7fbf40,  free space=1007k
Native frames: (J=compiled Java code, j=interpreted, Vv=VM code, C=native code)
V  [jvm.dll+0x358ed0]
V  [jvm.dll+0x352360]
V  [jvm.dll+0x198999]
V  [jvm.dll+0x1fc2ee]
V  [jvm.dll+0x1fb3d4]
V  [jvm.dll+0x183d6c]
V  [jvm.dll+0x209a57]
V  [jvm.dll+0x2082a1]
V  [jvm.dll+0x6ef58f]
V  [jvm.dll+0x6e80b5]
V  [jvm.dll+0x5f1036]
C  [ucrtbase.dll+0x21bb2]
C  [KERNEL32.DLL+0x17034]
C  [ntdll.dll+0x52651]


siginfo: EXCEPTION_ACCESS_VIOLATION (0xc0000005), reading address 0xffffffffffffffff


Register to memory mapping:

RIP=0x00007ffed9ad8ed0 jvm.dll
RAX=0x00017ffeda17cf18 is an unknown value
RBX=0x0000000000000028 is an unknown value
RCX=0x0000000000000002 is an unknown value
RDX=0x0 is NULL
RSP=0x00000023ae7fbf40 is pointing into the stack for thread: 0x000001e492db4800
RBP=0x0000000000000008 is an unknown value
RSI=0x00007ffeda17cf18 jvm.dll
RDI=0x000001e492500a10 points into unknown readable memory: 0x000001e492d589a0 | a0 89 d5 92 e4 01 00 00
R8 =0x000001e497d32a00 points into unknown readable memory: 0x0000000000000000 | 00 00 00 00 00 00 00 00
R9 =0x00000023ae7fbf90 is pointing into the stack for thread: 0x000001e492db4800
R10=0x0000000000000005 is an unknown value
R11=0x00000023ae7fbea0 is pointing into the stack for thread: 0x000001e492db4800
R12=0x00007ffed9780000 jvm.dll
R13=0x0000000000000008 is an unknown value
R14=0x0000000000000012 is an unknown value
R15=0x00007ffeda17cf18 jvm.dll


Registers:
RAX=0x00017ffeda17cf18, RBX=0x0000000000000028, RCX=0x0000000000000002, RDX=0x0000000000000000
RSP=0x00000023ae7fbf40, RBP=0x0000000000000008, RSI=0x00007ffeda17cf18, RDI=0x000001e492500a10
R8 =0x000001e497d32a00, R9 =0x00000023ae7fbf90, R10=0x0000000000000005, R11=0x00000023ae7fbea0
R12=0x00007ffed9780000, R13=0x0000000000000008, R14=0x0000000000000012, R15=0x00007ffeda17cf18
RIP=0x00007ffed9ad8ed0, EFLAGS=0x0000000000010246

Top of Stack: (sp=0x00000023ae7fbf40)
0x00000023ae7fbf40:   0000000000000000 0000000000000000
0x00000023ae7fbf50:   000001e492d589a8 000001e492d55200
0x00000023ae7fbf60:   0000000000000452 00007ffed9ad2360
0x00000023ae7fbf70:   000001e49774ae30 00000023ae7fc0b0
0x00000023ae7fbf80:   0000000000000452 00007ffed9fb0cb0
0x00000023ae7fbf90:   0000044f00000000 000001e400000003
0x00000023ae7fbfa0:   00017ffeda17cf18 0000000000000005
0x00000023ae7fbfb0:   000001e49774b340 000001e400000008
0x00000023ae7fbfc0:   000001e49774b330 00000023ae7fc538
0x00000023ae7fbfd0:   000001e495c213a0 0000000000000000
0x00000023ae7fbfe0:   00000023ae7fc0f0 00007ffed9918999
0x00000023ae7fbff0:   00000023ae7fc450 00000023ae7fc538
0x00000023ae7fc000:   00000000000003d8 000001e495c213b0
0x00000023ae7fc010:   00000023ae7fc100 0000000000000001
0x00000023ae7fc020:   00007ffe00000006 000001e495c213a0
0x00000023ae7fc030:   000001e493a163e0 000001e493a1b070 

Instructions: (pc=0x00007ffed9ad8ed0)
0x00007ffed9ad8dd0:   58 4c 8b 64 24 50 48 8b c3 48 83 c4 20 41 5f 5f
0x00007ffed9ad8de0:   5e 5d 5b c3 cc cc cc cc cc cc cc cc cc cc cc cc
0x00007ffed9ad8df0:   83 3a 00 4c 8b c2 c7 41 08 08 00 00 00 75 16 33
0x00007ffed9ad8e00:   d2 c7 41 18 01 00 00 00 89 11 48 8b c1 c7 41 28
0x00007ffed9ad8e10:   01 00 00 00 c3 33 d2 48 89 11 89 51 18 41 8b 80
0x00007ffed9ad8e20:   90 00 00 00 89 41 28 48 89 51 10 49 8b 40 08 48
0x00007ffed9ad8e30:   89 41 20 48 8b c1 4c 89 41 30 c3 cc cc cc cc cc
0x00007ffed9ad8e40:   48 83 ec 28 8b 51 08 4c 8b c9 83 fa 08 73 18 4c
0x00007ffed9ad8e50:   8b 41 10 8b c2 41 83 3c 80 00 0f 85 0d 01 00 00
0x00007ffed9ad8e60:   ff c2 83 fa 08 72 ec 44 8b 51 18 48 89 5c 24 30
0x00007ffed9ad8e70:   48 89 6c 24 38 48 89 74 24 40 48 89 7c 24 20 44
0x00007ffed9ad8e80:   3b 51 28 0f 83 b9 00 00 00 8b 0d ed fb 6d 00 48
0x00007ffed9ad8e90:   8d 35 82 40 6a 00 65 48 8b 04 25 58 00 00 00 bd
0x00007ffed9ad8ea0:   08 00 00 00 48 8d 3c c8 0f 1f 84 00 00 00 00 00
0x00007ffed9ad8eb0:   41 8b c2 48 8d 1c c5 00 00 00 00 49 8b 41 20 48
0x00007ffed9ad8ec0:   8b 04 03 48 3b c6 74 6d 49 89 41 10 33 d2 66 90
0x00007ffed9ad8ed0:   83 38 00 0f 85 c3 00 00 00 ff c2 48 83 c0 04 83
0x00007ffed9ad8ee0:   fa 08 72 ec 4d 8b 59 30 4d 85 db 74 48 49 8b 43
0x00007ffed9ad8ef0:   08 8b d5 48 03 17 4c 8b 04 03 48 8b 02 48 8b 88
0x00007ffed9ad8f00:   d0 04 00 00 48 8b 81 88 00 00 00 48 8b 88 88 08
0x00007ffed9ad8f10:   00 00 49 89 08 48 8b 02 48 8b 88 d0 04 00 00 48
0x00007ffed9ad8f20:   8b 81 88 00 00 00 4c 89 80 88 08 00 00 49 8b 43
0x00007ffed9ad8f30:   08 48 89 34 03 41 ff c2 45 3b 51 28 0f 82 6e ff
0x00007ffed9ad8f40:   ff ff 41 8b 41 28 41 89 41 18 33 c0 41 c7 41 08
0x00007ffed9ad8f50:   08 00 00 00 48 8b 74 24 40 48 8b 6c 24 38 48 8b
0x00007ffed9ad8f60:   5c 24 30 48 8b 7c 24 20 48 83 c4 28 c3 8b 41 18
0x00007ffed9ad8f70:   8d 0c c2 8b c2 c1 e1 05 81 e9 00 01 00 00 41 89
0x00007ffed9ad8f80:   49 04 41 8b 0c 80 8d 42 01 41 89 09 49 8b c9 41
0x00007ffed9ad8f90:   89 41 08 48 83 c4 28 e9 c4 2b e4 ff 42 8d 04 d2
0x00007ffed9ad8fa0:   c1 e0 05 41 89 41 04 49 8b 41 10 8b 0c 90 41 8d
0x00007ffed9ad8fb0:   42 01 41 89 41 18 8d 42 01 41 89 09 49 8b c9 41
0x00007ffed9ad8fc0:   89 41 08 e8 98 2b e4 ff eb 8a cc cc cc cc cc cc 


Stack slot to memory mapping:
stack at sp + 0 slots: 0x0 is NULL
stack at sp + 1 slots: 0x0 is NULL
stack at sp + 2 slots: 0x000001e492d589a8 points into unknown readable memory: 0x000001e492db4800 | 00 48 db 92 e4 01 00 00
stack at sp + 3 slots: 0x000001e492d55200 points into unknown readable memory: 0x000001e492d59f80 | 80 9f d5 92 e4 01 00 00
stack at sp + 4 slots: 0x0000000000000452 is an unknown value
stack at sp + 5 slots: 0x00007ffed9ad2360 jvm.dll
stack at sp + 6 slots: 0x000001e49774ae30 points into unknown readable memory: 0x3f3d1d6b0000000c | 0c 00 00 00 6b 1d 3d 3f
stack at sp + 7 slots: 0x00000023ae7fc0b0 is pointing into the stack for thread: 0x000001e492db4800


---------------  P R O C E S S  ---------------

Threads class SMR info:
_java_thread_list=0x000001e49841dae0, length=14, elements={
0x000001e4fbcfc800, 0x000001e492529800, 0x000001e492520000, 0x000001e492dab800,
0x000001e492dae000, 0x000001e492daf000, 0x000001e492db4800, 0x000001e492db7000,
0x000001e492db8000, 0x000001e493069800, 0x000001e493283000, 0x000001e4965aa000,
0x000001e4981a8000, 0x000001e496577000
}

Java Threads: ( => current thread )
  0x000001e4fbcfc800 JavaThread "main" [_thread_blocked, id=6172, stack(0x00000023adb00000,0x00000023adc00000)]
  0x000001e492529800 JavaThread "Reference Handler" daemon [_thread_blocked, id=6700, stack(0x00000023ae200000,0x00000023ae300000)]
  0x000001e492520000 JavaThread "Finalizer" daemon [_thread_blocked, id=80, stack(0x00000023ae300000,0x00000023ae400000)]
  0x000001e492dab800 JavaThread "Signal Dispatcher" daemon [_thread_blocked, id=2372, stack(0x00000023ae400000,0x00000023ae500000)]
  0x000001e492dae000 JavaThread "Attach Listener" daemon [_thread_blocked, id=4204, stack(0x00000023ae500000,0x00000023ae600000)]
  0x000001e492daf000 JavaThread "Service Thread" daemon [_thread_blocked, id=9000, stack(0x00000023ae600000,0x00000023ae700000)]
=>0x000001e492db4800 JavaThread "C2 CompilerThread0" daemon [_thread_in_native, id=9192, stack(0x00000023ae700000,0x00000023ae800000)]
  0x000001e492db7000 JavaThread "C1 CompilerThread0" daemon [_thread_in_vm, id=8868, stack(0x00000023ae800000,0x00000023ae900000)]
  0x000001e492db8000 JavaThread "Sweeper thread" daemon [_thread_blocked, id=6668, stack(0x00000023ae900000,0x00000023aea00000)]
  0x000001e493069800 JavaThread "Common-Cleaner" daemon [_thread_blocked, id=7264, stack(0x00000023aea00000,0x00000023aeb00000)]
  0x000001e493283000 JavaThread "C2 CompilerThread1" daemon [_thread_in_native, id=8316, stack(0x00000023aeb00000,0x00000023aec00000)]
  0x000001e4965aa000 JavaThread "Test worker" [_thread_in_Java, id=4232, stack(0x00000023af400000,0x00000023af500000)]
  0x000001e4981a8000 JavaThread "/127.0.0.1:51158 to /127.0.0.1:51157 workers Thread 2" [_thread_blocked, id=748, stack(0x00000023af500000,0x00000023af600000)]
  0x000001e496577000 JavaThread "/127.0.0.1:51158 to /127.0.0.1:51157 workers Thread 3" [_thread_in_native, id=4128, stack(0x00000023af600000,0x00000023af700000)]

Other Threads:
  0x000001e492d54800 VMThread "VM Thread" [stack: 0x00000023ae100000,0x00000023ae200000] [id=8764]
  0x000001e4936c3000 WatcherThread [stack: 0x00000023aec00000,0x00000023aed00000] [id=3668]
  0x000001e4fbd27800 GCTaskThread "GC Thread#0" [stack: 0x00000023adc00000,0x00000023add00000] [id=3904]
  0x000001e49468c000 GCTaskThread "GC Thread#1" [stack: 0x00000023aed00000,0x00000023aee00000] [id=8688]
  0x000001e494218800 GCTaskThread "GC Thread#2" [stack: 0x00000023aee00000,0x00000023aef00000] [id=7016]
  0x000001e493a46800 GCTaskThread "GC Thread#3" [stack: 0x00000023aef00000,0x00000023af000000] [id=836]
  0x000001e4943e0800 GCTaskThread "GC Thread#4" [stack: 0x00000023af000000,0x00000023af100000] [id=1192]
  0x000001e493775000 GCTaskThread "GC Thread#5" [stack: 0x00000023af100000,0x00000023af200000] [id=8992]
  0x000001e4fbd16800 ConcurrentGCThread "G1 Main Marker" [stack: 0x00000023add00000,0x00000023ade00000] [id=5692]
  0x000001e4fbd18000 ConcurrentGCThread "G1 Conc#0" [stack: 0x00000023ade00000,0x00000023adf00000] [id=3064]
  0x000001e4982e4000 ConcurrentGCThread "G1 Conc#1" [stack: 0x00000023af700000,0x00000023af800000] [id=5052]
  0x000001e492384800 ConcurrentGCThread "G1 Refine#0" [stack: 0x00000023adf00000,0x00000023ae000000] [id=1116]
  0x000001e4947b8000 ConcurrentGCThread "G1 Refine#1" [stack: 0x00000023af200000,0x00000023af300000] [id=8612]
  0x000001e492385000 ConcurrentGCThread "G1 Young RemSet Sampling" [stack: 0x00000023ae000000,0x00000023ae100000] [id=2448]

Threads with active compile tasks:
C2 CompilerThread0   3214 2532       4       org.jacoco.agent.rt.internal_1f1cc91.asm.SymbolTable::addConstant (647 bytes)
C1 CompilerThread0   3214 2777 %     3       net.bytebuddy.jar.asm.Type::appendDescriptor @ 619 (751 bytes)
C2 CompilerThread1   3214 2698       4       org.jacoco.agent.rt.internal_1f1cc91.asm.ClassReader::readConst (428 bytes)

VM state:not at safepoint (normal execution)

VM Mutex/Monitor currently owned by a thread: None

Heap address: 0x00000000e0000000, size: 512 MB, Compressed Oops mode: 32-bit
Narrow klass base: 0x0000000000000000, Narrow klass shift: 3
Compressed class space size: 1073741824 Address: 0x0000000100000000

Heap:
 garbage-first heap   total 262144K, used 34629K [0x00000000e0000000, 0x0000000100000000)
  region size 1024K, 25 young (25600K), 15 survivors (15360K)
 Metaspace       used 24883K, capacity 25186K, committed 25264K, reserved 1071104K
  class space    used 2705K, capacity 2801K, committed 2816K, reserved 1048576K
Heap Regions: E=young(eden), S=young(survivor), O=old, HS=humongous(starts), HC=humongous(continues), CS=collection set, F=free, A=archive, TAMS=top-at-mark-start (previous, next)
|   0|0x00000000e0000000, 0x00000000e0100000, 0x00000000e0100000|100%|HS|  |TAMS 0x00000000e0100000, 0x00000000e0000000| Complete 
|   1|0x00000000e0100000, 0x00000000e0200000, 0x00000000e0200000|100%| O|  |TAMS 0x00000000e0200000, 0x00000000e0100000| Untracked 
|   2|0x00000000e0200000, 0x00000000e0300000, 0x00000000e0300000|100%| O|  |TAMS 0x00000000e0300000, 0x00000000e0200000| Untracked 
|   3|0x00000000e0300000, 0x00000000e0400000, 0x00000000e0400000|100%| O|  |TAMS 0x00000000e0400000, 0x00000000e0300000| Untracked 
|   4|0x00000000e0400000, 0x00000000e0500000, 0x00000000e0500000|100%| O|  |TAMS 0x00000000e0500000, 0x00000000e0400000| Untracked 
|   5|0x00000000e0500000, 0x00000000e0600000, 0x00000000e0600000|100%| O|  |TAMS 0x00000000e0600000, 0x00000000e0500000| Untracked 
|   6|0x00000000e0600000, 0x00000000e0700000, 0x00000000e0700000|100%| O|  |TAMS 0x00000000e0700000, 0x00000000e0600000| Untracked 
|   7|0x00000000e0700000, 0x00000000e0800000, 0x00000000e0800000|100%| O|  |TAMS 0x00000000e0800000, 0x00000000e0700000| Untracked 
|   8|0x00000000e0800000, 0x00000000e0900000, 0x00000000e0900000|100%| O|  |TAMS 0x00000000e0895800, 0x00000000e0800000| Untracked 
|   9|0x00000000e0900000, 0x00000000e09d1600, 0x00000000e0a00000| 81%| O|  |TAMS 0x00000000e0900000, 0x00000000e0900000| Untracked 
|  10|0x00000000e0a00000, 0x00000000e0a00000, 0x00000000e0b00000|  0%| F|  |TAMS 0x00000000e0a00000, 0x00000000e0a00000| Untracked 
|  11|0x00000000e0b00000, 0x00000000e0b00000, 0x00000000e0c00000|  0%| F|  |TAMS 0x00000000e0b00000, 0x00000000e0b00000| Untracked 
|  12|0x00000000e0c00000, 0x00000000e0c00000, 0x00000000e0d00000|  0%| F|  |TAMS 0x00000000e0c00000, 0x00000000e0c00000| Untracked 
|  13|0x00000000e0d00000, 0x00000000e0d00000, 0x00000000e0e00000|  0%| F|  |TAMS 0x00000000e0d00000, 0x00000000e0d00000| Untracked 
|  14|0x00000000e0e00000, 0x00000000e0e00000, 0x00000000e0f00000|  0%| F|  |TAMS 0x00000000e0e00000, 0x00000000e0e00000| Untracked 
|  15|0x00000000e0f00000, 0x00000000e0f00000, 0x00000000e1000000|  0%| F|  |TAMS 0x00000000e0f00000, 0x00000000e0f00000| Untracked 
|  16|0x00000000e1000000, 0x00000000e1000000, 0x00000000e1100000|  0%| F|  |TAMS 0x00000000e1000000, 0x00000000e1000000| Untracked 
|  17|0x00000000e1100000, 0x00000000e1100000, 0x00000000e1200000|  0%| F|  |TAMS 0x00000000e1100000, 0x00000000e1100000| Untracked 
|  18|0x00000000e1200000, 0x00000000e1200000, 0x00000000e1300000|  0%| F|  |TAMS 0x00000000e1200000, 0x00000000e1200000| Untracked 
|  19|0x00000000e1300000, 0x00000000e1300000, 0x00000000e1400000|  0%| F|  |TAMS 0x00000000e1300000, 0x00000000e1300000| Untracked 
|  20|0x00000000e1400000, 0x00000000e1400000, 0x00000000e1500000|  0%| F|  |TAMS 0x00000000e1400000, 0x00000000e1400000| Untracked 
|  21|0x00000000e1500000, 0x00000000e1500000, 0x00000000e1600000|  0%| F|  |TAMS 0x00000000e1500000, 0x00000000e1500000| Untracked 
|  22|0x00000000e1600000, 0x00000000e1600000, 0x00000000e1700000|  0%| F|  |TAMS 0x00000000e1600000, 0x00000000e1600000| Untracked 
|  23|0x00000000e1700000, 0x00000000e1700000, 0x00000000e1800000|  0%| F|  |TAMS 0x00000000e1700000, 0x00000000e1700000| Untracked 
|  24|0x00000000e1800000, 0x00000000e1800000, 0x00000000e1900000|  0%| F|  |TAMS 0x00000000e1800000, 0x00000000e1800000| Untracked 
|  25|0x00000000e1900000, 0x00000000e1900000, 0x00000000e1a00000|  0%| F|  |TAMS 0x00000000e1900000, 0x00000000e1900000| Untracked 
|  26|0x00000000e1a00000, 0x00000000e1a00000, 0x00000000e1b00000|  0%| F|  |TAMS 0x00000000e1a00000, 0x00000000e1a00000| Untracked 
|  27|0x00000000e1b00000, 0x00000000e1b00000, 0x00000000e1c00000|  0%| F|  |TAMS 0x00000000e1b00000, 0x00000000e1b00000| Untracked 
|  28|0x00000000e1c00000, 0x00000000e1c00000, 0x00000000e1d00000|  0%| F|  |TAMS 0x00000000e1c00000, 0x00000000e1c00000| Untracked 
|  29|0x00000000e1d00000, 0x00000000e1d00000, 0x00000000e1e00000|  0%| F|  |TAMS 0x00000000e1d00000, 0x00000000e1d00000| Untracked 
|  30|0x00000000e1e00000, 0x00000000e1e00000, 0x00000000e1f00000|  0%| F|  |TAMS 0x00000000e1e00000, 0x00000000e1e00000| Untracked 
|  31|0x00000000e1f00000, 0x00000000e1f00000, 0x00000000e2000000|  0%| F|  |TAMS 0x00000000e1f00000, 0x00000000e1f00000| Untracked 
|  32|0x00000000e2000000, 0x00000000e2000000, 0x00000000e2100000|  0%| F|  |TAMS 0x00000000e2000000, 0x00000000e2000000| Untracked 
|  33|0x00000000e2100000, 0x00000000e2100000, 0x00000000e2200000|  0%| F|  |TAMS 0x00000000e2100000, 0x00000000e2100000| Untracked 
|  34|0x00000000e2200000, 0x00000000e2200000, 0x00000000e2300000|  0%| F|  |TAMS 0x00000000e2200000, 0x00000000e2200000| Untracked 
|  35|0x00000000e2300000, 0x00000000e2300000, 0x00000000e2400000|  0%| F|  |TAMS 0x00000000e2300000, 0x00000000e2300000| Untracked 
|  36|0x00000000e2400000, 0x00000000e2400000, 0x00000000e2500000|  0%| F|  |TAMS 0x00000000e2400000, 0x00000000e2400000| Untracked 
|  37|0x00000000e2500000, 0x00000000e2500000, 0x00000000e2600000|  0%| F|  |TAMS 0x00000000e2500000, 0x00000000e2500000| Untracked 
|  38|0x00000000e2600000, 0x00000000e2600000, 0x00000000e2700000|  0%| F|  |TAMS 0x00000000e2600000, 0x00000000e2600000| Untracked 
|  39|0x00000000e2700000, 0x00000000e2700000, 0x00000000e2800000|  0%| F|  |TAMS 0x00000000e2700000, 0x00000000e2700000| Untracked 
|  40|0x00000000e2800000, 0x00000000e2800000, 0x00000000e2900000|  0%| F|  |TAMS 0x00000000e2800000, 0x00000000e2800000| Untracked 
|  41|0x00000000e2900000, 0x00000000e2900000, 0x00000000e2a00000|  0%| F|  |TAMS 0x00000000e2900000, 0x00000000e2900000| Untracked 
|  42|0x00000000e2a00000, 0x00000000e2a00000, 0x00000000e2b00000|  0%| F|  |TAMS 0x00000000e2a00000, 0x00000000e2a00000| Untracked 
|  43|0x00000000e2b00000, 0x00000000e2b00000, 0x00000000e2c00000|  0%| F|  |TAMS 0x00000000e2b00000, 0x00000000e2b00000| Untracked 
|  44|0x00000000e2c00000, 0x00000000e2c00000, 0x00000000e2d00000|  0%| F|  |TAMS 0x00000000e2c00000, 0x00000000e2c00000| Untracked 
|  45|0x00000000e2d00000, 0x00000000e2d00000, 0x00000000e2e00000|  0%| F|  |TAMS 0x00000000e2d00000, 0x00000000e2d00000| Untracked 
|  46|0x00000000e2e00000, 0x00000000e2e00000, 0x00000000e2f00000|  0%| F|  |TAMS 0x00000000e2e00000, 0x00000000e2e00000| Untracked 
|  47|0x00000000e2f00000, 0x00000000e2f00000, 0x00000000e3000000|  0%| F|  |TAMS 0x00000000e2f00000, 0x00000000e2f00000| Untracked 
|  48|0x00000000e3000000, 0x00000000e3000000, 0x00000000e3100000|  0%| F|  |TAMS 0x00000000e3000000, 0x00000000e3000000| Untracked 
|  49|0x00000000e3100000, 0x00000000e3100000, 0x00000000e3200000|  0%| F|  |TAMS 0x00000000e3100000, 0x00000000e3100000| Untracked 
|  50|0x00000000e3200000, 0x00000000e3200000, 0x00000000e3300000|  0%| F|  |TAMS 0x00000000e3200000, 0x00000000e3200000| Untracked 
|  51|0x00000000e3300000, 0x00000000e3300000, 0x00000000e3400000|  0%| F|  |TAMS 0x00000000e3300000, 0x00000000e3300000| Untracked 
|  52|0x00000000e3400000, 0x00000000e3400000, 0x00000000e3500000|  0%| F|  |TAMS 0x00000000e3400000, 0x00000000e3400000| Untracked 
|  53|0x00000000e3500000, 0x00000000e3500000, 0x00000000e3600000|  0%| F|  |TAMS 0x00000000e3500000, 0x00000000e3500000| Untracked 
|  54|0x00000000e3600000, 0x00000000e3600000, 0x00000000e3700000|  0%| F|  |TAMS 0x00000000e3600000, 0x00000000e3600000| Untracked 
|  55|0x00000000e3700000, 0x00000000e3700000, 0x00000000e3800000|  0%| F|  |TAMS 0x00000000e3700000, 0x00000000e3700000| Untracked 
|  56|0x00000000e3800000, 0x00000000e3800000, 0x00000000e3900000|  0%| F|  |TAMS 0x00000000e3800000, 0x00000000e3800000| Untracked 
|  57|0x00000000e3900000, 0x00000000e3900000, 0x00000000e3a00000|  0%| F|  |TAMS 0x00000000e3900000, 0x00000000e3900000| Untracked 
|  58|0x00000000e3a00000, 0x00000000e3a00000, 0x00000000e3b00000|  0%| F|  |TAMS 0x00000000e3a00000, 0x00000000e3a00000| Untracked 
|  59|0x00000000e3b00000, 0x00000000e3b00000, 0x00000000e3c00000|  0%| F|  |TAMS 0x00000000e3b00000, 0x00000000e3b00000| Untracked 
|  60|0x00000000e3c00000, 0x00000000e3c00000, 0x00000000e3d00000|  0%| F|  |TAMS 0x00000000e3c00000, 0x00000000e3c00000| Untracked 
|  61|0x00000000e3d00000, 0x00000000e3d00000, 0x00000000e3e00000|  0%| F|  |TAMS 0x00000000e3d00000, 0x00000000e3d00000| Untracked 
|  62|0x00000000e3e00000, 0x00000000e3e00000, 0x00000000e3f00000|  0%| F|  |TAMS 0x00000000e3e00000, 0x00000000e3e00000| Untracked 
|  63|0x00000000e3f00000, 0x00000000e3f00000, 0x00000000e4000000|  0%| F|  |TAMS 0x00000000e3f00000, 0x00000000e3f00000| Untracked 
|  64|0x00000000e4000000, 0x00000000e4000000, 0x00000000e4100000|  0%| F|  |TAMS 0x00000000e4000000, 0x00000000e4000000| Untracked 
|  65|0x00000000e4100000, 0x00000000e4100000, 0x00000000e4200000|  0%| F|  |TAMS 0x00000000e4100000, 0x00000000e4100000| Untracked 
|  66|0x00000000e4200000, 0x00000000e4200000, 0x00000000e4300000|  0%| F|  |TAMS 0x00000000e4200000, 0x00000000e4200000| Untracked 
|  67|0x00000000e4300000, 0x00000000e4300000, 0x00000000e4400000|  0%| F|  |TAMS 0x00000000e4300000, 0x00000000e4300000| Untracked 
|  68|0x00000000e4400000, 0x00000000e4400000, 0x00000000e4500000|  0%| F|  |TAMS 0x00000000e4400000, 0x00000000e4400000| Untracked 
|  69|0x00000000e4500000, 0x00000000e4500000, 0x00000000e4600000|  0%| F|  |TAMS 0x00000000e4500000, 0x00000000e4500000| Untracked 
|  70|0x00000000e4600000, 0x00000000e4600000, 0x00000000e4700000|  0%| F|  |TAMS 0x00000000e4600000, 0x00000000e4600000| Untracked 
|  71|0x00000000e4700000, 0x00000000e4700000, 0x00000000e4800000|  0%| F|  |TAMS 0x00000000e4700000, 0x00000000e4700000| Untracked 
|  72|0x00000000e4800000, 0x00000000e4800000, 0x00000000e4900000|  0%| F|  |TAMS 0x00000000e4800000, 0x00000000e4800000| Untracked 
|  73|0x00000000e4900000, 0x00000000e4900000, 0x00000000e4a00000|  0%| F|  |TAMS 0x00000000e4900000, 0x00000000e4900000| Untracked 
|  74|0x00000000e4a00000, 0x00000000e4a00000, 0x00000000e4b00000|  0%| F|  |TAMS 0x00000000e4a00000, 0x00000000e4a00000| Untracked 
|  75|0x00000000e4b00000, 0x00000000e4b00000, 0x00000000e4c00000|  0%| F|  |TAMS 0x00000000e4b00000, 0x00000000e4b00000| Untracked 
|  76|0x00000000e4c00000, 0x00000000e4c00000, 0x00000000e4d00000|  0%| F|  |TAMS 0x00000000e4c00000, 0x00000000e4c00000| Untracked 
|  77|0x00000000e4d00000, 0x00000000e4d00000, 0x00000000e4e00000|  0%| F|  |TAMS 0x00000000e4d00000, 0x00000000e4d00000| Untracked 
|  78|0x00000000e4e00000, 0x00000000e4e00000, 0x00000000e4f00000|  0%| F|  |TAMS 0x00000000e4e00000, 0x00000000e4e00000| Untracked 
|  79|0x00000000e4f00000, 0x00000000e4f00000, 0x00000000e5000000|  0%| F|  |TAMS 0x00000000e4f00000, 0x00000000e4f00000| Untracked 
|  80|0x00000000e5000000, 0x00000000e5000000, 0x00000000e5100000|  0%| F|  |TAMS 0x00000000e5000000, 0x00000000e5000000| Untracked 
|  81|0x00000000e5100000, 0x00000000e5100000, 0x00000000e5200000|  0%| F|  |TAMS 0x00000000e5100000, 0x00000000e5100000| Untracked 
|  82|0x00000000e5200000, 0x00000000e5200000, 0x00000000e5300000|  0%| F|  |TAMS 0x00000000e5200000, 0x00000000e5200000| Untracked 
|  83|0x00000000e5300000, 0x00000000e5300000, 0x00000000e5400000|  0%| F|  |TAMS 0x00000000e5300000, 0x00000000e5300000| Untracked 
|  84|0x00000000e5400000, 0x00000000e5400000, 0x00000000e5500000|  0%| F|  |TAMS 0x00000000e5400000, 0x00000000e5400000| Untracked 
|  85|0x00000000e5500000, 0x00000000e5500000, 0x00000000e5600000|  0%| F|  |TAMS 0x00000000e5500000, 0x00000000e5500000| Untracked 
|  86|0x00000000e5600000, 0x00000000e5600000, 0x00000000e5700000|  0%| F|  |TAMS 0x00000000e5600000, 0x00000000e5600000| Untracked 
|  87|0x00000000e5700000, 0x00000000e5700000, 0x00000000e5800000|  0%| F|  |TAMS 0x00000000e5700000, 0x00000000e5700000| Untracked 
|  88|0x00000000e5800000, 0x00000000e5800000, 0x00000000e5900000|  0%| F|  |TAMS 0x00000000e5800000, 0x00000000e5800000| Untracked 
|  89|0x00000000e5900000, 0x00000000e5900000, 0x00000000e5a00000|  0%| F|  |TAMS 0x00000000e5900000, 0x00000000e5900000| Untracked 
|  90|0x00000000e5a00000, 0x00000000e5a00000, 0x00000000e5b00000|  0%| F|  |TAMS 0x00000000e5a00000, 0x00000000e5a00000| Untracked 
|  91|0x00000000e5b00000, 0x00000000e5b00000, 0x00000000e5c00000|  0%| F|  |TAMS 0x00000000e5b00000, 0x00000000e5b00000| Untracked 
|  92|0x00000000e5c00000, 0x00000000e5c00000, 0x00000000e5d00000|  0%| F|  |TAMS 0x00000000e5c00000, 0x00000000e5c00000| Untracked 
|  93|0x00000000e5d00000, 0x00000000e5d00000, 0x00000000e5e00000|  0%| F|  |TAMS 0x00000000e5d00000, 0x00000000e5d00000| Untracked 
|  94|0x00000000e5e00000, 0x00000000e5e00000, 0x00000000e5f00000|  0%| F|  |TAMS 0x00000000e5e00000, 0x00000000e5e00000| Untracked 
|  95|0x00000000e5f00000, 0x00000000e5f00000, 0x00000000e6000000|  0%| F|  |TAMS 0x00000000e5f00000, 0x00000000e5f00000| Untracked 
|  96|0x00000000e6000000, 0x00000000e6000000, 0x00000000e6100000|  0%| F|  |TAMS 0x00000000e6000000, 0x00000000e6000000| Untracked 
|  97|0x00000000e6100000, 0x00000000e6100000, 0x00000000e6200000|  0%| F|  |TAMS 0x00000000e6100000, 0x00000000e6100000| Untracked 
|  98|0x00000000e6200000, 0x00000000e6200000, 0x00000000e6300000|  0%| F|  |TAMS 0x00000000e6200000, 0x00000000e6200000| Untracked 
|  99|0x00000000e6300000, 0x00000000e6300000, 0x00000000e6400000|  0%| F|  |TAMS 0x00000000e6300000, 0x00000000e6300000| Untracked 
| 100|0x00000000e6400000, 0x00000000e6400000, 0x00000000e6500000|  0%| F|  |TAMS 0x00000000e6400000, 0x00000000e6400000| Untracked 
| 101|0x00000000e6500000, 0x00000000e6500000, 0x00000000e6600000|  0%| F|  |TAMS 0x00000000e6500000, 0x00000000e6500000| Untracked 
| 102|0x00000000e6600000, 0x00000000e6600000, 0x00000000e6700000|  0%| F|  |TAMS 0x00000000e6600000, 0x00000000e6600000| Untracked 
| 103|0x00000000e6700000, 0x00000000e6700000, 0x00000000e6800000|  0%| F|  |TAMS 0x00000000e6700000, 0x00000000e6700000| Untracked 
| 104|0x00000000e6800000, 0x00000000e6800000, 0x00000000e6900000|  0%| F|  |TAMS 0x00000000e6800000, 0x00000000e6800000| Untracked 
| 105|0x00000000e6900000, 0x00000000e6900000, 0x00000000e6a00000|  0%| F|  |TAMS 0x00000000e6900000, 0x00000000e6900000| Untracked 
| 106|0x00000000e6a00000, 0x00000000e6a00000, 0x00000000e6b00000|  0%| F|  |TAMS 0x00000000e6a00000, 0x00000000e6a00000| Untracked 
| 107|0x00000000e6b00000, 0x00000000e6b00000, 0x00000000e6c00000|  0%| F|  |TAMS 0x00000000e6b00000, 0x00000000e6b00000| Untracked 
| 108|0x00000000e6c00000, 0x00000000e6c00000, 0x00000000e6d00000|  0%| F|  |TAMS 0x00000000e6c00000, 0x00000000e6c00000| Untracked 
| 109|0x00000000e6d00000, 0x00000000e6d00000, 0x00000000e6e00000|  0%| F|  |TAMS 0x00000000e6d00000, 0x00000000e6d00000| Untracked 
| 110|0x00000000e6e00000, 0x00000000e6e00000, 0x00000000e6f00000|  0%| F|  |TAMS 0x00000000e6e00000, 0x00000000e6e00000| Untracked 
| 111|0x00000000e6f00000, 0x00000000e6f00000, 0x00000000e7000000|  0%| F|  |TAMS 0x00000000e6f00000, 0x00000000e6f00000| Untracked 
| 112|0x00000000e7000000, 0x00000000e7000000, 0x00000000e7100000|  0%| F|  |TAMS 0x00000000e7000000, 0x00000000e7000000| Untracked 
| 113|0x00000000e7100000, 0x00000000e7100000, 0x00000000e7200000|  0%| F|  |TAMS 0x00000000e7100000, 0x00000000e7100000| Untracked 
| 114|0x00000000e7200000, 0x00000000e7200000, 0x00000000e7300000|  0%| F|  |TAMS 0x00000000e7200000, 0x00000000e7200000| Untracked 
| 115|0x00000000e7300000, 0x00000000e7300000, 0x00000000e7400000|  0%| F|  |TAMS 0x00000000e7300000, 0x00000000e7300000| Untracked 
| 116|0x00000000e7400000, 0x00000000e7400000, 0x00000000e7500000|  0%| F|  |TAMS 0x00000000e7400000, 0x00000000e7400000| Untracked 
| 117|0x00000000e7500000, 0x00000000e7500000, 0x00000000e7600000|  0%| F|  |TAMS 0x00000000e7500000, 0x00000000e7500000| Untracked 
| 118|0x00000000e7600000, 0x00000000e7600000, 0x00000000e7700000|  0%| F|  |TAMS 0x00000000e7600000, 0x00000000e7600000| Untracked 
| 119|0x00000000e7700000, 0x00000000e7700000, 0x00000000e7800000|  0%| F|  |TAMS 0x00000000e7700000, 0x00000000e7700000| Untracked 
| 120|0x00000000e7800000, 0x00000000e7800000, 0x00000000e7900000|  0%| F|  |TAMS 0x00000000e7800000, 0x00000000e7800000| Untracked 
| 121|0x00000000e7900000, 0x00000000e7900000, 0x00000000e7a00000|  0%| F|  |TAMS 0x00000000e7900000, 0x00000000e7900000| Untracked 
| 122|0x00000000e7a00000, 0x00000000e7a00000, 0x00000000e7b00000|  0%| F|  |TAMS 0x00000000e7a00000, 0x00000000e7a00000| Untracked 
| 123|0x00000000e7b00000, 0x00000000e7b00000, 0x00000000e7c00000|  0%| F|  |TAMS 0x00000000e7b00000, 0x00000000e7b00000| Untracked 
| 124|0x00000000e7c00000, 0x00000000e7c00000, 0x00000000e7d00000|  0%| F|  |TAMS 0x00000000e7c00000, 0x00000000e7c00000| Untracked 
| 125|0x00000000e7d00000, 0x00000000e7d00000, 0x00000000e7e00000|  0%| F|  |TAMS 0x00000000e7d00000, 0x00000000e7d00000| Untracked 
| 126|0x00000000e7e00000, 0x00000000e7e00000, 0x00000000e7f00000|  0%| F|  |TAMS 0x00000000e7e00000, 0x00000000e7e00000| Untracked 
| 127|0x00000000e7f00000, 0x00000000e8000000, 0x00000000e8000000|100%| S|CS|TAMS 0x00000000e7f00000, 0x00000000e7f00000| Complete 
| 128|0x00000000e8000000, 0x00000000e8100000, 0x00000000e8100000|100%| S|CS|TAMS 0x00000000e8000000, 0x00000000e8000000| Complete 
| 129|0x00000000e8100000, 0x00000000e8200000, 0x00000000e8200000|100%| S|CS|TAMS 0x00000000e8100000, 0x00000000e8100000| Complete 
| 130|0x00000000e8200000, 0x00000000e8300000, 0x00000000e8300000|100%| S|CS|TAMS 0x00000000e8200000, 0x00000000e8200000| Complete 
| 131|0x00000000e8300000, 0x00000000e8400000, 0x00000000e8400000|100%| S|CS|TAMS 0x00000000e8300000, 0x00000000e8300000| Complete 
| 132|0x00000000e8400000, 0x00000000e8500000, 0x00000000e8500000|100%| S|CS|TAMS 0x00000000e8400000, 0x00000000e8400000| Complete 
| 133|0x00000000e8500000, 0x00000000e8600000, 0x00000000e8600000|100%| S|CS|TAMS 0x00000000e8500000, 0x00000000e8500000| Complete 
| 134|0x00000000e8600000, 0x00000000e8700000, 0x00000000e8700000|100%| S|CS|TAMS 0x00000000e8600000, 0x00000000e8600000| Complete 
| 135|0x00000000e8700000, 0x00000000e8800000, 0x00000000e8800000|100%| S|CS|TAMS 0x00000000e8700000, 0x00000000e8700000| Complete 
| 136|0x00000000e8800000, 0x00000000e8900000, 0x00000000e8900000|100%| S|CS|TAMS 0x00000000e8800000, 0x00000000e8800000| Complete 
| 137|0x00000000e8900000, 0x00000000e8a00000, 0x00000000e8a00000|100%| S|CS|TAMS 0x00000000e8900000, 0x00000000e8900000| Complete 
| 138|0x00000000e8a00000, 0x00000000e8b00000, 0x00000000e8b00000|100%| S|CS|TAMS 0x00000000e8a00000, 0x00000000e8a00000| Complete 
| 139|0x00000000e8b00000, 0x00000000e8c00000, 0x00000000e8c00000|100%| S|CS|TAMS 0x00000000e8b00000, 0x00000000e8b00000| Complete 
| 140|0x00000000e8c00000, 0x00000000e8d00000, 0x00000000e8d00000|100%| S|CS|TAMS 0x00000000e8c00000, 0x00000000e8c00000| Complete 
| 141|0x00000000e8d00000, 0x00000000e8e00000, 0x00000000e8e00000|100%| S|CS|TAMS 0x00000000e8d00000, 0x00000000e8d00000| Complete 
| 142|0x00000000e8e00000, 0x00000000e8e00000, 0x00000000e8f00000|  0%| F|  |TAMS 0x00000000e8e00000, 0x00000000e8e00000| Untracked 
| 143|0x00000000e8f00000, 0x00000000e8f00000, 0x00000000e9000000|  0%| F|  |TAMS 0x00000000e8f00000, 0x00000000e8f00000| Untracked 
| 144|0x00000000e9000000, 0x00000000e9000000, 0x00000000e9100000|  0%| F|  |TAMS 0x00000000e9000000, 0x00000000e9000000| Untracked 
| 145|0x00000000e9100000, 0x00000000e9100000, 0x00000000e9200000|  0%| F|  |TAMS 0x00000000e9100000, 0x00000000e9100000| Untracked 
| 146|0x00000000e9200000, 0x00000000e9200000, 0x00000000e9300000|  0%| F|  |TAMS 0x00000000e9200000, 0x00000000e9200000| Untracked 
| 147|0x00000000e9300000, 0x00000000e9300000, 0x00000000e9400000|  0%| F|  |TAMS 0x00000000e9300000, 0x00000000e9300000| Untracked 
| 148|0x00000000e9400000, 0x00000000e9400000, 0x00000000e9500000|  0%| F|  |TAMS 0x00000000e9400000, 0x00000000e9400000| Untracked 
| 149|0x00000000e9500000, 0x00000000e9500000, 0x00000000e9600000|  0%| F|  |TAMS 0x00000000e9500000, 0x00000000e9500000| Untracked 
| 150|0x00000000e9600000, 0x00000000e9600000, 0x00000000e9700000|  0%| F|  |TAMS 0x00000000e9600000, 0x00000000e9600000| Untracked 
| 151|0x00000000e9700000, 0x00000000e9700000, 0x00000000e9800000|  0%| F|  |TAMS 0x00000000e9700000, 0x00000000e9700000| Untracked 
| 152|0x00000000e9800000, 0x00000000e9800000, 0x00000000e9900000|  0%| F|  |TAMS 0x00000000e9800000, 0x00000000e9800000| Untracked 
| 153|0x00000000e9900000, 0x00000000e9900000, 0x00000000e9a00000|  0%| F|  |TAMS 0x00000000e9900000, 0x00000000e9900000| Untracked 
| 154|0x00000000e9a00000, 0x00000000e9a00000, 0x00000000e9b00000|  0%| F|  |TAMS 0x00000000e9a00000, 0x00000000e9a00000| Untracked 
| 155|0x00000000e9b00000, 0x00000000e9b00000, 0x00000000e9c00000|  0%| F|  |TAMS 0x00000000e9b00000, 0x00000000e9b00000| Untracked 
| 156|0x00000000e9c00000, 0x00000000e9c00000, 0x00000000e9d00000|  0%| F|  |TAMS 0x00000000e9c00000, 0x00000000e9c00000| Untracked 
| 157|0x00000000e9d00000, 0x00000000e9d00000, 0x00000000e9e00000|  0%| F|  |TAMS 0x00000000e9d00000, 0x00000000e9d00000| Untracked 
| 158|0x00000000e9e00000, 0x00000000e9e00000, 0x00000000e9f00000|  0%| F|  |TAMS 0x00000000e9e00000, 0x00000000e9e00000| Untracked 
| 159|0x00000000e9f00000, 0x00000000e9f00000, 0x00000000ea000000|  0%| F|  |TAMS 0x00000000e9f00000, 0x00000000e9f00000| Untracked 
| 160|0x00000000ea000000, 0x00000000ea000000, 0x00000000ea100000|  0%| F|  |TAMS 0x00000000ea000000, 0x00000000ea000000| Untracked 
| 161|0x00000000ea100000, 0x00000000ea100000, 0x00000000ea200000|  0%| F|  |TAMS 0x00000000ea100000, 0x00000000ea100000| Untracked 
| 162|0x00000000ea200000, 0x00000000ea200000, 0x00000000ea300000|  0%| F|  |TAMS 0x00000000ea200000, 0x00000000ea200000| Untracked 
| 163|0x00000000ea300000, 0x00000000ea300000, 0x00000000ea400000|  0%| F|  |TAMS 0x00000000ea300000, 0x00000000ea300000| Untracked 
| 164|0x00000000ea400000, 0x00000000ea400000, 0x00000000ea500000|  0%| F|  |TAMS 0x00000000ea400000, 0x00000000ea400000| Untracked 
| 165|0x00000000ea500000, 0x00000000ea500000, 0x00000000ea600000|  0%| F|  |TAMS 0x00000000ea500000, 0x00000000ea500000| Untracked 
| 166|0x00000000ea600000, 0x00000000ea600000, 0x00000000ea700000|  0%| F|  |TAMS 0x00000000ea600000, 0x00000000ea600000| Untracked 
| 167|0x00000000ea700000, 0x00000000ea700000, 0x00000000ea800000|  0%| F|  |TAMS 0x00000000ea700000, 0x00000000ea700000| Untracked 
| 168|0x00000000ea800000, 0x00000000ea800000, 0x00000000ea900000|  0%| F|  |TAMS 0x00000000ea800000, 0x00000000ea800000| Untracked 
| 169|0x00000000ea900000, 0x00000000ea900000, 0x00000000eaa00000|  0%| F|  |TAMS 0x00000000ea900000, 0x00000000ea900000| Untracked 
| 170|0x00000000eaa00000, 0x00000000eaa00000, 0x00000000eab00000|  0%| F|  |TAMS 0x00000000eaa00000, 0x00000000eaa00000| Untracked 
| 171|0x00000000eab00000, 0x00000000eab00000, 0x00000000eac00000|  0%| F|  |TAMS 0x00000000eab00000, 0x00000000eab00000| Untracked 
| 172|0x00000000eac00000, 0x00000000eac00000, 0x00000000ead00000|  0%| F|  |TAMS 0x00000000eac00000, 0x00000000eac00000| Untracked 
| 173|0x00000000ead00000, 0x00000000ead00000, 0x00000000eae00000|  0%| F|  |TAMS 0x00000000ead00000, 0x00000000ead00000| Untracked 
| 174|0x00000000eae00000, 0x00000000eae00000, 0x00000000eaf00000|  0%| F|  |TAMS 0x00000000eae00000, 0x00000000eae00000| Untracked 
| 175|0x00000000eaf00000, 0x00000000eaf00000, 0x00000000eb000000|  0%| F|  |TAMS 0x00000000eaf00000, 0x00000000eaf00000| Untracked 
| 176|0x00000000eb000000, 0x00000000eb000000, 0x00000000eb100000|  0%| F|  |TAMS 0x00000000eb000000, 0x00000000eb000000| Untracked 
| 177|0x00000000eb100000, 0x00000000eb100000, 0x00000000eb200000|  0%| F|  |TAMS 0x00000000eb100000, 0x00000000eb100000| Untracked 
| 178|0x00000000eb200000, 0x00000000eb200000, 0x00000000eb300000|  0%| F|  |TAMS 0x00000000eb200000, 0x00000000eb200000| Untracked 
| 179|0x00000000eb300000, 0x00000000eb300000, 0x00000000eb400000|  0%| F|  |TAMS 0x00000000eb300000, 0x00000000eb300000| Untracked 
| 180|0x00000000eb400000, 0x00000000eb400000, 0x00000000eb500000|  0%| F|  |TAMS 0x00000000eb400000, 0x00000000eb400000| Untracked 
| 181|0x00000000eb500000, 0x00000000eb500000, 0x00000000eb600000|  0%| F|  |TAMS 0x00000000eb500000, 0x00000000eb500000| Untracked 
| 182|0x00000000eb600000, 0x00000000eb600000, 0x00000000eb700000|  0%| F|  |TAMS 0x00000000eb600000, 0x00000000eb600000| Untracked 
| 183|0x00000000eb700000, 0x00000000eb700000, 0x00000000eb800000|  0%| F|  |TAMS 0x00000000eb700000, 0x00000000eb700000| Untracked 
| 184|0x00000000eb800000, 0x00000000eb800000, 0x00000000eb900000|  0%| F|  |TAMS 0x00000000eb800000, 0x00000000eb800000| Untracked 
| 185|0x00000000eb900000, 0x00000000eb900000, 0x00000000eba00000|  0%| F|  |TAMS 0x00000000eb900000, 0x00000000eb900000| Untracked 
| 186|0x00000000eba00000, 0x00000000eba00000, 0x00000000ebb00000|  0%| F|  |TAMS 0x00000000eba00000, 0x00000000eba00000| Untracked 
| 187|0x00000000ebb00000, 0x00000000ebb00000, 0x00000000ebc00000|  0%| F|  |TAMS 0x00000000ebb00000, 0x00000000ebb00000| Untracked 
| 188|0x00000000ebc00000, 0x00000000ebc00000, 0x00000000ebd00000|  0%| F|  |TAMS 0x00000000ebc00000, 0x00000000ebc00000| Untracked 
| 189|0x00000000ebd00000, 0x00000000ebd00000, 0x00000000ebe00000|  0%| F|  |TAMS 0x00000000ebd00000, 0x00000000ebd00000| Untracked 
| 190|0x00000000ebe00000, 0x00000000ebe00000, 0x00000000ebf00000|  0%| F|  |TAMS 0x00000000ebe00000, 0x00000000ebe00000| Untracked 
| 191|0x00000000ebf00000, 0x00000000ebf00000, 0x00000000ec000000|  0%| F|  |TAMS 0x00000000ebf00000, 0x00000000ebf00000| Untracked 
| 192|0x00000000ec000000, 0x00000000ec000000, 0x00000000ec100000|  0%| F|  |TAMS 0x00000000ec000000, 0x00000000ec000000| Untracked 
| 193|0x00000000ec100000, 0x00000000ec100000, 0x00000000ec200000|  0%| F|  |TAMS 0x00000000ec100000, 0x00000000ec100000| Untracked 
| 194|0x00000000ec200000, 0x00000000ec200000, 0x00000000ec300000|  0%| F|  |TAMS 0x00000000ec200000, 0x00000000ec200000| Untracked 
| 195|0x00000000ec300000, 0x00000000ec300000, 0x00000000ec400000|  0%| F|  |TAMS 0x00000000ec300000, 0x00000000ec300000| Untracked 
| 196|0x00000000ec400000, 0x00000000ec400000, 0x00000000ec500000|  0%| F|  |TAMS 0x00000000ec400000, 0x00000000ec400000| Untracked 
| 197|0x00000000ec500000, 0x00000000ec500000, 0x00000000ec600000|  0%| F|  |TAMS 0x00000000ec500000, 0x00000000ec500000| Untracked 
| 198|0x00000000ec600000, 0x00000000ec600000, 0x00000000ec700000|  0%| F|  |TAMS 0x00000000ec600000, 0x00000000ec600000| Untracked 
| 199|0x00000000ec700000, 0x00000000ec700000, 0x00000000ec800000|  0%| F|  |TAMS 0x00000000ec700000, 0x00000000ec700000| Untracked 
| 200|0x00000000ec800000, 0x00000000ec800000, 0x00000000ec900000|  0%| F|  |TAMS 0x00000000ec800000, 0x00000000ec800000| Untracked 
| 201|0x00000000ec900000, 0x00000000ec900000, 0x00000000eca00000|  0%| F|  |TAMS 0x00000000ec900000, 0x00000000ec900000| Untracked 
| 202|0x00000000eca00000, 0x00000000eca00000, 0x00000000ecb00000|  0%| F|  |TAMS 0x00000000eca00000, 0x00000000eca00000| Untracked 
| 203|0x00000000ecb00000, 0x00000000ecb00000, 0x00000000ecc00000|  0%| F|  |TAMS 0x00000000ecb00000, 0x00000000ecb00000| Untracked 
| 204|0x00000000ecc00000, 0x00000000ecc00000, 0x00000000ecd00000|  0%| F|  |TAMS 0x00000000ecc00000, 0x00000000ecc00000| Untracked 
| 205|0x00000000ecd00000, 0x00000000ecd00000, 0x00000000ece00000|  0%| F|  |TAMS 0x00000000ecd00000, 0x00000000ecd00000| Untracked 
| 206|0x00000000ece00000, 0x00000000ece00000, 0x00000000ecf00000|  0%| F|  |TAMS 0x00000000ece00000, 0x00000000ece00000| Untracked 
| 207|0x00000000ecf00000, 0x00000000ecf00000, 0x00000000ed000000|  0%| F|  |TAMS 0x00000000ecf00000, 0x00000000ecf00000| Untracked 
| 208|0x00000000ed000000, 0x00000000ed000000, 0x00000000ed100000|  0%| F|  |TAMS 0x00000000ed000000, 0x00000000ed000000| Untracked 
| 209|0x00000000ed100000, 0x00000000ed100000, 0x00000000ed200000|  0%| F|  |TAMS 0x00000000ed100000, 0x00000000ed100000| Untracked 
| 210|0x00000000ed200000, 0x00000000ed200000, 0x00000000ed300000|  0%| F|  |TAMS 0x00000000ed200000, 0x00000000ed200000| Untracked 
| 211|0x00000000ed300000, 0x00000000ed300000, 0x00000000ed400000|  0%| F|  |TAMS 0x00000000ed300000, 0x00000000ed300000| Untracked 
| 212|0x00000000ed400000, 0x00000000ed400000, 0x00000000ed500000|  0%| F|  |TAMS 0x00000000ed400000, 0x00000000ed400000| Untracked 
| 213|0x00000000ed500000, 0x00000000ed500000, 0x00000000ed600000|  0%| F|  |TAMS 0x00000000ed500000, 0x00000000ed500000| Untracked 
| 214|0x00000000ed600000, 0x00000000ed600000, 0x00000000ed700000|  0%| F|  |TAMS 0x00000000ed600000, 0x00000000ed600000| Untracked 
| 215|0x00000000ed700000, 0x00000000ed700000, 0x00000000ed800000|  0%| F|  |TAMS 0x00000000ed700000, 0x00000000ed700000| Untracked 
| 216|0x00000000ed800000, 0x00000000ed800000, 0x00000000ed900000|  0%| F|  |TAMS 0x00000000ed800000, 0x00000000ed800000| Untracked 
| 217|0x00000000ed900000, 0x00000000ed900000, 0x00000000eda00000|  0%| F|  |TAMS 0x00000000ed900000, 0x00000000ed900000| Untracked 
| 218|0x00000000eda00000, 0x00000000eda00000, 0x00000000edb00000|  0%| F|  |TAMS 0x00000000eda00000, 0x00000000eda00000| Untracked 
| 219|0x00000000edb00000, 0x00000000edb00000, 0x00000000edc00000|  0%| F|  |TAMS 0x00000000edb00000, 0x00000000edb00000| Untracked 
| 220|0x00000000edc00000, 0x00000000edc00000, 0x00000000edd00000|  0%| F|  |TAMS 0x00000000edc00000, 0x00000000edc00000| Untracked 
| 221|0x00000000edd00000, 0x00000000edd00000, 0x00000000ede00000|  0%| F|  |TAMS 0x00000000edd00000, 0x00000000edd00000| Untracked 
| 222|0x00000000ede00000, 0x00000000ede00000, 0x00000000edf00000|  0%| F|  |TAMS 0x00000000ede00000, 0x00000000ede00000| Untracked 
| 223|0x00000000edf00000, 0x00000000edf00000, 0x00000000ee000000|  0%| F|  |TAMS 0x00000000edf00000, 0x00000000edf00000| Untracked 
| 224|0x00000000ee000000, 0x00000000ee000000, 0x00000000ee100000|  0%| F|  |TAMS 0x00000000ee000000, 0x00000000ee000000| Untracked 
| 225|0x00000000ee100000, 0x00000000ee100000, 0x00000000ee200000|  0%| F|  |TAMS 0x00000000ee100000, 0x00000000ee100000| Untracked 
| 226|0x00000000ee200000, 0x00000000ee200000, 0x00000000ee300000|  0%| F|  |TAMS 0x00000000ee200000, 0x00000000ee200000| Untracked 
| 227|0x00000000ee300000, 0x00000000ee300000, 0x00000000ee400000|  0%| F|  |TAMS 0x00000000ee300000, 0x00000000ee300000| Untracked 
| 228|0x00000000ee400000, 0x00000000ee400000, 0x00000000ee500000|  0%| F|  |TAMS 0x00000000ee400000, 0x00000000ee400000| Untracked 
| 229|0x00000000ee500000, 0x00000000ee500000, 0x00000000ee600000|  0%| F|  |TAMS 0x00000000ee500000, 0x00000000ee500000| Untracked 
| 230|0x00000000ee600000, 0x00000000ee600000, 0x00000000ee700000|  0%| F|  |TAMS 0x00000000ee600000, 0x00000000ee600000| Untracked 
| 231|0x00000000ee700000, 0x00000000ee700000, 0x00000000ee800000|  0%| F|  |TAMS 0x00000000ee700000, 0x00000000ee700000| Untracked 
| 232|0x00000000ee800000, 0x00000000ee800000, 0x00000000ee900000|  0%| F|  |TAMS 0x00000000ee800000, 0x00000000ee800000| Untracked 
| 233|0x00000000ee900000, 0x00000000ee900000, 0x00000000eea00000|  0%| F|  |TAMS 0x00000000ee900000, 0x00000000ee900000| Untracked 
| 234|0x00000000eea00000, 0x00000000eea00000, 0x00000000eeb00000|  0%| F|  |TAMS 0x00000000eea00000, 0x00000000eea00000| Untracked 
| 235|0x00000000eeb00000, 0x00000000eeb00000, 0x00000000eec00000|  0%| F|  |TAMS 0x00000000eeb00000, 0x00000000eeb00000| Untracked 
| 236|0x00000000eec00000, 0x00000000eec00000, 0x00000000eed00000|  0%| F|  |TAMS 0x00000000eec00000, 0x00000000eec00000| Untracked 
| 237|0x00000000eed00000, 0x00000000eed00000, 0x00000000eee00000|  0%| F|  |TAMS 0x00000000eed00000, 0x00000000eed00000| Untracked 
| 238|0x00000000eee00000, 0x00000000eee00000, 0x00000000eef00000|  0%| F|  |TAMS 0x00000000eee00000, 0x00000000eee00000| Untracked 
| 239|0x00000000eef00000, 0x00000000eef00000, 0x00000000ef000000|  0%| F|  |TAMS 0x00000000eef00000, 0x00000000eef00000| Untracked 
| 240|0x00000000ef000000, 0x00000000ef000000, 0x00000000ef100000|  0%| F|  |TAMS 0x00000000ef000000, 0x00000000ef000000| Untracked 
| 241|0x00000000ef100000, 0x00000000ef100000, 0x00000000ef200000|  0%| F|  |TAMS 0x00000000ef100000, 0x00000000ef100000| Untracked 
| 242|0x00000000ef200000, 0x00000000ef200000, 0x00000000ef300000|  0%| F|  |TAMS 0x00000000ef200000, 0x00000000ef200000| Untracked 
| 243|0x00000000ef300000, 0x00000000ef300000, 0x00000000ef400000|  0%| F|  |TAMS 0x00000000ef300000, 0x00000000ef300000| Untracked 
| 244|0x00000000ef400000, 0x00000000ef400000, 0x00000000ef500000|  0%| F|  |TAMS 0x00000000ef400000, 0x00000000ef400000| Untracked 
| 245|0x00000000ef500000, 0x00000000ef580800, 0x00000000ef600000| 50%| E|  |TAMS 0x00000000ef500000, 0x00000000ef500000| Complete 
| 246|0x00000000ef600000, 0x00000000ef700000, 0x00000000ef700000|100%| E|CS|TAMS 0x00000000ef600000, 0x00000000ef600000| Complete 
| 247|0x00000000ef700000, 0x00000000ef800000, 0x00000000ef800000|100%| E|CS|TAMS 0x00000000ef700000, 0x00000000ef700000| Complete 
| 248|0x00000000ef800000, 0x00000000ef900000, 0x00000000ef900000|100%| E|CS|TAMS 0x00000000ef800000, 0x00000000ef800000| Complete 
| 249|0x00000000ef900000, 0x00000000efa00000, 0x00000000efa00000|100%| E|CS|TAMS 0x00000000ef900000, 0x00000000ef900000| Complete 
| 250|0x00000000efa00000, 0x00000000efb00000, 0x00000000efb00000|100%| E|CS|TAMS 0x00000000efa00000, 0x00000000efa00000| Complete 
| 251|0x00000000efb00000, 0x00000000efc00000, 0x00000000efc00000|100%| E|CS|TAMS 0x00000000efb00000, 0x00000000efb00000| Complete 
| 252|0x00000000efc00000, 0x00000000efd00000, 0x00000000efd00000|100%| E|CS|TAMS 0x00000000efc00000, 0x00000000efc00000| Complete 
| 253|0x00000000efd00000, 0x00000000efe00000, 0x00000000efe00000|100%| E|CS|TAMS 0x00000000efd00000, 0x00000000efd00000| Complete 
| 254|0x00000000efe00000, 0x00000000eff00000, 0x00000000eff00000|100%| E|CS|TAMS 0x00000000efe00000, 0x00000000efe00000| Complete 
| 255|0x00000000eff00000, 0x00000000f0000000, 0x00000000f0000000|100%| E|CS|TAMS 0x00000000eff00000, 0x00000000eff00000| Complete 

Card table byte_map: [0x000001e4ffa00000,0x000001e4ffb00000] _byte_map_base: 0x000001e4ff300000

Marking Bits (Prev, Next): (CMBitMap*) 0x000001e4fbd13f00, (CMBitMap*) 0x000001e4fbd13ec8
 Prev Bits: [0x000001e48f800000, 0x000001e490000000)
 Next Bits: [0x000001e48f000000, 0x000001e48f800000)

Polling page: 0x000001e4f9cc0000

Metaspace:

Usage:
  Non-class:     21.86 MB capacity,    21.66 MB (>99%) used,   175.52 KB ( <1%) free+waste,    31.44 KB ( <1%) overhead. 
      Class:      2.74 MB capacity,     2.64 MB ( 97%) used,    82.89 KB (  3%) free+waste,    12.75 KB ( <1%) overhead. 
       Both:     24.60 MB capacity,    24.30 MB ( 99%) used,   258.41 KB (  1%) free+waste,    44.19 KB ( <1%) overhead. 

Virtual space:
  Non-class space:       22.00 MB reserved,      21.92 MB (>99%) committed 
      Class space:        1.00 GB reserved,       2.75 MB ( <1%) committed 
             Both:        1.02 GB reserved,      24.67 MB (  2%) committed 

Chunk freelists:
   Non-Class:  63.00 KB
       Class:  15.00 KB
        Both:  78.00 KB

MaxMetaspaceSize: 17179869184.00 GB
CompressedClassSpaceSize: 1.00 GB

CodeHeap 'non-profiled nmethods': size=120064Kb used=2229Kb max_used=2229Kb free=117835Kb
 bounds [0x000001e487ac0000, 0x000001e487d30000, 0x000001e48f000000]
CodeHeap 'profiled nmethods': size=120000Kb used=13651Kb max_used=13651Kb free=106349Kb
 bounds [0x000001e480590000, 0x000001e4812f0000, 0x000001e487ac0000]
CodeHeap 'non-nmethods': size=5696Kb used=1137Kb max_used=1186Kb free=4558Kb
 bounds [0x000001e480000000, 0x000001e480270000, 0x000001e480590000]
 total_blobs=3172 nmethods=2705 adapters=378
 compilation: enabled
              stopped_count=0, restarted_count=0
 full_count=0

Compilation events (20 events):
Event: 3.196 Thread 0x000001e492db7000 nmethod 2714 0x000001e4812aa590 code [0x000001e4812aa760, 0x000001e4812aa8d8]
Event: 3.196 Thread 0x000001e492db7000 2715       2       net.bytebuddy.description.method.MethodList$Explicit::get (41 bytes)
Event: 3.196 Thread 0x000001e492db7000 nmethod 2715 0x000001e4812aaa10 code [0x000001e4812aac20, 0x000001e4812ab0a8]
Event: 3.196 Thread 0x000001e492db7000 2716       2       net.bytebuddy.matcher.ErasureMatcher::matches (18 bytes)
Event: 3.196 Thread 0x000001e492db7000 nmethod 2716 0x000001e4812ab390 code [0x000001e4812ab560, 0x000001e4812ab738]
Event: 3.196 Thread 0x000001e492db7000 2717       2       net.bytebuddy.matcher.ErasureMatcher::matches (41 bytes)
Event: 3.197 Thread 0x000001e493283000 nmethod 2561 0x000001e487ce9690 code [0x000001e487ce9940, 0x000001e487ceb090]
Event: 3.197 Thread 0x000001e492db7000 nmethod 2717 0x000001e4812ab890 code [0x000001e4812abaa0, 0x000001e4812abf18]
Event: 3.197 Thread 0x000001e493283000 2697       4       net.bytebuddy.description.type.TypeDescription$Generic$OfNonGenericType::$jacocoInit (53 bytes)
Event: 3.197 Thread 0x000001e492db7000 2718       2       net.bytebuddy.dynamic.scaffold.MethodGraph$NodeList::$jacocoInit (52 bytes)
Event: 3.197 Thread 0x000001e492db7000 nmethod 2718 0x000001e4812ac210 code [0x000001e4812ac400, 0x000001e4812ac918]
Event: 3.197 Thread 0x000001e492db7000 2721       2       net.bytebuddy.description.ModifierReviewable$AbstractBase::isPublic (33 bytes)
Event: 3.197 Thread 0x000001e493283000 nmethod 2697 0x000001e487cec410 code [0x000001e487cec5a0, 0x000001e487cec5f8]
Event: 3.197 Thread 0x000001e493283000 2720       4       net.bytebuddy.description.type.TypeDescription$AbstractBase::$jacocoInit (54 bytes)
Event: 3.197 Thread 0x000001e492db7000 nmethod 2721 0x000001e4812acb10 code [0x000001e4812acd20, 0x000001e4812ad148]
Event: 3.197 Thread 0x000001e492db7000 2719       2       net.bytebuddy.description.type.TypeDescription$AbstractBase::isVisibleTo (189 bytes)
Event: 3.197 Thread 0x000001e493283000 nmethod 2720 0x000001e487cec690 code [0x000001e487cec820, 0x000001e487cec878]
Event: 3.197 Thread 0x000001e493283000 2576       4       org.jacoco.agent.rt.internal_1f1cc91.core.internal.flow.LabelFlowAnalyzer::visitLdcInsn (38 bytes)
Event: 3.198 Thread 0x000001e492db7000 nmethod 2719 0x000001e4812ad410 code [0x000001e4812ad780, 0x000001e4812ae768]
Event: 3.198 Thread 0x000001e492db7000 2728 %     3       net.bytebuddy.jar.asm.ClassReader::readUtf @ 97 (375 bytes)

GC Heap History (12 events):
Event: 0.363 GC heap before
{Heap before GC invocations=0 (full 0):
 garbage-first heap   total 262144K, used 22528K [0x00000000e0000000, 0x0000000100000000)
  region size 1024K, 22 young (22528K), 0 survivors (0K)
 Metaspace       used 9861K, capacity 10063K, committed 10240K, reserved 1058816K
  class space    used 867K, capacity 924K, committed 1024K, reserved 1048576K
}
Event: 0.366 GC heap after
{Heap after GC invocations=1 (full 0):
 garbage-first heap   total 262144K, used 8983K [0x00000000e0000000, 0x0000000100000000)
  region size 1024K, 3 young (3072K), 3 survivors (3072K)
 Metaspace       used 9861K, capacity 10063K, committed 10240K, reserved 1058816K
  class space    used 867K, capacity 924K, committed 1024K, reserved 1048576K
}
Event: 0.704 GC heap before
{Heap before GC invocations=1 (full 0):
 garbage-first heap   total 262144K, used 27415K [0x00000000e0000000, 0x0000000100000000)
  region size 1024K, 21 young (21504K), 3 survivors (3072K)
 Metaspace       used 11546K, capacity 11801K, committed 11904K, reserved 1060864K
  class space    used 1021K, capacity 1098K, committed 1152K, reserved 1048576K
}
Event: 0.706 GC heap after
{Heap after GC invocations=2 (full 0):
 garbage-first heap   total 262144K, used 10210K [0x00000000e0000000, 0x0000000100000000)
  region size 1024K, 2 young (2048K), 2 survivors (2048K)
 Metaspace       used 11546K, capacity 11801K, committed 11904K, reserved 1060864K
  class space    used 1021K, capacity 1098K, committed 1152K, reserved 1048576K
}
Event: 1.384 GC heap before
{Heap before GC invocations=2 (full 0):
 garbage-first heap   total 262144K, used 56290K [0x00000000e0000000, 0x0000000100000000)
  region size 1024K, 47 young (48128K), 2 survivors (2048K)
 Metaspace       used 15534K, capacity 15920K, committed 16000K, reserved 1062912K
  class space    used 1496K, capacity 1591K, committed 1664K, reserved 1048576K
}
Event: 1.386 GC heap after
{Heap after GC invocations=3 (full 0):
 garbage-first heap   total 262144K, used 11862K [0x00000000e0000000, 0x0000000100000000)
  region size 1024K, 3 young (3072K), 3 survivors (3072K)
 Metaspace       used 15534K, capacity 15920K, committed 16000K, reserved 1062912K
  class space    used 1496K, capacity 1591K, committed 1664K, reserved 1048576K
}
Event: 2.198 GC heap before
{Heap before GC invocations=3 (full 0):
 garbage-first heap   total 262144K, used 91734K [0x00000000e0000000, 0x0000000100000000)
  region size 1024K, 81 young (82944K), 3 survivors (3072K)
 Metaspace       used 19292K, capacity 19549K, committed 19840K, reserved 1067008K
  class space    used 1971K, capacity 2057K, committed 2176K, reserved 1048576K
}
Event: 2.201 GC heap after
{Heap after GC invocations=4 (full 0):
 garbage-first heap   total 262144K, used 14620K [0x00000000e0000000, 0x0000000100000000)
  region size 1024K, 6 young (6144K), 6 survivors (6144K)
 Metaspace       used 19292K, capacity 19549K, committed 19840K, reserved 1067008K
  class space    used 1971K, capacity 2057K, committed 2176K, reserved 1048576K
}
Event: 2.465 GC heap before
{Heap before GC invocations=4 (full 0):
 garbage-first heap   total 262144K, used 55580K [0x00000000e0000000, 0x0000000100000000)
  region size 1024K, 47 young (48128K), 6 survivors (6144K)
 Metaspace       used 20847K, capacity 21094K, committed 21296K, reserved 1069056K
  class space    used 2222K, capacity 2315K, committed 2432K, reserved 1048576K
}
Event: 2.469 GC heap after
{Heap after GC invocations=5 (full 0):
 garbage-first heap   total 262144K, used 17569K [0x00000000e0000000, 0x0000000100000000)
  region size 1024K, 9 young (9216K), 9 survivors (9216K)
 Metaspace       used 20847K, capacity 21094K, committed 21296K, reserved 1069056K
  class space    used 2222K, capacity 2315K, committed 2432K, reserved 1048576K
}
Event: 3.136 GC heap before
{Heap before GC invocations=6 (full 0):
 garbage-first heap   total 262144K, used 125089K [0x00000000e0000000, 0x0000000100000000)
  region size 1024K, 114 young (116736K), 9 survivors (9216K)
 Metaspace       used 24497K, capacity 24833K, committed 25008K, reserved 1071104K
  class space    used 2665K, capacity 2769K, committed 2816K, reserved 1048576K
}
Event: 3.141 GC heap after
{Heap after GC invocations=7 (full 0):
 garbage-first heap   total 262144K, used 25413K [0x00000000e0000000, 0x0000000100000000)
  region size 1024K, 15 young (15360K), 15 survivors (15360K)
 Metaspace       used 24497K, capacity 24833K, committed 25008K, reserved 1071104K
  class space    used 2665K, capacity 2769K, committed 2816K, reserved 1048576K
}

Deoptimization events (20 events):
Event: 2.804 Thread 0x000001e4965aa000 DEOPT PACKING pc=0x000001e480cc33a7 sp=0x00000023af4f6010
Event: 2.804 Thread 0x000001e4965aa000 DEOPT UNPACKING pc=0x000001e480026dde sp=0x00000023af4f5808 mode 0
Event: 2.879 Thread 0x000001e4965aa000 DEOPT PACKING pc=0x000001e4810a132b sp=0x00000023af4f6850
Event: 2.879 Thread 0x000001e4965aa000 DEOPT UNPACKING pc=0x000001e480026dde sp=0x00000023af4f5cf0 mode 0
Event: 2.927 Thread 0x000001e4965aa000 DEOPT PACKING pc=0x000001e480c9b2e0 sp=0x00000023af4f6ef0
Event: 2.927 Thread 0x000001e4965aa000 DEOPT UNPACKING pc=0x000001e480026dde sp=0x00000023af4f63b0 mode 0
Event: 2.952 Thread 0x000001e4965aa000 DEOPT PACKING pc=0x000001e480d726ad sp=0x00000023af4f59a0
Event: 2.952 Thread 0x000001e4965aa000 DEOPT UNPACKING pc=0x000001e480026dde sp=0x00000023af4f4f68 mode 0
Event: 2.980 Thread 0x000001e4965aa000 DEOPT PACKING pc=0x000001e4810a132b sp=0x00000023af4f6320
Event: 2.980 Thread 0x000001e4965aa000 DEOPT UNPACKING pc=0x000001e480026dde sp=0x00000023af4f57c0 mode 0
Event: 3.002 Thread 0x000001e4965aa000 Uncommon trap: trap_request=0xffffff4d fr.pc=0x000001e487b61770 relative=0x00000000000002b0
Event: 3.002 Thread 0x000001e4965aa000 Uncommon trap: reason=unstable_if action=reinterpret pc=0x000001e487b61770 method=org.jetbrains.coverage.org.objectweb.asm.Frame.merge(Lorg/jetbrains/coverage/org/objectweb/asm/SymbolTable;I[II)Z @ 277 c2
Event: 3.002 Thread 0x000001e4965aa000 DEOPT PACKING pc=0x000001e487b61770 sp=0x00000023af4f7400
Event: 3.002 Thread 0x000001e4965aa000 DEOPT UNPACKING pc=0x000001e48002662f sp=0x00000023af4f7368 mode 2
Event: 3.087 Thread 0x000001e4965aa000 DEOPT PACKING pc=0x000001e4810a132b sp=0x00000023af4f4990
Event: 3.087 Thread 0x000001e4965aa000 DEOPT UNPACKING pc=0x000001e480026dde sp=0x00000023af4f3e30 mode 0
Event: 3.167 Thread 0x000001e4965aa000 Uncommon trap: trap_request=0xffffff4d fr.pc=0x000001e487ca6644 relative=0x00000000000000a4
Event: 3.167 Thread 0x000001e4965aa000 Uncommon trap: reason=unstable_if action=reinterpret pc=0x000001e487ca6644 method=org.jetbrains.coverage.org.objectweb.asm.Frame.getLocal(I)I @ 13 c2
Event: 3.167 Thread 0x000001e4965aa000 DEOPT PACKING pc=0x000001e487ca6644 sp=0x00000023af4f72d0
Event: 3.167 Thread 0x000001e4965aa000 DEOPT UNPACKING pc=0x000001e48002662f sp=0x00000023af4f7250 mode 2

Classes redefined (0 events):
No events

Internal exceptions (19 events):
Event: 0.175 Thread 0x000001e4fbcfc800 Exception <a 'java/security/PrivilegedActionException'{0x00000000efc63d98}> (0x00000000efc63d98) thrown at [./src/hotspot/share/prims/jvm.cpp, line 1306]
Event: 0.175 Thread 0x000001e4fbcfc800 Exception <a 'java/security/PrivilegedActionException'{0x00000000efc64068}> (0x00000000efc64068) thrown at [./src/hotspot/share/prims/jvm.cpp, line 1306]
Event: 0.225 Thread 0x000001e4fbcfc800 Exception <a 'java/security/PrivilegedActionException'{0x00000000ef68f0d0}> (0x00000000ef68f0d0) thrown at [./src/hotspot/share/prims/jvm.cpp, line 1306]
Event: 0.225 Thread 0x000001e4fbcfc800 Exception <a 'java/security/PrivilegedActionException'{0x00000000ef68f3a0}> (0x00000000ef68f3a0) thrown at [./src/hotspot/share/prims/jvm.cpp, line 1306]
Event: 0.324 Thread 0x000001e4fbcfc800 Exception <a 'java/lang/NoSuchMethodError'{0x00000000eee95c88}: 'int java.lang.invoke.DirectMethodHandle$Holder.invokeSpecialIFC(java.lang.Object, java.lang.Object, int)'> (0x00000000eee95c88) thrown at [./src/hotspot/share/interpreter/linkResolver.cpp, line 773]
Event: 1.055 Thread 0x000001e4fbcfc800 Exception <a 'java/lang/NoSuchMethodError'{0x00000000eef44dc0}: <clinit>> (0x00000000eef44dc0) thrown at [./src/hotspot/share/prims/jni.cpp, line 1362]
Event: 1.056 Thread 0x000001e4fbcfc800 Exception <a 'java/lang/NoSuchMethodError'{0x00000000eef4e7f0}: <clinit>> (0x00000000eef4e7f0) thrown at [./src/hotspot/share/prims/jni.cpp, line 1362]
Event: 1.057 Thread 0x000001e4fbcfc800 Exception <a 'java/lang/NoSuchMethodError'{0x00000000eef57cc0}: <clinit>> (0x00000000eef57cc0) thrown at [./src/hotspot/share/prims/jni.cpp, line 1362]
Event: 1.192 Thread 0x000001e4fbcfc800 Exception <a 'java/lang/NoSuchMethodError'{0x00000000ee06dc20}: 'java.lang.Object java.lang.invoke.DirectMethodHandle$Holder.invokeVirtual(java.lang.Object, java.lang.Object, java.lang.Object, java.lang.Object, java.lang.Object)'> (0x00000000ee06dc20) thrown at [./src/hotspot/share/interpreter/linkResolver.cpp, line 773]
Event: 1.277 Thread 0x000001e4fbcfc800 Exception <a 'java/lang/NoSuchMethodError'{0x00000000ed86b3c0}: 'java.lang.Object java.lang.invoke.DirectMethodHandle$Holder.invokeStaticInit(java.lang.Object, int, int, int, int)'> (0x00000000ed86b3c0) thrown at [./src/hotspot/share/interpreter/linkResolver.cpp, line 773]
Event: 1.325 Thread 0x000001e4fbcfc800 Exception <a 'java/lang/NoSuchMethodError'{0x00000000ed79a2d0}: 'java.lang.Object java.lang.invoke.DirectMethodHandle$Holder.invokeStaticInit(java.lang.Object, java.lang.Object, int, int, int, int)'> (0x00000000ed79a2d0) thrown at [./src/hotspot/share/interpreter/linkResolver.cpp, line 773]
Event: 1.679 Thread 0x000001e4965aa000 Exception <a 'java/lang/reflect/InvocationTargetException'{0x00000000eddd4c68}> (0x00000000eddd4c68) thrown at [./src/hotspot/share/runtime/reflection.cpp, line 1247]
Event: 1.680 Thread 0x000001e4965aa000 Exception <a 'java/lang/NoSuchMethodError'{0x00000000edde0dd0}: 'java.lang.Object java.lang.invoke.DirectMethodHandle$Holder.invokeStaticInit(java.lang.Object, java.lang.Object, long, java.lang.Object)'> (0x00000000edde0dd0) thrown at [./src/hotspot/share/interpreter/linkResolver.cpp, line 773]
Event: 1.680 Thread 0x000001e4965aa000 Exception <a 'java/lang/NoSuchMethodError'{0x00000000edded060}: 'java.lang.Object java.lang.invoke.Invokers$Holder.linkToTargetMethod(java.lang.Object, long, java.lang.Object)'> (0x00000000edded060) thrown at [./src/hotspot/share/interpreter/linkResolver.cpp, line 773]
Event: 1.692 Thread 0x000001e4965aa000 Exception <a 'java/lang/NoSuchMethodError'{0x00000000edcfd688}: 'void java.lang.invoke.DirectMethodHandle$Holder.invokeStatic(java.lang.Object, long)'> (0x00000000edcfd688) thrown at [./src/hotspot/share/interpreter/linkResolver.cpp, line 773]
Event: 1.693 Thread 0x000001e4965aa000 Exception <a 'java/lang/NoSuchMethodError'{0x00000000edb03348}: 'java.lang.Object java.lang.invoke.DirectMethodHandle$Holder.invokeStatic(java.lang.Object, long)'> (0x00000000edb03348) thrown at [./src/hotspot/share/interpreter/linkResolver.cpp, line 773]
Event: 1.693 Thread 0x000001e4965aa000 Exception <a 'java/lang/NoSuchMethodError'{0x00000000edb06918}: 'java.lang.Object java.lang.invoke.DirectMethodHandle$Holder.invokeSpecial(java.lang.Object, java.lang.Object, long)'> (0x00000000edb06918) thrown at [./src/hotspot/share/interpreter/linkResolver.cpp, line 773]
Event: 1.693 Thread 0x000001e4965aa000 Exception <a 'java/lang/NoSuchMethodError'{0x00000000edb09928}: 'java.lang.Object java.lang.invoke.Invokers$Holder.linkToTargetMethod(long, java.lang.Object)'> (0x00000000edb09928) thrown at [./src/hotspot/share/interpreter/linkResolver.cpp, line 773]
Event: 2.583 Thread 0x000001e4965aa000 Exception <a 'java/lang/ClassNotFoundException'{0x00000000ef086d80}: java/lang/ClassLoader$ByteBuddyAccessor$aRvOQ0jV> (0x00000000ef086d80) thrown at [./src/hotspot/share/classfile/systemDictionary.cpp, line 231]

Events (20 events):
Event: 3.182 loading class android/support/v7/view/ActionMode
Event: 3.182 loading class android/support/v7/view/ActionMode done
Event: 3.183 loading class net/bytebuddy/description/type/TypeDescription$Generic$AnnotationReader$Dispatcher$ForJava8CapableVm$AnnotatedTypeVariableType
Event: 3.183 loading class net/bytebuddy/description/type/TypeDescription$Generic$AnnotationReader$Dispatcher$ForJava8CapableVm$AnnotatedTypeVariableType done
Event: 3.184 loading class net/bytebuddy/description/type/TypeDescription$Generic$OfTypeVariable$ForLoadedType
Event: 3.184 loading class net/bytebuddy/description/type/TypeDescription$Generic$OfTypeVariable$ForLoadedType done
Event: 3.185 loading class net/bytebuddy/description/type/TypeDescription$Generic$OfTypeVariable
Event: 3.185 loading class net/bytebuddy/description/type/TypeDescription$Generic$OfTypeVariable done
Event: 3.187 loading class net/bytebuddy/description/type/TypeVariableToken
Event: 3.187 loading class net/bytebuddy/description/type/TypeVariableToken done
Event: 3.188 loading class net/bytebuddy/description/type/TypeDescription$Generic$OfTypeVariable$ForLoadedType$TypeVariableBoundList
Event: 3.188 loading class net/bytebuddy/description/type/TypeDescription$Generic$OfTypeVariable$ForLoadedType$TypeVariableBoundList done
Event: 3.188 loading class net/bytebuddy/description/type/TypeDescription$Generic$AnnotationReader$ForTypeVariableBoundType$OfFormalTypeVariable
Event: 3.188 loading class net/bytebuddy/description/type/TypeDescription$Generic$AnnotationReader$ForTypeVariableBoundType$OfFormalTypeVariable done
Event: 3.189 loading class net/bytebuddy/description/type/TypeDescription$Generic$OfTypeVariable$Symbolic
Event: 3.189 loading class net/bytebuddy/description/type/TypeDescription$Generic$OfTypeVariable$Symbolic done
Event: 3.194 loading class net/bytebuddy/description/type/TypeList$Generic$ForDetachedTypes$OfTypeVariables$AttachedTypeVariable
Event: 3.194 loading class net/bytebuddy/description/type/TypeList$Generic$ForDetachedTypes$OfTypeVariables$AttachedTypeVariable done
Event: 3.195 loading class net/bytebuddy/description/type/TypeDescription$Generic$OfTypeVariable$WithAnnotationOverlay
Event: 3.195 loading class net/bytebuddy/description/type/TypeDescription$Generic$OfTypeVariable$WithAnnotationOverlay done


Dynamic libraries:
0x00007ff74bcb0000 - 0x00007ff74bcba000 	C:\Program Files\Android\Android Studio\jre\bin\java.exe
0x00007fff17c30000 - 0x00007fff17e25000 	C:\Windows\SYSTEM32\ntdll.dll
0x00007fff16220000 - 0x00007fff162de000 	C:\Windows\System32\KERNEL32.DLL
0x00007fff157f0000 - 0x00007fff15ab8000 	C:\Windows\System32\KERNELBASE.dll
0x00007fff15340000 - 0x00007fff15440000 	C:\Windows\System32\ucrtbase.dll
0x00007fff00ea0000 - 0x00007fff00eb9000 	C:\Program Files\Android\Android Studio\jre\bin\jli.dll
0x00007ffeff460000 - 0x00007ffeff477000 	C:\Program Files\Android\Android Studio\jre\bin\VCRUNTIME140.dll
0x00007fff17990000 - 0x00007fff17b31000 	C:\Windows\System32\USER32.dll
0x00007fff157c0000 - 0x00007fff157e2000 	C:\Windows\System32\win32u.dll
0x00007fff03920000 - 0x00007fff03bba000 	C:\Windows\WinSxS\amd64_microsoft.windows.common-controls_6595b64144ccf1df_6.0.19041.1110_none_60b5254171f9507e\COMCTL32.dll
0x00007fff16490000 - 0x00007fff164bb000 	C:\Windows\System32\GDI32.dll
0x00007fff16120000 - 0x00007fff161be000 	C:\Windows\System32\msvcrt.dll
0x00007fff15680000 - 0x00007fff1578d000 	C:\Windows\System32\gdi32full.dll
0x00007fff15440000 - 0x00007fff154dd000 	C:\Windows\System32\msvcp_win.dll
0x00007fff15c70000 - 0x00007fff15ca0000 	C:\Windows\System32\IMM32.DLL
0x00007ffefe4c0000 - 0x00007ffefe55d000 	C:\Program Files\Android\Android Studio\jre\bin\msvcp140.dll
0x00007ffed9780000 - 0x00007ffeda255000 	C:\Program Files\Android\Android Studio\jre\bin\server\jvm.dll
0x00007fff162e0000 - 0x00007fff1638e000 	C:\Windows\System32\ADVAPI32.dll
0x00007fff172c0000 - 0x00007fff1735c000 	C:\Windows\System32\sechost.dll
0x00007fff17860000 - 0x00007fff17985000 	C:\Windows\System32\RPCRT4.dll
0x00007fff16480000 - 0x00007fff16488000 	C:\Windows\System32\PSAPI.DLL
0x00007fff082a0000 - 0x00007fff082c7000 	C:\Windows\SYSTEM32\WINMM.dll
0x00007ffeff900000 - 0x00007ffeff909000 	C:\Windows\SYSTEM32\WSOCK32.dll
0x00007fff10cb0000 - 0x00007fff10cba000 	C:\Windows\SYSTEM32\VERSION.dll
0x00007fff16c10000 - 0x00007fff16c7b000 	C:\Windows\System32\WS2_32.dll
0x00007fff13250000 - 0x00007fff13262000 	C:\Windows\SYSTEM32\kernel.appcore.dll
0x00007fff10a10000 - 0x00007fff10a21000 	C:\Program Files\Android\Android Studio\jre\bin\verify.dll
0x00007fff07960000 - 0x00007fff07b44000 	C:\Windows\SYSTEM32\DBGHELP.DLL
0x00007ffef4e70000 - 0x00007ffef4e9c000 	C:\Windows\SYSTEM32\dbgcore.DLL
0x00007fff15540000 - 0x00007fff155c2000 	C:\Windows\System32\bcryptPrimitives.dll
0x00007fff10780000 - 0x00007fff107a9000 	C:\Program Files\Android\Android Studio\jre\bin\java.dll
0x00007fff10a00000 - 0x00007fff10a0b000 	C:\Program Files\Android\Android Studio\jre\bin\jimage.dll
0x00007ffeff450000 - 0x00007ffeff45f000 	C:\Program Files\Android\Android Studio\jre\bin\instrument.dll
0x00007fff0d520000 - 0x00007fff0d538000 	C:\Program Files\Android\Android Studio\jre\bin\zip.dll
0x00007fff164c0000 - 0x00007fff16c04000 	C:\Windows\System32\SHELL32.dll
0x00007fff13450000 - 0x00007fff13be5000 	C:\Windows\SYSTEM32\windows.storage.dll
0x00007fff16c80000 - 0x00007fff16fd5000 	C:\Windows\System32\combase.dll
0x00007fff14cc0000 - 0x00007fff14cee000 	C:\Windows\SYSTEM32\Wldp.dll
0x00007fff17520000 - 0x00007fff175cd000 	C:\Windows\System32\SHCORE.dll
0x00007fff161c0000 - 0x00007fff16215000 	C:\Windows\System32\shlwapi.dll
0x00007fff15280000 - 0x00007fff1529f000 	C:\Windows\SYSTEM32\profapi.dll
0x00007fff0d4a0000 - 0x00007fff0d4ba000 	C:\Program Files\Android\Android Studio\jre\bin\net.dll
0x00007fff0bbf0000 - 0x00007fff0bcfc000 	C:\Windows\SYSTEM32\WINHTTP.dll
0x00007fff14a20000 - 0x00007fff14a8a000 	C:\Windows\system32\mswsock.dll
0x00007ffefff30000 - 0x00007ffefff44000 	C:\Program Files\Android\Android Studio\jre\bin\nio.dll
0x00007ffef2ea0000 - 0x00007ffef2eb7000 	C:\Windows\system32\napinsp.dll
0x00007ffef2e80000 - 0x00007ffef2e9b000 	C:\Windows\system32\pnrpnsp.dll
0x00007fff0f3a0000 - 0x00007fff0f3b5000 	C:\Windows\system32\wshbth.dll
0x00007fff10ea0000 - 0x00007fff10ebd000 	C:\Windows\system32\NLAapi.dll
0x00007fff14710000 - 0x00007fff1474b000 	C:\Windows\SYSTEM32\IPHLPAPI.DLL
0x00007fff14750000 - 0x00007fff1481b000 	C:\Windows\SYSTEM32\DNSAPI.dll
0x00007fff17360000 - 0x00007fff17368000 	C:\Windows\System32\NSI.dll
0x00007ffef2e40000 - 0x00007ffef2e52000 	C:\Windows\System32\winrnr.dll
0x0000000066030000 - 0x0000000066056000 	C:\Program Files\Bonjour\mdnsNSP.dll
0x00007fff03db0000 - 0x00007fff03dba000 	C:\Windows\System32\rasadhlp.dll
0x00007fff02d40000 - 0x00007fff02dbf000 	C:\Windows\System32\fwpuclnt.dll
0x00007fff15790000 - 0x00007fff157b7000 	C:\Windows\System32\bcrypt.dll
0x00007fff14c10000 - 0x00007fff14c28000 	C:\Windows\SYSTEM32\CRYPTSP.dll
0x00007fff143a0000 - 0x00007fff143d4000 	C:\Windows\system32\rsaenh.dll
0x00007fff15240000 - 0x00007fff1526e000 	C:\Windows\SYSTEM32\USERENV.dll
0x00007fff14c30000 - 0x00007fff14c3c000 	C:\Windows\SYSTEM32\CRYPTBASE.dll
0x00007fff0cf90000 - 0x00007fff0cfa7000 	C:\Windows\SYSTEM32\dhcpcsvc6.DLL
0x00007fff0cf70000 - 0x00007fff0cf8d000 	C:\Windows\SYSTEM32\dhcpcsvc.DLL

dbghelp: loaded successfully - version: 4.0.5 - missing functions: none
symbol engine: initialized successfully - sym options: 0x614 - pdb path: .;C:\Program Files\Android\Android Studio\jre\bin;C:\Windows\SYSTEM32;C:\Windows\WinSxS\amd64_microsoft.windows.common-controls_6595b64144ccf1df_6.0.19041.1110_none_60b5254171f9507e;C:\Program Files\Android\Android Studio\jre\bin\server;C:\Program Files\Bonjour

VM Arguments:
jvm_args: -Djava.awt.headless=true -Dorg.gradle.native=false -javaagent:C:\Users\Emanuele\AppData\Local\Google\AndroidStudio2021.1\testAgent\intellij-coverage-agent-1.0.579.jar=C:\Users\Emanuele\AppData\Local\Temp\coverage1076args -javaagent:build/tmp/expandedArchives/org.jacoco.agent-0.8.3.jar_4b57cf550318c2dfec984d52b9993337/jacocoagent.jar=destfile=build/jacoco/testDebugUnitTest.exec,append=true,inclnolocationclasses=false,dumponexit=true,output=file,jmx=false -Xmx512m -Dfile.encoding=windows-1252 -Duser.country=IT -Duser.language=it -Duser.variant -ea 
java_command: worker.org.gradle.process.internal.worker.GradleWorkerMain 'Gradle Test Executor 6'
java_class_path (initial): C:\\Users\\Emanuele\\.gradle\\caches\\5.4.1\\workerMain\\gradle-worker.jar;D:\\UNISA\\Images-to-PDF-8.8.1\\app\\build\\intermediates\\unit_test_config_directory\\debugUnitTest\\out;D:\\UNISA\\Images-to-PDF-8.8.1\\app\\build\\intermediates\\javac\\debugUnitTest\\classes;D:\\UNISA\\Images-to-PDF-8.8.1\\app\\build\\intermediates\\sourceFolderJavaResources\\test\\debug;D:\\UNISA\\Images-to-PDF-8.8.1\\app\\libs\\aspose-cells-19.3-android.via.java.jar;C:\\Users\\Emanuele\\.gradle\\caches\\modules-2\\files-2.1\\junit\\junit\\4.12\\2973d150c0dc1fefe998f834810d68f278ea58ec\\junit-4.12.jar;C:\\Users\\Emanuele\\.gradle\\caches\\transforms-2\\files-2.1\\7b6909b64f48938995ae3ed4e82d21fb\\design-28.0.0\\jars\\classes.jar;C:\\Users\\Emanuele\\.gradle\\caches\\transforms-2\\files-2.1\\651251c562687d258463be1acb29cef2\\preference-v7-28.0.0\\jars\\classes.jar;C:\\Users\\Emanuele\\.gradle\\caches\\transforms-2\\files-2.1\\486df71dc6ed74dea0b4255c79b1f7bb\\android-morphing-button-98a4986e56\\jars\\classes.jar;C:\\Users\\Emanuele\\.gradle\\caches\\transforms-2\\files-2.1\\e0b8729a29a97f1249360bc34a62f3c6\\core-0.9.6.0\\jars\\classes.jar;C:\\Users\\Emanuele\\.gradle\\caches\\transforms-2\\files-2.1\\9a8a65aafbfe97c85a668158010ad42e\\lottie-2.5.5\\jars\\classes.jar;C:\\Users\\Emanuele\\.gradle\\caches\\transforms-2\\files-2.1\\f759d4cca9c841abfbbf69a3d1988020\\photoeditor-0.2.1\\jars\\classes.jar;C:\\Users\\Emanuele\\.gradle\\caches\\transforms-2\\files-2.1\\136cddfca49c69e99f753cbe0696d868\\android-image-cropper-2.7.0\\jars\\classes.jar;C:\\Users\\Emanuele\\.gradle\\caches\\transforms-2\\files-2.1\\da52e0abd62c4b4fdf635b9f1534cce3\\matisse-0.5.2-beta4\\jars\\classes.jar;C:\\Users\\Emanuele\\.gradle\\caches\\transforms-2\\files-2.1\\fa54b75fd3ca8dcd347227168e2bb359\\library-1.4.2\\jars\\classes.jar;C:\\Users\\Emanuele\\.gradle\\caches\\transforms-2\\files-2.1\\2f076f60f4de0bb3727f48fd42425706\\appcompat-v7-28.0.0\\jars\\classes.jar;C:\\Users\\Emanuele\\.gradle
Launcher Type: SUN_STANDARD

[Global flags]
     intx CICompilerCount                          = 3                                         {product} {ergonomic}
     uint ConcGCThreads                            = 2                                         {product} {ergonomic}
     uint G1ConcRefinementThreads                  = 6                                         {product} {ergonomic}
   size_t G1HeapRegionSize                         = 1048576                                   {product} {ergonomic}
    uintx GCDrainStackTargetSize                   = 64                                        {product} {ergonomic}
   size_t InitialHeapSize                          = 268435456                                 {product} {ergonomic}
   size_t MarkStackSize                            = 4194304                                   {product} {ergonomic}
   size_t MaxHeapSize                              = 536870912                                 {product} {command line}
   size_t MaxNewSize                               = 321912832                                 {product} {ergonomic}
   size_t MinHeapDeltaBytes                        = 1048576                                   {product} {ergonomic}
    uintx NonNMethodCodeHeapSize                   = 5830732                                {pd product} {ergonomic}
    uintx NonProfiledCodeHeapSize                  = 122913754                              {pd product} {ergonomic}
    uintx ProfiledCodeHeapSize                     = 122913754                              {pd product} {ergonomic}
    uintx ReservedCodeCacheSize                    = 251658240                              {pd product} {ergonomic}
     bool SegmentedCodeCache                       = true                                      {product} {ergonomic}
     bool UseCompressedClassPointers               = true                                 {lp64_product} {ergonomic}
     bool UseCompressedOops                        = true                                 {lp64_product} {ergonomic}
     bool UseG1GC                                  = true                                      {product} {ergonomic}
     bool UseLargePagesIndividualAllocation        = false                                  {pd product} {ergonomic}

Logging:
Log output configuration:
 #0: stdout all=warning uptime,level,tags
 #1: stderr all=off uptime,level,tags

Environment Variables:
PATH=C:\Program Files\Common Files\Oracle\Java\javapath;C:\Program Files (x86)\Common Files\Oracle\Java\javapath;C:\Windows\system32;C:\Windows;C:\Windows\System32\Wbem;C:\Windows\System32\WindowsPowerShell\v1.0\;C:\Windows\System32\OpenSSH\;C:\Program Files\NVIDIA Corporation\NVIDIA NvDLISR;C:\Program Files (x86)\NVIDIA Corporation\PhysX\Common;C:\Program Files\dotnet\;C:\Program Files\Git\cmd;C:\Users\Emanuele\AppData\Local\Microsoft\WindowsApps;C:\Users\Emanuele\AppData\Local\GitHubDesktop\bin
USERNAME=Emanuele
OS=Windows_NT
PROCESSOR_IDENTIFIER=Intel64 Family 6 Model 158 Stepping 12, GenuineIntel



---------------  S Y S T E M  ---------------

OS: Windows 10 , 64 bit Build 19041 (10.0.19041.1466)
OS uptime: 0 days 1:23 hours

CPU:total 6 (initial active 6) (6 cores per cpu, 1 threads per core) family 6 model 158 stepping 12 microcode 0xae, cmov, cx8, fxsr, mmx, sse, sse2, sse3, ssse3, sse4.1, sse4.2, popcnt, avx, avx2, aes, clmul, erms, rtm, 3dnowpref, lzcnt, tsc, tscinvbit, bmi1, bmi2, adx, fma

Memory: 4k page, system-wide physical 16316M (9316M free)
TotalPageFile size 18748M (AvailPageFile size 10445M)
current process WorkingSet (physical memory assigned to process): 294M, peak: 297M
current process commit charge ("private bytes"): 442M, peak: 447M

vm_info: OpenJDK 64-Bit Server VM (11.0.11+9-b60-7590822) for windows-amd64 JRE (11.0.11+9-b60-7590822), built on Jul 29 2021 21:43:44 by "builder" with MS VC++ 14.0 (VS2015)

END.
