#
# A fatal error has been detected by the Java Runtime Environment:
#
#  EXCEPTION_ACCESS_VIOLATION (0xc0000005) at pc=0x00007ff8c671b029, pid=8800, tid=9060
#
# JRE version: OpenJDK Runtime Environment (11.0.11+9) (build 11.0.11+9-b60-7590822)
# Java VM: OpenJDK 64-Bit Server VM (11.0.11+9-b60-7590822, mixed mode, tiered, compressed oops, g1 gc, windows-amd64)
# Problematic frame:
# V  [jvm.dll+0x19b029]
#
# No core dump will be written. Minidumps are not enabled by default on client versions of Windows
#
# If you would like to submit a bug report, please visit:
#   https://bugreport.java.com/bugreport/crash.jsp
#

---------------  S U M M A R Y ------------

Command Line: -Djava.awt.headless=true -Dorg.gradle.native=false -javaagent:C:\Users\Emanuele\AppData\Local\Google\AndroidStudio2021.1\testAgent\intellij-coverage-agent-1.0.579.jar=C:\Users\Emanuele\AppData\Local\Temp\coverage9002args -javaagent:build/tmp/expandedArchives/org.jacoco.agent-0.8.3.jar_4b57cf550318c2dfec984d52b9993337/jacocoagent.jar=destfile=build/jacoco/testDebugUnitTest.exec,append=true,inclnolocationclasses=false,dumponexit=true,output=file,jmx=false -Xmx512m -Dfile.encoding=windows-1252 -Duser.country=IT -Duser.language=it -Duser.variant -ea worker.org.gradle.process.internal.worker.GradleWorkerMain 'Gradle Test Executor 145'

Host: Intel(R) Core(TM) i5-9600K CPU @ 3.70GHz, 6 cores, 15G,  Windows 10 , 64 bit Build 19041 (10.0.19041.1466)
Time: Tue Feb  8 20:54:02 2022 ora solare Europa occidentale elapsed time: 0.507225 seconds (0d 0h 0m 0s)

---------------  T H R E A D  ---------------

Current thread (0x00000222bd3ad800):  JavaThread "C2 CompilerThread0" daemon [_thread_in_native, id=9060, stack(0x0000008b57e00000,0x0000008b57f00000)]


Current CompileTask:
C2:    507  821       4       org.jetbrains.coverage.org.objectweb.asm.MethodWriter::visitMethodInsn (191 bytes)

Stack: [0x0000008b57e00000,0x0000008b57f00000],  sp=0x0000008b57efbec0,  free space=1007k
Native frames: (J=compiled Java code, j=interpreted, Vv=VM code, C=native code)
V  [jvm.dll+0x19b029]
V  [jvm.dll+0x198766]
V  [jvm.dll+0x1fc2ee]
V  [jvm.dll+0x1fb3d4]
V  [jvm.dll+0x183d6c]
V  [jvm.dll+0x209a57]
V  [jvm.dll+0x2082a1]
V  [jvm.dll+0x6ef58f]
V  [jvm.dll+0x6e80b5]
V  [jvm.dll+0x5f1036]
C  [ucrtbase.dll+0x21bb2]
C  [KERNEL32.DLL+0x17034]
C  [ntdll.dll+0x52651]


siginfo: EXCEPTION_ACCESS_VIOLATION (0xc0000005), reading address 0xffffffffffffffff


Register to memory mapping:

RIP=0x00007ff8c671b029 jvm.dll
RAX=0x00010222bdd0d9a0 is an unknown value
RBX=0x00000222bf6d8330 points into unknown readable memory: 0x0000000000000000 | 00 00 00 00 00 00 00 00
RCX=0x00000222c0406a30 points into unknown readable memory: 0x00007ff8c6cf95c8 | c8 95 cf c6 f8 7f 00 00
RDX=0x000000000000056b is an unknown value
RSP=0x0000008b57efbec0 is pointing into the stack for thread: 0x00000222bd3ad800
RBP=0xffffffffffffffff is an unknown value
RSI=0x0000008b57efc3c0 is pointing into the stack for thread: 0x00000222bd3ad800
RDI=0x0 is NULL
R8 =
[error occurred during error reporting (printing register info), id 0xc0000005, EXCEPTION_ACCESS_VIOLATION (0xc0000005) at pc=0x00007ff8c685abc7]

Registers:
RAX=0x00010222bdd0d9a0, RBX=0x00000222bf6d8330, RCX=0x00000222c0406a30, RDX=0x000000000000056b
RSP=0x0000008b57efbec0, RBP=0xffffffffffffffff, RSI=0x0000008b57efc3c0, RDI=0x0000000000000000
R8 =0x00000000ffffffff, R9 =0x0000000000000000, R10=0x00000222bf6d8280, R11=0x000000000000000d
R12=0x0000000000000002, R13=0x0000000000000001, R14=0x00000222c0406a30, R15=0x00010222bdd0d9a0
RIP=0x00007ff8c671b029, EFLAGS=0x0000000000010246

Top of Stack: (sp=0x0000008b57efbec0)
0x0000008b57efbec0:   00000222bf6d81f0 00000222bf6d8228
0x0000008b57efbed0:   00000222bf6d81f0 00007ff8c6f10fd0
0x0000008b57efbee0:   0000025400000007 0000000000000004
0x0000008b57efbef0:   00000222bf572970 0000000000000000
0x0000008b57efbf00:   0000000000000000 0000000000000000
0x0000008b57efbf10:   0000000000001a76 00000222be971d80
0x0000008b57efbf20:   00000222be971d90 0000000000000008
0x0000008b57efbf30:   00000000000003d8 0000008b57efc060
0x0000008b57efbf40:   0000000000000000 0000008b57efc4a8
0x0000008b57efbf50:   0000008b57efc3c0 00007ff8c6718766
0x0000008b57efbf60:   0000008b57efc3c0 0000008b57efc001
0x0000008b57efbf70:   0000008b57efc401 00000222ffffffff
0x0000008b57efbf80:   0000000000009300 0000000000000000
0x0000008b57efbf90:   0000008b00000006 00000222be971d80
0x0000008b57efbfa0:   00000222bec28ff0 00000222bec2fdb0
0x0000008b57efbfb0:   00000222bec30fd8 0000000000379050 

Instructions: (pc=0x00007ff8c671b029)
0x00007ff8c671af29:   ff 4c 89 64 24 70 4c 89 6c 24 68 44 8d 69 01 4c
0x00007ff8c671af39:   89 74 24 60 4c 89 7c 24 58 0f 29 74 24 40 f2 0f
0x00007ff8c671af49:   10 35 e9 67 64 00 90 48 8b 40 30 4c 8b 3c c8 41
0x00007ff8c671af59:   8b c5 4c 89 7c 24 30 89 44 24 20 41 83 7f 28 01
0x00007ff8c671af69:   0f 86 92 06 00 00 90 41 3b 47 18 73 0c 8b c8 49
0x00007ff8c671af79:   8b 47 20 4c 8b 34 c8 eb 03 45 33 f6 41 8b 46 2c
0x00007ff8c671af89:   45 8b e5 24 03 c6 84 24 b0 00 00 00 00 3c 02 75
0x00007ff8c671af99:   17 49 8b 06 49 8b ce c6 84 24 b0 00 00 00 01 ff
0x00007ff8c671afa9:   90 c0 00 00 00 44 8b e0 48 8b 86 28 01 00 00 49
0x00007ff8c671afb9:   63 4e 28 41 0f b7 7e 30 83 e7 01 8b 14 88 48 8b
0x00007ff8c671afc9:   46 70 48 8d 1c 92 48 c1 e3 05 48 03 58 20 85 d2
0x00007ff8c671afd9:   0f 84 22 03 00 00 85 ff 74 3a 81 8b 98 00 00 00
0x00007ff8c671afe9:   00 10 00 00 49 8b 46 08 48 8b 0c f8 48 8b 86 28
0x00007ff8c671aff9:   01 00 00 48 63 51 28 8b 0c 90 48 8b 46 70 48 8d
0x00007ff8c671b009:   14 89 48 c1 e2 05 48 03 50 20 81 8a 98 00 00 00
0x00007ff8c671b019:   00 10 00 00 49 8b 06 49 8b ce ff 50 28 4c 8b f8
0x00007ff8c671b029:   8b 50 10 8d 4a e5 83 f9 01 76 08 8d 4a e2 83 f9
0x00007ff8c671b039:   01 77 07 83 8b 98 00 00 00 02 41 8b 4e 28 8b c1
0x00007ff8c671b049:   c1 e8 05 3b 86 90 00 00 00 73 4f 8b f8 83 e1 1f
0x00007ff8c671b059:   48 8b 86 98 00 00 00 41 8b d5 d3 e2 8b 04 b8 23
0x00007ff8c671b069:   c2 74 37 83 8b 98 00 00 00 08 41 8b 4e 28 8b c1
0x00007ff8c671b079:   c1 e8 05 3b 86 b0 00 00 00 73 1f 8b f8 83 e1 1f
0x00007ff8c671b089:   48 8b 86 b8 00 00 00 41 8b d5 d3 e2 8b 04 b8 23
0x00007ff8c671b099:   c2 74 07 83 8b 98 00 00 00 10 48 83 7b 18 00 49
0x00007ff8c671b0a9:   8b c6 49 8b ce 48 0f 45 c5 48 89 43 18 49 8b 06
0x00007ff8c671b0b9:   ff 50 78 48 8d 73 38 45 33 c0 48 8b e8 48 8d 56
0x00007ff8c671b0c9:   54 48 8d 48 54 48 3b f1 77 05 48 3b d0 73 4a b8
0x00007ff8c671b0d9:   02 00 00 00 48 8d 4e 10 48 8b d5 48 2b d6 44 8d
0x00007ff8c671b0e9:   40 0e 0f 1f 44 00 00 f3 0f 6f 41 f0 f3 0f 6f 4c
0x00007ff8c671b0f9:   0a f0 48 8d 49 20 66 0f db c8 f3 0f 7f 49 d0 f3
0x00007ff8c671b109:   0f 6f 54 0a e0 f3 0f 6f 41 e0 66 0f db d0 f3 0f
0x00007ff8c671b119:   7f 51 e0 48 83 e8 01 75 ce 48 8b fd 4a 8d 0c 86 


Stack slot to memory mapping:
stack at sp + 0 slots: 0x00000222bf6d81f0 points into unknown readable memory: 0x0000000000000000 | 00 00 00 00 00 00 00 00
stack at sp + 1 slots: 0x00000222bf6d8228 points into unknown readable memory: 0x0000000005555455 | 55 54 55 05 00 00 00 00
stack at sp + 2 slots: 0x00000222bf6d81f0 points into unknown readable memory: 0x0000000000000000 | 00 00 00 00 00 00 00 00
stack at sp + 3 slots: 0x00007ff8c6f10fd0 jvm.dll
stack at sp + 4 slots: 0x0000025400000007 is an unknown value
stack at sp + 5 slots: 0x0000000000000004 is an unknown value
stack at sp + 6 slots: 0x00000222bf572970 points into unknown readable memory: 0x00007ff8c6d6c5e8 | e8 c5 d6 c6 f8 7f 00 00
stack at sp + 7 slots: 0x0 is NULL


---------------  P R O C E S S  ---------------

Threads class SMR info:
_java_thread_list=0x00000222bd707b40, length=11, elements={
0x00000222a63cc800, 0x00000222bcb2a800, 0x00000222bcb2c000, 0x00000222bd3a5000,
0x00000222bd3a7000, 0x00000222bd3aa000, 0x00000222bd3ad800, 0x00000222bd3af800,
0x00000222bd3b2800, 0x00000222bd64c000, 0x00000222bd949000
}

Java Threads: ( => current thread )
  0x00000222a63cc800 JavaThread "main" [_thread_in_Java, id=424, stack(0x0000008b57200000,0x0000008b57300000)]
  0x00000222bcb2a800 JavaThread "Reference Handler" daemon [_thread_blocked, id=3528, stack(0x0000008b57900000,0x0000008b57a00000)]
  0x00000222bcb2c000 JavaThread "Finalizer" daemon [_thread_blocked, id=9956, stack(0x0000008b57a00000,0x0000008b57b00000)]
  0x00000222bd3a5000 JavaThread "Signal Dispatcher" daemon [_thread_blocked, id=1388, stack(0x0000008b57b00000,0x0000008b57c00000)]
  0x00000222bd3a7000 JavaThread "Attach Listener" daemon [_thread_blocked, id=7380, stack(0x0000008b57c00000,0x0000008b57d00000)]
  0x00000222bd3aa000 JavaThread "Service Thread" daemon [_thread_blocked, id=8288, stack(0x0000008b57d00000,0x0000008b57e00000)]
=>0x00000222bd3ad800 JavaThread "C2 CompilerThread0" daemon [_thread_in_native, id=9060, stack(0x0000008b57e00000,0x0000008b57f00000)]
  0x00000222bd3af800 JavaThread "C1 CompilerThread0" daemon [_thread_in_native, id=10020, stack(0x0000008b57f00000,0x0000008b58000000)]
  0x00000222bd3b2800 JavaThread "Sweeper thread" daemon [_thread_blocked, id=8440, stack(0x0000008b58000000,0x0000008b58100000)]
  0x00000222bd64c000 JavaThread "Common-Cleaner" daemon [_thread_blocked, id=9264, stack(0x0000008b58100000,0x0000008b58200000)]
  0x00000222bd949000 JavaThread "C2 CompilerThread1" daemon [_thread_in_native, id=9736, stack(0x0000008b58200000,0x0000008b58300000)]

Other Threads:
  0x00000222bd354800 VMThread "VM Thread" [stack: 0x0000008b57800000,0x0000008b57900000] [id=9868]
  0x00000222bddf9000 WatcherThread [stack: 0x0000008b58300000,0x0000008b58400000] [id=8128]
  0x00000222a63e4000 GCTaskThread "GC Thread#0" [stack: 0x0000008b57300000,0x0000008b57400000] [id=3052]
  0x00000222beaaa800 GCTaskThread "GC Thread#1" [stack: 0x0000008b58400000,0x0000008b58500000] [id=8268]
  0x00000222be9f7000 GCTaskThread "GC Thread#2" [stack: 0x0000008b58500000,0x0000008b58600000] [id=9300]
  0x00000222be9f5000 GCTaskThread "GC Thread#3" [stack: 0x0000008b58600000,0x0000008b58700000] [id=9760]
  0x00000222be9f3800 GCTaskThread "GC Thread#4" [stack: 0x0000008b58700000,0x0000008b58800000] [id=9632]
  0x00000222be9f6800 GCTaskThread "GC Thread#5" [stack: 0x0000008b58800000,0x0000008b58900000] [id=8908]
  0x00000222a63f7800 ConcurrentGCThread "G1 Main Marker" [stack: 0x0000008b57400000,0x0000008b57500000] [id=6652]
  0x00000222a63f9000 ConcurrentGCThread "G1 Conc#0" [stack: 0x0000008b57500000,0x0000008b57600000] [id=976]
  0x00000222a649e000 ConcurrentGCThread "G1 Refine#0" [stack: 0x0000008b57600000,0x0000008b57700000] [id=9456]
  0x00000222be9f8000 ConcurrentGCThread "G1 Refine#1" [stack: 0x0000008b58900000,0x0000008b58a00000] [id=3584]
  0x00000222bc986800 ConcurrentGCThread "G1 Young RemSet Sampling" [stack: 0x0000008b57700000,0x0000008b57800000] [id=3532]

Threads with active compile tasks:
C2 CompilerThread0    539  821       4       org.jetbrains.coverage.org.objectweb.asm.MethodWriter::visitMethodInsn (191 bytes)
C1 CompilerThread0    539 1131       2       org.jacoco.agent.rt.internal_1f1cc91.asm.ClassReader::readMethod (2239 bytes)
C2 CompilerThread1    539  760       4       org.jetbrains.coverage.org.objectweb.asm.SymbolTable::addConstantMemberReference (147 bytes)

VM state:not at safepoint (normal execution)

VM Mutex/Monitor currently owned by a thread: None

Heap address: 0x00000000e0000000, size: 512 MB, Compressed Oops mode: 32-bit
Narrow klass base: 0x0000000000000000, Narrow klass shift: 3
Compressed class space size: 1073741824 Address: 0x0000000100000000

Heap:
 garbage-first heap   total 262144K, used 11606K [0x00000000e0000000, 0x0000000100000000)
  region size 1024K, 5 young (5120K), 2 survivors (2048K)
 Metaspace       used 11323K, capacity 11577K, committed 11904K, reserved 1060864K
  class space    used 1009K, capacity 1066K, committed 1152K, reserved 1048576K
Heap Regions: E=young(eden), S=young(survivor), O=old, HS=humongous(starts), HC=humongous(continues), CS=collection set, F=free, A=archive, TAMS=top-at-mark-start (previous, next)
|   0|0x00000000e0000000, 0x00000000e0100000, 0x00000000e0100000|100%|HS|  |TAMS 0x00000000e0000000, 0x00000000e0000000| Complete 
|   1|0x00000000e0100000, 0x00000000e0200000, 0x00000000e0200000|100%| O|  |TAMS 0x00000000e0100000, 0x00000000e0100000| Untracked 
|   2|0x00000000e0200000, 0x00000000e0300000, 0x00000000e0300000|100%| O|  |TAMS 0x00000000e0200000, 0x00000000e0200000| Untracked 
|   3|0x00000000e0300000, 0x00000000e0400000, 0x00000000e0400000|100%| O|  |TAMS 0x00000000e0300000, 0x00000000e0300000| Untracked 
|   4|0x00000000e0400000, 0x00000000e0500000, 0x00000000e0500000|100%| O|  |TAMS 0x00000000e0400000, 0x00000000e0400000| Untracked 
|   5|0x00000000e0500000, 0x00000000e0600000, 0x00000000e0600000|100%| O|  |TAMS 0x00000000e0500000, 0x00000000e0500000| Untracked 
|   6|0x00000000e0600000, 0x00000000e0700000, 0x00000000e0700000|100%| O|  |TAMS 0x00000000e0600000, 0x00000000e0600000| Untracked 
|   7|0x00000000e0700000, 0x00000000e0800000, 0x00000000e0800000|100%| O|  |TAMS 0x00000000e0700000, 0x00000000e0700000| Untracked 
|   8|0x00000000e0800000, 0x00000000e0847400, 0x00000000e0900000| 27%| O|  |TAMS 0x00000000e0800000, 0x00000000e0800000| Untracked 
|   9|0x00000000e0900000, 0x00000000e0900000, 0x00000000e0a00000|  0%| F|  |TAMS 0x00000000e0900000, 0x00000000e0900000| Untracked 
|  10|0x00000000e0a00000, 0x00000000e0a00000, 0x00000000e0b00000|  0%| F|  |TAMS 0x00000000e0a00000, 0x00000000e0a00000| Untracked 
|  11|0x00000000e0b00000, 0x00000000e0b00000, 0x00000000e0c00000|  0%| F|  |TAMS 0x00000000e0b00000, 0x00000000e0b00000| Untracked 
|  12|0x00000000e0c00000, 0x00000000e0c00000, 0x00000000e0d00000|  0%| F|  |TAMS 0x00000000e0c00000, 0x00000000e0c00000| Untracked 
|  13|0x00000000e0d00000, 0x00000000e0d00000, 0x00000000e0e00000|  0%| F|  |TAMS 0x00000000e0d00000, 0x00000000e0d00000| Untracked 
|  14|0x00000000e0e00000, 0x00000000e0e00000, 0x00000000e0f00000|  0%| F|  |TAMS 0x00000000e0e00000, 0x00000000e0e00000| Untracked 
|  15|0x00000000e0f00000, 0x00000000e0f00000, 0x00000000e1000000|  0%| F|  |TAMS 0x00000000e0f00000, 0x00000000e0f00000| Untracked 
|  16|0x00000000e1000000, 0x00000000e1000000, 0x00000000e1100000|  0%| F|  |TAMS 0x00000000e1000000, 0x00000000e1000000| Untracked 
|  17|0x00000000e1100000, 0x00000000e1100000, 0x00000000e1200000|  0%| F|  |TAMS 0x00000000e1100000, 0x00000000e1100000| Untracked 
|  18|0x00000000e1200000, 0x00000000e1200000, 0x00000000e1300000|  0%| F|  |TAMS 0x00000000e1200000, 0x00000000e1200000| Untracked 
|  19|0x00000000e1300000, 0x00000000e1300000, 0x00000000e1400000|  0%| F|  |TAMS 0x00000000e1300000, 0x00000000e1300000| Untracked 
|  20|0x00000000e1400000, 0x00000000e1400000, 0x00000000e1500000|  0%| F|  |TAMS 0x00000000e1400000, 0x00000000e1400000| Untracked 
|  21|0x00000000e1500000, 0x00000000e1500000, 0x00000000e1600000|  0%| F|  |TAMS 0x00000000e1500000, 0x00000000e1500000| Untracked 
|  22|0x00000000e1600000, 0x00000000e1600000, 0x00000000e1700000|  0%| F|  |TAMS 0x00000000e1600000, 0x00000000e1600000| Untracked 
|  23|0x00000000e1700000, 0x00000000e1700000, 0x00000000e1800000|  0%| F|  |TAMS 0x00000000e1700000, 0x00000000e1700000| Untracked 
|  24|0x00000000e1800000, 0x00000000e1800000, 0x00000000e1900000|  0%| F|  |TAMS 0x00000000e1800000, 0x00000000e1800000| Untracked 
|  25|0x00000000e1900000, 0x00000000e1900000, 0x00000000e1a00000|  0%| F|  |TAMS 0x00000000e1900000, 0x00000000e1900000| Untracked 
|  26|0x00000000e1a00000, 0x00000000e1a00000, 0x00000000e1b00000|  0%| F|  |TAMS 0x00000000e1a00000, 0x00000000e1a00000| Untracked 
|  27|0x00000000e1b00000, 0x00000000e1b00000, 0x00000000e1c00000|  0%| F|  |TAMS 0x00000000e1b00000, 0x00000000e1b00000| Untracked 
|  28|0x00000000e1c00000, 0x00000000e1c00000, 0x00000000e1d00000|  0%| F|  |TAMS 0x00000000e1c00000, 0x00000000e1c00000| Untracked 
|  29|0x00000000e1d00000, 0x00000000e1d00000, 0x00000000e1e00000|  0%| F|  |TAMS 0x00000000e1d00000, 0x00000000e1d00000| Untracked 
|  30|0x00000000e1e00000, 0x00000000e1e00000, 0x00000000e1f00000|  0%| F|  |TAMS 0x00000000e1e00000, 0x00000000e1e00000| Untracked 
|  31|0x00000000e1f00000, 0x00000000e1f00000, 0x00000000e2000000|  0%| F|  |TAMS 0x00000000e1f00000, 0x00000000e1f00000| Untracked 
|  32|0x00000000e2000000, 0x00000000e2000000, 0x00000000e2100000|  0%| F|  |TAMS 0x00000000e2000000, 0x00000000e2000000| Untracked 
|  33|0x00000000e2100000, 0x00000000e2100000, 0x00000000e2200000|  0%| F|  |TAMS 0x00000000e2100000, 0x00000000e2100000| Untracked 
|  34|0x00000000e2200000, 0x00000000e2200000, 0x00000000e2300000|  0%| F|  |TAMS 0x00000000e2200000, 0x00000000e2200000| Untracked 
|  35|0x00000000e2300000, 0x00000000e2300000, 0x00000000e2400000|  0%| F|  |TAMS 0x00000000e2300000, 0x00000000e2300000| Untracked 
|  36|0x00000000e2400000, 0x00000000e2400000, 0x00000000e2500000|  0%| F|  |TAMS 0x00000000e2400000, 0x00000000e2400000| Untracked 
|  37|0x00000000e2500000, 0x00000000e2500000, 0x00000000e2600000|  0%| F|  |TAMS 0x00000000e2500000, 0x00000000e2500000| Untracked 
|  38|0x00000000e2600000, 0x00000000e2600000, 0x00000000e2700000|  0%| F|  |TAMS 0x00000000e2600000, 0x00000000e2600000| Untracked 
|  39|0x00000000e2700000, 0x00000000e2700000, 0x00000000e2800000|  0%| F|  |TAMS 0x00000000e2700000, 0x00000000e2700000| Untracked 
|  40|0x00000000e2800000, 0x00000000e2800000, 0x00000000e2900000|  0%| F|  |TAMS 0x00000000e2800000, 0x00000000e2800000| Untracked 
|  41|0x00000000e2900000, 0x00000000e2900000, 0x00000000e2a00000|  0%| F|  |TAMS 0x00000000e2900000, 0x00000000e2900000| Untracked 
|  42|0x00000000e2a00000, 0x00000000e2a00000, 0x00000000e2b00000|  0%| F|  |TAMS 0x00000000e2a00000, 0x00000000e2a00000| Untracked 
|  43|0x00000000e2b00000, 0x00000000e2b00000, 0x00000000e2c00000|  0%| F|  |TAMS 0x00000000e2b00000, 0x00000000e2b00000| Untracked 
|  44|0x00000000e2c00000, 0x00000000e2c00000, 0x00000000e2d00000|  0%| F|  |TAMS 0x00000000e2c00000, 0x00000000e2c00000| Untracked 
|  45|0x00000000e2d00000, 0x00000000e2d00000, 0x00000000e2e00000|  0%| F|  |TAMS 0x00000000e2d00000, 0x00000000e2d00000| Untracked 
|  46|0x00000000e2e00000, 0x00000000e2e00000, 0x00000000e2f00000|  0%| F|  |TAMS 0x00000000e2e00000, 0x00000000e2e00000| Untracked 
|  47|0x00000000e2f00000, 0x00000000e2f00000, 0x00000000e3000000|  0%| F|  |TAMS 0x00000000e2f00000, 0x00000000e2f00000| Untracked 
|  48|0x00000000e3000000, 0x00000000e3000000, 0x00000000e3100000|  0%| F|  |TAMS 0x00000000e3000000, 0x00000000e3000000| Untracked 
|  49|0x00000000e3100000, 0x00000000e3100000, 0x00000000e3200000|  0%| F|  |TAMS 0x00000000e3100000, 0x00000000e3100000| Untracked 
|  50|0x00000000e3200000, 0x00000000e3200000, 0x00000000e3300000|  0%| F|  |TAMS 0x00000000e3200000, 0x00000000e3200000| Untracked 
|  51|0x00000000e3300000, 0x00000000e3300000, 0x00000000e3400000|  0%| F|  |TAMS 0x00000000e3300000, 0x00000000e3300000| Untracked 
|  52|0x00000000e3400000, 0x00000000e3400000, 0x00000000e3500000|  0%| F|  |TAMS 0x00000000e3400000, 0x00000000e3400000| Untracked 
|  53|0x00000000e3500000, 0x00000000e3500000, 0x00000000e3600000|  0%| F|  |TAMS 0x00000000e3500000, 0x00000000e3500000| Untracked 
|  54|0x00000000e3600000, 0x00000000e3600000, 0x00000000e3700000|  0%| F|  |TAMS 0x00000000e3600000, 0x00000000e3600000| Untracked 
|  55|0x00000000e3700000, 0x00000000e3700000, 0x00000000e3800000|  0%| F|  |TAMS 0x00000000e3700000, 0x00000000e3700000| Untracked 
|  56|0x00000000e3800000, 0x00000000e3800000, 0x00000000e3900000|  0%| F|  |TAMS 0x00000000e3800000, 0x00000000e3800000| Untracked 
|  57|0x00000000e3900000, 0x00000000e3900000, 0x00000000e3a00000|  0%| F|  |TAMS 0x00000000e3900000, 0x00000000e3900000| Untracked 
|  58|0x00000000e3a00000, 0x00000000e3a00000, 0x00000000e3b00000|  0%| F|  |TAMS 0x00000000e3a00000, 0x00000000e3a00000| Untracked 
|  59|0x00000000e3b00000, 0x00000000e3b00000, 0x00000000e3c00000|  0%| F|  |TAMS 0x00000000e3b00000, 0x00000000e3b00000| Untracked 
|  60|0x00000000e3c00000, 0x00000000e3c00000, 0x00000000e3d00000|  0%| F|  |TAMS 0x00000000e3c00000, 0x00000000e3c00000| Untracked 
|  61|0x00000000e3d00000, 0x00000000e3d00000, 0x00000000e3e00000|  0%| F|  |TAMS 0x00000000e3d00000, 0x00000000e3d00000| Untracked 
|  62|0x00000000e3e00000, 0x00000000e3e00000, 0x00000000e3f00000|  0%| F|  |TAMS 0x00000000e3e00000, 0x00000000e3e00000| Untracked 
|  63|0x00000000e3f00000, 0x00000000e3f00000, 0x00000000e4000000|  0%| F|  |TAMS 0x00000000e3f00000, 0x00000000e3f00000| Untracked 
|  64|0x00000000e4000000, 0x00000000e4000000, 0x00000000e4100000|  0%| F|  |TAMS 0x00000000e4000000, 0x00000000e4000000| Untracked 
|  65|0x00000000e4100000, 0x00000000e4100000, 0x00000000e4200000|  0%| F|  |TAMS 0x00000000e4100000, 0x00000000e4100000| Untracked 
|  66|0x00000000e4200000, 0x00000000e4200000, 0x00000000e4300000|  0%| F|  |TAMS 0x00000000e4200000, 0x00000000e4200000| Untracked 
|  67|0x00000000e4300000, 0x00000000e4300000, 0x00000000e4400000|  0%| F|  |TAMS 0x00000000e4300000, 0x00000000e4300000| Untracked 
|  68|0x00000000e4400000, 0x00000000e4400000, 0x00000000e4500000|  0%| F|  |TAMS 0x00000000e4400000, 0x00000000e4400000| Untracked 
|  69|0x00000000e4500000, 0x00000000e4500000, 0x00000000e4600000|  0%| F|  |TAMS 0x00000000e4500000, 0x00000000e4500000| Untracked 
|  70|0x00000000e4600000, 0x00000000e4600000, 0x00000000e4700000|  0%| F|  |TAMS 0x00000000e4600000, 0x00000000e4600000| Untracked 
|  71|0x00000000e4700000, 0x00000000e4700000, 0x00000000e4800000|  0%| F|  |TAMS 0x00000000e4700000, 0x00000000e4700000| Untracked 
|  72|0x00000000e4800000, 0x00000000e4800000, 0x00000000e4900000|  0%| F|  |TAMS 0x00000000e4800000, 0x00000000e4800000| Untracked 
|  73|0x00000000e4900000, 0x00000000e4900000, 0x00000000e4a00000|  0%| F|  |TAMS 0x00000000e4900000, 0x00000000e4900000| Untracked 
|  74|0x00000000e4a00000, 0x00000000e4a00000, 0x00000000e4b00000|  0%| F|  |TAMS 0x00000000e4a00000, 0x00000000e4a00000| Untracked 
|  75|0x00000000e4b00000, 0x00000000e4b00000, 0x00000000e4c00000|  0%| F|  |TAMS 0x00000000e4b00000, 0x00000000e4b00000| Untracked 
|  76|0x00000000e4c00000, 0x00000000e4c00000, 0x00000000e4d00000|  0%| F|  |TAMS 0x00000000e4c00000, 0x00000000e4c00000| Untracked 
|  77|0x00000000e4d00000, 0x00000000e4d00000, 0x00000000e4e00000|  0%| F|  |TAMS 0x00000000e4d00000, 0x00000000e4d00000| Untracked 
|  78|0x00000000e4e00000, 0x00000000e4e00000, 0x00000000e4f00000|  0%| F|  |TAMS 0x00000000e4e00000, 0x00000000e4e00000| Untracked 
|  79|0x00000000e4f00000, 0x00000000e4f00000, 0x00000000e5000000|  0%| F|  |TAMS 0x00000000e4f00000, 0x00000000e4f00000| Untracked 
|  80|0x00000000e5000000, 0x00000000e5000000, 0x00000000e5100000|  0%| F|  |TAMS 0x00000000e5000000, 0x00000000e5000000| Untracked 
|  81|0x00000000e5100000, 0x00000000e5100000, 0x00000000e5200000|  0%| F|  |TAMS 0x00000000e5100000, 0x00000000e5100000| Untracked 
|  82|0x00000000e5200000, 0x00000000e5200000, 0x00000000e5300000|  0%| F|  |TAMS 0x00000000e5200000, 0x00000000e5200000| Untracked 
|  83|0x00000000e5300000, 0x00000000e5300000, 0x00000000e5400000|  0%| F|  |TAMS 0x00000000e5300000, 0x00000000e5300000| Untracked 
|  84|0x00000000e5400000, 0x00000000e5400000, 0x00000000e5500000|  0%| F|  |TAMS 0x00000000e5400000, 0x00000000e5400000| Untracked 
|  85|0x00000000e5500000, 0x00000000e5500000, 0x00000000e5600000|  0%| F|  |TAMS 0x00000000e5500000, 0x00000000e5500000| Untracked 
|  86|0x00000000e5600000, 0x00000000e5600000, 0x00000000e5700000|  0%| F|  |TAMS 0x00000000e5600000, 0x00000000e5600000| Untracked 
|  87|0x00000000e5700000, 0x00000000e5700000, 0x00000000e5800000|  0%| F|  |TAMS 0x00000000e5700000, 0x00000000e5700000| Untracked 
|  88|0x00000000e5800000, 0x00000000e5800000, 0x00000000e5900000|  0%| F|  |TAMS 0x00000000e5800000, 0x00000000e5800000| Untracked 
|  89|0x00000000e5900000, 0x00000000e5900000, 0x00000000e5a00000|  0%| F|  |TAMS 0x00000000e5900000, 0x00000000e5900000| Untracked 
|  90|0x00000000e5a00000, 0x00000000e5a00000, 0x00000000e5b00000|  0%| F|  |TAMS 0x00000000e5a00000, 0x00000000e5a00000| Untracked 
|  91|0x00000000e5b00000, 0x00000000e5b00000, 0x00000000e5c00000|  0%| F|  |TAMS 0x00000000e5b00000, 0x00000000e5b00000| Untracked 
|  92|0x00000000e5c00000, 0x00000000e5c00000, 0x00000000e5d00000|  0%| F|  |TAMS 0x00000000e5c00000, 0x00000000e5c00000| Untracked 
|  93|0x00000000e5d00000, 0x00000000e5d00000, 0x00000000e5e00000|  0%| F|  |TAMS 0x00000000e5d00000, 0x00000000e5d00000| Untracked 
|  94|0x00000000e5e00000, 0x00000000e5e00000, 0x00000000e5f00000|  0%| F|  |TAMS 0x00000000e5e00000, 0x00000000e5e00000| Untracked 
|  95|0x00000000e5f00000, 0x00000000e5f00000, 0x00000000e6000000|  0%| F|  |TAMS 0x00000000e5f00000, 0x00000000e5f00000| Untracked 
|  96|0x00000000e6000000, 0x00000000e6000000, 0x00000000e6100000|  0%| F|  |TAMS 0x00000000e6000000, 0x00000000e6000000| Untracked 
|  97|0x00000000e6100000, 0x00000000e6100000, 0x00000000e6200000|  0%| F|  |TAMS 0x00000000e6100000, 0x00000000e6100000| Untracked 
|  98|0x00000000e6200000, 0x00000000e6200000, 0x00000000e6300000|  0%| F|  |TAMS 0x00000000e6200000, 0x00000000e6200000| Untracked 
|  99|0x00000000e6300000, 0x00000000e6300000, 0x00000000e6400000|  0%| F|  |TAMS 0x00000000e6300000, 0x00000000e6300000| Untracked 
| 100|0x00000000e6400000, 0x00000000e6400000, 0x00000000e6500000|  0%| F|  |TAMS 0x00000000e6400000, 0x00000000e6400000| Untracked 
| 101|0x00000000e6500000, 0x00000000e6500000, 0x00000000e6600000|  0%| F|  |TAMS 0x00000000e6500000, 0x00000000e6500000| Untracked 
| 102|0x00000000e6600000, 0x00000000e6600000, 0x00000000e6700000|  0%| F|  |TAMS 0x00000000e6600000, 0x00000000e6600000| Untracked 
| 103|0x00000000e6700000, 0x00000000e6700000, 0x00000000e6800000|  0%| F|  |TAMS 0x00000000e6700000, 0x00000000e6700000| Untracked 
| 104|0x00000000e6800000, 0x00000000e6800000, 0x00000000e6900000|  0%| F|  |TAMS 0x00000000e6800000, 0x00000000e6800000| Untracked 
| 105|0x00000000e6900000, 0x00000000e6900000, 0x00000000e6a00000|  0%| F|  |TAMS 0x00000000e6900000, 0x00000000e6900000| Untracked 
| 106|0x00000000e6a00000, 0x00000000e6a00000, 0x00000000e6b00000|  0%| F|  |TAMS 0x00000000e6a00000, 0x00000000e6a00000| Untracked 
| 107|0x00000000e6b00000, 0x00000000e6b00000, 0x00000000e6c00000|  0%| F|  |TAMS 0x00000000e6b00000, 0x00000000e6b00000| Untracked 
| 108|0x00000000e6c00000, 0x00000000e6c00000, 0x00000000e6d00000|  0%| F|  |TAMS 0x00000000e6c00000, 0x00000000e6c00000| Untracked 
| 109|0x00000000e6d00000, 0x00000000e6d00000, 0x00000000e6e00000|  0%| F|  |TAMS 0x00000000e6d00000, 0x00000000e6d00000| Untracked 
| 110|0x00000000e6e00000, 0x00000000e6e00000, 0x00000000e6f00000|  0%| F|  |TAMS 0x00000000e6e00000, 0x00000000e6e00000| Untracked 
| 111|0x00000000e6f00000, 0x00000000e6f00000, 0x00000000e7000000|  0%| F|  |TAMS 0x00000000e6f00000, 0x00000000e6f00000| Untracked 
| 112|0x00000000e7000000, 0x00000000e7000000, 0x00000000e7100000|  0%| F|  |TAMS 0x00000000e7000000, 0x00000000e7000000| Untracked 
| 113|0x00000000e7100000, 0x00000000e7100000, 0x00000000e7200000|  0%| F|  |TAMS 0x00000000e7100000, 0x00000000e7100000| Untracked 
| 114|0x00000000e7200000, 0x00000000e7200000, 0x00000000e7300000|  0%| F|  |TAMS 0x00000000e7200000, 0x00000000e7200000| Untracked 
| 115|0x00000000e7300000, 0x00000000e7300000, 0x00000000e7400000|  0%| F|  |TAMS 0x00000000e7300000, 0x00000000e7300000| Untracked 
| 116|0x00000000e7400000, 0x00000000e7400000, 0x00000000e7500000|  0%| F|  |TAMS 0x00000000e7400000, 0x00000000e7400000| Untracked 
| 117|0x00000000e7500000, 0x00000000e7500000, 0x00000000e7600000|  0%| F|  |TAMS 0x00000000e7500000, 0x00000000e7500000| Untracked 
| 118|0x00000000e7600000, 0x00000000e7600000, 0x00000000e7700000|  0%| F|  |TAMS 0x00000000e7600000, 0x00000000e7600000| Untracked 
| 119|0x00000000e7700000, 0x00000000e7700000, 0x00000000e7800000|  0%| F|  |TAMS 0x00000000e7700000, 0x00000000e7700000| Untracked 
| 120|0x00000000e7800000, 0x00000000e7800000, 0x00000000e7900000|  0%| F|  |TAMS 0x00000000e7800000, 0x00000000e7800000| Untracked 
| 121|0x00000000e7900000, 0x00000000e7900000, 0x00000000e7a00000|  0%| F|  |TAMS 0x00000000e7900000, 0x00000000e7900000| Untracked 
| 122|0x00000000e7a00000, 0x00000000e7a00000, 0x00000000e7b00000|  0%| F|  |TAMS 0x00000000e7a00000, 0x00000000e7a00000| Untracked 
| 123|0x00000000e7b00000, 0x00000000e7b00000, 0x00000000e7c00000|  0%| F|  |TAMS 0x00000000e7b00000, 0x00000000e7b00000| Untracked 
| 124|0x00000000e7c00000, 0x00000000e7c00000, 0x00000000e7d00000|  0%| F|  |TAMS 0x00000000e7c00000, 0x00000000e7c00000| Untracked 
| 125|0x00000000e7d00000, 0x00000000e7d00000, 0x00000000e7e00000|  0%| F|  |TAMS 0x00000000e7d00000, 0x00000000e7d00000| Untracked 
| 126|0x00000000e7e00000, 0x00000000e7e00000, 0x00000000e7f00000|  0%| F|  |TAMS 0x00000000e7e00000, 0x00000000e7e00000| Untracked 
| 127|0x00000000e7f00000, 0x00000000e7f00000, 0x00000000e8000000|  0%| F|  |TAMS 0x00000000e7f00000, 0x00000000e7f00000| Untracked 
| 128|0x00000000e8000000, 0x00000000e8000000, 0x00000000e8100000|  0%| F|  |TAMS 0x00000000e8000000, 0x00000000e8000000| Untracked 
| 129|0x00000000e8100000, 0x00000000e8100000, 0x00000000e8200000|  0%| F|  |TAMS 0x00000000e8100000, 0x00000000e8100000| Untracked 
| 130|0x00000000e8200000, 0x00000000e8200000, 0x00000000e8300000|  0%| F|  |TAMS 0x00000000e8200000, 0x00000000e8200000| Untracked 
| 131|0x00000000e8300000, 0x00000000e8300000, 0x00000000e8400000|  0%| F|  |TAMS 0x00000000e8300000, 0x00000000e8300000| Untracked 
| 132|0x00000000e8400000, 0x00000000e8400000, 0x00000000e8500000|  0%| F|  |TAMS 0x00000000e8400000, 0x00000000e8400000| Untracked 
| 133|0x00000000e8500000, 0x00000000e8500000, 0x00000000e8600000|  0%| F|  |TAMS 0x00000000e8500000, 0x00000000e8500000| Untracked 
| 134|0x00000000e8600000, 0x00000000e8600000, 0x00000000e8700000|  0%| F|  |TAMS 0x00000000e8600000, 0x00000000e8600000| Untracked 
| 135|0x00000000e8700000, 0x00000000e8700000, 0x00000000e8800000|  0%| F|  |TAMS 0x00000000e8700000, 0x00000000e8700000| Untracked 
| 136|0x00000000e8800000, 0x00000000e8800000, 0x00000000e8900000|  0%| F|  |TAMS 0x00000000e8800000, 0x00000000e8800000| Untracked 
| 137|0x00000000e8900000, 0x00000000e8900000, 0x00000000e8a00000|  0%| F|  |TAMS 0x00000000e8900000, 0x00000000e8900000| Untracked 
| 138|0x00000000e8a00000, 0x00000000e8a00000, 0x00000000e8b00000|  0%| F|  |TAMS 0x00000000e8a00000, 0x00000000e8a00000| Untracked 
| 139|0x00000000e8b00000, 0x00000000e8b00000, 0x00000000e8c00000|  0%| F|  |TAMS 0x00000000e8b00000, 0x00000000e8b00000| Untracked 
| 140|0x00000000e8c00000, 0x00000000e8c00000, 0x00000000e8d00000|  0%| F|  |TAMS 0x00000000e8c00000, 0x00000000e8c00000| Untracked 
| 141|0x00000000e8d00000, 0x00000000e8d00000, 0x00000000e8e00000|  0%| F|  |TAMS 0x00000000e8d00000, 0x00000000e8d00000| Untracked 
| 142|0x00000000e8e00000, 0x00000000e8e00000, 0x00000000e8f00000|  0%| F|  |TAMS 0x00000000e8e00000, 0x00000000e8e00000| Untracked 
| 143|0x00000000e8f00000, 0x00000000e8f00000, 0x00000000e9000000|  0%| F|  |TAMS 0x00000000e8f00000, 0x00000000e8f00000| Untracked 
| 144|0x00000000e9000000, 0x00000000e9000000, 0x00000000e9100000|  0%| F|  |TAMS 0x00000000e9000000, 0x00000000e9000000| Untracked 
| 145|0x00000000e9100000, 0x00000000e9100000, 0x00000000e9200000|  0%| F|  |TAMS 0x00000000e9100000, 0x00000000e9100000| Untracked 
| 146|0x00000000e9200000, 0x00000000e9200000, 0x00000000e9300000|  0%| F|  |TAMS 0x00000000e9200000, 0x00000000e9200000| Untracked 
| 147|0x00000000e9300000, 0x00000000e9300000, 0x00000000e9400000|  0%| F|  |TAMS 0x00000000e9300000, 0x00000000e9300000| Untracked 
| 148|0x00000000e9400000, 0x00000000e9400000, 0x00000000e9500000|  0%| F|  |TAMS 0x00000000e9400000, 0x00000000e9400000| Untracked 
| 149|0x00000000e9500000, 0x00000000e9500000, 0x00000000e9600000|  0%| F|  |TAMS 0x00000000e9500000, 0x00000000e9500000| Untracked 
| 150|0x00000000e9600000, 0x00000000e9600000, 0x00000000e9700000|  0%| F|  |TAMS 0x00000000e9600000, 0x00000000e9600000| Untracked 
| 151|0x00000000e9700000, 0x00000000e9700000, 0x00000000e9800000|  0%| F|  |TAMS 0x00000000e9700000, 0x00000000e9700000| Untracked 
| 152|0x00000000e9800000, 0x00000000e9800000, 0x00000000e9900000|  0%| F|  |TAMS 0x00000000e9800000, 0x00000000e9800000| Untracked 
| 153|0x00000000e9900000, 0x00000000e9900000, 0x00000000e9a00000|  0%| F|  |TAMS 0x00000000e9900000, 0x00000000e9900000| Untracked 
| 154|0x00000000e9a00000, 0x00000000e9a00000, 0x00000000e9b00000|  0%| F|  |TAMS 0x00000000e9a00000, 0x00000000e9a00000| Untracked 
| 155|0x00000000e9b00000, 0x00000000e9b00000, 0x00000000e9c00000|  0%| F|  |TAMS 0x00000000e9b00000, 0x00000000e9b00000| Untracked 
| 156|0x00000000e9c00000, 0x00000000e9c00000, 0x00000000e9d00000|  0%| F|  |TAMS 0x00000000e9c00000, 0x00000000e9c00000| Untracked 
| 157|0x00000000e9d00000, 0x00000000e9d00000, 0x00000000e9e00000|  0%| F|  |TAMS 0x00000000e9d00000, 0x00000000e9d00000| Untracked 
| 158|0x00000000e9e00000, 0x00000000e9e00000, 0x00000000e9f00000|  0%| F|  |TAMS 0x00000000e9e00000, 0x00000000e9e00000| Untracked 
| 159|0x00000000e9f00000, 0x00000000e9f00000, 0x00000000ea000000|  0%| F|  |TAMS 0x00000000e9f00000, 0x00000000e9f00000| Untracked 
| 160|0x00000000ea000000, 0x00000000ea000000, 0x00000000ea100000|  0%| F|  |TAMS 0x00000000ea000000, 0x00000000ea000000| Untracked 
| 161|0x00000000ea100000, 0x00000000ea100000, 0x00000000ea200000|  0%| F|  |TAMS 0x00000000ea100000, 0x00000000ea100000| Untracked 
| 162|0x00000000ea200000, 0x00000000ea200000, 0x00000000ea300000|  0%| F|  |TAMS 0x00000000ea200000, 0x00000000ea200000| Untracked 
| 163|0x00000000ea300000, 0x00000000ea300000, 0x00000000ea400000|  0%| F|  |TAMS 0x00000000ea300000, 0x00000000ea300000| Untracked 
| 164|0x00000000ea400000, 0x00000000ea400000, 0x00000000ea500000|  0%| F|  |TAMS 0x00000000ea400000, 0x00000000ea400000| Untracked 
| 165|0x00000000ea500000, 0x00000000ea500000, 0x00000000ea600000|  0%| F|  |TAMS 0x00000000ea500000, 0x00000000ea500000| Untracked 
| 166|0x00000000ea600000, 0x00000000ea600000, 0x00000000ea700000|  0%| F|  |TAMS 0x00000000ea600000, 0x00000000ea600000| Untracked 
| 167|0x00000000ea700000, 0x00000000ea700000, 0x00000000ea800000|  0%| F|  |TAMS 0x00000000ea700000, 0x00000000ea700000| Untracked 
| 168|0x00000000ea800000, 0x00000000ea800000, 0x00000000ea900000|  0%| F|  |TAMS 0x00000000ea800000, 0x00000000ea800000| Untracked 
| 169|0x00000000ea900000, 0x00000000ea900000, 0x00000000eaa00000|  0%| F|  |TAMS 0x00000000ea900000, 0x00000000ea900000| Untracked 
| 170|0x00000000eaa00000, 0x00000000eaa00000, 0x00000000eab00000|  0%| F|  |TAMS 0x00000000eaa00000, 0x00000000eaa00000| Untracked 
| 171|0x00000000eab00000, 0x00000000eab00000, 0x00000000eac00000|  0%| F|  |TAMS 0x00000000eab00000, 0x00000000eab00000| Untracked 
| 172|0x00000000eac00000, 0x00000000eac00000, 0x00000000ead00000|  0%| F|  |TAMS 0x00000000eac00000, 0x00000000eac00000| Untracked 
| 173|0x00000000ead00000, 0x00000000ead00000, 0x00000000eae00000|  0%| F|  |TAMS 0x00000000ead00000, 0x00000000ead00000| Untracked 
| 174|0x00000000eae00000, 0x00000000eae00000, 0x00000000eaf00000|  0%| F|  |TAMS 0x00000000eae00000, 0x00000000eae00000| Untracked 
| 175|0x00000000eaf00000, 0x00000000eaf00000, 0x00000000eb000000|  0%| F|  |TAMS 0x00000000eaf00000, 0x00000000eaf00000| Untracked 
| 176|0x00000000eb000000, 0x00000000eb000000, 0x00000000eb100000|  0%| F|  |TAMS 0x00000000eb000000, 0x00000000eb000000| Untracked 
| 177|0x00000000eb100000, 0x00000000eb100000, 0x00000000eb200000|  0%| F|  |TAMS 0x00000000eb100000, 0x00000000eb100000| Untracked 
| 178|0x00000000eb200000, 0x00000000eb200000, 0x00000000eb300000|  0%| F|  |TAMS 0x00000000eb200000, 0x00000000eb200000| Untracked 
| 179|0x00000000eb300000, 0x00000000eb300000, 0x00000000eb400000|  0%| F|  |TAMS 0x00000000eb300000, 0x00000000eb300000| Untracked 
| 180|0x00000000eb400000, 0x00000000eb400000, 0x00000000eb500000|  0%| F|  |TAMS 0x00000000eb400000, 0x00000000eb400000| Untracked 
| 181|0x00000000eb500000, 0x00000000eb500000, 0x00000000eb600000|  0%| F|  |TAMS 0x00000000eb500000, 0x00000000eb500000| Untracked 
| 182|0x00000000eb600000, 0x00000000eb600000, 0x00000000eb700000|  0%| F|  |TAMS 0x00000000eb600000, 0x00000000eb600000| Untracked 
| 183|0x00000000eb700000, 0x00000000eb700000, 0x00000000eb800000|  0%| F|  |TAMS 0x00000000eb700000, 0x00000000eb700000| Untracked 
| 184|0x00000000eb800000, 0x00000000eb800000, 0x00000000eb900000|  0%| F|  |TAMS 0x00000000eb800000, 0x00000000eb800000| Untracked 
| 185|0x00000000eb900000, 0x00000000eb900000, 0x00000000eba00000|  0%| F|  |TAMS 0x00000000eb900000, 0x00000000eb900000| Untracked 
| 186|0x00000000eba00000, 0x00000000eba00000, 0x00000000ebb00000|  0%| F|  |TAMS 0x00000000eba00000, 0x00000000eba00000| Untracked 
| 187|0x00000000ebb00000, 0x00000000ebb00000, 0x00000000ebc00000|  0%| F|  |TAMS 0x00000000ebb00000, 0x00000000ebb00000| Untracked 
| 188|0x00000000ebc00000, 0x00000000ebc00000, 0x00000000ebd00000|  0%| F|  |TAMS 0x00000000ebc00000, 0x00000000ebc00000| Untracked 
| 189|0x00000000ebd00000, 0x00000000ebd00000, 0x00000000ebe00000|  0%| F|  |TAMS 0x00000000ebd00000, 0x00000000ebd00000| Untracked 
| 190|0x00000000ebe00000, 0x00000000ebe00000, 0x00000000ebf00000|  0%| F|  |TAMS 0x00000000ebe00000, 0x00000000ebe00000| Untracked 
| 191|0x00000000ebf00000, 0x00000000ebf00000, 0x00000000ec000000|  0%| F|  |TAMS 0x00000000ebf00000, 0x00000000ebf00000| Untracked 
| 192|0x00000000ec000000, 0x00000000ec000000, 0x00000000ec100000|  0%| F|  |TAMS 0x00000000ec000000, 0x00000000ec000000| Untracked 
| 193|0x00000000ec100000, 0x00000000ec100000, 0x00000000ec200000|  0%| F|  |TAMS 0x00000000ec100000, 0x00000000ec100000| Untracked 
| 194|0x00000000ec200000, 0x00000000ec200000, 0x00000000ec300000|  0%| F|  |TAMS 0x00000000ec200000, 0x00000000ec200000| Untracked 
| 195|0x00000000ec300000, 0x00000000ec300000, 0x00000000ec400000|  0%| F|  |TAMS 0x00000000ec300000, 0x00000000ec300000| Untracked 
| 196|0x00000000ec400000, 0x00000000ec400000, 0x00000000ec500000|  0%| F|  |TAMS 0x00000000ec400000, 0x00000000ec400000| Untracked 
| 197|0x00000000ec500000, 0x00000000ec500000, 0x00000000ec600000|  0%| F|  |TAMS 0x00000000ec500000, 0x00000000ec500000| Untracked 
| 198|0x00000000ec600000, 0x00000000ec600000, 0x00000000ec700000|  0%| F|  |TAMS 0x00000000ec600000, 0x00000000ec600000| Untracked 
| 199|0x00000000ec700000, 0x00000000ec700000, 0x00000000ec800000|  0%| F|  |TAMS 0x00000000ec700000, 0x00000000ec700000| Untracked 
| 200|0x00000000ec800000, 0x00000000ec800000, 0x00000000ec900000|  0%| F|  |TAMS 0x00000000ec800000, 0x00000000ec800000| Untracked 
| 201|0x00000000ec900000, 0x00000000ec900000, 0x00000000eca00000|  0%| F|  |TAMS 0x00000000ec900000, 0x00000000ec900000| Untracked 
| 202|0x00000000eca00000, 0x00000000eca00000, 0x00000000ecb00000|  0%| F|  |TAMS 0x00000000eca00000, 0x00000000eca00000| Untracked 
| 203|0x00000000ecb00000, 0x00000000ecb00000, 0x00000000ecc00000|  0%| F|  |TAMS 0x00000000ecb00000, 0x00000000ecb00000| Untracked 
| 204|0x00000000ecc00000, 0x00000000ecc00000, 0x00000000ecd00000|  0%| F|  |TAMS 0x00000000ecc00000, 0x00000000ecc00000| Untracked 
| 205|0x00000000ecd00000, 0x00000000ecd00000, 0x00000000ece00000|  0%| F|  |TAMS 0x00000000ecd00000, 0x00000000ecd00000| Untracked 
| 206|0x00000000ece00000, 0x00000000ece00000, 0x00000000ecf00000|  0%| F|  |TAMS 0x00000000ece00000, 0x00000000ece00000| Untracked 
| 207|0x00000000ecf00000, 0x00000000ecf00000, 0x00000000ed000000|  0%| F|  |TAMS 0x00000000ecf00000, 0x00000000ecf00000| Untracked 
| 208|0x00000000ed000000, 0x00000000ed000000, 0x00000000ed100000|  0%| F|  |TAMS 0x00000000ed000000, 0x00000000ed000000| Untracked 
| 209|0x00000000ed100000, 0x00000000ed100000, 0x00000000ed200000|  0%| F|  |TAMS 0x00000000ed100000, 0x00000000ed100000| Untracked 
| 210|0x00000000ed200000, 0x00000000ed200000, 0x00000000ed300000|  0%| F|  |TAMS 0x00000000ed200000, 0x00000000ed200000| Untracked 
| 211|0x00000000ed300000, 0x00000000ed300000, 0x00000000ed400000|  0%| F|  |TAMS 0x00000000ed300000, 0x00000000ed300000| Untracked 
| 212|0x00000000ed400000, 0x00000000ed400000, 0x00000000ed500000|  0%| F|  |TAMS 0x00000000ed400000, 0x00000000ed400000| Untracked 
| 213|0x00000000ed500000, 0x00000000ed500000, 0x00000000ed600000|  0%| F|  |TAMS 0x00000000ed500000, 0x00000000ed500000| Untracked 
| 214|0x00000000ed600000, 0x00000000ed600000, 0x00000000ed700000|  0%| F|  |TAMS 0x00000000ed600000, 0x00000000ed600000| Untracked 
| 215|0x00000000ed700000, 0x00000000ed700000, 0x00000000ed800000|  0%| F|  |TAMS 0x00000000ed700000, 0x00000000ed700000| Untracked 
| 216|0x00000000ed800000, 0x00000000ed800000, 0x00000000ed900000|  0%| F|  |TAMS 0x00000000ed800000, 0x00000000ed800000| Untracked 
| 217|0x00000000ed900000, 0x00000000ed900000, 0x00000000eda00000|  0%| F|  |TAMS 0x00000000ed900000, 0x00000000ed900000| Untracked 
| 218|0x00000000eda00000, 0x00000000eda00000, 0x00000000edb00000|  0%| F|  |TAMS 0x00000000eda00000, 0x00000000eda00000| Untracked 
| 219|0x00000000edb00000, 0x00000000edb00000, 0x00000000edc00000|  0%| F|  |TAMS 0x00000000edb00000, 0x00000000edb00000| Untracked 
| 220|0x00000000edc00000, 0x00000000edc00000, 0x00000000edd00000|  0%| F|  |TAMS 0x00000000edc00000, 0x00000000edc00000| Untracked 
| 221|0x00000000edd00000, 0x00000000edd00000, 0x00000000ede00000|  0%| F|  |TAMS 0x00000000edd00000, 0x00000000edd00000| Untracked 
| 222|0x00000000ede00000, 0x00000000ede00000, 0x00000000edf00000|  0%| F|  |TAMS 0x00000000ede00000, 0x00000000ede00000| Untracked 
| 223|0x00000000edf00000, 0x00000000edf00000, 0x00000000ee000000|  0%| F|  |TAMS 0x00000000edf00000, 0x00000000edf00000| Untracked 
| 224|0x00000000ee000000, 0x00000000ee000000, 0x00000000ee100000|  0%| F|  |TAMS 0x00000000ee000000, 0x00000000ee000000| Untracked 
| 225|0x00000000ee100000, 0x00000000ee100000, 0x00000000ee200000|  0%| F|  |TAMS 0x00000000ee100000, 0x00000000ee100000| Untracked 
| 226|0x00000000ee200000, 0x00000000ee200000, 0x00000000ee300000|  0%| F|  |TAMS 0x00000000ee200000, 0x00000000ee200000| Untracked 
| 227|0x00000000ee300000, 0x00000000ee300000, 0x00000000ee400000|  0%| F|  |TAMS 0x00000000ee300000, 0x00000000ee300000| Untracked 
| 228|0x00000000ee400000, 0x00000000ee400000, 0x00000000ee500000|  0%| F|  |TAMS 0x00000000ee400000, 0x00000000ee400000| Untracked 
| 229|0x00000000ee500000, 0x00000000ee500000, 0x00000000ee600000|  0%| F|  |TAMS 0x00000000ee500000, 0x00000000ee500000| Untracked 
| 230|0x00000000ee600000, 0x00000000ee600000, 0x00000000ee700000|  0%| F|  |TAMS 0x00000000ee600000, 0x00000000ee600000| Untracked 
| 231|0x00000000ee700000, 0x00000000ee700000, 0x00000000ee800000|  0%| F|  |TAMS 0x00000000ee700000, 0x00000000ee700000| Untracked 
| 232|0x00000000ee800000, 0x00000000ee800000, 0x00000000ee900000|  0%| F|  |TAMS 0x00000000ee800000, 0x00000000ee800000| Untracked 
| 233|0x00000000ee900000, 0x00000000ee900000, 0x00000000eea00000|  0%| F|  |TAMS 0x00000000ee900000, 0x00000000ee900000| Untracked 
| 234|0x00000000eea00000, 0x00000000eea00000, 0x00000000eeb00000|  0%| F|  |TAMS 0x00000000eea00000, 0x00000000eea00000| Untracked 
| 235|0x00000000eeb00000, 0x00000000eeb00000, 0x00000000eec00000|  0%| F|  |TAMS 0x00000000eeb00000, 0x00000000eeb00000| Untracked 
| 236|0x00000000eec00000, 0x00000000eec00000, 0x00000000eed00000|  0%| F|  |TAMS 0x00000000eec00000, 0x00000000eec00000| Untracked 
| 237|0x00000000eed00000, 0x00000000eed00000, 0x00000000eee00000|  0%| F|  |TAMS 0x00000000eed00000, 0x00000000eed00000| Untracked 
| 238|0x00000000eee00000, 0x00000000eee00000, 0x00000000eef00000|  0%| F|  |TAMS 0x00000000eee00000, 0x00000000eee00000| Untracked 
| 239|0x00000000eef00000, 0x00000000eef00000, 0x00000000ef000000|  0%| F|  |TAMS 0x00000000eef00000, 0x00000000eef00000| Untracked 
| 240|0x00000000ef000000, 0x00000000ef000000, 0x00000000ef100000|  0%| F|  |TAMS 0x00000000ef000000, 0x00000000ef000000| Untracked 
| 241|0x00000000ef100000, 0x00000000ef10e4b0, 0x00000000ef200000|  5%| S|CS|TAMS 0x00000000ef100000, 0x00000000ef100000| Complete 
| 242|0x00000000ef200000, 0x00000000ef300000, 0x00000000ef300000|100%| S|CS|TAMS 0x00000000ef200000, 0x00000000ef200000| Complete 
| 243|0x00000000ef300000, 0x00000000ef300000, 0x00000000ef400000|  0%| F|  |TAMS 0x00000000ef300000, 0x00000000ef300000| Untracked 
| 244|0x00000000ef400000, 0x00000000ef400000, 0x00000000ef500000|  0%| F|  |TAMS 0x00000000ef400000, 0x00000000ef400000| Untracked 
| 245|0x00000000ef500000, 0x00000000ef500000, 0x00000000ef600000|  0%| F|  |TAMS 0x00000000ef500000, 0x00000000ef500000| Untracked 
| 246|0x00000000ef600000, 0x00000000ef600000, 0x00000000ef700000|  0%| F|  |TAMS 0x00000000ef600000, 0x00000000ef600000| Untracked 
| 247|0x00000000ef700000, 0x00000000ef700000, 0x00000000ef800000|  0%| F|  |TAMS 0x00000000ef700000, 0x00000000ef700000| Untracked 
| 248|0x00000000ef800000, 0x00000000ef800000, 0x00000000ef900000|  0%| F|  |TAMS 0x00000000ef800000, 0x00000000ef800000| Untracked 
| 249|0x00000000ef900000, 0x00000000ef900000, 0x00000000efa00000|  0%| F|  |TAMS 0x00000000ef900000, 0x00000000ef900000| Untracked 
| 250|0x00000000efa00000, 0x00000000efa00000, 0x00000000efb00000|  0%| F|  |TAMS 0x00000000efa00000, 0x00000000efa00000| Untracked 
| 251|0x00000000efb00000, 0x00000000efb00000, 0x00000000efc00000|  0%| F|  |TAMS 0x00000000efb00000, 0x00000000efb00000| Untracked 
| 252|0x00000000efc00000, 0x00000000efc00000, 0x00000000efd00000|  0%| F|  |TAMS 0x00000000efc00000, 0x00000000efc00000| Untracked 
| 253|0x00000000efd00000, 0x00000000efe00000, 0x00000000efe00000|100%| E|  |TAMS 0x00000000efd00000, 0x00000000efd00000| Complete 
| 254|0x00000000efe00000, 0x00000000eff00000, 0x00000000eff00000|100%| E|CS|TAMS 0x00000000efe00000, 0x00000000efe00000| Complete 
| 255|0x00000000eff00000, 0x00000000f0000000, 0x00000000f0000000|100%| E|CS|TAMS 0x00000000eff00000, 0x00000000eff00000| Complete 

Card table byte_map: [0x00000222b90d0000,0x00000222b91d0000] _byte_map_base: 0x00000222b89d0000

Marking Bits (Prev, Next): (CMBitMap*) 0x00000222a63f48b8, (CMBitMap*) 0x00000222a63f48f0
 Prev Bits: [0x00000222b92d0000, 0x00000222b9ad0000)
 Next Bits: [0x00000222b9ad0000, 0x00000222ba2d0000)

Polling page: 0x00000222a43d0000

Metaspace:

Usage:
  Non-class:     10.26 MB capacity,    10.08 MB ( 98%) used,   177.63 KB (  2%) free+waste,    12.50 KB ( <1%) overhead. 
      Class:      1.04 MB capacity,  1010.44 KB ( 95%) used,    50.50 KB (  5%) free+waste,     5.06 KB ( <1%) overhead. 
       Both:     11.31 MB capacity,    11.07 MB ( 98%) used,   228.13 KB (  2%) free+waste,    17.56 KB ( <1%) overhead. 

Virtual space:
  Non-class space:       12.00 MB reserved,      10.50 MB ( 88%) committed 
      Class space:        1.00 GB reserved,       1.13 MB ( <1%) committed 
             Both:        1.01 GB reserved,      11.63 MB (  1%) committed 

Chunk freelists:
   Non-Class:  49.00 KB
       Class:  22.00 KB
        Both:  71.00 KB

MaxMetaspaceSize: 17179869184.00 GB
CompressedClassSpaceSize: 1.00 GB

CodeHeap 'non-profiled nmethods': size=120064Kb used=340Kb max_used=340Kb free=119723Kb
 bounds [0x00000222b1980000, 0x00000222b1bf0000, 0x00000222b8ec0000]
CodeHeap 'profiled nmethods': size=120000Kb used=3475Kb max_used=3475Kb free=116524Kb
 bounds [0x00000222aa450000, 0x00000222aa7c0000, 0x00000222b1980000]
CodeHeap 'non-nmethods': size=5696Kb used=1095Kb max_used=1128Kb free=4600Kb
 bounds [0x00000222a9ec0000, 0x00000222aa130000, 0x00000222aa450000]
 total_blobs=1500 nmethods=1105 adapters=305
 compilation: enabled
              stopped_count=0, restarted_count=0
 full_count=0

Compilation events (20 events):
Event: 0.494 Thread 0x00000222bd3af800 nmethod 1071 0x00000222aa765c90 code [0x00000222aa765ee0, 0x00000222aa7665b8]
Event: 0.494 Thread 0x00000222bd3af800 1082       2       org.jacoco.agent.rt.internal_1f1cc91.asm.Handler::getExceptionTableLength (69 bytes)
Event: 0.495 Thread 0x00000222bd3af800 nmethod 1082 0x00000222aa766990 code [0x00000222aa766ca0, 0x00000222aa767c48]
Event: 0.495 Thread 0x00000222bd3af800 1081       2       org.jacoco.agent.rt.internal_1f1cc91.asm.MethodVisitor::visitMaxs (44 bytes)
Event: 0.495 Thread 0x00000222bd3af800 nmethod 1081 0x00000222aa768490 code [0x00000222aa768700, 0x00000222aa768f98]
Event: 0.495 Thread 0x00000222bd3af800 1077       2       org.jacoco.agent.rt.internal_1f1cc91.core.internal.flow.MethodSanitizer::visitLocalVariable (61 bytes)
Event: 0.495 Thread 0x00000222bd3af800 nmethod 1077 0x00000222aa769410 code [0x00000222aa769680, 0x00000222aa769f58]
Event: 0.495 Thread 0x00000222bd3af800 1084   !   2       sun.instrument.TransformerManager::transform (100 bytes)
Event: 0.496 Thread 0x00000222bd3af800 nmethod 1084 0x00000222aa76a410 code [0x00000222aa76a5e0, 0x00000222aa76a888]
Event: 0.496 Thread 0x00000222bd3af800 1078       2       org.jacoco.agent.rt.internal_1f1cc91.asm.tree.MethodNode::visitLocalVariable (74 bytes)
Event: 0.496 Thread 0x00000222bd3af800 nmethod 1078 0x00000222aa76aa90 code [0x00000222aa76ad60, 0x00000222aa76b968]
Event: 0.496 Thread 0x00000222bd3af800 1072       2       org.jacoco.agent.rt.internal_1f1cc91.asm.tree.LineNumberNode::<init> (50 bytes)
Event: 0.496 Thread 0x00000222bd3af800 nmethod 1072 0x00000222aa76c010 code [0x00000222aa76c2c0, 0x00000222aa76cdd8]
Event: 0.496 Thread 0x00000222bd3af800 1083       2       sun.instrument.InstrumentationImpl::transform (73 bytes)
Event: 0.497 Thread 0x00000222bd3af800 nmethod 1083 0x00000222aa76d390 code [0x00000222aa76d560, 0x00000222aa76d708]
Event: 0.497 Thread 0x00000222bd3af800 1085       2       java.lang.instrument.ClassFileTransformer::transform (15 bytes)
Event: 0.497 Thread 0x00000222bd3af800 nmethod 1085 0x00000222aa76d810 code [0x00000222aa76d9c0, 0x00000222aa76dae8]
Event: 0.497 Thread 0x00000222bd3af800 1075       2       org.jacoco.agent.rt.internal_1f1cc91.core.internal.flow.LabelInfo::setSuccessor (64 bytes)
Event: 0.497 Thread 0x00000222bd3af800 nmethod 1075 0x00000222aa76db90 code [0x00000222aa76de60, 0x00000222aa76eb58]
Event: 0.497 Thread 0x00000222bd3af800 1087       3       org.jacoco.agent.rt.internal_1f1cc91.core.internal.data.CRC64::update (66 bytes)

GC Heap History (2 events):
Event: 0.342 GC heap before
{Heap before GC invocations=0 (full 0):
 garbage-first heap   total 262144K, used 22528K [0x00000000e0000000, 0x0000000100000000)
  region size 1024K, 22 young (22528K), 0 survivors (0K)
 Metaspace       used 9853K, capacity 10063K, committed 10240K, reserved 1058816K
  class space    used 867K, capacity 924K, committed 1024K, reserved 1048576K
}
Event: 0.346 GC heap after
{Heap after GC invocations=1 (full 0):
 garbage-first heap   total 262144K, used 8739K [0x00000000e0000000, 0x0000000100000000)
  region size 1024K, 3 young (3072K), 3 survivors (3072K)
 Metaspace       used 9853K, capacity 10063K, committed 10240K, reserved 1058816K
  class space    used 867K, capacity 924K, committed 1024K, reserved 1048576K
}

Deoptimization events (20 events):
Event: 0.306 Thread 0x00000222a63cc800 DEOPT PACKING pc=0x00000222aa46e124 sp=0x0000008b572fc500
Event: 0.306 Thread 0x00000222a63cc800 DEOPT UNPACKING pc=0x00000222a9ee6dde sp=0x0000008b572fb998 mode 0
Event: 0.312 Thread 0x00000222a63cc800 Uncommon trap: trap_request=0xffffff4d fr.pc=0x00000222b19ba3e4 relative=0x0000000000000304
Event: 0.312 Thread 0x00000222a63cc800 Uncommon trap: reason=unstable_if action=reinterpret pc=0x00000222b19ba3e4 method=org.jetbrains.coverage.org.objectweb.asm.MethodWriter.visitVarInsn(II)V @ 116 c2
Event: 0.312 Thread 0x00000222a63cc800 DEOPT PACKING pc=0x00000222b19ba3e4 sp=0x0000008b572fc900
Event: 0.312 Thread 0x00000222a63cc800 DEOPT UNPACKING pc=0x00000222a9ee662f sp=0x0000008b572fc8c0 mode 2
Event: 0.317 Thread 0x00000222a63cc800 Uncommon trap: trap_request=0xffffff4d fr.pc=0x00000222b19bd980 relative=0x00000000000001c0
Event: 0.317 Thread 0x00000222a63cc800 Uncommon trap: reason=unstable_if action=reinterpret pc=0x00000222b19bd980 method=org.jetbrains.coverage.org.objectweb.asm.commons.LocalVariablesSorter.remap(ILorg/jetbrains/coverage/org/objectweb/asm/Type;)I @ 36 c2
Event: 0.317 Thread 0x00000222a63cc800 DEOPT PACKING pc=0x00000222b19bd980 sp=0x0000008b572f9f70
Event: 0.317 Thread 0x00000222a63cc800 DEOPT UNPACKING pc=0x00000222a9ee662f sp=0x0000008b572f9ef8 mode 2
Event: 0.327 Thread 0x00000222a63cc800 DEOPT PACKING pc=0x00000222aa4707ff sp=0x0000008b572fa540
Event: 0.327 Thread 0x00000222a63cc800 DEOPT UNPACKING pc=0x00000222a9ee6dde sp=0x0000008b572f9990 mode 0
Event: 0.330 Thread 0x00000222a63cc800 DEOPT PACKING pc=0x00000222aa4707ff sp=0x0000008b572f7730
Event: 0.330 Thread 0x00000222a63cc800 DEOPT UNPACKING pc=0x00000222a9ee6dde sp=0x0000008b572f6b80 mode 0
Event: 0.409 Thread 0x00000222a63cc800 DEOPT PACKING pc=0x00000222aa46cd9b sp=0x0000008b572fb1c0
Event: 0.409 Thread 0x00000222a63cc800 DEOPT UNPACKING pc=0x00000222a9ee6dde sp=0x0000008b572fa700 mode 0
Event: 0.455 Thread 0x00000222a63cc800 Uncommon trap: trap_request=0xffffff4d fr.pc=0x00000222b19c5cf8 relative=0x0000000000000058
Event: 0.455 Thread 0x00000222a63cc800 Uncommon trap: reason=unstable_if action=reinterpret pc=0x00000222b19c5cf8 method=jdk.internal.loader.URLClassPath$JarLoader.ensureOpen()V @ 4 c2
Event: 0.455 Thread 0x00000222a63cc800 DEOPT PACKING pc=0x00000222b19c5cf8 sp=0x0000008b572fbe90
Event: 0.455 Thread 0x00000222a63cc800 DEOPT UNPACKING pc=0x00000222a9ee662f sp=0x0000008b572fbe28 mode 2

Classes redefined (0 events):
No events

Internal exceptions (5 events):
Event: 0.171 Thread 0x00000222a63cc800 Exception <a 'java/security/PrivilegedActionException'{0x00000000efc63088}> (0x00000000efc63088) thrown at [./src/hotspot/share/prims/jvm.cpp, line 1306]
Event: 0.171 Thread 0x00000222a63cc800 Exception <a 'java/security/PrivilegedActionException'{0x00000000efc63358}> (0x00000000efc63358) thrown at [./src/hotspot/share/prims/jvm.cpp, line 1306]
Event: 0.217 Thread 0x00000222a63cc800 Exception <a 'java/security/PrivilegedActionException'{0x00000000ef68f0d0}> (0x00000000ef68f0d0) thrown at [./src/hotspot/share/prims/jvm.cpp, line 1306]
Event: 0.217 Thread 0x00000222a63cc800 Exception <a 'java/security/PrivilegedActionException'{0x00000000ef68f3a0}> (0x00000000ef68f3a0) thrown at [./src/hotspot/share/prims/jvm.cpp, line 1306]
Event: 0.308 Thread 0x00000222a63cc800 Exception <a 'java/lang/NoSuchMethodError'{0x00000000eee95350}: 'int java.lang.invoke.DirectMethodHandle$Holder.invokeSpecialIFC(java.lang.Object, java.lang.Object, int)'> (0x00000000eee95350) thrown at [./src/hotspot/share/interpreter/linkResolver.cpp, line 773]

Events (20 events):
Event: 0.476 loading class java/io/EOFException
Event: 0.476 loading class java/io/EOFException done
Event: 0.476 loading class org/gradle/internal/logging/services/LoggingServiceRegistry
Event: 0.476 loading class org/gradle/internal/logging/services/LoggingServiceRegistry done
Event: 0.479 loading class org/gradle/internal/service/DefaultServiceRegistry
Event: 0.479 loading class org/gradle/internal/service/DefaultServiceRegistry done
Event: 0.480 loading class java/net/URLClassLoader$2
Event: 0.480 loading class java/net/URLClassLoader$2 done
Event: 0.494 loading class org/gradle/internal/service/ContainsServices
Event: 0.494 loading class org/gradle/internal/service/ContainsServices done
Event: 0.495 loading class org/gradle/internal/service/ServiceProvider
Event: 0.495 loading class org/gradle/internal/service/ServiceProvider done
Event: 0.495 loading class org/gradle/internal/concurrent/Stoppable
Event: 0.495 loading class org/gradle/internal/concurrent/Stoppable done
Event: 0.496 loading class org/gradle/internal/service/UnknownServiceException
Event: 0.496 loading class org/gradle/internal/service/UnknownServiceException done
Event: 0.497 loading class org/gradle/internal/service/ServiceValidationException
Event: 0.497 loading class org/gradle/internal/service/ServiceValidationException done
Event: 0.497 loading class org/gradle/internal/service/ServiceLookupException
Event: 0.497 loading class org/gradle/internal/service/ServiceLookupException done


Dynamic libraries:
0x00007ff709790000 - 0x00007ff70979a000 	C:\Program Files\Android\Android Studio\jre\bin\java.exe
0x00007ff9036b0000 - 0x00007ff9038a5000 	C:\Windows\SYSTEM32\ntdll.dll
0x00007ff902ce0000 - 0x00007ff902d9e000 	C:\Windows\System32\KERNEL32.DLL
0x00007ff901080000 - 0x00007ff901348000 	C:\Windows\System32\KERNELBASE.dll
0x00007ff900e90000 - 0x00007ff900f90000 	C:\Windows\System32\ucrtbase.dll
0x00007ff8fbc80000 - 0x00007ff8fbc99000 	C:\Program Files\Android\Android Studio\jre\bin\jli.dll
0x00007ff8fc540000 - 0x00007ff8fc557000 	C:\Program Files\Android\Android Studio\jre\bin\VCRUNTIME140.dll
0x00007ff902e20000 - 0x00007ff902fc1000 	C:\Windows\System32\USER32.dll
0x00007ff901560000 - 0x00007ff901582000 	C:\Windows\System32\win32u.dll
0x00007ff8ef530000 - 0x00007ff8ef7ca000 	C:\Windows\WinSxS\amd64_microsoft.windows.common-controls_6595b64144ccf1df_6.0.19041.1110_none_60b5254171f9507e\COMCTL32.dll
0x00007ff903260000 - 0x00007ff90328b000 	C:\Windows\System32\GDI32.dll
0x00007ff9031c0000 - 0x00007ff90325e000 	C:\Windows\System32\msvcrt.dll
0x00007ff901350000 - 0x00007ff90145d000 	C:\Windows\System32\gdi32full.dll
0x00007ff900df0000 - 0x00007ff900e8d000 	C:\Windows\System32\msvcp_win.dll
0x00007ff9032a0000 - 0x00007ff9032d0000 	C:\Windows\System32\IMM32.DLL
0x00007ff8c7ff0000 - 0x00007ff8c808d000 	C:\Program Files\Android\Android Studio\jre\bin\msvcp140.dll
0x00007ff8c6580000 - 0x00007ff8c7055000 	C:\Program Files\Android\Android Studio\jre\bin\server\jvm.dll
0x00007ff903530000 - 0x00007ff9035de000 	C:\Windows\System32\ADVAPI32.dll
0x00007ff903120000 - 0x00007ff9031bc000 	C:\Windows\System32\sechost.dll
0x00007ff9033f0000 - 0x00007ff903515000 	C:\Windows\System32\RPCRT4.dll
0x00007ff903290000 - 0x00007ff903298000 	C:\Windows\System32\PSAPI.DLL
0x00007ff8f3ef0000 - 0x00007ff8f3f17000 	C:\Windows\SYSTEM32\WINMM.dll
0x00007ff8eab10000 - 0x00007ff8eab19000 	C:\Windows\SYSTEM32\WSOCK32.dll
0x00007ff8faa90000 - 0x00007ff8faa9a000 	C:\Windows\SYSTEM32\VERSION.dll
0x00007ff9030b0000 - 0x00007ff90311b000 	C:\Windows\System32\WS2_32.dll
0x00007ff8fecd0000 - 0x00007ff8fece2000 	C:\Windows\SYSTEM32\kernel.appcore.dll
0x00007ff8e5080000 - 0x00007ff8e5091000 	C:\Program Files\Android\Android Studio\jre\bin\verify.dll
0x00007ff8f3060000 - 0x00007ff8f3244000 	C:\Windows\SYSTEM32\DBGHELP.DLL
0x00007ff8e0e30000 - 0x00007ff8e0e5c000 	C:\Windows\SYSTEM32\dbgcore.DLL
0x00007ff900ff0000 - 0x00007ff901072000 	C:\Windows\System32\bcryptPrimitives.dll
0x00007ff8c6550000 - 0x00007ff8c6579000 	C:\Program Files\Android\Android Studio\jre\bin\java.dll
0x00007ff8e6f10000 - 0x00007ff8e6f1b000 	C:\Program Files\Android\Android Studio\jre\bin\jimage.dll
0x00007ff8db920000 - 0x00007ff8db92f000 	C:\Program Files\Android\Android Studio\jre\bin\instrument.dll
0x00007ff8dc030000 - 0x00007ff8dc048000 	C:\Program Files\Android\Android Studio\jre\bin\zip.dll
0x00007ff901ae0000 - 0x00007ff902224000 	C:\Windows\System32\SHELL32.dll
0x00007ff8feed0000 - 0x00007ff8ff665000 	C:\Windows\SYSTEM32\windows.storage.dll
0x00007ff902500000 - 0x00007ff902855000 	C:\Windows\System32\combase.dll
0x00007ff900740000 - 0x00007ff90076e000 	C:\Windows\SYSTEM32\Wldp.dll
0x00007ff9018a0000 - 0x00007ff90194d000 	C:\Windows\System32\SHCORE.dll
0x00007ff901950000 - 0x00007ff9019a5000 	C:\Windows\System32\shlwapi.dll
0x00007ff900d00000 - 0x00007ff900d1f000 	C:\Windows\SYSTEM32\profapi.dll
0x00007ff8db7e0000 - 0x00007ff8db7fa000 	C:\Program Files\Android\Android Studio\jre\bin\net.dll
0x00007ff8f99b0000 - 0x00007ff8f9abc000 	C:\Windows\SYSTEM32\WINHTTP.dll
0x00007ff9004a0000 - 0x00007ff90050a000 	C:\Windows\system32\mswsock.dll
0x00007ff8dabd0000 - 0x00007ff8dabe4000 	C:\Program Files\Android\Android Studio\jre\bin\nio.dll
0x00007ff8ded00000 - 0x00007ff8ded17000 	C:\Windows\system32\napinsp.dll
0x00007ff8dece0000 - 0x00007ff8decfb000 	C:\Windows\system32\pnrpnsp.dll
0x00007ff8fb9d0000 - 0x00007ff8fb9e5000 	C:\Windows\system32\wshbth.dll
0x00007ff8fc8b0000 - 0x00007ff8fc8cd000 	C:\Windows\system32\NLAapi.dll
0x00007ff900190000 - 0x00007ff9001cb000 	C:\Windows\SYSTEM32\IPHLPAPI.DLL
0x00007ff9001d0000 - 0x00007ff90029b000 	C:\Windows\SYSTEM32\DNSAPI.dll
0x00007ff903520000 - 0x00007ff903528000 	C:\Windows\System32\NSI.dll
0x00007ff8dec60000 - 0x00007ff8dec72000 	C:\Windows\System32\winrnr.dll
0x0000000057f90000 - 0x0000000057fb6000 	C:\Program Files\Bonjour\mdnsNSP.dll
0x00007ff8f9cd0000 - 0x00007ff8f9cda000 	C:\Windows\System32\rasadhlp.dll
0x00007ff8f92d0000 - 0x00007ff8f934f000 	C:\Windows\System32\fwpuclnt.dll
0x00007ff900dc0000 - 0x00007ff900de7000 	C:\Windows\System32\bcrypt.dll

dbghelp: loaded successfully - version: 4.0.5 - missing functions: none
symbol engine: initialized successfully - sym options: 0x614 - pdb path: .;C:\Program Files\Android\Android Studio\jre\bin;C:\Windows\SYSTEM32;C:\Windows\WinSxS\amd64_microsoft.windows.common-controls_6595b64144ccf1df_6.0.19041.1110_none_60b5254171f9507e;C:\Program Files\Android\Android Studio\jre\bin\server;C:\Program Files\Bonjour

VM Arguments:
jvm_args: -Djava.awt.headless=true -Dorg.gradle.native=false -javaagent:C:\Users\Emanuele\AppData\Local\Google\AndroidStudio2021.1\testAgent\intellij-coverage-agent-1.0.579.jar=C:\Users\Emanuele\AppData\Local\Temp\coverage9002args -javaagent:build/tmp/expandedArchives/org.jacoco.agent-0.8.3.jar_4b57cf550318c2dfec984d52b9993337/jacocoagent.jar=destfile=build/jacoco/testDebugUnitTest.exec,append=true,inclnolocationclasses=false,dumponexit=true,output=file,jmx=false -Xmx512m -Dfile.encoding=windows-1252 -Duser.country=IT -Duser.language=it -Duser.variant -ea 
java_command: worker.org.gradle.process.internal.worker.GradleWorkerMain 'Gradle Test Executor 145'
java_class_path (initial): C:\\Users\\Emanuele\\.gradle\\caches\\5.4.1\\workerMain\\gradle-worker.jar;D:\\UNISA\\Images-to-PDF-8.8.1\\app\\build\\intermediates\\unit_test_config_directory\\debugUnitTest\\out;D:\\UNISA\\Images-to-PDF-8.8.1\\app\\build\\intermediates\\javac\\debugUnitTest\\classes;D:\\UNISA\\Images-to-PDF-8.8.1\\app\\build\\intermediates\\sourceFolderJavaResources\\test\\debug;D:\\UNISA\\Images-to-PDF-8.8.1\\app\\libs\\aspose-cells-19.3-android.via.java.jar;C:\\Users\\Emanuele\\.gradle\\caches\\modules-2\\files-2.1\\junit\\junit\\4.12\\2973d150c0dc1fefe998f834810d68f278ea58ec\\junit-4.12.jar;C:\\Users\\Emanuele\\.gradle\\caches\\transforms-2\\files-2.1\\7b6909b64f48938995ae3ed4e82d21fb\\design-28.0.0\\jars\\classes.jar;C:\\Users\\Emanuele\\.gradle\\caches\\transforms-2\\files-2.1\\651251c562687d258463be1acb29cef2\\preference-v7-28.0.0\\jars\\classes.jar;C:\\Users\\Emanuele\\.gradle\\caches\\transforms-2\\files-2.1\\486df71dc6ed74dea0b4255c79b1f7bb\\android-morphing-button-98a4986e56\\jars\\classes.jar;C:\\Users\\Emanuele\\.gradle\\caches\\transforms-2\\files-2.1\\e0b8729a29a97f1249360bc34a62f3c6\\core-0.9.6.0\\jars\\classes.jar;C:\\Users\\Emanuele\\.gradle\\caches\\transforms-2\\files-2.1\\9a8a65aafbfe97c85a668158010ad42e\\lottie-2.5.5\\jars\\classes.jar;C:\\Users\\Emanuele\\.gradle\\caches\\transforms-2\\files-2.1\\f759d4cca9c841abfbbf69a3d1988020\\photoeditor-0.2.1\\jars\\classes.jar;C:\\Users\\Emanuele\\.gradle\\caches\\transforms-2\\files-2.1\\136cddfca49c69e99f753cbe0696d868\\android-image-cropper-2.7.0\\jars\\classes.jar;C:\\Users\\Emanuele\\.gradle\\caches\\transforms-2\\files-2.1\\da52e0abd62c4b4fdf635b9f1534cce3\\matisse-0.5.2-beta4\\jars\\classes.jar;C:\\Users\\Emanuele\\.gradle\\caches\\transforms-2\\files-2.1\\fa54b75fd3ca8dcd347227168e2bb359\\library-1.4.2\\jars\\classes.jar;C:\\Users\\Emanuele\\.gradle\\caches\\transforms-2\\files-2.1\\2f076f60f4de0bb3727f48fd42425706\\appcompat-v7-28.0.0\\jars\\classes.jar;C:\\Users\\Emanuele\\.gradle
Launcher Type: SUN_STANDARD

[Global flags]
     intx CICompilerCount                          = 3                                         {product} {ergonomic}
     uint ConcGCThreads                            = 2                                         {product} {ergonomic}
     uint G1ConcRefinementThreads                  = 6                                         {product} {ergonomic}
   size_t G1HeapRegionSize                         = 1048576                                   {product} {ergonomic}
    uintx GCDrainStackTargetSize                   = 64                                        {product} {ergonomic}
   size_t InitialHeapSize                          = 268435456                                 {product} {ergonomic}
   size_t MarkStackSize                            = 4194304                                   {product} {ergonomic}
   size_t MaxHeapSize                              = 536870912                                 {product} {command line}
   size_t MaxNewSize                               = 321912832                                 {product} {ergonomic}
   size_t MinHeapDeltaBytes                        = 1048576                                   {product} {ergonomic}
    uintx NonNMethodCodeHeapSize                   = 5830732                                {pd product} {ergonomic}
    uintx NonProfiledCodeHeapSize                  = 122913754                              {pd product} {ergonomic}
    uintx ProfiledCodeHeapSize                     = 122913754                              {pd product} {ergonomic}
    uintx ReservedCodeCacheSize                    = 251658240                              {pd product} {ergonomic}
     bool SegmentedCodeCache                       = true                                      {product} {ergonomic}
     bool UseCompressedClassPointers               = true                                 {lp64_product} {ergonomic}
     bool UseCompressedOops                        = true                                 {lp64_product} {ergonomic}
     bool UseG1GC                                  = true                                      {product} {ergonomic}
     bool UseLargePagesIndividualAllocation        = false                                  {pd product} {ergonomic}

Logging:
Log output configuration:
 #0: stdout all=warning uptime,level,tags
 #1: stderr all=off uptime,level,tags

Environment Variables:
PATH=C:\Program Files\Common Files\Oracle\Java\javapath;C:\Program Files (x86)\Common Files\Oracle\Java\javapath;C:\Windows\system32;C:\Windows;C:\Windows\System32\Wbem;C:\Windows\System32\WindowsPowerShell\v1.0\;C:\Windows\System32\OpenSSH\;C:\Program Files\NVIDIA Corporation\NVIDIA NvDLISR;C:\Program Files (x86)\NVIDIA Corporation\PhysX\Common;C:\Program Files\dotnet\;C:\Program Files\Git\cmd;C:\Users\Emanuele\AppData\Local\Microsoft\WindowsApps;C:\Users\Emanuele\AppData\Local\GitHubDesktop\bin
USERNAME=Emanuele
OS=Windows_NT
PROCESSOR_IDENTIFIER=Intel64 Family 6 Model 158 Stepping 12, GenuineIntel



---------------  S Y S T E M  ---------------

OS: Windows 10 , 64 bit Build 19041 (10.0.19041.1466)
OS uptime: 0 days 4:53 hours

CPU:total 6 (initial active 6) (6 cores per cpu, 1 threads per core) family 6 model 158 stepping 12 microcode 0xae, cmov, cx8, fxsr, mmx, sse, sse2, sse3, ssse3, sse4.1, sse4.2, popcnt, avx, avx2, aes, clmul, erms, rtm, 3dnowpref, lzcnt, tsc, tscinvbit, bmi1, bmi2, adx, fma

Memory: 4k page, system-wide physical 16316M (2734M free)
TotalPageFile size 18748M (AvailPageFile size 2472M)
current process WorkingSet (physical memory assigned to process): 127M, peak: 133M
current process commit charge ("private bytes"): 384M, peak: 391M

vm_info: OpenJDK 64-Bit Server VM (11.0.11+9-b60-7590822) for windows-amd64 JRE (11.0.11+9-b60-7590822), built on Jul 29 2021 21:43:44 by "builder" with MS VC++ 14.0 (VS2015)

END.
