#
# A fatal error has been detected by the Java Runtime Environment:
#
#  EXCEPTION_ACCESS_VIOLATION (0xc0000005) at pc=0x00007ffed9d9e4a8, pid=1476, tid=3928
#
# JRE version: OpenJDK Runtime Environment (11.0.11+9) (build 11.0.11+9-b60-7590822)
# Java VM: OpenJDK 64-Bit Server VM (11.0.11+9-b60-7590822, mixed mode, tiered, compressed oops, g1 gc, windows-amd64)
# Problematic frame:
# V  [jvm.dll+0x61e4a8]
#
# No core dump will be written. Minidumps are not enabled by default on client versions of Windows
#
# If you would like to submit a bug report, please visit:
#   https://bugreport.java.com/bugreport/crash.jsp
#

---------------  S U M M A R Y ------------

Command Line: -Djava.awt.headless=true -Dorg.gradle.native=false -javaagent:C:\Users\Emanuele\AppData\Local\Google\AndroidStudio2021.1\testAgent\intellij-coverage-agent-1.0.579.jar=C:\Users\Emanuele\AppData\Local\Temp\coverage18186args -javaagent:build/tmp/expandedArchives/org.jacoco.agent-0.8.3.jar_4b57cf550318c2dfec984d52b9993337/jacocoagent.jar=destfile=build/jacoco/testDebugUnitTest.exec,append=true,inclnolocationclasses=false,dumponexit=true,output=file,jmx=false -Xmx512m -Dfile.encoding=windows-1252 -Duser.country=IT -Duser.language=it -Duser.variant -ea worker.org.gradle.process.internal.worker.GradleWorkerMain 'Gradle Test Executor 1'

Host: Intel(R) Core(TM) i5-9600K CPU @ 3.70GHz, 6 cores, 15G,  Windows 10 , 64 bit Build 19041 (10.0.19041.1466)
Time: Wed Feb  9 05:23:28 2022 ora solare Europa occidentale elapsed time: 1.953786 seconds (0d 0h 0m 1s)

---------------  T H R E A D  ---------------

Current thread (0x00000190ad782800):  JavaThread "C2 CompilerThread0" daemon [_thread_in_native, id=3928, stack(0x0000004930a00000,0x0000004930b00000)]


Current CompileTask:
C2:   1953 2110       4       org.jetbrains.coverage.org.objectweb.asm.ClassReader::readCode (5089 bytes)

Stack: [0x0000004930a00000,0x0000004930b00000],  sp=0x0000004930afb7b0,  free space=1005k
Native frames: (J=compiled Java code, j=interpreted, Vv=VM code, C=native code)
V  [jvm.dll+0x61e4a8]
V  [jvm.dll+0x61fc54]
V  [jvm.dll+0x61e90d]
V  [jvm.dll+0x508c38]
V  [jvm.dll+0x1fd826]
V  [jvm.dll+0x1fb35f]
V  [jvm.dll+0x183d6c]
V  [jvm.dll+0x209a57]
V  [jvm.dll+0x2082a1]
V  [jvm.dll+0x6ef58f]
V  [jvm.dll+0x6e80b5]
V  [jvm.dll+0x5f1036]
C  [ucrtbase.dll+0x21bb2]
C  [KERNEL32.DLL+0x17034]
C  [ntdll.dll+0x52651]


siginfo: EXCEPTION_ACCESS_VIOLATION (0xc0000005), reading address 0xffffffffffffffff


Register to memory mapping:

RIP=0x00007ffed9d9e4a8 jvm.dll
RAX=0x000000000000002d is an unknown value
RBX=0x00400190b09f06d0 is an unknown value
RCX=0x00000190b09f06d0 points into unknown readable memory: 0x00007ffed9f7e1b8 | b8 e1 f7 d9 fe 7f 00 00
RDX=0x000000007fffffff is an unknown value
RSP=0x0000004930afb7b0 is pointing into the stack for thread: 0x00000190ad782800
RBP=0x00000000000044d5 is an unknown value
RSI=0x0000000000000002 is an unknown value
RDI=0x0000004930afd1d8 is pointing into the stack for thread: 0x00000190ad782800
R8 =0x00007ffeda0013f8 jvm.dll
R9 =0x0 is NULL
R10=0x00000190b115bf98 points into unknown readable memory: 0x00007ffeda0013f8 | f8 13 00 da fe 7f 00 00
R11=0xffffffff80000000 is an unknown value
R12=0x00000000000044d5 is an unknown value
R13=0x000000000000002d is an unknown value
R14=0x00000190b09f06d0 points into unknown readable memory: 0x00007ffed9f7e1b8 | b8 e1 f7 d9 fe 7f 00 00
R15=0x0 is NULL


Registers:
RAX=0x000000000000002d, RBX=0x00400190b09f06d0, RCX=0x00000190b09f06d0, RDX=0x000000007fffffff
RSP=0x0000004930afb7b0, RBP=0x00000000000044d5, RSI=0x0000000000000002, RDI=0x0000004930afd1d8
R8 =0x00007ffeda0013f8, R9 =0x0000000000000000, R10=0x00000190b115bf98, R11=0xffffffff80000000
R12=0x00000000000044d5, R13=0x000000000000002d, R14=0x00000190b09f06d0, R15=0x0000000000000000
RIP=0x00007ffed9d9e4a8, EFLAGS=0x0000000000010202

Top of Stack: (sp=0x0000004930afb7b0)
0x0000004930afb7b0:   00000190b09f06d0 0000004930afc850
0x0000004930afb7c0:   00000190b09f06d0 00007ffed991191c
0x0000004930afb7d0:   00000000000000e5 0000000000000000
0x0000004930afb7e0:   0000000000000000 00000190adf810d8
0x0000004930afb7f0:   00000190b09f06d0 00007ffed9d9fc54
0x0000004930afb800:   00000190b09f06d0 00000000000000e4
0x0000004930afb810:   0000004930afc850 00007ffed9c77c33
0x0000004930afb820:   00000000000000e5 0000004930afc850
0x0000004930afb830:   00000190b09f06d0 00007ffed9d9e90d
0x0000004930afb840:   00000000000000e4 00007ffed9c77c33
0x0000004930afb850:   0000004930afd228 0000004930afbe30
0x0000004930afb860:   0000000000000002 0000000000000002
0x0000004930afb870:   0000004930afbe30 00007ffed9c88c38
0x0000004930afb880:   00000190b29df310 0000004930afb980
0x0000004930afb890:   00000190b29df310 0000000000000000
0x0000004930afb8a0:   00000190ad723b70 0000000000004000 

Instructions: (pc=0x00007ffed9d9e4a8)
0x00007ffed9d9e3a8:   4a 8b 0c 02 4a 39 0c 0a 75 16 ff c0 3b c7 72 e8
0x00007ffed9d9e3b8:   49 8b 06 48 8b d3 49 8b ce ff 50 60 85 c0 75 3a
0x00007ffed9d9e3c8:   8b 45 08 41 03 f7 ff c8 23 f0 48 8b 45 18 48 8b
0x00007ffed9d9e3d8:   1c f0 48 85 db 75 a1 33 c0 4c 8b 64 24 58 48 8b
0x00007ffed9d9e3e8:   7c 24 50 48 8b 74 24 48 48 8b 5c 24 40 4c 8b 7c
0x00007ffed9d9e3f8:   24 20 48 83 c4 28 41 5e 5d c3 48 8b c3 eb da cc
0x00007ffed9d9e408:   cc cc cc cc cc cc cc cc 40 57 41 56 48 83 ec 38
0x00007ffed9d9e418:   48 8b 02 48 8b f9 48 8b ca 4c 8b f2 ff 50 58 85
0x00007ffed9d9e428:   c0 75 0a 33 c0 48 83 c4 38 41 5e 5f c3 48 89 5c
0x00007ffed9d9e438:   24 50 48 89 6c 24 58 8b 6f 08 ff cd 4c 89 64 24
0x00007ffed9d9e448:   30 23 e8 48 8b 47 18 44 8b e5 41 83 cc 01 48 8b
0x00007ffed9d9e458:   1c e8 48 85 db 75 1e 4c 89 34 e8 ff 47 0c 8b 47
0x00007ffed9d9e468:   0c 3b 47 10 75 08 48 8b cf e8 2a fd ff ff 33 c0
0x00007ffed9d9e478:   e9 d6 00 00 00 33 c0 48 89 74 24 60 48 3b 5f 20
0x00007ffed9d9e488:   49 8b ce 4c 89 6c 24 28 4c 89 7c 24 20 44 8b fd
0x00007ffed9d9e498:   44 0f 45 f8 49 8b 06 ff 10 41 8b 76 18 44 8b e8
0x00007ffed9d9e4a8:   39 73 18 75 4b 48 8b 13 48 8b cb ff 12 41 3b c5
0x00007ffed9d9e4b8:   75 3e 33 c0 85 f6 74 28 4c 8b 43 08 4d 8b 4e 08
0x00007ffed9d9e4c8:   0f 1f 84 00 00 00 00 00 48 8d 14 c5 00 00 00 00
0x00007ffed9d9e4d8:   4a 8b 0c 02 4a 39 0c 0a 75 16 ff c0 3b c6 72 e8
0x00007ffed9d9e4e8:   49 8b 06 48 8b d3 49 8b ce ff 50 60 85 c0 75 27
0x00007ffed9d9e4f8:   8b 47 08 41 03 ec ff c8 23 e8 48 8b 47 18 48 8b
0x00007ffed9d9e508:   1c e8 48 85 db 74 15 45 85 ff 75 94 48 3b 5f 20
0x00007ffed9d9e518:   75 8e 44 8b fd eb 89 48 8b c3 eb 20 45 85 ff 44
0x00007ffed9d9e528:   0f 44 fd 4e 89 34 f8 ff 47 0c 8b 47 0c 3b 47 10
0x00007ffed9d9e538:   75 08 48 8b cf e8 5e fc ff ff 33 c0 4c 8b 6c 24
0x00007ffed9d9e548:   28 48 8b 74 24 60 4c 8b 7c 24 20 48 8b 6c 24 58
0x00007ffed9d9e558:   48 8b 5c 24 50 4c 8b 64 24 30 48 83 c4 38 41 5e
0x00007ffed9d9e568:   5f c3 cc cc cc cc cc cc 48 89 5c 24 08 48 89 74
0x00007ffed9d9e578:   24 10 57 48 83 ec 20 48 8b 02 48 8b d9 48 8b ca
0x00007ffed9d9e588:   48 8b fa ff 50 58 8b f0 85 c0 74 54 ff 43 0c 44
0x00007ffed9d9e598:   8b 43 0c 44 3b 43 10 75 08 48 8b cb e8 f7 fb ff 


Stack slot to memory mapping:
stack at sp + 0 slots: 0x00000190b09f06d0 points into unknown readable memory: 0x00007ffed9f7e1b8 | b8 e1 f7 d9 fe 7f 00 00
stack at sp + 1 slots: 0x0000004930afc850 is pointing into the stack for thread: 0x00000190ad782800
stack at sp + 2 slots: 0x00000190b09f06d0 points into unknown readable memory: 0x00007ffed9f7e1b8 | b8 e1 f7 d9 fe 7f 00 00
stack at sp + 3 slots: 0x00007ffed991191c jvm.dll
stack at sp + 4 slots: 0x00000000000000e5 is an unknown value
stack at sp + 5 slots: 0x0 is NULL
stack at sp + 6 slots: 0x0 is NULL
stack at sp + 7 slots: 0x00000190adf810d8 points into unknown readable memory: 0x00007ffed9f619b0 | b0 19 f6 d9 fe 7f 00 00


---------------  P R O C E S S  ---------------

Threads class SMR info:
_java_thread_list=0x00000190adcfac50, length=14, elements={
0x000001909678c000, 0x00000190acee8000, 0x00000190acef6000, 0x00000190ad777800,
0x00000190ad77a000, 0x00000190ad77b800, 0x00000190ad782800, 0x00000190ad784800,
0x00000190ad789000, 0x00000190ada18000, 0x00000190ada9c800, 0x00000190aefae800,
0x00000190b040c800, 0x00000190ae3ae800
}

Java Threads: ( => current thread )
  0x000001909678c000 JavaThread "main" [_thread_blocked, id=7548, stack(0x000000492fe00000,0x000000492ff00000)]
  0x00000190acee8000 JavaThread "Reference Handler" daemon [_thread_blocked, id=372, stack(0x0000004930500000,0x0000004930600000)]
  0x00000190acef6000 JavaThread "Finalizer" daemon [_thread_blocked, id=8516, stack(0x0000004930600000,0x0000004930700000)]
  0x00000190ad777800 JavaThread "Signal Dispatcher" daemon [_thread_blocked, id=2528, stack(0x0000004930700000,0x0000004930800000)]
  0x00000190ad77a000 JavaThread "Attach Listener" daemon [_thread_blocked, id=5868, stack(0x0000004930800000,0x0000004930900000)]
  0x00000190ad77b800 JavaThread "Service Thread" daemon [_thread_blocked, id=3952, stack(0x0000004930900000,0x0000004930a00000)]
=>0x00000190ad782800 JavaThread "C2 CompilerThread0" daemon [_thread_in_native, id=3928, stack(0x0000004930a00000,0x0000004930b00000)]
  0x00000190ad784800 JavaThread "C1 CompilerThread0" daemon [_thread_blocked, id=4588, stack(0x0000004930b00000,0x0000004930c00000)]
  0x00000190ad789000 JavaThread "Sweeper thread" daemon [_thread_blocked, id=3940, stack(0x0000004930c00000,0x0000004930d00000)]
  0x00000190ada18000 JavaThread "Common-Cleaner" daemon [_thread_blocked, id=5084, stack(0x0000004930d00000,0x0000004930e00000)]
  0x00000190ada9c800 JavaThread "C2 CompilerThread1" daemon [_thread_in_native, id=6284, stack(0x0000004930e00000,0x0000004930f00000)]
  0x00000190aefae800 JavaThread "Test worker" [_thread_in_vm, id=3604, stack(0x0000004931600000,0x0000004931700000)]
  0x00000190b040c800 JavaThread "/127.0.0.1:51724 to /127.0.0.1:51723 workers Thread 2" [_thread_blocked, id=8012, stack(0x0000004931700000,0x0000004931800000)]
  0x00000190ae3ae800 JavaThread "/127.0.0.1:51724 to /127.0.0.1:51723 workers Thread 3" [_thread_in_native, id=9084, stack(0x0000004931800000,0x0000004931900000)]

Other Threads:
  0x00000190ad723000 VMThread "VM Thread" [stack: 0x0000004930400000,0x0000004930500000] [id=1232]
  0x00000190aef26000 WatcherThread [stack: 0x0000004930f00000,0x0000004931000000] [id=7352]
  0x00000190967b6000 GCTaskThread "GC Thread#0" [stack: 0x000000492ff00000,0x0000004930000000] [id=736]
  0x00000190addd7800 GCTaskThread "GC Thread#1" [stack: 0x0000004931000000,0x0000004931100000] [id=9196]
  0x00000190ae41e800 GCTaskThread "GC Thread#2" [stack: 0x0000004931100000,0x0000004931200000] [id=8296]
  0x00000190af2a0800 GCTaskThread "GC Thread#3" [stack: 0x0000004931200000,0x0000004931300000] [id=2372]
  0x00000190ae3dd800 GCTaskThread "GC Thread#4" [stack: 0x0000004931300000,0x0000004931400000] [id=6020]
  0x00000190ae3de000 GCTaskThread "GC Thread#5" [stack: 0x0000004931400000,0x0000004931500000] [id=2080]
  0x00000190967a5800 ConcurrentGCThread "G1 Main Marker" [stack: 0x0000004930000000,0x0000004930100000] [id=8784]
  0x00000190967a7000 ConcurrentGCThread "G1 Conc#0" [stack: 0x0000004930100000,0x0000004930200000] [id=6968]
  0x00000190acd52800 ConcurrentGCThread "G1 Refine#0" [stack: 0x0000004930200000,0x0000004930300000] [id=2992]
  0x00000190acd53000 ConcurrentGCThread "G1 Young RemSet Sampling" [stack: 0x0000004930300000,0x0000004930400000] [id=1956]

Threads with active compile tasks:
C2 CompilerThread0   1971 2110       4       org.jetbrains.coverage.org.objectweb.asm.ClassReader::readCode (5089 bytes)
C2 CompilerThread1   1971 2127       4       java.lang.StringLatin1::toLowerCase (180 bytes)

VM state:not at safepoint (normal execution)

VM Mutex/Monitor currently owned by a thread: None

Heap address: 0x00000000e0000000, size: 512 MB, Compressed Oops mode: 32-bit
Narrow klass base: 0x0000000000000000, Narrow klass shift: 3
Compressed class space size: 1073741824 Address: 0x0000000100000000

Heap:
 garbage-first heap   total 262144K, used 28352K [0x00000000e0000000, 0x0000000100000000)
  region size 1024K, 21 young (21504K), 6 survivors (6144K)
 Metaspace       used 18977K, capacity 19229K, committed 19456K, reserved 1067008K
  class space    used 1912K, capacity 1993K, committed 2048K, reserved 1048576K
Heap Regions: E=young(eden), S=young(survivor), O=old, HS=humongous(starts), HC=humongous(continues), CS=collection set, F=free, A=archive, TAMS=top-at-mark-start (previous, next)
|   0|0x00000000e0000000, 0x00000000e0100000, 0x00000000e0100000|100%|HS|  |TAMS 0x00000000e0000000, 0x00000000e0000000| Complete 
|   1|0x00000000e0100000, 0x00000000e0200000, 0x00000000e0200000|100%| O|  |TAMS 0x00000000e0100000, 0x00000000e0100000| Untracked 
|   2|0x00000000e0200000, 0x00000000e0300000, 0x00000000e0300000|100%| O|  |TAMS 0x00000000e0200000, 0x00000000e0200000| Untracked 
|   3|0x00000000e0300000, 0x00000000e0400000, 0x00000000e0400000|100%| O|  |TAMS 0x00000000e0300000, 0x00000000e0300000| Untracked 
|   4|0x00000000e0400000, 0x00000000e0500000, 0x00000000e0500000|100%| O|  |TAMS 0x00000000e0400000, 0x00000000e0400000| Untracked 
|   5|0x00000000e0500000, 0x00000000e0600000, 0x00000000e0600000|100%| O|  |TAMS 0x00000000e0500000, 0x00000000e0500000| Untracked 
|   6|0x00000000e0600000, 0x00000000e0700000, 0x00000000e0700000|100%| O|  |TAMS 0x00000000e0600000, 0x00000000e0600000| Untracked 
|   7|0x00000000e0700000, 0x00000000e0800000, 0x00000000e0800000|100%| O|  |TAMS 0x00000000e0700000, 0x00000000e0700000| Untracked 
|   8|0x00000000e0800000, 0x00000000e0894600, 0x00000000e0900000| 57%| O|  |TAMS 0x00000000e0800000, 0x00000000e0800000| Untracked 
|   9|0x00000000e0900000, 0x00000000e0900000, 0x00000000e0a00000|  0%| F|  |TAMS 0x00000000e0900000, 0x00000000e0900000| Untracked 
|  10|0x00000000e0a00000, 0x00000000e0a00000, 0x00000000e0b00000|  0%| F|  |TAMS 0x00000000e0a00000, 0x00000000e0a00000| Untracked 
|  11|0x00000000e0b00000, 0x00000000e0b00000, 0x00000000e0c00000|  0%| F|  |TAMS 0x00000000e0b00000, 0x00000000e0b00000| Untracked 
|  12|0x00000000e0c00000, 0x00000000e0c00000, 0x00000000e0d00000|  0%| F|  |TAMS 0x00000000e0c00000, 0x00000000e0c00000| Untracked 
|  13|0x00000000e0d00000, 0x00000000e0d00000, 0x00000000e0e00000|  0%| F|  |TAMS 0x00000000e0d00000, 0x00000000e0d00000| Untracked 
|  14|0x00000000e0e00000, 0x00000000e0e00000, 0x00000000e0f00000|  0%| F|  |TAMS 0x00000000e0e00000, 0x00000000e0e00000| Untracked 
|  15|0x00000000e0f00000, 0x00000000e0f00000, 0x00000000e1000000|  0%| F|  |TAMS 0x00000000e0f00000, 0x00000000e0f00000| Untracked 
|  16|0x00000000e1000000, 0x00000000e1000000, 0x00000000e1100000|  0%| F|  |TAMS 0x00000000e1000000, 0x00000000e1000000| Untracked 
|  17|0x00000000e1100000, 0x00000000e1100000, 0x00000000e1200000|  0%| F|  |TAMS 0x00000000e1100000, 0x00000000e1100000| Untracked 
|  18|0x00000000e1200000, 0x00000000e1200000, 0x00000000e1300000|  0%| F|  |TAMS 0x00000000e1200000, 0x00000000e1200000| Untracked 
|  19|0x00000000e1300000, 0x00000000e1300000, 0x00000000e1400000|  0%| F|  |TAMS 0x00000000e1300000, 0x00000000e1300000| Untracked 
|  20|0x00000000e1400000, 0x00000000e1400000, 0x00000000e1500000|  0%| F|  |TAMS 0x00000000e1400000, 0x00000000e1400000| Untracked 
|  21|0x00000000e1500000, 0x00000000e1500000, 0x00000000e1600000|  0%| F|  |TAMS 0x00000000e1500000, 0x00000000e1500000| Untracked 
|  22|0x00000000e1600000, 0x00000000e1600000, 0x00000000e1700000|  0%| F|  |TAMS 0x00000000e1600000, 0x00000000e1600000| Untracked 
|  23|0x00000000e1700000, 0x00000000e1700000, 0x00000000e1800000|  0%| F|  |TAMS 0x00000000e1700000, 0x00000000e1700000| Untracked 
|  24|0x00000000e1800000, 0x00000000e1800000, 0x00000000e1900000|  0%| F|  |TAMS 0x00000000e1800000, 0x00000000e1800000| Untracked 
|  25|0x00000000e1900000, 0x00000000e1900000, 0x00000000e1a00000|  0%| F|  |TAMS 0x00000000e1900000, 0x00000000e1900000| Untracked 
|  26|0x00000000e1a00000, 0x00000000e1a00000, 0x00000000e1b00000|  0%| F|  |TAMS 0x00000000e1a00000, 0x00000000e1a00000| Untracked 
|  27|0x00000000e1b00000, 0x00000000e1b00000, 0x00000000e1c00000|  0%| F|  |TAMS 0x00000000e1b00000, 0x00000000e1b00000| Untracked 
|  28|0x00000000e1c00000, 0x00000000e1c00000, 0x00000000e1d00000|  0%| F|  |TAMS 0x00000000e1c00000, 0x00000000e1c00000| Untracked 
|  29|0x00000000e1d00000, 0x00000000e1d00000, 0x00000000e1e00000|  0%| F|  |TAMS 0x00000000e1d00000, 0x00000000e1d00000| Untracked 
|  30|0x00000000e1e00000, 0x00000000e1e00000, 0x00000000e1f00000|  0%| F|  |TAMS 0x00000000e1e00000, 0x00000000e1e00000| Untracked 
|  31|0x00000000e1f00000, 0x00000000e1f00000, 0x00000000e2000000|  0%| F|  |TAMS 0x00000000e1f00000, 0x00000000e1f00000| Untracked 
|  32|0x00000000e2000000, 0x00000000e2000000, 0x00000000e2100000|  0%| F|  |TAMS 0x00000000e2000000, 0x00000000e2000000| Untracked 
|  33|0x00000000e2100000, 0x00000000e2100000, 0x00000000e2200000|  0%| F|  |TAMS 0x00000000e2100000, 0x00000000e2100000| Untracked 
|  34|0x00000000e2200000, 0x00000000e2200000, 0x00000000e2300000|  0%| F|  |TAMS 0x00000000e2200000, 0x00000000e2200000| Untracked 
|  35|0x00000000e2300000, 0x00000000e2300000, 0x00000000e2400000|  0%| F|  |TAMS 0x00000000e2300000, 0x00000000e2300000| Untracked 
|  36|0x00000000e2400000, 0x00000000e2400000, 0x00000000e2500000|  0%| F|  |TAMS 0x00000000e2400000, 0x00000000e2400000| Untracked 
|  37|0x00000000e2500000, 0x00000000e2500000, 0x00000000e2600000|  0%| F|  |TAMS 0x00000000e2500000, 0x00000000e2500000| Untracked 
|  38|0x00000000e2600000, 0x00000000e2600000, 0x00000000e2700000|  0%| F|  |TAMS 0x00000000e2600000, 0x00000000e2600000| Untracked 
|  39|0x00000000e2700000, 0x00000000e2700000, 0x00000000e2800000|  0%| F|  |TAMS 0x00000000e2700000, 0x00000000e2700000| Untracked 
|  40|0x00000000e2800000, 0x00000000e2800000, 0x00000000e2900000|  0%| F|  |TAMS 0x00000000e2800000, 0x00000000e2800000| Untracked 
|  41|0x00000000e2900000, 0x00000000e2900000, 0x00000000e2a00000|  0%| F|  |TAMS 0x00000000e2900000, 0x00000000e2900000| Untracked 
|  42|0x00000000e2a00000, 0x00000000e2a00000, 0x00000000e2b00000|  0%| F|  |TAMS 0x00000000e2a00000, 0x00000000e2a00000| Untracked 
|  43|0x00000000e2b00000, 0x00000000e2b00000, 0x00000000e2c00000|  0%| F|  |TAMS 0x00000000e2b00000, 0x00000000e2b00000| Untracked 
|  44|0x00000000e2c00000, 0x00000000e2c00000, 0x00000000e2d00000|  0%| F|  |TAMS 0x00000000e2c00000, 0x00000000e2c00000| Untracked 
|  45|0x00000000e2d00000, 0x00000000e2d00000, 0x00000000e2e00000|  0%| F|  |TAMS 0x00000000e2d00000, 0x00000000e2d00000| Untracked 
|  46|0x00000000e2e00000, 0x00000000e2e00000, 0x00000000e2f00000|  0%| F|  |TAMS 0x00000000e2e00000, 0x00000000e2e00000| Untracked 
|  47|0x00000000e2f00000, 0x00000000e2f00000, 0x00000000e3000000|  0%| F|  |TAMS 0x00000000e2f00000, 0x00000000e2f00000| Untracked 
|  48|0x00000000e3000000, 0x00000000e3000000, 0x00000000e3100000|  0%| F|  |TAMS 0x00000000e3000000, 0x00000000e3000000| Untracked 
|  49|0x00000000e3100000, 0x00000000e3100000, 0x00000000e3200000|  0%| F|  |TAMS 0x00000000e3100000, 0x00000000e3100000| Untracked 
|  50|0x00000000e3200000, 0x00000000e3200000, 0x00000000e3300000|  0%| F|  |TAMS 0x00000000e3200000, 0x00000000e3200000| Untracked 
|  51|0x00000000e3300000, 0x00000000e3300000, 0x00000000e3400000|  0%| F|  |TAMS 0x00000000e3300000, 0x00000000e3300000| Untracked 
|  52|0x00000000e3400000, 0x00000000e3400000, 0x00000000e3500000|  0%| F|  |TAMS 0x00000000e3400000, 0x00000000e3400000| Untracked 
|  53|0x00000000e3500000, 0x00000000e3500000, 0x00000000e3600000|  0%| F|  |TAMS 0x00000000e3500000, 0x00000000e3500000| Untracked 
|  54|0x00000000e3600000, 0x00000000e3600000, 0x00000000e3700000|  0%| F|  |TAMS 0x00000000e3600000, 0x00000000e3600000| Untracked 
|  55|0x00000000e3700000, 0x00000000e3700000, 0x00000000e3800000|  0%| F|  |TAMS 0x00000000e3700000, 0x00000000e3700000| Untracked 
|  56|0x00000000e3800000, 0x00000000e3800000, 0x00000000e3900000|  0%| F|  |TAMS 0x00000000e3800000, 0x00000000e3800000| Untracked 
|  57|0x00000000e3900000, 0x00000000e3900000, 0x00000000e3a00000|  0%| F|  |TAMS 0x00000000e3900000, 0x00000000e3900000| Untracked 
|  58|0x00000000e3a00000, 0x00000000e3a00000, 0x00000000e3b00000|  0%| F|  |TAMS 0x00000000e3a00000, 0x00000000e3a00000| Untracked 
|  59|0x00000000e3b00000, 0x00000000e3b00000, 0x00000000e3c00000|  0%| F|  |TAMS 0x00000000e3b00000, 0x00000000e3b00000| Untracked 
|  60|0x00000000e3c00000, 0x00000000e3c00000, 0x00000000e3d00000|  0%| F|  |TAMS 0x00000000e3c00000, 0x00000000e3c00000| Untracked 
|  61|0x00000000e3d00000, 0x00000000e3d00000, 0x00000000e3e00000|  0%| F|  |TAMS 0x00000000e3d00000, 0x00000000e3d00000| Untracked 
|  62|0x00000000e3e00000, 0x00000000e3e00000, 0x00000000e3f00000|  0%| F|  |TAMS 0x00000000e3e00000, 0x00000000e3e00000| Untracked 
|  63|0x00000000e3f00000, 0x00000000e3f00000, 0x00000000e4000000|  0%| F|  |TAMS 0x00000000e3f00000, 0x00000000e3f00000| Untracked 
|  64|0x00000000e4000000, 0x00000000e4000000, 0x00000000e4100000|  0%| F|  |TAMS 0x00000000e4000000, 0x00000000e4000000| Untracked 
|  65|0x00000000e4100000, 0x00000000e4100000, 0x00000000e4200000|  0%| F|  |TAMS 0x00000000e4100000, 0x00000000e4100000| Untracked 
|  66|0x00000000e4200000, 0x00000000e4200000, 0x00000000e4300000|  0%| F|  |TAMS 0x00000000e4200000, 0x00000000e4200000| Untracked 
|  67|0x00000000e4300000, 0x00000000e4300000, 0x00000000e4400000|  0%| F|  |TAMS 0x00000000e4300000, 0x00000000e4300000| Untracked 
|  68|0x00000000e4400000, 0x00000000e4400000, 0x00000000e4500000|  0%| F|  |TAMS 0x00000000e4400000, 0x00000000e4400000| Untracked 
|  69|0x00000000e4500000, 0x00000000e4500000, 0x00000000e4600000|  0%| F|  |TAMS 0x00000000e4500000, 0x00000000e4500000| Untracked 
|  70|0x00000000e4600000, 0x00000000e4600000, 0x00000000e4700000|  0%| F|  |TAMS 0x00000000e4600000, 0x00000000e4600000| Untracked 
|  71|0x00000000e4700000, 0x00000000e4700000, 0x00000000e4800000|  0%| F|  |TAMS 0x00000000e4700000, 0x00000000e4700000| Untracked 
|  72|0x00000000e4800000, 0x00000000e4800000, 0x00000000e4900000|  0%| F|  |TAMS 0x00000000e4800000, 0x00000000e4800000| Untracked 
|  73|0x00000000e4900000, 0x00000000e4900000, 0x00000000e4a00000|  0%| F|  |TAMS 0x00000000e4900000, 0x00000000e4900000| Untracked 
|  74|0x00000000e4a00000, 0x00000000e4a00000, 0x00000000e4b00000|  0%| F|  |TAMS 0x00000000e4a00000, 0x00000000e4a00000| Untracked 
|  75|0x00000000e4b00000, 0x00000000e4b00000, 0x00000000e4c00000|  0%| F|  |TAMS 0x00000000e4b00000, 0x00000000e4b00000| Untracked 
|  76|0x00000000e4c00000, 0x00000000e4c00000, 0x00000000e4d00000|  0%| F|  |TAMS 0x00000000e4c00000, 0x00000000e4c00000| Untracked 
|  77|0x00000000e4d00000, 0x00000000e4d00000, 0x00000000e4e00000|  0%| F|  |TAMS 0x00000000e4d00000, 0x00000000e4d00000| Untracked 
|  78|0x00000000e4e00000, 0x00000000e4e00000, 0x00000000e4f00000|  0%| F|  |TAMS 0x00000000e4e00000, 0x00000000e4e00000| Untracked 
|  79|0x00000000e4f00000, 0x00000000e4f00000, 0x00000000e5000000|  0%| F|  |TAMS 0x00000000e4f00000, 0x00000000e4f00000| Untracked 
|  80|0x00000000e5000000, 0x00000000e5000000, 0x00000000e5100000|  0%| F|  |TAMS 0x00000000e5000000, 0x00000000e5000000| Untracked 
|  81|0x00000000e5100000, 0x00000000e5100000, 0x00000000e5200000|  0%| F|  |TAMS 0x00000000e5100000, 0x00000000e5100000| Untracked 
|  82|0x00000000e5200000, 0x00000000e5200000, 0x00000000e5300000|  0%| F|  |TAMS 0x00000000e5200000, 0x00000000e5200000| Untracked 
|  83|0x00000000e5300000, 0x00000000e5300000, 0x00000000e5400000|  0%| F|  |TAMS 0x00000000e5300000, 0x00000000e5300000| Untracked 
|  84|0x00000000e5400000, 0x00000000e5400000, 0x00000000e5500000|  0%| F|  |TAMS 0x00000000e5400000, 0x00000000e5400000| Untracked 
|  85|0x00000000e5500000, 0x00000000e5500000, 0x00000000e5600000|  0%| F|  |TAMS 0x00000000e5500000, 0x00000000e5500000| Untracked 
|  86|0x00000000e5600000, 0x00000000e5600000, 0x00000000e5700000|  0%| F|  |TAMS 0x00000000e5600000, 0x00000000e5600000| Untracked 
|  87|0x00000000e5700000, 0x00000000e5700000, 0x00000000e5800000|  0%| F|  |TAMS 0x00000000e5700000, 0x00000000e5700000| Untracked 
|  88|0x00000000e5800000, 0x00000000e5800000, 0x00000000e5900000|  0%| F|  |TAMS 0x00000000e5800000, 0x00000000e5800000| Untracked 
|  89|0x00000000e5900000, 0x00000000e5900000, 0x00000000e5a00000|  0%| F|  |TAMS 0x00000000e5900000, 0x00000000e5900000| Untracked 
|  90|0x00000000e5a00000, 0x00000000e5a00000, 0x00000000e5b00000|  0%| F|  |TAMS 0x00000000e5a00000, 0x00000000e5a00000| Untracked 
|  91|0x00000000e5b00000, 0x00000000e5b00000, 0x00000000e5c00000|  0%| F|  |TAMS 0x00000000e5b00000, 0x00000000e5b00000| Untracked 
|  92|0x00000000e5c00000, 0x00000000e5c00000, 0x00000000e5d00000|  0%| F|  |TAMS 0x00000000e5c00000, 0x00000000e5c00000| Untracked 
|  93|0x00000000e5d00000, 0x00000000e5d00000, 0x00000000e5e00000|  0%| F|  |TAMS 0x00000000e5d00000, 0x00000000e5d00000| Untracked 
|  94|0x00000000e5e00000, 0x00000000e5e00000, 0x00000000e5f00000|  0%| F|  |TAMS 0x00000000e5e00000, 0x00000000e5e00000| Untracked 
|  95|0x00000000e5f00000, 0x00000000e5f00000, 0x00000000e6000000|  0%| F|  |TAMS 0x00000000e5f00000, 0x00000000e5f00000| Untracked 
|  96|0x00000000e6000000, 0x00000000e6000000, 0x00000000e6100000|  0%| F|  |TAMS 0x00000000e6000000, 0x00000000e6000000| Untracked 
|  97|0x00000000e6100000, 0x00000000e6100000, 0x00000000e6200000|  0%| F|  |TAMS 0x00000000e6100000, 0x00000000e6100000| Untracked 
|  98|0x00000000e6200000, 0x00000000e6200000, 0x00000000e6300000|  0%| F|  |TAMS 0x00000000e6200000, 0x00000000e6200000| Untracked 
|  99|0x00000000e6300000, 0x00000000e6300000, 0x00000000e6400000|  0%| F|  |TAMS 0x00000000e6300000, 0x00000000e6300000| Untracked 
| 100|0x00000000e6400000, 0x00000000e6400000, 0x00000000e6500000|  0%| F|  |TAMS 0x00000000e6400000, 0x00000000e6400000| Untracked 
| 101|0x00000000e6500000, 0x00000000e6500000, 0x00000000e6600000|  0%| F|  |TAMS 0x00000000e6500000, 0x00000000e6500000| Untracked 
| 102|0x00000000e6600000, 0x00000000e6600000, 0x00000000e6700000|  0%| F|  |TAMS 0x00000000e6600000, 0x00000000e6600000| Untracked 
| 103|0x00000000e6700000, 0x00000000e6700000, 0x00000000e6800000|  0%| F|  |TAMS 0x00000000e6700000, 0x00000000e6700000| Untracked 
| 104|0x00000000e6800000, 0x00000000e6800000, 0x00000000e6900000|  0%| F|  |TAMS 0x00000000e6800000, 0x00000000e6800000| Untracked 
| 105|0x00000000e6900000, 0x00000000e6900000, 0x00000000e6a00000|  0%| F|  |TAMS 0x00000000e6900000, 0x00000000e6900000| Untracked 
| 106|0x00000000e6a00000, 0x00000000e6a00000, 0x00000000e6b00000|  0%| F|  |TAMS 0x00000000e6a00000, 0x00000000e6a00000| Untracked 
| 107|0x00000000e6b00000, 0x00000000e6b00000, 0x00000000e6c00000|  0%| F|  |TAMS 0x00000000e6b00000, 0x00000000e6b00000| Untracked 
| 108|0x00000000e6c00000, 0x00000000e6c00000, 0x00000000e6d00000|  0%| F|  |TAMS 0x00000000e6c00000, 0x00000000e6c00000| Untracked 
| 109|0x00000000e6d00000, 0x00000000e6d00000, 0x00000000e6e00000|  0%| F|  |TAMS 0x00000000e6d00000, 0x00000000e6d00000| Untracked 
| 110|0x00000000e6e00000, 0x00000000e6e00000, 0x00000000e6f00000|  0%| F|  |TAMS 0x00000000e6e00000, 0x00000000e6e00000| Untracked 
| 111|0x00000000e6f00000, 0x00000000e6f00000, 0x00000000e7000000|  0%| F|  |TAMS 0x00000000e6f00000, 0x00000000e6f00000| Untracked 
| 112|0x00000000e7000000, 0x00000000e7000000, 0x00000000e7100000|  0%| F|  |TAMS 0x00000000e7000000, 0x00000000e7000000| Untracked 
| 113|0x00000000e7100000, 0x00000000e7100000, 0x00000000e7200000|  0%| F|  |TAMS 0x00000000e7100000, 0x00000000e7100000| Untracked 
| 114|0x00000000e7200000, 0x00000000e7200000, 0x00000000e7300000|  0%| F|  |TAMS 0x00000000e7200000, 0x00000000e7200000| Untracked 
| 115|0x00000000e7300000, 0x00000000e7300000, 0x00000000e7400000|  0%| F|  |TAMS 0x00000000e7300000, 0x00000000e7300000| Untracked 
| 116|0x00000000e7400000, 0x00000000e7400000, 0x00000000e7500000|  0%| F|  |TAMS 0x00000000e7400000, 0x00000000e7400000| Untracked 
| 117|0x00000000e7500000, 0x00000000e7500000, 0x00000000e7600000|  0%| F|  |TAMS 0x00000000e7500000, 0x00000000e7500000| Untracked 
| 118|0x00000000e7600000, 0x00000000e7600000, 0x00000000e7700000|  0%| F|  |TAMS 0x00000000e7600000, 0x00000000e7600000| Untracked 
| 119|0x00000000e7700000, 0x00000000e7700000, 0x00000000e7800000|  0%| F|  |TAMS 0x00000000e7700000, 0x00000000e7700000| Untracked 
| 120|0x00000000e7800000, 0x00000000e7800000, 0x00000000e7900000|  0%| F|  |TAMS 0x00000000e7800000, 0x00000000e7800000| Untracked 
| 121|0x00000000e7900000, 0x00000000e7900000, 0x00000000e7a00000|  0%| F|  |TAMS 0x00000000e7900000, 0x00000000e7900000| Untracked 
| 122|0x00000000e7a00000, 0x00000000e7a00000, 0x00000000e7b00000|  0%| F|  |TAMS 0x00000000e7a00000, 0x00000000e7a00000| Untracked 
| 123|0x00000000e7b00000, 0x00000000e7b00000, 0x00000000e7c00000|  0%| F|  |TAMS 0x00000000e7b00000, 0x00000000e7b00000| Untracked 
| 124|0x00000000e7c00000, 0x00000000e7c00000, 0x00000000e7d00000|  0%| F|  |TAMS 0x00000000e7c00000, 0x00000000e7c00000| Untracked 
| 125|0x00000000e7d00000, 0x00000000e7d00000, 0x00000000e7e00000|  0%| F|  |TAMS 0x00000000e7d00000, 0x00000000e7d00000| Untracked 
| 126|0x00000000e7e00000, 0x00000000e7e00000, 0x00000000e7f00000|  0%| F|  |TAMS 0x00000000e7e00000, 0x00000000e7e00000| Untracked 
| 127|0x00000000e7f00000, 0x00000000e7f00000, 0x00000000e8000000|  0%| F|  |TAMS 0x00000000e7f00000, 0x00000000e7f00000| Untracked 
| 128|0x00000000e8000000, 0x00000000e8000000, 0x00000000e8100000|  0%| F|  |TAMS 0x00000000e8000000, 0x00000000e8000000| Untracked 
| 129|0x00000000e8100000, 0x00000000e8100000, 0x00000000e8200000|  0%| F|  |TAMS 0x00000000e8100000, 0x00000000e8100000| Untracked 
| 130|0x00000000e8200000, 0x00000000e8200000, 0x00000000e8300000|  0%| F|  |TAMS 0x00000000e8200000, 0x00000000e8200000| Untracked 
| 131|0x00000000e8300000, 0x00000000e8300000, 0x00000000e8400000|  0%| F|  |TAMS 0x00000000e8300000, 0x00000000e8300000| Untracked 
| 132|0x00000000e8400000, 0x00000000e8400000, 0x00000000e8500000|  0%| F|  |TAMS 0x00000000e8400000, 0x00000000e8400000| Untracked 
| 133|0x00000000e8500000, 0x00000000e8500000, 0x00000000e8600000|  0%| F|  |TAMS 0x00000000e8500000, 0x00000000e8500000| Untracked 
| 134|0x00000000e8600000, 0x00000000e8600000, 0x00000000e8700000|  0%| F|  |TAMS 0x00000000e8600000, 0x00000000e8600000| Untracked 
| 135|0x00000000e8700000, 0x00000000e8700000, 0x00000000e8800000|  0%| F|  |TAMS 0x00000000e8700000, 0x00000000e8700000| Untracked 
| 136|0x00000000e8800000, 0x00000000e8800000, 0x00000000e8900000|  0%| F|  |TAMS 0x00000000e8800000, 0x00000000e8800000| Untracked 
| 137|0x00000000e8900000, 0x00000000e8900000, 0x00000000e8a00000|  0%| F|  |TAMS 0x00000000e8900000, 0x00000000e8900000| Untracked 
| 138|0x00000000e8a00000, 0x00000000e8a00000, 0x00000000e8b00000|  0%| F|  |TAMS 0x00000000e8a00000, 0x00000000e8a00000| Untracked 
| 139|0x00000000e8b00000, 0x00000000e8b00000, 0x00000000e8c00000|  0%| F|  |TAMS 0x00000000e8b00000, 0x00000000e8b00000| Untracked 
| 140|0x00000000e8c00000, 0x00000000e8c00000, 0x00000000e8d00000|  0%| F|  |TAMS 0x00000000e8c00000, 0x00000000e8c00000| Untracked 
| 141|0x00000000e8d00000, 0x00000000e8d00000, 0x00000000e8e00000|  0%| F|  |TAMS 0x00000000e8d00000, 0x00000000e8d00000| Untracked 
| 142|0x00000000e8e00000, 0x00000000e8e00000, 0x00000000e8f00000|  0%| F|  |TAMS 0x00000000e8e00000, 0x00000000e8e00000| Untracked 
| 143|0x00000000e8f00000, 0x00000000e8f00000, 0x00000000e9000000|  0%| F|  |TAMS 0x00000000e8f00000, 0x00000000e8f00000| Untracked 
| 144|0x00000000e9000000, 0x00000000e9000000, 0x00000000e9100000|  0%| F|  |TAMS 0x00000000e9000000, 0x00000000e9000000| Untracked 
| 145|0x00000000e9100000, 0x00000000e9100000, 0x00000000e9200000|  0%| F|  |TAMS 0x00000000e9100000, 0x00000000e9100000| Untracked 
| 146|0x00000000e9200000, 0x00000000e9200000, 0x00000000e9300000|  0%| F|  |TAMS 0x00000000e9200000, 0x00000000e9200000| Untracked 
| 147|0x00000000e9300000, 0x00000000e9300000, 0x00000000e9400000|  0%| F|  |TAMS 0x00000000e9300000, 0x00000000e9300000| Untracked 
| 148|0x00000000e9400000, 0x00000000e9400000, 0x00000000e9500000|  0%| F|  |TAMS 0x00000000e9400000, 0x00000000e9400000| Untracked 
| 149|0x00000000e9500000, 0x00000000e9500000, 0x00000000e9600000|  0%| F|  |TAMS 0x00000000e9500000, 0x00000000e9500000| Untracked 
| 150|0x00000000e9600000, 0x00000000e9600000, 0x00000000e9700000|  0%| F|  |TAMS 0x00000000e9600000, 0x00000000e9600000| Untracked 
| 151|0x00000000e9700000, 0x00000000e9700000, 0x00000000e9800000|  0%| F|  |TAMS 0x00000000e9700000, 0x00000000e9700000| Untracked 
| 152|0x00000000e9800000, 0x00000000e9800000, 0x00000000e9900000|  0%| F|  |TAMS 0x00000000e9800000, 0x00000000e9800000| Untracked 
| 153|0x00000000e9900000, 0x00000000e9900000, 0x00000000e9a00000|  0%| F|  |TAMS 0x00000000e9900000, 0x00000000e9900000| Untracked 
| 154|0x00000000e9a00000, 0x00000000e9a00000, 0x00000000e9b00000|  0%| F|  |TAMS 0x00000000e9a00000, 0x00000000e9a00000| Untracked 
| 155|0x00000000e9b00000, 0x00000000e9b00000, 0x00000000e9c00000|  0%| F|  |TAMS 0x00000000e9b00000, 0x00000000e9b00000| Untracked 
| 156|0x00000000e9c00000, 0x00000000e9c00000, 0x00000000e9d00000|  0%| F|  |TAMS 0x00000000e9c00000, 0x00000000e9c00000| Untracked 
| 157|0x00000000e9d00000, 0x00000000e9d00000, 0x00000000e9e00000|  0%| F|  |TAMS 0x00000000e9d00000, 0x00000000e9d00000| Untracked 
| 158|0x00000000e9e00000, 0x00000000e9e00000, 0x00000000e9f00000|  0%| F|  |TAMS 0x00000000e9e00000, 0x00000000e9e00000| Untracked 
| 159|0x00000000e9f00000, 0x00000000e9f00000, 0x00000000ea000000|  0%| F|  |TAMS 0x00000000e9f00000, 0x00000000e9f00000| Untracked 
| 160|0x00000000ea000000, 0x00000000ea000000, 0x00000000ea100000|  0%| F|  |TAMS 0x00000000ea000000, 0x00000000ea000000| Untracked 
| 161|0x00000000ea100000, 0x00000000ea100000, 0x00000000ea200000|  0%| F|  |TAMS 0x00000000ea100000, 0x00000000ea100000| Untracked 
| 162|0x00000000ea200000, 0x00000000ea200000, 0x00000000ea300000|  0%| F|  |TAMS 0x00000000ea200000, 0x00000000ea200000| Untracked 
| 163|0x00000000ea300000, 0x00000000ea300000, 0x00000000ea400000|  0%| F|  |TAMS 0x00000000ea300000, 0x00000000ea300000| Untracked 
| 164|0x00000000ea400000, 0x00000000ea400000, 0x00000000ea500000|  0%| F|  |TAMS 0x00000000ea400000, 0x00000000ea400000| Untracked 
| 165|0x00000000ea500000, 0x00000000ea500000, 0x00000000ea600000|  0%| F|  |TAMS 0x00000000ea500000, 0x00000000ea500000| Untracked 
| 166|0x00000000ea600000, 0x00000000ea600000, 0x00000000ea700000|  0%| F|  |TAMS 0x00000000ea600000, 0x00000000ea600000| Untracked 
| 167|0x00000000ea700000, 0x00000000ea700000, 0x00000000ea800000|  0%| F|  |TAMS 0x00000000ea700000, 0x00000000ea700000| Untracked 
| 168|0x00000000ea800000, 0x00000000ea800000, 0x00000000ea900000|  0%| F|  |TAMS 0x00000000ea800000, 0x00000000ea800000| Untracked 
| 169|0x00000000ea900000, 0x00000000ea900000, 0x00000000eaa00000|  0%| F|  |TAMS 0x00000000ea900000, 0x00000000ea900000| Untracked 
| 170|0x00000000eaa00000, 0x00000000eaa00000, 0x00000000eab00000|  0%| F|  |TAMS 0x00000000eaa00000, 0x00000000eaa00000| Untracked 
| 171|0x00000000eab00000, 0x00000000eab00000, 0x00000000eac00000|  0%| F|  |TAMS 0x00000000eab00000, 0x00000000eab00000| Untracked 
| 172|0x00000000eac00000, 0x00000000eac00000, 0x00000000ead00000|  0%| F|  |TAMS 0x00000000eac00000, 0x00000000eac00000| Untracked 
| 173|0x00000000ead00000, 0x00000000ead00000, 0x00000000eae00000|  0%| F|  |TAMS 0x00000000ead00000, 0x00000000ead00000| Untracked 
| 174|0x00000000eae00000, 0x00000000eae00000, 0x00000000eaf00000|  0%| F|  |TAMS 0x00000000eae00000, 0x00000000eae00000| Untracked 
| 175|0x00000000eaf00000, 0x00000000eaf00000, 0x00000000eb000000|  0%| F|  |TAMS 0x00000000eaf00000, 0x00000000eaf00000| Untracked 
| 176|0x00000000eb000000, 0x00000000eb000000, 0x00000000eb100000|  0%| F|  |TAMS 0x00000000eb000000, 0x00000000eb000000| Untracked 
| 177|0x00000000eb100000, 0x00000000eb100000, 0x00000000eb200000|  0%| F|  |TAMS 0x00000000eb100000, 0x00000000eb100000| Untracked 
| 178|0x00000000eb200000, 0x00000000eb200000, 0x00000000eb300000|  0%| F|  |TAMS 0x00000000eb200000, 0x00000000eb200000| Untracked 
| 179|0x00000000eb300000, 0x00000000eb300000, 0x00000000eb400000|  0%| F|  |TAMS 0x00000000eb300000, 0x00000000eb300000| Untracked 
| 180|0x00000000eb400000, 0x00000000eb400000, 0x00000000eb500000|  0%| F|  |TAMS 0x00000000eb400000, 0x00000000eb400000| Untracked 
| 181|0x00000000eb500000, 0x00000000eb500000, 0x00000000eb600000|  0%| F|  |TAMS 0x00000000eb500000, 0x00000000eb500000| Untracked 
| 182|0x00000000eb600000, 0x00000000eb600000, 0x00000000eb700000|  0%| F|  |TAMS 0x00000000eb600000, 0x00000000eb600000| Untracked 
| 183|0x00000000eb700000, 0x00000000eb700000, 0x00000000eb800000|  0%| F|  |TAMS 0x00000000eb700000, 0x00000000eb700000| Untracked 
| 184|0x00000000eb800000, 0x00000000eb800000, 0x00000000eb900000|  0%| F|  |TAMS 0x00000000eb800000, 0x00000000eb800000| Untracked 
| 185|0x00000000eb900000, 0x00000000eb900000, 0x00000000eba00000|  0%| F|  |TAMS 0x00000000eb900000, 0x00000000eb900000| Untracked 
| 186|0x00000000eba00000, 0x00000000eba00000, 0x00000000ebb00000|  0%| F|  |TAMS 0x00000000eba00000, 0x00000000eba00000| Untracked 
| 187|0x00000000ebb00000, 0x00000000ebb00000, 0x00000000ebc00000|  0%| F|  |TAMS 0x00000000ebb00000, 0x00000000ebb00000| Untracked 
| 188|0x00000000ebc00000, 0x00000000ebc1bb70, 0x00000000ebd00000| 10%| S|CS|TAMS 0x00000000ebc00000, 0x00000000ebc00000| Complete 
| 189|0x00000000ebd00000, 0x00000000ebe00000, 0x00000000ebe00000|100%| S|CS|TAMS 0x00000000ebd00000, 0x00000000ebd00000| Complete 
| 190|0x00000000ebe00000, 0x00000000ebf00000, 0x00000000ebf00000|100%| S|CS|TAMS 0x00000000ebe00000, 0x00000000ebe00000| Complete 
| 191|0x00000000ebf00000, 0x00000000ec000000, 0x00000000ec000000|100%| S|CS|TAMS 0x00000000ebf00000, 0x00000000ebf00000| Complete 
| 192|0x00000000ec000000, 0x00000000ec100000, 0x00000000ec100000|100%| S|CS|TAMS 0x00000000ec000000, 0x00000000ec000000| Complete 
| 193|0x00000000ec100000, 0x00000000ec200000, 0x00000000ec200000|100%| S|CS|TAMS 0x00000000ec100000, 0x00000000ec100000| Complete 
| 194|0x00000000ec200000, 0x00000000ec200000, 0x00000000ec300000|  0%| F|  |TAMS 0x00000000ec200000, 0x00000000ec200000| Untracked 
| 195|0x00000000ec300000, 0x00000000ec300000, 0x00000000ec400000|  0%| F|  |TAMS 0x00000000ec300000, 0x00000000ec300000| Untracked 
| 196|0x00000000ec400000, 0x00000000ec400000, 0x00000000ec500000|  0%| F|  |TAMS 0x00000000ec400000, 0x00000000ec400000| Untracked 
| 197|0x00000000ec500000, 0x00000000ec500000, 0x00000000ec600000|  0%| F|  |TAMS 0x00000000ec500000, 0x00000000ec500000| Untracked 
| 198|0x00000000ec600000, 0x00000000ec600000, 0x00000000ec700000|  0%| F|  |TAMS 0x00000000ec600000, 0x00000000ec600000| Untracked 
| 199|0x00000000ec700000, 0x00000000ec700000, 0x00000000ec800000|  0%| F|  |TAMS 0x00000000ec700000, 0x00000000ec700000| Untracked 
| 200|0x00000000ec800000, 0x00000000ec800000, 0x00000000ec900000|  0%| F|  |TAMS 0x00000000ec800000, 0x00000000ec800000| Untracked 
| 201|0x00000000ec900000, 0x00000000ec900000, 0x00000000eca00000|  0%| F|  |TAMS 0x00000000ec900000, 0x00000000ec900000| Untracked 
| 202|0x00000000eca00000, 0x00000000eca00000, 0x00000000ecb00000|  0%| F|  |TAMS 0x00000000eca00000, 0x00000000eca00000| Untracked 
| 203|0x00000000ecb00000, 0x00000000ecb00000, 0x00000000ecc00000|  0%| F|  |TAMS 0x00000000ecb00000, 0x00000000ecb00000| Untracked 
| 204|0x00000000ecc00000, 0x00000000ecc00000, 0x00000000ecd00000|  0%| F|  |TAMS 0x00000000ecc00000, 0x00000000ecc00000| Untracked 
| 205|0x00000000ecd00000, 0x00000000ecd00000, 0x00000000ece00000|  0%| F|  |TAMS 0x00000000ecd00000, 0x00000000ecd00000| Untracked 
| 206|0x00000000ece00000, 0x00000000ece00000, 0x00000000ecf00000|  0%| F|  |TAMS 0x00000000ece00000, 0x00000000ece00000| Untracked 
| 207|0x00000000ecf00000, 0x00000000ecf00000, 0x00000000ed000000|  0%| F|  |TAMS 0x00000000ecf00000, 0x00000000ecf00000| Untracked 
| 208|0x00000000ed000000, 0x00000000ed000000, 0x00000000ed100000|  0%| F|  |TAMS 0x00000000ed000000, 0x00000000ed000000| Untracked 
| 209|0x00000000ed100000, 0x00000000ed100000, 0x00000000ed200000|  0%| F|  |TAMS 0x00000000ed100000, 0x00000000ed100000| Untracked 
| 210|0x00000000ed200000, 0x00000000ed200000, 0x00000000ed300000|  0%| F|  |TAMS 0x00000000ed200000, 0x00000000ed200000| Untracked 
| 211|0x00000000ed300000, 0x00000000ed300000, 0x00000000ed400000|  0%| F|  |TAMS 0x00000000ed300000, 0x00000000ed300000| Untracked 
| 212|0x00000000ed400000, 0x00000000ed400000, 0x00000000ed500000|  0%| F|  |TAMS 0x00000000ed400000, 0x00000000ed400000| Untracked 
| 213|0x00000000ed500000, 0x00000000ed500000, 0x00000000ed600000|  0%| F|  |TAMS 0x00000000ed500000, 0x00000000ed500000| Untracked 
| 214|0x00000000ed600000, 0x00000000ed600000, 0x00000000ed700000|  0%| F|  |TAMS 0x00000000ed600000, 0x00000000ed600000| Untracked 
| 215|0x00000000ed700000, 0x00000000ed700000, 0x00000000ed800000|  0%| F|  |TAMS 0x00000000ed700000, 0x00000000ed700000| Untracked 
| 216|0x00000000ed800000, 0x00000000ed800000, 0x00000000ed900000|  0%| F|  |TAMS 0x00000000ed800000, 0x00000000ed800000| Untracked 
| 217|0x00000000ed900000, 0x00000000ed900000, 0x00000000eda00000|  0%| F|  |TAMS 0x00000000ed900000, 0x00000000ed900000| Untracked 
| 218|0x00000000eda00000, 0x00000000eda00000, 0x00000000edb00000|  0%| F|  |TAMS 0x00000000eda00000, 0x00000000eda00000| Untracked 
| 219|0x00000000edb00000, 0x00000000edb00000, 0x00000000edc00000|  0%| F|  |TAMS 0x00000000edb00000, 0x00000000edb00000| Untracked 
| 220|0x00000000edc00000, 0x00000000edc00000, 0x00000000edd00000|  0%| F|  |TAMS 0x00000000edc00000, 0x00000000edc00000| Untracked 
| 221|0x00000000edd00000, 0x00000000edd00000, 0x00000000ede00000|  0%| F|  |TAMS 0x00000000edd00000, 0x00000000edd00000| Untracked 
| 222|0x00000000ede00000, 0x00000000ede00000, 0x00000000edf00000|  0%| F|  |TAMS 0x00000000ede00000, 0x00000000ede00000| Untracked 
| 223|0x00000000edf00000, 0x00000000edf00000, 0x00000000ee000000|  0%| F|  |TAMS 0x00000000edf00000, 0x00000000edf00000| Untracked 
| 224|0x00000000ee000000, 0x00000000ee000000, 0x00000000ee100000|  0%| F|  |TAMS 0x00000000ee000000, 0x00000000ee000000| Untracked 
| 225|0x00000000ee100000, 0x00000000ee100000, 0x00000000ee200000|  0%| F|  |TAMS 0x00000000ee100000, 0x00000000ee100000| Untracked 
| 226|0x00000000ee200000, 0x00000000ee200000, 0x00000000ee300000|  0%| F|  |TAMS 0x00000000ee200000, 0x00000000ee200000| Untracked 
| 227|0x00000000ee300000, 0x00000000ee300000, 0x00000000ee400000|  0%| F|  |TAMS 0x00000000ee300000, 0x00000000ee300000| Untracked 
| 228|0x00000000ee400000, 0x00000000ee400000, 0x00000000ee500000|  0%| F|  |TAMS 0x00000000ee400000, 0x00000000ee400000| Untracked 
| 229|0x00000000ee500000, 0x00000000ee500000, 0x00000000ee600000|  0%| F|  |TAMS 0x00000000ee500000, 0x00000000ee500000| Untracked 
| 230|0x00000000ee600000, 0x00000000ee600000, 0x00000000ee700000|  0%| F|  |TAMS 0x00000000ee600000, 0x00000000ee600000| Untracked 
| 231|0x00000000ee700000, 0x00000000ee700000, 0x00000000ee800000|  0%| F|  |TAMS 0x00000000ee700000, 0x00000000ee700000| Untracked 
| 232|0x00000000ee800000, 0x00000000ee800000, 0x00000000ee900000|  0%| F|  |TAMS 0x00000000ee800000, 0x00000000ee800000| Untracked 
| 233|0x00000000ee900000, 0x00000000ee900000, 0x00000000eea00000|  0%| F|  |TAMS 0x00000000ee900000, 0x00000000ee900000| Untracked 
| 234|0x00000000eea00000, 0x00000000eea00000, 0x00000000eeb00000|  0%| F|  |TAMS 0x00000000eea00000, 0x00000000eea00000| Untracked 
| 235|0x00000000eeb00000, 0x00000000eeb00000, 0x00000000eec00000|  0%| F|  |TAMS 0x00000000eeb00000, 0x00000000eeb00000| Untracked 
| 236|0x00000000eec00000, 0x00000000eec00000, 0x00000000eed00000|  0%| F|  |TAMS 0x00000000eec00000, 0x00000000eec00000| Untracked 
| 237|0x00000000eed00000, 0x00000000eed00000, 0x00000000eee00000|  0%| F|  |TAMS 0x00000000eed00000, 0x00000000eed00000| Untracked 
| 238|0x00000000eee00000, 0x00000000eee00000, 0x00000000eef00000|  0%| F|  |TAMS 0x00000000eee00000, 0x00000000eee00000| Untracked 
| 239|0x00000000eef00000, 0x00000000eef00000, 0x00000000ef000000|  0%| F|  |TAMS 0x00000000eef00000, 0x00000000eef00000| Untracked 
| 240|0x00000000ef000000, 0x00000000ef080800, 0x00000000ef100000| 50%| E|  |TAMS 0x00000000ef000000, 0x00000000ef000000| Complete 
| 241|0x00000000ef100000, 0x00000000ef200000, 0x00000000ef200000|100%| E|CS|TAMS 0x00000000ef100000, 0x00000000ef100000| Complete 
| 242|0x00000000ef200000, 0x00000000ef300000, 0x00000000ef300000|100%| E|CS|TAMS 0x00000000ef200000, 0x00000000ef200000| Complete 
| 243|0x00000000ef300000, 0x00000000ef400000, 0x00000000ef400000|100%| E|CS|TAMS 0x00000000ef300000, 0x00000000ef300000| Complete 
| 244|0x00000000ef400000, 0x00000000ef500000, 0x00000000ef500000|100%| E|CS|TAMS 0x00000000ef400000, 0x00000000ef400000| Complete 
| 245|0x00000000ef500000, 0x00000000ef600000, 0x00000000ef600000|100%| E|CS|TAMS 0x00000000ef500000, 0x00000000ef500000| Complete 
| 246|0x00000000ef600000, 0x00000000ef700000, 0x00000000ef700000|100%| E|CS|TAMS 0x00000000ef600000, 0x00000000ef600000| Complete 
| 247|0x00000000ef700000, 0x00000000ef800000, 0x00000000ef800000|100%| E|CS|TAMS 0x00000000ef700000, 0x00000000ef700000| Complete 
| 248|0x00000000ef800000, 0x00000000ef900000, 0x00000000ef900000|100%| E|CS|TAMS 0x00000000ef800000, 0x00000000ef800000| Complete 
| 249|0x00000000ef900000, 0x00000000efa00000, 0x00000000efa00000|100%| E|CS|TAMS 0x00000000ef900000, 0x00000000ef900000| Complete 
| 250|0x00000000efa00000, 0x00000000efb00000, 0x00000000efb00000|100%| E|CS|TAMS 0x00000000efa00000, 0x00000000efa00000| Complete 
| 251|0x00000000efb00000, 0x00000000efc00000, 0x00000000efc00000|100%| E|CS|TAMS 0x00000000efb00000, 0x00000000efb00000| Complete 
| 252|0x00000000efc00000, 0x00000000efd00000, 0x00000000efd00000|100%| E|CS|TAMS 0x00000000efc00000, 0x00000000efc00000| Complete 
| 253|0x00000000efd00000, 0x00000000efe00000, 0x00000000efe00000|100%| E|CS|TAMS 0x00000000efd00000, 0x00000000efd00000| Complete 
| 254|0x00000000efe00000, 0x00000000eff00000, 0x00000000eff00000|100%| E|CS|TAMS 0x00000000efe00000, 0x00000000efe00000| Complete 
| 255|0x00000000eff00000, 0x00000000f0000000, 0x00000000f0000000|100%| E|CS|TAMS 0x00000000eff00000, 0x00000000eff00000| Complete 

Card table byte_map: [0x00000190a9490000,0x00000190a9590000] _byte_map_base: 0x00000190a8d90000

Marking Bits (Prev, Next): (CMBitMap*) 0x00000190967a2878, (CMBitMap*) 0x00000190967a28b0
 Prev Bits: [0x00000190a9690000, 0x00000190a9e90000)
 Next Bits: [0x00000190a9e90000, 0x00000190aa690000)

Polling page: 0x00000190946d0000

Metaspace:

Usage:
  Non-class:     16.89 MB capacity,    16.68 MB ( 99%) used,   194.17 KB (  1%) free+waste,    25.44 KB ( <1%) overhead. 
      Class:      1.95 MB capacity,     1.87 MB ( 96%) used,    66.30 KB (  3%) free+waste,    10.69 KB ( <1%) overhead. 
       Both:     18.84 MB capacity,    18.55 MB ( 98%) used,   260.48 KB (  1%) free+waste,    36.13 KB ( <1%) overhead. 

Virtual space:
  Non-class space:       18.00 MB reserved,      17.00 MB ( 94%) committed 
      Class space:        1.00 GB reserved,       2.00 MB ( <1%) committed 
             Both:        1.02 GB reserved,      19.00 MB (  2%) committed 

Chunk freelists:
   Non-Class:  44.00 KB
       Class:  23.00 KB
        Both:  67.00 KB

MaxMetaspaceSize: 17179869184.00 GB
CompressedClassSpaceSize: 1.00 GB

CodeHeap 'non-profiled nmethods': size=120064Kb used=1171Kb max_used=1171Kb free=118892Kb
 bounds [0x00000190a1d40000, 0x00000190a1fb0000, 0x00000190a9280000]
CodeHeap 'profiled nmethods': size=120000Kb used=10100Kb max_used=10100Kb free=109899Kb
 bounds [0x000001909a810000, 0x000001909b1f0000, 0x00000190a1d40000]
CodeHeap 'non-nmethods': size=5696Kb used=1115Kb max_used=1175Kb free=4580Kb
 bounds [0x000001909a280000, 0x000001909a4f0000, 0x000001909a810000]
 total_blobs=2521 nmethods=2079 adapters=354
 compilation: enabled
              stopped_count=0, restarted_count=0
 full_count=0

Compilation events (20 events):
Event: 1.897 Thread 0x00000190ad784800 nmethod 2116 0x000001909b18f990 code [0x000001909b18fbc0, 0x000001909b190228]
Event: 1.897 Thread 0x00000190ad784800 2118 %     3       jdk.internal.jimage.ImageStringsReader::charsFromByteBufferLength @ 2 (47 bytes)
Event: 1.897 Thread 0x00000190ad784800 nmethod 2118% 0x000001909b190610 code [0x000001909b190800, 0x000001909b190cb8]
Event: 1.897 Thread 0x00000190ad784800 2119       2       java.io.ByteArrayOutputStream::grow (43 bytes)
Event: 1.898 Thread 0x00000190ad784800 nmethod 2119 0x000001909b190e10 code [0x000001909b190fe0, 0x000001909b191378]
Event: 1.898 Thread 0x00000190ad784800 2117       2       sun.nio.fs.WindowsPath::parse (26 bytes)
Event: 1.898 Thread 0x00000190ad784800 nmethod 2117 0x000001909b191510 code [0x000001909b1916e0, 0x000001909b1919c8]
Event: 1.905 Thread 0x00000190ad784800 2120 %     3       org.jacoco.agent.rt.internal_1f1cc91.asm.ClassWriter::toByteArray @ 1443 (2566 bytes)
Event: 1.923 Thread 0x00000190ada9c800 nmethod 2089 0x00000190a1e57290 code [0x00000190a1e57640, 0x00000190a1e5a4e8]
Event: 1.923 Thread 0x00000190ada9c800 2107       4       org.jetbrains.coverage.gnu.trove.TLongHash::index (131 bytes)
Event: 1.925 Thread 0x00000190ada9c800 nmethod 2107 0x00000190a1e5c710 code [0x00000190a1e5c8c0, 0x00000190a1e5cb78]
Event: 1.925 Thread 0x00000190ada9c800 2104       4       org.jacoco.agent.rt.internal_1f1cc91.core.internal.instr.InstrSupport::push (137 bytes)
Event: 1.935 Thread 0x00000190ada9c800 nmethod 2104 0x00000190a1e5ce90 code [0x00000190a1e5d160, 0x00000190a1e5dc70]
Event: 1.935 Thread 0x00000190ada9c800 2057       4       org.jacoco.agent.rt.internal_1f1cc91.core.internal.instr.ProbeInserter::insertProbe (80 bytes)
Event: 1.944 Thread 0x00000190ada9c800 nmethod 2057 0x00000190a1e5ec10 code [0x00000190a1e5eee0, 0x00000190a1e5f990]
Event: 1.944 Thread 0x00000190ada9c800 2092       4       org.jacoco.agent.rt.internal_1f1cc91.core.internal.flow.LabelInfo::needsProbe (56 bytes)
Event: 1.946 Thread 0x00000190ada9c800 nmethod 2092 0x00000190a1e60a10 code [0x00000190a1e60be0, 0x00000190a1e60e58]
Event: 1.946 Thread 0x00000190ada9c800 2126       4       org.jetbrains.coverage.org.objectweb.asm.ByteVector::putByteArray (49 bytes)
Event: 1.947 Thread 0x00000190ada9c800 nmethod 2126 0x00000190a1e61290 code [0x00000190a1e61420, 0x00000190a1e61578]
Event: 1.947 Thread 0x00000190ada9c800 2087       4       org.jetbrains.coverage.org.objectweb.asm.MethodWriter::visitLocalVariable (222 bytes)

GC Heap History (8 events):
Event: 0.359 GC heap before
{Heap before GC invocations=0 (full 0):
 garbage-first heap   total 262144K, used 22528K [0x00000000e0000000, 0x0000000100000000)
  region size 1024K, 22 young (22528K), 0 survivors (0K)
 Metaspace       used 9859K, capacity 10063K, committed 10240K, reserved 1058816K
  class space    used 867K, capacity 924K, committed 1024K, reserved 1048576K
}
Event: 0.362 GC heap after
{Heap after GC invocations=1 (full 0):
 garbage-first heap   total 262144K, used 9126K [0x00000000e0000000, 0x0000000100000000)
  region size 1024K, 3 young (3072K), 3 survivors (3072K)
 Metaspace       used 9859K, capacity 10063K, committed 10240K, reserved 1058816K
  class space    used 867K, capacity 924K, committed 1024K, reserved 1048576K
}
Event: 0.678 GC heap before
{Heap before GC invocations=1 (full 0):
 garbage-first heap   total 262144K, used 32678K [0x00000000e0000000, 0x0000000100000000)
  region size 1024K, 26 young (26624K), 3 survivors (3072K)
 Metaspace       used 11702K, capacity 11993K, committed 12160K, reserved 1060864K
  class space    used 1039K, capacity 1098K, committed 1152K, reserved 1048576K
}
Event: 0.680 GC heap after
{Heap after GC invocations=2 (full 0):
 garbage-first heap   total 262144K, used 10301K [0x00000000e0000000, 0x0000000100000000)
  region size 1024K, 2 young (2048K), 2 survivors (2048K)
 Metaspace       used 11702K, capacity 11993K, committed 12160K, reserved 1060864K
  class space    used 1039K, capacity 1098K, committed 1152K, reserved 1048576K
}
Event: 1.135 GC heap before
{Heap before GC invocations=2 (full 0):
 garbage-first heap   total 262144K, used 46141K [0x00000000e0000000, 0x0000000100000000)
  region size 1024K, 37 young (37888K), 2 survivors (2048K)
 Metaspace       used 15252K, capacity 15567K, committed 15744K, reserved 1062912K
  class space    used 1474K, capacity 1559K, committed 1664K, reserved 1048576K
}
Event: 1.137 GC heap after
{Heap after GC invocations=3 (full 0):
 garbage-first heap   total 262144K, used 11775K [0x00000000e0000000, 0x0000000100000000)
  region size 1024K, 3 young (3072K), 3 survivors (3072K)
 Metaspace       used 15252K, capacity 15567K, committed 15744K, reserved 1062912K
  class space    used 1474K, capacity 1559K, committed 1664K, reserved 1048576K
}
Event: 1.862 GC heap before
{Heap before GC invocations=3 (full 0):
 garbage-first heap   total 262144K, used 71167K [0x00000000e0000000, 0x0000000100000000)
  region size 1024K, 62 young (63488K), 3 survivors (3072K)
 Metaspace       used 18443K, capacity 18717K, committed 18944K, reserved 1067008K
  class space    used 1834K, capacity 1929K, committed 2048K, reserved 1048576K
}
Event: 1.865 GC heap after
{Heap after GC invocations=4 (full 0):
 garbage-first heap   total 262144K, used 14016K [0x00000000e0000000, 0x0000000100000000)
  region size 1024K, 6 young (6144K), 6 survivors (6144K)
 Metaspace       used 18443K, capacity 18717K, committed 18944K, reserved 1067008K
  class space    used 1834K, capacity 1929K, committed 2048K, reserved 1048576K
}

Deoptimization events (20 events):
Event: 1.286 Thread 0x00000190aefae800 DEOPT PACKING pc=0x000001909a921b88 sp=0x00000049316f94d0
Event: 1.287 Thread 0x00000190aefae800 DEOPT UNPACKING pc=0x000001909a2a6dde sp=0x00000049316f8b40 mode 0
Event: 1.322 Thread 0x00000190aefae800 DEOPT PACKING pc=0x000001909a82ea1b sp=0x00000049316f8460
Event: 1.322 Thread 0x00000190aefae800 DEOPT UNPACKING pc=0x000001909a2a6dde sp=0x00000049316f79a0 mode 0
Event: 1.335 Thread 0x00000190aefae800 DEOPT PACKING pc=0x000001909af1cad5 sp=0x00000049316fd530
Event: 1.335 Thread 0x00000190aefae800 DEOPT UNPACKING pc=0x000001909a2a6dde sp=0x00000049316fc9f0 mode 0
Event: 1.385 Thread 0x00000190aefae800 DEOPT PACKING pc=0x000001909adf19ec sp=0x00000049316f24a0
Event: 1.385 Thread 0x00000190aefae800 DEOPT UNPACKING pc=0x000001909a2a6dde sp=0x00000049316f1958 mode 0
Event: 1.883 Thread 0x00000190aefae800 DEOPT PACKING pc=0x000001909a921b88 sp=0x00000049316f4c00
Event: 1.883 Thread 0x00000190aefae800 DEOPT UNPACKING pc=0x000001909a2a6dde sp=0x00000049316f4270 mode 0
Event: 1.925 Thread 0x00000190aefae800 DEOPT PACKING pc=0x000001909a921b88 sp=0x00000049316f6c00
Event: 1.925 Thread 0x00000190aefae800 DEOPT UNPACKING pc=0x000001909a2a6dde sp=0x00000049316f6270 mode 0
Event: 1.933 Thread 0x00000190aefae800 Uncommon trap: trap_request=0xffffff4d fr.pc=0x00000190a1e2fd64 relative=0x0000000000000384
Event: 1.933 Thread 0x00000190aefae800 Uncommon trap: reason=unstable_if action=reinterpret pc=0x00000190a1e2fd64 method=org.jetbrains.coverage.org.objectweb.asm.Type.getTypeInternal(Ljava/lang/String;II)Lorg/jetbrains/coverage/org/objectweb/asm/Type; @ 5 c2
Event: 1.933 Thread 0x00000190aefae800 DEOPT PACKING pc=0x00000190a1e2fd64 sp=0x00000049316f6450
Event: 1.933 Thread 0x00000190aefae800 DEOPT UNPACKING pc=0x000001909a2a662f sp=0x00000049316f6408 mode 2
Event: 1.933 Thread 0x00000190aefae800 Uncommon trap: trap_request=0xffffff4d fr.pc=0x00000190a1e1e604 relative=0x0000000000000a04
Event: 1.933 Thread 0x00000190aefae800 Uncommon trap: reason=unstable_if action=reinterpret pc=0x00000190a1e1e604 method=org.jacoco.agent.rt.internal_1f1cc91.asm.Type.getTypeInternal(Ljava/lang/String;II)Lorg/jacoco/agent/rt/internal_1f1cc91/asm/Type; @ 18 c2
Event: 1.933 Thread 0x00000190aefae800 DEOPT PACKING pc=0x00000190a1e1e604 sp=0x00000049316f53e0
Event: 1.933 Thread 0x00000190aefae800 DEOPT UNPACKING pc=0x000001909a2a662f sp=0x00000049316f53b8 mode 2

Classes redefined (0 events):
No events

Internal exceptions (18 events):
Event: 0.179 Thread 0x000001909678c000 Exception <a 'java/security/PrivilegedActionException'{0x00000000efc63d98}> (0x00000000efc63d98) thrown at [./src/hotspot/share/prims/jvm.cpp, line 1306]
Event: 0.179 Thread 0x000001909678c000 Exception <a 'java/security/PrivilegedActionException'{0x00000000efc64068}> (0x00000000efc64068) thrown at [./src/hotspot/share/prims/jvm.cpp, line 1306]
Event: 0.225 Thread 0x000001909678c000 Exception <a 'java/security/PrivilegedActionException'{0x00000000ef68f0d0}> (0x00000000ef68f0d0) thrown at [./src/hotspot/share/prims/jvm.cpp, line 1306]
Event: 0.225 Thread 0x000001909678c000 Exception <a 'java/security/PrivilegedActionException'{0x00000000ef68f3a0}> (0x00000000ef68f3a0) thrown at [./src/hotspot/share/prims/jvm.cpp, line 1306]
Event: 0.321 Thread 0x000001909678c000 Exception <a 'java/lang/NoSuchMethodError'{0x00000000eee95cd8}: 'int java.lang.invoke.DirectMethodHandle$Holder.invokeSpecialIFC(java.lang.Object, java.lang.Object, int)'> (0x00000000eee95cd8) thrown at [./src/hotspot/share/interpreter/linkResolver.cpp, line 773]
Event: 0.841 Thread 0x000001909678c000 Exception <a 'java/lang/NoSuchMethodError'{0x00000000ef4e4a40}: <clinit>> (0x00000000ef4e4a40) thrown at [./src/hotspot/share/prims/jni.cpp, line 1362]
Event: 0.842 Thread 0x000001909678c000 Exception <a 'java/lang/NoSuchMethodError'{0x00000000ef4ee470}: <clinit>> (0x00000000ef4ee470) thrown at [./src/hotspot/share/prims/jni.cpp, line 1362]
Event: 0.842 Thread 0x000001909678c000 Exception <a 'java/lang/NoSuchMethodError'{0x00000000ef4f7940}: <clinit>> (0x00000000ef4f7940) thrown at [./src/hotspot/share/prims/jni.cpp, line 1362]
Event: 0.988 Thread 0x000001909678c000 Exception <a 'java/lang/NoSuchMethodError'{0x00000000ee613088}: 'java.lang.Object java.lang.invoke.DirectMethodHandle$Holder.invokeVirtual(java.lang.Object, java.lang.Object, java.lang.Object, java.lang.Object, java.lang.Object)'> (0x00000000ee613088) thrown at [./src/hotspot/share/interpreter/linkResolver.cpp, line 773]
Event: 1.077 Thread 0x000001909678c000 Exception <a 'java/lang/NoSuchMethodError'{0x00000000eddf7758}: 'java.lang.Object java.lang.invoke.DirectMethodHandle$Holder.invokeStaticInit(java.lang.Object, int, int, int, int)'> (0x00000000eddf7758) thrown at [./src/hotspot/share/interpreter/linkResolver.cpp, line 773]
Event: 1.126 Thread 0x000001909678c000 Exception <a 'java/lang/NoSuchMethodError'{0x00000000edb5c3f0}: 'java.lang.Object java.lang.invoke.DirectMethodHandle$Holder.invokeStaticInit(java.lang.Object, java.lang.Object, int, int, int, int)'> (0x00000000edb5c3f0) thrown at [./src/hotspot/share/interpreter/linkResolver.cpp, line 773]
Event: 1.482 Thread 0x00000190aefae800 Exception <a 'java/lang/reflect/InvocationTargetException'{0x00000000ed5a1af0}> (0x00000000ed5a1af0) thrown at [./src/hotspot/share/runtime/reflection.cpp, line 1247]
Event: 1.483 Thread 0x00000190aefae800 Exception <a 'java/lang/NoSuchMethodError'{0x00000000ed5adc58}: 'java.lang.Object java.lang.invoke.DirectMethodHandle$Holder.invokeStaticInit(java.lang.Object, java.lang.Object, long, java.lang.Object)'> (0x00000000ed5adc58) thrown at [./src/hotspot/share/interpreter/linkResolver.cpp, line 773]
Event: 1.484 Thread 0x00000190aefae800 Exception <a 'java/lang/NoSuchMethodError'{0x00000000ed5b9ee8}: 'java.lang.Object java.lang.invoke.Invokers$Holder.linkToTargetMethod(java.lang.Object, long, java.lang.Object)'> (0x00000000ed5b9ee8) thrown at [./src/hotspot/share/interpreter/linkResolver.cpp, line 773]
Event: 1.496 Thread 0x00000190aefae800 Exception <a 'java/lang/NoSuchMethodError'{0x00000000ed4c93c8}: 'void java.lang.invoke.DirectMethodHandle$Holder.invokeStatic(java.lang.Object, long)'> (0x00000000ed4c93c8) thrown at [./src/hotspot/share/interpreter/linkResolver.cpp, line 773]
Event: 1.497 Thread 0x00000190aefae800 Exception <a 'java/lang/NoSuchMethodError'{0x00000000ed4ce880}: 'java.lang.Object java.lang.invoke.DirectMethodHandle$Holder.invokeStatic(java.lang.Object, long)'> (0x00000000ed4ce880) thrown at [./src/hotspot/share/interpreter/linkResolver.cpp, line 773]
Event: 1.497 Thread 0x00000190aefae800 Exception <a 'java/lang/NoSuchMethodError'{0x00000000ed4d1e50}: 'java.lang.Object java.lang.invoke.DirectMethodHandle$Holder.invokeSpecial(java.lang.Object, java.lang.Object, long)'> (0x00000000ed4d1e50) thrown at [./src/hotspot/share/interpreter/linkResolver.cpp, line 773]
Event: 1.498 Thread 0x00000190aefae800 Exception <a 'java/lang/NoSuchMethodError'{0x00000000ed4d4e60}: 'java.lang.Object java.lang.invoke.Invokers$Holder.linkToTargetMethod(long, java.lang.Object)'> (0x00000000ed4d4e60) thrown at [./src/hotspot/share/interpreter/linkResolver.cpp, line 773]

Events (20 events):
Event: 1.934 loading class net/bytebuddy/description/method/MethodList$AbstractBase
Event: 1.934 loading class net/bytebuddy/description/method/MethodList$AbstractBase done
Event: 1.936 loading class net/bytebuddy/description/method/MethodDescription$ForLoadedConstructor
Event: 1.936 loading class net/bytebuddy/description/method/MethodDescription$ForLoadedConstructor done
Event: 1.938 loading class net/bytebuddy/description/method/ParameterDescription$ForLoadedParameter$ParameterAnnotationSource
Event: 1.938 loading class net/bytebuddy/description/method/ParameterDescription$ForLoadedParameter$ParameterAnnotationSource done
Event: 1.938 loading class net/bytebuddy/description/method/MethodDescription$InDefinedShape$AbstractBase
Event: 1.938 loading class net/bytebuddy/description/method/MethodDescription$InDefinedShape$AbstractBase done
Event: 1.939 loading class net/bytebuddy/description/method/MethodDescription$AbstractBase
Event: 1.939 loading class net/bytebuddy/description/method/MethodDescription$AbstractBase done
Event: 1.944 loading class net/bytebuddy/description/method/MethodDescription$ForLoadedMethod
Event: 1.944 loading class net/bytebuddy/description/method/MethodDescription$ForLoadedMethod done
Event: 1.946 loading class net/bytebuddy/implementation/bind/annotation/Super$Instantiation
Event: 1.946 loading class net/bytebuddy/implementation/bind/annotation/Super$Instantiation done
Event: 1.948 loading class net/bytebuddy/description/ByteCodeElement$Token
Event: 1.948 loading class net/bytebuddy/description/ByteCodeElement$Token done
Event: 1.950 loading class net/bytebuddy/description/method/MethodList$Explicit
Event: 1.950 loading class net/bytebuddy/description/method/MethodList$Explicit done
Event: 1.952 loading class net/bytebuddy/implementation/bind/annotation/Default$Binder
Event: 1.952 loading class net/bytebuddy/implementation/bind/annotation/Default$Binder done


Dynamic libraries:
0x00007ff74bcb0000 - 0x00007ff74bcba000 	C:\Program Files\Android\Android Studio\jre\bin\java.exe
0x00007fff17c30000 - 0x00007fff17e25000 	C:\Windows\SYSTEM32\ntdll.dll
0x00007fff16220000 - 0x00007fff162de000 	C:\Windows\System32\KERNEL32.DLL
0x00007fff157f0000 - 0x00007fff15ab8000 	C:\Windows\System32\KERNELBASE.dll
0x00007fff15340000 - 0x00007fff15440000 	C:\Windows\System32\ucrtbase.dll
0x00007fff00ea0000 - 0x00007fff00eb9000 	C:\Program Files\Android\Android Studio\jre\bin\jli.dll
0x00007ffeff460000 - 0x00007ffeff477000 	C:\Program Files\Android\Android Studio\jre\bin\VCRUNTIME140.dll
0x00007fff17990000 - 0x00007fff17b31000 	C:\Windows\System32\USER32.dll
0x00007fff03920000 - 0x00007fff03bba000 	C:\Windows\WinSxS\amd64_microsoft.windows.common-controls_6595b64144ccf1df_6.0.19041.1110_none_60b5254171f9507e\COMCTL32.dll
0x00007fff157c0000 - 0x00007fff157e2000 	C:\Windows\System32\win32u.dll
0x00007fff16490000 - 0x00007fff164bb000 	C:\Windows\System32\GDI32.dll
0x00007fff16120000 - 0x00007fff161be000 	C:\Windows\System32\msvcrt.dll
0x00007fff15680000 - 0x00007fff1578d000 	C:\Windows\System32\gdi32full.dll
0x00007fff15440000 - 0x00007fff154dd000 	C:\Windows\System32\msvcp_win.dll
0x00007fff15c70000 - 0x00007fff15ca0000 	C:\Windows\System32\IMM32.DLL
0x00007ffefe4c0000 - 0x00007ffefe55d000 	C:\Program Files\Android\Android Studio\jre\bin\msvcp140.dll
0x00007ffed9780000 - 0x00007ffeda255000 	C:\Program Files\Android\Android Studio\jre\bin\server\jvm.dll
0x00007fff162e0000 - 0x00007fff1638e000 	C:\Windows\System32\ADVAPI32.dll
0x00007fff172c0000 - 0x00007fff1735c000 	C:\Windows\System32\sechost.dll
0x00007fff17860000 - 0x00007fff17985000 	C:\Windows\System32\RPCRT4.dll
0x00007fff16480000 - 0x00007fff16488000 	C:\Windows\System32\PSAPI.DLL
0x00007ffeff900000 - 0x00007ffeff909000 	C:\Windows\SYSTEM32\WSOCK32.dll
0x00007fff16c10000 - 0x00007fff16c7b000 	C:\Windows\System32\WS2_32.dll
0x00007fff10cb0000 - 0x00007fff10cba000 	C:\Windows\SYSTEM32\VERSION.dll
0x00007fff082a0000 - 0x00007fff082c7000 	C:\Windows\SYSTEM32\WINMM.dll
0x00007fff13250000 - 0x00007fff13262000 	C:\Windows\SYSTEM32\kernel.appcore.dll
0x00007fff10a10000 - 0x00007fff10a21000 	C:\Program Files\Android\Android Studio\jre\bin\verify.dll
0x00007fff07960000 - 0x00007fff07b44000 	C:\Windows\SYSTEM32\DBGHELP.DLL
0x00007ffef4e70000 - 0x00007ffef4e9c000 	C:\Windows\SYSTEM32\dbgcore.DLL
0x00007fff15540000 - 0x00007fff155c2000 	C:\Windows\System32\bcryptPrimitives.dll
0x00007fff10780000 - 0x00007fff107a9000 	C:\Program Files\Android\Android Studio\jre\bin\java.dll
0x00007fff10a00000 - 0x00007fff10a0b000 	C:\Program Files\Android\Android Studio\jre\bin\jimage.dll
0x00007ffeff2f0000 - 0x00007ffeff2ff000 	C:\Program Files\Android\Android Studio\jre\bin\instrument.dll
0x00007fff0d520000 - 0x00007fff0d538000 	C:\Program Files\Android\Android Studio\jre\bin\zip.dll
0x00007fff164c0000 - 0x00007fff16c04000 	C:\Windows\System32\SHELL32.dll
0x00007fff13450000 - 0x00007fff13be5000 	C:\Windows\SYSTEM32\windows.storage.dll
0x00007fff16c80000 - 0x00007fff16fd5000 	C:\Windows\System32\combase.dll
0x00007fff14cc0000 - 0x00007fff14cee000 	C:\Windows\SYSTEM32\Wldp.dll
0x00007fff17520000 - 0x00007fff175cd000 	C:\Windows\System32\SHCORE.dll
0x00007fff161c0000 - 0x00007fff16215000 	C:\Windows\System32\shlwapi.dll
0x00007fff15280000 - 0x00007fff1529f000 	C:\Windows\SYSTEM32\profapi.dll
0x00007fff0d4a0000 - 0x00007fff0d4ba000 	C:\Program Files\Android\Android Studio\jre\bin\net.dll
0x00007fff0bbf0000 - 0x00007fff0bcfc000 	C:\Windows\SYSTEM32\WINHTTP.dll
0x00007fff14a20000 - 0x00007fff14a8a000 	C:\Windows\system32\mswsock.dll
0x00007ffefff30000 - 0x00007ffefff44000 	C:\Program Files\Android\Android Studio\jre\bin\nio.dll
0x00007ffef2ea0000 - 0x00007ffef2eb7000 	C:\Windows\system32\napinsp.dll
0x00007ffef2e80000 - 0x00007ffef2e9b000 	C:\Windows\system32\pnrpnsp.dll
0x00007fff0f3a0000 - 0x00007fff0f3b5000 	C:\Windows\system32\wshbth.dll
0x00007fff10ea0000 - 0x00007fff10ebd000 	C:\Windows\system32\NLAapi.dll
0x00007fff14710000 - 0x00007fff1474b000 	C:\Windows\SYSTEM32\IPHLPAPI.DLL
0x00007fff14750000 - 0x00007fff1481b000 	C:\Windows\SYSTEM32\DNSAPI.dll
0x00007fff17360000 - 0x00007fff17368000 	C:\Windows\System32\NSI.dll
0x00007ffef2e40000 - 0x00007ffef2e52000 	C:\Windows\System32\winrnr.dll
0x0000000066030000 - 0x0000000066056000 	C:\Program Files\Bonjour\mdnsNSP.dll
0x00007fff03db0000 - 0x00007fff03dba000 	C:\Windows\System32\rasadhlp.dll
0x00007fff02d40000 - 0x00007fff02dbf000 	C:\Windows\System32\fwpuclnt.dll
0x00007fff15790000 - 0x00007fff157b7000 	C:\Windows\System32\bcrypt.dll
0x00007fff14c10000 - 0x00007fff14c28000 	C:\Windows\SYSTEM32\CRYPTSP.dll
0x00007fff143a0000 - 0x00007fff143d4000 	C:\Windows\system32\rsaenh.dll
0x00007fff15240000 - 0x00007fff1526e000 	C:\Windows\SYSTEM32\USERENV.dll
0x00007fff14c30000 - 0x00007fff14c3c000 	C:\Windows\SYSTEM32\CRYPTBASE.dll
0x00007fff0cf90000 - 0x00007fff0cfa7000 	C:\Windows\SYSTEM32\dhcpcsvc6.DLL
0x00007fff0cf70000 - 0x00007fff0cf8d000 	C:\Windows\SYSTEM32\dhcpcsvc.DLL

dbghelp: loaded successfully - version: 4.0.5 - missing functions: none
symbol engine: initialized successfully - sym options: 0x614 - pdb path: .;C:\Program Files\Android\Android Studio\jre\bin;C:\Windows\SYSTEM32;C:\Windows\WinSxS\amd64_microsoft.windows.common-controls_6595b64144ccf1df_6.0.19041.1110_none_60b5254171f9507e;C:\Program Files\Android\Android Studio\jre\bin\server;C:\Program Files\Bonjour

VM Arguments:
jvm_args: -Djava.awt.headless=true -Dorg.gradle.native=false -javaagent:C:\Users\Emanuele\AppData\Local\Google\AndroidStudio2021.1\testAgent\intellij-coverage-agent-1.0.579.jar=C:\Users\Emanuele\AppData\Local\Temp\coverage18186args -javaagent:build/tmp/expandedArchives/org.jacoco.agent-0.8.3.jar_4b57cf550318c2dfec984d52b9993337/jacocoagent.jar=destfile=build/jacoco/testDebugUnitTest.exec,append=true,inclnolocationclasses=false,dumponexit=true,output=file,jmx=false -Xmx512m -Dfile.encoding=windows-1252 -Duser.country=IT -Duser.language=it -Duser.variant -ea 
java_command: worker.org.gradle.process.internal.worker.GradleWorkerMain 'Gradle Test Executor 1'
java_class_path (initial): C:\\Users\\Emanuele\\.gradle\\caches\\5.4.1\\workerMain\\gradle-worker.jar;D:\\UNISA\\Images-to-PDF-8.8.1\\app\\build\\intermediates\\unit_test_config_directory\\debugUnitTest\\out;D:\\UNISA\\Images-to-PDF-8.8.1\\app\\build\\intermediates\\javac\\debugUnitTest\\classes;D:\\UNISA\\Images-to-PDF-8.8.1\\app\\build\\intermediates\\sourceFolderJavaResources\\test\\debug;D:\\UNISA\\Images-to-PDF-8.8.1\\app\\libs\\aspose-cells-19.3-android.via.java.jar;C:\\Users\\Emanuele\\.gradle\\caches\\modules-2\\files-2.1\\junit\\junit\\4.12\\2973d150c0dc1fefe998f834810d68f278ea58ec\\junit-4.12.jar;C:\\Users\\Emanuele\\.gradle\\caches\\transforms-2\\files-2.1\\7b6909b64f48938995ae3ed4e82d21fb\\design-28.0.0\\jars\\classes.jar;C:\\Users\\Emanuele\\.gradle\\caches\\transforms-2\\files-2.1\\651251c562687d258463be1acb29cef2\\preference-v7-28.0.0\\jars\\classes.jar;C:\\Users\\Emanuele\\.gradle\\caches\\transforms-2\\files-2.1\\486df71dc6ed74dea0b4255c79b1f7bb\\android-morphing-button-98a4986e56\\jars\\classes.jar;C:\\Users\\Emanuele\\.gradle\\caches\\transforms-2\\files-2.1\\e0b8729a29a97f1249360bc34a62f3c6\\core-0.9.6.0\\jars\\classes.jar;C:\\Users\\Emanuele\\.gradle\\caches\\transforms-2\\files-2.1\\9a8a65aafbfe97c85a668158010ad42e\\lottie-2.5.5\\jars\\classes.jar;C:\\Users\\Emanuele\\.gradle\\caches\\transforms-2\\files-2.1\\f759d4cca9c841abfbbf69a3d1988020\\photoeditor-0.2.1\\jars\\classes.jar;C:\\Users\\Emanuele\\.gradle\\caches\\transforms-2\\files-2.1\\136cddfca49c69e99f753cbe0696d868\\android-image-cropper-2.7.0\\jars\\classes.jar;C:\\Users\\Emanuele\\.gradle\\caches\\transforms-2\\files-2.1\\da52e0abd62c4b4fdf635b9f1534cce3\\matisse-0.5.2-beta4\\jars\\classes.jar;C:\\Users\\Emanuele\\.gradle\\caches\\transforms-2\\files-2.1\\fa54b75fd3ca8dcd347227168e2bb359\\library-1.4.2\\jars\\classes.jar;C:\\Users\\Emanuele\\.gradle\\caches\\transforms-2\\files-2.1\\2f076f60f4de0bb3727f48fd42425706\\appcompat-v7-28.0.0\\jars\\classes.jar;C:\\Users\\Emanuele\\.gradle
Launcher Type: SUN_STANDARD

[Global flags]
     intx CICompilerCount                          = 3                                         {product} {ergonomic}
     uint ConcGCThreads                            = 2                                         {product} {ergonomic}
     uint G1ConcRefinementThreads                  = 6                                         {product} {ergonomic}
   size_t G1HeapRegionSize                         = 1048576                                   {product} {ergonomic}
    uintx GCDrainStackTargetSize                   = 64                                        {product} {ergonomic}
   size_t InitialHeapSize                          = 268435456                                 {product} {ergonomic}
   size_t MarkStackSize                            = 4194304                                   {product} {ergonomic}
   size_t MaxHeapSize                              = 536870912                                 {product} {command line}
   size_t MaxNewSize                               = 321912832                                 {product} {ergonomic}
   size_t MinHeapDeltaBytes                        = 1048576                                   {product} {ergonomic}
    uintx NonNMethodCodeHeapSize                   = 5830732                                {pd product} {ergonomic}
    uintx NonProfiledCodeHeapSize                  = 122913754                              {pd product} {ergonomic}
    uintx ProfiledCodeHeapSize                     = 122913754                              {pd product} {ergonomic}
    uintx ReservedCodeCacheSize                    = 251658240                              {pd product} {ergonomic}
     bool SegmentedCodeCache                       = true                                      {product} {ergonomic}
     bool UseCompressedClassPointers               = true                                 {lp64_product} {ergonomic}
     bool UseCompressedOops                        = true                                 {lp64_product} {ergonomic}
     bool UseG1GC                                  = true                                      {product} {ergonomic}
     bool UseLargePagesIndividualAllocation        = false                                  {pd product} {ergonomic}

Logging:
Log output configuration:
 #0: stdout all=warning uptime,level,tags
 #1: stderr all=off uptime,level,tags

Environment Variables:
PATH=C:\Program Files\Common Files\Oracle\Java\javapath;C:\Program Files (x86)\Common Files\Oracle\Java\javapath;C:\Windows\system32;C:\Windows;C:\Windows\System32\Wbem;C:\Windows\System32\WindowsPowerShell\v1.0\;C:\Windows\System32\OpenSSH\;C:\Program Files\NVIDIA Corporation\NVIDIA NvDLISR;C:\Program Files (x86)\NVIDIA Corporation\PhysX\Common;C:\Program Files\dotnet\;C:\Program Files\Git\cmd;C:\Users\Emanuele\AppData\Local\Microsoft\WindowsApps;C:\Users\Emanuele\AppData\Local\GitHubDesktop\bin
USERNAME=Emanuele
OS=Windows_NT
PROCESSOR_IDENTIFIER=Intel64 Family 6 Model 158 Stepping 12, GenuineIntel



---------------  S Y S T E M  ---------------

OS: Windows 10 , 64 bit Build 19041 (10.0.19041.1466)
OS uptime: 0 days 2:02 hours

CPU:total 6 (initial active 6) (6 cores per cpu, 1 threads per core) family 6 model 158 stepping 12 microcode 0xae, cmov, cx8, fxsr, mmx, sse, sse2, sse3, ssse3, sse4.1, sse4.2, popcnt, avx, avx2, aes, clmul, erms, rtm, 3dnowpref, lzcnt, tsc, tscinvbit, bmi1, bmi2, adx, fma

Memory: 4k page, system-wide physical 16316M (9267M free)
TotalPageFile size 18748M (AvailPageFile size 10284M)
current process WorkingSet (physical memory assigned to process): 217M, peak: 217M
current process commit charge ("private bytes"): 429M, peak: 433M

vm_info: OpenJDK 64-Bit Server VM (11.0.11+9-b60-7590822) for windows-amd64 JRE (11.0.11+9-b60-7590822), built on Jul 29 2021 21:43:44 by "builder" with MS VC++ 14.0 (VS2015)

END.
