#
# A fatal error has been detected by the Java Runtime Environment:
#
#  EXCEPTION_ACCESS_VIOLATION (0xc0000005) at pc=0x00007ff8c68d8ed0, pid=9376, tid=2988
#
# JRE version: OpenJDK Runtime Environment (11.0.11+9) (build 11.0.11+9-b60-7590822)
# Java VM: OpenJDK 64-Bit Server VM (11.0.11+9-b60-7590822, mixed mode, tiered, compressed oops, g1 gc, windows-amd64)
# Problematic frame:
# V  [jvm.dll+0x358ed0]
#
# No core dump will be written. Minidumps are not enabled by default on client versions of Windows
#
# If you would like to submit a bug report, please visit:
#   https://bugreport.java.com/bugreport/crash.jsp
#

---------------  S U M M A R Y ------------

Command Line: -Djava.awt.headless=true -Dorg.gradle.native=false -javaagent:C:\Users\Emanuele\AppData\Local\Google\AndroidStudio2021.1\testAgent\intellij-coverage-agent-1.0.579.jar=C:\Users\Emanuele\AppData\Local\Temp\coverage6561args -javaagent:build/tmp/expandedArchives/org.jacoco.agent-0.8.3.jar_4b57cf550318c2dfec984d52b9993337/jacocoagent.jar=destfile=build/jacoco/testDebugUnitTest.exec,append=true,inclnolocationclasses=false,dumponexit=true,output=file,jmx=false -Xmx512m -Dfile.encoding=windows-1252 -Duser.country=IT -Duser.language=it -Duser.variant -ea worker.org.gradle.process.internal.worker.GradleWorkerMain 'Gradle Test Executor 146'

Host: Intel(R) Core(TM) i5-9600K CPU @ 3.70GHz, 6 cores, 15G,  Windows 10 , 64 bit Build 19041 (10.0.19041.1466)
Time: Tue Feb  8 20:54:12 2022 ora solare Europa occidentale elapsed time: 3.803190 seconds (0d 0h 0m 3s)

---------------  T H R E A D  ---------------

Current thread (0x0000027469545000):  JavaThread "C2 CompilerThread1" daemon [_thread_in_native, id=2988, stack(0x000000f6aac00000,0x000000f6aad00000)]


Current CompileTask:
C2:   3803 3407       4       org.jetbrains.coverage.org.objectweb.asm.ClassReader::readCode (5089 bytes)

Stack: [0x000000f6aac00000,0x000000f6aad00000],  sp=0x000000f6aacfb8d0,  free space=1006k
Native frames: (J=compiled Java code, j=interpreted, Vv=VM code, C=native code)
V  [jvm.dll+0x358ed0]
V  [jvm.dll+0x353c90]
V  [jvm.dll+0x352296]
V  [jvm.dll+0x1987a2]
V  [jvm.dll+0x1fc2ee]
V  [jvm.dll+0x1fb3d4]
V  [jvm.dll+0x183d6c]
V  [jvm.dll+0x209a57]
V  [jvm.dll+0x2082a1]
V  [jvm.dll+0x6ef58f]
V  [jvm.dll+0x6e80b5]
V  [jvm.dll+0x5f1036]
C  [ucrtbase.dll+0x21bb2]
C  [KERNEL32.DLL+0x17034]
C  [ntdll.dll+0x52651]


siginfo: EXCEPTION_ACCESS_VIOLATION (0xc0000005), reading address 0xffffffffffffffff


Register to memory mapping:

RIP=0x00007ff8c68d8ed0 jvm.dll
RAX=0x00017ff8c6f7cf18 is an unknown value
RBX=0x0000000000000028 is an unknown value
RCX=0x0000000000000002 is an unknown value
RDX=0x0 is NULL
RSP=0x000000f6aacfb8d0 is pointing into the stack for thread: 0x0000027469545000
RBP=0x0000000000000008 is an unknown value
RSI=0x00007ff8c6f7cf18 jvm.dll
RDI=0x0000027469208750 points into unknown readable memory: 0x0000027468d1cd30 | 30 cd d1 68 74 02 00 00
R8 =0x00000274716ddcd0 points into unknown readable memory: 0x0000000000000007 | 07 00 00 00 00 00 00 00
R9 =0x000000f6aacfb920 is pointing into the stack for thread: 0x0000027469545000
R10=0x0000000000000005 is an unknown value
R11=0x000000f6aacfb960 is pointing into the stack for thread: 0x0000027469545000
R12=0x00000000000003d8 is an unknown value
R13=0x0000000000000008 is an unknown value
R14=0x00007ff8c6580000 jvm.dll
R15=0x000002746a459960 points into unknown readable memory: 0x00000274714e4040 | 40 40 4e 71 74 02 00 00


Registers:
RAX=0x00017ff8c6f7cf18, RBX=0x0000000000000028, RCX=0x0000000000000002, RDX=0x0000000000000000
RSP=0x000000f6aacfb8d0, RBP=0x0000000000000008, RSI=0x00007ff8c6f7cf18, RDI=0x0000027469208750
R8 =0x00000274716ddcd0, R9 =0x000000f6aacfb920, R10=0x0000000000000005, R11=0x000000f6aacfb960
R12=0x00000000000003d8, R13=0x0000000000000008, R14=0x00007ff8c6580000, R15=0x000002746a459960
RIP=0x00007ff8c68d8ed0, EFLAGS=0x0000000000010246

Top of Stack: (sp=0x000000f6aacfb8d0)
0x000000f6aacfb8d0:   000000000000003c 00007ff8c6a6cbc2
0x000000f6aacfb8e0:   0000000000003b95 00007ff8c68d8fc8
0x000000f6aacfb8f0:   0000000000000000 00007ff8c68d3c90
0x000000f6aacfb900:   0000000000000001 0000000000001000
0x000000f6aacfb910:   000000f6aacfba60 00007ff8c68d2360
0x000000f6aacfb920:   0000000000000000 000000f600000008
0x000000f6aacfb930:   00017ff8c6f7cf18 00007ff800000000
0x000000f6aacfb940:   000002746d181340 000002740000003c
0x000000f6aacfb950:   00000274716ddcd0 0000000000000001
0x000000f6aacfb960:   000002746a459970 00007ff8c68d2296
0x000000f6aacfb970:   0000000000003294 000000f6aacfbaa0
0x000000f6aacfb980:   000000f6aacfba60 000002747193dcd0
0x000000f6aacfb990:   000000f6aacfbee8 00007ff8c67187a2
0x000000f6aacfb9a0:   0000000000000000 000000f6aacfbe00
0x000000f6aacfb9b0:   00000000000003d8 000002746a459970
0x000000f6aacfb9c0:   0000000000011700 0000000000000000 

Instructions: (pc=0x00007ff8c68d8ed0)
0x00007ff8c68d8dd0:   58 4c 8b 64 24 50 48 8b c3 48 83 c4 20 41 5f 5f
0x00007ff8c68d8de0:   5e 5d 5b c3 cc cc cc cc cc cc cc cc cc cc cc cc
0x00007ff8c68d8df0:   83 3a 00 4c 8b c2 c7 41 08 08 00 00 00 75 16 33
0x00007ff8c68d8e00:   d2 c7 41 18 01 00 00 00 89 11 48 8b c1 c7 41 28
0x00007ff8c68d8e10:   01 00 00 00 c3 33 d2 48 89 11 89 51 18 41 8b 80
0x00007ff8c68d8e20:   90 00 00 00 89 41 28 48 89 51 10 49 8b 40 08 48
0x00007ff8c68d8e30:   89 41 20 48 8b c1 4c 89 41 30 c3 cc cc cc cc cc
0x00007ff8c68d8e40:   48 83 ec 28 8b 51 08 4c 8b c9 83 fa 08 73 18 4c
0x00007ff8c68d8e50:   8b 41 10 8b c2 41 83 3c 80 00 0f 85 0d 01 00 00
0x00007ff8c68d8e60:   ff c2 83 fa 08 72 ec 44 8b 51 18 48 89 5c 24 30
0x00007ff8c68d8e70:   48 89 6c 24 38 48 89 74 24 40 48 89 7c 24 20 44
0x00007ff8c68d8e80:   3b 51 28 0f 83 b9 00 00 00 8b 0d ed fb 6d 00 48
0x00007ff8c68d8e90:   8d 35 82 40 6a 00 65 48 8b 04 25 58 00 00 00 bd
0x00007ff8c68d8ea0:   08 00 00 00 48 8d 3c c8 0f 1f 84 00 00 00 00 00
0x00007ff8c68d8eb0:   41 8b c2 48 8d 1c c5 00 00 00 00 49 8b 41 20 48
0x00007ff8c68d8ec0:   8b 04 03 48 3b c6 74 6d 49 89 41 10 33 d2 66 90
0x00007ff8c68d8ed0:   83 38 00 0f 85 c3 00 00 00 ff c2 48 83 c0 04 83
0x00007ff8c68d8ee0:   fa 08 72 ec 4d 8b 59 30 4d 85 db 74 48 49 8b 43
0x00007ff8c68d8ef0:   08 8b d5 48 03 17 4c 8b 04 03 48 8b 02 48 8b 88
0x00007ff8c68d8f00:   d0 04 00 00 48 8b 81 88 00 00 00 48 8b 88 88 08
0x00007ff8c68d8f10:   00 00 49 89 08 48 8b 02 48 8b 88 d0 04 00 00 48
0x00007ff8c68d8f20:   8b 81 88 00 00 00 4c 89 80 88 08 00 00 49 8b 43
0x00007ff8c68d8f30:   08 48 89 34 03 41 ff c2 45 3b 51 28 0f 82 6e ff
0x00007ff8c68d8f40:   ff ff 41 8b 41 28 41 89 41 18 33 c0 41 c7 41 08
0x00007ff8c68d8f50:   08 00 00 00 48 8b 74 24 40 48 8b 6c 24 38 48 8b
0x00007ff8c68d8f60:   5c 24 30 48 8b 7c 24 20 48 83 c4 28 c3 8b 41 18
0x00007ff8c68d8f70:   8d 0c c2 8b c2 c1 e1 05 81 e9 00 01 00 00 41 89
0x00007ff8c68d8f80:   49 04 41 8b 0c 80 8d 42 01 41 89 09 49 8b c9 41
0x00007ff8c68d8f90:   89 41 08 48 83 c4 28 e9 c4 2b e4 ff 42 8d 04 d2
0x00007ff8c68d8fa0:   c1 e0 05 41 89 41 04 49 8b 41 10 8b 0c 90 41 8d
0x00007ff8c68d8fb0:   42 01 41 89 41 18 8d 42 01 41 89 09 49 8b c9 41
0x00007ff8c68d8fc0:   89 41 08 e8 98 2b e4 ff eb 8a cc cc cc cc cc cc 


Stack slot to memory mapping:
stack at sp + 0 slots: 0x000000000000003c is an unknown value
stack at sp + 1 slots: 0x00007ff8c6a6cbc2 jvm.dll
stack at sp + 2 slots: 0x0000000000003b95 is an unknown value
stack at sp + 3 slots: 0x00007ff8c68d8fc8 jvm.dll
stack at sp + 4 slots: 0x0 is NULL
stack at sp + 5 slots: 0x00007ff8c68d3c90 jvm.dll
stack at sp + 6 slots: 0x0000000000000001 is an unknown value
stack at sp + 7 slots: 0x0000000000001000 is an unknown value


---------------  P R O C E S S  ---------------

Threads class SMR info:
_java_thread_list=0x000002746d31cd70, length=14, elements={
0x0000027451cbc800, 0x000002746841b000, 0x000002746841c800, 0x0000027468c98000,
0x0000027468c9a000, 0x0000027468c9d000, 0x0000027468ca0000, 0x0000027468ca1000,
0x0000027468ca4000, 0x0000027468f3b800, 0x0000027469545000, 0x000002746e04c800,
0x000002746cb00000, 0x000002746caf5000
}

Java Threads: ( => current thread )
  0x0000027451cbc800 JavaThread "main" [_thread_blocked, id=2040, stack(0x000000f6a9c00000,0x000000f6a9d00000)]
  0x000002746841b000 JavaThread "Reference Handler" daemon [_thread_blocked, id=9660, stack(0x000000f6aa300000,0x000000f6aa400000)]
  0x000002746841c800 JavaThread "Finalizer" daemon [_thread_blocked, id=9964, stack(0x000000f6aa400000,0x000000f6aa500000)]
  0x0000027468c98000 JavaThread "Signal Dispatcher" daemon [_thread_blocked, id=4048, stack(0x000000f6aa500000,0x000000f6aa600000)]
  0x0000027468c9a000 JavaThread "Attach Listener" daemon [_thread_blocked, id=1772, stack(0x000000f6aa600000,0x000000f6aa700000)]
  0x0000027468c9d000 JavaThread "Service Thread" daemon [_thread_blocked, id=6848, stack(0x000000f6aa700000,0x000000f6aa800000)]
  0x0000027468ca0000 JavaThread "C2 CompilerThread0" daemon [_thread_in_native, id=8152, stack(0x000000f6aa800000,0x000000f6aa900000)]
  0x0000027468ca1000 JavaThread "C1 CompilerThread0" daemon [_thread_blocked, id=5092, stack(0x000000f6aa900000,0x000000f6aaa00000)]
  0x0000027468ca4000 JavaThread "Sweeper thread" daemon [_thread_blocked, id=9944, stack(0x000000f6aaa00000,0x000000f6aab00000)]
  0x0000027468f3b800 JavaThread "Common-Cleaner" daemon [_thread_blocked, id=3648, stack(0x000000f6aab00000,0x000000f6aac00000)]
=>0x0000027469545000 JavaThread "C2 CompilerThread1" daemon [_thread_in_native, id=2988, stack(0x000000f6aac00000,0x000000f6aad00000)]
  0x000002746e04c800 JavaThread "Test worker" [_thread_in_Java, id=10152, stack(0x000000f6ab500000,0x000000f6ab600000)]
  0x000002746cb00000 JavaThread "/127.0.0.1:57152 to /127.0.0.1:57151 workers Thread 2" [_thread_blocked, id=4968, stack(0x000000f6ab600000,0x000000f6ab700000)]
  0x000002746caf5000 JavaThread "/127.0.0.1:57152 to /127.0.0.1:57151 workers Thread 3" [_thread_in_native, id=9444, stack(0x000000f6ab700000,0x000000f6ab800000)]

Other Threads:
  0x0000027468c45800 VMThread "VM Thread" [stack: 0x000000f6aa200000,0x000000f6aa300000] [id=9384]
  0x0000027469635000 WatcherThread [stack: 0x000000f6aad00000,0x000000f6aae00000] [id=9580]
  0x0000027451cd4000 GCTaskThread "GC Thread#0" [stack: 0x000000f6a9d00000,0x000000f6a9e00000] [id=7984]
  0x000002746a9da000 GCTaskThread "GC Thread#1" [stack: 0x000000f6aae00000,0x000000f6aaf00000] [id=4260]
  0x000002746968d800 GCTaskThread "GC Thread#2" [stack: 0x000000f6aaf00000,0x000000f6ab000000] [id=7100]
  0x000002746a369800 GCTaskThread "GC Thread#3" [stack: 0x000000f6ab000000,0x000000f6ab100000] [id=3852]
  0x000002746a438000 GCTaskThread "GC Thread#4" [stack: 0x000000f6ab100000,0x000000f6ab200000] [id=8280]
  0x000002746a80a000 GCTaskThread "GC Thread#5" [stack: 0x000000f6ab200000,0x000000f6ab300000] [id=10080]
  0x0000027451ce7800 ConcurrentGCThread "G1 Main Marker" [stack: 0x000000f6a9e00000,0x000000f6a9f00000] [id=7012]
  0x0000027451ce9800 ConcurrentGCThread "G1 Conc#0" [stack: 0x000000f6a9f00000,0x000000f6aa000000] [id=6552]
  0x000002746cf48800 ConcurrentGCThread "G1 Conc#1" [stack: 0x000000f6ab800000,0x000000f6ab900000] [id=1536]
  0x0000027468276800 ConcurrentGCThread "G1 Refine#0" [stack: 0x000000f6aa000000,0x000000f6aa100000] [id=992]
  0x0000027468e39000 ConcurrentGCThread "G1 Refine#1" [stack: 0x000000f6ab300000,0x000000f6ab400000] [id=1152]
  0x0000027468277000 ConcurrentGCThread "G1 Young RemSet Sampling" [stack: 0x000000f6aa100000,0x000000f6aa200000] [id=9820]

Threads with active compile tasks:
C2 CompilerThread0   3820 3711       4       org.jacoco.agent.rt.internal_1f1cc91.asm.SymbolTable::addConstantMemberReference (258 bytes)
C2 CompilerThread1   3820 3407       4       org.jetbrains.coverage.org.objectweb.asm.ClassReader::readCode (5089 bytes)

VM state:not at safepoint (normal execution)

VM Mutex/Monitor currently owned by a thread: None

Heap address: 0x00000000e0000000, size: 512 MB, Compressed Oops mode: 32-bit
Narrow klass base: 0x0000000000000000, Narrow klass shift: 3
Compressed class space size: 1073741824 Address: 0x0000000100000000

Heap:
 garbage-first heap   total 262144K, used 148084K [0x00000000e0000000, 0x0000000100000000)
  region size 1024K, 137 young (140288K), 9 survivors (9216K)
 Metaspace       used 25319K, capacity 25579K, committed 25600K, reserved 1073152K
  class space    used 2719K, capacity 2803K, committed 2816K, reserved 1048576K
Heap Regions: E=young(eden), S=young(survivor), O=old, HS=humongous(starts), HC=humongous(continues), CS=collection set, F=free, A=archive, TAMS=top-at-mark-start (previous, next)
|   0|0x00000000e0000000, 0x00000000e0100000, 0x00000000e0100000|100%|HS|  |TAMS 0x00000000e0100000, 0x00000000e0000000| Complete 
|   1|0x00000000e0100000, 0x00000000e0200000, 0x00000000e0200000|100%| O|  |TAMS 0x00000000e0200000, 0x00000000e0100000| Untracked 
|   2|0x00000000e0200000, 0x00000000e0300000, 0x00000000e0300000|100%| O|  |TAMS 0x00000000e0300000, 0x00000000e0200000| Untracked 
|   3|0x00000000e0300000, 0x00000000e0400000, 0x00000000e0400000|100%| O|  |TAMS 0x00000000e0400000, 0x00000000e0300000| Untracked 
|   4|0x00000000e0400000, 0x00000000e0500000, 0x00000000e0500000|100%| O|  |TAMS 0x00000000e0500000, 0x00000000e0400000| Untracked 
|   5|0x00000000e0500000, 0x00000000e0600000, 0x00000000e0600000|100%| O|  |TAMS 0x00000000e0600000, 0x00000000e0500000| Untracked 
|   6|0x00000000e0600000, 0x00000000e0700000, 0x00000000e0700000|100%| O|  |TAMS 0x00000000e0700000, 0x00000000e0600000| Untracked 
|   7|0x00000000e0700000, 0x00000000e0800000, 0x00000000e0800000|100%| O|  |TAMS 0x00000000e0800000, 0x00000000e0700000| Untracked 
|   8|0x00000000e0800000, 0x00000000e08d9000, 0x00000000e0900000| 84%| O|  |TAMS 0x00000000e08d9000, 0x00000000e0800000| Untracked 
|   9|0x00000000e0900000, 0x00000000e0900000, 0x00000000e0a00000|  0%| F|  |TAMS 0x00000000e0900000, 0x00000000e0900000| Untracked 
|  10|0x00000000e0a00000, 0x00000000e0a00000, 0x00000000e0b00000|  0%| F|  |TAMS 0x00000000e0a00000, 0x00000000e0a00000| Untracked 
|  11|0x00000000e0b00000, 0x00000000e0b00000, 0x00000000e0c00000|  0%| F|  |TAMS 0x00000000e0b00000, 0x00000000e0b00000| Untracked 
|  12|0x00000000e0c00000, 0x00000000e0c00000, 0x00000000e0d00000|  0%| F|  |TAMS 0x00000000e0c00000, 0x00000000e0c00000| Untracked 
|  13|0x00000000e0d00000, 0x00000000e0d00000, 0x00000000e0e00000|  0%| F|  |TAMS 0x00000000e0d00000, 0x00000000e0d00000| Untracked 
|  14|0x00000000e0e00000, 0x00000000e0e00000, 0x00000000e0f00000|  0%| F|  |TAMS 0x00000000e0e00000, 0x00000000e0e00000| Untracked 
|  15|0x00000000e0f00000, 0x00000000e0f00000, 0x00000000e1000000|  0%| F|  |TAMS 0x00000000e0f00000, 0x00000000e0f00000| Untracked 
|  16|0x00000000e1000000, 0x00000000e1000000, 0x00000000e1100000|  0%| F|  |TAMS 0x00000000e1000000, 0x00000000e1000000| Untracked 
|  17|0x00000000e1100000, 0x00000000e1100000, 0x00000000e1200000|  0%| F|  |TAMS 0x00000000e1100000, 0x00000000e1100000| Untracked 
|  18|0x00000000e1200000, 0x00000000e1200000, 0x00000000e1300000|  0%| F|  |TAMS 0x00000000e1200000, 0x00000000e1200000| Untracked 
|  19|0x00000000e1300000, 0x00000000e1300000, 0x00000000e1400000|  0%| F|  |TAMS 0x00000000e1300000, 0x00000000e1300000| Untracked 
|  20|0x00000000e1400000, 0x00000000e1400000, 0x00000000e1500000|  0%| F|  |TAMS 0x00000000e1400000, 0x00000000e1400000| Untracked 
|  21|0x00000000e1500000, 0x00000000e1500000, 0x00000000e1600000|  0%| F|  |TAMS 0x00000000e1500000, 0x00000000e1500000| Untracked 
|  22|0x00000000e1600000, 0x00000000e1600000, 0x00000000e1700000|  0%| F|  |TAMS 0x00000000e1600000, 0x00000000e1600000| Untracked 
|  23|0x00000000e1700000, 0x00000000e1700000, 0x00000000e1800000|  0%| F|  |TAMS 0x00000000e1700000, 0x00000000e1700000| Untracked 
|  24|0x00000000e1800000, 0x00000000e1800000, 0x00000000e1900000|  0%| F|  |TAMS 0x00000000e1800000, 0x00000000e1800000| Untracked 
|  25|0x00000000e1900000, 0x00000000e1900000, 0x00000000e1a00000|  0%| F|  |TAMS 0x00000000e1900000, 0x00000000e1900000| Untracked 
|  26|0x00000000e1a00000, 0x00000000e1a00000, 0x00000000e1b00000|  0%| F|  |TAMS 0x00000000e1a00000, 0x00000000e1a00000| Untracked 
|  27|0x00000000e1b00000, 0x00000000e1b00000, 0x00000000e1c00000|  0%| F|  |TAMS 0x00000000e1b00000, 0x00000000e1b00000| Untracked 
|  28|0x00000000e1c00000, 0x00000000e1c00000, 0x00000000e1d00000|  0%| F|  |TAMS 0x00000000e1c00000, 0x00000000e1c00000| Untracked 
|  29|0x00000000e1d00000, 0x00000000e1d00000, 0x00000000e1e00000|  0%| F|  |TAMS 0x00000000e1d00000, 0x00000000e1d00000| Untracked 
|  30|0x00000000e1e00000, 0x00000000e1e00000, 0x00000000e1f00000|  0%| F|  |TAMS 0x00000000e1e00000, 0x00000000e1e00000| Untracked 
|  31|0x00000000e1f00000, 0x00000000e1f00000, 0x00000000e2000000|  0%| F|  |TAMS 0x00000000e1f00000, 0x00000000e1f00000| Untracked 
|  32|0x00000000e2000000, 0x00000000e2000000, 0x00000000e2100000|  0%| F|  |TAMS 0x00000000e2000000, 0x00000000e2000000| Untracked 
|  33|0x00000000e2100000, 0x00000000e2100000, 0x00000000e2200000|  0%| F|  |TAMS 0x00000000e2100000, 0x00000000e2100000| Untracked 
|  34|0x00000000e2200000, 0x00000000e2200000, 0x00000000e2300000|  0%| F|  |TAMS 0x00000000e2200000, 0x00000000e2200000| Untracked 
|  35|0x00000000e2300000, 0x00000000e2300000, 0x00000000e2400000|  0%| F|  |TAMS 0x00000000e2300000, 0x00000000e2300000| Untracked 
|  36|0x00000000e2400000, 0x00000000e2400000, 0x00000000e2500000|  0%| F|  |TAMS 0x00000000e2400000, 0x00000000e2400000| Untracked 
|  37|0x00000000e2500000, 0x00000000e2500000, 0x00000000e2600000|  0%| F|  |TAMS 0x00000000e2500000, 0x00000000e2500000| Untracked 
|  38|0x00000000e2600000, 0x00000000e2600000, 0x00000000e2700000|  0%| F|  |TAMS 0x00000000e2600000, 0x00000000e2600000| Untracked 
|  39|0x00000000e2700000, 0x00000000e2700000, 0x00000000e2800000|  0%| F|  |TAMS 0x00000000e2700000, 0x00000000e2700000| Untracked 
|  40|0x00000000e2800000, 0x00000000e2800000, 0x00000000e2900000|  0%| F|  |TAMS 0x00000000e2800000, 0x00000000e2800000| Untracked 
|  41|0x00000000e2900000, 0x00000000e2900000, 0x00000000e2a00000|  0%| F|  |TAMS 0x00000000e2900000, 0x00000000e2900000| Untracked 
|  42|0x00000000e2a00000, 0x00000000e2a00000, 0x00000000e2b00000|  0%| F|  |TAMS 0x00000000e2a00000, 0x00000000e2a00000| Untracked 
|  43|0x00000000e2b00000, 0x00000000e2b00000, 0x00000000e2c00000|  0%| F|  |TAMS 0x00000000e2b00000, 0x00000000e2b00000| Untracked 
|  44|0x00000000e2c00000, 0x00000000e2c00000, 0x00000000e2d00000|  0%| F|  |TAMS 0x00000000e2c00000, 0x00000000e2c00000| Untracked 
|  45|0x00000000e2d00000, 0x00000000e2d00000, 0x00000000e2e00000|  0%| F|  |TAMS 0x00000000e2d00000, 0x00000000e2d00000| Untracked 
|  46|0x00000000e2e00000, 0x00000000e2e00000, 0x00000000e2f00000|  0%| F|  |TAMS 0x00000000e2e00000, 0x00000000e2e00000| Untracked 
|  47|0x00000000e2f00000, 0x00000000e2f00000, 0x00000000e3000000|  0%| F|  |TAMS 0x00000000e2f00000, 0x00000000e2f00000| Untracked 
|  48|0x00000000e3000000, 0x00000000e3000000, 0x00000000e3100000|  0%| F|  |TAMS 0x00000000e3000000, 0x00000000e3000000| Untracked 
|  49|0x00000000e3100000, 0x00000000e3100000, 0x00000000e3200000|  0%| F|  |TAMS 0x00000000e3100000, 0x00000000e3100000| Untracked 
|  50|0x00000000e3200000, 0x00000000e3200000, 0x00000000e3300000|  0%| F|  |TAMS 0x00000000e3200000, 0x00000000e3200000| Untracked 
|  51|0x00000000e3300000, 0x00000000e3300000, 0x00000000e3400000|  0%| F|  |TAMS 0x00000000e3300000, 0x00000000e3300000| Untracked 
|  52|0x00000000e3400000, 0x00000000e3400000, 0x00000000e3500000|  0%| F|  |TAMS 0x00000000e3400000, 0x00000000e3400000| Untracked 
|  53|0x00000000e3500000, 0x00000000e3500000, 0x00000000e3600000|  0%| F|  |TAMS 0x00000000e3500000, 0x00000000e3500000| Untracked 
|  54|0x00000000e3600000, 0x00000000e3600000, 0x00000000e3700000|  0%| F|  |TAMS 0x00000000e3600000, 0x00000000e3600000| Untracked 
|  55|0x00000000e3700000, 0x00000000e3700000, 0x00000000e3800000|  0%| F|  |TAMS 0x00000000e3700000, 0x00000000e3700000| Untracked 
|  56|0x00000000e3800000, 0x00000000e3800000, 0x00000000e3900000|  0%| F|  |TAMS 0x00000000e3800000, 0x00000000e3800000| Untracked 
|  57|0x00000000e3900000, 0x00000000e3900000, 0x00000000e3a00000|  0%| F|  |TAMS 0x00000000e3900000, 0x00000000e3900000| Untracked 
|  58|0x00000000e3a00000, 0x00000000e3a00000, 0x00000000e3b00000|  0%| F|  |TAMS 0x00000000e3a00000, 0x00000000e3a00000| Untracked 
|  59|0x00000000e3b00000, 0x00000000e3b00000, 0x00000000e3c00000|  0%| F|  |TAMS 0x00000000e3b00000, 0x00000000e3b00000| Untracked 
|  60|0x00000000e3c00000, 0x00000000e3c00000, 0x00000000e3d00000|  0%| F|  |TAMS 0x00000000e3c00000, 0x00000000e3c00000| Untracked 
|  61|0x00000000e3d00000, 0x00000000e3d00000, 0x00000000e3e00000|  0%| F|  |TAMS 0x00000000e3d00000, 0x00000000e3d00000| Untracked 
|  62|0x00000000e3e00000, 0x00000000e3e00000, 0x00000000e3f00000|  0%| F|  |TAMS 0x00000000e3e00000, 0x00000000e3e00000| Untracked 
|  63|0x00000000e3f00000, 0x00000000e3f00000, 0x00000000e4000000|  0%| F|  |TAMS 0x00000000e3f00000, 0x00000000e3f00000| Untracked 
|  64|0x00000000e4000000, 0x00000000e4000000, 0x00000000e4100000|  0%| F|  |TAMS 0x00000000e4000000, 0x00000000e4000000| Untracked 
|  65|0x00000000e4100000, 0x00000000e4100000, 0x00000000e4200000|  0%| F|  |TAMS 0x00000000e4100000, 0x00000000e4100000| Untracked 
|  66|0x00000000e4200000, 0x00000000e4200000, 0x00000000e4300000|  0%| F|  |TAMS 0x00000000e4200000, 0x00000000e4200000| Untracked 
|  67|0x00000000e4300000, 0x00000000e4300000, 0x00000000e4400000|  0%| F|  |TAMS 0x00000000e4300000, 0x00000000e4300000| Untracked 
|  68|0x00000000e4400000, 0x00000000e4400000, 0x00000000e4500000|  0%| F|  |TAMS 0x00000000e4400000, 0x00000000e4400000| Untracked 
|  69|0x00000000e4500000, 0x00000000e4500000, 0x00000000e4600000|  0%| F|  |TAMS 0x00000000e4500000, 0x00000000e4500000| Untracked 
|  70|0x00000000e4600000, 0x00000000e4600000, 0x00000000e4700000|  0%| F|  |TAMS 0x00000000e4600000, 0x00000000e4600000| Untracked 
|  71|0x00000000e4700000, 0x00000000e4700000, 0x00000000e4800000|  0%| F|  |TAMS 0x00000000e4700000, 0x00000000e4700000| Untracked 
|  72|0x00000000e4800000, 0x00000000e4800000, 0x00000000e4900000|  0%| F|  |TAMS 0x00000000e4800000, 0x00000000e4800000| Untracked 
|  73|0x00000000e4900000, 0x00000000e4900000, 0x00000000e4a00000|  0%| F|  |TAMS 0x00000000e4900000, 0x00000000e4900000| Untracked 
|  74|0x00000000e4a00000, 0x00000000e4a00000, 0x00000000e4b00000|  0%| F|  |TAMS 0x00000000e4a00000, 0x00000000e4a00000| Untracked 
|  75|0x00000000e4b00000, 0x00000000e4b00000, 0x00000000e4c00000|  0%| F|  |TAMS 0x00000000e4b00000, 0x00000000e4b00000| Untracked 
|  76|0x00000000e4c00000, 0x00000000e4c00000, 0x00000000e4d00000|  0%| F|  |TAMS 0x00000000e4c00000, 0x00000000e4c00000| Untracked 
|  77|0x00000000e4d00000, 0x00000000e4d00000, 0x00000000e4e00000|  0%| F|  |TAMS 0x00000000e4d00000, 0x00000000e4d00000| Untracked 
|  78|0x00000000e4e00000, 0x00000000e4e00000, 0x00000000e4f00000|  0%| F|  |TAMS 0x00000000e4e00000, 0x00000000e4e00000| Untracked 
|  79|0x00000000e4f00000, 0x00000000e4f00000, 0x00000000e5000000|  0%| F|  |TAMS 0x00000000e4f00000, 0x00000000e4f00000| Untracked 
|  80|0x00000000e5000000, 0x00000000e5000000, 0x00000000e5100000|  0%| F|  |TAMS 0x00000000e5000000, 0x00000000e5000000| Untracked 
|  81|0x00000000e5100000, 0x00000000e5100000, 0x00000000e5200000|  0%| F|  |TAMS 0x00000000e5100000, 0x00000000e5100000| Untracked 
|  82|0x00000000e5200000, 0x00000000e5200000, 0x00000000e5300000|  0%| F|  |TAMS 0x00000000e5200000, 0x00000000e5200000| Untracked 
|  83|0x00000000e5300000, 0x00000000e5300000, 0x00000000e5400000|  0%| F|  |TAMS 0x00000000e5300000, 0x00000000e5300000| Untracked 
|  84|0x00000000e5400000, 0x00000000e5400000, 0x00000000e5500000|  0%| F|  |TAMS 0x00000000e5400000, 0x00000000e5400000| Untracked 
|  85|0x00000000e5500000, 0x00000000e5500000, 0x00000000e5600000|  0%| F|  |TAMS 0x00000000e5500000, 0x00000000e5500000| Untracked 
|  86|0x00000000e5600000, 0x00000000e5600000, 0x00000000e5700000|  0%| F|  |TAMS 0x00000000e5600000, 0x00000000e5600000| Untracked 
|  87|0x00000000e5700000, 0x00000000e5700000, 0x00000000e5800000|  0%| F|  |TAMS 0x00000000e5700000, 0x00000000e5700000| Untracked 
|  88|0x00000000e5800000, 0x00000000e5800000, 0x00000000e5900000|  0%| F|  |TAMS 0x00000000e5800000, 0x00000000e5800000| Untracked 
|  89|0x00000000e5900000, 0x00000000e5900000, 0x00000000e5a00000|  0%| F|  |TAMS 0x00000000e5900000, 0x00000000e5900000| Untracked 
|  90|0x00000000e5a00000, 0x00000000e5a00000, 0x00000000e5b00000|  0%| F|  |TAMS 0x00000000e5a00000, 0x00000000e5a00000| Untracked 
|  91|0x00000000e5b00000, 0x00000000e5b00000, 0x00000000e5c00000|  0%| F|  |TAMS 0x00000000e5b00000, 0x00000000e5b00000| Untracked 
|  92|0x00000000e5c00000, 0x00000000e5c00000, 0x00000000e5d00000|  0%| F|  |TAMS 0x00000000e5c00000, 0x00000000e5c00000| Untracked 
|  93|0x00000000e5d00000, 0x00000000e5d00000, 0x00000000e5e00000|  0%| F|  |TAMS 0x00000000e5d00000, 0x00000000e5d00000| Untracked 
|  94|0x00000000e5e00000, 0x00000000e5e00000, 0x00000000e5f00000|  0%| F|  |TAMS 0x00000000e5e00000, 0x00000000e5e00000| Untracked 
|  95|0x00000000e5f00000, 0x00000000e5f00000, 0x00000000e6000000|  0%| F|  |TAMS 0x00000000e5f00000, 0x00000000e5f00000| Untracked 
|  96|0x00000000e6000000, 0x00000000e6000000, 0x00000000e6100000|  0%| F|  |TAMS 0x00000000e6000000, 0x00000000e6000000| Untracked 
|  97|0x00000000e6100000, 0x00000000e6100000, 0x00000000e6200000|  0%| F|  |TAMS 0x00000000e6100000, 0x00000000e6100000| Untracked 
|  98|0x00000000e6200000, 0x00000000e6200000, 0x00000000e6300000|  0%| F|  |TAMS 0x00000000e6200000, 0x00000000e6200000| Untracked 
|  99|0x00000000e6300000, 0x00000000e6300000, 0x00000000e6400000|  0%| F|  |TAMS 0x00000000e6300000, 0x00000000e6300000| Untracked 
| 100|0x00000000e6400000, 0x00000000e6400000, 0x00000000e6500000|  0%| F|  |TAMS 0x00000000e6400000, 0x00000000e6400000| Untracked 
| 101|0x00000000e6500000, 0x00000000e6500000, 0x00000000e6600000|  0%| F|  |TAMS 0x00000000e6500000, 0x00000000e6500000| Untracked 
| 102|0x00000000e6600000, 0x00000000e6600000, 0x00000000e6700000|  0%| F|  |TAMS 0x00000000e6600000, 0x00000000e6600000| Untracked 
| 103|0x00000000e6700000, 0x00000000e6700000, 0x00000000e6800000|  0%| F|  |TAMS 0x00000000e6700000, 0x00000000e6700000| Untracked 
| 104|0x00000000e6800000, 0x00000000e6800000, 0x00000000e6900000|  0%| F|  |TAMS 0x00000000e6800000, 0x00000000e6800000| Untracked 
| 105|0x00000000e6900000, 0x00000000e6900000, 0x00000000e6a00000|  0%| F|  |TAMS 0x00000000e6900000, 0x00000000e6900000| Untracked 
| 106|0x00000000e6a00000, 0x00000000e6a00000, 0x00000000e6b00000|  0%| F|  |TAMS 0x00000000e6a00000, 0x00000000e6a00000| Untracked 
| 107|0x00000000e6b00000, 0x00000000e6b00000, 0x00000000e6c00000|  0%| F|  |TAMS 0x00000000e6b00000, 0x00000000e6b00000| Untracked 
| 108|0x00000000e6c00000, 0x00000000e6c00000, 0x00000000e6d00000|  0%| F|  |TAMS 0x00000000e6c00000, 0x00000000e6c00000| Untracked 
| 109|0x00000000e6d00000, 0x00000000e6d00000, 0x00000000e6e00000|  0%| F|  |TAMS 0x00000000e6d00000, 0x00000000e6d00000| Untracked 
| 110|0x00000000e6e00000, 0x00000000e6e00000, 0x00000000e6f00000|  0%| F|  |TAMS 0x00000000e6e00000, 0x00000000e6e00000| Untracked 
| 111|0x00000000e6f00000, 0x00000000e6f00000, 0x00000000e7000000|  0%| F|  |TAMS 0x00000000e6f00000, 0x00000000e6f00000| Untracked 
| 112|0x00000000e7000000, 0x00000000e7000000, 0x00000000e7100000|  0%| F|  |TAMS 0x00000000e7000000, 0x00000000e7000000| Untracked 
| 113|0x00000000e7100000, 0x00000000e7100000, 0x00000000e7200000|  0%| F|  |TAMS 0x00000000e7100000, 0x00000000e7100000| Untracked 
| 114|0x00000000e7200000, 0x00000000e7200000, 0x00000000e7300000|  0%| F|  |TAMS 0x00000000e7200000, 0x00000000e7200000| Untracked 
| 115|0x00000000e7300000, 0x00000000e7300000, 0x00000000e7400000|  0%| F|  |TAMS 0x00000000e7300000, 0x00000000e7300000| Untracked 
| 116|0x00000000e7400000, 0x00000000e7400000, 0x00000000e7500000|  0%| F|  |TAMS 0x00000000e7400000, 0x00000000e7400000| Untracked 
| 117|0x00000000e7500000, 0x00000000e7500000, 0x00000000e7600000|  0%| F|  |TAMS 0x00000000e7500000, 0x00000000e7500000| Untracked 
| 118|0x00000000e7600000, 0x00000000e7600000, 0x00000000e7700000|  0%| F|  |TAMS 0x00000000e7600000, 0x00000000e7600000| Untracked 
| 119|0x00000000e7700000, 0x00000000e7780800, 0x00000000e7800000| 50%| E|  |TAMS 0x00000000e7700000, 0x00000000e7700000| Complete 
| 120|0x00000000e7800000, 0x00000000e7900000, 0x00000000e7900000|100%| E|CS|TAMS 0x00000000e7800000, 0x00000000e7800000| Complete 
| 121|0x00000000e7900000, 0x00000000e7a00000, 0x00000000e7a00000|100%| E|CS|TAMS 0x00000000e7900000, 0x00000000e7900000| Complete 
| 122|0x00000000e7a00000, 0x00000000e7b00000, 0x00000000e7b00000|100%| E|CS|TAMS 0x00000000e7a00000, 0x00000000e7a00000| Complete 
| 123|0x00000000e7b00000, 0x00000000e7c00000, 0x00000000e7c00000|100%| E|CS|TAMS 0x00000000e7b00000, 0x00000000e7b00000| Complete 
| 124|0x00000000e7c00000, 0x00000000e7d00000, 0x00000000e7d00000|100%| E|CS|TAMS 0x00000000e7c00000, 0x00000000e7c00000| Complete 
| 125|0x00000000e7d00000, 0x00000000e7e00000, 0x00000000e7e00000|100%| E|CS|TAMS 0x00000000e7d00000, 0x00000000e7d00000| Complete 
| 126|0x00000000e7e00000, 0x00000000e7f00000, 0x00000000e7f00000|100%| E|CS|TAMS 0x00000000e7e00000, 0x00000000e7e00000| Complete 
| 127|0x00000000e7f00000, 0x00000000e8000000, 0x00000000e8000000|100%| E|CS|TAMS 0x00000000e7f00000, 0x00000000e7f00000| Complete 
| 128|0x00000000e8000000, 0x00000000e8100000, 0x00000000e8100000|100%| E|CS|TAMS 0x00000000e8000000, 0x00000000e8000000| Complete 
| 129|0x00000000e8100000, 0x00000000e8200000, 0x00000000e8200000|100%| E|CS|TAMS 0x00000000e8100000, 0x00000000e8100000| Complete 
| 130|0x00000000e8200000, 0x00000000e8300000, 0x00000000e8300000|100%| E|CS|TAMS 0x00000000e8200000, 0x00000000e8200000| Complete 
| 131|0x00000000e8300000, 0x00000000e8400000, 0x00000000e8400000|100%| E|CS|TAMS 0x00000000e8300000, 0x00000000e8300000| Complete 
| 132|0x00000000e8400000, 0x00000000e8500000, 0x00000000e8500000|100%| E|CS|TAMS 0x00000000e8400000, 0x00000000e8400000| Complete 
| 133|0x00000000e8500000, 0x00000000e8600000, 0x00000000e8600000|100%| E|CS|TAMS 0x00000000e8500000, 0x00000000e8500000| Complete 
| 134|0x00000000e8600000, 0x00000000e8700000, 0x00000000e8700000|100%| E|CS|TAMS 0x00000000e8600000, 0x00000000e8600000| Complete 
| 135|0x00000000e8700000, 0x00000000e8800000, 0x00000000e8800000|100%| E|CS|TAMS 0x00000000e8700000, 0x00000000e8700000| Complete 
| 136|0x00000000e8800000, 0x00000000e8900000, 0x00000000e8900000|100%| E|CS|TAMS 0x00000000e8800000, 0x00000000e8800000| Complete 
| 137|0x00000000e8900000, 0x00000000e8a00000, 0x00000000e8a00000|100%| E|CS|TAMS 0x00000000e8900000, 0x00000000e8900000| Complete 
| 138|0x00000000e8a00000, 0x00000000e8b00000, 0x00000000e8b00000|100%| E|CS|TAMS 0x00000000e8a00000, 0x00000000e8a00000| Complete 
| 139|0x00000000e8b00000, 0x00000000e8c00000, 0x00000000e8c00000|100%| E|CS|TAMS 0x00000000e8b00000, 0x00000000e8b00000| Complete 
| 140|0x00000000e8c00000, 0x00000000e8d00000, 0x00000000e8d00000|100%| E|CS|TAMS 0x00000000e8c00000, 0x00000000e8c00000| Complete 
| 141|0x00000000e8d00000, 0x00000000e8e00000, 0x00000000e8e00000|100%| E|CS|TAMS 0x00000000e8d00000, 0x00000000e8d00000| Complete 
| 142|0x00000000e8e00000, 0x00000000e8f00000, 0x00000000e8f00000|100%| E|CS|TAMS 0x00000000e8e00000, 0x00000000e8e00000| Complete 
| 143|0x00000000e8f00000, 0x00000000e9000000, 0x00000000e9000000|100%| E|CS|TAMS 0x00000000e8f00000, 0x00000000e8f00000| Complete 
| 144|0x00000000e9000000, 0x00000000e9100000, 0x00000000e9100000|100%| E|CS|TAMS 0x00000000e9000000, 0x00000000e9000000| Complete 
| 145|0x00000000e9100000, 0x00000000e9200000, 0x00000000e9200000|100%| E|CS|TAMS 0x00000000e9100000, 0x00000000e9100000| Complete 
| 146|0x00000000e9200000, 0x00000000e9300000, 0x00000000e9300000|100%| E|CS|TAMS 0x00000000e9200000, 0x00000000e9200000| Complete 
| 147|0x00000000e9300000, 0x00000000e9400000, 0x00000000e9400000|100%| E|CS|TAMS 0x00000000e9300000, 0x00000000e9300000| Complete 
| 148|0x00000000e9400000, 0x00000000e9500000, 0x00000000e9500000|100%| E|CS|TAMS 0x00000000e9400000, 0x00000000e9400000| Complete 
| 149|0x00000000e9500000, 0x00000000e9600000, 0x00000000e9600000|100%| E|CS|TAMS 0x00000000e9500000, 0x00000000e9500000| Complete 
| 150|0x00000000e9600000, 0x00000000e9700000, 0x00000000e9700000|100%| E|CS|TAMS 0x00000000e9600000, 0x00000000e9600000| Complete 
| 151|0x00000000e9700000, 0x00000000e9800000, 0x00000000e9800000|100%| E|CS|TAMS 0x00000000e9700000, 0x00000000e9700000| Complete 
| 152|0x00000000e9800000, 0x00000000e9900000, 0x00000000e9900000|100%| E|CS|TAMS 0x00000000e9800000, 0x00000000e9800000| Complete 
| 153|0x00000000e9900000, 0x00000000e9a00000, 0x00000000e9a00000|100%| E|CS|TAMS 0x00000000e9900000, 0x00000000e9900000| Complete 
| 154|0x00000000e9a00000, 0x00000000e9b00000, 0x00000000e9b00000|100%| E|CS|TAMS 0x00000000e9a00000, 0x00000000e9a00000| Complete 
| 155|0x00000000e9b00000, 0x00000000e9c00000, 0x00000000e9c00000|100%| E|CS|TAMS 0x00000000e9b00000, 0x00000000e9b00000| Complete 
| 156|0x00000000e9c00000, 0x00000000e9d00000, 0x00000000e9d00000|100%| E|CS|TAMS 0x00000000e9c00000, 0x00000000e9c00000| Complete 
| 157|0x00000000e9d00000, 0x00000000e9e00000, 0x00000000e9e00000|100%| E|CS|TAMS 0x00000000e9d00000, 0x00000000e9d00000| Complete 
| 158|0x00000000e9e00000, 0x00000000e9f00000, 0x00000000e9f00000|100%| E|CS|TAMS 0x00000000e9e00000, 0x00000000e9e00000| Complete 
| 159|0x00000000e9f00000, 0x00000000ea000000, 0x00000000ea000000|100%| E|CS|TAMS 0x00000000e9f00000, 0x00000000e9f00000| Complete 
| 160|0x00000000ea000000, 0x00000000ea100000, 0x00000000ea100000|100%| E|CS|TAMS 0x00000000ea000000, 0x00000000ea000000| Complete 
| 161|0x00000000ea100000, 0x00000000ea200000, 0x00000000ea200000|100%| E|CS|TAMS 0x00000000ea100000, 0x00000000ea100000| Complete 
| 162|0x00000000ea200000, 0x00000000ea300000, 0x00000000ea300000|100%| E|CS|TAMS 0x00000000ea200000, 0x00000000ea200000| Complete 
| 163|0x00000000ea300000, 0x00000000ea400000, 0x00000000ea400000|100%| E|CS|TAMS 0x00000000ea300000, 0x00000000ea300000| Complete 
| 164|0x00000000ea400000, 0x00000000ea500000, 0x00000000ea500000|100%| E|CS|TAMS 0x00000000ea400000, 0x00000000ea400000| Complete 
| 165|0x00000000ea500000, 0x00000000ea600000, 0x00000000ea600000|100%| E|CS|TAMS 0x00000000ea500000, 0x00000000ea500000| Complete 
| 166|0x00000000ea600000, 0x00000000ea700000, 0x00000000ea700000|100%| E|CS|TAMS 0x00000000ea600000, 0x00000000ea600000| Complete 
| 167|0x00000000ea700000, 0x00000000ea800000, 0x00000000ea800000|100%| E|CS|TAMS 0x00000000ea700000, 0x00000000ea700000| Complete 
| 168|0x00000000ea800000, 0x00000000ea900000, 0x00000000ea900000|100%| E|CS|TAMS 0x00000000ea800000, 0x00000000ea800000| Complete 
| 169|0x00000000ea900000, 0x00000000eaa00000, 0x00000000eaa00000|100%| E|CS|TAMS 0x00000000ea900000, 0x00000000ea900000| Complete 
| 170|0x00000000eaa00000, 0x00000000eab00000, 0x00000000eab00000|100%| E|CS|TAMS 0x00000000eaa00000, 0x00000000eaa00000| Complete 
| 171|0x00000000eab00000, 0x00000000eac00000, 0x00000000eac00000|100%| E|CS|TAMS 0x00000000eab00000, 0x00000000eab00000| Complete 
| 172|0x00000000eac00000, 0x00000000ead00000, 0x00000000ead00000|100%| E|CS|TAMS 0x00000000eac00000, 0x00000000eac00000| Complete 
| 173|0x00000000ead00000, 0x00000000eae00000, 0x00000000eae00000|100%| E|CS|TAMS 0x00000000ead00000, 0x00000000ead00000| Complete 
| 174|0x00000000eae00000, 0x00000000eaf00000, 0x00000000eaf00000|100%| E|CS|TAMS 0x00000000eae00000, 0x00000000eae00000| Complete 
| 175|0x00000000eaf00000, 0x00000000eb000000, 0x00000000eb000000|100%| E|CS|TAMS 0x00000000eaf00000, 0x00000000eaf00000| Complete 
| 176|0x00000000eb000000, 0x00000000eb100000, 0x00000000eb100000|100%| E|CS|TAMS 0x00000000eb000000, 0x00000000eb000000| Complete 
| 177|0x00000000eb100000, 0x00000000eb200000, 0x00000000eb200000|100%| E|CS|TAMS 0x00000000eb100000, 0x00000000eb100000| Complete 
| 178|0x00000000eb200000, 0x00000000eb2c4330, 0x00000000eb300000| 76%| S|CS|TAMS 0x00000000eb200000, 0x00000000eb200000| Complete 
| 179|0x00000000eb300000, 0x00000000eb400000, 0x00000000eb400000|100%| S|CS|TAMS 0x00000000eb300000, 0x00000000eb300000| Complete 
| 180|0x00000000eb400000, 0x00000000eb500000, 0x00000000eb500000|100%| S|CS|TAMS 0x00000000eb400000, 0x00000000eb400000| Complete 
| 181|0x00000000eb500000, 0x00000000eb600000, 0x00000000eb600000|100%| S|CS|TAMS 0x00000000eb500000, 0x00000000eb500000| Complete 
| 182|0x00000000eb600000, 0x00000000eb700000, 0x00000000eb700000|100%| S|CS|TAMS 0x00000000eb600000, 0x00000000eb600000| Complete 
| 183|0x00000000eb700000, 0x00000000eb800000, 0x00000000eb800000|100%| S|CS|TAMS 0x00000000eb700000, 0x00000000eb700000| Complete 
| 184|0x00000000eb800000, 0x00000000eb900000, 0x00000000eb900000|100%| S|CS|TAMS 0x00000000eb800000, 0x00000000eb800000| Complete 
| 185|0x00000000eb900000, 0x00000000eba00000, 0x00000000eba00000|100%| E|CS|TAMS 0x00000000eb900000, 0x00000000eb900000| Complete 
| 186|0x00000000eba00000, 0x00000000ebb00000, 0x00000000ebb00000|100%| E|CS|TAMS 0x00000000eba00000, 0x00000000eba00000| Complete 
| 187|0x00000000ebb00000, 0x00000000ebc00000, 0x00000000ebc00000|100%| E|CS|TAMS 0x00000000ebb00000, 0x00000000ebb00000| Complete 
| 188|0x00000000ebc00000, 0x00000000ebd00000, 0x00000000ebd00000|100%| E|CS|TAMS 0x00000000ebc00000, 0x00000000ebc00000| Complete 
| 189|0x00000000ebd00000, 0x00000000ebe00000, 0x00000000ebe00000|100%| E|CS|TAMS 0x00000000ebd00000, 0x00000000ebd00000| Complete 
| 190|0x00000000ebe00000, 0x00000000ebf00000, 0x00000000ebf00000|100%| E|CS|TAMS 0x00000000ebe00000, 0x00000000ebe00000| Complete 
| 191|0x00000000ebf00000, 0x00000000ec000000, 0x00000000ec000000|100%| S|CS|TAMS 0x00000000ebf00000, 0x00000000ebf00000| Complete 
| 192|0x00000000ec000000, 0x00000000ec100000, 0x00000000ec100000|100%| S|CS|TAMS 0x00000000ec000000, 0x00000000ec000000| Complete 
| 193|0x00000000ec100000, 0x00000000ec200000, 0x00000000ec200000|100%| E|CS|TAMS 0x00000000ec100000, 0x00000000ec100000| Complete 
| 194|0x00000000ec200000, 0x00000000ec300000, 0x00000000ec300000|100%| E|CS|TAMS 0x00000000ec200000, 0x00000000ec200000| Complete 
| 195|0x00000000ec300000, 0x00000000ec400000, 0x00000000ec400000|100%| E|CS|TAMS 0x00000000ec300000, 0x00000000ec300000| Complete 
| 196|0x00000000ec400000, 0x00000000ec500000, 0x00000000ec500000|100%| E|CS|TAMS 0x00000000ec400000, 0x00000000ec400000| Complete 
| 197|0x00000000ec500000, 0x00000000ec600000, 0x00000000ec600000|100%| E|CS|TAMS 0x00000000ec500000, 0x00000000ec500000| Complete 
| 198|0x00000000ec600000, 0x00000000ec700000, 0x00000000ec700000|100%| E|CS|TAMS 0x00000000ec600000, 0x00000000ec600000| Complete 
| 199|0x00000000ec700000, 0x00000000ec800000, 0x00000000ec800000|100%| E|CS|TAMS 0x00000000ec700000, 0x00000000ec700000| Complete 
| 200|0x00000000ec800000, 0x00000000ec900000, 0x00000000ec900000|100%| E|CS|TAMS 0x00000000ec800000, 0x00000000ec800000| Complete 
| 201|0x00000000ec900000, 0x00000000eca00000, 0x00000000eca00000|100%| E|CS|TAMS 0x00000000ec900000, 0x00000000ec900000| Complete 
| 202|0x00000000eca00000, 0x00000000ecb00000, 0x00000000ecb00000|100%| E|CS|TAMS 0x00000000eca00000, 0x00000000eca00000| Complete 
| 203|0x00000000ecb00000, 0x00000000ecc00000, 0x00000000ecc00000|100%| E|CS|TAMS 0x00000000ecb00000, 0x00000000ecb00000| Complete 
| 204|0x00000000ecc00000, 0x00000000ecd00000, 0x00000000ecd00000|100%| E|CS|TAMS 0x00000000ecc00000, 0x00000000ecc00000| Complete 
| 205|0x00000000ecd00000, 0x00000000ece00000, 0x00000000ece00000|100%| E|CS|TAMS 0x00000000ecd00000, 0x00000000ecd00000| Complete 
| 206|0x00000000ece00000, 0x00000000ecf00000, 0x00000000ecf00000|100%| E|CS|TAMS 0x00000000ece00000, 0x00000000ece00000| Complete 
| 207|0x00000000ecf00000, 0x00000000ed000000, 0x00000000ed000000|100%| E|CS|TAMS 0x00000000ecf00000, 0x00000000ecf00000| Complete 
| 208|0x00000000ed000000, 0x00000000ed100000, 0x00000000ed100000|100%| E|CS|TAMS 0x00000000ed000000, 0x00000000ed000000| Complete 
| 209|0x00000000ed100000, 0x00000000ed200000, 0x00000000ed200000|100%| E|CS|TAMS 0x00000000ed100000, 0x00000000ed100000| Complete 
| 210|0x00000000ed200000, 0x00000000ed300000, 0x00000000ed300000|100%| E|CS|TAMS 0x00000000ed200000, 0x00000000ed200000| Complete 
| 211|0x00000000ed300000, 0x00000000ed400000, 0x00000000ed400000|100%| E|CS|TAMS 0x00000000ed300000, 0x00000000ed300000| Complete 
| 212|0x00000000ed400000, 0x00000000ed500000, 0x00000000ed500000|100%| E|CS|TAMS 0x00000000ed400000, 0x00000000ed400000| Complete 
| 213|0x00000000ed500000, 0x00000000ed600000, 0x00000000ed600000|100%| E|CS|TAMS 0x00000000ed500000, 0x00000000ed500000| Complete 
| 214|0x00000000ed600000, 0x00000000ed700000, 0x00000000ed700000|100%| E|CS|TAMS 0x00000000ed600000, 0x00000000ed600000| Complete 
| 215|0x00000000ed700000, 0x00000000ed800000, 0x00000000ed800000|100%| E|CS|TAMS 0x00000000ed700000, 0x00000000ed700000| Complete 
| 216|0x00000000ed800000, 0x00000000ed900000, 0x00000000ed900000|100%| E|CS|TAMS 0x00000000ed800000, 0x00000000ed800000| Complete 
| 217|0x00000000ed900000, 0x00000000eda00000, 0x00000000eda00000|100%| E|CS|TAMS 0x00000000ed900000, 0x00000000ed900000| Complete 
| 218|0x00000000eda00000, 0x00000000edb00000, 0x00000000edb00000|100%| E|CS|TAMS 0x00000000eda00000, 0x00000000eda00000| Complete 
| 219|0x00000000edb00000, 0x00000000edc00000, 0x00000000edc00000|100%| E|CS|TAMS 0x00000000edb00000, 0x00000000edb00000| Complete 
| 220|0x00000000edc00000, 0x00000000edd00000, 0x00000000edd00000|100%| E|CS|TAMS 0x00000000edc00000, 0x00000000edc00000| Complete 
| 221|0x00000000edd00000, 0x00000000ede00000, 0x00000000ede00000|100%| E|CS|TAMS 0x00000000edd00000, 0x00000000edd00000| Complete 
| 222|0x00000000ede00000, 0x00000000edf00000, 0x00000000edf00000|100%| E|CS|TAMS 0x00000000ede00000, 0x00000000ede00000| Complete 
| 223|0x00000000edf00000, 0x00000000ee000000, 0x00000000ee000000|100%| E|CS|TAMS 0x00000000edf00000, 0x00000000edf00000| Complete 
| 224|0x00000000ee000000, 0x00000000ee100000, 0x00000000ee100000|100%| E|CS|TAMS 0x00000000ee000000, 0x00000000ee000000| Complete 
| 225|0x00000000ee100000, 0x00000000ee200000, 0x00000000ee200000|100%| E|CS|TAMS 0x00000000ee100000, 0x00000000ee100000| Complete 
| 226|0x00000000ee200000, 0x00000000ee300000, 0x00000000ee300000|100%| E|CS|TAMS 0x00000000ee200000, 0x00000000ee200000| Complete 
| 227|0x00000000ee300000, 0x00000000ee400000, 0x00000000ee400000|100%| E|CS|TAMS 0x00000000ee300000, 0x00000000ee300000| Complete 
| 228|0x00000000ee400000, 0x00000000ee500000, 0x00000000ee500000|100%| E|CS|TAMS 0x00000000ee400000, 0x00000000ee400000| Complete 
| 229|0x00000000ee500000, 0x00000000ee600000, 0x00000000ee600000|100%| E|CS|TAMS 0x00000000ee500000, 0x00000000ee500000| Complete 
| 230|0x00000000ee600000, 0x00000000ee700000, 0x00000000ee700000|100%| E|CS|TAMS 0x00000000ee600000, 0x00000000ee600000| Complete 
| 231|0x00000000ee700000, 0x00000000ee800000, 0x00000000ee800000|100%| E|CS|TAMS 0x00000000ee700000, 0x00000000ee700000| Complete 
| 232|0x00000000ee800000, 0x00000000ee900000, 0x00000000ee900000|100%| E|CS|TAMS 0x00000000ee800000, 0x00000000ee800000| Complete 
| 233|0x00000000ee900000, 0x00000000eea00000, 0x00000000eea00000|100%| E|CS|TAMS 0x00000000ee900000, 0x00000000ee900000| Complete 
| 234|0x00000000eea00000, 0x00000000eeb00000, 0x00000000eeb00000|100%| E|CS|TAMS 0x00000000eea00000, 0x00000000eea00000| Complete 
| 235|0x00000000eeb00000, 0x00000000eec00000, 0x00000000eec00000|100%| E|CS|TAMS 0x00000000eeb00000, 0x00000000eeb00000| Complete 
| 236|0x00000000eec00000, 0x00000000eed00000, 0x00000000eed00000|100%| E|CS|TAMS 0x00000000eec00000, 0x00000000eec00000| Complete 
| 237|0x00000000eed00000, 0x00000000eee00000, 0x00000000eee00000|100%| E|CS|TAMS 0x00000000eed00000, 0x00000000eed00000| Complete 
| 238|0x00000000eee00000, 0x00000000eef00000, 0x00000000eef00000|100%| E|CS|TAMS 0x00000000eee00000, 0x00000000eee00000| Complete 
| 239|0x00000000eef00000, 0x00000000ef000000, 0x00000000ef000000|100%| E|CS|TAMS 0x00000000eef00000, 0x00000000eef00000| Complete 
| 240|0x00000000ef000000, 0x00000000ef100000, 0x00000000ef100000|100%| E|CS|TAMS 0x00000000ef000000, 0x00000000ef000000| Complete 
| 241|0x00000000ef100000, 0x00000000ef200000, 0x00000000ef200000|100%| E|CS|TAMS 0x00000000ef100000, 0x00000000ef100000| Complete 
| 242|0x00000000ef200000, 0x00000000ef300000, 0x00000000ef300000|100%| E|CS|TAMS 0x00000000ef200000, 0x00000000ef200000| Complete 
| 243|0x00000000ef300000, 0x00000000ef400000, 0x00000000ef400000|100%| E|CS|TAMS 0x00000000ef300000, 0x00000000ef300000| Complete 
| 244|0x00000000ef400000, 0x00000000ef500000, 0x00000000ef500000|100%| E|CS|TAMS 0x00000000ef400000, 0x00000000ef400000| Complete 
| 245|0x00000000ef500000, 0x00000000ef600000, 0x00000000ef600000|100%| E|CS|TAMS 0x00000000ef500000, 0x00000000ef500000| Complete 
| 246|0x00000000ef600000, 0x00000000ef700000, 0x00000000ef700000|100%| E|CS|TAMS 0x00000000ef600000, 0x00000000ef600000| Complete 
| 247|0x00000000ef700000, 0x00000000ef800000, 0x00000000ef800000|100%| E|CS|TAMS 0x00000000ef700000, 0x00000000ef700000| Complete 
| 248|0x00000000ef800000, 0x00000000ef900000, 0x00000000ef900000|100%| E|CS|TAMS 0x00000000ef800000, 0x00000000ef800000| Complete 
| 249|0x00000000ef900000, 0x00000000efa00000, 0x00000000efa00000|100%| E|CS|TAMS 0x00000000ef900000, 0x00000000ef900000| Complete 
| 250|0x00000000efa00000, 0x00000000efb00000, 0x00000000efb00000|100%| E|CS|TAMS 0x00000000efa00000, 0x00000000efa00000| Complete 
| 251|0x00000000efb00000, 0x00000000efc00000, 0x00000000efc00000|100%| E|CS|TAMS 0x00000000efb00000, 0x00000000efb00000| Complete 
| 252|0x00000000efc00000, 0x00000000efd00000, 0x00000000efd00000|100%| E|CS|TAMS 0x00000000efc00000, 0x00000000efc00000| Complete 
| 253|0x00000000efd00000, 0x00000000efe00000, 0x00000000efe00000|100%| E|CS|TAMS 0x00000000efd00000, 0x00000000efd00000| Complete 
| 254|0x00000000efe00000, 0x00000000eff00000, 0x00000000eff00000|100%| E|CS|TAMS 0x00000000efe00000, 0x00000000efe00000| Complete 
| 255|0x00000000eff00000, 0x00000000f0000000, 0x00000000f0000000|100%| E|CS|TAMS 0x00000000eff00000, 0x00000000eff00000| Complete 

Card table byte_map: [0x00000274649c0000,0x0000027464ac0000] _byte_map_base: 0x00000274642c0000

Marking Bits (Prev, Next): (CMBitMap*) 0x0000027451ce4a40, (CMBitMap*) 0x0000027451ce4a08
 Prev Bits: [0x00000274653c0000, 0x0000027465bc0000)
 Next Bits: [0x0000027464bc0000, 0x00000274653c0000)

Polling page: 0x000002744fbf0000

Metaspace:

Usage:
  Non-class:     22.24 MB capacity,    22.07 MB (>99%) used,   144.80 KB ( <1%) free+waste,    32.06 KB ( <1%) overhead. 
      Class:      2.74 MB capacity,     2.66 MB ( 97%) used,    70.20 KB (  3%) free+waste,    12.88 KB ( <1%) overhead. 
       Both:     24.98 MB capacity,    24.73 MB ( 99%) used,   215.01 KB ( <1%) free+waste,    44.94 KB ( <1%) overhead. 

Virtual space:
  Non-class space:       24.00 MB reserved,      22.25 MB ( 93%) committed 
      Class space:        1.00 GB reserved,       2.75 MB ( <1%) committed 
             Both:        1.02 GB reserved,      25.00 MB (  2%) committed 

Chunk freelists:
   Non-Class:  8.00 KB
       Class:  13.00 KB
        Both:  21.00 KB

MaxMetaspaceSize: 17179869184.00 GB
CompressedClassSpaceSize: 1.00 GB

CodeHeap 'non-profiled nmethods': size=120064Kb used=2393Kb max_used=2393Kb free=117670Kb
 bounds [0x000002745d270000, 0x000002745d4e0000, 0x00000274647b0000]
CodeHeap 'profiled nmethods': size=120000Kb used=24392Kb max_used=24392Kb free=95607Kb
 bounds [0x0000027455d40000, 0x0000027457520000, 0x000002745d270000]
CodeHeap 'non-nmethods': size=5696Kb used=1135Kb max_used=1191Kb free=4560Kb
 bounds [0x00000274557b0000, 0x0000027455a20000, 0x0000027455d40000]
 total_blobs=4520 nmethods=4058 adapters=373
 compilation: enabled
              stopped_count=0, restarted_count=0
 full_count=0

Compilation events (20 events):
Event: 3.793 Thread 0x0000027468ca1000 nmethod 4629 0x00000274574c4610 code [0x00000274574c4820, 0x00000274574c4c18]
Event: 3.793 Thread 0x0000027468ca1000 4632       2       net.bytebuddy.description.method.MethodDescription$AbstractBase::isVirtual (111 bytes)
Event: 3.793 Thread 0x0000027468ca1000 nmethod 4632 0x00000274574c4e90 code [0x00000274574c5120, 0x00000274574c5898]
Event: 3.793 Thread 0x0000027468ca1000 4626       2       net.bytebuddy.implementation.bytecode.assign.primitive.PrimitiveTypeAwareAssigner::$jacocoInit (52 bytes)
Event: 3.793 Thread 0x0000027468ca1000 nmethod 4626 0x00000274574c5d90 code [0x00000274574c5f80, 0x00000274574c6498]
Event: 3.793 Thread 0x0000027468ca1000 4633       2       net.bytebuddy.matcher.ModifierMatcher$Mode::$jacocoInit (52 bytes)
Event: 3.793 Thread 0x0000027468ca1000 nmethod 4633 0x00000274574c6690 code [0x00000274574c6880, 0x00000274574c6d98]
Event: 3.793 Thread 0x0000027468ca1000 4627       2       net.bytebuddy.jar.asm.ClassReader::readParameterAnnotations (372 bytes)
Event: 3.795 Thread 0x0000027468ca1000 nmethod 4627 0x00000274574c6f90 code [0x00000274574c7520, 0x00000274574ca1e8]
Event: 3.795 Thread 0x0000027468ca1000 4636       2       net.bytebuddy.implementation.bytecode.member.MethodInvocation$Invocation::$jacocoInit (53 bytes)
Event: 3.795 Thread 0x0000027468ca1000 nmethod 4636 0x00000274574cbc90 code [0x00000274574cbe80, 0x00000274574cc398]
Event: 3.795 Thread 0x0000027468ca1000 4637       2       net.bytebuddy.jar.asm.Type::getType (37 bytes)
Event: 3.795 Thread 0x0000027468ca1000 nmethod 4637 0x00000274574cc590 code [0x00000274574cc7a0, 0x00000274574ccbc8]
Event: 3.795 Thread 0x0000027468ca1000 4638       2       net.bytebuddy.jar.asm.Type::getTypeInternal (392 bytes)
Event: 3.796 Thread 0x0000027468ca1000 nmethod 4638 0x00000274574ccf10 code [0x00000274574cd480, 0x00000274574cfe38]
Event: 3.796 Thread 0x0000027468ca1000 4640       2       net.bytebuddy.description.type.TypeDescription$ForLoadedType::getModifiers (37 bytes)
Event: 3.797 Thread 0x0000027468ca1000 nmethod 4640 0x00000274574d1290 code [0x00000274574d14a0, 0x00000274574d18c8]
Event: 3.797 Thread 0x0000027468ca1000 4618       2       net.bytebuddy.implementation.bytecode.constant.MethodConstant$ForMethod::$jacocoInit (52 bytes)
Event: 3.797 Thread 0x0000027468ca1000 nmethod 4618 0x00000274574d1b90 code [0x00000274574d1d80, 0x00000274574d2298]
Event: 3.797 Thread 0x0000027468ca1000 4648       2       net.bytebuddy.jar.asm.ClassReader::readStackMapFrame (1599 bytes)

GC Heap History (10 events):
Event: 0.360 GC heap before
{Heap before GC invocations=0 (full 0):
 garbage-first heap   total 262144K, used 22528K [0x00000000e0000000, 0x0000000100000000)
  region size 1024K, 22 young (22528K), 0 survivors (0K)
 Metaspace       used 9856K, capacity 10063K, committed 10240K, reserved 1058816K
  class space    used 867K, capacity 924K, committed 1024K, reserved 1048576K
}
Event: 0.363 GC heap after
{Heap after GC invocations=1 (full 0):
 garbage-first heap   total 262144K, used 8496K [0x00000000e0000000, 0x0000000100000000)
  region size 1024K, 3 young (3072K), 3 survivors (3072K)
 Metaspace       used 9856K, capacity 10063K, committed 10240K, reserved 1058816K
  class space    used 867K, capacity 924K, committed 1024K, reserved 1048576K
}
Event: 0.667 GC heap before
{Heap before GC invocations=1 (full 0):
 garbage-first heap   total 262144K, used 32048K [0x00000000e0000000, 0x0000000100000000)
  region size 1024K, 26 young (26624K), 3 survivors (3072K)
 Metaspace       used 11663K, capacity 11865K, committed 12160K, reserved 1060864K
  class space    used 1041K, capacity 1098K, committed 1152K, reserved 1048576K
}
Event: 0.670 GC heap after
{Heap after GC invocations=2 (full 0):
 garbage-first heap   total 262144K, used 10614K [0x00000000e0000000, 0x0000000100000000)
  region size 1024K, 2 young (2048K), 2 survivors (2048K)
 Metaspace       used 11663K, capacity 11865K, committed 12160K, reserved 1060864K
  class space    used 1041K, capacity 1098K, committed 1152K, reserved 1048576K
}
Event: 1.074 GC heap before
{Heap before GC invocations=2 (full 0):
 garbage-first heap   total 262144K, used 45430K [0x00000000e0000000, 0x0000000100000000)
  region size 1024K, 36 young (36864K), 2 survivors (2048K)
 Metaspace       used 15211K, capacity 15503K, committed 15744K, reserved 1062912K
  class space    used 1473K, capacity 1559K, committed 1664K, reserved 1048576K
}
Event: 1.076 GC heap after
{Heap after GC invocations=3 (full 0):
 garbage-first heap   total 262144K, used 11767K [0x00000000e0000000, 0x0000000100000000)
  region size 1024K, 3 young (3072K), 3 survivors (3072K)
 Metaspace       used 15211K, capacity 15503K, committed 15744K, reserved 1062912K
  class space    used 1473K, capacity 1559K, committed 1664K, reserved 1048576K
}
Event: 1.764 GC heap before
{Heap before GC invocations=3 (full 0):
 garbage-first heap   total 262144K, used 74231K [0x00000000e0000000, 0x0000000100000000)
  region size 1024K, 65 young (66560K), 3 survivors (3072K)
 Metaspace       used 18492K, capacity 18813K, committed 19072K, reserved 1067008K
  class space    used 1829K, capacity 1897K, committed 1920K, reserved 1048576K
}
Event: 1.766 GC heap after
{Heap after GC invocations=4 (full 0):
 garbage-first heap   total 262144K, used 14348K [0x00000000e0000000, 0x0000000100000000)
  region size 1024K, 6 young (6144K), 6 survivors (6144K)
 Metaspace       used 18492K, capacity 18813K, committed 19072K, reserved 1067008K
  class space    used 1829K, capacity 1897K, committed 1920K, reserved 1048576K
}
Event: 2.160 GC heap before
{Heap before GC invocations=4 (full 0):
 garbage-first heap   total 262144K, used 77836K [0x00000000e0000000, 0x0000000100000000)
  region size 1024K, 69 young (70656K), 6 survivors (6144K)
 Metaspace       used 20790K, capacity 21126K, committed 21248K, reserved 1069056K
  class space    used 2194K, capacity 2283K, committed 2304K, reserved 1048576K
}
Event: 2.163 GC heap after
{Heap after GC invocations=5 (full 0):
 garbage-first heap   total 262144K, used 18036K [0x00000000e0000000, 0x0000000100000000)
  region size 1024K, 9 young (9216K), 9 survivors (9216K)
 Metaspace       used 20790K, capacity 21126K, committed 21248K, reserved 1069056K
  class space    used 2194K, capacity 2283K, committed 2304K, reserved 1048576K
}

Deoptimization events (20 events):
Event: 3.082 Thread 0x000002746e04c800 Uncommon trap: trap_request=0xffffff4d fr.pc=0x000002745d3ea3a8 relative=0x0000000000002de8
Event: 3.082 Thread 0x000002746e04c800 Uncommon trap: reason=unstable_if action=reinterpret pc=0x000002745d3ea3a8 method=org.jacoco.agent.rt.internal_1f1cc91.asm.SymbolTable.<init>(Lorg/jacoco/agent/rt/internal_1f1cc91/asm/ClassWriter;Lorg/jacoco/agent/rt/internal_1f1cc91/asm/ClassReader;)V @ 
Event: 3.082 Thread 0x000002746e04c800 DEOPT PACKING pc=0x000002745d3ea3a8 sp=0x000000f6ab5f7920
Event: 3.082 Thread 0x000002746e04c800 DEOPT UNPACKING pc=0x00000274557d662f sp=0x000000f6ab5f78e0 mode 2
Event: 3.180 Thread 0x000002746e04c800 DEOPT PACKING pc=0x0000027456f318cf sp=0x000000f6ab5f9670
Event: 3.181 Thread 0x000002746e04c800 DEOPT UNPACKING pc=0x00000274557d6dde sp=0x000000f6ab5f8b10 mode 0
Event: 3.183 Thread 0x000002746e04c800 DEOPT PACKING pc=0x0000027456f31db7 sp=0x000000f6ab5f92d0
Event: 3.183 Thread 0x000002746e04c800 DEOPT UNPACKING pc=0x00000274557d6dde sp=0x000000f6ab5f8758 mode 0
Event: 3.183 Thread 0x000002746e04c800 DEOPT PACKING pc=0x0000027456f3496a sp=0x000000f6ab5f9600
Event: 3.183 Thread 0x000002746e04c800 DEOPT UNPACKING pc=0x00000274557d6dde sp=0x000000f6ab5f8a70 mode 0
Event: 3.219 Thread 0x000002746e04c800 DEOPT PACKING pc=0x0000027456f3238a sp=0x000000f6ab5f8fb0
Event: 3.219 Thread 0x000002746e04c800 DEOPT UNPACKING pc=0x00000274557d6dde sp=0x000000f6ab5f8428 mode 0
Event: 3.324 Thread 0x000002746e04c800 DEOPT PACKING pc=0x0000027456f3aaea sp=0x000000f6ab5f75e0
Event: 3.324 Thread 0x000002746e04c800 DEOPT UNPACKING pc=0x00000274557d6dde sp=0x000000f6ab5f6b58 mode 0
Event: 3.402 Thread 0x000002746e04c800 DEOPT PACKING pc=0x0000027456f3aaea sp=0x000000f6ab5f7570
Event: 3.402 Thread 0x000002746e04c800 DEOPT UNPACKING pc=0x00000274557d6dde sp=0x000000f6ab5f6ae8 mode 0
Event: 3.521 Thread 0x000002746e04c800 DEOPT PACKING pc=0x000002745723b569 sp=0x000000f6ab5f9000
Event: 3.521 Thread 0x000002746e04c800 DEOPT UNPACKING pc=0x00000274557d6dde sp=0x000000f6ab5f8478 mode 0
Event: 3.545 Thread 0x000002746e04c800 DEOPT PACKING pc=0x0000027456f3238a sp=0x000000f6ab5f92b0
Event: 3.545 Thread 0x000002746e04c800 DEOPT UNPACKING pc=0x00000274557d6dde sp=0x000000f6ab5f8700 mode 0

Classes redefined (9 events):
Event: 3.120 Thread 0x0000027468c45800 redefined class name=android.support.v4.app.Fragment, count=1
Event: 3.121 Thread 0x0000027468c45800 redefined class name=android.view.View$OnCreateContextMenuListener, count=1
Event: 3.122 Thread 0x0000027468c45800 redefined class name=android.view.View$OnClickListener, count=1
Event: 3.125 Thread 0x0000027468c45800 redefined class name=java.lang.Object, count=1
Event: 3.126 Thread 0x0000027468c45800 redefined class name=swati4star.createpdf.interfaces.OnPDFCreatedInterface, count=2
Event: 3.127 Thread 0x0000027468c45800 redefined class name=android.arch.lifecycle.LifecycleOwner, count=2
Event: 3.128 Thread 0x0000027468c45800 redefined class name=android.arch.lifecycle.ViewModelStoreOwner, count=2
Event: 3.129 Thread 0x0000027468c45800 redefined class name=android.content.ComponentCallbacks, count=2
Event: 3.129 Thread 0x0000027468c45800 redefined class name=swati4star.createpdf.fragment.QrBarcodeScanFragment, count=3

Internal exceptions (19 events):
Event: 0.176 Thread 0x0000027451cbc800 Exception <a 'java/security/PrivilegedActionException'{0x00000000efc63d98}> (0x00000000efc63d98) thrown at [./src/hotspot/share/prims/jvm.cpp, line 1306]
Event: 0.176 Thread 0x0000027451cbc800 Exception <a 'java/security/PrivilegedActionException'{0x00000000efc64068}> (0x00000000efc64068) thrown at [./src/hotspot/share/prims/jvm.cpp, line 1306]
Event: 0.225 Thread 0x0000027451cbc800 Exception <a 'java/security/PrivilegedActionException'{0x00000000ef68f0d0}> (0x00000000ef68f0d0) thrown at [./src/hotspot/share/prims/jvm.cpp, line 1306]
Event: 0.225 Thread 0x0000027451cbc800 Exception <a 'java/security/PrivilegedActionException'{0x00000000ef68f3a0}> (0x00000000ef68f3a0) thrown at [./src/hotspot/share/prims/jvm.cpp, line 1306]
Event: 0.323 Thread 0x0000027451cbc800 Exception <a 'java/lang/NoSuchMethodError'{0x00000000eee95e18}: 'int java.lang.invoke.DirectMethodHandle$Holder.invokeSpecialIFC(java.lang.Object, java.lang.Object, int)'> (0x00000000eee95e18) thrown at [./src/hotspot/share/interpreter/linkResolver.cpp, line 773]
Event: 0.802 Thread 0x0000027451cbc800 Exception <a 'java/lang/NoSuchMethodError'{0x00000000ef476cd8}: <clinit>> (0x00000000ef476cd8) thrown at [./src/hotspot/share/prims/jni.cpp, line 1362]
Event: 0.802 Thread 0x0000027451cbc800 Exception <a 'java/lang/NoSuchMethodError'{0x00000000ef480950}: <clinit>> (0x00000000ef480950) thrown at [./src/hotspot/share/prims/jni.cpp, line 1362]
Event: 0.803 Thread 0x0000027451cbc800 Exception <a 'java/lang/NoSuchMethodError'{0x00000000ef489e20}: <clinit>> (0x00000000ef489e20) thrown at [./src/hotspot/share/prims/jni.cpp, line 1362]
Event: 0.930 Thread 0x0000027451cbc800 Exception <a 'java/lang/NoSuchMethodError'{0x00000000ee7a16d0}: 'java.lang.Object java.lang.invoke.DirectMethodHandle$Holder.invokeVirtual(java.lang.Object, java.lang.Object, java.lang.Object, java.lang.Object, java.lang.Object)'> (0x00000000ee7a16d0) thrown at [./src/hotspot/share/interpreter/linkResolver.cpp, line 773]
Event: 1.009 Thread 0x0000027451cbc800 Exception <a 'java/lang/NoSuchMethodError'{0x00000000edd83770}: 'java.lang.Object java.lang.invoke.DirectMethodHandle$Holder.invokeStaticInit(java.lang.Object, int, int, int, int)'> (0x00000000edd83770) thrown at [./src/hotspot/share/interpreter/linkResolver.cpp, line 773]
Event: 1.068 Thread 0x0000027451cbc800 Exception <a 'java/lang/NoSuchMethodError'{0x00000000edcacbe0}: 'java.lang.Object java.lang.invoke.DirectMethodHandle$Holder.invokeStaticInit(java.lang.Object, java.lang.Object, int, int, int, int)'> (0x00000000edcacbe0) thrown at [./src/hotspot/share/interpreter/linkResolver.cpp, line 773]
Event: 1.356 Thread 0x000002746e04c800 Exception <a 'java/lang/reflect/InvocationTargetException'{0x00000000ed7ef460}> (0x00000000ed7ef460) thrown at [./src/hotspot/share/runtime/reflection.cpp, line 1247]
Event: 1.356 Thread 0x000002746e04c800 Exception <a 'java/lang/NoSuchMethodError'{0x00000000ed7fbe00}: 'java.lang.Object java.lang.invoke.DirectMethodHandle$Holder.invokeStaticInit(java.lang.Object, java.lang.Object, long, java.lang.Object)'> (0x00000000ed7fbe00) thrown at [./src/hotspot/share/interpreter/linkResolver.cpp, line 773]
Event: 1.357 Thread 0x000002746e04c800 Exception <a 'java/lang/NoSuchMethodError'{0x00000000ed608590}: 'java.lang.Object java.lang.invoke.Invokers$Holder.linkToTargetMethod(java.lang.Object, long, java.lang.Object)'> (0x00000000ed608590) thrown at [./src/hotspot/share/interpreter/linkResolver.cpp, line 773]
Event: 1.368 Thread 0x000002746e04c800 Exception <a 'java/lang/NoSuchMethodError'{0x00000000ed519a38}: 'void java.lang.invoke.DirectMethodHandle$Holder.invokeStatic(java.lang.Object, long)'> (0x00000000ed519a38) thrown at [./src/hotspot/share/interpreter/linkResolver.cpp, line 773]
Event: 1.368 Thread 0x000002746e04c800 Exception <a 'java/lang/NoSuchMethodError'{0x00000000ed51eef0}: 'java.lang.Object java.lang.invoke.DirectMethodHandle$Holder.invokeStatic(java.lang.Object, long)'> (0x00000000ed51eef0) thrown at [./src/hotspot/share/interpreter/linkResolver.cpp, line 773]
Event: 1.369 Thread 0x000002746e04c800 Exception <a 'java/lang/NoSuchMethodError'{0x00000000ed5224c0}: 'java.lang.Object java.lang.invoke.DirectMethodHandle$Holder.invokeSpecial(java.lang.Object, java.lang.Object, long)'> (0x00000000ed5224c0) thrown at [./src/hotspot/share/interpreter/linkResolver.cpp, line 773]
Event: 1.369 Thread 0x000002746e04c800 Exception <a 'java/lang/NoSuchMethodError'{0x00000000ed5254d0}: 'java.lang.Object java.lang.invoke.Invokers$Holder.linkToTargetMethod(long, java.lang.Object)'> (0x00000000ed5254d0) thrown at [./src/hotspot/share/interpreter/linkResolver.cpp, line 773]
Event: 2.260 Thread 0x000002746e04c800 Exception <a 'java/lang/ClassNotFoundException'{0x00000000ef22aa90}: java/lang/ClassLoader$ByteBuddyAccessor$PPWaSHFV> (0x00000000ef22aa90) thrown at [./src/hotspot/share/classfile/systemDictionary.cpp, line 231]

Events (20 events):
Event: 3.525 loading class net/bytebuddy/description/type/TypeDescription$Generic$AnnotationReader$Dispatcher$ForJava8CapableVm$AnnotatedTypeVariableType
Event: 3.525 loading class net/bytebuddy/description/type/TypeDescription$Generic$AnnotationReader$Dispatcher$ForJava8CapableVm$AnnotatedTypeVariableType done
Event: 3.528 loading class net/bytebuddy/description/type/TypeDescription$Generic$OfTypeVariable$ForLoadedType
Event: 3.528 loading class net/bytebuddy/description/type/TypeDescription$Generic$OfTypeVariable$ForLoadedType done
Event: 3.531 loading class net/bytebuddy/description/type/TypeDescription$Generic$OfTypeVariable
Event: 3.531 loading class net/bytebuddy/description/type/TypeDescription$Generic$OfTypeVariable done
Event: 3.536 loading class net/bytebuddy/description/type/TypeVariableToken
Event: 3.536 loading class net/bytebuddy/description/type/TypeVariableToken done
Event: 3.540 loading class net/bytebuddy/description/type/TypeDescription$Generic$OfTypeVariable$ForLoadedType$TypeVariableBoundList
Event: 3.540 loading class net/bytebuddy/description/type/TypeDescription$Generic$OfTypeVariable$ForLoadedType$TypeVariableBoundList done
Event: 3.542 loading class net/bytebuddy/description/type/TypeDescription$Generic$AnnotationReader$ForTypeVariableBoundType$OfFormalTypeVariable
Event: 3.542 loading class net/bytebuddy/description/type/TypeDescription$Generic$AnnotationReader$ForTypeVariableBoundType$OfFormalTypeVariable done
Event: 3.545 loading class net/bytebuddy/description/type/TypeDescription$Generic$OfTypeVariable$Symbolic
Event: 3.545 loading class net/bytebuddy/description/type/TypeDescription$Generic$OfTypeVariable$Symbolic done
Event: 3.562 loading class net/bytebuddy/description/type/TypeList$Generic$ForDetachedTypes$OfTypeVariables$AttachedTypeVariable
Event: 3.562 loading class net/bytebuddy/description/type/TypeList$Generic$ForDetachedTypes$OfTypeVariables$AttachedTypeVariable done
Event: 3.564 loading class net/bytebuddy/description/type/TypeDescription$Generic$OfTypeVariable$WithAnnotationOverlay
Event: 3.564 loading class net/bytebuddy/description/type/TypeDescription$Generic$OfTypeVariable$WithAnnotationOverlay done
Event: 3.756 Executing VM operation: ICBufferFull
Event: 3.756 Executing VM operation: ICBufferFull done


Dynamic libraries:
0x00007ff709790000 - 0x00007ff70979a000 	C:\Program Files\Android\Android Studio\jre\bin\java.exe
0x00007ff9036b0000 - 0x00007ff9038a5000 	C:\Windows\SYSTEM32\ntdll.dll
0x00007ff902ce0000 - 0x00007ff902d9e000 	C:\Windows\System32\KERNEL32.DLL
0x00007ff901080000 - 0x00007ff901348000 	C:\Windows\System32\KERNELBASE.dll
0x00007ff900e90000 - 0x00007ff900f90000 	C:\Windows\System32\ucrtbase.dll
0x00007ff8fbc80000 - 0x00007ff8fbc99000 	C:\Program Files\Android\Android Studio\jre\bin\jli.dll
0x00007ff8fc540000 - 0x00007ff8fc557000 	C:\Program Files\Android\Android Studio\jre\bin\VCRUNTIME140.dll
0x00007ff902e20000 - 0x00007ff902fc1000 	C:\Windows\System32\USER32.dll
0x00007ff901560000 - 0x00007ff901582000 	C:\Windows\System32\win32u.dll
0x00007ff8ef530000 - 0x00007ff8ef7ca000 	C:\Windows\WinSxS\amd64_microsoft.windows.common-controls_6595b64144ccf1df_6.0.19041.1110_none_60b5254171f9507e\COMCTL32.dll
0x00007ff903260000 - 0x00007ff90328b000 	C:\Windows\System32\GDI32.dll
0x00007ff9031c0000 - 0x00007ff90325e000 	C:\Windows\System32\msvcrt.dll
0x00007ff901350000 - 0x00007ff90145d000 	C:\Windows\System32\gdi32full.dll
0x00007ff900df0000 - 0x00007ff900e8d000 	C:\Windows\System32\msvcp_win.dll
0x00007ff9032a0000 - 0x00007ff9032d0000 	C:\Windows\System32\IMM32.DLL
0x00007ff8c7ff0000 - 0x00007ff8c808d000 	C:\Program Files\Android\Android Studio\jre\bin\msvcp140.dll
0x00007ff8c6580000 - 0x00007ff8c7055000 	C:\Program Files\Android\Android Studio\jre\bin\server\jvm.dll
0x00007ff903530000 - 0x00007ff9035de000 	C:\Windows\System32\ADVAPI32.dll
0x00007ff903120000 - 0x00007ff9031bc000 	C:\Windows\System32\sechost.dll
0x00007ff9033f0000 - 0x00007ff903515000 	C:\Windows\System32\RPCRT4.dll
0x00007ff903290000 - 0x00007ff903298000 	C:\Windows\System32\PSAPI.DLL
0x00007ff8eab10000 - 0x00007ff8eab19000 	C:\Windows\SYSTEM32\WSOCK32.dll
0x00007ff8f3ef0000 - 0x00007ff8f3f17000 	C:\Windows\SYSTEM32\WINMM.dll
0x00007ff8faa90000 - 0x00007ff8faa9a000 	C:\Windows\SYSTEM32\VERSION.dll
0x00007ff9030b0000 - 0x00007ff90311b000 	C:\Windows\System32\WS2_32.dll
0x00007ff8fecd0000 - 0x00007ff8fece2000 	C:\Windows\SYSTEM32\kernel.appcore.dll
0x00007ff8e5080000 - 0x00007ff8e5091000 	C:\Program Files\Android\Android Studio\jre\bin\verify.dll
0x00007ff8f3060000 - 0x00007ff8f3244000 	C:\Windows\SYSTEM32\DBGHELP.DLL
0x00007ff8e0e30000 - 0x00007ff8e0e5c000 	C:\Windows\SYSTEM32\dbgcore.DLL
0x00007ff900ff0000 - 0x00007ff901072000 	C:\Windows\System32\bcryptPrimitives.dll
0x00007ff8c6550000 - 0x00007ff8c6579000 	C:\Program Files\Android\Android Studio\jre\bin\java.dll
0x00007ff8e6f10000 - 0x00007ff8e6f1b000 	C:\Program Files\Android\Android Studio\jre\bin\jimage.dll
0x00007ff8db920000 - 0x00007ff8db92f000 	C:\Program Files\Android\Android Studio\jre\bin\instrument.dll
0x00007ff8dc030000 - 0x00007ff8dc048000 	C:\Program Files\Android\Android Studio\jre\bin\zip.dll
0x00007ff901ae0000 - 0x00007ff902224000 	C:\Windows\System32\SHELL32.dll
0x00007ff8feed0000 - 0x00007ff8ff665000 	C:\Windows\SYSTEM32\windows.storage.dll
0x00007ff902500000 - 0x00007ff902855000 	C:\Windows\System32\combase.dll
0x00007ff900740000 - 0x00007ff90076e000 	C:\Windows\SYSTEM32\Wldp.dll
0x00007ff9018a0000 - 0x00007ff90194d000 	C:\Windows\System32\SHCORE.dll
0x00007ff901950000 - 0x00007ff9019a5000 	C:\Windows\System32\shlwapi.dll
0x00007ff900d00000 - 0x00007ff900d1f000 	C:\Windows\SYSTEM32\profapi.dll
0x00007ff8db7e0000 - 0x00007ff8db7fa000 	C:\Program Files\Android\Android Studio\jre\bin\net.dll
0x00007ff8f99b0000 - 0x00007ff8f9abc000 	C:\Windows\SYSTEM32\WINHTTP.dll
0x00007ff9004a0000 - 0x00007ff90050a000 	C:\Windows\system32\mswsock.dll
0x00007ff8dabd0000 - 0x00007ff8dabe4000 	C:\Program Files\Android\Android Studio\jre\bin\nio.dll
0x00007ff8ded00000 - 0x00007ff8ded17000 	C:\Windows\system32\napinsp.dll
0x00007ff8dece0000 - 0x00007ff8decfb000 	C:\Windows\system32\pnrpnsp.dll
0x00007ff8fb9d0000 - 0x00007ff8fb9e5000 	C:\Windows\system32\wshbth.dll
0x00007ff8fc8b0000 - 0x00007ff8fc8cd000 	C:\Windows\system32\NLAapi.dll
0x00007ff900190000 - 0x00007ff9001cb000 	C:\Windows\SYSTEM32\IPHLPAPI.DLL
0x00007ff9001d0000 - 0x00007ff90029b000 	C:\Windows\SYSTEM32\DNSAPI.dll
0x00007ff903520000 - 0x00007ff903528000 	C:\Windows\System32\NSI.dll
0x00007ff8dec60000 - 0x00007ff8dec72000 	C:\Windows\System32\winrnr.dll
0x0000000057f90000 - 0x0000000057fb6000 	C:\Program Files\Bonjour\mdnsNSP.dll
0x00007ff8f9cd0000 - 0x00007ff8f9cda000 	C:\Windows\System32\rasadhlp.dll
0x00007ff8f92d0000 - 0x00007ff8f934f000 	C:\Windows\System32\fwpuclnt.dll
0x00007ff900dc0000 - 0x00007ff900de7000 	C:\Windows\System32\bcrypt.dll
0x00007ff900690000 - 0x00007ff9006a8000 	C:\Windows\SYSTEM32\CRYPTSP.dll
0x00007ff8ffe20000 - 0x00007ff8ffe54000 	C:\Windows\system32\rsaenh.dll
0x00007ff900cc0000 - 0x00007ff900cee000 	C:\Windows\SYSTEM32\USERENV.dll
0x00007ff9006b0000 - 0x00007ff9006bc000 	C:\Windows\SYSTEM32\CRYPTBASE.dll
0x00007ff8fafb0000 - 0x00007ff8fafc7000 	C:\Windows\SYSTEM32\dhcpcsvc6.DLL
0x00007ff8faeb0000 - 0x00007ff8faecd000 	C:\Windows\SYSTEM32\dhcpcsvc.DLL

dbghelp: loaded successfully - version: 4.0.5 - missing functions: none
symbol engine: initialized successfully - sym options: 0x614 - pdb path: .;C:\Program Files\Android\Android Studio\jre\bin;C:\Windows\SYSTEM32;C:\Windows\WinSxS\amd64_microsoft.windows.common-controls_6595b64144ccf1df_6.0.19041.1110_none_60b5254171f9507e;C:\Program Files\Android\Android Studio\jre\bin\server;C:\Program Files\Bonjour

VM Arguments:
jvm_args: -Djava.awt.headless=true -Dorg.gradle.native=false -javaagent:C:\Users\Emanuele\AppData\Local\Google\AndroidStudio2021.1\testAgent\intellij-coverage-agent-1.0.579.jar=C:\Users\Emanuele\AppData\Local\Temp\coverage6561args -javaagent:build/tmp/expandedArchives/org.jacoco.agent-0.8.3.jar_4b57cf550318c2dfec984d52b9993337/jacocoagent.jar=destfile=build/jacoco/testDebugUnitTest.exec,append=true,inclnolocationclasses=false,dumponexit=true,output=file,jmx=false -Xmx512m -Dfile.encoding=windows-1252 -Duser.country=IT -Duser.language=it -Duser.variant -ea 
java_command: worker.org.gradle.process.internal.worker.GradleWorkerMain 'Gradle Test Executor 146'
java_class_path (initial): C:\\Users\\Emanuele\\.gradle\\caches\\5.4.1\\workerMain\\gradle-worker.jar;D:\\UNISA\\Images-to-PDF-8.8.1\\app\\build\\intermediates\\unit_test_config_directory\\debugUnitTest\\out;D:\\UNISA\\Images-to-PDF-8.8.1\\app\\build\\intermediates\\javac\\debugUnitTest\\classes;D:\\UNISA\\Images-to-PDF-8.8.1\\app\\build\\intermediates\\sourceFolderJavaResources\\test\\debug;D:\\UNISA\\Images-to-PDF-8.8.1\\app\\libs\\aspose-cells-19.3-android.via.java.jar;C:\\Users\\Emanuele\\.gradle\\caches\\modules-2\\files-2.1\\junit\\junit\\4.12\\2973d150c0dc1fefe998f834810d68f278ea58ec\\junit-4.12.jar;C:\\Users\\Emanuele\\.gradle\\caches\\transforms-2\\files-2.1\\7b6909b64f48938995ae3ed4e82d21fb\\design-28.0.0\\jars\\classes.jar;C:\\Users\\Emanuele\\.gradle\\caches\\transforms-2\\files-2.1\\651251c562687d258463be1acb29cef2\\preference-v7-28.0.0\\jars\\classes.jar;C:\\Users\\Emanuele\\.gradle\\caches\\transforms-2\\files-2.1\\486df71dc6ed74dea0b4255c79b1f7bb\\android-morphing-button-98a4986e56\\jars\\classes.jar;C:\\Users\\Emanuele\\.gradle\\caches\\transforms-2\\files-2.1\\e0b8729a29a97f1249360bc34a62f3c6\\core-0.9.6.0\\jars\\classes.jar;C:\\Users\\Emanuele\\.gradle\\caches\\transforms-2\\files-2.1\\9a8a65aafbfe97c85a668158010ad42e\\lottie-2.5.5\\jars\\classes.jar;C:\\Users\\Emanuele\\.gradle\\caches\\transforms-2\\files-2.1\\f759d4cca9c841abfbbf69a3d1988020\\photoeditor-0.2.1\\jars\\classes.jar;C:\\Users\\Emanuele\\.gradle\\caches\\transforms-2\\files-2.1\\136cddfca49c69e99f753cbe0696d868\\android-image-cropper-2.7.0\\jars\\classes.jar;C:\\Users\\Emanuele\\.gradle\\caches\\transforms-2\\files-2.1\\da52e0abd62c4b4fdf635b9f1534cce3\\matisse-0.5.2-beta4\\jars\\classes.jar;C:\\Users\\Emanuele\\.gradle\\caches\\transforms-2\\files-2.1\\fa54b75fd3ca8dcd347227168e2bb359\\library-1.4.2\\jars\\classes.jar;C:\\Users\\Emanuele\\.gradle\\caches\\transforms-2\\files-2.1\\2f076f60f4de0bb3727f48fd42425706\\appcompat-v7-28.0.0\\jars\\classes.jar;C:\\Users\\Emanuele\\.gradle
Launcher Type: SUN_STANDARD

[Global flags]
     intx CICompilerCount                          = 3                                         {product} {ergonomic}
     uint ConcGCThreads                            = 2                                         {product} {ergonomic}
     uint G1ConcRefinementThreads                  = 6                                         {product} {ergonomic}
   size_t G1HeapRegionSize                         = 1048576                                   {product} {ergonomic}
    uintx GCDrainStackTargetSize                   = 64                                        {product} {ergonomic}
   size_t InitialHeapSize                          = 268435456                                 {product} {ergonomic}
   size_t MarkStackSize                            = 4194304                                   {product} {ergonomic}
   size_t MaxHeapSize                              = 536870912                                 {product} {command line}
   size_t MaxNewSize                               = 321912832                                 {product} {ergonomic}
   size_t MinHeapDeltaBytes                        = 1048576                                   {product} {ergonomic}
    uintx NonNMethodCodeHeapSize                   = 5830732                                {pd product} {ergonomic}
    uintx NonProfiledCodeHeapSize                  = 122913754                              {pd product} {ergonomic}
    uintx ProfiledCodeHeapSize                     = 122913754                              {pd product} {ergonomic}
    uintx ReservedCodeCacheSize                    = 251658240                              {pd product} {ergonomic}
     bool SegmentedCodeCache                       = true                                      {product} {ergonomic}
     bool UseCompressedClassPointers               = true                                 {lp64_product} {ergonomic}
     bool UseCompressedOops                        = true                                 {lp64_product} {ergonomic}
     bool UseG1GC                                  = true                                      {product} {ergonomic}
     bool UseLargePagesIndividualAllocation        = false                                  {pd product} {ergonomic}

Logging:
Log output configuration:
 #0: stdout all=warning uptime,level,tags
 #1: stderr all=off uptime,level,tags

Environment Variables:
PATH=C:\Program Files\Common Files\Oracle\Java\javapath;C:\Program Files (x86)\Common Files\Oracle\Java\javapath;C:\Windows\system32;C:\Windows;C:\Windows\System32\Wbem;C:\Windows\System32\WindowsPowerShell\v1.0\;C:\Windows\System32\OpenSSH\;C:\Program Files\NVIDIA Corporation\NVIDIA NvDLISR;C:\Program Files (x86)\NVIDIA Corporation\PhysX\Common;C:\Program Files\dotnet\;C:\Program Files\Git\cmd;C:\Users\Emanuele\AppData\Local\Microsoft\WindowsApps;C:\Users\Emanuele\AppData\Local\GitHubDesktop\bin
USERNAME=Emanuele
OS=Windows_NT
PROCESSOR_IDENTIFIER=Intel64 Family 6 Model 158 Stepping 12, GenuineIntel



---------------  S Y S T E M  ---------------

OS: Windows 10 , 64 bit Build 19041 (10.0.19041.1466)
OS uptime: 0 days 4:53 hours

CPU:total 6 (initial active 6) (6 cores per cpu, 1 threads per core) family 6 model 158 stepping 12 microcode 0xae, cmov, cx8, fxsr, mmx, sse, sse2, sse3, ssse3, sse4.1, sse4.2, popcnt, avx, avx2, aes, clmul, erms, rtm, 3dnowpref, lzcnt, tsc, tscinvbit, bmi1, bmi2, adx, fma

Memory: 4k page, system-wide physical 16316M (2557M free)
TotalPageFile size 18748M (AvailPageFile size 2412M)
current process WorkingSet (physical memory assigned to process): 325M, peak: 325M
current process commit charge ("private bytes"): 469M, peak: 469M

vm_info: OpenJDK 64-Bit Server VM (11.0.11+9-b60-7590822) for windows-amd64 JRE (11.0.11+9-b60-7590822), built on Jul 29 2021 21:43:44 by "builder" with MS VC++ 14.0 (VS2015)

END.
