#
# A fatal error has been detected by the Java Runtime Environment:
#
#  EXCEPTION_ACCESS_VIOLATION (0xc0000005) at pc=0x00007ffed9982863, pid=2368, tid=2644
#
# JRE version: OpenJDK Runtime Environment (11.0.11+9) (build 11.0.11+9-b60-7590822)
# Java VM: OpenJDK 64-Bit Server VM (11.0.11+9-b60-7590822, mixed mode, tiered, compressed oops, g1 gc, windows-amd64)
# Problematic frame:
# V  [jvm.dll+0x202863]
#
# No core dump will be written. Minidumps are not enabled by default on client versions of Windows
#
# If you would like to submit a bug report, please visit:
#   https://bugreport.java.com/bugreport/crash.jsp
#

---------------  S U M M A R Y ------------

Command Line: -Djava.awt.headless=true -Dorg.gradle.native=false -javaagent:C:\Users\Emanuele\AppData\Local\Google\AndroidStudio2021.1\testAgent\intellij-coverage-agent-1.0.579.jar=C:\Users\Emanuele\AppData\Local\Temp\coverage22871args -javaagent:build/tmp/expandedArchives/org.jacoco.agent-0.8.3.jar_4b57cf550318c2dfec984d52b9993337/jacocoagent.jar=destfile=build/jacoco/testDebugUnitTest.exec,append=true,inclnolocationclasses=false,dumponexit=true,output=file,jmx=false -Xmx512m -Dfile.encoding=windows-1252 -Duser.country=IT -Duser.language=it -Duser.variant -ea worker.org.gradle.process.internal.worker.GradleWorkerMain 'Gradle Test Executor 12'

Host: Intel(R) Core(TM) i5-9600K CPU @ 3.70GHz, 6 cores, 15G,  Windows 10 , 64 bit Build 19041 (10.0.19041.1466)
Time: Wed Feb  9 04:26:33 2022 ora solare Europa occidentale elapsed time: 2.353862 seconds (0d 0h 0m 2s)

---------------  T H R E A D  ---------------

Current thread (0x000001bd5a01c000):  JavaThread "C2 CompilerThread0" daemon [_thread_in_native, id=2644, stack(0x000000a9cd100000,0x000000a9cd200000)]


Current CompileTask:
C2:   2353 2310       4       org.jacoco.agent.rt.internal_1f1cc91.asm.tree.MethodNode::visitLocalVariable (74 bytes)

Stack: [0x000000a9cd100000,0x000000a9cd200000],  sp=0x000000a9cd1fd9d0,  free space=1014k
Native frames: (J=compiled Java code, j=interpreted, Vv=VM code, C=native code)
V  [jvm.dll+0x202863]
V  [jvm.dll+0x61c744]
V  [jvm.dll+0x1fb294]
V  [jvm.dll+0x183d6c]
V  [jvm.dll+0x209a57]
V  [jvm.dll+0x2082a1]
V  [jvm.dll+0x6ef58f]
V  [jvm.dll+0x6e80b5]
V  [jvm.dll+0x5f1036]
C  [ucrtbase.dll+0x21bb2]
C  [KERNEL32.DLL+0x17034]
C  [ntdll.dll+0x52651]


siginfo: EXCEPTION_ACCESS_VIOLATION (0xc0000005), reading address 0xffffffffffffffff


Register to memory mapping:

RIP=0x00007ffed9982863 jvm.dll
RAX=0x000001bd5a73c380 points into unknown readable memory: 0x000001bd5a73b2a0 | a0 b2 73 5a bd 01 00 00
RBX=0x000000a9cd1fdc40 is pointing into the stack for thread: 0x000001bd5a01c000
RCX=0x000000000841ffeb is an unknown value
RDX=0x000001bd5bee4960 points into unknown readable memory: 0x033cdf000841ffeb | eb ff 41 08 00 df 3c 03
RSP=0x000000a9cd1fd9d0 is pointing into the stack for thread: 0x000001bd5a01c000
RBP=0x0000000000000004 is an unknown value
RSI=0x000000000000061b is an unknown value
RDI=0x0001000000000000 is an unknown value
R8 =0x0000000000000002 is an unknown value
R9 =0x0 is NULL
R10=0x000001bd5ee08e70 points into unknown readable memory: 0x0100000000000003 | 03 00 00 00 00 00 00 01
R11=0x000001bd5bee4b60 points into unknown readable memory: 0x0000000013a8193a | 3a 19 a8 13 00 00 00 00
R12=0x0000000000000466 is an unknown value
R13=0x0000000000000008 is an unknown value
R14=0x00000000000001a0 is an unknown value
R15=0x000001bd5a73ae98 points into unknown readable memory: 0x00007ffed9f7ced8 | d8 ce f7 d9 fe 7f 00 00


Registers:
RAX=0x000001bd5a73c380, RBX=0x000000a9cd1fdc40, RCX=0x000000000841ffeb, RDX=0x000001bd5bee4960
RSP=0x000000a9cd1fd9d0, RBP=0x0000000000000004, RSI=0x000000000000061b, RDI=0x0001000000000000
R8 =0x0000000000000002, R9 =0x0000000000000000, R10=0x000001bd5ee08e70, R11=0x000001bd5bee4b60
R12=0x0000000000000466, R13=0x0000000000000008, R14=0x00000000000001a0, R15=0x000001bd5a73ae98
RIP=0x00007ffed9982863, EFLAGS=0x0000000000010246

Top of Stack: (sp=0x000000a9cd1fd9d0)
0x000000a9cd1fd9d0:   000000a9cd1fdc40 000000000000007f
0x000000a9cd1fd9e0:   000000a9cd1fe6f0 000001bd5ba62ee8
0x000000a9cd1fd9f0:   00007ffed9f6b998 000001bd59fc49a0
0x000000a9cd1fda00:   000000a9cd1fdc90 00007ffed9d9c744
0x000000a9cd1fda10:   000000a9cd1fdb10 000000a9cd1fdc30
0x000000a9cd1fda20:   000000a9cd1fe6f0 000001bd59fc49a0
0x000000a9cd1fda30:   000001bd5ee0c7c8 00007ffed997b294
0x000000a9cd1fda40:   000001bd5ee047e0 000000a9cd1fdb40
0x000000a9cd1fda50:   000001bd5ee08e50 000001bd59fc49a0
0x000000a9cd1fda60:   0000000000000000 000000a9cd1fef98
0x000000a9cd1fda70:   000001bd00000016 000001bd5a554b70
0x000000a9cd1fda80:   000000a9cd1ff148 000000a9cd1ff160
0x000000a9cd1fda90:   000001bd59799c70 0000000000000000
0x000000a9cd1fdaa0:   0000000000270000 0000000000000002
0x000000a9cd1fdab0:   0000000000270000 0000000000000000
0x000000a9cd1fdac0:   0000000000270000 0000000007540000 

Instructions: (pc=0x00007ffed9982863)
0x00007ffed9982763:   8b d5 48 8b ce e8 c3 ec 3c 00 48 8b 46 10 48 89
0x00007ffed9982773:   1c e8 41 8b c6 48 f7 d8 4d 8d 3c c7 4c 3b 7c 24
0x00007ffed9982783:   58 0f 83 a6 fe ff ff 4c 8b 74 24 20 48 8b 74 24
0x00007ffed9982793:   68 48 8b 6c 24 60 48 8b 5c 24 50 48 83 c4 28 41
0x00007ffed99827a3:   5f 41 5d 41 5c 5f c3 cc cc cc cc cc cc 48 89 5c
0x00007ffed99827b3:   24 20 56 57 41 54 48 83 ec 20 8b b9 a8 01 00 00
0x00007ffed99827c3:   48 8b da 2b b9 d0 01 00 00 48 8b f1 3b 7a 08 72
0x00007ffed99827d3:   0a 8b d7 48 8b cb e8 52 ec 3c 00 48 8b 43 10 48
0x00007ffed99827e3:   c7 04 f8 00 00 00 00 48 8b 96 38 02 00 00 48 85
0x00007ffed99827f3:   d2 74 08 48 8b cb e8 32 e6 ea ff 48 8b 96 40 02
0x00007ffed9982803:   00 00 48 85 d2 74 08 48 8b cb e8 1e e6 ea ff 45
0x00007ffed9982813:   33 e4 44 39 63 18 0f 86 d5 00 00 00 48 89 6c 24
0x00007ffed9982823:   40 4c 89 74 24 48 4c 89 7c 24 50 66 90 48 8b 43
0x00007ffed9982833:   10 4e 8b 3c e0 41 8b 47 1c 85 c0 0f 84 94 00 00
0x00007ffed9982843:   00 45 33 f6 8b e8 0f 1f 80 00 00 00 00 49 8b 47
0x00007ffed9982853:   08 49 8b 3c 06 48 85 ff 74 6d 40 f6 c7 01 75 67
0x00007ffed9982863:   48 83 3f fe 74 61 8b 4f 28 8b c1 c1 e8 05 3b 43
0x00007ffed9982873:   30 72 0f 48 8b 43 20 8b d1 48 8d 4b 20 ff 50 18
0x00007ffed9982883:   eb 25 83 e1 1f 41 b8 01 00 00 00 41 d3 e0 8b c8
0x00007ffed9982893:   48 8b 43 38 48 8d 14 88 8b 0c 88 8b c1 41 0b c8
0x00007ffed99828a3:   89 0a 41 23 c0 75 20 8b 73 18 8d 46 01 89 43 18
0x00007ffed99828b3:   3b 73 08 72 0a 8b d6 48 8b cb e8 6e eb 3c 00 48
0x00007ffed99828c3:   8b 43 10 48 89 3c f0 49 83 c6 08 48 83 ed 01 0f
0x00007ffed99828d3:   85 78 ff ff ff 41 ff c4 44 3b 63 18 0f 82 4b ff
0x00007ffed99828e3:   ff ff 4c 8b 7c 24 50 4c 8b 74 24 48 48 8b 6c 24
0x00007ffed99828f3:   40 48 8b 5c 24 58 48 83 c4 20 41 5c 5f 5e c3 cc
0x00007ffed9982903:   cc cc cc cc cc cc cc cc cc cc cc cc cc 40 53 48
0x00007ffed9982913:   83 ec 20 48 8b 81 48 02 00 00 48 8b d9 48 85 c0
0x00007ffed9982923:   75 27 e8 c6 30 00 00 48 8b d0 48 8b 48 10 48 8b
0x00007ffed9982933:   01 48 3b c2 74 06 83 78 38 02 74 06 48 83 c1 08
0x00007ffed9982943:   eb ec 48 89 83 48 02 00 00 48 83 c4 20 5b c3 cc
0x00007ffed9982953:   cc cc cc cc cc cc cc cc cc cc cc cc cc 48 89 5c 


Stack slot to memory mapping:
stack at sp + 0 slots: 0x000000a9cd1fdc40 is pointing into the stack for thread: 0x000001bd5a01c000
stack at sp + 1 slots: 0x000000000000007f is an unknown value
stack at sp + 2 slots: 0x000000a9cd1fe6f0 is pointing into the stack for thread: 0x000001bd5a01c000
stack at sp + 3 slots: 0x000001bd5ba62ee8 points into unknown readable memory: 0x00007ffed9f679e0 | e0 79 f6 d9 fe 7f 00 00
stack at sp + 4 slots: 0x00007ffed9f6b998 jvm.dll
stack at sp + 5 slots: 0x000001bd59fc49a0 points into unknown readable memory: 0x000001bd00000006 | 06 00 00 00 bd 01 00 00
stack at sp + 6 slots: 0x000000a9cd1fdc90 is pointing into the stack for thread: 0x000001bd5a01c000
stack at sp + 7 slots: 0x00007ffed9d9c744 jvm.dll


---------------  P R O C E S S  ---------------

Threads class SMR info:
_java_thread_list=0x000001bd5b8d6470, length=14, elements={
0x000001bd4302c800, 0x000001bd5979b800, 0x000001bd5979c800, 0x000001bd5a013800,
0x000001bd5a016000, 0x000001bd5a017000, 0x000001bd5a01c000, 0x000001bd5a023000,
0x000001bd5a024000, 0x000001bd5974b800, 0x000001bd5a35b800, 0x000001bd5e4d0800,
0x000001bd5dfc1800, 0x000001bd5b82e000
}

Java Threads: ( => current thread )
  0x000001bd4302c800 JavaThread "main" [_thread_blocked, id=7976, stack(0x000000a9cc500000,0x000000a9cc600000)]
  0x000001bd5979b800 JavaThread "Reference Handler" daemon [_thread_blocked, id=2328, stack(0x000000a9ccc00000,0x000000a9ccd00000)]
  0x000001bd5979c800 JavaThread "Finalizer" daemon [_thread_blocked, id=1112, stack(0x000000a9ccd00000,0x000000a9cce00000)]
  0x000001bd5a013800 JavaThread "Signal Dispatcher" daemon [_thread_blocked, id=2588, stack(0x000000a9cce00000,0x000000a9ccf00000)]
  0x000001bd5a016000 JavaThread "Attach Listener" daemon [_thread_blocked, id=8668, stack(0x000000a9ccf00000,0x000000a9cd000000)]
  0x000001bd5a017000 JavaThread "Service Thread" daemon [_thread_blocked, id=5168, stack(0x000000a9cd000000,0x000000a9cd100000)]
=>0x000001bd5a01c000 JavaThread "C2 CompilerThread0" daemon [_thread_in_native, id=2644, stack(0x000000a9cd100000,0x000000a9cd200000)]
  0x000001bd5a023000 JavaThread "C1 CompilerThread0" daemon [_thread_blocked, id=3920, stack(0x000000a9cd200000,0x000000a9cd300000)]
  0x000001bd5a024000 JavaThread "Sweeper thread" daemon [_thread_blocked, id=3896, stack(0x000000a9cd300000,0x000000a9cd400000)]
  0x000001bd5974b800 JavaThread "Common-Cleaner" daemon [_thread_blocked, id=8540, stack(0x000000a9cd400000,0x000000a9cd500000)]
  0x000001bd5a35b800 JavaThread "C2 CompilerThread1" daemon [_thread_in_native, id=4728, stack(0x000000a9cd500000,0x000000a9cd600000)]
  0x000001bd5e4d0800 JavaThread "Test worker" [_thread_in_native, id=5264, stack(0x000000a9cde00000,0x000000a9cdf00000)]
  0x000001bd5dfc1800 JavaThread "/127.0.0.1:50794 to /127.0.0.1:50793 workers Thread 2" [_thread_blocked, id=8012, stack(0x000000a9cdf00000,0x000000a9ce000000)]
  0x000001bd5b82e000 JavaThread "/127.0.0.1:50794 to /127.0.0.1:50793 workers Thread 3" [_thread_in_native, id=8760, stack(0x000000a9ce000000,0x000000a9ce100000)]

Other Threads:
  0x000001bd59fc5800 VMThread "VM Thread" [stack: 0x000000a9ccb00000,0x000000a9ccc00000] [id=3928]
  0x000001bd5a77c000 WatcherThread [stack: 0x000000a9cd600000,0x000000a9cd700000] [id=4896]
  0x000001bd43056800 GCTaskThread "GC Thread#0" [stack: 0x000000a9cc600000,0x000000a9cc700000] [id=4436]
  0x000001bd5b470800 GCTaskThread "GC Thread#1" [stack: 0x000000a9cd700000,0x000000a9cd800000] [id=8844]
  0x000001bd5b5ce000 GCTaskThread "GC Thread#2" [stack: 0x000000a9cd800000,0x000000a9cd900000] [id=7276]
  0x000001bd5a901800 GCTaskThread "GC Thread#3" [stack: 0x000000a9cd900000,0x000000a9cda00000] [id=8556]
  0x000001bd5b578800 GCTaskThread "GC Thread#4" [stack: 0x000000a9cda00000,0x000000a9cdb00000] [id=2448]
  0x000001bd5b579000 GCTaskThread "GC Thread#5" [stack: 0x000000a9cdb00000,0x000000a9cdc00000] [id=9112]
  0x000001bd43044800 ConcurrentGCThread "G1 Main Marker" [stack: 0x000000a9cc700000,0x000000a9cc800000] [id=1184]
  0x000001bd43046000 ConcurrentGCThread "G1 Conc#0" [stack: 0x000000a9cc800000,0x000000a9cc900000] [id=4220]
  0x000001bd5cb5f000 ConcurrentGCThread "G1 Conc#1" [stack: 0x000000a9ce100000,0x000000a9ce200000] [id=7528]
  0x000001bd430fd800 ConcurrentGCThread "G1 Refine#0" [stack: 0x000000a9cc900000,0x000000a9cca00000] [id=4644]
  0x000001bd5a598000 ConcurrentGCThread "G1 Refine#1" [stack: 0x000000a9cdc00000,0x000000a9cdd00000] [id=880]
  0x000001bd595f4800 ConcurrentGCThread "G1 Young RemSet Sampling" [stack: 0x000000a9cca00000,0x000000a9ccb00000] [id=2868]

Threads with active compile tasks:
C2 CompilerThread0   2371 2310       4       org.jacoco.agent.rt.internal_1f1cc91.asm.tree.MethodNode::visitLocalVariable (74 bytes)
C2 CompilerThread1   2371 2309       4       org.jacoco.agent.rt.internal_1f1cc91.core.internal.flow.MethodSanitizer::visitLocalVariable (61 bytes)

VM state:not at safepoint (normal execution)

VM Mutex/Monitor currently owned by a thread: None

Heap address: 0x00000000e0000000, size: 512 MB, Compressed Oops mode: 32-bit
Narrow klass base: 0x0000000000000000, Narrow klass shift: 3
Compressed class space size: 1073741824 Address: 0x0000000100000000

Heap:
 garbage-first heap   total 262144K, used 31573K [0x00000000e0000000, 0x0000000100000000)
  region size 1024K, 24 young (24576K), 9 survivors (9216K)
 Metaspace       used 21152K, capacity 21510K, committed 21632K, reserved 1069056K
  class space    used 2249K, capacity 2347K, committed 2432K, reserved 1048576K
Heap Regions: E=young(eden), S=young(survivor), O=old, HS=humongous(starts), HC=humongous(continues), CS=collection set, F=free, A=archive, TAMS=top-at-mark-start (previous, next)
|   0|0x00000000e0000000, 0x00000000e0100000, 0x00000000e0100000|100%|HS|  |TAMS 0x00000000e0100000, 0x00000000e0000000| Complete 
|   1|0x00000000e0100000, 0x00000000e0200000, 0x00000000e0200000|100%| O|  |TAMS 0x00000000e0200000, 0x00000000e0100000| Untracked 
|   2|0x00000000e0200000, 0x00000000e0300000, 0x00000000e0300000|100%| O|  |TAMS 0x00000000e0300000, 0x00000000e0200000| Untracked 
|   3|0x00000000e0300000, 0x00000000e0400000, 0x00000000e0400000|100%| O|  |TAMS 0x00000000e0400000, 0x00000000e0300000| Untracked 
|   4|0x00000000e0400000, 0x00000000e0500000, 0x00000000e0500000|100%| O|  |TAMS 0x00000000e0500000, 0x00000000e0400000| Untracked 
|   5|0x00000000e0500000, 0x00000000e0600000, 0x00000000e0600000|100%| O|  |TAMS 0x00000000e0600000, 0x00000000e0500000| Untracked 
|   6|0x00000000e0600000, 0x00000000e0700000, 0x00000000e0700000|100%| O|  |TAMS 0x00000000e0700000, 0x00000000e0600000| Untracked 
|   7|0x00000000e0700000, 0x00000000e0800000, 0x00000000e0800000|100%| O|  |TAMS 0x00000000e0800000, 0x00000000e0700000| Untracked 
|   8|0x00000000e0800000, 0x00000000e0873400, 0x00000000e0900000| 45%| O|  |TAMS 0x00000000e0873400, 0x00000000e0800000| Untracked 
|   9|0x00000000e0900000, 0x00000000e0900000, 0x00000000e0a00000|  0%| F|  |TAMS 0x00000000e0900000, 0x00000000e0900000| Untracked 
|  10|0x00000000e0a00000, 0x00000000e0a00000, 0x00000000e0b00000|  0%| F|  |TAMS 0x00000000e0a00000, 0x00000000e0a00000| Untracked 
|  11|0x00000000e0b00000, 0x00000000e0b00000, 0x00000000e0c00000|  0%| F|  |TAMS 0x00000000e0b00000, 0x00000000e0b00000| Untracked 
|  12|0x00000000e0c00000, 0x00000000e0c00000, 0x00000000e0d00000|  0%| F|  |TAMS 0x00000000e0c00000, 0x00000000e0c00000| Untracked 
|  13|0x00000000e0d00000, 0x00000000e0d00000, 0x00000000e0e00000|  0%| F|  |TAMS 0x00000000e0d00000, 0x00000000e0d00000| Untracked 
|  14|0x00000000e0e00000, 0x00000000e0e00000, 0x00000000e0f00000|  0%| F|  |TAMS 0x00000000e0e00000, 0x00000000e0e00000| Untracked 
|  15|0x00000000e0f00000, 0x00000000e0f00000, 0x00000000e1000000|  0%| F|  |TAMS 0x00000000e0f00000, 0x00000000e0f00000| Untracked 
|  16|0x00000000e1000000, 0x00000000e1000000, 0x00000000e1100000|  0%| F|  |TAMS 0x00000000e1000000, 0x00000000e1000000| Untracked 
|  17|0x00000000e1100000, 0x00000000e1100000, 0x00000000e1200000|  0%| F|  |TAMS 0x00000000e1100000, 0x00000000e1100000| Untracked 
|  18|0x00000000e1200000, 0x00000000e1200000, 0x00000000e1300000|  0%| F|  |TAMS 0x00000000e1200000, 0x00000000e1200000| Untracked 
|  19|0x00000000e1300000, 0x00000000e1300000, 0x00000000e1400000|  0%| F|  |TAMS 0x00000000e1300000, 0x00000000e1300000| Untracked 
|  20|0x00000000e1400000, 0x00000000e1400000, 0x00000000e1500000|  0%| F|  |TAMS 0x00000000e1400000, 0x00000000e1400000| Untracked 
|  21|0x00000000e1500000, 0x00000000e1500000, 0x00000000e1600000|  0%| F|  |TAMS 0x00000000e1500000, 0x00000000e1500000| Untracked 
|  22|0x00000000e1600000, 0x00000000e1600000, 0x00000000e1700000|  0%| F|  |TAMS 0x00000000e1600000, 0x00000000e1600000| Untracked 
|  23|0x00000000e1700000, 0x00000000e1700000, 0x00000000e1800000|  0%| F|  |TAMS 0x00000000e1700000, 0x00000000e1700000| Untracked 
|  24|0x00000000e1800000, 0x00000000e1800000, 0x00000000e1900000|  0%| F|  |TAMS 0x00000000e1800000, 0x00000000e1800000| Untracked 
|  25|0x00000000e1900000, 0x00000000e1900000, 0x00000000e1a00000|  0%| F|  |TAMS 0x00000000e1900000, 0x00000000e1900000| Untracked 
|  26|0x00000000e1a00000, 0x00000000e1a00000, 0x00000000e1b00000|  0%| F|  |TAMS 0x00000000e1a00000, 0x00000000e1a00000| Untracked 
|  27|0x00000000e1b00000, 0x00000000e1b00000, 0x00000000e1c00000|  0%| F|  |TAMS 0x00000000e1b00000, 0x00000000e1b00000| Untracked 
|  28|0x00000000e1c00000, 0x00000000e1c00000, 0x00000000e1d00000|  0%| F|  |TAMS 0x00000000e1c00000, 0x00000000e1c00000| Untracked 
|  29|0x00000000e1d00000, 0x00000000e1d00000, 0x00000000e1e00000|  0%| F|  |TAMS 0x00000000e1d00000, 0x00000000e1d00000| Untracked 
|  30|0x00000000e1e00000, 0x00000000e1e00000, 0x00000000e1f00000|  0%| F|  |TAMS 0x00000000e1e00000, 0x00000000e1e00000| Untracked 
|  31|0x00000000e1f00000, 0x00000000e1f00000, 0x00000000e2000000|  0%| F|  |TAMS 0x00000000e1f00000, 0x00000000e1f00000| Untracked 
|  32|0x00000000e2000000, 0x00000000e2000000, 0x00000000e2100000|  0%| F|  |TAMS 0x00000000e2000000, 0x00000000e2000000| Untracked 
|  33|0x00000000e2100000, 0x00000000e2100000, 0x00000000e2200000|  0%| F|  |TAMS 0x00000000e2100000, 0x00000000e2100000| Untracked 
|  34|0x00000000e2200000, 0x00000000e2200000, 0x00000000e2300000|  0%| F|  |TAMS 0x00000000e2200000, 0x00000000e2200000| Untracked 
|  35|0x00000000e2300000, 0x00000000e2300000, 0x00000000e2400000|  0%| F|  |TAMS 0x00000000e2300000, 0x00000000e2300000| Untracked 
|  36|0x00000000e2400000, 0x00000000e2400000, 0x00000000e2500000|  0%| F|  |TAMS 0x00000000e2400000, 0x00000000e2400000| Untracked 
|  37|0x00000000e2500000, 0x00000000e2500000, 0x00000000e2600000|  0%| F|  |TAMS 0x00000000e2500000, 0x00000000e2500000| Untracked 
|  38|0x00000000e2600000, 0x00000000e2600000, 0x00000000e2700000|  0%| F|  |TAMS 0x00000000e2600000, 0x00000000e2600000| Untracked 
|  39|0x00000000e2700000, 0x00000000e2700000, 0x00000000e2800000|  0%| F|  |TAMS 0x00000000e2700000, 0x00000000e2700000| Untracked 
|  40|0x00000000e2800000, 0x00000000e2800000, 0x00000000e2900000|  0%| F|  |TAMS 0x00000000e2800000, 0x00000000e2800000| Untracked 
|  41|0x00000000e2900000, 0x00000000e2900000, 0x00000000e2a00000|  0%| F|  |TAMS 0x00000000e2900000, 0x00000000e2900000| Untracked 
|  42|0x00000000e2a00000, 0x00000000e2a00000, 0x00000000e2b00000|  0%| F|  |TAMS 0x00000000e2a00000, 0x00000000e2a00000| Untracked 
|  43|0x00000000e2b00000, 0x00000000e2b00000, 0x00000000e2c00000|  0%| F|  |TAMS 0x00000000e2b00000, 0x00000000e2b00000| Untracked 
|  44|0x00000000e2c00000, 0x00000000e2c00000, 0x00000000e2d00000|  0%| F|  |TAMS 0x00000000e2c00000, 0x00000000e2c00000| Untracked 
|  45|0x00000000e2d00000, 0x00000000e2d00000, 0x00000000e2e00000|  0%| F|  |TAMS 0x00000000e2d00000, 0x00000000e2d00000| Untracked 
|  46|0x00000000e2e00000, 0x00000000e2e00000, 0x00000000e2f00000|  0%| F|  |TAMS 0x00000000e2e00000, 0x00000000e2e00000| Untracked 
|  47|0x00000000e2f00000, 0x00000000e2f00000, 0x00000000e3000000|  0%| F|  |TAMS 0x00000000e2f00000, 0x00000000e2f00000| Untracked 
|  48|0x00000000e3000000, 0x00000000e3000000, 0x00000000e3100000|  0%| F|  |TAMS 0x00000000e3000000, 0x00000000e3000000| Untracked 
|  49|0x00000000e3100000, 0x00000000e3100000, 0x00000000e3200000|  0%| F|  |TAMS 0x00000000e3100000, 0x00000000e3100000| Untracked 
|  50|0x00000000e3200000, 0x00000000e3200000, 0x00000000e3300000|  0%| F|  |TAMS 0x00000000e3200000, 0x00000000e3200000| Untracked 
|  51|0x00000000e3300000, 0x00000000e3300000, 0x00000000e3400000|  0%| F|  |TAMS 0x00000000e3300000, 0x00000000e3300000| Untracked 
|  52|0x00000000e3400000, 0x00000000e3400000, 0x00000000e3500000|  0%| F|  |TAMS 0x00000000e3400000, 0x00000000e3400000| Untracked 
|  53|0x00000000e3500000, 0x00000000e3500000, 0x00000000e3600000|  0%| F|  |TAMS 0x00000000e3500000, 0x00000000e3500000| Untracked 
|  54|0x00000000e3600000, 0x00000000e3600000, 0x00000000e3700000|  0%| F|  |TAMS 0x00000000e3600000, 0x00000000e3600000| Untracked 
|  55|0x00000000e3700000, 0x00000000e3700000, 0x00000000e3800000|  0%| F|  |TAMS 0x00000000e3700000, 0x00000000e3700000| Untracked 
|  56|0x00000000e3800000, 0x00000000e3800000, 0x00000000e3900000|  0%| F|  |TAMS 0x00000000e3800000, 0x00000000e3800000| Untracked 
|  57|0x00000000e3900000, 0x00000000e3900000, 0x00000000e3a00000|  0%| F|  |TAMS 0x00000000e3900000, 0x00000000e3900000| Untracked 
|  58|0x00000000e3a00000, 0x00000000e3a00000, 0x00000000e3b00000|  0%| F|  |TAMS 0x00000000e3a00000, 0x00000000e3a00000| Untracked 
|  59|0x00000000e3b00000, 0x00000000e3b00000, 0x00000000e3c00000|  0%| F|  |TAMS 0x00000000e3b00000, 0x00000000e3b00000| Untracked 
|  60|0x00000000e3c00000, 0x00000000e3c00000, 0x00000000e3d00000|  0%| F|  |TAMS 0x00000000e3c00000, 0x00000000e3c00000| Untracked 
|  61|0x00000000e3d00000, 0x00000000e3d00000, 0x00000000e3e00000|  0%| F|  |TAMS 0x00000000e3d00000, 0x00000000e3d00000| Untracked 
|  62|0x00000000e3e00000, 0x00000000e3e00000, 0x00000000e3f00000|  0%| F|  |TAMS 0x00000000e3e00000, 0x00000000e3e00000| Untracked 
|  63|0x00000000e3f00000, 0x00000000e3f00000, 0x00000000e4000000|  0%| F|  |TAMS 0x00000000e3f00000, 0x00000000e3f00000| Untracked 
|  64|0x00000000e4000000, 0x00000000e4000000, 0x00000000e4100000|  0%| F|  |TAMS 0x00000000e4000000, 0x00000000e4000000| Untracked 
|  65|0x00000000e4100000, 0x00000000e4100000, 0x00000000e4200000|  0%| F|  |TAMS 0x00000000e4100000, 0x00000000e4100000| Untracked 
|  66|0x00000000e4200000, 0x00000000e4200000, 0x00000000e4300000|  0%| F|  |TAMS 0x00000000e4200000, 0x00000000e4200000| Untracked 
|  67|0x00000000e4300000, 0x00000000e4300000, 0x00000000e4400000|  0%| F|  |TAMS 0x00000000e4300000, 0x00000000e4300000| Untracked 
|  68|0x00000000e4400000, 0x00000000e4400000, 0x00000000e4500000|  0%| F|  |TAMS 0x00000000e4400000, 0x00000000e4400000| Untracked 
|  69|0x00000000e4500000, 0x00000000e4500000, 0x00000000e4600000|  0%| F|  |TAMS 0x00000000e4500000, 0x00000000e4500000| Untracked 
|  70|0x00000000e4600000, 0x00000000e4600000, 0x00000000e4700000|  0%| F|  |TAMS 0x00000000e4600000, 0x00000000e4600000| Untracked 
|  71|0x00000000e4700000, 0x00000000e4700000, 0x00000000e4800000|  0%| F|  |TAMS 0x00000000e4700000, 0x00000000e4700000| Untracked 
|  72|0x00000000e4800000, 0x00000000e4800000, 0x00000000e4900000|  0%| F|  |TAMS 0x00000000e4800000, 0x00000000e4800000| Untracked 
|  73|0x00000000e4900000, 0x00000000e4900000, 0x00000000e4a00000|  0%| F|  |TAMS 0x00000000e4900000, 0x00000000e4900000| Untracked 
|  74|0x00000000e4a00000, 0x00000000e4a00000, 0x00000000e4b00000|  0%| F|  |TAMS 0x00000000e4a00000, 0x00000000e4a00000| Untracked 
|  75|0x00000000e4b00000, 0x00000000e4b00000, 0x00000000e4c00000|  0%| F|  |TAMS 0x00000000e4b00000, 0x00000000e4b00000| Untracked 
|  76|0x00000000e4c00000, 0x00000000e4c00000, 0x00000000e4d00000|  0%| F|  |TAMS 0x00000000e4c00000, 0x00000000e4c00000| Untracked 
|  77|0x00000000e4d00000, 0x00000000e4d00000, 0x00000000e4e00000|  0%| F|  |TAMS 0x00000000e4d00000, 0x00000000e4d00000| Untracked 
|  78|0x00000000e4e00000, 0x00000000e4e00000, 0x00000000e4f00000|  0%| F|  |TAMS 0x00000000e4e00000, 0x00000000e4e00000| Untracked 
|  79|0x00000000e4f00000, 0x00000000e4f00000, 0x00000000e5000000|  0%| F|  |TAMS 0x00000000e4f00000, 0x00000000e4f00000| Untracked 
|  80|0x00000000e5000000, 0x00000000e5000000, 0x00000000e5100000|  0%| F|  |TAMS 0x00000000e5000000, 0x00000000e5000000| Untracked 
|  81|0x00000000e5100000, 0x00000000e5100000, 0x00000000e5200000|  0%| F|  |TAMS 0x00000000e5100000, 0x00000000e5100000| Untracked 
|  82|0x00000000e5200000, 0x00000000e5200000, 0x00000000e5300000|  0%| F|  |TAMS 0x00000000e5200000, 0x00000000e5200000| Untracked 
|  83|0x00000000e5300000, 0x00000000e5300000, 0x00000000e5400000|  0%| F|  |TAMS 0x00000000e5300000, 0x00000000e5300000| Untracked 
|  84|0x00000000e5400000, 0x00000000e5400000, 0x00000000e5500000|  0%| F|  |TAMS 0x00000000e5400000, 0x00000000e5400000| Untracked 
|  85|0x00000000e5500000, 0x00000000e5500000, 0x00000000e5600000|  0%| F|  |TAMS 0x00000000e5500000, 0x00000000e5500000| Untracked 
|  86|0x00000000e5600000, 0x00000000e5600000, 0x00000000e5700000|  0%| F|  |TAMS 0x00000000e5600000, 0x00000000e5600000| Untracked 
|  87|0x00000000e5700000, 0x00000000e5700000, 0x00000000e5800000|  0%| F|  |TAMS 0x00000000e5700000, 0x00000000e5700000| Untracked 
|  88|0x00000000e5800000, 0x00000000e5800000, 0x00000000e5900000|  0%| F|  |TAMS 0x00000000e5800000, 0x00000000e5800000| Untracked 
|  89|0x00000000e5900000, 0x00000000e5900000, 0x00000000e5a00000|  0%| F|  |TAMS 0x00000000e5900000, 0x00000000e5900000| Untracked 
|  90|0x00000000e5a00000, 0x00000000e5a00000, 0x00000000e5b00000|  0%| F|  |TAMS 0x00000000e5a00000, 0x00000000e5a00000| Untracked 
|  91|0x00000000e5b00000, 0x00000000e5b00000, 0x00000000e5c00000|  0%| F|  |TAMS 0x00000000e5b00000, 0x00000000e5b00000| Untracked 
|  92|0x00000000e5c00000, 0x00000000e5c00000, 0x00000000e5d00000|  0%| F|  |TAMS 0x00000000e5c00000, 0x00000000e5c00000| Untracked 
|  93|0x00000000e5d00000, 0x00000000e5d00000, 0x00000000e5e00000|  0%| F|  |TAMS 0x00000000e5d00000, 0x00000000e5d00000| Untracked 
|  94|0x00000000e5e00000, 0x00000000e5e00000, 0x00000000e5f00000|  0%| F|  |TAMS 0x00000000e5e00000, 0x00000000e5e00000| Untracked 
|  95|0x00000000e5f00000, 0x00000000e5f00000, 0x00000000e6000000|  0%| F|  |TAMS 0x00000000e5f00000, 0x00000000e5f00000| Untracked 
|  96|0x00000000e6000000, 0x00000000e6000000, 0x00000000e6100000|  0%| F|  |TAMS 0x00000000e6000000, 0x00000000e6000000| Untracked 
|  97|0x00000000e6100000, 0x00000000e6100000, 0x00000000e6200000|  0%| F|  |TAMS 0x00000000e6100000, 0x00000000e6100000| Untracked 
|  98|0x00000000e6200000, 0x00000000e6200000, 0x00000000e6300000|  0%| F|  |TAMS 0x00000000e6200000, 0x00000000e6200000| Untracked 
|  99|0x00000000e6300000, 0x00000000e6300000, 0x00000000e6400000|  0%| F|  |TAMS 0x00000000e6300000, 0x00000000e6300000| Untracked 
| 100|0x00000000e6400000, 0x00000000e6400000, 0x00000000e6500000|  0%| F|  |TAMS 0x00000000e6400000, 0x00000000e6400000| Untracked 
| 101|0x00000000e6500000, 0x00000000e6500000, 0x00000000e6600000|  0%| F|  |TAMS 0x00000000e6500000, 0x00000000e6500000| Untracked 
| 102|0x00000000e6600000, 0x00000000e6600000, 0x00000000e6700000|  0%| F|  |TAMS 0x00000000e6600000, 0x00000000e6600000| Untracked 
| 103|0x00000000e6700000, 0x00000000e6700000, 0x00000000e6800000|  0%| F|  |TAMS 0x00000000e6700000, 0x00000000e6700000| Untracked 
| 104|0x00000000e6800000, 0x00000000e6800000, 0x00000000e6900000|  0%| F|  |TAMS 0x00000000e6800000, 0x00000000e6800000| Untracked 
| 105|0x00000000e6900000, 0x00000000e6900000, 0x00000000e6a00000|  0%| F|  |TAMS 0x00000000e6900000, 0x00000000e6900000| Untracked 
| 106|0x00000000e6a00000, 0x00000000e6a00000, 0x00000000e6b00000|  0%| F|  |TAMS 0x00000000e6a00000, 0x00000000e6a00000| Untracked 
| 107|0x00000000e6b00000, 0x00000000e6b00000, 0x00000000e6c00000|  0%| F|  |TAMS 0x00000000e6b00000, 0x00000000e6b00000| Untracked 
| 108|0x00000000e6c00000, 0x00000000e6c00000, 0x00000000e6d00000|  0%| F|  |TAMS 0x00000000e6c00000, 0x00000000e6c00000| Untracked 
| 109|0x00000000e6d00000, 0x00000000e6d00000, 0x00000000e6e00000|  0%| F|  |TAMS 0x00000000e6d00000, 0x00000000e6d00000| Untracked 
| 110|0x00000000e6e00000, 0x00000000e6e00000, 0x00000000e6f00000|  0%| F|  |TAMS 0x00000000e6e00000, 0x00000000e6e00000| Untracked 
| 111|0x00000000e6f00000, 0x00000000e6f00000, 0x00000000e7000000|  0%| F|  |TAMS 0x00000000e6f00000, 0x00000000e6f00000| Untracked 
| 112|0x00000000e7000000, 0x00000000e7000000, 0x00000000e7100000|  0%| F|  |TAMS 0x00000000e7000000, 0x00000000e7000000| Untracked 
| 113|0x00000000e7100000, 0x00000000e7100000, 0x00000000e7200000|  0%| F|  |TAMS 0x00000000e7100000, 0x00000000e7100000| Untracked 
| 114|0x00000000e7200000, 0x00000000e7200000, 0x00000000e7300000|  0%| F|  |TAMS 0x00000000e7200000, 0x00000000e7200000| Untracked 
| 115|0x00000000e7300000, 0x00000000e7300000, 0x00000000e7400000|  0%| F|  |TAMS 0x00000000e7300000, 0x00000000e7300000| Untracked 
| 116|0x00000000e7400000, 0x00000000e7400000, 0x00000000e7500000|  0%| F|  |TAMS 0x00000000e7400000, 0x00000000e7400000| Untracked 
| 117|0x00000000e7500000, 0x00000000e7500000, 0x00000000e7600000|  0%| F|  |TAMS 0x00000000e7500000, 0x00000000e7500000| Untracked 
| 118|0x00000000e7600000, 0x00000000e7600000, 0x00000000e7700000|  0%| F|  |TAMS 0x00000000e7600000, 0x00000000e7600000| Untracked 
| 119|0x00000000e7700000, 0x00000000e7700000, 0x00000000e7800000|  0%| F|  |TAMS 0x00000000e7700000, 0x00000000e7700000| Untracked 
| 120|0x00000000e7800000, 0x00000000e7800000, 0x00000000e7900000|  0%| F|  |TAMS 0x00000000e7800000, 0x00000000e7800000| Untracked 
| 121|0x00000000e7900000, 0x00000000e7900000, 0x00000000e7a00000|  0%| F|  |TAMS 0x00000000e7900000, 0x00000000e7900000| Untracked 
| 122|0x00000000e7a00000, 0x00000000e7a00000, 0x00000000e7b00000|  0%| F|  |TAMS 0x00000000e7a00000, 0x00000000e7a00000| Untracked 
| 123|0x00000000e7b00000, 0x00000000e7b00000, 0x00000000e7c00000|  0%| F|  |TAMS 0x00000000e7b00000, 0x00000000e7b00000| Untracked 
| 124|0x00000000e7c00000, 0x00000000e7c00000, 0x00000000e7d00000|  0%| F|  |TAMS 0x00000000e7c00000, 0x00000000e7c00000| Untracked 
| 125|0x00000000e7d00000, 0x00000000e7d00000, 0x00000000e7e00000|  0%| F|  |TAMS 0x00000000e7d00000, 0x00000000e7d00000| Untracked 
| 126|0x00000000e7e00000, 0x00000000e7e00000, 0x00000000e7f00000|  0%| F|  |TAMS 0x00000000e7e00000, 0x00000000e7e00000| Untracked 
| 127|0x00000000e7f00000, 0x00000000e7f00000, 0x00000000e8000000|  0%| F|  |TAMS 0x00000000e7f00000, 0x00000000e7f00000| Untracked 
| 128|0x00000000e8000000, 0x00000000e8000000, 0x00000000e8100000|  0%| F|  |TAMS 0x00000000e8000000, 0x00000000e8000000| Untracked 
| 129|0x00000000e8100000, 0x00000000e8100000, 0x00000000e8200000|  0%| F|  |TAMS 0x00000000e8100000, 0x00000000e8100000| Untracked 
| 130|0x00000000e8200000, 0x00000000e8200000, 0x00000000e8300000|  0%| F|  |TAMS 0x00000000e8200000, 0x00000000e8200000| Untracked 
| 131|0x00000000e8300000, 0x00000000e8300000, 0x00000000e8400000|  0%| F|  |TAMS 0x00000000e8300000, 0x00000000e8300000| Untracked 
| 132|0x00000000e8400000, 0x00000000e8400000, 0x00000000e8500000|  0%| F|  |TAMS 0x00000000e8400000, 0x00000000e8400000| Untracked 
| 133|0x00000000e8500000, 0x00000000e8500000, 0x00000000e8600000|  0%| F|  |TAMS 0x00000000e8500000, 0x00000000e8500000| Untracked 
| 134|0x00000000e8600000, 0x00000000e8600000, 0x00000000e8700000|  0%| F|  |TAMS 0x00000000e8600000, 0x00000000e8600000| Untracked 
| 135|0x00000000e8700000, 0x00000000e8700000, 0x00000000e8800000|  0%| F|  |TAMS 0x00000000e8700000, 0x00000000e8700000| Untracked 
| 136|0x00000000e8800000, 0x00000000e8800000, 0x00000000e8900000|  0%| F|  |TAMS 0x00000000e8800000, 0x00000000e8800000| Untracked 
| 137|0x00000000e8900000, 0x00000000e8900000, 0x00000000e8a00000|  0%| F|  |TAMS 0x00000000e8900000, 0x00000000e8900000| Untracked 
| 138|0x00000000e8a00000, 0x00000000e8a00000, 0x00000000e8b00000|  0%| F|  |TAMS 0x00000000e8a00000, 0x00000000e8a00000| Untracked 
| 139|0x00000000e8b00000, 0x00000000e8b00000, 0x00000000e8c00000|  0%| F|  |TAMS 0x00000000e8b00000, 0x00000000e8b00000| Untracked 
| 140|0x00000000e8c00000, 0x00000000e8c00000, 0x00000000e8d00000|  0%| F|  |TAMS 0x00000000e8c00000, 0x00000000e8c00000| Untracked 
| 141|0x00000000e8d00000, 0x00000000e8d00000, 0x00000000e8e00000|  0%| F|  |TAMS 0x00000000e8d00000, 0x00000000e8d00000| Untracked 
| 142|0x00000000e8e00000, 0x00000000e8e00000, 0x00000000e8f00000|  0%| F|  |TAMS 0x00000000e8e00000, 0x00000000e8e00000| Untracked 
| 143|0x00000000e8f00000, 0x00000000e8f00000, 0x00000000e9000000|  0%| F|  |TAMS 0x00000000e8f00000, 0x00000000e8f00000| Untracked 
| 144|0x00000000e9000000, 0x00000000e9000000, 0x00000000e9100000|  0%| F|  |TAMS 0x00000000e9000000, 0x00000000e9000000| Untracked 
| 145|0x00000000e9100000, 0x00000000e9100000, 0x00000000e9200000|  0%| F|  |TAMS 0x00000000e9100000, 0x00000000e9100000| Untracked 
| 146|0x00000000e9200000, 0x00000000e9200000, 0x00000000e9300000|  0%| F|  |TAMS 0x00000000e9200000, 0x00000000e9200000| Untracked 
| 147|0x00000000e9300000, 0x00000000e9300000, 0x00000000e9400000|  0%| F|  |TAMS 0x00000000e9300000, 0x00000000e9300000| Untracked 
| 148|0x00000000e9400000, 0x00000000e9400000, 0x00000000e9500000|  0%| F|  |TAMS 0x00000000e9400000, 0x00000000e9400000| Untracked 
| 149|0x00000000e9500000, 0x00000000e9500000, 0x00000000e9600000|  0%| F|  |TAMS 0x00000000e9500000, 0x00000000e9500000| Untracked 
| 150|0x00000000e9600000, 0x00000000e9600000, 0x00000000e9700000|  0%| F|  |TAMS 0x00000000e9600000, 0x00000000e9600000| Untracked 
| 151|0x00000000e9700000, 0x00000000e9700000, 0x00000000e9800000|  0%| F|  |TAMS 0x00000000e9700000, 0x00000000e9700000| Untracked 
| 152|0x00000000e9800000, 0x00000000e9800000, 0x00000000e9900000|  0%| F|  |TAMS 0x00000000e9800000, 0x00000000e9800000| Untracked 
| 153|0x00000000e9900000, 0x00000000e9900000, 0x00000000e9a00000|  0%| F|  |TAMS 0x00000000e9900000, 0x00000000e9900000| Untracked 
| 154|0x00000000e9a00000, 0x00000000e9a00000, 0x00000000e9b00000|  0%| F|  |TAMS 0x00000000e9a00000, 0x00000000e9a00000| Untracked 
| 155|0x00000000e9b00000, 0x00000000e9b00000, 0x00000000e9c00000|  0%| F|  |TAMS 0x00000000e9b00000, 0x00000000e9b00000| Untracked 
| 156|0x00000000e9c00000, 0x00000000e9c00000, 0x00000000e9d00000|  0%| F|  |TAMS 0x00000000e9c00000, 0x00000000e9c00000| Untracked 
| 157|0x00000000e9d00000, 0x00000000e9d00000, 0x00000000e9e00000|  0%| F|  |TAMS 0x00000000e9d00000, 0x00000000e9d00000| Untracked 
| 158|0x00000000e9e00000, 0x00000000e9e00000, 0x00000000e9f00000|  0%| F|  |TAMS 0x00000000e9e00000, 0x00000000e9e00000| Untracked 
| 159|0x00000000e9f00000, 0x00000000e9f00000, 0x00000000ea000000|  0%| F|  |TAMS 0x00000000e9f00000, 0x00000000e9f00000| Untracked 
| 160|0x00000000ea000000, 0x00000000ea000000, 0x00000000ea100000|  0%| F|  |TAMS 0x00000000ea000000, 0x00000000ea000000| Untracked 
| 161|0x00000000ea100000, 0x00000000ea100000, 0x00000000ea200000|  0%| F|  |TAMS 0x00000000ea100000, 0x00000000ea100000| Untracked 
| 162|0x00000000ea200000, 0x00000000ea200000, 0x00000000ea300000|  0%| F|  |TAMS 0x00000000ea200000, 0x00000000ea200000| Untracked 
| 163|0x00000000ea300000, 0x00000000ea300000, 0x00000000ea400000|  0%| F|  |TAMS 0x00000000ea300000, 0x00000000ea300000| Untracked 
| 164|0x00000000ea400000, 0x00000000ea400000, 0x00000000ea500000|  0%| F|  |TAMS 0x00000000ea400000, 0x00000000ea400000| Untracked 
| 165|0x00000000ea500000, 0x00000000ea500000, 0x00000000ea600000|  0%| F|  |TAMS 0x00000000ea500000, 0x00000000ea500000| Untracked 
| 166|0x00000000ea600000, 0x00000000ea600000, 0x00000000ea700000|  0%| F|  |TAMS 0x00000000ea600000, 0x00000000ea600000| Untracked 
| 167|0x00000000ea700000, 0x00000000ea700000, 0x00000000ea800000|  0%| F|  |TAMS 0x00000000ea700000, 0x00000000ea700000| Untracked 
| 168|0x00000000ea800000, 0x00000000ea800000, 0x00000000ea900000|  0%| F|  |TAMS 0x00000000ea800000, 0x00000000ea800000| Untracked 
| 169|0x00000000ea900000, 0x00000000ea900000, 0x00000000eaa00000|  0%| F|  |TAMS 0x00000000ea900000, 0x00000000ea900000| Untracked 
| 170|0x00000000eaa00000, 0x00000000eaa00000, 0x00000000eab00000|  0%| F|  |TAMS 0x00000000eaa00000, 0x00000000eaa00000| Untracked 
| 171|0x00000000eab00000, 0x00000000eab00000, 0x00000000eac00000|  0%| F|  |TAMS 0x00000000eab00000, 0x00000000eab00000| Untracked 
| 172|0x00000000eac00000, 0x00000000eac00000, 0x00000000ead00000|  0%| F|  |TAMS 0x00000000eac00000, 0x00000000eac00000| Untracked 
| 173|0x00000000ead00000, 0x00000000ead00000, 0x00000000eae00000|  0%| F|  |TAMS 0x00000000ead00000, 0x00000000ead00000| Untracked 
| 174|0x00000000eae00000, 0x00000000eae00000, 0x00000000eaf00000|  0%| F|  |TAMS 0x00000000eae00000, 0x00000000eae00000| Untracked 
| 175|0x00000000eaf00000, 0x00000000eaf00000, 0x00000000eb000000|  0%| F|  |TAMS 0x00000000eaf00000, 0x00000000eaf00000| Untracked 
| 176|0x00000000eb000000, 0x00000000eb000000, 0x00000000eb100000|  0%| F|  |TAMS 0x00000000eb000000, 0x00000000eb000000| Untracked 
| 177|0x00000000eb100000, 0x00000000eb100000, 0x00000000eb200000|  0%| F|  |TAMS 0x00000000eb100000, 0x00000000eb100000| Untracked 
| 178|0x00000000eb200000, 0x00000000eb200000, 0x00000000eb300000|  0%| F|  |TAMS 0x00000000eb200000, 0x00000000eb200000| Untracked 
| 179|0x00000000eb300000, 0x00000000eb300000, 0x00000000eb400000|  0%| F|  |TAMS 0x00000000eb300000, 0x00000000eb300000| Untracked 
| 180|0x00000000eb400000, 0x00000000eb400000, 0x00000000eb500000|  0%| F|  |TAMS 0x00000000eb400000, 0x00000000eb400000| Untracked 
| 181|0x00000000eb500000, 0x00000000eb500000, 0x00000000eb600000|  0%| F|  |TAMS 0x00000000eb500000, 0x00000000eb500000| Untracked 
| 182|0x00000000eb600000, 0x00000000eb600000, 0x00000000eb700000|  0%| F|  |TAMS 0x00000000eb600000, 0x00000000eb600000| Untracked 
| 183|0x00000000eb700000, 0x00000000eb700000, 0x00000000eb800000|  0%| F|  |TAMS 0x00000000eb700000, 0x00000000eb700000| Untracked 
| 184|0x00000000eb800000, 0x00000000eb800000, 0x00000000eb900000|  0%| F|  |TAMS 0x00000000eb800000, 0x00000000eb800000| Untracked 
| 185|0x00000000eb900000, 0x00000000eb900000, 0x00000000eba00000|  0%| F|  |TAMS 0x00000000eb900000, 0x00000000eb900000| Untracked 
| 186|0x00000000eba00000, 0x00000000eba00000, 0x00000000ebb00000|  0%| F|  |TAMS 0x00000000eba00000, 0x00000000eba00000| Untracked 
| 187|0x00000000ebb00000, 0x00000000ebb00000, 0x00000000ebc00000|  0%| F|  |TAMS 0x00000000ebb00000, 0x00000000ebb00000| Untracked 
| 188|0x00000000ebc00000, 0x00000000ebc00000, 0x00000000ebd00000|  0%| F|  |TAMS 0x00000000ebc00000, 0x00000000ebc00000| Untracked 
| 189|0x00000000ebd00000, 0x00000000ebd00000, 0x00000000ebe00000|  0%| F|  |TAMS 0x00000000ebd00000, 0x00000000ebd00000| Untracked 
| 190|0x00000000ebe00000, 0x00000000ebe00000, 0x00000000ebf00000|  0%| F|  |TAMS 0x00000000ebe00000, 0x00000000ebe00000| Untracked 
| 191|0x00000000ebf00000, 0x00000000ebf00000, 0x00000000ec000000|  0%| F|  |TAMS 0x00000000ebf00000, 0x00000000ebf00000| Untracked 
| 192|0x00000000ec000000, 0x00000000ec000000, 0x00000000ec100000|  0%| F|  |TAMS 0x00000000ec000000, 0x00000000ec000000| Untracked 
| 193|0x00000000ec100000, 0x00000000ec100000, 0x00000000ec200000|  0%| F|  |TAMS 0x00000000ec100000, 0x00000000ec100000| Untracked 
| 194|0x00000000ec200000, 0x00000000ec200000, 0x00000000ec300000|  0%| F|  |TAMS 0x00000000ec200000, 0x00000000ec200000| Untracked 
| 195|0x00000000ec300000, 0x00000000ec300000, 0x00000000ec400000|  0%| F|  |TAMS 0x00000000ec300000, 0x00000000ec300000| Untracked 
| 196|0x00000000ec400000, 0x00000000ec462218, 0x00000000ec500000| 38%| S|CS|TAMS 0x00000000ec400000, 0x00000000ec400000| Complete 
| 197|0x00000000ec500000, 0x00000000ec600000, 0x00000000ec600000|100%| S|CS|TAMS 0x00000000ec500000, 0x00000000ec500000| Complete 
| 198|0x00000000ec600000, 0x00000000ec700000, 0x00000000ec700000|100%| S|CS|TAMS 0x00000000ec600000, 0x00000000ec600000| Complete 
| 199|0x00000000ec700000, 0x00000000ec800000, 0x00000000ec800000|100%| S|CS|TAMS 0x00000000ec700000, 0x00000000ec700000| Complete 
| 200|0x00000000ec800000, 0x00000000ec900000, 0x00000000ec900000|100%| S|CS|TAMS 0x00000000ec800000, 0x00000000ec800000| Complete 
| 201|0x00000000ec900000, 0x00000000eca00000, 0x00000000eca00000|100%| S|CS|TAMS 0x00000000ec900000, 0x00000000ec900000| Complete 
| 202|0x00000000eca00000, 0x00000000ecb00000, 0x00000000ecb00000|100%| S|CS|TAMS 0x00000000eca00000, 0x00000000eca00000| Complete 
| 203|0x00000000ecb00000, 0x00000000ecc00000, 0x00000000ecc00000|100%| S|CS|TAMS 0x00000000ecb00000, 0x00000000ecb00000| Complete 
| 204|0x00000000ecc00000, 0x00000000ecd00000, 0x00000000ecd00000|100%| S|CS|TAMS 0x00000000ecc00000, 0x00000000ecc00000| Complete 
| 205|0x00000000ecd00000, 0x00000000ecd00000, 0x00000000ece00000|  0%| F|  |TAMS 0x00000000ecd00000, 0x00000000ecd00000| Untracked 
| 206|0x00000000ece00000, 0x00000000ece00000, 0x00000000ecf00000|  0%| F|  |TAMS 0x00000000ece00000, 0x00000000ece00000| Untracked 
| 207|0x00000000ecf00000, 0x00000000ecf00000, 0x00000000ed000000|  0%| F|  |TAMS 0x00000000ecf00000, 0x00000000ecf00000| Untracked 
| 208|0x00000000ed000000, 0x00000000ed000000, 0x00000000ed100000|  0%| F|  |TAMS 0x00000000ed000000, 0x00000000ed000000| Untracked 
| 209|0x00000000ed100000, 0x00000000ed100000, 0x00000000ed200000|  0%| F|  |TAMS 0x00000000ed100000, 0x00000000ed100000| Untracked 
| 210|0x00000000ed200000, 0x00000000ed200000, 0x00000000ed300000|  0%| F|  |TAMS 0x00000000ed200000, 0x00000000ed200000| Untracked 
| 211|0x00000000ed300000, 0x00000000ed300000, 0x00000000ed400000|  0%| F|  |TAMS 0x00000000ed300000, 0x00000000ed300000| Untracked 
| 212|0x00000000ed400000, 0x00000000ed400000, 0x00000000ed500000|  0%| F|  |TAMS 0x00000000ed400000, 0x00000000ed400000| Untracked 
| 213|0x00000000ed500000, 0x00000000ed500000, 0x00000000ed600000|  0%| F|  |TAMS 0x00000000ed500000, 0x00000000ed500000| Untracked 
| 214|0x00000000ed600000, 0x00000000ed600000, 0x00000000ed700000|  0%| F|  |TAMS 0x00000000ed600000, 0x00000000ed600000| Untracked 
| 215|0x00000000ed700000, 0x00000000ed700000, 0x00000000ed800000|  0%| F|  |TAMS 0x00000000ed700000, 0x00000000ed700000| Untracked 
| 216|0x00000000ed800000, 0x00000000ed800000, 0x00000000ed900000|  0%| F|  |TAMS 0x00000000ed800000, 0x00000000ed800000| Untracked 
| 217|0x00000000ed900000, 0x00000000ed900000, 0x00000000eda00000|  0%| F|  |TAMS 0x00000000ed900000, 0x00000000ed900000| Untracked 
| 218|0x00000000eda00000, 0x00000000eda00000, 0x00000000edb00000|  0%| F|  |TAMS 0x00000000eda00000, 0x00000000eda00000| Untracked 
| 219|0x00000000edb00000, 0x00000000edb00000, 0x00000000edc00000|  0%| F|  |TAMS 0x00000000edb00000, 0x00000000edb00000| Untracked 
| 220|0x00000000edc00000, 0x00000000edc00000, 0x00000000edd00000|  0%| F|  |TAMS 0x00000000edc00000, 0x00000000edc00000| Untracked 
| 221|0x00000000edd00000, 0x00000000edd00000, 0x00000000ede00000|  0%| F|  |TAMS 0x00000000edd00000, 0x00000000edd00000| Untracked 
| 222|0x00000000ede00000, 0x00000000ede00000, 0x00000000edf00000|  0%| F|  |TAMS 0x00000000ede00000, 0x00000000ede00000| Untracked 
| 223|0x00000000edf00000, 0x00000000edf00000, 0x00000000ee000000|  0%| F|  |TAMS 0x00000000edf00000, 0x00000000edf00000| Untracked 
| 224|0x00000000ee000000, 0x00000000ee000000, 0x00000000ee100000|  0%| F|  |TAMS 0x00000000ee000000, 0x00000000ee000000| Untracked 
| 225|0x00000000ee100000, 0x00000000ee100000, 0x00000000ee200000|  0%| F|  |TAMS 0x00000000ee100000, 0x00000000ee100000| Untracked 
| 226|0x00000000ee200000, 0x00000000ee200000, 0x00000000ee300000|  0%| F|  |TAMS 0x00000000ee200000, 0x00000000ee200000| Untracked 
| 227|0x00000000ee300000, 0x00000000ee300000, 0x00000000ee400000|  0%| F|  |TAMS 0x00000000ee300000, 0x00000000ee300000| Untracked 
| 228|0x00000000ee400000, 0x00000000ee400000, 0x00000000ee500000|  0%| F|  |TAMS 0x00000000ee400000, 0x00000000ee400000| Untracked 
| 229|0x00000000ee500000, 0x00000000ee500000, 0x00000000ee600000|  0%| F|  |TAMS 0x00000000ee500000, 0x00000000ee500000| Untracked 
| 230|0x00000000ee600000, 0x00000000ee600000, 0x00000000ee700000|  0%| F|  |TAMS 0x00000000ee600000, 0x00000000ee600000| Untracked 
| 231|0x00000000ee700000, 0x00000000ee700000, 0x00000000ee800000|  0%| F|  |TAMS 0x00000000ee700000, 0x00000000ee700000| Untracked 
| 232|0x00000000ee800000, 0x00000000ee800000, 0x00000000ee900000|  0%| F|  |TAMS 0x00000000ee800000, 0x00000000ee800000| Untracked 
| 233|0x00000000ee900000, 0x00000000ee900000, 0x00000000eea00000|  0%| F|  |TAMS 0x00000000ee900000, 0x00000000ee900000| Untracked 
| 234|0x00000000eea00000, 0x00000000eea00000, 0x00000000eeb00000|  0%| F|  |TAMS 0x00000000eea00000, 0x00000000eea00000| Untracked 
| 235|0x00000000eeb00000, 0x00000000eeb00000, 0x00000000eec00000|  0%| F|  |TAMS 0x00000000eeb00000, 0x00000000eeb00000| Untracked 
| 236|0x00000000eec00000, 0x00000000eec00000, 0x00000000eed00000|  0%| F|  |TAMS 0x00000000eec00000, 0x00000000eec00000| Untracked 
| 237|0x00000000eed00000, 0x00000000eed00000, 0x00000000eee00000|  0%| F|  |TAMS 0x00000000eed00000, 0x00000000eed00000| Untracked 
| 238|0x00000000eee00000, 0x00000000eee00000, 0x00000000eef00000|  0%| F|  |TAMS 0x00000000eee00000, 0x00000000eee00000| Untracked 
| 239|0x00000000eef00000, 0x00000000eef00000, 0x00000000ef000000|  0%| F|  |TAMS 0x00000000eef00000, 0x00000000eef00000| Untracked 
| 240|0x00000000ef000000, 0x00000000ef000000, 0x00000000ef100000|  0%| F|  |TAMS 0x00000000ef000000, 0x00000000ef000000| Untracked 
| 241|0x00000000ef100000, 0x00000000ef200000, 0x00000000ef200000|100%| E|  |TAMS 0x00000000ef100000, 0x00000000ef100000| Complete 
| 242|0x00000000ef200000, 0x00000000ef300000, 0x00000000ef300000|100%| E|CS|TAMS 0x00000000ef200000, 0x00000000ef200000| Complete 
| 243|0x00000000ef300000, 0x00000000ef400000, 0x00000000ef400000|100%| E|CS|TAMS 0x00000000ef300000, 0x00000000ef300000| Complete 
| 244|0x00000000ef400000, 0x00000000ef500000, 0x00000000ef500000|100%| E|CS|TAMS 0x00000000ef400000, 0x00000000ef400000| Complete 
| 245|0x00000000ef500000, 0x00000000ef600000, 0x00000000ef600000|100%| E|CS|TAMS 0x00000000ef500000, 0x00000000ef500000| Complete 
| 246|0x00000000ef600000, 0x00000000ef700000, 0x00000000ef700000|100%| E|CS|TAMS 0x00000000ef600000, 0x00000000ef600000| Complete 
| 247|0x00000000ef700000, 0x00000000ef800000, 0x00000000ef800000|100%| E|CS|TAMS 0x00000000ef700000, 0x00000000ef700000| Complete 
| 248|0x00000000ef800000, 0x00000000ef900000, 0x00000000ef900000|100%| E|CS|TAMS 0x00000000ef800000, 0x00000000ef800000| Complete 
| 249|0x00000000ef900000, 0x00000000efa00000, 0x00000000efa00000|100%| E|CS|TAMS 0x00000000ef900000, 0x00000000ef900000| Complete 
| 250|0x00000000efa00000, 0x00000000efb00000, 0x00000000efb00000|100%| E|CS|TAMS 0x00000000efa00000, 0x00000000efa00000| Complete 
| 251|0x00000000efb00000, 0x00000000efc00000, 0x00000000efc00000|100%| E|CS|TAMS 0x00000000efb00000, 0x00000000efb00000| Complete 
| 252|0x00000000efc00000, 0x00000000efd00000, 0x00000000efd00000|100%| E|CS|TAMS 0x00000000efc00000, 0x00000000efc00000| Complete 
| 253|0x00000000efd00000, 0x00000000efe00000, 0x00000000efe00000|100%| E|CS|TAMS 0x00000000efd00000, 0x00000000efd00000| Complete 
| 254|0x00000000efe00000, 0x00000000eff00000, 0x00000000eff00000|100%| E|CS|TAMS 0x00000000efe00000, 0x00000000efe00000| Complete 
| 255|0x00000000eff00000, 0x00000000f0000000, 0x00000000f0000000|100%| E|CS|TAMS 0x00000000eff00000, 0x00000000eff00000| Complete 

Card table byte_map: [0x000001bd55d30000,0x000001bd55e30000] _byte_map_base: 0x000001bd55630000

Marking Bits (Prev, Next): (CMBitMap*) 0x000001bd43041730, (CMBitMap*) 0x000001bd430416f8
 Prev Bits: [0x000001bd56730000, 0x000001bd56f30000)
 Next Bits: [0x000001bd55f30000, 0x000001bd56730000)

Polling page: 0x000001bd40e50000

Metaspace:

Usage:
  Non-class:     18.71 MB capacity,    18.46 MB ( 99%) used,   230.13 KB (  1%) free+waste,    27.50 KB ( <1%) overhead. 
      Class:      2.29 MB capacity,     2.20 MB ( 96%) used,    85.48 KB (  4%) free+waste,    11.50 KB ( <1%) overhead. 
       Both:     21.01 MB capacity,    20.66 MB ( 98%) used,   315.62 KB (  1%) free+waste,    39.00 KB ( <1%) overhead. 

Virtual space:
  Non-class space:       20.00 MB reserved,      18.75 MB ( 94%) committed 
      Class space:        1.00 GB reserved,       2.38 MB ( <1%) committed 
             Both:        1.02 GB reserved,      21.13 MB (  2%) committed 

Chunk freelists:
   Non-Class:  37.00 KB
       Class:  21.00 KB
        Both:  58.00 KB

MaxMetaspaceSize: 17179869184.00 GB
CompressedClassSpaceSize: 1.00 GB

CodeHeap 'non-profiled nmethods': size=120064Kb used=1388Kb max_used=1388Kb free=118675Kb
 bounds [0x000001bd4e5e0000, 0x000001bd4e850000, 0x000001bd55b20000]
CodeHeap 'profiled nmethods': size=120000Kb used=10669Kb max_used=10669Kb free=109330Kb
 bounds [0x000001bd470b0000, 0x000001bd47b20000, 0x000001bd4e5e0000]
CodeHeap 'non-nmethods': size=5696Kb used=1149Kb max_used=1194Kb free=4546Kb
 bounds [0x000001bd46b20000, 0x000001bd46d90000, 0x000001bd470b0000]
 total_blobs=2715 nmethods=2261 adapters=363
 compilation: enabled
              stopped_count=0, restarted_count=0
 full_count=0

Compilation events (20 events):
Event: 2.325 Thread 0x000001bd5a023000 2312       2       org.jacoco.agent.rt.internal_1f1cc91.core.internal.flow.LabelInfo::isDone (38 bytes)
Event: 2.326 Thread 0x000001bd5a023000 nmethod 2312 0x000001bd47b0f990 code [0x000001bd47b0fbc0, 0x000001bd47b101b8]
Event: 2.326 Thread 0x000001bd5a023000 2313       2       org.jacoco.agent.rt.internal_1f1cc91.core.internal.flow.LabelFlowAnalyzer::setTargetIfNotDone (50 bytes)
Event: 2.326 Thread 0x000001bd5a023000 nmethod 2313 0x000001bd47b10510 code [0x000001bd47b107e0, 0x000001bd47b11308]
Event: 2.328 Thread 0x000001bd5a023000 2314       2       org.jacoco.agent.rt.internal_1f1cc91.core.internal.flow.LabelFlowAnalyzer::visitIincInsn (38 bytes)
Event: 2.328 Thread 0x000001bd5a023000 nmethod 2314 0x000001bd47b11910 code [0x000001bd47b11b60, 0x000001bd47b12388]
Event: 2.328 Thread 0x000001bd5a023000 2315       2       org.jacoco.agent.rt.internal_1f1cc91.core.internal.instr.ProbeInserter::visitIincInsn (34 bytes)
Event: 2.329 Thread 0x000001bd5a023000 nmethod 2315 0x000001bd47b12810 code [0x000001bd47b12a40, 0x000001bd47b13088]
Event: 2.329 Thread 0x000001bd5a023000 2316       2       org.jacoco.agent.rt.internal_1f1cc91.core.internal.instr.DuplicateFrameEliminator::visitIincInsn (42 bytes)
Event: 2.329 Thread 0x000001bd5a023000 nmethod 2316 0x000001bd47b13410 code [0x000001bd47b13680, 0x000001bd47b13ef8]
Event: 2.329 Thread 0x000001bd5a023000 2317       2       org.jacoco.agent.rt.internal_1f1cc91.asm.MethodWriter::visitIincInsn (221 bytes)
Event: 2.330 Thread 0x000001bd5a023000 nmethod 2317 0x000001bd47b14390 code [0x000001bd47b14800, 0x000001bd47b164a8]
Event: 2.333 Thread 0x000001bd5a023000 2318       2       org.jacoco.agent.rt.internal_1f1cc91.asm.SymbolTable::addConstantIntegerOrFloat (166 bytes)
Event: 2.334 Thread 0x000001bd5a023000 nmethod 2318 0x000001bd47b17390 code [0x000001bd47b17780, 0x000001bd47b18e48]
Event: 2.336 Thread 0x000001bd5a023000 2319       2       org.jacoco.agent.rt.internal_1f1cc91.asm.tree.IincInsnNode::<init> (52 bytes)
Event: 2.337 Thread 0x000001bd5a023000 nmethod 2319 0x000001bd47b19b10 code [0x000001bd47b19da0, 0x000001bd47b1a858]
Event: 2.344 Thread 0x000001bd5a35b800 nmethod 2090% 0x000001bd4e71ed10 code [0x000001bd4e71f6c0, 0x000001bd4e72bb00]
Event: 2.345 Thread 0x000001bd5a35b800 2309       4       org.jacoco.agent.rt.internal_1f1cc91.core.internal.flow.MethodSanitizer::visitLocalVariable (61 bytes)
Event: 2.350 Thread 0x000001bd5a01c000 nmethod 2185 0x000001bd4e733610 code [0x000001bd4e733b00, 0x000001bd4e737cd0]
Event: 2.350 Thread 0x000001bd5a01c000 2310       4       org.jacoco.agent.rt.internal_1f1cc91.asm.tree.MethodNode::visitLocalVariable (74 bytes)

GC Heap History (10 events):
Event: 0.368 GC heap before
{Heap before GC invocations=0 (full 0):
 garbage-first heap   total 262144K, used 22528K [0x00000000e0000000, 0x0000000100000000)
  region size 1024K, 22 young (22528K), 0 survivors (0K)
 Metaspace       used 9859K, capacity 10063K, committed 10240K, reserved 1058816K
  class space    used 867K, capacity 924K, committed 1024K, reserved 1048576K
}
Event: 0.371 GC heap after
{Heap after GC invocations=1 (full 0):
 garbage-first heap   total 262144K, used 8453K [0x00000000e0000000, 0x0000000100000000)
  region size 1024K, 3 young (3072K), 3 survivors (3072K)
 Metaspace       used 9859K, capacity 10063K, committed 10240K, reserved 1058816K
  class space    used 867K, capacity 924K, committed 1024K, reserved 1048576K
}
Event: 0.685 GC heap before
{Heap before GC invocations=1 (full 0):
 garbage-first heap   total 262144K, used 32005K [0x00000000e0000000, 0x0000000100000000)
  region size 1024K, 26 young (26624K), 3 survivors (3072K)
 Metaspace       used 11635K, capacity 11865K, committed 12160K, reserved 1060864K
  class space    used 1041K, capacity 1098K, committed 1152K, reserved 1048576K
}
Event: 0.687 GC heap after
{Heap after GC invocations=2 (full 0):
 garbage-first heap   total 262144K, used 10163K [0x00000000e0000000, 0x0000000100000000)
  region size 1024K, 2 young (2048K), 2 survivors (2048K)
 Metaspace       used 11635K, capacity 11865K, committed 12160K, reserved 1060864K
  class space    used 1041K, capacity 1098K, committed 1152K, reserved 1048576K
}
Event: 1.121 GC heap before
{Heap before GC invocations=2 (full 0):
 garbage-first heap   total 262144K, used 44979K [0x00000000e0000000, 0x0000000100000000)
  region size 1024K, 36 young (36864K), 2 survivors (2048K)
 Metaspace       used 15241K, capacity 15568K, committed 15744K, reserved 1062912K
  class space    used 1473K, capacity 1559K, committed 1664K, reserved 1048576K
}
Event: 1.123 GC heap after
{Heap after GC invocations=3 (full 0):
 garbage-first heap   total 262144K, used 11447K [0x00000000e0000000, 0x0000000100000000)
  region size 1024K, 3 young (3072K), 3 survivors (3072K)
 Metaspace       used 15241K, capacity 15568K, committed 15744K, reserved 1062912K
  class space    used 1473K, capacity 1559K, committed 1664K, reserved 1048576K
}
Event: 1.897 GC heap before
{Heap before GC invocations=3 (full 0):
 garbage-first heap   total 262144K, used 80055K [0x00000000e0000000, 0x0000000100000000)
  region size 1024K, 70 young (71680K), 3 survivors (3072K)
 Metaspace       used 18731K, capacity 19005K, committed 19200K, reserved 1067008K
  class space    used 1872K, capacity 1961K, committed 2048K, reserved 1048576K
}
Event: 1.900 GC heap after
{Heap after GC invocations=4 (full 0):
 garbage-first heap   total 262144K, used 14062K [0x00000000e0000000, 0x0000000100000000)
  region size 1024K, 6 young (6144K), 6 survivors (6144K)
 Metaspace       used 18731K, capacity 19005K, committed 19200K, reserved 1067008K
  class space    used 1872K, capacity 1961K, committed 2048K, reserved 1048576K
}
Event: 2.263 GC heap before
{Heap before GC invocations=4 (full 0):
 garbage-first heap   total 262144K, used 65262K [0x00000000e0000000, 0x0000000100000000)
  region size 1024K, 57 young (58368K), 6 survivors (6144K)
 Metaspace       used 20674K, capacity 20998K, committed 21248K, reserved 1069056K
  class space    used 2192K, capacity 2283K, committed 2304K, reserved 1048576K
}
Event: 2.268 GC heap after
{Heap after GC invocations=5 (full 0):
 garbage-first heap   total 262144K, used 17237K [0x00000000e0000000, 0x0000000100000000)
  region size 1024K, 9 young (9216K), 9 survivors (9216K)
 Metaspace       used 20674K, capacity 20998K, committed 21248K, reserved 1069056K
  class space    used 2192K, capacity 2283K, committed 2304K, reserved 1048576K
}

Deoptimization events (20 events):
Event: 1.913 Thread 0x000001bd5e4d0800 Uncommon trap: trap_request=0xffffff4d fr.pc=0x000001bd4e6bd784 relative=0x0000000000000a04
Event: 1.913 Thread 0x000001bd5e4d0800 Uncommon trap: reason=unstable_if action=reinterpret pc=0x000001bd4e6bd784 method=org.jacoco.agent.rt.internal_1f1cc91.asm.Type.getTypeInternal(Ljava/lang/String;II)Lorg/jacoco/agent/rt/internal_1f1cc91/asm/Type; @ 18 c2
Event: 1.913 Thread 0x000001bd5e4d0800 DEOPT PACKING pc=0x000001bd4e6bd784 sp=0x000000a9cdef4b90
Event: 1.913 Thread 0x000001bd5e4d0800 DEOPT UNPACKING pc=0x000001bd46b4662f sp=0x000000a9cdef4b68 mode 2
Event: 2.077 Thread 0x000001bd5e4d0800 DEOPT PACKING pc=0x000001bd471c1488 sp=0x000000a9cdef4a80
Event: 2.077 Thread 0x000001bd5e4d0800 DEOPT UNPACKING pc=0x000001bd46b46dde sp=0x000000a9cdef40f0 mode 0
Event: 2.136 Thread 0x000001bd5e4d0800 DEOPT PACKING pc=0x000001bd47844f92 sp=0x000000a9cdef4ee0
Event: 2.136 Thread 0x000001bd5e4d0800 DEOPT UNPACKING pc=0x000001bd46b46dde sp=0x000000a9cdef43b0 mode 0
Event: 2.144 Thread 0x000001bd5e4d0800 DEOPT PACKING pc=0x000001bd47844f92 sp=0x000000a9cdef37d0
Event: 2.144 Thread 0x000001bd5e4d0800 DEOPT UNPACKING pc=0x000001bd46b46dde sp=0x000000a9cdef2ca0 mode 0
Event: 2.147 Thread 0x000001bd5e4d0800 DEOPT PACKING pc=0x000001bd47844f92 sp=0x000000a9cdef4da0
Event: 2.147 Thread 0x000001bd5e4d0800 DEOPT UNPACKING pc=0x000001bd46b46dde sp=0x000000a9cdef4270 mode 0
Event: 2.155 Thread 0x000001bd5e4d0800 DEOPT PACKING pc=0x000001bd471c1488 sp=0x000000a9cdef33c0
Event: 2.155 Thread 0x000001bd5e4d0800 DEOPT UNPACKING pc=0x000001bd46b46dde sp=0x000000a9cdef2a30 mode 0
Event: 2.191 Thread 0x000001bd5e4d0800 DEOPT PACKING pc=0x000001bd471c1488 sp=0x000000a9cdef41e0
Event: 2.191 Thread 0x000001bd5e4d0800 DEOPT UNPACKING pc=0x000001bd46b46dde sp=0x000000a9cdef3850 mode 0
Event: 2.232 Thread 0x000001bd5e4d0800 DEOPT PACKING pc=0x000001bd471fc330 sp=0x000000a9cdef5090
Event: 2.232 Thread 0x000001bd5e4d0800 DEOPT UNPACKING pc=0x000001bd46b46dde sp=0x000000a9cdef45a8 mode 0
Event: 2.237 Thread 0x000001bd5e4d0800 DEOPT PACKING pc=0x000001bd471c1488 sp=0x000000a9cdef29d0
Event: 2.237 Thread 0x000001bd5e4d0800 DEOPT UNPACKING pc=0x000001bd46b46dde sp=0x000000a9cdef2040 mode 0

Classes redefined (0 events):
No events

Internal exceptions (18 events):
Event: 0.179 Thread 0x000001bd4302c800 Exception <a 'java/security/PrivilegedActionException'{0x00000000efc62f48}> (0x00000000efc62f48) thrown at [./src/hotspot/share/prims/jvm.cpp, line 1306]
Event: 0.179 Thread 0x000001bd4302c800 Exception <a 'java/security/PrivilegedActionException'{0x00000000efc63218}> (0x00000000efc63218) thrown at [./src/hotspot/share/prims/jvm.cpp, line 1306]
Event: 0.228 Thread 0x000001bd4302c800 Exception <a 'java/security/PrivilegedActionException'{0x00000000ef68f0d0}> (0x00000000ef68f0d0) thrown at [./src/hotspot/share/prims/jvm.cpp, line 1306]
Event: 0.228 Thread 0x000001bd4302c800 Exception <a 'java/security/PrivilegedActionException'{0x00000000ef68f3a0}> (0x00000000ef68f3a0) thrown at [./src/hotspot/share/prims/jvm.cpp, line 1306]
Event: 0.331 Thread 0x000001bd4302c800 Exception <a 'java/lang/NoSuchMethodError'{0x00000000eee95310}: 'int java.lang.invoke.DirectMethodHandle$Holder.invokeSpecialIFC(java.lang.Object, java.lang.Object, int)'> (0x00000000eee95310) thrown at [./src/hotspot/share/interpreter/linkResolver.cpp, line 773]
Event: 0.836 Thread 0x000001bd4302c800 Exception <a 'java/lang/NoSuchMethodError'{0x00000000ef48a280}: <clinit>> (0x00000000ef48a280) thrown at [./src/hotspot/share/prims/jni.cpp, line 1362]
Event: 0.837 Thread 0x000001bd4302c800 Exception <a 'java/lang/NoSuchMethodError'{0x00000000ef493cb0}: <clinit>> (0x00000000ef493cb0) thrown at [./src/hotspot/share/prims/jni.cpp, line 1362]
Event: 0.837 Thread 0x000001bd4302c800 Exception <a 'java/lang/NoSuchMethodError'{0x00000000ef49d180}: <clinit>> (0x00000000ef49d180) thrown at [./src/hotspot/share/prims/jni.cpp, line 1362]
Event: 0.985 Thread 0x000001bd4302c800 Exception <a 'java/lang/NoSuchMethodError'{0x00000000ee7b1330}: 'java.lang.Object java.lang.invoke.DirectMethodHandle$Holder.invokeVirtual(java.lang.Object, java.lang.Object, java.lang.Object, java.lang.Object, java.lang.Object)'> (0x00000000ee7b1330) thrown at [./src/hotspot/share/interpreter/linkResolver.cpp, line 773]
Event: 1.064 Thread 0x000001bd4302c800 Exception <a 'java/lang/NoSuchMethodError'{0x00000000edd928c0}: 'java.lang.Object java.lang.invoke.DirectMethodHandle$Holder.invokeStaticInit(java.lang.Object, int, int, int, int)'> (0x00000000edd928c0) thrown at [./src/hotspot/share/interpreter/linkResolver.cpp, line 773]
Event: 1.116 Thread 0x000001bd4302c800 Exception <a 'java/lang/NoSuchMethodError'{0x00000000edcc0a58}: 'java.lang.Object java.lang.invoke.DirectMethodHandle$Holder.invokeStaticInit(java.lang.Object, java.lang.Object, int, int, int, int)'> (0x00000000edcc0a58) thrown at [./src/hotspot/share/interpreter/linkResolver.cpp, line 773]
Event: 1.478 Thread 0x000001bd5e4d0800 Exception <a 'java/lang/reflect/InvocationTargetException'{0x00000000ed5ffd38}> (0x00000000ed5ffd38) thrown at [./src/hotspot/share/runtime/reflection.cpp, line 1247]
Event: 1.479 Thread 0x000001bd5e4d0800 Exception <a 'java/lang/NoSuchMethodError'{0x00000000ed40c378}: 'java.lang.Object java.lang.invoke.DirectMethodHandle$Holder.invokeStaticInit(java.lang.Object, java.lang.Object, long, java.lang.Object)'> (0x00000000ed40c378) thrown at [./src/hotspot/share/interpreter/linkResolver.cpp, line 773]
Event: 1.480 Thread 0x000001bd5e4d0800 Exception <a 'java/lang/NoSuchMethodError'{0x00000000ed418608}: 'java.lang.Object java.lang.invoke.Invokers$Holder.linkToTargetMethod(java.lang.Object, long, java.lang.Object)'> (0x00000000ed418608) thrown at [./src/hotspot/share/interpreter/linkResolver.cpp, line 773]
Event: 1.492 Thread 0x000001bd5e4d0800 Exception <a 'java/lang/NoSuchMethodError'{0x00000000ed3269e8}: 'void java.lang.invoke.DirectMethodHandle$Holder.invokeStatic(java.lang.Object, long)'> (0x00000000ed3269e8) thrown at [./src/hotspot/share/interpreter/linkResolver.cpp, line 773]
Event: 1.492 Thread 0x000001bd5e4d0800 Exception <a 'java/lang/NoSuchMethodError'{0x00000000ed32bea0}: 'java.lang.Object java.lang.invoke.DirectMethodHandle$Holder.invokeStatic(java.lang.Object, long)'> (0x00000000ed32bea0) thrown at [./src/hotspot/share/interpreter/linkResolver.cpp, line 773]
Event: 1.495 Thread 0x000001bd5e4d0800 Exception <a 'java/lang/NoSuchMethodError'{0x00000000ed32f470}: 'java.lang.Object java.lang.invoke.DirectMethodHandle$Holder.invokeSpecial(java.lang.Object, java.lang.Object, long)'> (0x00000000ed32f470) thrown at [./src/hotspot/share/interpreter/linkResolver.cpp, line 773]
Event: 1.496 Thread 0x000001bd5e4d0800 Exception <a 'java/lang/NoSuchMethodError'{0x00000000ed332480}: 'java.lang.Object java.lang.invoke.Invokers$Holder.linkToTargetMethod(long, java.lang.Object)'> (0x00000000ed332480) thrown at [./src/hotspot/share/interpreter/linkResolver.cpp, line 773]

Events (20 events):
Event: 2.342 loading class net/bytebuddy/implementation/Implementation$Context$Default$DelegationRecord
Event: 2.342 loading class net/bytebuddy/implementation/Implementation$Context$Default$DelegationRecord done
Event: 2.344 loading class net/bytebuddy/dynamic/scaffold/TypeWriter$MethodPool$Record$ForDefinedMethod
Event: 2.344 loading class net/bytebuddy/dynamic/scaffold/TypeWriter$MethodPool$Record$ForDefinedMethod done
Event: 2.345 loading class net/bytebuddy/implementation/Implementation$Context$Default$FieldGetterDelegation
Event: 2.345 loading class net/bytebuddy/implementation/Implementation$Context$Default$FieldGetterDelegation done
Event: 2.346 loading class net/bytebuddy/implementation/Implementation$Context$Default$FieldSetterDelegation
Event: 2.346 loading class net/bytebuddy/implementation/Implementation$Context$Default$FieldSetterDelegation done
Event: 2.347 loading class net/bytebuddy/dynamic/scaffold/TypeWriter$Default$ValidatingClassVisitor
Event: 2.347 loading class net/bytebuddy/dynamic/scaffold/TypeWriter$Default$ValidatingClassVisitor done
Event: 2.349 loading class net/bytebuddy/dynamic/scaffold/TypeWriter$Default$ValidatingClassVisitor$ValidatingFieldVisitor
Event: 2.349 loading class net/bytebuddy/dynamic/scaffold/TypeWriter$Default$ValidatingClassVisitor$ValidatingFieldVisitor done
Event: 2.350 loading class net/bytebuddy/dynamic/scaffold/TypeWriter$Default$ValidatingClassVisitor$ValidatingMethodVisitor
Event: 2.350 loading class net/bytebuddy/dynamic/scaffold/TypeWriter$Default$ValidatingClassVisitor$ValidatingMethodVisitor done
Event: 2.351 loading class net/bytebuddy/dynamic/scaffold/TypeWriter$Default$ValidatingClassVisitor$Constraint
Event: 2.351 loading class net/bytebuddy/dynamic/scaffold/TypeWriter$Default$ValidatingClassVisitor$Constraint done
Event: 2.351 loading class net/bytebuddy/jar/asm/signature/SignatureWriter
Event: 2.351 loading class net/bytebuddy/jar/asm/signature/SignatureWriter done
Event: 2.352 loading class net/bytebuddy/jar/asm/signature/SignatureVisitor
Event: 2.352 loading class net/bytebuddy/jar/asm/signature/SignatureVisitor done


Dynamic libraries:
0x00007ff74bcb0000 - 0x00007ff74bcba000 	C:\Program Files\Android\Android Studio\jre\bin\java.exe
0x00007fff17c30000 - 0x00007fff17e25000 	C:\Windows\SYSTEM32\ntdll.dll
0x00007fff16220000 - 0x00007fff162de000 	C:\Windows\System32\KERNEL32.DLL
0x00007fff157f0000 - 0x00007fff15ab8000 	C:\Windows\System32\KERNELBASE.dll
0x00007fff15340000 - 0x00007fff15440000 	C:\Windows\System32\ucrtbase.dll
0x00007fff00ea0000 - 0x00007fff00eb9000 	C:\Program Files\Android\Android Studio\jre\bin\jli.dll
0x00007ffeff460000 - 0x00007ffeff477000 	C:\Program Files\Android\Android Studio\jre\bin\VCRUNTIME140.dll
0x00007fff17990000 - 0x00007fff17b31000 	C:\Windows\System32\USER32.dll
0x00007fff03920000 - 0x00007fff03bba000 	C:\Windows\WinSxS\amd64_microsoft.windows.common-controls_6595b64144ccf1df_6.0.19041.1110_none_60b5254171f9507e\COMCTL32.dll
0x00007fff157c0000 - 0x00007fff157e2000 	C:\Windows\System32\win32u.dll
0x00007fff16120000 - 0x00007fff161be000 	C:\Windows\System32\msvcrt.dll
0x00007fff16490000 - 0x00007fff164bb000 	C:\Windows\System32\GDI32.dll
0x00007fff15680000 - 0x00007fff1578d000 	C:\Windows\System32\gdi32full.dll
0x00007fff15440000 - 0x00007fff154dd000 	C:\Windows\System32\msvcp_win.dll
0x00007fff15c70000 - 0x00007fff15ca0000 	C:\Windows\System32\IMM32.DLL
0x00007ffef7e00000 - 0x00007ffef7e9d000 	C:\Program Files\Android\Android Studio\jre\bin\msvcp140.dll
0x00007ffed9780000 - 0x00007ffeda255000 	C:\Program Files\Android\Android Studio\jre\bin\server\jvm.dll
0x00007fff162e0000 - 0x00007fff1638e000 	C:\Windows\System32\ADVAPI32.dll
0x00007fff172c0000 - 0x00007fff1735c000 	C:\Windows\System32\sechost.dll
0x00007fff17860000 - 0x00007fff17985000 	C:\Windows\System32\RPCRT4.dll
0x00007fff16480000 - 0x00007fff16488000 	C:\Windows\System32\PSAPI.DLL
0x00007ffeff900000 - 0x00007ffeff909000 	C:\Windows\SYSTEM32\WSOCK32.dll
0x00007fff082a0000 - 0x00007fff082c7000 	C:\Windows\SYSTEM32\WINMM.dll
0x00007fff10cb0000 - 0x00007fff10cba000 	C:\Windows\SYSTEM32\VERSION.dll
0x00007fff16c10000 - 0x00007fff16c7b000 	C:\Windows\System32\WS2_32.dll
0x00007fff13250000 - 0x00007fff13262000 	C:\Windows\SYSTEM32\kernel.appcore.dll
0x00007fff10a10000 - 0x00007fff10a21000 	C:\Program Files\Android\Android Studio\jre\bin\verify.dll
0x00007fff07960000 - 0x00007fff07b44000 	C:\Windows\SYSTEM32\DBGHELP.DLL
0x00007ffef4e70000 - 0x00007ffef4e9c000 	C:\Windows\SYSTEM32\dbgcore.DLL
0x00007fff15540000 - 0x00007fff155c2000 	C:\Windows\System32\bcryptPrimitives.dll
0x00007fff10780000 - 0x00007fff107a9000 	C:\Program Files\Android\Android Studio\jre\bin\java.dll
0x00007fff10a00000 - 0x00007fff10a0b000 	C:\Program Files\Android\Android Studio\jre\bin\jimage.dll
0x00007ffeff290000 - 0x00007ffeff29f000 	C:\Program Files\Android\Android Studio\jre\bin\instrument.dll
0x00007fff0d520000 - 0x00007fff0d538000 	C:\Program Files\Android\Android Studio\jre\bin\zip.dll
0x00007fff164c0000 - 0x00007fff16c04000 	C:\Windows\System32\SHELL32.dll
0x00007fff13450000 - 0x00007fff13be5000 	C:\Windows\SYSTEM32\windows.storage.dll
0x00007fff16c80000 - 0x00007fff16fd5000 	C:\Windows\System32\combase.dll
0x00007fff14cc0000 - 0x00007fff14cee000 	C:\Windows\SYSTEM32\Wldp.dll
0x00007fff17520000 - 0x00007fff175cd000 	C:\Windows\System32\SHCORE.dll
0x00007fff161c0000 - 0x00007fff16215000 	C:\Windows\System32\shlwapi.dll
0x00007fff15280000 - 0x00007fff1529f000 	C:\Windows\SYSTEM32\profapi.dll
0x00007fff0d4a0000 - 0x00007fff0d4ba000 	C:\Program Files\Android\Android Studio\jre\bin\net.dll
0x00007fff0bbf0000 - 0x00007fff0bcfc000 	C:\Windows\SYSTEM32\WINHTTP.dll
0x00007fff14a20000 - 0x00007fff14a8a000 	C:\Windows\system32\mswsock.dll
0x00007ffefff30000 - 0x00007ffefff44000 	C:\Program Files\Android\Android Studio\jre\bin\nio.dll
0x00007ffef2ea0000 - 0x00007ffef2eb7000 	C:\Windows\system32\napinsp.dll
0x00007ffef2e80000 - 0x00007ffef2e9b000 	C:\Windows\system32\pnrpnsp.dll
0x00007fff0f3a0000 - 0x00007fff0f3b5000 	C:\Windows\system32\wshbth.dll
0x00007fff10ea0000 - 0x00007fff10ebd000 	C:\Windows\system32\NLAapi.dll
0x00007fff14710000 - 0x00007fff1474b000 	C:\Windows\SYSTEM32\IPHLPAPI.DLL
0x00007fff14750000 - 0x00007fff1481b000 	C:\Windows\SYSTEM32\DNSAPI.dll
0x00007fff17360000 - 0x00007fff17368000 	C:\Windows\System32\NSI.dll
0x00007ffef2e40000 - 0x00007ffef2e52000 	C:\Windows\System32\winrnr.dll
0x0000000066030000 - 0x0000000066056000 	C:\Program Files\Bonjour\mdnsNSP.dll
0x00007fff03db0000 - 0x00007fff03dba000 	C:\Windows\System32\rasadhlp.dll
0x00007fff02d40000 - 0x00007fff02dbf000 	C:\Windows\System32\fwpuclnt.dll
0x00007fff15790000 - 0x00007fff157b7000 	C:\Windows\System32\bcrypt.dll
0x00007fff14c10000 - 0x00007fff14c28000 	C:\Windows\SYSTEM32\CRYPTSP.dll
0x00007fff143a0000 - 0x00007fff143d4000 	C:\Windows\system32\rsaenh.dll
0x00007fff15240000 - 0x00007fff1526e000 	C:\Windows\SYSTEM32\USERENV.dll
0x00007fff14c30000 - 0x00007fff14c3c000 	C:\Windows\SYSTEM32\CRYPTBASE.dll
0x00007fff0cf90000 - 0x00007fff0cfa7000 	C:\Windows\SYSTEM32\dhcpcsvc6.DLL
0x00007fff0cf70000 - 0x00007fff0cf8d000 	C:\Windows\SYSTEM32\dhcpcsvc.DLL

dbghelp: loaded successfully - version: 4.0.5 - missing functions: none
symbol engine: initialized successfully - sym options: 0x614 - pdb path: .;C:\Program Files\Android\Android Studio\jre\bin;C:\Windows\SYSTEM32;C:\Windows\WinSxS\amd64_microsoft.windows.common-controls_6595b64144ccf1df_6.0.19041.1110_none_60b5254171f9507e;C:\Program Files\Android\Android Studio\jre\bin\server;C:\Program Files\Bonjour

VM Arguments:
jvm_args: -Djava.awt.headless=true -Dorg.gradle.native=false -javaagent:C:\Users\Emanuele\AppData\Local\Google\AndroidStudio2021.1\testAgent\intellij-coverage-agent-1.0.579.jar=C:\Users\Emanuele\AppData\Local\Temp\coverage22871args -javaagent:build/tmp/expandedArchives/org.jacoco.agent-0.8.3.jar_4b57cf550318c2dfec984d52b9993337/jacocoagent.jar=destfile=build/jacoco/testDebugUnitTest.exec,append=true,inclnolocationclasses=false,dumponexit=true,output=file,jmx=false -Xmx512m -Dfile.encoding=windows-1252 -Duser.country=IT -Duser.language=it -Duser.variant -ea 
java_command: worker.org.gradle.process.internal.worker.GradleWorkerMain 'Gradle Test Executor 12'
java_class_path (initial): C:\\Users\\Emanuele\\.gradle\\caches\\5.4.1\\workerMain\\gradle-worker.jar;D:\\UNISA\\Images-to-PDF-8.8.1\\app\\build\\intermediates\\unit_test_config_directory\\debugUnitTest\\out;D:\\UNISA\\Images-to-PDF-8.8.1\\app\\build\\intermediates\\javac\\debugUnitTest\\classes;D:\\UNISA\\Images-to-PDF-8.8.1\\app\\build\\intermediates\\sourceFolderJavaResources\\test\\debug;D:\\UNISA\\Images-to-PDF-8.8.1\\app\\libs\\aspose-cells-19.3-android.via.java.jar;C:\\Users\\Emanuele\\.gradle\\caches\\modules-2\\files-2.1\\junit\\junit\\4.12\\2973d150c0dc1fefe998f834810d68f278ea58ec\\junit-4.12.jar;C:\\Users\\Emanuele\\.gradle\\caches\\transforms-2\\files-2.1\\7b6909b64f48938995ae3ed4e82d21fb\\design-28.0.0\\jars\\classes.jar;C:\\Users\\Emanuele\\.gradle\\caches\\transforms-2\\files-2.1\\651251c562687d258463be1acb29cef2\\preference-v7-28.0.0\\jars\\classes.jar;C:\\Users\\Emanuele\\.gradle\\caches\\transforms-2\\files-2.1\\486df71dc6ed74dea0b4255c79b1f7bb\\android-morphing-button-98a4986e56\\jars\\classes.jar;C:\\Users\\Emanuele\\.gradle\\caches\\transforms-2\\files-2.1\\e0b8729a29a97f1249360bc34a62f3c6\\core-0.9.6.0\\jars\\classes.jar;C:\\Users\\Emanuele\\.gradle\\caches\\transforms-2\\files-2.1\\9a8a65aafbfe97c85a668158010ad42e\\lottie-2.5.5\\jars\\classes.jar;C:\\Users\\Emanuele\\.gradle\\caches\\transforms-2\\files-2.1\\f759d4cca9c841abfbbf69a3d1988020\\photoeditor-0.2.1\\jars\\classes.jar;C:\\Users\\Emanuele\\.gradle\\caches\\transforms-2\\files-2.1\\136cddfca49c69e99f753cbe0696d868\\android-image-cropper-2.7.0\\jars\\classes.jar;C:\\Users\\Emanuele\\.gradle\\caches\\transforms-2\\files-2.1\\da52e0abd62c4b4fdf635b9f1534cce3\\matisse-0.5.2-beta4\\jars\\classes.jar;C:\\Users\\Emanuele\\.gradle\\caches\\transforms-2\\files-2.1\\fa54b75fd3ca8dcd347227168e2bb359\\library-1.4.2\\jars\\classes.jar;C:\\Users\\Emanuele\\.gradle\\caches\\transforms-2\\files-2.1\\2f076f60f4de0bb3727f48fd42425706\\appcompat-v7-28.0.0\\jars\\classes.jar;C:\\Users\\Emanuele\\.gradle
Launcher Type: SUN_STANDARD

[Global flags]
     intx CICompilerCount                          = 3                                         {product} {ergonomic}
     uint ConcGCThreads                            = 2                                         {product} {ergonomic}
     uint G1ConcRefinementThreads                  = 6                                         {product} {ergonomic}
   size_t G1HeapRegionSize                         = 1048576                                   {product} {ergonomic}
    uintx GCDrainStackTargetSize                   = 64                                        {product} {ergonomic}
   size_t InitialHeapSize                          = 268435456                                 {product} {ergonomic}
   size_t MarkStackSize                            = 4194304                                   {product} {ergonomic}
   size_t MaxHeapSize                              = 536870912                                 {product} {command line}
   size_t MaxNewSize                               = 321912832                                 {product} {ergonomic}
   size_t MinHeapDeltaBytes                        = 1048576                                   {product} {ergonomic}
    uintx NonNMethodCodeHeapSize                   = 5830732                                {pd product} {ergonomic}
    uintx NonProfiledCodeHeapSize                  = 122913754                              {pd product} {ergonomic}
    uintx ProfiledCodeHeapSize                     = 122913754                              {pd product} {ergonomic}
    uintx ReservedCodeCacheSize                    = 251658240                              {pd product} {ergonomic}
     bool SegmentedCodeCache                       = true                                      {product} {ergonomic}
     bool UseCompressedClassPointers               = true                                 {lp64_product} {ergonomic}
     bool UseCompressedOops                        = true                                 {lp64_product} {ergonomic}
     bool UseG1GC                                  = true                                      {product} {ergonomic}
     bool UseLargePagesIndividualAllocation        = false                                  {pd product} {ergonomic}

Logging:
Log output configuration:
 #0: stdout all=warning uptime,level,tags
 #1: stderr all=off uptime,level,tags

Environment Variables:
PATH=C:\Program Files\Common Files\Oracle\Java\javapath;C:\Program Files (x86)\Common Files\Oracle\Java\javapath;C:\Windows\system32;C:\Windows;C:\Windows\System32\Wbem;C:\Windows\System32\WindowsPowerShell\v1.0\;C:\Windows\System32\OpenSSH\;C:\Program Files\NVIDIA Corporation\NVIDIA NvDLISR;C:\Program Files (x86)\NVIDIA Corporation\PhysX\Common;C:\Program Files\dotnet\;C:\Program Files\Git\cmd;C:\Users\Emanuele\AppData\Local\Microsoft\WindowsApps;C:\Users\Emanuele\AppData\Local\GitHubDesktop\bin
USERNAME=Emanuele
OS=Windows_NT
PROCESSOR_IDENTIFIER=Intel64 Family 6 Model 158 Stepping 12, GenuineIntel



---------------  S Y S T E M  ---------------

OS: Windows 10 , 64 bit Build 19041 (10.0.19041.1466)
OS uptime: 0 days 1:06 hours

CPU:total 6 (initial active 6) (6 cores per cpu, 1 threads per core) family 6 model 158 stepping 12 microcode 0xae, cmov, cx8, fxsr, mmx, sse, sse2, sse3, ssse3, sse4.1, sse4.2, popcnt, avx, avx2, aes, clmul, erms, rtm, 3dnowpref, lzcnt, tsc, tscinvbit, bmi1, bmi2, adx, fma

Memory: 4k page, system-wide physical 16316M (9570M free)
TotalPageFile size 18748M (AvailPageFile size 10594M)
current process WorkingSet (physical memory assigned to process): 217M, peak: 224M
current process commit charge ("private bytes"): 421M, peak: 429M

vm_info: OpenJDK 64-Bit Server VM (11.0.11+9-b60-7590822) for windows-amd64 JRE (11.0.11+9-b60-7590822), built on Jul 29 2021 21:43:44 by "builder" with MS VC++ 14.0 (VS2015)

END.
