#
# A fatal error has been detected by the Java Runtime Environment:
#
#  EXCEPTION_ACCESS_VIOLATION (0xc0000005) at pc=0x00007ffc93e80ad4, pid=6204, tid=492
#
# JRE version: OpenJDK Runtime Environment (11.0.11+9) (build 11.0.11+9-b60-7590822)
# Java VM: OpenJDK 64-Bit Server VM (11.0.11+9-b60-7590822, mixed mode, tiered, compressed oops, g1 gc, windows-amd64)
# Problematic frame:
# V  [jvm.dll+0x310ad4]
#
# No core dump will be written. Minidumps are not enabled by default on client versions of Windows
#
# If you would like to submit a bug report, please visit:
#   https://bugreport.java.com/bugreport/crash.jsp
#

---------------  S U M M A R Y ------------

Command Line: -Djava.awt.headless=true -Dorg.gradle.native=false -javaagent:build/tmp/expandedArchives/org.jacoco.agent-0.8.3.jar_4b57cf550318c2dfec984d52b9993337/jacocoagent.jar=destfile=build/jacoco/testDebugUnitTest.exec,append=true,inclnolocationclasses=false,dumponexit=true,output=file,jmx=false -Xmx512m -Dfile.encoding=windows-1252 -Duser.country=IT -Duser.language=it -Duser.variant -ea worker.org.gradle.process.internal.worker.GradleWorkerMain 'Gradle Test Executor 39'

Host: Intel(R) Core(TM) i5-9600K CPU @ 3.70GHz, 6 cores, 15G,  Windows 10 , 64 bit Build 19041 (10.0.19041.1466)
Time: Mon Feb  7 19:22:11 2022 ora solare Europa occidentale elapsed time: 4.513576 seconds (0d 0h 0m 4s)

---------------  T H R E A D  ---------------

Current thread (0x000002244dc67800):  GCTaskThread "GC Thread#0" [stack: 0x000000c537000000,0x000000c537100000] [id=492]

Stack: [0x000000c537000000,0x000000c537100000],  sp=0x000000c5370ff810,  free space=1022k
Native frames: (J=compiled Java code, j=interpreted, Vv=VM code, C=native code)
V  [jvm.dll+0x310ad4]
V  [jvm.dll+0x1d0ac4]
V  [jvm.dll+0x1d0b53]
V  [jvm.dll+0x2fe5bd]
V  [jvm.dll+0x1d164a]
V  [jvm.dll+0x311b1b]
V  [jvm.dll+0x3116c8]
V  [jvm.dll+0x2de252]
V  [jvm.dll+0x74d230]
V  [jvm.dll+0x6e80b5]
V  [jvm.dll+0x5f1036]
C  [ucrtbase.dll+0x21bb2]
C  [KERNEL32.DLL+0x17034]
C  [ntdll.dll+0x52651]


siginfo: EXCEPTION_ACCESS_VIOLATION (0xc0000005), reading address 0x000002284dc757db


Register to memory mapping:

RIP=0x00007ffc93e80ad4 jvm.dll
RAX=0x000002244dc74980 points into unknown readable memory: 0x00000000e4e00000 | 00 00 e0 e4 00 00 00 00
RBX=0x00000224675830c8 points into unknown readable memory: 0x00007ffc943985a8 | a8 85 39 94 fc 7f 00 00
RCX=0x0000000000000014 is an unknown value
RDX=0x0000022468f2e4a8 points into unknown readable memory: 0x00400000e5b05a98 | 98 5a b0 e5 00 00 40 00
RSP=0x000000c5370ff810 points into unknown readable memory: 0x00000224675830c8 | c8 30 58 67 24 02 00 00
RBP=0x0000000000000020 is an unknown value
RSI=0x0000022468f2e470 points into unknown readable memory: 0x00000000e71a2bf8 | f8 2b 1a e7 00 00 00 00
RDI=0x0000022468f2e4a8 points into unknown readable memory: 0x00400000e5b05a98 | 98 5a b0 e5 00 00 40 00
R8 =0x0000000400000e5b is an unknown value
R9 =0x000002244dc5cbf0 points into unknown readable memory: 0x00007ffc94391220 | 20 12 39 94 fc 7f 00 00
R10=0x00400000e5b05a98 is an unknown value
R11=0x00000224671b3790 points into unknown readable memory: 0x00007ffc94397160 | 60 71 39 94 fc 7f 00 00
R12=0x0 is NULL
R13=0x0 is NULL
R14=0x00000224675830c8 points into unknown readable memory: 0x00007ffc943985a8 | a8 85 39 94 fc 7f 00 00
R15=0x000002244dc658f0 points into unknown readable memory: 0x0000000000000002 | 02 00 00 00 00 00 00 00


Registers:
RAX=0x000002244dc74980, RBX=0x00000224675830c8, RCX=0x0000000000000014, RDX=0x0000022468f2e4a8
RSP=0x000000c5370ff810, RBP=0x0000000000000020, RSI=0x0000022468f2e470, RDI=0x0000022468f2e4a8
R8 =0x0000000400000e5b, R9 =0x000002244dc5cbf0, R10=0x00400000e5b05a98, R11=0x00000224671b3790
R12=0x0000000000000000, R13=0x0000000000000000, R14=0x00000224675830c8, R15=0x000002244dc658f0
RIP=0x00007ffc93e80ad4, EFLAGS=0x0000000000010202

Top of Stack: (sp=0x000000c5370ff810)
0x000000c5370ff810:   00000224675830c8 0000000000000001
0x000000c5370ff820:   00000000000001d0 00000224675830c8
0x000000c5370ff830:   0000022468f2e4a8 00007ffc93d40ac4
0x000000c5370ff840:   0000000000000007 0000022464f1ef60
0x000000c5370ff850:   0000022468128850 00000224675830c8
0x000000c5370ff860:   000000c5375fef40 00007ffc93d40b53
0x000000c5370ff870:   0000022464f1ef60 000002244dc63fb0
0x000000c5370ff880:   0000000000000001 00000224675830c8
0x000000c5370ff890:   00000224675830f8 00007ffc93e6e5bd
0x000000c5370ff8a0:   00000224675830f8 00000224675830f8
0x000000c5370ff8b0:   000000c5370ff920 00007ffc93e663f8
0x000000c5370ff8c0:   0000022464f1ef60 00007ffc93d4164a
0x000000c5370ff8d0:   0000000000000000 00000000000000a8
0x000000c5370ff8e0:   0000000002a827b5 00000003cedd8e6a
0x000000c5370ff8f0:   0000000000000000 00007ffc93e81b1b
0x000000c5370ff900:   00000224675830f8 0000022467583090 

Instructions: (pc=0x00007ffc93e80ad4)
0x00007ffc93e809d4:   03 80 f9 03 75 1c 80 3d 7f 88 68 00 00 74 0d 0f
0x00007ffc93e809e4:   b6 c3 24 07 3c 05 75 04 33 db eb 1b 48 83 e3 fc
0x00007ffc93e809f4:   eb 15 48 8b 4e 10 4c 8b cb 4c 8b c7 0f b6 d0 e8
0x00007ffc93e80a04:   68 f9 fe ff 48 8b d8 49 89 1e 48 3b df 74 0e 4c
0x00007ffc93e80a14:   8b c3 48 8b d7 48 8b ce e8 0f 0a 00 00 48 8b 46
0x00007ffc93e80a24:   08 8b 88 c0 02 00 00 48 8b 80 b0 02 00 00 48 d3
0x00007ffc93e80a34:   eb 48 8b 0c d8 48 8b 5c 24 30 8b 81 04 01 00 00
0x00007ffc93e80a44:   d1 e8 a8 01 74 39 48 8b 46 20 c6 40 22 01 eb 2f
0x00007ffc93e80a54:   3c ff 75 2b 49 2b 79 10 8b 0d 36 c4 6e 00 49 8b
0x00007ffc93e80a64:   81 88 04 00 00 48 d3 ef 8b cf 80 3c 08 00 74 0f
0x00007ffc93e80a74:   c6 04 08 00 49 8b 81 d0 06 00 00 c6 04 01 00 48
0x00007ffc93e80a84:   8b 4e 10 e8 54 db fe ff 48 8b 74 24 38 48 8b 7c
0x00007ffc93e80a94:   24 40 48 83 c4 20 41 5e c3 cc cc cc 48 89 5c 24
0x00007ffc93e80aa4:   08 57 48 83 ec 20 4c 8b 12 48 8b fa 48 8b d9 4d
0x00007ffc93e80ab4:   85 d2 0f 84 ce 00 00 00 4c 8b 49 08 4d 8b c2 41
0x00007ffc93e80ac4:   8b 89 f0 06 00 00 49 8b 81 e0 06 00 00 49 d3 e8
0x00007ffc93e80ad4:   41 0f b6 04 00 84 c0 7e 74 4d 8b 02 41 0f b6 c8
0x00007ffc93e80ae4:   80 e1 03 80 f9 03 75 1e 80 3d 6d 87 68 00 00 74
0x00007ffc93e80af4:   0f 41 0f b6 c0 24 07 3c 05 75 05 45 33 c0 eb 1b
0x00007ffc93e80b04:   49 83 e0 fc eb 15 48 8b 4b 10 4d 8b c8 4d 8b c2
0x00007ffc93e80b14:   0f b6 d0 e8 54 f8 fe ff 4c 8b c0 4c 89 07 48 8b
0x00007ffc93e80b24:   53 08 8b 8a c0 02 00 00 49 d3 e8 48 8b 8a b0 02
0x00007ffc93e80b34:   00 00 4a 8b 04 c1 8b 88 04 01 00 00 d1 e9 f6 c1
0x00007ffc93e80b44:   01 74 3a 48 8b 43 20 c6 40 22 01 eb 30 3c ff 75
0x00007ffc93e80b54:   2c 4d 2b 51 10 8b 0d 39 c3 6e 00 49 8b 81 88 04
0x00007ffc93e80b64:   00 00 49 d3 ea 41 8b ca 80 3c 08 00 74 0f c6 04
0x00007ffc93e80b74:   08 00 49 8b 81 d0 06 00 00 c6 04 01 00 48 8b 4b
0x00007ffc93e80b84:   10 e8 56 da fe ff 48 8b 5c 24 30 48 83 c4 20 5f
0x00007ffc93e80b94:   c3 cc cc cc cc cc cc cc cc cc cc cc 48 89 5c 24
0x00007ffc93e80ba4:   08 48 89 74 24 10 57 48 83 ec 20 48 8b 1a 48 8b
0x00007ffc93e80bb4:   f2 48 8b f9 48 85 db 0f 84 be 00 00 00 4c 8b 49
0x00007ffc93e80bc4:   08 4c 8b c3 41 8b 89 f0 06 00 00 49 8b 81 e0 06 


Stack slot to memory mapping:
stack at sp + 0 slots: 0x00000224675830c8 points into unknown readable memory: 0x00007ffc943985a8 | a8 85 39 94 fc 7f 00 00
stack at sp + 1 slots: 0x0000000000000001 is an unknown value
stack at sp + 2 slots: 0x00000000000001d0 is an unknown value
stack at sp + 3 slots: 0x00000224675830c8 points into unknown readable memory: 0x00007ffc943985a8 | a8 85 39 94 fc 7f 00 00
stack at sp + 4 slots: 0x0000022468f2e4a8 points into unknown readable memory: 0x00400000e5b05a98 | 98 5a b0 e5 00 00 40 00
stack at sp + 5 slots: 0x00007ffc93d40ac4 jvm.dll
stack at sp + 6 slots: 0x0000000000000007 is an unknown value
stack at sp + 7 slots: 0x0000022464f1ef60 points into unknown readable memory: 0x0000022464ce0a68 | 68 0a ce 64 24 02 00 00


---------------  P R O C E S S  ---------------

Threads class SMR info:
_java_thread_list=0x0000022468f28850, length=15, elements={
0x000002244dc4f800, 0x00000224643a4000, 0x00000224643a5000, 0x0000022464c09000,
0x0000022464c0b000, 0x0000022464c0c000, 0x0000022464c11800, 0x0000022464c1a800,
0x0000022464c22000, 0x0000022464eda000, 0x0000022465182800, 0x00000224663fd800,
0x0000022467509800, 0x0000022466143800, 0x0000022468b81800
}

Java Threads: ( => current thread )
  0x000002244dc4f800 JavaThread "main" [_thread_blocked, id=7816, stack(0x000000c536f00000,0x000000c537000000)]
  0x00000224643a4000 JavaThread "Reference Handler" daemon [_thread_blocked, id=888, stack(0x000000c537600000,0x000000c537700000)]
  0x00000224643a5000 JavaThread "Finalizer" daemon [_thread_blocked, id=7264, stack(0x000000c537700000,0x000000c537800000)]
  0x0000022464c09000 JavaThread "Signal Dispatcher" daemon [_thread_blocked, id=2936, stack(0x000000c537800000,0x000000c537900000)]
  0x0000022464c0b000 JavaThread "Attach Listener" daemon [_thread_blocked, id=5924, stack(0x000000c537900000,0x000000c537a00000)]
  0x0000022464c0c000 JavaThread "Service Thread" daemon [_thread_blocked, id=11100, stack(0x000000c537a00000,0x000000c537b00000)]
  0x0000022464c11800 JavaThread "C2 CompilerThread0" daemon [_thread_blocked, id=8236, stack(0x000000c537b00000,0x000000c537c00000)]
  0x0000022464c1a800 JavaThread "C1 CompilerThread0" daemon [_thread_blocked, id=11064, stack(0x000000c537c00000,0x000000c537d00000)]
  0x0000022464c22000 JavaThread "Sweeper thread" daemon [_thread_blocked, id=6248, stack(0x000000c537d00000,0x000000c537e00000)]
  0x0000022464eda000 JavaThread "Common-Cleaner" daemon [_thread_blocked, id=5164, stack(0x000000c537e00000,0x000000c537f00000)]
  0x0000022465182800 JavaThread "C2 CompilerThread1" daemon [_thread_in_native, id=1372, stack(0x000000c537f00000,0x000000c538000000)]
  0x00000224663fd800 JavaThread "Test worker" [_thread_blocked, id=2332, stack(0x000000c538700000,0x000000c538800000)]
  0x0000022467509800 JavaThread "/127.0.0.1:52488 to /127.0.0.1:52487 workers Thread 2" [_thread_blocked, id=1336, stack(0x000000c538800000,0x000000c538900000)]
  0x0000022466143800 JavaThread "/127.0.0.1:52488 to /127.0.0.1:52487 workers Thread 3" [_thread_in_native, id=6888, stack(0x000000c538900000,0x000000c538a00000)]
  0x0000022468b81800 JavaThread "SDK 27 Main Thread" [_thread_blocked, id=6880, stack(0x000000c538b00000,0x000000c538c00000)]

Other Threads:
  0x00000224643a0000 VMThread "VM Thread" [stack: 0x000000c537500000,0x000000c537600000] [id=5832]
  0x00000224656b4000 WatcherThread [stack: 0x000000c538000000,0x000000c538100000] [id=4604]
=>0x000002244dc67800 GCTaskThread "GC Thread#0" [stack: 0x000000c537000000,0x000000c537100000] [id=492]
  0x0000022464f71800 GCTaskThread "GC Thread#1" [stack: 0x000000c538100000,0x000000c538200000] [id=2784]
  0x00000224661a5800 GCTaskThread "GC Thread#2" [stack: 0x000000c538200000,0x000000c538300000] [id=10736]
  0x00000224654d0000 GCTaskThread "GC Thread#3" [stack: 0x000000c538300000,0x000000c538400000] [id=6624]
  0x0000022465d3e800 GCTaskThread "GC Thread#4" [stack: 0x000000c538400000,0x000000c538500000] [id=2464]
  0x0000022465e41000 GCTaskThread "GC Thread#5" [stack: 0x000000c538500000,0x000000c538600000] [id=9416]
  0x000002244dc78800 ConcurrentGCThread "G1 Main Marker" [stack: 0x000000c537100000,0x000000c537200000] [id=7052]
  0x000002244dc7a000 ConcurrentGCThread "G1 Conc#0" [stack: 0x000000c537200000,0x000000c537300000] [id=9940]
  0x00000224683ea000 ConcurrentGCThread "G1 Conc#1" [stack: 0x000000c538a00000,0x000000c538b00000] [id=2628]
  0x0000022464202800 ConcurrentGCThread "G1 Refine#0" [stack: 0x000000c537300000,0x000000c537400000] [id=4584]
  0x0000022464205800 ConcurrentGCThread "G1 Young RemSet Sampling" [stack: 0x000000c537400000,0x000000c537500000] [id=5876]

Threads with active compile tasks:
C2 CompilerThread0   4534 7498       4       org.objectweb.asm.commons.Remapper::mapMethodDesc (166 bytes)
C2 CompilerThread1   4534 7500       4       org.robolectric.internal.bytecode.ClassInstrumentor::rewriteMethodBody (337 bytes)

VM state:at safepoint (normal execution)

VM Mutex/Monitor currently owned by a thread:  ([mutex/lock_event])
[0x000002244dc4c6f0] Threads_lock - owner thread: 0x00000224643a0000
[0x000002244dc4b2b0] Heap_lock - owner thread: 0x0000022468b81800

Heap address: 0x00000000e0000000, size: 512 MB, Compressed Oops mode: 32-bit
Narrow klass base: 0x0000000000000000, Narrow klass shift: 3
Compressed class space size: 1073741824 Address: 0x0000000100000000

Heap:
 garbage-first heap   total 262144K, used 181582K [0x00000000e0000000, 0x0000000100000000)
  region size 1024K, 150 young (153600K), 12 survivors (12288K)
 Metaspace       used 44081K, capacity 45801K, committed 46080K, reserved 1089536K
  class space    used 4785K, capacity 5600K, committed 5632K, reserved 1048576K
Heap Regions: E=young(eden), S=young(survivor), O=old, HS=humongous(starts), HC=humongous(continues), CS=collection set, F=free, A=archive, TAMS=top-at-mark-start (previous, next)
|   0|0x00000000e0000000, 0x00000000e0100000, 0x00000000e0100000|100%|HS|  |TAMS 0x00000000e0100000, 0x00000000e0000000| Complete 
|   1|0x00000000e0100000, 0x00000000e0200000, 0x00000000e0200000|100%| O|  |TAMS 0x00000000e0200000, 0x00000000e0100000| Untracked 
|   2|0x00000000e0200000, 0x00000000e0300000, 0x00000000e0300000|100%| O|  |TAMS 0x00000000e0300000, 0x00000000e0200000| Untracked 
|   3|0x00000000e0300000, 0x00000000e0400000, 0x00000000e0400000|100%| O|  |TAMS 0x00000000e0400000, 0x00000000e0300000| Untracked 
|   4|0x00000000e0400000, 0x00000000e0500000, 0x00000000e0500000|100%| O|  |TAMS 0x00000000e0500000, 0x00000000e0400000| Untracked 
|   5|0x00000000e0500000, 0x00000000e0600000, 0x00000000e0600000|100%|HS|  |TAMS 0x00000000e0600000, 0x00000000e0500000| Complete 
|   6|0x00000000e0600000, 0x00000000e0700000, 0x00000000e0700000|100%|HC|  |TAMS 0x00000000e0700000, 0x00000000e0600000| Complete 
|   7|0x00000000e0700000, 0x00000000e0800000, 0x00000000e0800000|100%|HC|  |TAMS 0x00000000e0800000, 0x00000000e0700000| Complete 
|   8|0x00000000e0800000, 0x00000000e0900000, 0x00000000e0900000|100%|HC|  |TAMS 0x00000000e0900000, 0x00000000e0800000| Complete 
|   9|0x00000000e0900000, 0x00000000e0a00000, 0x00000000e0a00000|100%| O|  |TAMS 0x00000000e0a00000, 0x00000000e0900000| Untracked 
|  10|0x00000000e0a00000, 0x00000000e0b00000, 0x00000000e0b00000|100%| O|  |TAMS 0x00000000e0b00000, 0x00000000e0a00000| Untracked 
|  11|0x00000000e0b00000, 0x00000000e0c00000, 0x00000000e0c00000|100%| O|  |TAMS 0x00000000e0b6bc00, 0x00000000e0b00000| Untracked 
|  12|0x00000000e0c00000, 0x00000000e0d00000, 0x00000000e0d00000|100%|HS|  |TAMS 0x00000000e0c00000, 0x00000000e0c00000| Complete 
|  13|0x00000000e0d00000, 0x00000000e0e00000, 0x00000000e0e00000|100%|HC|  |TAMS 0x00000000e0d00000, 0x00000000e0d00000| Complete 
|  14|0x00000000e0e00000, 0x00000000e0f00000, 0x00000000e0f00000|100%|HC|  |TAMS 0x00000000e0e00000, 0x00000000e0e00000| Complete 
|  15|0x00000000e0f00000, 0x00000000e1000000, 0x00000000e1000000|100%|HC|  |TAMS 0x00000000e0f00000, 0x00000000e0f00000| Complete 
|  16|0x00000000e1000000, 0x00000000e1100000, 0x00000000e1100000|100%|HC|  |TAMS 0x00000000e1000000, 0x00000000e1000000| Complete 
|  17|0x00000000e1100000, 0x00000000e1200000, 0x00000000e1200000|100%|HC|  |TAMS 0x00000000e1100000, 0x00000000e1100000| Complete 
|  18|0x00000000e1200000, 0x00000000e1300000, 0x00000000e1300000|100%|HC|  |TAMS 0x00000000e1200000, 0x00000000e1200000| Complete 
|  19|0x00000000e1300000, 0x00000000e1400000, 0x00000000e1400000|100%|HC|  |TAMS 0x00000000e1300000, 0x00000000e1300000| Complete 
|  20|0x00000000e1400000, 0x00000000e1500000, 0x00000000e1500000|100%|HC|  |TAMS 0x00000000e1400000, 0x00000000e1400000| Complete 
|  21|0x00000000e1500000, 0x00000000e1600000, 0x00000000e1600000|100%|HC|  |TAMS 0x00000000e1500000, 0x00000000e1500000| Complete 
|  22|0x00000000e1600000, 0x00000000e1700000, 0x00000000e1700000|100%|HC|  |TAMS 0x00000000e1600000, 0x00000000e1600000| Complete 
|  23|0x00000000e1700000, 0x00000000e1800000, 0x00000000e1800000|100%|HC|  |TAMS 0x00000000e1700000, 0x00000000e1700000| Complete 
|  24|0x00000000e1800000, 0x00000000e1900000, 0x00000000e1900000|100%|HS|  |TAMS 0x00000000e1800000, 0x00000000e1800000| Complete 
|  25|0x00000000e1900000, 0x00000000e1a00000, 0x00000000e1a00000|100%| O|  |TAMS 0x00000000e1900000, 0x00000000e1900000| Untracked 
|  26|0x00000000e1a00000, 0x00000000e1b00000, 0x00000000e1b00000|100%| O|  |TAMS 0x00000000e1a00000, 0x00000000e1a00000| Untracked 
|  27|0x00000000e1b00000, 0x00000000e1b64d18, 0x00000000e1c00000| 39%| O|  |TAMS 0x00000000e1b00000, 0x00000000e1b00000| Untracked 
|  28|0x00000000e1c00000, 0x00000000e1c00000, 0x00000000e1d00000|  0%| F|  |TAMS 0x00000000e1c00000, 0x00000000e1c00000| Untracked 
|  29|0x00000000e1d00000, 0x00000000e1d00000, 0x00000000e1e00000|  0%| F|  |TAMS 0x00000000e1d00000, 0x00000000e1d00000| Untracked 
|  30|0x00000000e1e00000, 0x00000000e1e00000, 0x00000000e1f00000|  0%| F|  |TAMS 0x00000000e1e00000, 0x00000000e1e00000| Untracked 
|  31|0x00000000e1f00000, 0x00000000e1f00000, 0x00000000e2000000|  0%| F|  |TAMS 0x00000000e1f00000, 0x00000000e1f00000| Untracked 
|  32|0x00000000e2000000, 0x00000000e2000000, 0x00000000e2100000|  0%| F|  |TAMS 0x00000000e2000000, 0x00000000e2000000| Untracked 
|  33|0x00000000e2100000, 0x00000000e2100000, 0x00000000e2200000|  0%| F|  |TAMS 0x00000000e2100000, 0x00000000e2100000| Untracked 
|  34|0x00000000e2200000, 0x00000000e2200000, 0x00000000e2300000|  0%| F|  |TAMS 0x00000000e2200000, 0x00000000e2200000| Untracked 
|  35|0x00000000e2300000, 0x00000000e2300000, 0x00000000e2400000|  0%| F|  |TAMS 0x00000000e2300000, 0x00000000e2300000| Untracked 
|  36|0x00000000e2400000, 0x00000000e2400000, 0x00000000e2500000|  0%| F|  |TAMS 0x00000000e2400000, 0x00000000e2400000| Untracked 
|  37|0x00000000e2500000, 0x00000000e2500000, 0x00000000e2600000|  0%| F|  |TAMS 0x00000000e2500000, 0x00000000e2500000| Untracked 
|  38|0x00000000e2600000, 0x00000000e2600000, 0x00000000e2700000|  0%| F|  |TAMS 0x00000000e2600000, 0x00000000e2600000| Untracked 
|  39|0x00000000e2700000, 0x00000000e2700000, 0x00000000e2800000|  0%| F|  |TAMS 0x00000000e2700000, 0x00000000e2700000| Untracked 
|  40|0x00000000e2800000, 0x00000000e2800000, 0x00000000e2900000|  0%| F|  |TAMS 0x00000000e2800000, 0x00000000e2800000| Untracked 
|  41|0x00000000e2900000, 0x00000000e2900000, 0x00000000e2a00000|  0%| F|  |TAMS 0x00000000e2900000, 0x00000000e2900000| Untracked 
|  42|0x00000000e2a00000, 0x00000000e2a00000, 0x00000000e2b00000|  0%| F|  |TAMS 0x00000000e2a00000, 0x00000000e2a00000| Untracked 
|  43|0x00000000e2b00000, 0x00000000e2b00000, 0x00000000e2c00000|  0%| F|  |TAMS 0x00000000e2b00000, 0x00000000e2b00000| Untracked 
|  44|0x00000000e2c00000, 0x00000000e2c00000, 0x00000000e2d00000|  0%| F|  |TAMS 0x00000000e2c00000, 0x00000000e2c00000| Untracked 
|  45|0x00000000e2d00000, 0x00000000e2d00000, 0x00000000e2e00000|  0%| F|  |TAMS 0x00000000e2d00000, 0x00000000e2d00000| Untracked 
|  46|0x00000000e2e00000, 0x00000000e2e00000, 0x00000000e2f00000|  0%| F|  |TAMS 0x00000000e2e00000, 0x00000000e2e00000| Untracked 
|  47|0x00000000e2f00000, 0x00000000e2f00000, 0x00000000e3000000|  0%| F|  |TAMS 0x00000000e2f00000, 0x00000000e2f00000| Untracked 
|  48|0x00000000e3000000, 0x00000000e3000000, 0x00000000e3100000|  0%| F|  |TAMS 0x00000000e3000000, 0x00000000e3000000| Untracked 
|  49|0x00000000e3100000, 0x00000000e3100000, 0x00000000e3200000|  0%| F|  |TAMS 0x00000000e3100000, 0x00000000e3100000| Untracked 
|  50|0x00000000e3200000, 0x00000000e3200000, 0x00000000e3300000|  0%| F|  |TAMS 0x00000000e3200000, 0x00000000e3200000| Untracked 
|  51|0x00000000e3300000, 0x00000000e3300000, 0x00000000e3400000|  0%| F|  |TAMS 0x00000000e3300000, 0x00000000e3300000| Untracked 
|  52|0x00000000e3400000, 0x00000000e3400000, 0x00000000e3500000|  0%| F|  |TAMS 0x00000000e3400000, 0x00000000e3400000| Untracked 
|  53|0x00000000e3500000, 0x00000000e3500000, 0x00000000e3600000|  0%| F|  |TAMS 0x00000000e3500000, 0x00000000e3500000| Untracked 
|  54|0x00000000e3600000, 0x00000000e3600000, 0x00000000e3700000|  0%| F|  |TAMS 0x00000000e3600000, 0x00000000e3600000| Untracked 
|  55|0x00000000e3700000, 0x00000000e3700000, 0x00000000e3800000|  0%| F|  |TAMS 0x00000000e3700000, 0x00000000e3700000| Untracked 
|  56|0x00000000e3800000, 0x00000000e3800000, 0x00000000e3900000|  0%| F|  |TAMS 0x00000000e3800000, 0x00000000e3800000| Untracked 
|  57|0x00000000e3900000, 0x00000000e3900000, 0x00000000e3a00000|  0%| F|  |TAMS 0x00000000e3900000, 0x00000000e3900000| Untracked 
|  58|0x00000000e3a00000, 0x00000000e3a00000, 0x00000000e3b00000|  0%| F|  |TAMS 0x00000000e3a00000, 0x00000000e3a00000| Untracked 
|  59|0x00000000e3b00000, 0x00000000e3b00000, 0x00000000e3c00000|  0%| F|  |TAMS 0x00000000e3b00000, 0x00000000e3b00000| Untracked 
|  60|0x00000000e3c00000, 0x00000000e3c00000, 0x00000000e3d00000|  0%| F|  |TAMS 0x00000000e3c00000, 0x00000000e3c00000| Untracked 
|  61|0x00000000e3d00000, 0x00000000e3d00000, 0x00000000e3e00000|  0%| F|  |TAMS 0x00000000e3d00000, 0x00000000e3d00000| Untracked 
|  62|0x00000000e3e00000, 0x00000000e3e00000, 0x00000000e3f00000|  0%| F|  |TAMS 0x00000000e3e00000, 0x00000000e3e00000| Untracked 
|  63|0x00000000e3f00000, 0x00000000e3f00000, 0x00000000e4000000|  0%| F|  |TAMS 0x00000000e3f00000, 0x00000000e3f00000| Untracked 
|  64|0x00000000e4000000, 0x00000000e4000000, 0x00000000e4100000|  0%| F|  |TAMS 0x00000000e4000000, 0x00000000e4000000| Untracked 
|  65|0x00000000e4100000, 0x00000000e4100000, 0x00000000e4200000|  0%| F|  |TAMS 0x00000000e4100000, 0x00000000e4100000| Untracked 
|  66|0x00000000e4200000, 0x00000000e4200000, 0x00000000e4300000|  0%| F|  |TAMS 0x00000000e4200000, 0x00000000e4200000| Untracked 
|  67|0x00000000e4300000, 0x00000000e4300000, 0x00000000e4400000|  0%| F|  |TAMS 0x00000000e4300000, 0x00000000e4300000| Untracked 
|  68|0x00000000e4400000, 0x00000000e4400000, 0x00000000e4500000|  0%| F|  |TAMS 0x00000000e4400000, 0x00000000e4400000| Untracked 
|  69|0x00000000e4500000, 0x00000000e4500000, 0x00000000e4600000|  0%| F|  |TAMS 0x00000000e4500000, 0x00000000e4500000| Untracked 
|  70|0x00000000e4600000, 0x00000000e4600000, 0x00000000e4700000|  0%| F|  |TAMS 0x00000000e4600000, 0x00000000e4600000| Untracked 
|  71|0x00000000e4700000, 0x00000000e4700000, 0x00000000e4800000|  0%| F|  |TAMS 0x00000000e4700000, 0x00000000e4700000| Untracked 
|  72|0x00000000e4800000, 0x00000000e4800000, 0x00000000e4900000|  0%| F|  |TAMS 0x00000000e4800000, 0x00000000e4800000| Untracked 
|  73|0x00000000e4900000, 0x00000000e4900000, 0x00000000e4a00000|  0%| F|  |TAMS 0x00000000e4900000, 0x00000000e4900000| Untracked 
|  74|0x00000000e4a00000, 0x00000000e4a00000, 0x00000000e4b00000|  0%| F|  |TAMS 0x00000000e4a00000, 0x00000000e4a00000| Untracked 
|  75|0x00000000e4b00000, 0x00000000e4b00000, 0x00000000e4c00000|  0%| F|  |TAMS 0x00000000e4b00000, 0x00000000e4b00000| Untracked 
|  76|0x00000000e4c00000, 0x00000000e4c00000, 0x00000000e4d00000|  0%| F|  |TAMS 0x00000000e4c00000, 0x00000000e4c00000| Untracked 
|  77|0x00000000e4d00000, 0x00000000e4d00000, 0x00000000e4e00000|  0%| F|  |TAMS 0x00000000e4d00000, 0x00000000e4d00000| Untracked 
|  78|0x00000000e4e00000, 0x00000000e4e00000, 0x00000000e4f00000|  0%| F|  |TAMS 0x00000000e4e00000, 0x00000000e4e00000| Untracked 
|  79|0x00000000e4f00000, 0x00000000e4f00000, 0x00000000e5000000|  0%| F|  |TAMS 0x00000000e4f00000, 0x00000000e4f00000| Untracked 
|  80|0x00000000e5000000, 0x00000000e5000000, 0x00000000e5100000|  0%| F|  |TAMS 0x00000000e5000000, 0x00000000e5000000| Untracked 
|  81|0x00000000e5100000, 0x00000000e5100000, 0x00000000e5200000|  0%| F|  |TAMS 0x00000000e5100000, 0x00000000e5100000| Untracked 
|  82|0x00000000e5200000, 0x00000000e5200000, 0x00000000e5300000|  0%| F|  |TAMS 0x00000000e5200000, 0x00000000e5200000| Untracked 
|  83|0x00000000e5300000, 0x00000000e5300000, 0x00000000e5400000|  0%| F|  |TAMS 0x00000000e5300000, 0x00000000e5300000| Untracked 
|  84|0x00000000e5400000, 0x00000000e5400000, 0x00000000e5500000|  0%| F|  |TAMS 0x00000000e5400000, 0x00000000e5400000| Untracked 
|  85|0x00000000e5500000, 0x00000000e5500000, 0x00000000e5600000|  0%| F|  |TAMS 0x00000000e5500000, 0x00000000e5500000| Untracked 
|  86|0x00000000e5600000, 0x00000000e5600000, 0x00000000e5700000|  0%| F|  |TAMS 0x00000000e5600000, 0x00000000e5600000| Untracked 
|  87|0x00000000e5700000, 0x00000000e5700000, 0x00000000e5800000|  0%| F|  |TAMS 0x00000000e5700000, 0x00000000e5700000| Untracked 
|  88|0x00000000e5800000, 0x00000000e58e7f18, 0x00000000e5900000| 90%| E|CS|TAMS 0x00000000e5800000, 0x00000000e5800000| Complete 
|  89|0x00000000e5900000, 0x00000000e5a00000, 0x00000000e5a00000|100%| E|CS|TAMS 0x00000000e5900000, 0x00000000e5900000| Complete 
|  90|0x00000000e5a00000, 0x00000000e5b00000, 0x00000000e5b00000|100%| E|CS|TAMS 0x00000000e5a00000, 0x00000000e5a00000| Complete 
|  91|0x00000000e5b00000, 0x00000000e5c00000, 0x00000000e5c00000|100%| E|CS|TAMS 0x00000000e5b00000, 0x00000000e5b00000| Complete 
|  92|0x00000000e5c00000, 0x00000000e5d00000, 0x00000000e5d00000|100%| E|CS|TAMS 0x00000000e5c00000, 0x00000000e5c00000| Complete 
|  93|0x00000000e5d00000, 0x00000000e5e00000, 0x00000000e5e00000|100%| E|CS|TAMS 0x00000000e5d00000, 0x00000000e5d00000| Complete 
|  94|0x00000000e5e00000, 0x00000000e5f00000, 0x00000000e5f00000|100%| E|CS|TAMS 0x00000000e5e00000, 0x00000000e5e00000| Complete 
|  95|0x00000000e5f00000, 0x00000000e6000000, 0x00000000e6000000|100%| E|CS|TAMS 0x00000000e5f00000, 0x00000000e5f00000| Complete 
|  96|0x00000000e6000000, 0x00000000e6100000, 0x00000000e6100000|100%| E|CS|TAMS 0x00000000e6000000, 0x00000000e6000000| Complete 
|  97|0x00000000e6100000, 0x00000000e6200000, 0x00000000e6200000|100%| E|CS|TAMS 0x00000000e6100000, 0x00000000e6100000| Complete 
|  98|0x00000000e6200000, 0x00000000e6300000, 0x00000000e6300000|100%| E|CS|TAMS 0x00000000e6200000, 0x00000000e6200000| Complete 
|  99|0x00000000e6300000, 0x00000000e6400000, 0x00000000e6400000|100%| E|CS|TAMS 0x00000000e6300000, 0x00000000e6300000| Complete 
| 100|0x00000000e6400000, 0x00000000e6500000, 0x00000000e6500000|100%| E|CS|TAMS 0x00000000e6400000, 0x00000000e6400000| Complete 
| 101|0x00000000e6500000, 0x00000000e6600000, 0x00000000e6600000|100%| E|CS|TAMS 0x00000000e6500000, 0x00000000e6500000| Complete 
| 102|0x00000000e6600000, 0x00000000e6700000, 0x00000000e6700000|100%| E|CS|TAMS 0x00000000e6600000, 0x00000000e6600000| Complete 
| 103|0x00000000e6700000, 0x00000000e6700000, 0x00000000e6800000|  0%| F|  |TAMS 0x00000000e6700000, 0x00000000e6700000| Untracked 
| 104|0x00000000e6800000, 0x00000000e6800000, 0x00000000e6900000|  0%| F|  |TAMS 0x00000000e6800000, 0x00000000e6800000| Untracked 
| 105|0x00000000e6900000, 0x00000000e6900000, 0x00000000e6a00000|  0%| F|  |TAMS 0x00000000e6900000, 0x00000000e6900000| Untracked 
| 106|0x00000000e6a00000, 0x00000000e6ac5140, 0x00000000e6b00000| 76%| S|  |TAMS 0x00000000e6a00000, 0x00000000e6a00000| Complete 
| 107|0x00000000e6b00000, 0x00000000e6c00000, 0x00000000e6c00000|100%| S|  |TAMS 0x00000000e6b00000, 0x00000000e6b00000| Complete 
| 108|0x00000000e6c00000, 0x00000000e6d00000, 0x00000000e6d00000|100%| S|  |TAMS 0x00000000e6c00000, 0x00000000e6c00000| Complete 
| 109|0x00000000e6d00000, 0x00000000e6e00000, 0x00000000e6e00000|100%| S|  |TAMS 0x00000000e6d00000, 0x00000000e6d00000| Complete 
| 110|0x00000000e6e00000, 0x00000000e6f00000, 0x00000000e6f00000|100%| S|  |TAMS 0x00000000e6e00000, 0x00000000e6e00000| Complete 
| 111|0x00000000e6f00000, 0x00000000e7000000, 0x00000000e7000000|100%| S|  |TAMS 0x00000000e6f00000, 0x00000000e6f00000| Complete 
| 112|0x00000000e7000000, 0x00000000e7100000, 0x00000000e7100000|100%| S|  |TAMS 0x00000000e7000000, 0x00000000e7000000| Complete 
| 113|0x00000000e7100000, 0x00000000e7200000, 0x00000000e7200000|100%| S|  |TAMS 0x00000000e7100000, 0x00000000e7100000| Complete 
| 114|0x00000000e7200000, 0x00000000e7300000, 0x00000000e7300000|100%| S|  |TAMS 0x00000000e7200000, 0x00000000e7200000| Complete 
| 115|0x00000000e7300000, 0x00000000e7400000, 0x00000000e7400000|100%| S|  |TAMS 0x00000000e7300000, 0x00000000e7300000| Complete 
| 116|0x00000000e7400000, 0x00000000e7500000, 0x00000000e7500000|100%| S|  |TAMS 0x00000000e7400000, 0x00000000e7400000| Complete 
| 117|0x00000000e7500000, 0x00000000e7600000, 0x00000000e7600000|100%| S|  |TAMS 0x00000000e7500000, 0x00000000e7500000| Complete 
| 118|0x00000000e7600000, 0x00000000e7700000, 0x00000000e7700000|100%| E|CS|TAMS 0x00000000e7600000, 0x00000000e7600000| Complete 
| 119|0x00000000e7700000, 0x00000000e7800000, 0x00000000e7800000|100%| E|CS|TAMS 0x00000000e7700000, 0x00000000e7700000| Complete 
| 120|0x00000000e7800000, 0x00000000e7900000, 0x00000000e7900000|100%| E|CS|TAMS 0x00000000e7800000, 0x00000000e7800000| Complete 
| 121|0x00000000e7900000, 0x00000000e7a00000, 0x00000000e7a00000|100%| E|CS|TAMS 0x00000000e7900000, 0x00000000e7900000| Complete 
| 122|0x00000000e7a00000, 0x00000000e7b00000, 0x00000000e7b00000|100%| E|CS|TAMS 0x00000000e7a00000, 0x00000000e7a00000| Complete 
| 123|0x00000000e7b00000, 0x00000000e7c00000, 0x00000000e7c00000|100%| E|CS|TAMS 0x00000000e7b00000, 0x00000000e7b00000| Complete 
| 124|0x00000000e7c00000, 0x00000000e7d00000, 0x00000000e7d00000|100%| E|CS|TAMS 0x00000000e7c00000, 0x00000000e7c00000| Complete 
| 125|0x00000000e7d00000, 0x00000000e7e00000, 0x00000000e7e00000|100%| E|CS|TAMS 0x00000000e7d00000, 0x00000000e7d00000| Complete 
| 126|0x00000000e7e00000, 0x00000000e7f00000, 0x00000000e7f00000|100%| E|CS|TAMS 0x00000000e7e00000, 0x00000000e7e00000| Complete 
| 127|0x00000000e7f00000, 0x00000000e8000000, 0x00000000e8000000|100%| E|CS|TAMS 0x00000000e7f00000, 0x00000000e7f00000| Complete 
| 128|0x00000000e8000000, 0x00000000e8100000, 0x00000000e8100000|100%| E|CS|TAMS 0x00000000e8000000, 0x00000000e8000000| Complete 
| 129|0x00000000e8100000, 0x00000000e8200000, 0x00000000e8200000|100%| E|CS|TAMS 0x00000000e8100000, 0x00000000e8100000| Complete 
| 130|0x00000000e8200000, 0x00000000e8300000, 0x00000000e8300000|100%| E|CS|TAMS 0x00000000e8200000, 0x00000000e8200000| Complete 
| 131|0x00000000e8300000, 0x00000000e8400000, 0x00000000e8400000|100%| E|CS|TAMS 0x00000000e8300000, 0x00000000e8300000| Complete 
| 132|0x00000000e8400000, 0x00000000e8500000, 0x00000000e8500000|100%| E|CS|TAMS 0x00000000e8400000, 0x00000000e8400000| Complete 
| 133|0x00000000e8500000, 0x00000000e8600000, 0x00000000e8600000|100%| E|CS|TAMS 0x00000000e8500000, 0x00000000e8500000| Complete 
| 134|0x00000000e8600000, 0x00000000e8700000, 0x00000000e8700000|100%| E|CS|TAMS 0x00000000e8600000, 0x00000000e8600000| Complete 
| 135|0x00000000e8700000, 0x00000000e8800000, 0x00000000e8800000|100%| E|CS|TAMS 0x00000000e8700000, 0x00000000e8700000| Complete 
| 136|0x00000000e8800000, 0x00000000e8900000, 0x00000000e8900000|100%| E|CS|TAMS 0x00000000e8800000, 0x00000000e8800000| Complete 
| 137|0x00000000e8900000, 0x00000000e8a00000, 0x00000000e8a00000|100%| E|CS|TAMS 0x00000000e8900000, 0x00000000e8900000| Complete 
| 138|0x00000000e8a00000, 0x00000000e8b00000, 0x00000000e8b00000|100%| E|CS|TAMS 0x00000000e8a00000, 0x00000000e8a00000| Complete 
| 139|0x00000000e8b00000, 0x00000000e8c00000, 0x00000000e8c00000|100%| E|CS|TAMS 0x00000000e8b00000, 0x00000000e8b00000| Complete 
| 140|0x00000000e8c00000, 0x00000000e8d00000, 0x00000000e8d00000|100%| E|CS|TAMS 0x00000000e8c00000, 0x00000000e8c00000| Complete 
| 141|0x00000000e8d00000, 0x00000000e8e00000, 0x00000000e8e00000|100%| E|CS|TAMS 0x00000000e8d00000, 0x00000000e8d00000| Complete 
| 142|0x00000000e8e00000, 0x00000000e8f00000, 0x00000000e8f00000|100%| E|CS|TAMS 0x00000000e8e00000, 0x00000000e8e00000| Complete 
| 143|0x00000000e8f00000, 0x00000000e9000000, 0x00000000e9000000|100%| E|CS|TAMS 0x00000000e8f00000, 0x00000000e8f00000| Complete 
| 144|0x00000000e9000000, 0x00000000e9100000, 0x00000000e9100000|100%| E|CS|TAMS 0x00000000e9000000, 0x00000000e9000000| Complete 
| 145|0x00000000e9100000, 0x00000000e9200000, 0x00000000e9200000|100%| E|CS|TAMS 0x00000000e9100000, 0x00000000e9100000| Complete 
| 146|0x00000000e9200000, 0x00000000e9300000, 0x00000000e9300000|100%| E|CS|TAMS 0x00000000e9200000, 0x00000000e9200000| Complete 
| 147|0x00000000e9300000, 0x00000000e9400000, 0x00000000e9400000|100%| E|CS|TAMS 0x00000000e9300000, 0x00000000e9300000| Complete 
| 148|0x00000000e9400000, 0x00000000e9500000, 0x00000000e9500000|100%| E|CS|TAMS 0x00000000e9400000, 0x00000000e9400000| Complete 
| 149|0x00000000e9500000, 0x00000000e9600000, 0x00000000e9600000|100%| E|CS|TAMS 0x00000000e9500000, 0x00000000e9500000| Complete 
| 150|0x00000000e9600000, 0x00000000e9700000, 0x00000000e9700000|100%| E|CS|TAMS 0x00000000e9600000, 0x00000000e9600000| Complete 
| 151|0x00000000e9700000, 0x00000000e9800000, 0x00000000e9800000|100%| E|CS|TAMS 0x00000000e9700000, 0x00000000e9700000| Complete 
| 152|0x00000000e9800000, 0x00000000e9900000, 0x00000000e9900000|100%| E|CS|TAMS 0x00000000e9800000, 0x00000000e9800000| Complete 
| 153|0x00000000e9900000, 0x00000000e9a00000, 0x00000000e9a00000|100%| E|CS|TAMS 0x00000000e9900000, 0x00000000e9900000| Complete 
| 154|0x00000000e9a00000, 0x00000000e9b00000, 0x00000000e9b00000|100%| E|CS|TAMS 0x00000000e9a00000, 0x00000000e9a00000| Complete 
| 155|0x00000000e9b00000, 0x00000000e9c00000, 0x00000000e9c00000|100%| E|CS|TAMS 0x00000000e9b00000, 0x00000000e9b00000| Complete 
| 156|0x00000000e9c00000, 0x00000000e9d00000, 0x00000000e9d00000|100%| E|CS|TAMS 0x00000000e9c00000, 0x00000000e9c00000| Complete 
| 157|0x00000000e9d00000, 0x00000000e9e00000, 0x00000000e9e00000|100%| E|CS|TAMS 0x00000000e9d00000, 0x00000000e9d00000| Complete 
| 158|0x00000000e9e00000, 0x00000000e9f00000, 0x00000000e9f00000|100%| E|CS|TAMS 0x00000000e9e00000, 0x00000000e9e00000| Complete 
| 159|0x00000000e9f00000, 0x00000000ea000000, 0x00000000ea000000|100%| E|CS|TAMS 0x00000000e9f00000, 0x00000000e9f00000| Complete 
| 160|0x00000000ea000000, 0x00000000ea100000, 0x00000000ea100000|100%| E|CS|TAMS 0x00000000ea000000, 0x00000000ea000000| Complete 
| 161|0x00000000ea100000, 0x00000000ea200000, 0x00000000ea200000|100%| E|CS|TAMS 0x00000000ea100000, 0x00000000ea100000| Complete 
| 162|0x00000000ea200000, 0x00000000ea300000, 0x00000000ea300000|100%| E|CS|TAMS 0x00000000ea200000, 0x00000000ea200000| Complete 
| 163|0x00000000ea300000, 0x00000000ea400000, 0x00000000ea400000|100%| E|CS|TAMS 0x00000000ea300000, 0x00000000ea300000| Complete 
| 164|0x00000000ea400000, 0x00000000ea500000, 0x00000000ea500000|100%| E|CS|TAMS 0x00000000ea400000, 0x00000000ea400000| Complete 
| 165|0x00000000ea500000, 0x00000000ea600000, 0x00000000ea600000|100%| E|CS|TAMS 0x00000000ea500000, 0x00000000ea500000| Complete 
| 166|0x00000000ea600000, 0x00000000ea700000, 0x00000000ea700000|100%| E|CS|TAMS 0x00000000ea600000, 0x00000000ea600000| Complete 
| 167|0x00000000ea700000, 0x00000000ea800000, 0x00000000ea800000|100%| E|CS|TAMS 0x00000000ea700000, 0x00000000ea700000| Complete 
| 168|0x00000000ea800000, 0x00000000ea900000, 0x00000000ea900000|100%| E|CS|TAMS 0x00000000ea800000, 0x00000000ea800000| Complete 
| 169|0x00000000ea900000, 0x00000000eaa00000, 0x00000000eaa00000|100%| E|CS|TAMS 0x00000000ea900000, 0x00000000ea900000| Complete 
| 170|0x00000000eaa00000, 0x00000000eab00000, 0x00000000eab00000|100%| E|CS|TAMS 0x00000000eaa00000, 0x00000000eaa00000| Complete 
| 171|0x00000000eab00000, 0x00000000eac00000, 0x00000000eac00000|100%| E|CS|TAMS 0x00000000eab00000, 0x00000000eab00000| Complete 
| 172|0x00000000eac00000, 0x00000000ead00000, 0x00000000ead00000|100%| E|CS|TAMS 0x00000000eac00000, 0x00000000eac00000| Complete 
| 173|0x00000000ead00000, 0x00000000eae00000, 0x00000000eae00000|100%| E|CS|TAMS 0x00000000ead00000, 0x00000000ead00000| Complete 
| 174|0x00000000eae00000, 0x00000000eaf00000, 0x00000000eaf00000|100%| E|CS|TAMS 0x00000000eae00000, 0x00000000eae00000| Complete 
| 175|0x00000000eaf00000, 0x00000000eb000000, 0x00000000eb000000|100%| E|CS|TAMS 0x00000000eaf00000, 0x00000000eaf00000| Complete 
| 176|0x00000000eb000000, 0x00000000eb100000, 0x00000000eb100000|100%| E|CS|TAMS 0x00000000eb000000, 0x00000000eb000000| Complete 
| 177|0x00000000eb100000, 0x00000000eb200000, 0x00000000eb200000|100%| E|CS|TAMS 0x00000000eb100000, 0x00000000eb100000| Complete 
| 178|0x00000000eb200000, 0x00000000eb300000, 0x00000000eb300000|100%| E|CS|TAMS 0x00000000eb200000, 0x00000000eb200000| Complete 
| 179|0x00000000eb300000, 0x00000000eb400000, 0x00000000eb400000|100%| E|CS|TAMS 0x00000000eb300000, 0x00000000eb300000| Complete 
| 180|0x00000000eb400000, 0x00000000eb500000, 0x00000000eb500000|100%| E|CS|TAMS 0x00000000eb400000, 0x00000000eb400000| Complete 
| 181|0x00000000eb500000, 0x00000000eb600000, 0x00000000eb600000|100%| E|CS|TAMS 0x00000000eb500000, 0x00000000eb500000| Complete 
| 182|0x00000000eb600000, 0x00000000eb700000, 0x00000000eb700000|100%| E|CS|TAMS 0x00000000eb600000, 0x00000000eb600000| Complete 
| 183|0x00000000eb700000, 0x00000000eb800000, 0x00000000eb800000|100%| E|CS|TAMS 0x00000000eb700000, 0x00000000eb700000| Complete 
| 184|0x00000000eb800000, 0x00000000eb900000, 0x00000000eb900000|100%| E|CS|TAMS 0x00000000eb800000, 0x00000000eb800000| Complete 
| 185|0x00000000eb900000, 0x00000000eba00000, 0x00000000eba00000|100%| E|CS|TAMS 0x00000000eb900000, 0x00000000eb900000| Complete 
| 186|0x00000000eba00000, 0x00000000ebb00000, 0x00000000ebb00000|100%| E|CS|TAMS 0x00000000eba00000, 0x00000000eba00000| Complete 
| 187|0x00000000ebb00000, 0x00000000ebc00000, 0x00000000ebc00000|100%| E|CS|TAMS 0x00000000ebb00000, 0x00000000ebb00000| Complete 
| 188|0x00000000ebc00000, 0x00000000ebd00000, 0x00000000ebd00000|100%| E|CS|TAMS 0x00000000ebc00000, 0x00000000ebc00000| Complete 
| 189|0x00000000ebd00000, 0x00000000ebe00000, 0x00000000ebe00000|100%| E|CS|TAMS 0x00000000ebd00000, 0x00000000ebd00000| Complete 
| 190|0x00000000ebe00000, 0x00000000ebf00000, 0x00000000ebf00000|100%| E|CS|TAMS 0x00000000ebe00000, 0x00000000ebe00000| Complete 
| 191|0x00000000ebf00000, 0x00000000ec000000, 0x00000000ec000000|100%| E|CS|TAMS 0x00000000ebf00000, 0x00000000ebf00000| Complete 
| 192|0x00000000ec000000, 0x00000000ec100000, 0x00000000ec100000|100%| E|CS|TAMS 0x00000000ec000000, 0x00000000ec000000| Complete 
| 193|0x00000000ec100000, 0x00000000ec200000, 0x00000000ec200000|100%| E|CS|TAMS 0x00000000ec100000, 0x00000000ec100000| Complete 
| 194|0x00000000ec200000, 0x00000000ec300000, 0x00000000ec300000|100%| E|CS|TAMS 0x00000000ec200000, 0x00000000ec200000| Complete 
| 195|0x00000000ec300000, 0x00000000ec400000, 0x00000000ec400000|100%| E|CS|TAMS 0x00000000ec300000, 0x00000000ec300000| Complete 
| 196|0x00000000ec400000, 0x00000000ec500000, 0x00000000ec500000|100%| E|CS|TAMS 0x00000000ec400000, 0x00000000ec400000| Complete 
| 197|0x00000000ec500000, 0x00000000ec600000, 0x00000000ec600000|100%| E|CS|TAMS 0x00000000ec500000, 0x00000000ec500000| Complete 
| 198|0x00000000ec600000, 0x00000000ec700000, 0x00000000ec700000|100%| E|CS|TAMS 0x00000000ec600000, 0x00000000ec600000| Complete 
| 199|0x00000000ec700000, 0x00000000ec800000, 0x00000000ec800000|100%| E|CS|TAMS 0x00000000ec700000, 0x00000000ec700000| Complete 
| 200|0x00000000ec800000, 0x00000000ec900000, 0x00000000ec900000|100%| E|CS|TAMS 0x00000000ec800000, 0x00000000ec800000| Complete 
| 201|0x00000000ec900000, 0x00000000eca00000, 0x00000000eca00000|100%| E|CS|TAMS 0x00000000ec900000, 0x00000000ec900000| Complete 
| 202|0x00000000eca00000, 0x00000000ecb00000, 0x00000000ecb00000|100%| E|CS|TAMS 0x00000000eca00000, 0x00000000eca00000| Complete 
| 203|0x00000000ecb00000, 0x00000000ecc00000, 0x00000000ecc00000|100%| E|CS|TAMS 0x00000000ecb00000, 0x00000000ecb00000| Complete 
| 204|0x00000000ecc00000, 0x00000000ecd00000, 0x00000000ecd00000|100%| E|CS|TAMS 0x00000000ecc00000, 0x00000000ecc00000| Complete 
| 205|0x00000000ecd00000, 0x00000000ece00000, 0x00000000ece00000|100%| E|CS|TAMS 0x00000000ecd00000, 0x00000000ecd00000| Complete 
| 206|0x00000000ece00000, 0x00000000ecf00000, 0x00000000ecf00000|100%| E|CS|TAMS 0x00000000ece00000, 0x00000000ece00000| Complete 
| 207|0x00000000ecf00000, 0x00000000ed000000, 0x00000000ed000000|100%| E|CS|TAMS 0x00000000ecf00000, 0x00000000ecf00000| Complete 
| 208|0x00000000ed000000, 0x00000000ed100000, 0x00000000ed100000|100%| E|CS|TAMS 0x00000000ed000000, 0x00000000ed000000| Complete 
| 209|0x00000000ed100000, 0x00000000ed200000, 0x00000000ed200000|100%| E|CS|TAMS 0x00000000ed100000, 0x00000000ed100000| Complete 
| 210|0x00000000ed200000, 0x00000000ed300000, 0x00000000ed300000|100%| E|CS|TAMS 0x00000000ed200000, 0x00000000ed200000| Complete 
| 211|0x00000000ed300000, 0x00000000ed400000, 0x00000000ed400000|100%| E|CS|TAMS 0x00000000ed300000, 0x00000000ed300000| Complete 
| 212|0x00000000ed400000, 0x00000000ed500000, 0x00000000ed500000|100%| E|CS|TAMS 0x00000000ed400000, 0x00000000ed400000| Complete 
| 213|0x00000000ed500000, 0x00000000ed600000, 0x00000000ed600000|100%| E|CS|TAMS 0x00000000ed500000, 0x00000000ed500000| Complete 
| 214|0x00000000ed600000, 0x00000000ed700000, 0x00000000ed700000|100%| E|CS|TAMS 0x00000000ed600000, 0x00000000ed600000| Complete 
| 215|0x00000000ed700000, 0x00000000ed800000, 0x00000000ed800000|100%| E|CS|TAMS 0x00000000ed700000, 0x00000000ed700000| Complete 
| 216|0x00000000ed800000, 0x00000000ed900000, 0x00000000ed900000|100%| E|CS|TAMS 0x00000000ed800000, 0x00000000ed800000| Complete 
| 217|0x00000000ed900000, 0x00000000eda00000, 0x00000000eda00000|100%| E|CS|TAMS 0x00000000ed900000, 0x00000000ed900000| Complete 
| 218|0x00000000eda00000, 0x00000000edb00000, 0x00000000edb00000|100%| E|CS|TAMS 0x00000000eda00000, 0x00000000eda00000| Complete 
| 219|0x00000000edb00000, 0x00000000edc00000, 0x00000000edc00000|100%| E|CS|TAMS 0x00000000edb00000, 0x00000000edb00000| Complete 
| 220|0x00000000edc00000, 0x00000000edd00000, 0x00000000edd00000|100%| E|CS|TAMS 0x00000000edc00000, 0x00000000edc00000| Complete 
| 221|0x00000000edd00000, 0x00000000ede00000, 0x00000000ede00000|100%| E|CS|TAMS 0x00000000edd00000, 0x00000000edd00000| Complete 
| 222|0x00000000ede00000, 0x00000000edf00000, 0x00000000edf00000|100%| E|CS|TAMS 0x00000000ede00000, 0x00000000ede00000| Complete 
| 223|0x00000000edf00000, 0x00000000ee000000, 0x00000000ee000000|100%| E|CS|TAMS 0x00000000edf00000, 0x00000000edf00000| Complete 
| 224|0x00000000ee000000, 0x00000000ee100000, 0x00000000ee100000|100%| E|CS|TAMS 0x00000000ee000000, 0x00000000ee000000| Complete 
| 225|0x00000000ee100000, 0x00000000ee200000, 0x00000000ee200000|100%| E|CS|TAMS 0x00000000ee100000, 0x00000000ee100000| Complete 
| 226|0x00000000ee200000, 0x00000000ee300000, 0x00000000ee300000|100%| E|CS|TAMS 0x00000000ee200000, 0x00000000ee200000| Complete 
| 227|0x00000000ee300000, 0x00000000ee400000, 0x00000000ee400000|100%| E|CS|TAMS 0x00000000ee300000, 0x00000000ee300000| Complete 
| 228|0x00000000ee400000, 0x00000000ee500000, 0x00000000ee500000|100%| E|CS|TAMS 0x00000000ee400000, 0x00000000ee400000| Complete 
| 229|0x00000000ee500000, 0x00000000ee600000, 0x00000000ee600000|100%| E|CS|TAMS 0x00000000ee500000, 0x00000000ee500000| Complete 
| 230|0x00000000ee600000, 0x00000000ee700000, 0x00000000ee700000|100%| E|CS|TAMS 0x00000000ee600000, 0x00000000ee600000| Complete 
| 231|0x00000000ee700000, 0x00000000ee800000, 0x00000000ee800000|100%| E|CS|TAMS 0x00000000ee700000, 0x00000000ee700000| Complete 
| 232|0x00000000ee800000, 0x00000000ee900000, 0x00000000ee900000|100%| E|CS|TAMS 0x00000000ee800000, 0x00000000ee800000| Complete 
| 233|0x00000000ee900000, 0x00000000eea00000, 0x00000000eea00000|100%| E|CS|TAMS 0x00000000ee900000, 0x00000000ee900000| Complete 
| 234|0x00000000eea00000, 0x00000000eeb00000, 0x00000000eeb00000|100%| E|CS|TAMS 0x00000000eea00000, 0x00000000eea00000| Complete 
| 235|0x00000000eeb00000, 0x00000000eec00000, 0x00000000eec00000|100%| E|CS|TAMS 0x00000000eeb00000, 0x00000000eeb00000| Complete 
| 236|0x00000000eec00000, 0x00000000eed00000, 0x00000000eed00000|100%| E|CS|TAMS 0x00000000eec00000, 0x00000000eec00000| Complete 
| 237|0x00000000eed00000, 0x00000000eee00000, 0x00000000eee00000|100%| E|CS|TAMS 0x00000000eed00000, 0x00000000eed00000| Complete 
| 238|0x00000000eee00000, 0x00000000eef00000, 0x00000000eef00000|100%| E|CS|TAMS 0x00000000eee00000, 0x00000000eee00000| Complete 
| 239|0x00000000eef00000, 0x00000000ef000000, 0x00000000ef000000|100%| E|CS|TAMS 0x00000000eef00000, 0x00000000eef00000| Complete 
| 240|0x00000000ef000000, 0x00000000ef100000, 0x00000000ef100000|100%| E|CS|TAMS 0x00000000ef000000, 0x00000000ef000000| Complete 
| 241|0x00000000ef100000, 0x00000000ef200000, 0x00000000ef200000|100%| E|CS|TAMS 0x00000000ef100000, 0x00000000ef100000| Complete 
| 242|0x00000000ef200000, 0x00000000ef300000, 0x00000000ef300000|100%| E|CS|TAMS 0x00000000ef200000, 0x00000000ef200000| Complete 
| 243|0x00000000ef300000, 0x00000000ef400000, 0x00000000ef400000|100%| E|CS|TAMS 0x00000000ef300000, 0x00000000ef300000| Complete 
| 244|0x00000000ef400000, 0x00000000ef500000, 0x00000000ef500000|100%| E|CS|TAMS 0x00000000ef400000, 0x00000000ef400000| Complete 
| 245|0x00000000ef500000, 0x00000000ef600000, 0x00000000ef600000|100%| E|CS|TAMS 0x00000000ef500000, 0x00000000ef500000| Complete 
| 246|0x00000000ef600000, 0x00000000ef700000, 0x00000000ef700000|100%| E|CS|TAMS 0x00000000ef600000, 0x00000000ef600000| Complete 
| 247|0x00000000ef700000, 0x00000000ef800000, 0x00000000ef800000|100%| E|CS|TAMS 0x00000000ef700000, 0x00000000ef700000| Complete 
| 248|0x00000000ef800000, 0x00000000ef900000, 0x00000000ef900000|100%| E|CS|TAMS 0x00000000ef800000, 0x00000000ef800000| Complete 
| 249|0x00000000ef900000, 0x00000000efa00000, 0x00000000efa00000|100%| E|CS|TAMS 0x00000000ef900000, 0x00000000ef900000| Complete 
| 250|0x00000000efa00000, 0x00000000efb00000, 0x00000000efb00000|100%| E|CS|TAMS 0x00000000efa00000, 0x00000000efa00000| Complete 
| 251|0x00000000efb00000, 0x00000000efc00000, 0x00000000efc00000|100%| E|CS|TAMS 0x00000000efb00000, 0x00000000efb00000| Complete 
| 252|0x00000000efc00000, 0x00000000efd00000, 0x00000000efd00000|100%| E|CS|TAMS 0x00000000efc00000, 0x00000000efc00000| Complete 
| 253|0x00000000efd00000, 0x00000000efe00000, 0x00000000efe00000|100%| E|CS|TAMS 0x00000000efd00000, 0x00000000efd00000| Complete 
| 254|0x00000000efe00000, 0x00000000eff00000, 0x00000000eff00000|100%| E|CS|TAMS 0x00000000efe00000, 0x00000000efe00000| Complete 
| 255|0x00000000eff00000, 0x00000000f0000000, 0x00000000f0000000|100%| E|CS|TAMS 0x00000000eff00000, 0x00000000eff00000| Complete 

Card table byte_map: [0x0000022460950000,0x0000022460a50000] _byte_map_base: 0x0000022460250000

Marking Bits (Prev, Next): (CMBitMap*) 0x000002244dc75c58, (CMBitMap*) 0x000002244dc75c90
 Prev Bits: [0x0000022460b50000, 0x0000022461350000)
 Next Bits: [0x0000022461350000, 0x0000022461b50000)

Polling page: 0x000002244bb40000

Metaspace:

Usage:
  Non-class:     39.26 MB capacity,    38.38 MB ( 98%) used,   730.30 KB (  2%) free+waste,   174.44 KB ( <1%) overhead. 
      Class:      5.47 MB capacity,     4.67 MB ( 85%) used,   710.98 KB ( 13%) free+waste,   103.88 KB (  2%) overhead. 
       Both:     44.73 MB capacity,    43.05 MB ( 96%) used,     1.41 MB (  3%) free+waste,   278.31 KB ( <1%) overhead. 

Virtual space:
  Non-class space:       40.00 MB reserved,      39.50 MB ( 99%) committed 
      Class space:        1.00 GB reserved,       5.50 MB ( <1%) committed 
             Both:        1.04 GB reserved,      45.00 MB (  4%) committed 

Chunk freelists:
   Non-Class:  55.00 KB
       Class:  0 bytes
        Both:  55.00 KB

MaxMetaspaceSize: 17179869184.00 GB
CompressedClassSpaceSize: 1.00 GB

CodeHeap 'non-profiled nmethods': size=120064Kb used=3028Kb max_used=3028Kb free=117035Kb
 bounds [0x0000022459200000, 0x0000022459500000, 0x0000022460740000]
CodeHeap 'profiled nmethods': size=120000Kb used=15237Kb max_used=15237Kb free=104762Kb
 bounds [0x0000022451cd0000, 0x0000022452bc0000, 0x0000022459200000]
CodeHeap 'non-nmethods': size=5696Kb used=1299Kb max_used=1346Kb free=4396Kb
 bounds [0x0000022451740000, 0x00000224519b0000, 0x0000022451cd0000]
 total_blobs=7806 nmethods=7109 adapters=608
 compilation: enabled
              stopped_count=0, restarted_count=0
 full_count=0

Compilation events (20 events):
Event: 4.363 Thread 0x0000022464c1a800 7643   !   2       java.lang.invoke.MethodHandleImpl::makeGuardWithCatch (107 bytes)
Event: 4.364 Thread 0x0000022464c1a800 nmethod 7643 0x0000022452ba3e10 code [0x0000022452ba4080, 0x0000022452ba46d8]
Event: 4.366 Thread 0x0000022464c1a800 7644       2       org.robolectric.util.ReflectionHelpers::$jacocoInit (54 bytes)
Event: 4.366 Thread 0x0000022464c1a800 nmethod 7644 0x0000022452ba4c90 code [0x0000022452ba4e80, 0x0000022452ba53d8]
Event: 4.404 Thread 0x0000022464c1a800 7646       2       jdk.internal.loader.BootLoader::getDefinedPackage (39 bytes)
Event: 4.404 Thread 0x0000022464c1a800 nmethod 7646 0x0000022452ba5590 code [0x0000022452ba57a0, 0x0000022452ba5ac8]
Event: 4.405 Thread 0x0000022464c11800 nmethod 7392% 0x00000224594e2a90 code [0x00000224594e32e0, 0x00000224594ed990]
Event: 4.405 Thread 0x0000022464c11800 7507       4       jdk.internal.jimage.ImageStringsReader::charsFromByteBuffer (186 bytes)
Event: 4.408 Thread 0x0000022464c11800 nmethod 7507 0x00000224594f4710 code [0x00000224594f48c0, 0x00000224594f4c18]
Event: 4.408 Thread 0x0000022464c11800 7498       4       org.objectweb.asm.commons.Remapper::mapMethodDesc (166 bytes)
Event: 4.423 Thread 0x0000022464c1a800 7648 %     3       org.objectweb.asm.tree.ClassNode::accept @ 261 (1079 bytes)
Event: 4.425 Thread 0x0000022464c1a800 nmethod 7648% 0x0000022452ba5d10 code [0x0000022452ba6340, 0x0000022452baac08]
Event: 4.432 Thread 0x0000022464c1a800 7650       2       org.objectweb.asm.tree.ClassNode::visitAnnotation (137 bytes)
Event: 4.432 Thread 0x0000022464c1a800 nmethod 7650 0x0000022452bac190 code [0x0000022452bac3c0, 0x0000022452bac978]
Event: 4.437 Thread 0x0000022464c1a800 7653       2       java.lang.Module::isStaticallyExportedOrOpen (70 bytes)
Event: 4.437 Thread 0x0000022464c1a800 nmethod 7653 0x0000022452bacd10 code [0x0000022452bacf00, 0x0000022452bad1b8]
Event: 4.453 Thread 0x0000022464c1a800 7654 %     3       org.robolectric.internal.bytecode.InstrumentationConfiguration::shouldAcquire @ 113 (228 bytes)
Event: 4.454 Thread 0x0000022464c1a800 nmethod 7654% 0x0000022452bad310 code [0x0000022452bad6a0, 0x0000022452baecf8]
Event: 4.454 Thread 0x0000022464c1a800 7655       3       org.robolectric.internal.bytecode.InstrumentationConfiguration::shouldAcquire (228 bytes)
Event: 4.454 Thread 0x0000022464c1a800 nmethod 7655 0x0000022452baf610 code [0x0000022452baf980, 0x0000022452bb0d98]

GC Heap History (13 events):
Event: 0.389 GC heap before
{Heap before GC invocations=0 (full 0):
 garbage-first heap   total 262144K, used 22528K [0x00000000e0000000, 0x0000000100000000)
  region size 1024K, 22 young (22528K), 0 survivors (0K)
 Metaspace       used 9242K, capacity 9399K, committed 9600K, reserved 1058816K
  class space    used 851K, capacity 896K, committed 896K, reserved 1048576K
}
Event: 0.392 GC heap after
{Heap after GC invocations=1 (full 0):
 garbage-first heap   total 262144K, used 7905K [0x00000000e0000000, 0x0000000100000000)
  region size 1024K, 3 young (3072K), 3 survivors (3072K)
 Metaspace       used 9242K, capacity 9399K, committed 9600K, reserved 1058816K
  class space    used 851K, capacity 896K, committed 896K, reserved 1048576K
}
Event: 1.562 GC heap before
{Heap before GC invocations=1 (full 0):
 garbage-first heap   total 262144K, used 140001K [0x00000000e0000000, 0x0000000100000000)
  region size 1024K, 133 young (136192K), 3 survivors (3072K)
 Metaspace       used 20889K, capacity 21170K, committed 21248K, reserved 1069056K
  class space    used 2415K, capacity 2508K, committed 2560K, reserved 1048576K
}
Event: 1.567 GC heap after
{Heap after GC invocations=2 (full 0):
 garbage-first heap   total 262144K, used 10689K [0x00000000e0000000, 0x0000000100000000)
  region size 1024K, 6 young (6144K), 6 survivors (6144K)
 Metaspace       used 20889K, capacity 21170K, committed 21248K, reserved 1069056K
  class space    used 2415K, capacity 2508K, committed 2560K, reserved 1048576K
}
Event: 2.529 GC heap before
{Heap before GC invocations=3 (full 0):
 garbage-first heap   total 262144K, used 110017K [0x00000000e0000000, 0x0000000100000000)
  region size 1024K, 103 young (105472K), 6 survivors (6144K)
 Metaspace       used 27213K, capacity 27621K, committed 27904K, reserved 1073152K
  class space    used 3123K, capacity 3267K, committed 3328K, reserved 1048576K
}
Event: 2.534 GC heap after
{Heap after GC invocations=4 (full 0):
 garbage-first heap   total 262144K, used 11682K [0x00000000e0000000, 0x0000000100000000)
  region size 1024K, 7 young (7168K), 7 survivors (7168K)
 Metaspace       used 27213K, capacity 27621K, committed 27904K, reserved 1073152K
  class space    used 3123K, capacity 3267K, committed 3328K, reserved 1048576K
}
Event: 3.382 GC heap before
{Heap before GC invocations=4 (full 0):
 garbage-first heap   total 262144K, used 154018K [0x00000000e0000000, 0x0000000100000000)
  region size 1024K, 143 young (146432K), 7 survivors (7168K)
 Metaspace       used 33924K, capacity 34619K, committed 34944K, reserved 1079296K
  class space    used 3788K, capacity 4102K, committed 4224K, reserved 1048576K
}
Event: 3.390 GC heap after
{Heap after GC invocations=5 (full 0):
 garbage-first heap   total 262144K, used 21539K [0x00000000e0000000, 0x0000000100000000)
  region size 1024K, 13 young (13312K), 13 survivors (13312K)
 Metaspace       used 33924K, capacity 34619K, committed 34944K, reserved 1079296K
  class space    used 3788K, capacity 4102K, committed 4224K, reserved 1048576K
}
Event: 3.515 GC heap before
{Heap before GC invocations=5 (full 0):
 garbage-first heap   total 262144K, used 76835K [0x00000000e0000000, 0x0000000100000000)
  region size 1024K, 68 young (69632K), 13 survivors (13312K)
 Metaspace       used 35124K, capacity 35771K, committed 35840K, reserved 1081344K
  class space    used 3840K, capacity 4166K, committed 4224K, reserved 1048576K
}
Event: 3.523 GC heap after
{Heap after GC invocations=6 (full 0):
 garbage-first heap   total 262144K, used 22238K [0x00000000e0000000, 0x0000000100000000)
  region size 1024K, 11 young (11264K), 11 survivors (11264K)
 Metaspace       used 35124K, capacity 35771K, committed 35840K, reserved 1081344K
  class space    used 3840K, capacity 4166K, committed 4224K, reserved 1048576K
}
Event: 4.051 GC heap before
{Heap before GC invocations=7 (full 0):
 garbage-first heap   total 262144K, used 180958K [0x00000000e0000000, 0x0000000100000000)
  region size 1024K, 153 young (156672K), 11 survivors (11264K)
 Metaspace       used 40410K, capacity 41935K, committed 42240K, reserved 1085440K
  class space    used 4528K, capacity 5252K, committed 5376K, reserved 1048576K
}
Event: 4.057 GC heap after
{Heap after GC invocations=8 (full 0):
 garbage-first heap   total 262144K, used 40270K [0x00000000e0000000, 0x0000000100000000)
  region size 1024K, 15 young (15360K), 15 survivors (15360K)
 Metaspace       used 40410K, capacity 41935K, committed 42240K, reserved 1085440K
  class space    used 4528K, capacity 5252K, committed 5376K, reserved 1048576K
}
Event: 4.457 GC heap before
{Heap before GC invocations=8 (full 0):
 garbage-first heap   total 262144K, used 180558K [0x00000000e0000000, 0x0000000100000000)
  region size 1024K, 153 young (156672K), 15 survivors (15360K)
 Metaspace       used 44081K, capacity 45801K, committed 46080K, reserved 1089536K
  class space    used 4785K, capacity 5600K, committed 5632K, reserved 1048576K
}

Deoptimization events (20 events):
Event: 4.082 Thread 0x0000022468b81800 DEOPT PACKING pc=0x00000224527a4e4b sp=0x000000c538bfb760
Event: 4.082 Thread 0x0000022468b81800 DEOPT UNPACKING pc=0x0000022451766dde sp=0x000000c538bfac48 mode 0
Event: 4.118 Thread 0x0000022468b81800 DEOPT PACKING pc=0x00000224527e18a1 sp=0x000000c538bfbf90
Event: 4.118 Thread 0x0000022468b81800 DEOPT UNPACKING pc=0x0000022451766dde sp=0x000000c538bfb4c0 mode 0
Event: 4.141 Thread 0x0000022468b81800 DEOPT PACKING pc=0x00000224528e069b sp=0x000000c538bfbd50
Event: 4.141 Thread 0x0000022468b81800 DEOPT UNPACKING pc=0x0000022451766dde sp=0x000000c538bfb250 mode 0
Event: 4.165 Thread 0x0000022468b81800 DEOPT PACKING pc=0x000002245284000a sp=0x000000c538bfb770
Event: 4.165 Thread 0x0000022468b81800 DEOPT UNPACKING pc=0x0000022451766dde sp=0x000000c538bfac48 mode 0
Event: 4.224 Thread 0x0000022468b81800 DEOPT PACKING pc=0x00000224529eba3c sp=0x000000c538bfbdf0
Event: 4.224 Thread 0x0000022468b81800 DEOPT UNPACKING pc=0x0000022451766dde sp=0x000000c538bfb340 mode 0
Event: 4.250 Thread 0x0000022468b81800 DEOPT PACKING pc=0x000002245281b8bc sp=0x000000c538bfa9a0
Event: 4.250 Thread 0x0000022468b81800 DEOPT UNPACKING pc=0x0000022451766dde sp=0x000000c538bfa178 mode 0
Event: 4.279 Thread 0x0000022468b81800 DEOPT PACKING pc=0x000002245281b8bc sp=0x000000c538bfa9a0
Event: 4.279 Thread 0x0000022468b81800 DEOPT UNPACKING pc=0x0000022451766dde sp=0x000000c538bfa178 mode 0
Event: 4.313 Thread 0x0000022468b81800 DEOPT PACKING pc=0x000002245281b8bc sp=0x000000c538bfa9a0
Event: 4.313 Thread 0x0000022468b81800 DEOPT UNPACKING pc=0x0000022451766dde sp=0x000000c538bfa178 mode 0
Event: 4.328 Thread 0x0000022468b81800 DEOPT PACKING pc=0x000002245284531f sp=0x000000c538bfa670
Event: 4.328 Thread 0x0000022468b81800 DEOPT UNPACKING pc=0x0000022451766dde sp=0x000000c538bf9d58 mode 0
Event: 4.454 Thread 0x0000022468b81800 DEOPT PACKING pc=0x00000224527fd079 sp=0x000000c538bfb8b0
Event: 4.454 Thread 0x0000022468b81800 DEOPT UNPACKING pc=0x0000022451766dde sp=0x000000c538bfadd0 mode 0

Classes redefined (9 events):
Event: 1.618 Thread 0x00000224643a0000 redefined class name=android.view.MenuItem, count=1
Event: 2.169 Thread 0x00000224643a0000 redefined class name=android.content.ComponentCallbacks, count=1
Event: 2.174 Thread 0x00000224643a0000 redefined class name=java.lang.Object, count=1
Event: 2.178 Thread 0x00000224643a0000 redefined class name=android.arch.lifecycle.LifecycleOwner, count=2
Event: 2.181 Thread 0x00000224643a0000 redefined class name=swati4star.createpdf.fragment.HistoryFragment, count=2
Event: 2.185 Thread 0x00000224643a0000 redefined class name=swati4star.createpdf.adapter.HistoryAdapter$OnClickListener, count=2
Event: 2.189 Thread 0x00000224643a0000 redefined class name=android.arch.lifecycle.ViewModelStoreOwner, count=2
Event: 2.192 Thread 0x00000224643a0000 redefined class name=android.support.v4.app.Fragment, count=2
Event: 2.196 Thread 0x00000224643a0000 redefined class name=android.view.View$OnCreateContextMenuListener, count=2

Internal exceptions (20 events):
Event: 4.133 Thread 0x0000022468b81800 Exception <a 'java/lang/NoSuchMethodError'{0x00000000ee792df0}: 'void java.lang.invoke.DelegatingMethodHandle$Holder.delegate(java.lang.Object, java.lang.Object, java.lang.Object, int, int, int, float)'> (0x00000000ee792df0) thrown at [./src/hotspot/share/interpreter/linkResolver.cpp, line 773]
Event: 4.134 Thread 0x0000022468b81800 Exception <a 'java/lang/NoSuchMethodError'{0x00000000ee7c43c0}: 'void java.lang.invoke.DirectMethodHandle$Holder.invokeSpecial(java.lang.Object, java.lang.Object, java.lang.Object, java.lang.Object, java.lang.Object, java.lang.Object, int, int)'> (0x00000000ee7c43c0) thrown at [./src/hotspot/share/interpreter/linkResolver.cpp, line 773]
Event: 4.134 Thread 0x0000022468b81800 Exception <a 'java/lang/NoSuchMethodError'{0x00000000ee7c7a08}: 'void java.lang.invoke.Invokers$Holder.exactInvoker(java.lang.Object, java.lang.Object, java.lang.Object, java.lang.Object, java.lang.Object, java.lang.Object, int, int)'> (0x00000000ee7c7a08) thrown at [./src/hotspot/share/interpreter/linkResolver.cpp, line 773]
Event: 4.134 Thread 0x0000022468b81800 Exception <a 'java/lang/NoSuchMethodError'{0x00000000ee7cefe0}: 'void java.lang.invoke.DelegatingMethodHandle$Holder.delegate(java.lang.Object, java.lang.Object, java.lang.Object, java.lang.Object, java.lang.Object, java.lang.Object, int, int)'> (0x00000000ee7cefe0) thrown at [./src/hotspot/share/interpreter/linkResolver.cpp, line 773]
Event: 4.135 Thread 0x0000022468b81800 Exception <a 'java/lang/NoSuchMethodError'{0x00000000ee7f9980}: 'int java.lang.invoke.Invokers$Holder.exactInvoker(java.lang.Object, java.lang.Object, java.lang.Object, java.lang.Object, java.lang.Object)'> (0x00000000ee7f9980) thrown at [./src/hotspot/share/interpreter/linkResolver.cpp, line 773]
Event: 4.136 Thread 0x0000022468b81800 Exception <a 'java/lang/NoSuchMethodError'{0x00000000ee6080e8}: 'int java.lang.invoke.Invokers$Holder.linkToCallSite(java.lang.Object, java.lang.Object, java.lang.Object, java.lang.Object)'> (0x00000000ee6080e8) thrown at [./src/hotspot/share/interpreter/linkResolver.cpp, line 773]
Event: 4.140 Thread 0x0000022468b81800 Exception <a 'java/lang/NoSuchMethodError'{0x00000000ee6c2090}: 'java.lang.Object java.lang.invoke.DirectMethodHandle$Holder.invokeSpecial(java.lang.Object, java.lang.Object, java.lang.Object, java.lang.Object, int, java.lang.Object, java.lang.Object, java.lang.Object)'> (0x00000000ee6c2090) thrown at [./src/hotspot/share/interpreter/linkResolver.cpp, line 773]
Event: 4.140 Thread 0x0000022468b81800 Exception <a 'java/lang/NoSuchMethodError'{0x00000000ee6ce220}: 'void java.lang.invoke.DirectMethodHandle$Holder.invokeSpecial(java.lang.Object, java.lang.Object, java.lang.Object, java.lang.Object, int, java.lang.Object, java.lang.Object, java.lang.Object)'> (0x00000000ee6ce220) thrown at [./src/hotspot/share/interpreter/linkResolver.cpp, line 773]
Event: 4.140 Thread 0x0000022468b81800 Exception <a 'java/lang/NoSuchMethodError'{0x00000000ee6d1960}: 'void java.lang.invoke.Invokers$Holder.exactInvoker(java.lang.Object, java.lang.Object, java.lang.Object, java.lang.Object, int, java.lang.Object, java.lang.Object, java.lang.Object)'> (0x00000000ee6d1960) thrown at [./src/hotspot/share/interpreter/linkResolver.cpp, line 773]
Event: 4.140 Thread 0x0000022468b81800 Exception <a 'java/lang/NoSuchMethodError'{0x00000000ee6d9388}: 'void java.lang.invoke.DelegatingMethodHandle$Holder.delegate(java.lang.Object, java.lang.Object, java.lang.Object, java.lang.Object, int, java.lang.Object, java.lang.Object, java.lang.Object)'> (0x00000000ee6d9388) thrown at [./src/hotspot/share/interpreter/linkResolver.cpp, line 773]
Event: 4.142 Thread 0x0000022468b81800 Exception <a 'java/lang/NoSuchMethodError'{0x00000000ee6fd608}: 'java.lang.Object java.lang.invoke.DirectMethodHandle$Holder.invokeSpecial(java.lang.Object, java.lang.Object, java.lang.Object, java.lang.Object, int, java.lang.Object, java.lang.Object)'> (0x00000000ee6fd608) thrown at [./src/hotspot/share/interpreter/linkResolver.cpp, line 773]
Event: 4.142 Thread 0x0000022468b81800 Exception <a 'java/lang/NoSuchMethodError'{0x00000000ee509290}: 'void java.lang.invoke.DirectMethodHandle$Holder.invokeSpecial(java.lang.Object, java.lang.Object, java.lang.Object, java.lang.Object, int, java.lang.Object, java.lang.Object)'> (0x00000000ee509290) thrown at [./src/hotspot/share/interpreter/linkResolver.cpp, line 773]
Event: 4.142 Thread 0x0000022468b81800 Exception <a 'java/lang/NoSuchMethodError'{0x00000000ee50c838}: 'void java.lang.invoke.Invokers$Holder.exactInvoker(java.lang.Object, java.lang.Object, java.lang.Object, java.lang.Object, int, java.lang.Object, java.lang.Object)'> (0x00000000ee50c838) thrown at [./src/hotspot/share/interpreter/linkResolver.cpp, line 773]
Event: 4.142 Thread 0x0000022468b81800 Exception <a 'java/lang/NoSuchMethodError'{0x00000000ee513bb8}: 'void java.lang.invoke.DelegatingMethodHandle$Holder.delegate(java.lang.Object, java.lang.Object, java.lang.Object, java.lang.Object, int, java.lang.Object, java.lang.Object)'> (0x00000000ee513bb8) thrown at [./src/hotspot/share/interpreter/linkResolver.cpp, line 773]
Event: 4.142 Thread 0x0000022468b81800 Exception <a 'java/lang/NoSuchMethodError'{0x00000000ee51e828}: 'int java.lang.invoke.DirectMethodHandle$Holder.invokeSpecial(java.lang.Object, java.lang.Object, java.lang.Object, java.lang.Object, int, java.lang.Object, java.lang.Object)'> (0x00000000ee51e828) thrown at [./src/hotspot/share/interpreter/linkResolver.cpp, line 773]
Event: 4.143 Thread 0x0000022468b81800 Exception <a 'java/lang/NoSuchMethodError'{0x00000000ee528f58}: 'void java.lang.invoke.Invokers$Holder.linkToCallSite(java.lang.Object, java.lang.Object, int, java.lang.Object, java.lang.Object, java.lang.Object)'> (0x00000000ee528f58) thrown at [./src/hotspot/share/interpreter/linkResolver.cpp, line 773]
Event: 4.228 Thread 0x0000022468b81800 Exception <a 'java/lang/NoSuchMethodError'{0x00000000ec79de20}: 'void java.lang.invoke.DirectMethodHandle$Holder.invokeSpecial(java.lang.Object, java.lang.Object, java.lang.Object, java.lang.Object, java.lang.Object, java.lang.Object, java.lang.Object, java.lang.Object, java.lang.Object, int, java.lang.Object)'> (0x00000000ec79de20) thrown at [./src/hotspot/share/interpreter/linkResolver.cpp, line 773]
Event: 4.228 Thread 0x0000022468b81800 Exception <a 'java/lang/NoSuchMethodError'{0x00000000ec7a1cb8}: 'void java.lang.invoke.Invokers$Holder.exactInvoker(java.lang.Object, java.lang.Object, java.lang.Object, java.lang.Object, java.lang.Object, java.lang.Object, java.lang.Object, java.lang.Object, java.lang.Object, int, java.lang.Object)'> (0x00000000ec7a1cb8) thrown at [./src/hotspot/share/interpreter/linkResolver.cpp, line 773]
Event: 4.228 Thread 0x0000022468b81800 Exception <a 'java/lang/NoSuchMethodError'{0x00000000ec7aa500}: 'void java.lang.invoke.DelegatingMethodHandle$Holder.delegate(java.lang.Object, java.lang.Object, java.lang.Object, java.lang.Object, java.lang.Object, java.lang.Object, java.lang.Object, java.lang.Object, java.lang.Object, int, java.lang.Object)'> (0x00000000ec7aa500) thrown at [./src/hotspot/share/interpreter/linkResolver.cpp, line 773]
Event: 4.237 Thread 0x0000022468b81800 Exception <a 'java/lang/NoSuchMethodError'{0x00000000ec4e4038}: 'void java.lang.invoke.DirectMethodHandle$Holder.invokeStaticInit(java.lang.Object, java.lang.Object, java.lang.Object, java.lang.Object)'> (0x00000000ec4e4038) thrown at [./src/hotspot/share/interpreter/linkResolver.cpp, line 773]

Events (20 events):
Event: 4.453 loading class android/app/SystemServiceRegistry$53 done
Event: 4.453 loading class android/app/SystemServiceRegistry$53
Event: 4.453 loading class android/app/SystemServiceRegistry$53 done
Event: 4.453 loading class android/view/WindowManager
Event: 4.453 loading class android/view/WindowManager done
Event: 4.455 loading class android/app/SystemServiceRegistry$54
Event: 4.455 loading class android/app/SystemServiceRegistry$54 done
Event: 4.455 loading class android/app/SystemServiceRegistry$54
Event: 4.455 loading class android/app/SystemServiceRegistry$54 done
Event: 4.456 loading class android/app/SystemServiceRegistry$54
Event: 4.456 loading class android/app/SystemServiceRegistry$54 done
Event: 4.456 loading class android/app/SystemServiceRegistry$55
Event: 4.456 loading class android/app/SystemServiceRegistry$55 done
Event: 4.456 loading class android/app/SystemServiceRegistry$55
Event: 4.456 loading class android/app/SystemServiceRegistry$55 done
Event: 4.456 loading class android/app/SystemServiceRegistry$55
Event: 4.456 loading class android/app/SystemServiceRegistry$55 done
Event: 4.456 loading class android/app/AppOpsManager
Event: 4.456 loading class android/app/AppOpsManager done
Event: 4.457 Executing VM operation: G1CollectForAllocation


Dynamic libraries:
0x00007ff6a1c40000 - 0x00007ff6a1c4a000 	C:\Program Files\Android\Android Studio\jre\bin\java.exe
0x00007ffcd0f10000 - 0x00007ffcd1105000 	C:\Windows\SYSTEM32\ntdll.dll
0x00007ffcd0000000 - 0x00007ffcd00be000 	C:\Windows\System32\KERNEL32.DLL
0x00007ffcce930000 - 0x00007ffccebf8000 	C:\Windows\System32\KERNELBASE.dll
0x00007ffccee00000 - 0x00007ffccef00000 	C:\Windows\System32\ucrtbase.dll
0x00007ffcc9560000 - 0x00007ffcc9579000 	C:\Program Files\Android\Android Studio\jre\bin\jli.dll
0x00007ffcc9db0000 - 0x00007ffcc9dc7000 	C:\Program Files\Android\Android Studio\jre\bin\VCRUNTIME140.dll
0x00007ffcd04f0000 - 0x00007ffcd0691000 	C:\Windows\System32\USER32.dll
0x00007ffcce620000 - 0x00007ffcce642000 	C:\Windows\System32\win32u.dll
0x00007ffcbcd20000 - 0x00007ffcbcfba000 	C:\Windows\WinSxS\amd64_microsoft.windows.common-controls_6595b64144ccf1df_6.0.19041.1110_none_60b5254171f9507e\COMCTL32.dll
0x00007ffccff70000 - 0x00007ffccff9b000 	C:\Windows\System32\GDI32.dll
0x00007ffcce790000 - 0x00007ffcce89d000 	C:\Windows\System32\gdi32full.dll
0x00007ffcd0e30000 - 0x00007ffcd0ece000 	C:\Windows\System32\msvcrt.dll
0x00007ffcced60000 - 0x00007ffccedfd000 	C:\Windows\System32\msvcp_win.dll
0x00007ffcd0df0000 - 0x00007ffcd0e20000 	C:\Windows\System32\IMM32.DLL
0x00007ffcb0900000 - 0x00007ffcb099d000 	C:\Program Files\Android\Android Studio\jre\bin\msvcp140.dll
0x00007ffc93b70000 - 0x00007ffc94645000 	C:\Program Files\Android\Android Studio\jre\bin\server\jvm.dll
0x00007ffccfd90000 - 0x00007ffccfe3e000 	C:\Windows\System32\ADVAPI32.dll
0x00007ffcd06a0000 - 0x00007ffcd073c000 	C:\Windows\System32\sechost.dll
0x00007ffcd02e0000 - 0x00007ffcd0405000 	C:\Windows\System32\RPCRT4.dll
0x00007ffcd04c0000 - 0x00007ffcd04c8000 	C:\Windows\System32\PSAPI.DLL
0x00007ffcb84e0000 - 0x00007ffcb84e9000 	C:\Windows\SYSTEM32\WSOCK32.dll
0x00007ffcc84b0000 - 0x00007ffcc84ba000 	C:\Windows\SYSTEM32\VERSION.dll
0x00007ffcc14b0000 - 0x00007ffcc14d7000 	C:\Windows\SYSTEM32\WINMM.dll
0x00007ffcd00c0000 - 0x00007ffcd012b000 	C:\Windows\System32\WS2_32.dll
0x00007ffccc530000 - 0x00007ffccc542000 	C:\Windows\SYSTEM32\kernel.appcore.dll
0x00007ffcb49a0000 - 0x00007ffcb49b1000 	C:\Program Files\Android\Android Studio\jre\bin\verify.dll
0x00007ffcc0890000 - 0x00007ffcc0a74000 	C:\Windows\SYSTEM32\DBGHELP.DLL
0x00007ffcae6f0000 - 0x00007ffcae71c000 	C:\Windows\SYSTEM32\dbgcore.DLL
0x00007ffcce650000 - 0x00007ffcce6d2000 	C:\Windows\System32\bcryptPrimitives.dll
0x00007ffc96e70000 - 0x00007ffc96e99000 	C:\Program Files\Android\Android Studio\jre\bin\java.dll
0x00007ffcb4c60000 - 0x00007ffcb4c6b000 	C:\Program Files\Android\Android Studio\jre\bin\jimage.dll
0x00007ffcbad10000 - 0x00007ffcbad1f000 	C:\Program Files\Android\Android Studio\jre\bin\instrument.dll
0x00007ffca8b20000 - 0x00007ffca8b38000 	C:\Program Files\Android\Android Studio\jre\bin\zip.dll
0x00007ffccf5c0000 - 0x00007ffccfd04000 	C:\Windows\System32\SHELL32.dll
0x00007ffccc730000 - 0x00007ffcccec5000 	C:\Windows\SYSTEM32\windows.storage.dll
0x00007ffcd0950000 - 0x00007ffcd0ca5000 	C:\Windows\System32\combase.dll
0x00007ffccdfa0000 - 0x00007ffccdfce000 	C:\Windows\SYSTEM32\Wldp.dll
0x00007ffcd0410000 - 0x00007ffcd04bd000 	C:\Windows\System32\SHCORE.dll
0x00007ffccef50000 - 0x00007ffccefa5000 	C:\Windows\System32\shlwapi.dll
0x00007ffcce560000 - 0x00007ffcce57f000 	C:\Windows\SYSTEM32\profapi.dll
0x00007ffcb61b0000 - 0x00007ffcb61ca000 	C:\Program Files\Android\Android Studio\jre\bin\net.dll
0x00007ffcc6940000 - 0x00007ffcc6a4c000 	C:\Windows\SYSTEM32\WINHTTP.dll
0x00007ffccdd00000 - 0x00007ffccdd6a000 	C:\Windows\system32\mswsock.dll
0x00007ffcb6190000 - 0x00007ffcb61a4000 	C:\Program Files\Android\Android Studio\jre\bin\nio.dll
0x00007ffcacc60000 - 0x00007ffcacc77000 	C:\Windows\system32\napinsp.dll
0x00007ffcac960000 - 0x00007ffcac97b000 	C:\Windows\system32\pnrpnsp.dll
0x00007ffcc8e50000 - 0x00007ffcc8e65000 	C:\Windows\system32\wshbth.dll
0x00007ffcca170000 - 0x00007ffcca18d000 	C:\Windows\system32\NLAapi.dll
0x00007ffccd9f0000 - 0x00007ffccda2b000 	C:\Windows\SYSTEM32\IPHLPAPI.DLL
0x00007ffccda30000 - 0x00007ffccdafb000 	C:\Windows\SYSTEM32\DNSAPI.dll
0x00007ffcd0e20000 - 0x00007ffcd0e28000 	C:\Windows\System32\NSI.dll
0x00007ffcac610000 - 0x00007ffcac622000 	C:\Windows\System32\winrnr.dll
0x0000000074d50000 - 0x0000000074d76000 	C:\Program Files\Bonjour\mdnsNSP.dll
0x00007ffcc71b0000 - 0x00007ffcc71ba000 	C:\Windows\System32\rasadhlp.dll
0x00007ffcc5f00000 - 0x00007ffcc5f7f000 	C:\Windows\System32\fwpuclnt.dll
0x00007ffcce900000 - 0x00007ffcce927000 	C:\Windows\System32\bcrypt.dll
0x00007ffccdef0000 - 0x00007ffccdf08000 	C:\Windows\SYSTEM32\CRYPTSP.dll
0x00007ffccd680000 - 0x00007ffccd6b4000 	C:\Windows\system32\rsaenh.dll
0x00007ffcce520000 - 0x00007ffcce54e000 	C:\Windows\SYSTEM32\USERENV.dll
0x00007ffccdf10000 - 0x00007ffccdf1c000 	C:\Windows\SYSTEM32\CRYPTBASE.dll
0x00007ffcc8570000 - 0x00007ffcc8587000 	C:\Windows\SYSTEM32\dhcpcsvc6.DLL
0x00007ffcc8530000 - 0x00007ffcc854d000 	C:\Windows\SYSTEM32\dhcpcsvc.DLL
0x00007ffcb9ca0000 - 0x00007ffcb9cc7000 	C:\Program Files\Android\Android Studio\jre\bin\sunec.dll

dbghelp: loaded successfully - version: 4.0.5 - missing functions: none
symbol engine: initialized successfully - sym options: 0x614 - pdb path: .;C:\Program Files\Android\Android Studio\jre\bin;C:\Windows\SYSTEM32;C:\Windows\WinSxS\amd64_microsoft.windows.common-controls_6595b64144ccf1df_6.0.19041.1110_none_60b5254171f9507e;C:\Program Files\Android\Android Studio\jre\bin\server;C:\Program Files\Bonjour

VM Arguments:
jvm_args: -Djava.awt.headless=true -Dorg.gradle.native=false -javaagent:build/tmp/expandedArchives/org.jacoco.agent-0.8.3.jar_4b57cf550318c2dfec984d52b9993337/jacocoagent.jar=destfile=build/jacoco/testDebugUnitTest.exec,append=true,inclnolocationclasses=false,dumponexit=true,output=file,jmx=false -Xmx512m -Dfile.encoding=windows-1252 -Duser.country=IT -Duser.language=it -Duser.variant -ea 
java_command: worker.org.gradle.process.internal.worker.GradleWorkerMain 'Gradle Test Executor 39'
java_class_path (initial): C:\\Users\\Emanuele\\.gradle\\caches\\5.4.1\\workerMain\\gradle-worker.jar;D:\\UNISA\\Images-to-PDF-8.8.1\\app\\build\\intermediates\\unit_test_config_directory\\debugUnitTest\\out;D:\\UNISA\\Images-to-PDF-8.8.1\\app\\build\\intermediates\\javac\\debugUnitTest\\classes;D:\\UNISA\\Images-to-PDF-8.8.1\\app\\build\\intermediates\\sourceFolderJavaResources\\test\\debug;D:\\UNISA\\Images-to-PDF-8.8.1\\app\\libs\\aspose-cells-19.3-android.via.java.jar;C:\\Users\\Emanuele\\.gradle\\caches\\modules-2\\files-2.1\\junit\\junit\\4.12\\2973d150c0dc1fefe998f834810d68f278ea58ec\\junit-4.12.jar;C:\\Users\\Emanuele\\.gradle\\caches\\transforms-2\\files-2.1\\7b6909b64f48938995ae3ed4e82d21fb\\design-28.0.0\\jars\\classes.jar;C:\\Users\\Emanuele\\.gradle\\caches\\transforms-2\\files-2.1\\651251c562687d258463be1acb29cef2\\preference-v7-28.0.0\\jars\\classes.jar;C:\\Users\\Emanuele\\.gradle\\caches\\transforms-2\\files-2.1\\486df71dc6ed74dea0b4255c79b1f7bb\\android-morphing-button-98a4986e56\\jars\\classes.jar;C:\\Users\\Emanuele\\.gradle\\caches\\transforms-2\\files-2.1\\e0b8729a29a97f1249360bc34a62f3c6\\core-0.9.6.0\\jars\\classes.jar;C:\\Users\\Emanuele\\.gradle\\caches\\transforms-2\\files-2.1\\9a8a65aafbfe97c85a668158010ad42e\\lottie-2.5.5\\jars\\classes.jar;C:\\Users\\Emanuele\\.gradle\\caches\\transforms-2\\files-2.1\\f759d4cca9c841abfbbf69a3d1988020\\photoeditor-0.2.1\\jars\\classes.jar;C:\\Users\\Emanuele\\.gradle\\caches\\transforms-2\\files-2.1\\136cddfca49c69e99f753cbe0696d868\\android-image-cropper-2.7.0\\jars\\classes.jar;C:\\Users\\Emanuele\\.gradle\\caches\\transforms-2\\files-2.1\\da52e0abd62c4b4fdf635b9f1534cce3\\matisse-0.5.2-beta4\\jars\\classes.jar;C:\\Users\\Emanuele\\.gradle\\caches\\transforms-2\\files-2.1\\fa54b75fd3ca8dcd347227168e2bb359\\library-1.4.2\\jars\\classes.jar;C:\\Users\\Emanuele\\.gradle\\caches\\transforms-2\\files-2.1\\2f076f60f4de0bb3727f48fd42425706\\appcompat-v7-28.0.0\\jars\\classes.jar;C:\\Users\\Emanuele\\.gradle
Launcher Type: SUN_STANDARD

[Global flags]
     intx CICompilerCount                          = 3                                         {product} {ergonomic}
     uint ConcGCThreads                            = 2                                         {product} {ergonomic}
     uint G1ConcRefinementThreads                  = 6                                         {product} {ergonomic}
   size_t G1HeapRegionSize                         = 1048576                                   {product} {ergonomic}
    uintx GCDrainStackTargetSize                   = 64                                        {product} {ergonomic}
   size_t InitialHeapSize                          = 268435456                                 {product} {ergonomic}
   size_t MarkStackSize                            = 4194304                                   {product} {ergonomic}
   size_t MaxHeapSize                              = 536870912                                 {product} {command line}
   size_t MaxNewSize                               = 321912832                                 {product} {ergonomic}
   size_t MinHeapDeltaBytes                        = 1048576                                   {product} {ergonomic}
    uintx NonNMethodCodeHeapSize                   = 5830732                                {pd product} {ergonomic}
    uintx NonProfiledCodeHeapSize                  = 122913754                              {pd product} {ergonomic}
    uintx ProfiledCodeHeapSize                     = 122913754                              {pd product} {ergonomic}
    uintx ReservedCodeCacheSize                    = 251658240                              {pd product} {ergonomic}
     bool SegmentedCodeCache                       = true                                      {product} {ergonomic}
     bool UseCompressedClassPointers               = true                                 {lp64_product} {ergonomic}
     bool UseCompressedOops                        = true                                 {lp64_product} {ergonomic}
     bool UseG1GC                                  = true                                      {product} {ergonomic}
     bool UseLargePagesIndividualAllocation        = false                                  {pd product} {ergonomic}

Logging:
Log output configuration:
 #0: stdout all=warning uptime,level,tags
 #1: stderr all=off uptime,level,tags

Environment Variables:
PATH=C:\Program Files\Common Files\Oracle\Java\javapath;C:\Program Files (x86)\Common Files\Oracle\Java\javapath;C:\Windows\system32;C:\Windows;C:\Windows\System32\Wbem;C:\Windows\System32\WindowsPowerShell\v1.0\;C:\Windows\System32\OpenSSH\;C:\Program Files\NVIDIA Corporation\NVIDIA NvDLISR;C:\Program Files (x86)\NVIDIA Corporation\PhysX\Common;C:\Program Files\dotnet\;C:\Program Files\Git\cmd;C:\Users\Emanuele\AppData\Local\Microsoft\WindowsApps;C:\Users\Emanuele\AppData\Local\GitHubDesktop\bin
USERNAME=Emanuele
OS=Windows_NT
PROCESSOR_IDENTIFIER=Intel64 Family 6 Model 158 Stepping 12, GenuineIntel



---------------  S Y S T E M  ---------------

OS: Windows 10 , 64 bit Build 19041 (10.0.19041.1466)
OS uptime: 0 days 2:15 hours

CPU:total 6 (initial active 6) (6 cores per cpu, 1 threads per core) family 6 model 158 stepping 12 microcode 0xae, cmov, cx8, fxsr, mmx, sse, sse2, sse3, ssse3, sse4.1, sse4.2, popcnt, avx, avx2, aes, clmul, erms, rtm, 3dnowpref, lzcnt, tsc, tscinvbit, bmi1, bmi2, adx, fma

Memory: 4k page, system-wide physical 16316M (4591M free)
TotalPageFile size 18748M (AvailPageFile size 4874M)
current process WorkingSet (physical memory assigned to process): 381M, peak: 381M
current process commit charge ("private bytes"): 473M, peak: 475M

vm_info: OpenJDK 64-Bit Server VM (11.0.11+9-b60-7590822) for windows-amd64 JRE (11.0.11+9-b60-7590822), built on Jul 29 2021 21:43:44 by "builder" with MS VC++ 14.0 (VS2015)

END.
