#
# A fatal error has been detected by the Java Runtime Environment:
#
#  EXCEPTION_ACCESS_VIOLATION (0xc0000005) at pc=0x00000233ba1107b4, pid=8016, tid=11008
#
# JRE version: OpenJDK Runtime Environment (11.0.11+9) (build 11.0.11+9-b60-7590822)
# Java VM: OpenJDK 64-Bit Server VM (11.0.11+9-b60-7590822, mixed mode, tiered, compressed oops, g1 gc, windows-amd64)
# Problematic frame:
# J 4795 c1 java.util.AbstractCollection.toArray()[Ljava/lang/Object; java.base@11.0.11 (70 bytes) @ 0x00000233ba1107b4 [0x00000233ba110620+0x0000000000000194]
#
# No core dump will be written. Minidumps are not enabled by default on client versions of Windows
#
# If you would like to submit a bug report, please visit:
#   https://bugreport.java.com/bugreport/crash.jsp
#

---------------  S U M M A R Y ------------

Command Line: -Djava.awt.headless=true -Dorg.gradle.native=false -javaagent:C:\Users\Emanuele\AppData\Local\Google\AndroidStudio2021.1\testAgent\intellij-coverage-agent-1.0.579.jar=C:\Users\Emanuele\AppData\Local\Temp\coverage5323args -javaagent:build/tmp/expandedArchives/org.jacoco.agent-0.8.3.jar_4b57cf550318c2dfec984d52b9993337/jacocoagent.jar=destfile=build/jacoco/testDebugUnitTest.exec,append=true,inclnolocationclasses=false,dumponexit=true,output=file,jmx=false -Xmx512m -Dfile.encoding=windows-1252 -Duser.country=IT -Duser.language=it -Duser.variant -ea worker.org.gradle.process.internal.worker.GradleWorkerMain 'Gradle Test Executor 44'

Host: Intel(R) Core(TM) i5-9600K CPU @ 3.70GHz, 6 cores, 15G,  Windows 10 , 64 bit Build 19041 (10.0.19041.1466)
Time: Mon Feb  7 19:31:06 2022 ora solare Europa occidentale elapsed time: 4.965195 seconds (0d 0h 0m 4s)

---------------  T H R E A D  ---------------

Current thread (0x00000233ce592800):  JavaThread "Thread-2" [_thread_in_Java, id=11008, stack(0x0000006c30000000,0x0000006c30100000)]

Stack: [0x0000006c30000000,0x0000006c30100000],  sp=0x0000006c300feca0,  free space=1019k
Native frames: (J=compiled Java code, j=interpreted, Vv=VM code, C=native code)
C  0x00000233ba1107b4


siginfo: EXCEPTION_ACCESS_VIOLATION (0xc0000005), reading address 0x0000000000000030


Register to memory mapping:

RIP=0x00000233ba1107b4 is at entry_point+404 in (nmethod*)0x00000233ba110410
RAX=0x00000000e0abe0c8 is pointing into object: [I 
{0x00000000e0abe068} - klass: {type array int}
 - length: 36
RBX=0x0000000000000030 is an unknown value
RCX=0x00000233cb43d760 is pointing into metadata
RDX=0x0000000100001000 is a pointer to class: 
java.lang.Object {0x0000000100001008}
RSP=0x0000006c300feca0 is pointing into the stack for thread: 0x00000233ce592800
RBP=0x0000006c300fee10 is pointing into the stack for thread: 0x00000233ce592800
RSI=0x00000000eb029310 is an oop: [Ljava.lang.Object; 
{0x00000000eb029310} - klass: 'java/lang/Object'[]
 - length: 1105
RDI=0x0 is NULL
R8 =0x0000000000000008 is an unknown value
R9 =0x00000233ceead1c0 points into unknown readable memory: 0x0000001e00000003 | 03 00 00 00 1e 00 00 00
R10=0x00000233b29d1000 points into unknown readable memory: 0x0000000000000000 | 00 00 00 00 00 00 00 00
R11=0x00000000000002d8 is an unknown value
R12=0x0 is NULL
R13=0x00000233ba11068c is at entry_point+108 in (nmethod*)0x00000233ba110410
R14=0x0000006c300fec98 is pointing into the stack for thread: 0x00000233ce592800
R15=0x00000233ce592800 is a thread


Registers:
RAX=0x00000000e0abe0c8, RBX=0x0000000000000030, RCX=0x00000233cb43d760, RDX=0x0000000100001000
RSP=0x0000006c300feca0, RBP=0x0000006c300fee10, RSI=0x00000000eb029310, RDI=0x0000000000000000
R8 =0x0000000000000008, R9 =0x00000233ceead1c0, R10=0x00000233b29d1000, R11=0x00000000000002d8
R12=0x0000000000000000, R13=0x00000233ba11068c, R14=0x0000006c300fec98, R15=0x00000233ce592800
RIP=0x00000233ba1107b4, EFLAGS=0x0000000000010287

Top of Stack: (sp=0x0000006c300feca0)
0x0000006c300feca0:   00000000eb029824 00000233ce592800
0x0000006c300fecb0:   00000233cb3ad8e0 00000233ce592800
0x0000006c300fecc0:   fffffffe00000000 0000000000000000
0x0000006c300fecd0:   0000000000000000 0000000000000000
0x0000006c300fece0:   00000000eb029300 00000000eb029310
0x0000006c300fecf0:   00000000eb02a468 0000023300000142
0x0000006c300fed00:   0000006c300fee10 0000006c300fedb0
0x0000006c300fed10:   0000006c300fee10 00000233b9f74354
0x0000006c300fed20:   00000233cb8c8f32 0000000000000000
0x0000006c300fed30:   00000000eb029310 00000000000000b7
0x0000006c300fed40:   0000006c300ff338 00007ffc93edf97a
0x0000006c300fed50:   00000233ce592800 00000233ce592800
0x0000006c300fed60:   00000233cbca88e0 00000233cbca8cb8
0x0000006c300fed70:   00000000eb029310 00000000eb0292e8
0x0000006c300fed80:   00000000eb029300 00000000000000b7
0x0000006c300fed90:   0000006c300fee10 00000233b851a0c3 

Instructions: (pc=0x00000233ba1107b4)
0x00000233ba1106b4:   00 00 48 8d 34 9e 48 83 e6 f8 49 8b 87 18 01 00
0x00000233ba1106c4:   00 48 8d 34 30 49 3b b7 28 01 00 00 0f 87 37 02
0x00000233ba1106d4:   00 00 49 89 b7 18 01 00 00 48 2b f0 48 c7 00 01
0x00000233ba1106e4:   00 00 00 48 8b ca 48 c1 e9 03 89 48 08 89 58 0c
0x00000233ba1106f4:   48 83 ee 10 0f 84 1a 00 00 00 48 85 f6 0f 84 11
0x00000233ba110704:   00 00 00 48 33 db 48 c1 ee 03 48 89 5c f0 08 48
0x00000233ba110714:   ff ce 75 f6 48 89 44 24 48 48 8b 54 24 40 66 66
0x00000233ba110724:   90 48 b8 40 38 06 00 01 00 00 00 e8 0c 17 42 00
0x00000233ba110734:   48 89 44 24 50 be 00 00 00 00 e9 0b 01 00 00 0f
0x00000233ba110744:   1f 44 00 00 89 74 24 58 48 8b d0 66 0f 1f 44 00
0x00000233ba110754:   00 48 b8 c0 3b 06 00 01 00 00 00 e8 5c ec c2 ff
0x00000233ba110764:   83 f8 00 0f 84 4c 01 00 00 48 8b 54 24 50 66 66
0x00000233ba110774:   90 48 b8 c0 3b 06 00 01 00 00 00 e8 bc c7 41 00
0x00000233ba110784:   48 8b 74 24 48 48 83 f8 00 0f 84 46 00 00 00 8b
0x00000233ba110794:   56 08 48 c1 e2 03 8b 78 08 48 c1 e7 03 48 8b 92
0x00000233ba1107a4:   e8 00 00 00 48 3b fa 0f 84 28 00 00 00 8b 5a 10
0x00000233ba1107b4:   48 3b 14 1f 0f 84 1b 00 00 00 83 fb 20 0f 85 55
0x00000233ba1107c4:   01 00 00 57 52 e8 32 d9 4e fe 5f 5a 83 fa 00 0f
0x00000233ba1107d4:   84 43 01 00 00 8b 7c 24 58 48 63 d7 48 8d 54 96
0x00000233ba1107e4:   10 41 0f be 5f 30 83 fb 00 0f 85 32 01 00 00 4c
0x00000233ba1107f4:   8b d0 44 89 12 48 8b da 48 33 d8 48 c1 eb 14 48
0x00000233ba110804:   83 fb 00 0f 85 32 01 00 00 48 8b d7 ff c2 48 bf
0x00000233ba110814:   c0 7c 5b cb 33 02 00 00 8b 5f 1c 83 c3 08 89 5f
0x00000233ba110824:   1c 81 e3 f8 ff 01 00 83 fb 00 0f 84 23 01 00 00
0x00000233ba110834:   4d 8b 97 08 01 00 00 41 85 02 48 8b fa 48 8b 44
0x00000233ba110844:   24 50 48 89 74 24 48 48 8b f7 48 8b 7c 24 48 8b
0x00000233ba110854:   57 0c 3b f2 0f 8c ea fe ff ff 48 8b 54 24 50 66
0x00000233ba110864:   90 48 b8 ff ff ff ff ff ff ff ff e8 0c 58 42 fe
0x00000233ba110874:   83 f8 00 0f 84 27 00 00 00 48 8b 44 24 50 48 8b
0x00000233ba110884:   54 24 48 4c 8b c0 0f 1f 44 00 00 e8 6c 5a 42 fe
0x00000233ba110894:   48 83 c4 70 5d 4d 8b 97 08 01 00 00 41 85 02 c3
0x00000233ba1108a4:   48 8b 44 24 48 48 83 c4 70 5d 4d 8b 97 08 01 00 


Stack slot to memory mapping:
stack at sp + 0 slots: 0x00000000eb029824 is pointing into object: [Ljava.lang.Object; 
{0x00000000eb029310} - klass: 'java/lang/Object'[]
 - length: 1105
stack at sp + 1 slots: 0x00000233ce592800 is a thread
stack at sp + 2 slots: {method} {0x00000233cb3ad8e8} '<init>' '(Ljava/util/Collection;)V' in 'java/util/ArrayList'
stack at sp + 3 slots: 0x00000233ce592800 is a thread
stack at sp + 4 slots: 0xfffffffe00000000 is an unknown value
stack at sp + 5 slots: 0x0 is NULL
stack at sp + 6 slots: 0x0 is NULL
stack at sp + 7 slots: 0x0 is NULL



---------------  P R O C E S S  ---------------

Threads class SMR info:
_java_thread_list=0x00000233ceead580, length=13, elements={
0x00000233b4a1d000, 0x00000233cb17b000, 0x00000233cb17c000, 0x00000233cb9f3800,
0x00000233cb9f5800, 0x00000233cb9f8800, 0x00000233cb9fb800, 0x00000233cb9fd800,
0x00000233cba01000, 0x00000233cbc9e800, 0x00000233cbd70800, 0x00000233ce592800,
0x00000233ce595800
}

Java Threads: ( => current thread )
  0x00000233b4a1d000 JavaThread "main" [_thread_blocked, id=7592, stack(0x0000006c2e800000,0x0000006c2e900000)]
  0x00000233cb17b000 JavaThread "Reference Handler" daemon [_thread_blocked, id=6604, stack(0x0000006c2ef00000,0x0000006c2f000000)]
  0x00000233cb17c000 JavaThread "Finalizer" daemon [_thread_blocked, id=9500, stack(0x0000006c2f000000,0x0000006c2f100000)]
  0x00000233cb9f3800 JavaThread "Signal Dispatcher" daemon [_thread_blocked, id=2352, stack(0x0000006c2f100000,0x0000006c2f200000)]
  0x00000233cb9f5800 JavaThread "Attach Listener" daemon [_thread_blocked, id=5820, stack(0x0000006c2f200000,0x0000006c2f300000)]
  0x00000233cb9f8800 JavaThread "Service Thread" daemon [_thread_blocked, id=1016, stack(0x0000006c2f300000,0x0000006c2f400000)]
  0x00000233cb9fb800 JavaThread "C2 CompilerThread0" daemon [_thread_in_native, id=2244, stack(0x0000006c2f400000,0x0000006c2f500000)]
  0x00000233cb9fd800 JavaThread "C1 CompilerThread0" daemon [_thread_in_native, id=2780, stack(0x0000006c2f500000,0x0000006c2f600000)]
  0x00000233cba01000 JavaThread "Sweeper thread" daemon [_thread_blocked, id=10612, stack(0x0000006c2f600000,0x0000006c2f700000)]
  0x00000233cbc9e800 JavaThread "Common-Cleaner" daemon [_thread_blocked, id=3796, stack(0x0000006c2f700000,0x0000006c2f800000)]
  0x00000233cbd70800 JavaThread "C2 CompilerThread1" daemon [_thread_in_native, id=9400, stack(0x0000006c2f800000,0x0000006c2f900000)]
=>0x00000233ce592800 JavaThread "Thread-2" [_thread_in_Java, id=11008, stack(0x0000006c30000000,0x0000006c30100000)]
  0x00000233ce595800 JavaThread "Thread-0" [_thread_in_vm_trans, id=5156, stack(0x0000006c30100000,0x0000006c30200000)]

Other Threads:
  0x00000233cb9a6000 VMThread "VM Thread" [stack: 0x0000006c2ee00000,0x0000006c2ef00000] [id=2640]
  0x00000233cc586800 WatcherThread [stack: 0x0000006c2f900000,0x0000006c2fa00000] [id=8012]
  0x00000233b4a34000 GCTaskThread "GC Thread#0" [stack: 0x0000006c2e900000,0x0000006c2ea00000] [id=10592]
  0x00000233cc1a4000 GCTaskThread "GC Thread#1" [stack: 0x0000006c2fa00000,0x0000006c2fb00000] [id=11004]
  0x00000233cc4a4000 GCTaskThread "GC Thread#2" [stack: 0x0000006c2fb00000,0x0000006c2fc00000] [id=9976]
  0x00000233cc327800 GCTaskThread "GC Thread#3" [stack: 0x0000006c2fc00000,0x0000006c2fd00000] [id=10148]
  0x00000233cd36a800 GCTaskThread "GC Thread#4" [stack: 0x0000006c2fd00000,0x0000006c2fe00000] [id=9340]
  0x00000233cd24d800 GCTaskThread "GC Thread#5" [stack: 0x0000006c2fe00000,0x0000006c2ff00000] [id=9360]
  0x00000233b4a47800 ConcurrentGCThread "G1 Main Marker" [stack: 0x0000006c2ea00000,0x0000006c2eb00000] [id=4312]
  0x00000233b4a49800 ConcurrentGCThread "G1 Conc#0" [stack: 0x0000006c2eb00000,0x0000006c2ec00000] [id=6236]
  0x00000233cf0c2000 ConcurrentGCThread "G1 Conc#1" [stack: 0x0000006c30300000,0x0000006c30400000] [id=10568]
  0x00000233cafd6800 ConcurrentGCThread "G1 Refine#0" [stack: 0x0000006c2ec00000,0x0000006c2ed00000] [id=10344]
  0x00000233cafd7000 ConcurrentGCThread "G1 Young RemSet Sampling" [stack: 0x0000006c2ed00000,0x0000006c2ee00000] [id=2928]

Threads with active compile tasks:
C2 CompilerThread0   4985 5449 %     4       org.jetbrains.coverage.org.objectweb.asm.ClassReader::readCode @ 2165 (5089 bytes)
C1 CompilerThread0   4985 5369       2       org.jacoco.agent.rt.internal_1f1cc91.asm.commons.AnalyzerAdapter::visitFrame (248 bytes)
C2 CompilerThread1   4985 5460       4       java.lang.StringLatin1::inflate (34 bytes)

VM state:not at safepoint (normal execution)

VM Mutex/Monitor currently owned by a thread: None

Heap address: 0x00000000e0000000, size: 512 MB, Compressed Oops mode: 32-bit
Narrow klass base: 0x0000000000000000, Narrow klass shift: 3
Compressed class space size: 1073741824 Address: 0x0000000100000000

Heap:
 garbage-first heap   total 262144K, used 108027K [0x00000000e0000000, 0x0000000100000000)
  region size 1024K, 95 young (97280K), 14 survivors (14336K)
 Metaspace       used 26647K, capacity 27072K, committed 27392K, reserved 1073152K
  class space    used 2816K, capacity 2946K, committed 3072K, reserved 1048576K
Heap Regions: E=young(eden), S=young(survivor), O=old, HS=humongous(starts), HC=humongous(continues), CS=collection set, F=free, A=archive, TAMS=top-at-mark-start (previous, next)
|   0|0x00000000e0000000, 0x00000000e0100000, 0x00000000e0100000|100%|HS|  |TAMS 0x00000000e0100000, 0x00000000e0000000| Complete 
|   1|0x00000000e0100000, 0x00000000e0200000, 0x00000000e0200000|100%| O|  |TAMS 0x00000000e0200000, 0x00000000e0100000| Untracked 
|   2|0x00000000e0200000, 0x00000000e0300000, 0x00000000e0300000|100%| O|  |TAMS 0x00000000e0300000, 0x00000000e0200000| Untracked 
|   3|0x00000000e0300000, 0x00000000e0400000, 0x00000000e0400000|100%| O|  |TAMS 0x00000000e0400000, 0x00000000e0300000| Untracked 
|   4|0x00000000e0400000, 0x00000000e0500000, 0x00000000e0500000|100%| O|  |TAMS 0x00000000e0500000, 0x00000000e0400000| Untracked 
|   5|0x00000000e0500000, 0x00000000e0600000, 0x00000000e0600000|100%| O|  |TAMS 0x00000000e0600000, 0x00000000e0500000| Untracked 
|   6|0x00000000e0600000, 0x00000000e0700000, 0x00000000e0700000|100%| O|  |TAMS 0x00000000e0700000, 0x00000000e0600000| Untracked 
|   7|0x00000000e0700000, 0x00000000e0800000, 0x00000000e0800000|100%| O|  |TAMS 0x00000000e0800000, 0x00000000e0700000| Untracked 
|   8|0x00000000e0800000, 0x00000000e0900000, 0x00000000e0900000|100%| O|  |TAMS 0x00000000e0898000, 0x00000000e0800000| Untracked 
|   9|0x00000000e0900000, 0x00000000e0a00000, 0x00000000e0a00000|100%| O|  |TAMS 0x00000000e0900000, 0x00000000e0900000| Untracked 
|  10|0x00000000e0a00000, 0x00000000e0b00000, 0x00000000e0b00000|100%| O|  |TAMS 0x00000000e0a00000, 0x00000000e0a00000| Untracked 
|  11|0x00000000e0b00000, 0x00000000e0b7ee00, 0x00000000e0c00000| 49%| O|  |TAMS 0x00000000e0b00000, 0x00000000e0b00000| Untracked 
|  12|0x00000000e0c00000, 0x00000000e0c00000, 0x00000000e0d00000|  0%| F|  |TAMS 0x00000000e0c00000, 0x00000000e0c00000| Untracked 
|  13|0x00000000e0d00000, 0x00000000e0d00000, 0x00000000e0e00000|  0%| F|  |TAMS 0x00000000e0d00000, 0x00000000e0d00000| Untracked 
|  14|0x00000000e0e00000, 0x00000000e0e00000, 0x00000000e0f00000|  0%| F|  |TAMS 0x00000000e0e00000, 0x00000000e0e00000| Untracked 
|  15|0x00000000e0f00000, 0x00000000e0f00000, 0x00000000e1000000|  0%| F|  |TAMS 0x00000000e0f00000, 0x00000000e0f00000| Untracked 
|  16|0x00000000e1000000, 0x00000000e1000000, 0x00000000e1100000|  0%| F|  |TAMS 0x00000000e1000000, 0x00000000e1000000| Untracked 
|  17|0x00000000e1100000, 0x00000000e1100000, 0x00000000e1200000|  0%| F|  |TAMS 0x00000000e1100000, 0x00000000e1100000| Untracked 
|  18|0x00000000e1200000, 0x00000000e1200000, 0x00000000e1300000|  0%| F|  |TAMS 0x00000000e1200000, 0x00000000e1200000| Untracked 
|  19|0x00000000e1300000, 0x00000000e1300000, 0x00000000e1400000|  0%| F|  |TAMS 0x00000000e1300000, 0x00000000e1300000| Untracked 
|  20|0x00000000e1400000, 0x00000000e1400000, 0x00000000e1500000|  0%| F|  |TAMS 0x00000000e1400000, 0x00000000e1400000| Untracked 
|  21|0x00000000e1500000, 0x00000000e1500000, 0x00000000e1600000|  0%| F|  |TAMS 0x00000000e1500000, 0x00000000e1500000| Untracked 
|  22|0x00000000e1600000, 0x00000000e1600000, 0x00000000e1700000|  0%| F|  |TAMS 0x00000000e1600000, 0x00000000e1600000| Untracked 
|  23|0x00000000e1700000, 0x00000000e1700000, 0x00000000e1800000|  0%| F|  |TAMS 0x00000000e1700000, 0x00000000e1700000| Untracked 
|  24|0x00000000e1800000, 0x00000000e1800000, 0x00000000e1900000|  0%| F|  |TAMS 0x00000000e1800000, 0x00000000e1800000| Untracked 
|  25|0x00000000e1900000, 0x00000000e1900000, 0x00000000e1a00000|  0%| F|  |TAMS 0x00000000e1900000, 0x00000000e1900000| Untracked 
|  26|0x00000000e1a00000, 0x00000000e1a00000, 0x00000000e1b00000|  0%| F|  |TAMS 0x00000000e1a00000, 0x00000000e1a00000| Untracked 
|  27|0x00000000e1b00000, 0x00000000e1b00000, 0x00000000e1c00000|  0%| F|  |TAMS 0x00000000e1b00000, 0x00000000e1b00000| Untracked 
|  28|0x00000000e1c00000, 0x00000000e1c00000, 0x00000000e1d00000|  0%| F|  |TAMS 0x00000000e1c00000, 0x00000000e1c00000| Untracked 
|  29|0x00000000e1d00000, 0x00000000e1d00000, 0x00000000e1e00000|  0%| F|  |TAMS 0x00000000e1d00000, 0x00000000e1d00000| Untracked 
|  30|0x00000000e1e00000, 0x00000000e1e00000, 0x00000000e1f00000|  0%| F|  |TAMS 0x00000000e1e00000, 0x00000000e1e00000| Untracked 
|  31|0x00000000e1f00000, 0x00000000e1f00000, 0x00000000e2000000|  0%| F|  |TAMS 0x00000000e1f00000, 0x00000000e1f00000| Untracked 
|  32|0x00000000e2000000, 0x00000000e2000000, 0x00000000e2100000|  0%| F|  |TAMS 0x00000000e2000000, 0x00000000e2000000| Untracked 
|  33|0x00000000e2100000, 0x00000000e2100000, 0x00000000e2200000|  0%| F|  |TAMS 0x00000000e2100000, 0x00000000e2100000| Untracked 
|  34|0x00000000e2200000, 0x00000000e2200000, 0x00000000e2300000|  0%| F|  |TAMS 0x00000000e2200000, 0x00000000e2200000| Untracked 
|  35|0x00000000e2300000, 0x00000000e2300000, 0x00000000e2400000|  0%| F|  |TAMS 0x00000000e2300000, 0x00000000e2300000| Untracked 
|  36|0x00000000e2400000, 0x00000000e2400000, 0x00000000e2500000|  0%| F|  |TAMS 0x00000000e2400000, 0x00000000e2400000| Untracked 
|  37|0x00000000e2500000, 0x00000000e2500000, 0x00000000e2600000|  0%| F|  |TAMS 0x00000000e2500000, 0x00000000e2500000| Untracked 
|  38|0x00000000e2600000, 0x00000000e2600000, 0x00000000e2700000|  0%| F|  |TAMS 0x00000000e2600000, 0x00000000e2600000| Untracked 
|  39|0x00000000e2700000, 0x00000000e2700000, 0x00000000e2800000|  0%| F|  |TAMS 0x00000000e2700000, 0x00000000e2700000| Untracked 
|  40|0x00000000e2800000, 0x00000000e2800000, 0x00000000e2900000|  0%| F|  |TAMS 0x00000000e2800000, 0x00000000e2800000| Untracked 
|  41|0x00000000e2900000, 0x00000000e2900000, 0x00000000e2a00000|  0%| F|  |TAMS 0x00000000e2900000, 0x00000000e2900000| Untracked 
|  42|0x00000000e2a00000, 0x00000000e2a00000, 0x00000000e2b00000|  0%| F|  |TAMS 0x00000000e2a00000, 0x00000000e2a00000| Untracked 
|  43|0x00000000e2b00000, 0x00000000e2b00000, 0x00000000e2c00000|  0%| F|  |TAMS 0x00000000e2b00000, 0x00000000e2b00000| Untracked 
|  44|0x00000000e2c00000, 0x00000000e2c00000, 0x00000000e2d00000|  0%| F|  |TAMS 0x00000000e2c00000, 0x00000000e2c00000| Untracked 
|  45|0x00000000e2d00000, 0x00000000e2d00000, 0x00000000e2e00000|  0%| F|  |TAMS 0x00000000e2d00000, 0x00000000e2d00000| Untracked 
|  46|0x00000000e2e00000, 0x00000000e2e00000, 0x00000000e2f00000|  0%| F|  |TAMS 0x00000000e2e00000, 0x00000000e2e00000| Untracked 
|  47|0x00000000e2f00000, 0x00000000e2f00000, 0x00000000e3000000|  0%| F|  |TAMS 0x00000000e2f00000, 0x00000000e2f00000| Untracked 
|  48|0x00000000e3000000, 0x00000000e3000000, 0x00000000e3100000|  0%| F|  |TAMS 0x00000000e3000000, 0x00000000e3000000| Untracked 
|  49|0x00000000e3100000, 0x00000000e3100000, 0x00000000e3200000|  0%| F|  |TAMS 0x00000000e3100000, 0x00000000e3100000| Untracked 
|  50|0x00000000e3200000, 0x00000000e3200000, 0x00000000e3300000|  0%| F|  |TAMS 0x00000000e3200000, 0x00000000e3200000| Untracked 
|  51|0x00000000e3300000, 0x00000000e3300000, 0x00000000e3400000|  0%| F|  |TAMS 0x00000000e3300000, 0x00000000e3300000| Untracked 
|  52|0x00000000e3400000, 0x00000000e3400000, 0x00000000e3500000|  0%| F|  |TAMS 0x00000000e3400000, 0x00000000e3400000| Untracked 
|  53|0x00000000e3500000, 0x00000000e3500000, 0x00000000e3600000|  0%| F|  |TAMS 0x00000000e3500000, 0x00000000e3500000| Untracked 
|  54|0x00000000e3600000, 0x00000000e3600000, 0x00000000e3700000|  0%| F|  |TAMS 0x00000000e3600000, 0x00000000e3600000| Untracked 
|  55|0x00000000e3700000, 0x00000000e3700000, 0x00000000e3800000|  0%| F|  |TAMS 0x00000000e3700000, 0x00000000e3700000| Untracked 
|  56|0x00000000e3800000, 0x00000000e3800000, 0x00000000e3900000|  0%| F|  |TAMS 0x00000000e3800000, 0x00000000e3800000| Untracked 
|  57|0x00000000e3900000, 0x00000000e3900000, 0x00000000e3a00000|  0%| F|  |TAMS 0x00000000e3900000, 0x00000000e3900000| Untracked 
|  58|0x00000000e3a00000, 0x00000000e3a00000, 0x00000000e3b00000|  0%| F|  |TAMS 0x00000000e3a00000, 0x00000000e3a00000| Untracked 
|  59|0x00000000e3b00000, 0x00000000e3b00000, 0x00000000e3c00000|  0%| F|  |TAMS 0x00000000e3b00000, 0x00000000e3b00000| Untracked 
|  60|0x00000000e3c00000, 0x00000000e3c00000, 0x00000000e3d00000|  0%| F|  |TAMS 0x00000000e3c00000, 0x00000000e3c00000| Untracked 
|  61|0x00000000e3d00000, 0x00000000e3d00000, 0x00000000e3e00000|  0%| F|  |TAMS 0x00000000e3d00000, 0x00000000e3d00000| Untracked 
|  62|0x00000000e3e00000, 0x00000000e3e00000, 0x00000000e3f00000|  0%| F|  |TAMS 0x00000000e3e00000, 0x00000000e3e00000| Untracked 
|  63|0x00000000e3f00000, 0x00000000e3f00000, 0x00000000e4000000|  0%| F|  |TAMS 0x00000000e3f00000, 0x00000000e3f00000| Untracked 
|  64|0x00000000e4000000, 0x00000000e4000000, 0x00000000e4100000|  0%| F|  |TAMS 0x00000000e4000000, 0x00000000e4000000| Untracked 
|  65|0x00000000e4100000, 0x00000000e4100000, 0x00000000e4200000|  0%| F|  |TAMS 0x00000000e4100000, 0x00000000e4100000| Untracked 
|  66|0x00000000e4200000, 0x00000000e4200000, 0x00000000e4300000|  0%| F|  |TAMS 0x00000000e4200000, 0x00000000e4200000| Untracked 
|  67|0x00000000e4300000, 0x00000000e4300000, 0x00000000e4400000|  0%| F|  |TAMS 0x00000000e4300000, 0x00000000e4300000| Untracked 
|  68|0x00000000e4400000, 0x00000000e4400000, 0x00000000e4500000|  0%| F|  |TAMS 0x00000000e4400000, 0x00000000e4400000| Untracked 
|  69|0x00000000e4500000, 0x00000000e4500000, 0x00000000e4600000|  0%| F|  |TAMS 0x00000000e4500000, 0x00000000e4500000| Untracked 
|  70|0x00000000e4600000, 0x00000000e4600000, 0x00000000e4700000|  0%| F|  |TAMS 0x00000000e4600000, 0x00000000e4600000| Untracked 
|  71|0x00000000e4700000, 0x00000000e4700000, 0x00000000e4800000|  0%| F|  |TAMS 0x00000000e4700000, 0x00000000e4700000| Untracked 
|  72|0x00000000e4800000, 0x00000000e4800000, 0x00000000e4900000|  0%| F|  |TAMS 0x00000000e4800000, 0x00000000e4800000| Untracked 
|  73|0x00000000e4900000, 0x00000000e4900000, 0x00000000e4a00000|  0%| F|  |TAMS 0x00000000e4900000, 0x00000000e4900000| Untracked 
|  74|0x00000000e4a00000, 0x00000000e4a00000, 0x00000000e4b00000|  0%| F|  |TAMS 0x00000000e4a00000, 0x00000000e4a00000| Untracked 
|  75|0x00000000e4b00000, 0x00000000e4b00000, 0x00000000e4c00000|  0%| F|  |TAMS 0x00000000e4b00000, 0x00000000e4b00000| Untracked 
|  76|0x00000000e4c00000, 0x00000000e4c00000, 0x00000000e4d00000|  0%| F|  |TAMS 0x00000000e4c00000, 0x00000000e4c00000| Untracked 
|  77|0x00000000e4d00000, 0x00000000e4d00000, 0x00000000e4e00000|  0%| F|  |TAMS 0x00000000e4d00000, 0x00000000e4d00000| Untracked 
|  78|0x00000000e4e00000, 0x00000000e4e00000, 0x00000000e4f00000|  0%| F|  |TAMS 0x00000000e4e00000, 0x00000000e4e00000| Untracked 
|  79|0x00000000e4f00000, 0x00000000e4f00000, 0x00000000e5000000|  0%| F|  |TAMS 0x00000000e4f00000, 0x00000000e4f00000| Untracked 
|  80|0x00000000e5000000, 0x00000000e5000000, 0x00000000e5100000|  0%| F|  |TAMS 0x00000000e5000000, 0x00000000e5000000| Untracked 
|  81|0x00000000e5100000, 0x00000000e5100000, 0x00000000e5200000|  0%| F|  |TAMS 0x00000000e5100000, 0x00000000e5100000| Untracked 
|  82|0x00000000e5200000, 0x00000000e5200000, 0x00000000e5300000|  0%| F|  |TAMS 0x00000000e5200000, 0x00000000e5200000| Untracked 
|  83|0x00000000e5300000, 0x00000000e5300000, 0x00000000e5400000|  0%| F|  |TAMS 0x00000000e5300000, 0x00000000e5300000| Untracked 
|  84|0x00000000e5400000, 0x00000000e5400000, 0x00000000e5500000|  0%| F|  |TAMS 0x00000000e5400000, 0x00000000e5400000| Untracked 
|  85|0x00000000e5500000, 0x00000000e5500000, 0x00000000e5600000|  0%| F|  |TAMS 0x00000000e5500000, 0x00000000e5500000| Untracked 
|  86|0x00000000e5600000, 0x00000000e5600000, 0x00000000e5700000|  0%| F|  |TAMS 0x00000000e5600000, 0x00000000e5600000| Untracked 
|  87|0x00000000e5700000, 0x00000000e5700000, 0x00000000e5800000|  0%| F|  |TAMS 0x00000000e5700000, 0x00000000e5700000| Untracked 
|  88|0x00000000e5800000, 0x00000000e5800000, 0x00000000e5900000|  0%| F|  |TAMS 0x00000000e5800000, 0x00000000e5800000| Untracked 
|  89|0x00000000e5900000, 0x00000000e5900000, 0x00000000e5a00000|  0%| F|  |TAMS 0x00000000e5900000, 0x00000000e5900000| Untracked 
|  90|0x00000000e5a00000, 0x00000000e5a00000, 0x00000000e5b00000|  0%| F|  |TAMS 0x00000000e5a00000, 0x00000000e5a00000| Untracked 
|  91|0x00000000e5b00000, 0x00000000e5b00000, 0x00000000e5c00000|  0%| F|  |TAMS 0x00000000e5b00000, 0x00000000e5b00000| Untracked 
|  92|0x00000000e5c00000, 0x00000000e5c00000, 0x00000000e5d00000|  0%| F|  |TAMS 0x00000000e5c00000, 0x00000000e5c00000| Untracked 
|  93|0x00000000e5d00000, 0x00000000e5d00000, 0x00000000e5e00000|  0%| F|  |TAMS 0x00000000e5d00000, 0x00000000e5d00000| Untracked 
|  94|0x00000000e5e00000, 0x00000000e5e00000, 0x00000000e5f00000|  0%| F|  |TAMS 0x00000000e5e00000, 0x00000000e5e00000| Untracked 
|  95|0x00000000e5f00000, 0x00000000e5f00000, 0x00000000e6000000|  0%| F|  |TAMS 0x00000000e5f00000, 0x00000000e5f00000| Untracked 
|  96|0x00000000e6000000, 0x00000000e6000000, 0x00000000e6100000|  0%| F|  |TAMS 0x00000000e6000000, 0x00000000e6000000| Untracked 
|  97|0x00000000e6100000, 0x00000000e6100000, 0x00000000e6200000|  0%| F|  |TAMS 0x00000000e6100000, 0x00000000e6100000| Untracked 
|  98|0x00000000e6200000, 0x00000000e6200000, 0x00000000e6300000|  0%| F|  |TAMS 0x00000000e6200000, 0x00000000e6200000| Untracked 
|  99|0x00000000e6300000, 0x00000000e6300000, 0x00000000e6400000|  0%| F|  |TAMS 0x00000000e6300000, 0x00000000e6300000| Untracked 
| 100|0x00000000e6400000, 0x00000000e6400000, 0x00000000e6500000|  0%| F|  |TAMS 0x00000000e6400000, 0x00000000e6400000| Untracked 
| 101|0x00000000e6500000, 0x00000000e6500000, 0x00000000e6600000|  0%| F|  |TAMS 0x00000000e6500000, 0x00000000e6500000| Untracked 
| 102|0x00000000e6600000, 0x00000000e6600000, 0x00000000e6700000|  0%| F|  |TAMS 0x00000000e6600000, 0x00000000e6600000| Untracked 
| 103|0x00000000e6700000, 0x00000000e6700000, 0x00000000e6800000|  0%| F|  |TAMS 0x00000000e6700000, 0x00000000e6700000| Untracked 
| 104|0x00000000e6800000, 0x00000000e6800000, 0x00000000e6900000|  0%| F|  |TAMS 0x00000000e6800000, 0x00000000e6800000| Untracked 
| 105|0x00000000e6900000, 0x00000000e6900000, 0x00000000e6a00000|  0%| F|  |TAMS 0x00000000e6900000, 0x00000000e6900000| Untracked 
| 106|0x00000000e6a00000, 0x00000000e6a00000, 0x00000000e6b00000|  0%| F|  |TAMS 0x00000000e6a00000, 0x00000000e6a00000| Untracked 
| 107|0x00000000e6b00000, 0x00000000e6b00000, 0x00000000e6c00000|  0%| F|  |TAMS 0x00000000e6b00000, 0x00000000e6b00000| Untracked 
| 108|0x00000000e6c00000, 0x00000000e6c00000, 0x00000000e6d00000|  0%| F|  |TAMS 0x00000000e6c00000, 0x00000000e6c00000| Untracked 
| 109|0x00000000e6d00000, 0x00000000e6d00000, 0x00000000e6e00000|  0%| F|  |TAMS 0x00000000e6d00000, 0x00000000e6d00000| Untracked 
| 110|0x00000000e6e00000, 0x00000000e6e00000, 0x00000000e6f00000|  0%| F|  |TAMS 0x00000000e6e00000, 0x00000000e6e00000| Untracked 
| 111|0x00000000e6f00000, 0x00000000e6f00000, 0x00000000e7000000|  0%| F|  |TAMS 0x00000000e6f00000, 0x00000000e6f00000| Untracked 
| 112|0x00000000e7000000, 0x00000000e7000000, 0x00000000e7100000|  0%| F|  |TAMS 0x00000000e7000000, 0x00000000e7000000| Untracked 
| 113|0x00000000e7100000, 0x00000000e7100000, 0x00000000e7200000|  0%| F|  |TAMS 0x00000000e7100000, 0x00000000e7100000| Untracked 
| 114|0x00000000e7200000, 0x00000000e7200000, 0x00000000e7300000|  0%| F|  |TAMS 0x00000000e7200000, 0x00000000e7200000| Untracked 
| 115|0x00000000e7300000, 0x00000000e7300000, 0x00000000e7400000|  0%| F|  |TAMS 0x00000000e7300000, 0x00000000e7300000| Untracked 
| 116|0x00000000e7400000, 0x00000000e7400000, 0x00000000e7500000|  0%| F|  |TAMS 0x00000000e7400000, 0x00000000e7400000| Untracked 
| 117|0x00000000e7500000, 0x00000000e7500000, 0x00000000e7600000|  0%| F|  |TAMS 0x00000000e7500000, 0x00000000e7500000| Untracked 
| 118|0x00000000e7600000, 0x00000000e7600000, 0x00000000e7700000|  0%| F|  |TAMS 0x00000000e7600000, 0x00000000e7600000| Untracked 
| 119|0x00000000e7700000, 0x00000000e7700000, 0x00000000e7800000|  0%| F|  |TAMS 0x00000000e7700000, 0x00000000e7700000| Untracked 
| 120|0x00000000e7800000, 0x00000000e7800000, 0x00000000e7900000|  0%| F|  |TAMS 0x00000000e7800000, 0x00000000e7800000| Untracked 
| 121|0x00000000e7900000, 0x00000000e7900000, 0x00000000e7a00000|  0%| F|  |TAMS 0x00000000e7900000, 0x00000000e7900000| Untracked 
| 122|0x00000000e7a00000, 0x00000000e7a00000, 0x00000000e7b00000|  0%| F|  |TAMS 0x00000000e7a00000, 0x00000000e7a00000| Untracked 
| 123|0x00000000e7b00000, 0x00000000e7b00000, 0x00000000e7c00000|  0%| F|  |TAMS 0x00000000e7b00000, 0x00000000e7b00000| Untracked 
| 124|0x00000000e7c00000, 0x00000000e7c00000, 0x00000000e7d00000|  0%| F|  |TAMS 0x00000000e7c00000, 0x00000000e7c00000| Untracked 
| 125|0x00000000e7d00000, 0x00000000e7d00000, 0x00000000e7e00000|  0%| F|  |TAMS 0x00000000e7d00000, 0x00000000e7d00000| Untracked 
| 126|0x00000000e7e00000, 0x00000000e7e00000, 0x00000000e7f00000|  0%| F|  |TAMS 0x00000000e7e00000, 0x00000000e7e00000| Untracked 
| 127|0x00000000e7f00000, 0x00000000e7f00000, 0x00000000e8000000|  0%| F|  |TAMS 0x00000000e7f00000, 0x00000000e7f00000| Untracked 
| 128|0x00000000e8000000, 0x00000000e8000000, 0x00000000e8100000|  0%| F|  |TAMS 0x00000000e8000000, 0x00000000e8000000| Untracked 
| 129|0x00000000e8100000, 0x00000000e8100000, 0x00000000e8200000|  0%| F|  |TAMS 0x00000000e8100000, 0x00000000e8100000| Untracked 
| 130|0x00000000e8200000, 0x00000000e8300000, 0x00000000e8300000|100%| S|CS|TAMS 0x00000000e8200000, 0x00000000e8200000| Complete 
| 131|0x00000000e8300000, 0x00000000e8400000, 0x00000000e8400000|100%| S|CS|TAMS 0x00000000e8300000, 0x00000000e8300000| Complete 
| 132|0x00000000e8400000, 0x00000000e8500000, 0x00000000e8500000|100%| S|CS|TAMS 0x00000000e8400000, 0x00000000e8400000| Complete 
| 133|0x00000000e8500000, 0x00000000e8600000, 0x00000000e8600000|100%| S|CS|TAMS 0x00000000e8500000, 0x00000000e8500000| Complete 
| 134|0x00000000e8600000, 0x00000000e8700000, 0x00000000e8700000|100%| S|CS|TAMS 0x00000000e8600000, 0x00000000e8600000| Complete 
| 135|0x00000000e8700000, 0x00000000e8800000, 0x00000000e8800000|100%| S|CS|TAMS 0x00000000e8700000, 0x00000000e8700000| Complete 
| 136|0x00000000e8800000, 0x00000000e8900000, 0x00000000e8900000|100%| S|CS|TAMS 0x00000000e8800000, 0x00000000e8800000| Complete 
| 137|0x00000000e8900000, 0x00000000e8a00000, 0x00000000e8a00000|100%| S|CS|TAMS 0x00000000e8900000, 0x00000000e8900000| Complete 
| 138|0x00000000e8a00000, 0x00000000e8b00000, 0x00000000e8b00000|100%| S|CS|TAMS 0x00000000e8a00000, 0x00000000e8a00000| Complete 
| 139|0x00000000e8b00000, 0x00000000e8c00000, 0x00000000e8c00000|100%| S|CS|TAMS 0x00000000e8b00000, 0x00000000e8b00000| Complete 
| 140|0x00000000e8c00000, 0x00000000e8d00000, 0x00000000e8d00000|100%| S|CS|TAMS 0x00000000e8c00000, 0x00000000e8c00000| Complete 
| 141|0x00000000e8d00000, 0x00000000e8e00000, 0x00000000e8e00000|100%| S|CS|TAMS 0x00000000e8d00000, 0x00000000e8d00000| Complete 
| 142|0x00000000e8e00000, 0x00000000e8f00000, 0x00000000e8f00000|100%| S|CS|TAMS 0x00000000e8e00000, 0x00000000e8e00000| Complete 
| 143|0x00000000e8f00000, 0x00000000e9000000, 0x00000000e9000000|100%| S|CS|TAMS 0x00000000e8f00000, 0x00000000e8f00000| Complete 
| 144|0x00000000e9000000, 0x00000000e9000000, 0x00000000e9100000|  0%| F|  |TAMS 0x00000000e9000000, 0x00000000e9000000| Untracked 
| 145|0x00000000e9100000, 0x00000000e9100000, 0x00000000e9200000|  0%| F|  |TAMS 0x00000000e9100000, 0x00000000e9100000| Untracked 
| 146|0x00000000e9200000, 0x00000000e9200000, 0x00000000e9300000|  0%| F|  |TAMS 0x00000000e9200000, 0x00000000e9200000| Untracked 
| 147|0x00000000e9300000, 0x00000000e9300000, 0x00000000e9400000|  0%| F|  |TAMS 0x00000000e9300000, 0x00000000e9300000| Untracked 
| 148|0x00000000e9400000, 0x00000000e9400000, 0x00000000e9500000|  0%| F|  |TAMS 0x00000000e9400000, 0x00000000e9400000| Untracked 
| 149|0x00000000e9500000, 0x00000000e9500000, 0x00000000e9600000|  0%| F|  |TAMS 0x00000000e9500000, 0x00000000e9500000| Untracked 
| 150|0x00000000e9600000, 0x00000000e9600000, 0x00000000e9700000|  0%| F|  |TAMS 0x00000000e9600000, 0x00000000e9600000| Untracked 
| 151|0x00000000e9700000, 0x00000000e9700000, 0x00000000e9800000|  0%| F|  |TAMS 0x00000000e9700000, 0x00000000e9700000| Untracked 
| 152|0x00000000e9800000, 0x00000000e9800000, 0x00000000e9900000|  0%| F|  |TAMS 0x00000000e9800000, 0x00000000e9800000| Untracked 
| 153|0x00000000e9900000, 0x00000000e9900000, 0x00000000e9a00000|  0%| F|  |TAMS 0x00000000e9900000, 0x00000000e9900000| Untracked 
| 154|0x00000000e9a00000, 0x00000000e9a00000, 0x00000000e9b00000|  0%| F|  |TAMS 0x00000000e9a00000, 0x00000000e9a00000| Untracked 
| 155|0x00000000e9b00000, 0x00000000e9b00000, 0x00000000e9c00000|  0%| F|  |TAMS 0x00000000e9b00000, 0x00000000e9b00000| Untracked 
| 156|0x00000000e9c00000, 0x00000000e9c00000, 0x00000000e9d00000|  0%| F|  |TAMS 0x00000000e9c00000, 0x00000000e9c00000| Untracked 
| 157|0x00000000e9d00000, 0x00000000e9d00000, 0x00000000e9e00000|  0%| F|  |TAMS 0x00000000e9d00000, 0x00000000e9d00000| Untracked 
| 158|0x00000000e9e00000, 0x00000000e9e00000, 0x00000000e9f00000|  0%| F|  |TAMS 0x00000000e9e00000, 0x00000000e9e00000| Untracked 
| 159|0x00000000e9f00000, 0x00000000e9f00000, 0x00000000ea000000|  0%| F|  |TAMS 0x00000000e9f00000, 0x00000000e9f00000| Untracked 
| 160|0x00000000ea000000, 0x00000000ea000000, 0x00000000ea100000|  0%| F|  |TAMS 0x00000000ea000000, 0x00000000ea000000| Untracked 
| 161|0x00000000ea100000, 0x00000000ea100000, 0x00000000ea200000|  0%| F|  |TAMS 0x00000000ea100000, 0x00000000ea100000| Untracked 
| 162|0x00000000ea200000, 0x00000000ea200000, 0x00000000ea300000|  0%| F|  |TAMS 0x00000000ea200000, 0x00000000ea200000| Untracked 
| 163|0x00000000ea300000, 0x00000000ea300000, 0x00000000ea400000|  0%| F|  |TAMS 0x00000000ea300000, 0x00000000ea300000| Untracked 
| 164|0x00000000ea400000, 0x00000000ea400000, 0x00000000ea500000|  0%| F|  |TAMS 0x00000000ea400000, 0x00000000ea400000| Untracked 
| 165|0x00000000ea500000, 0x00000000ea500000, 0x00000000ea600000|  0%| F|  |TAMS 0x00000000ea500000, 0x00000000ea500000| Untracked 
| 166|0x00000000ea600000, 0x00000000ea600000, 0x00000000ea700000|  0%| F|  |TAMS 0x00000000ea600000, 0x00000000ea600000| Untracked 
| 167|0x00000000ea700000, 0x00000000ea700000, 0x00000000ea800000|  0%| F|  |TAMS 0x00000000ea700000, 0x00000000ea700000| Untracked 
| 168|0x00000000ea800000, 0x00000000ea800000, 0x00000000ea900000|  0%| F|  |TAMS 0x00000000ea800000, 0x00000000ea800000| Untracked 
| 169|0x00000000ea900000, 0x00000000ea900000, 0x00000000eaa00000|  0%| F|  |TAMS 0x00000000ea900000, 0x00000000ea900000| Untracked 
| 170|0x00000000eaa00000, 0x00000000eaa00000, 0x00000000eab00000|  0%| F|  |TAMS 0x00000000eaa00000, 0x00000000eaa00000| Untracked 
| 171|0x00000000eab00000, 0x00000000eab00000, 0x00000000eac00000|  0%| F|  |TAMS 0x00000000eab00000, 0x00000000eab00000| Untracked 
| 172|0x00000000eac00000, 0x00000000eac00000, 0x00000000ead00000|  0%| F|  |TAMS 0x00000000eac00000, 0x00000000eac00000| Untracked 
| 173|0x00000000ead00000, 0x00000000ead00000, 0x00000000eae00000|  0%| F|  |TAMS 0x00000000ead00000, 0x00000000ead00000| Untracked 
| 174|0x00000000eae00000, 0x00000000eae00000, 0x00000000eaf00000|  0%| F|  |TAMS 0x00000000eae00000, 0x00000000eae00000| Untracked 
| 175|0x00000000eaf00000, 0x00000000eb000000, 0x00000000eb000000|100%| E|  |TAMS 0x00000000eaf00000, 0x00000000eaf00000| Complete 
| 176|0x00000000eb000000, 0x00000000eb100000, 0x00000000eb100000|100%| E|CS|TAMS 0x00000000eb000000, 0x00000000eb000000| Complete 
| 177|0x00000000eb100000, 0x00000000eb200000, 0x00000000eb200000|100%| E|CS|TAMS 0x00000000eb100000, 0x00000000eb100000| Complete 
| 178|0x00000000eb200000, 0x00000000eb300000, 0x00000000eb300000|100%| E|CS|TAMS 0x00000000eb200000, 0x00000000eb200000| Complete 
| 179|0x00000000eb300000, 0x00000000eb400000, 0x00000000eb400000|100%| E|CS|TAMS 0x00000000eb300000, 0x00000000eb300000| Complete 
| 180|0x00000000eb400000, 0x00000000eb500000, 0x00000000eb500000|100%| E|CS|TAMS 0x00000000eb400000, 0x00000000eb400000| Complete 
| 181|0x00000000eb500000, 0x00000000eb600000, 0x00000000eb600000|100%| E|CS|TAMS 0x00000000eb500000, 0x00000000eb500000| Complete 
| 182|0x00000000eb600000, 0x00000000eb700000, 0x00000000eb700000|100%| E|CS|TAMS 0x00000000eb600000, 0x00000000eb600000| Complete 
| 183|0x00000000eb700000, 0x00000000eb800000, 0x00000000eb800000|100%| E|CS|TAMS 0x00000000eb700000, 0x00000000eb700000| Complete 
| 184|0x00000000eb800000, 0x00000000eb900000, 0x00000000eb900000|100%| E|CS|TAMS 0x00000000eb800000, 0x00000000eb800000| Complete 
| 185|0x00000000eb900000, 0x00000000eba00000, 0x00000000eba00000|100%| E|CS|TAMS 0x00000000eb900000, 0x00000000eb900000| Complete 
| 186|0x00000000eba00000, 0x00000000ebb00000, 0x00000000ebb00000|100%| E|CS|TAMS 0x00000000eba00000, 0x00000000eba00000| Complete 
| 187|0x00000000ebb00000, 0x00000000ebc00000, 0x00000000ebc00000|100%| E|CS|TAMS 0x00000000ebb00000, 0x00000000ebb00000| Complete 
| 188|0x00000000ebc00000, 0x00000000ebd00000, 0x00000000ebd00000|100%| E|CS|TAMS 0x00000000ebc00000, 0x00000000ebc00000| Complete 
| 189|0x00000000ebd00000, 0x00000000ebe00000, 0x00000000ebe00000|100%| E|CS|TAMS 0x00000000ebd00000, 0x00000000ebd00000| Complete 
| 190|0x00000000ebe00000, 0x00000000ebf00000, 0x00000000ebf00000|100%| E|CS|TAMS 0x00000000ebe00000, 0x00000000ebe00000| Complete 
| 191|0x00000000ebf00000, 0x00000000ec000000, 0x00000000ec000000|100%| E|CS|TAMS 0x00000000ebf00000, 0x00000000ebf00000| Complete 
| 192|0x00000000ec000000, 0x00000000ec100000, 0x00000000ec100000|100%| E|CS|TAMS 0x00000000ec000000, 0x00000000ec000000| Complete 
| 193|0x00000000ec100000, 0x00000000ec200000, 0x00000000ec200000|100%| E|CS|TAMS 0x00000000ec100000, 0x00000000ec100000| Complete 
| 194|0x00000000ec200000, 0x00000000ec300000, 0x00000000ec300000|100%| E|CS|TAMS 0x00000000ec200000, 0x00000000ec200000| Complete 
| 195|0x00000000ec300000, 0x00000000ec400000, 0x00000000ec400000|100%| E|CS|TAMS 0x00000000ec300000, 0x00000000ec300000| Complete 
| 196|0x00000000ec400000, 0x00000000ec500000, 0x00000000ec500000|100%| E|CS|TAMS 0x00000000ec400000, 0x00000000ec400000| Complete 
| 197|0x00000000ec500000, 0x00000000ec600000, 0x00000000ec600000|100%| E|CS|TAMS 0x00000000ec500000, 0x00000000ec500000| Complete 
| 198|0x00000000ec600000, 0x00000000ec700000, 0x00000000ec700000|100%| E|CS|TAMS 0x00000000ec600000, 0x00000000ec600000| Complete 
| 199|0x00000000ec700000, 0x00000000ec800000, 0x00000000ec800000|100%| E|CS|TAMS 0x00000000ec700000, 0x00000000ec700000| Complete 
| 200|0x00000000ec800000, 0x00000000ec900000, 0x00000000ec900000|100%| E|CS|TAMS 0x00000000ec800000, 0x00000000ec800000| Complete 
| 201|0x00000000ec900000, 0x00000000eca00000, 0x00000000eca00000|100%| E|CS|TAMS 0x00000000ec900000, 0x00000000ec900000| Complete 
| 202|0x00000000eca00000, 0x00000000ecb00000, 0x00000000ecb00000|100%| E|CS|TAMS 0x00000000eca00000, 0x00000000eca00000| Complete 
| 203|0x00000000ecb00000, 0x00000000ecc00000, 0x00000000ecc00000|100%| E|CS|TAMS 0x00000000ecb00000, 0x00000000ecb00000| Complete 
| 204|0x00000000ecc00000, 0x00000000ecd00000, 0x00000000ecd00000|100%| E|CS|TAMS 0x00000000ecc00000, 0x00000000ecc00000| Complete 
| 205|0x00000000ecd00000, 0x00000000ece00000, 0x00000000ece00000|100%| E|CS|TAMS 0x00000000ecd00000, 0x00000000ecd00000| Complete 
| 206|0x00000000ece00000, 0x00000000ecf00000, 0x00000000ecf00000|100%| E|CS|TAMS 0x00000000ece00000, 0x00000000ece00000| Complete 
| 207|0x00000000ecf00000, 0x00000000ed000000, 0x00000000ed000000|100%| E|CS|TAMS 0x00000000ecf00000, 0x00000000ecf00000| Complete 
| 208|0x00000000ed000000, 0x00000000ed100000, 0x00000000ed100000|100%| E|CS|TAMS 0x00000000ed000000, 0x00000000ed000000| Complete 
| 209|0x00000000ed100000, 0x00000000ed200000, 0x00000000ed200000|100%| E|CS|TAMS 0x00000000ed100000, 0x00000000ed100000| Complete 
| 210|0x00000000ed200000, 0x00000000ed300000, 0x00000000ed300000|100%| E|CS|TAMS 0x00000000ed200000, 0x00000000ed200000| Complete 
| 211|0x00000000ed300000, 0x00000000ed400000, 0x00000000ed400000|100%| E|CS|TAMS 0x00000000ed300000, 0x00000000ed300000| Complete 
| 212|0x00000000ed400000, 0x00000000ed500000, 0x00000000ed500000|100%| E|CS|TAMS 0x00000000ed400000, 0x00000000ed400000| Complete 
| 213|0x00000000ed500000, 0x00000000ed600000, 0x00000000ed600000|100%| E|CS|TAMS 0x00000000ed500000, 0x00000000ed500000| Complete 
| 214|0x00000000ed600000, 0x00000000ed700000, 0x00000000ed700000|100%| E|CS|TAMS 0x00000000ed600000, 0x00000000ed600000| Complete 
| 215|0x00000000ed700000, 0x00000000ed800000, 0x00000000ed800000|100%| E|CS|TAMS 0x00000000ed700000, 0x00000000ed700000| Complete 
| 216|0x00000000ed800000, 0x00000000ed900000, 0x00000000ed900000|100%| E|CS|TAMS 0x00000000ed800000, 0x00000000ed800000| Complete 
| 217|0x00000000ed900000, 0x00000000eda00000, 0x00000000eda00000|100%| E|CS|TAMS 0x00000000ed900000, 0x00000000ed900000| Complete 
| 218|0x00000000eda00000, 0x00000000edb00000, 0x00000000edb00000|100%| E|CS|TAMS 0x00000000eda00000, 0x00000000eda00000| Complete 
| 219|0x00000000edb00000, 0x00000000edc00000, 0x00000000edc00000|100%| E|CS|TAMS 0x00000000edb00000, 0x00000000edb00000| Complete 
| 220|0x00000000edc00000, 0x00000000edd00000, 0x00000000edd00000|100%| E|CS|TAMS 0x00000000edc00000, 0x00000000edc00000| Complete 
| 221|0x00000000edd00000, 0x00000000ede00000, 0x00000000ede00000|100%| E|CS|TAMS 0x00000000edd00000, 0x00000000edd00000| Complete 
| 222|0x00000000ede00000, 0x00000000edf00000, 0x00000000edf00000|100%| E|CS|TAMS 0x00000000ede00000, 0x00000000ede00000| Complete 
| 223|0x00000000edf00000, 0x00000000ee000000, 0x00000000ee000000|100%| E|CS|TAMS 0x00000000edf00000, 0x00000000edf00000| Complete 
| 224|0x00000000ee000000, 0x00000000ee100000, 0x00000000ee100000|100%| E|CS|TAMS 0x00000000ee000000, 0x00000000ee000000| Complete 
| 225|0x00000000ee100000, 0x00000000ee200000, 0x00000000ee200000|100%| E|CS|TAMS 0x00000000ee100000, 0x00000000ee100000| Complete 
| 226|0x00000000ee200000, 0x00000000ee300000, 0x00000000ee300000|100%| E|CS|TAMS 0x00000000ee200000, 0x00000000ee200000| Complete 
| 227|0x00000000ee300000, 0x00000000ee400000, 0x00000000ee400000|100%| E|CS|TAMS 0x00000000ee300000, 0x00000000ee300000| Complete 
| 228|0x00000000ee400000, 0x00000000ee500000, 0x00000000ee500000|100%| E|CS|TAMS 0x00000000ee400000, 0x00000000ee400000| Complete 
| 229|0x00000000ee500000, 0x00000000ee600000, 0x00000000ee600000|100%| E|CS|TAMS 0x00000000ee500000, 0x00000000ee500000| Complete 
| 230|0x00000000ee600000, 0x00000000ee700000, 0x00000000ee700000|100%| E|CS|TAMS 0x00000000ee600000, 0x00000000ee600000| Complete 
| 231|0x00000000ee700000, 0x00000000ee800000, 0x00000000ee800000|100%| E|CS|TAMS 0x00000000ee700000, 0x00000000ee700000| Complete 
| 232|0x00000000ee800000, 0x00000000ee900000, 0x00000000ee900000|100%| E|CS|TAMS 0x00000000ee800000, 0x00000000ee800000| Complete 
| 233|0x00000000ee900000, 0x00000000eea00000, 0x00000000eea00000|100%| E|CS|TAMS 0x00000000ee900000, 0x00000000ee900000| Complete 
| 234|0x00000000eea00000, 0x00000000eeb00000, 0x00000000eeb00000|100%| E|CS|TAMS 0x00000000eea00000, 0x00000000eea00000| Complete 
| 235|0x00000000eeb00000, 0x00000000eec00000, 0x00000000eec00000|100%| E|CS|TAMS 0x00000000eeb00000, 0x00000000eeb00000| Complete 
| 236|0x00000000eec00000, 0x00000000eed00000, 0x00000000eed00000|100%| E|CS|TAMS 0x00000000eec00000, 0x00000000eec00000| Complete 
| 237|0x00000000eed00000, 0x00000000eee00000, 0x00000000eee00000|100%| E|CS|TAMS 0x00000000eed00000, 0x00000000eed00000| Complete 
| 238|0x00000000eee00000, 0x00000000eef00000, 0x00000000eef00000|100%| E|CS|TAMS 0x00000000eee00000, 0x00000000eee00000| Complete 
| 239|0x00000000eef00000, 0x00000000ef000000, 0x00000000ef000000|100%| E|CS|TAMS 0x00000000eef00000, 0x00000000eef00000| Complete 
| 240|0x00000000ef000000, 0x00000000ef100000, 0x00000000ef100000|100%| E|CS|TAMS 0x00000000ef000000, 0x00000000ef000000| Complete 
| 241|0x00000000ef100000, 0x00000000ef200000, 0x00000000ef200000|100%| E|CS|TAMS 0x00000000ef100000, 0x00000000ef100000| Complete 
| 242|0x00000000ef200000, 0x00000000ef300000, 0x00000000ef300000|100%| E|CS|TAMS 0x00000000ef200000, 0x00000000ef200000| Complete 
| 243|0x00000000ef300000, 0x00000000ef400000, 0x00000000ef400000|100%| E|CS|TAMS 0x00000000ef300000, 0x00000000ef300000| Complete 
| 244|0x00000000ef400000, 0x00000000ef500000, 0x00000000ef500000|100%| E|CS|TAMS 0x00000000ef400000, 0x00000000ef400000| Complete 
| 245|0x00000000ef500000, 0x00000000ef600000, 0x00000000ef600000|100%| E|CS|TAMS 0x00000000ef500000, 0x00000000ef500000| Complete 
| 246|0x00000000ef600000, 0x00000000ef700000, 0x00000000ef700000|100%| E|CS|TAMS 0x00000000ef600000, 0x00000000ef600000| Complete 
| 247|0x00000000ef700000, 0x00000000ef800000, 0x00000000ef800000|100%| E|CS|TAMS 0x00000000ef700000, 0x00000000ef700000| Complete 
| 248|0x00000000ef800000, 0x00000000ef900000, 0x00000000ef900000|100%| E|CS|TAMS 0x00000000ef800000, 0x00000000ef800000| Complete 
| 249|0x00000000ef900000, 0x00000000efa00000, 0x00000000efa00000|100%| E|CS|TAMS 0x00000000ef900000, 0x00000000ef900000| Complete 
| 250|0x00000000efa00000, 0x00000000efb00000, 0x00000000efb00000|100%| E|CS|TAMS 0x00000000efa00000, 0x00000000efa00000| Complete 
| 251|0x00000000efb00000, 0x00000000efc00000, 0x00000000efc00000|100%| E|CS|TAMS 0x00000000efb00000, 0x00000000efb00000| Complete 
| 252|0x00000000efc00000, 0x00000000efd00000, 0x00000000efd00000|100%| E|CS|TAMS 0x00000000efc00000, 0x00000000efc00000| Complete 
| 253|0x00000000efd00000, 0x00000000efe00000, 0x00000000efe00000|100%| E|CS|TAMS 0x00000000efd00000, 0x00000000efd00000| Complete 
| 254|0x00000000efe00000, 0x00000000eff00000, 0x00000000eff00000|100%| E|CS|TAMS 0x00000000efe00000, 0x00000000efe00000| Complete 
| 255|0x00000000eff00000, 0x00000000f0000000, 0x00000000f0000000|100%| E|CS|TAMS 0x00000000eff00000, 0x00000000eff00000| Complete 

Card table byte_map: [0x00000233c7720000,0x00000233c7820000] _byte_map_base: 0x00000233c7020000

Marking Bits (Prev, Next): (CMBitMap*) 0x00000233b4a449a0, (CMBitMap*) 0x00000233b4a44968
 Prev Bits: [0x00000233c8120000, 0x00000233c8920000)
 Next Bits: [0x00000233c7920000, 0x00000233c8120000)

Polling page: 0x00000233b29d0000

Metaspace:

Usage:
  Non-class:     23.56 MB capacity,    23.28 MB ( 99%) used,   253.49 KB (  1%) free+waste,    35.25 KB ( <1%) overhead. 
      Class:      2.88 MB capacity,     2.75 MB ( 96%) used,   114.57 KB (  4%) free+waste,    14.06 KB ( <1%) overhead. 
       Both:     26.44 MB capacity,    26.03 MB ( 98%) used,   368.06 KB (  1%) free+waste,    49.31 KB ( <1%) overhead. 

Virtual space:
  Non-class space:       24.00 MB reserved,      23.75 MB ( 99%) committed 
      Class space:        1.00 GB reserved,       3.00 MB ( <1%) committed 
             Both:        1.02 GB reserved,      26.75 MB (  3%) committed 

Chunk freelists:
   Non-Class:  2.00 KB
       Class:  0 bytes
        Both:  2.00 KB

MaxMetaspaceSize: 17179869184.00 GB
CompressedClassSpaceSize: 1.00 GB

CodeHeap 'non-profiled nmethods': size=120064Kb used=3756Kb max_used=3756Kb free=116307Kb
 bounds [0x00000233bffd0000, 0x00000233c0380000, 0x00000233c7510000]
CodeHeap 'profiled nmethods': size=120000Kb used=28440Kb max_used=28440Kb free=91559Kb
 bounds [0x00000233b8aa0000, 0x00000233ba670000, 0x00000233bffd0000]
CodeHeap 'non-nmethods': size=5696Kb used=1138Kb max_used=1208Kb free=4557Kb
 bounds [0x00000233b8510000, 0x00000233b8780000, 0x00000233b8aa0000]
 total_blobs=5391 nmethods=4924 adapters=377
 compilation: enabled
              stopped_count=0, restarted_count=0
 full_count=0

Compilation events (20 events):
Event: 4.956 Thread 0x00000233cb9fd800 nmethod 5521 0x00000233ba617e90 code [0x00000233ba618040, 0x00000233ba618168]
Event: 4.956 Thread 0x00000233cb9fd800 5556       2       jdk.internal.module.ModuleReferenceImpl::hashCode (56 bytes)
Event: 4.956 Thread 0x00000233cb9fd800 nmethod 5556 0x00000233ba618210 code [0x00000233ba6183e0, 0x00000233ba6185c8]
Event: 4.957 Thread 0x00000233cb9fd800 5468       2       org.jetbrains.coverage.org.objectweb.asm.MethodVisitor::visitLdcInsn (87 bytes)
Event: 4.957 Thread 0x00000233cb9fd800 nmethod 5468 0x00000233ba618710 code [0x00000233ba618900, 0x00000233ba618d28]
Event: 4.957 Thread 0x00000233cb9fd800 5560       2       java.util.concurrent.ConcurrentHashMap$BaseIterator::hasNext (13 bytes)
Event: 4.957 Thread 0x00000233cb9fd800 nmethod 5560 0x00000233ba618f10 code [0x00000233ba6190c0, 0x00000233ba6191d8]
Event: 4.957 Thread 0x00000233cb9fd800 5479       2       java.util.ArrayDeque::add (7 bytes)
Event: 4.957 Thread 0x00000233cb9fd800 nmethod 5479 0x00000233ba619290 code [0x00000233ba619440, 0x00000233ba619548]
Event: 4.957 Thread 0x00000233cb9fd800 5472       2       org.jetbrains.coverage.org.objectweb.asm.MethodVisitor::visitIntInsn (17 bytes)
Event: 4.957 Thread 0x00000233cb9fd800 nmethod 5472 0x00000233ba619610 code [0x00000233ba6197c0, 0x00000233ba6198e8]
Event: 4.957 Thread 0x00000233cb9fd800 5516 %     3       jdk.internal.reflect.UTF8::utf8Length @ 9 (81 bytes)
Event: 4.957 Thread 0x00000233cb9fd800 nmethod 5516% 0x00000233ba619990 code [0x00000233ba619be0, 0x00000233ba61a538]
Event: 4.957 Thread 0x00000233cb9fd800 5517 % !   3       jdk.internal.reflect.UTF8::encode @ 17 (191 bytes)
Event: 4.958 Thread 0x00000233cb9fd800 nmethod 5517% 0x00000233ba61a910 code [0x00000233ba61aba0, 0x00000233ba61b938]
Event: 4.958 Thread 0x00000233cb9fd800 5518 %     3       jdk.internal.reflect.ClassFileAssembler::emitConstantPoolUTF8 @ 19 (50 bytes)
Event: 4.958 Thread 0x00000233cb9fd800 nmethod 5518% 0x00000233ba61c110 code [0x00000233ba61c360, 0x00000233ba61ca08]
Event: 4.958 Thread 0x00000233cb9fd800 5402       2       org.jacoco.agent.rt.internal_1f1cc91.core.internal.flow.FrameSnapshot::reduce (166 bytes)
Event: 4.960 Thread 0x00000233cb9fd800 nmethod 5402 0x00000233ba61ce10 code [0x00000233ba61d280, 0x00000233ba61edb8]
Event: 4.960 Thread 0x00000233cb9fd800 5455       2       org.jetbrains.coverage.org.objectweb.asm.ClassReader::accept (1381 bytes)

GC Heap History (12 events):
Event: 0.360 GC heap before
{Heap before GC invocations=0 (full 0):
 garbage-first heap   total 262144K, used 22528K [0x00000000e0000000, 0x0000000100000000)
  region size 1024K, 22 young (22528K), 0 survivors (0K)
 Metaspace       used 9838K, capacity 9999K, committed 10240K, reserved 1058816K
  class space    used 864K, capacity 924K, committed 1024K, reserved 1048576K
}
Event: 0.363 GC heap after
{Heap after GC invocations=1 (full 0):
 garbage-first heap   total 262144K, used 8992K [0x00000000e0000000, 0x0000000100000000)
  region size 1024K, 3 young (3072K), 3 survivors (3072K)
 Metaspace       used 9838K, capacity 9999K, committed 10240K, reserved 1058816K
  class space    used 864K, capacity 924K, committed 1024K, reserved 1048576K
}
Event: 0.679 GC heap before
{Heap before GC invocations=1 (full 0):
 garbage-first heap   total 262144K, used 26400K [0x00000000e0000000, 0x0000000100000000)
  region size 1024K, 20 young (20480K), 3 survivors (3072K)
 Metaspace       used 11421K, capacity 11641K, committed 11904K, reserved 1060864K
  class space    used 1013K, capacity 1066K, committed 1152K, reserved 1048576K
}
Event: 0.682 GC heap after
{Heap after GC invocations=2 (full 0):
 garbage-first heap   total 262144K, used 10190K [0x00000000e0000000, 0x0000000100000000)
  region size 1024K, 2 young (2048K), 2 survivors (2048K)
 Metaspace       used 11421K, capacity 11641K, committed 11904K, reserved 1060864K
  class space    used 1013K, capacity 1066K, committed 1152K, reserved 1048576K
}
Event: 1.320 GC heap before
{Heap before GC invocations=2 (full 0):
 garbage-first heap   total 262144K, used 58318K [0x00000000e0000000, 0x0000000100000000)
  region size 1024K, 50 young (51200K), 2 survivors (2048K)
 Metaspace       used 15594K, capacity 15856K, committed 16000K, reserved 1062912K
  class space    used 1503K, capacity 1591K, committed 1664K, reserved 1048576K
}
Event: 1.322 GC heap after
{Heap after GC invocations=3 (full 0):
 garbage-first heap   total 262144K, used 12154K [0x00000000e0000000, 0x0000000100000000)
  region size 1024K, 4 young (4096K), 4 survivors (4096K)
 Metaspace       used 15594K, capacity 15856K, committed 16000K, reserved 1062912K
  class space    used 1503K, capacity 1591K, committed 1664K, reserved 1048576K
}
Event: 2.226 GC heap before
{Heap before GC invocations=3 (full 0):
 garbage-first heap   total 262144K, used 105338K [0x00000000e0000000, 0x0000000100000000)
  region size 1024K, 96 young (98304K), 4 survivors (4096K)
 Metaspace       used 19900K, capacity 20160K, committed 20352K, reserved 1067008K
  class space    used 2064K, capacity 2154K, committed 2176K, reserved 1048576K
}
Event: 2.229 GC heap after
{Heap after GC invocations=4 (full 0):
 garbage-first heap   total 262144K, used 15884K [0x00000000e0000000, 0x0000000100000000)
  region size 1024K, 7 young (7168K), 7 survivors (7168K)
 Metaspace       used 19900K, capacity 20160K, committed 20352K, reserved 1067008K
  class space    used 2064K, capacity 2154K, committed 2176K, reserved 1048576K
}
Event: 2.378 GC heap before
{Heap before GC invocations=4 (full 0):
 garbage-first heap   total 262144K, used 38412K [0x00000000e0000000, 0x0000000100000000)
  region size 1024K, 30 young (30720K), 7 survivors (7168K)
 Metaspace       used 20791K, capacity 21126K, committed 21248K, reserved 1069056K
  class space    used 2194K, capacity 2283K, committed 2304K, reserved 1048576K
}
Event: 2.381 GC heap after
{Heap after GC invocations=5 (full 0):
 garbage-first heap   total 262144K, used 18016K [0x00000000e0000000, 0x0000000100000000)
  region size 1024K, 9 young (9216K), 9 survivors (9216K)
 Metaspace       used 20791K, capacity 21126K, committed 21248K, reserved 1069056K
  class space    used 2194K, capacity 2283K, committed 2304K, reserved 1048576K
}
Event: 3.180 GC heap before
{Heap before GC invocations=6 (full 0):
 garbage-first heap   total 262144K, used 123488K [0x00000000e0000000, 0x0000000100000000)
  region size 1024K, 112 young (114688K), 9 survivors (9216K)
 Metaspace       used 24425K, capacity 24769K, committed 25088K, reserved 1071104K
  class space    used 2624K, capacity 2705K, committed 2816K, reserved 1048576K
}
Event: 3.186 GC heap after
{Heap after GC invocations=7 (full 0):
 garbage-first heap   total 262144K, used 26107K [0x00000000e0000000, 0x0000000100000000)
  region size 1024K, 14 young (14336K), 14 survivors (14336K)
 Metaspace       used 24425K, capacity 24769K, committed 25088K, reserved 1071104K
  class space    used 2624K, capacity 2705K, committed 2816K, reserved 1048576K
}

Deoptimization events (20 events):
Event: 4.488 Thread 0x00000233ceb71000 DEOPT PACKING pc=0x00000233b9f56706 sp=0x0000006c300f8850
Event: 4.488 Thread 0x00000233ceb71000 DEOPT UNPACKING pc=0x00000233b8536dde sp=0x0000006c300f8480 mode 0
Event: 4.509 Thread 0x00000233ceb71000 DEOPT PACKING pc=0x00000233b9eb8883 sp=0x0000006c300f75a0
Event: 4.509 Thread 0x00000233ceb71000 DEOPT UNPACKING pc=0x00000233b8536dde sp=0x0000006c300f6be0 mode 0
Event: 4.845 Thread 0x00000233ceb71000 DEOPT PACKING pc=0x00000233b8ab9740 sp=0x0000006c300f8fe0
Event: 4.845 Thread 0x00000233ceb71000 DEOPT UNPACKING pc=0x00000233b8536dde sp=0x0000006c300f8518 mode 0
Event: 4.859 Thread 0x00000233ceb71000 DEOPT PACKING pc=0x00000233b9dfb7ac sp=0x0000006c300f97d0
Event: 4.859 Thread 0x00000233ceb71000 DEOPT UNPACKING pc=0x00000233b8536dde sp=0x0000006c300f8d28 mode 0
Event: 4.866 Thread 0x00000233ceb71000 DEOPT PACKING pc=0x00000233b9dfb7ac sp=0x0000006c300f9490
Event: 4.866 Thread 0x00000233ceb71000 DEOPT UNPACKING pc=0x00000233b8536dde sp=0x0000006c300f89e8 mode 0
Event: 4.871 Thread 0x00000233ceb71000 DEOPT PACKING pc=0x00000233b9dfb7ac sp=0x0000006c300f96c0
Event: 4.871 Thread 0x00000233ceb71000 DEOPT UNPACKING pc=0x00000233b8536dde sp=0x0000006c300f8c18 mode 0
Event: 4.874 Thread 0x00000233ceb71000 DEOPT PACKING pc=0x00000233b9dfb7ac sp=0x0000006c300f9420
Event: 4.874 Thread 0x00000233ceb71000 DEOPT UNPACKING pc=0x00000233b8536dde sp=0x0000006c300f8978 mode 0
Event: 4.902 Thread 0x00000233ceb71000 DEOPT PACKING pc=0x00000233b9cefae9 sp=0x0000006c300fa840
Event: 4.902 Thread 0x00000233ceb71000 DEOPT UNPACKING pc=0x00000233b8536dde sp=0x0000006c300f9cb8 mode 0
Event: 4.929 Thread 0x00000233cc69d800 DEOPT PACKING pc=0x00000233ba54fc5d sp=0x0000006c301f52e0
Event: 4.929 Thread 0x00000233cc69d800 DEOPT UNPACKING pc=0x00000233b8536dde sp=0x0000006c301f4798 mode 0
Event: 4.952 Thread 0x00000233cc69d800 DEOPT PACKING pc=0x00000233b9cefae9 sp=0x0000006c301fe140
Event: 4.952 Thread 0x00000233cc69d800 DEOPT UNPACKING pc=0x00000233b8536dde sp=0x0000006c301fd5b8 mode 0

Classes redefined (13 events):
Event: 3.313 Thread 0x00000233cb9a6000 redefined class name=java.lang.Object, count=1
Event: 3.314 Thread 0x00000233cb9a6000 redefined class name=android.support.v4.app.Fragment, count=2
Event: 3.315 Thread 0x00000233cb9a6000 redefined class name=android.view.View$OnClickListener, count=2
Event: 3.316 Thread 0x00000233cb9a6000 redefined class name=swati4star.createpdf.interfaces.OnPDFCreatedInterface, count=2
Event: 3.317 Thread 0x00000233cb9a6000 redefined class name=android.content.ComponentCallbacks, count=2
Event: 3.318 Thread 0x00000233cb9a6000 redefined class name=swati4star.createpdf.fragment.QrBarcodeScanFragment, count=3
Event: 3.319 Thread 0x00000233cb9a6000 redefined class name=android.arch.lifecycle.ViewModelStoreOwner, count=2
Event: 3.320 Thread 0x00000233cb9a6000 redefined class name=android.view.View$OnCreateContextMenuListener, count=2
Event: 3.321 Thread 0x00000233cb9a6000 redefined class name=android.arch.lifecycle.LifecycleOwner, count=2
Event: 4.777 Thread 0x00000233cb9a6000 redefined class name=android.view.KeyEvent$Callback, count=2
Event: 4.791 Thread 0x00000233cb9a6000 redefined class name=android.view.accessibility.AccessibilityEventSource, count=2
Event: 4.806 Thread 0x00000233cb9a6000 redefined class name=android.graphics.drawable.Drawable$Callback, count=2
Event: 4.822 Thread 0x00000233cb9a6000 redefined class name=android.view.View, count=2

Internal exceptions (20 events):
Event: 0.936 Thread 0x00000233b4a1d000 Exception <a 'java/lang/NoSuchMethodError'{0x00000000eec963a8}: <clinit>> (0x00000000eec963a8) thrown at [./src/hotspot/share/prims/jni.cpp, line 1362]
Event: 0.937 Thread 0x00000233b4a1d000 Exception <a 'java/lang/NoSuchMethodError'{0x00000000eec9fdd8}: <clinit>> (0x00000000eec9fdd8) thrown at [./src/hotspot/share/prims/jni.cpp, line 1362]
Event: 0.937 Thread 0x00000233b4a1d000 Exception <a 'java/lang/NoSuchMethodError'{0x00000000eeca92a8}: <clinit>> (0x00000000eeca92a8) thrown at [./src/hotspot/share/prims/jni.cpp, line 1362]
Event: 1.098 Thread 0x00000233b4a1d000 Exception <a 'java/lang/NoSuchMethodError'{0x00000000edf92d80}: 'java.lang.Object java.lang.invoke.DirectMethodHandle$Holder.invokeVirtual(java.lang.Object, java.lang.Object, java.lang.Object, java.lang.Object, java.lang.Object)'> (0x00000000edf92d80) thrown at [./src/hotspot/share/interpreter/linkResolver.cpp, line 773]
Event: 1.184 Thread 0x00000233b4a1d000 Exception <a 'java/lang/NoSuchMethodError'{0x00000000ed77b058}: 'java.lang.Object java.lang.invoke.DirectMethodHandle$Holder.invokeStaticInit(java.lang.Object, int, int, int, int)'> (0x00000000ed77b058) thrown at [./src/hotspot/share/interpreter/linkResolver.cpp, line 773]
Event: 1.239 Thread 0x00000233b4a1d000 Exception <a 'java/lang/NoSuchMethodError'{0x00000000ed6a7fc0}: 'java.lang.Object java.lang.invoke.DirectMethodHandle$Holder.invokeStaticInit(java.lang.Object, java.lang.Object, int, int, int, int)'> (0x00000000ed6a7fc0) thrown at [./src/hotspot/share/interpreter/linkResolver.cpp, line 773]
Event: 1.573 Thread 0x00000233ceb71000 Exception <a 'java/lang/reflect/InvocationTargetException'{0x00000000ee3c57d8}> (0x00000000ee3c57d8) thrown at [./src/hotspot/share/runtime/reflection.cpp, line 1247]
Event: 1.574 Thread 0x00000233ceb71000 Exception <a 'java/lang/NoSuchMethodError'{0x00000000ee3d1940}: 'java.lang.Object java.lang.invoke.DirectMethodHandle$Holder.invokeStaticInit(java.lang.Object, java.lang.Object, long, java.lang.Object)'> (0x00000000ee3d1940) thrown at [./src/hotspot/share/interpreter/linkResolver.cpp, line 773]
Event: 1.575 Thread 0x00000233ceb71000 Exception <a 'java/lang/NoSuchMethodError'{0x00000000ee3ddbd0}: 'java.lang.Object java.lang.invoke.Invokers$Holder.linkToTargetMethod(java.lang.Object, long, java.lang.Object)'> (0x00000000ee3ddbd0) thrown at [./src/hotspot/share/interpreter/linkResolver.cpp, line 773]
Event: 1.588 Thread 0x00000233ceb71000 Exception <a 'java/lang/NoSuchMethodError'{0x00000000ee2ea9a0}: 'void java.lang.invoke.DirectMethodHandle$Holder.invokeStatic(java.lang.Object, long)'> (0x00000000ee2ea9a0) thrown at [./src/hotspot/share/interpreter/linkResolver.cpp, line 773]
Event: 1.588 Thread 0x00000233ceb71000 Exception <a 'java/lang/NoSuchMethodError'{0x00000000ee2efe58}: 'java.lang.Object java.lang.invoke.DirectMethodHandle$Holder.invokeStatic(java.lang.Object, long)'> (0x00000000ee2efe58) thrown at [./src/hotspot/share/interpreter/linkResolver.cpp, line 773]
Event: 1.588 Thread 0x00000233ceb71000 Exception <a 'java/lang/NoSuchMethodError'{0x00000000ee2f3428}: 'java.lang.Object java.lang.invoke.DirectMethodHandle$Holder.invokeSpecial(java.lang.Object, java.lang.Object, long)'> (0x00000000ee2f3428) thrown at [./src/hotspot/share/interpreter/linkResolver.cpp, line 773]
Event: 1.588 Thread 0x00000233ceb71000 Exception <a 'java/lang/NoSuchMethodError'{0x00000000ee2f6678}: 'java.lang.Object java.lang.invoke.Invokers$Holder.linkToTargetMethod(long, java.lang.Object)'> (0x00000000ee2f6678) thrown at [./src/hotspot/share/interpreter/linkResolver.cpp, line 773]
Event: 2.469 Thread 0x00000233ceb71000 Exception <a 'java/lang/ClassNotFoundException'{0x00000000ef22aa90}: java/lang/ClassLoader$ByteBuddyAccessor$1TlcMHDr> (0x00000000ef22aa90) thrown at [./src/hotspot/share/classfile/systemDictionary.cpp, line 231]
Event: 4.910 Thread 0x00000233ceb71000 Exception <a 'java/lang/NullPointerException'{0x00000000eb514e90}> (0x00000000eb514e90) thrown at [./src/hotspot/share/interpreter/linkResolver.cpp, line 1358]
Event: 4.910 Thread 0x00000233ceb71000 Exception <a 'java/lang/reflect/InvocationTargetException'{0x00000000eb5156b0}> (0x00000000eb5156b0) thrown at [./src/hotspot/share/runtime/reflection.cpp, line 1247]
Event: 4.911 Thread 0x00000233ceb71000 Exception <a 'java/lang/reflect/InvocationTargetException'{0x00000000eb52d7e0}> (0x00000000eb52d7e0) thrown at [./src/hotspot/share/runtime/reflection.cpp, line 1247]
Event: 4.945 Thread 0x00000233cc69d800 Exception <a 'java/lang/NoSuchMethodError'{0x00000000eb182390}: <clinit>> (0x00000000eb182390) thrown at [./src/hotspot/share/prims/jni.cpp, line 1362]
Event: 4.951 Thread 0x00000233cc69d800 Exception <a 'java/lang/NoSuchMethodError'{0x00000000eb1bd068}: <clinit>> (0x00000000eb1bd068) thrown at [./src/hotspot/share/prims/jni.cpp, line 1362]
Event: 4.963 Thread 0x00000233ce592800 Implicit null exception at 0x00000233ba1107b4 to 0x0000000000000000

Events (20 events):
Event: 4.959 loading class java/util/regex/Pattern$Curly done
Event: 4.959 loading class java/util/regex/Pattern$Loop
Event: 4.959 loading class java/util/regex/Pattern$Loop done
Event: 4.959 loading class java/util/regex/Pattern$Prolog
Event: 4.959 loading class java/util/regex/Pattern$Prolog done
Event: 4.960 loading class org/jetbrains/coverage/gnu/trove/TObjectIntHashMap
Event: 4.960 loading class org/jetbrains/coverage/gnu/trove/TObjectIntHashMap done
Event: 4.960 Executing VM operation: RevokeBias
Event: 4.960 Executing VM operation: RevokeBias done
Event: 4.960 loading class org/jacoco/agent/rt/internal_1f1cc91/core/internal/data/CompactDataOutput
Event: 4.960 loading class org/jacoco/agent/rt/internal_1f1cc91/core/internal/data/CompactDataOutput done
Event: 4.961 Thread 0x00000233ce597800 Thread exited: 0x00000233ce597800
Event: 4.961 loading class jdk/internal/math/FDBigInteger
Event: 4.961 Executing VM operation: BulkRevokeBias
Event: 4.961 Executing VM operation: BulkRevokeBias done
Event: 4.961 Executing VM operation: Deoptimize
Event: 4.961 loading class jdk/internal/math/FDBigInteger done
Event: 4.962 Executing VM operation: Deoptimize done
Event: 4.962 loading class org/jacoco/agent/rt/internal_1f1cc91/core/data/SessionInfo
Event: 4.962 loading class org/jacoco/agent/rt/internal_1f1cc91/core/data/SessionInfo done


Dynamic libraries:
0x00007ff6a1c40000 - 0x00007ff6a1c4a000 	C:\Program Files\Android\Android Studio\jre\bin\java.exe
0x00007ffcd0f10000 - 0x00007ffcd1105000 	C:\Windows\SYSTEM32\ntdll.dll
0x00007ffcd0000000 - 0x00007ffcd00be000 	C:\Windows\System32\KERNEL32.DLL
0x00007ffcce930000 - 0x00007ffccebf8000 	C:\Windows\System32\KERNELBASE.dll
0x00007ffccee00000 - 0x00007ffccef00000 	C:\Windows\System32\ucrtbase.dll
0x00007ffcc9560000 - 0x00007ffcc9579000 	C:\Program Files\Android\Android Studio\jre\bin\jli.dll
0x00007ffcc9db0000 - 0x00007ffcc9dc7000 	C:\Program Files\Android\Android Studio\jre\bin\VCRUNTIME140.dll
0x00007ffcd04f0000 - 0x00007ffcd0691000 	C:\Windows\System32\USER32.dll
0x00007ffcce620000 - 0x00007ffcce642000 	C:\Windows\System32\win32u.dll
0x00007ffcbcd20000 - 0x00007ffcbcfba000 	C:\Windows\WinSxS\amd64_microsoft.windows.common-controls_6595b64144ccf1df_6.0.19041.1110_none_60b5254171f9507e\COMCTL32.dll
0x00007ffccff70000 - 0x00007ffccff9b000 	C:\Windows\System32\GDI32.dll
0x00007ffcd0e30000 - 0x00007ffcd0ece000 	C:\Windows\System32\msvcrt.dll
0x00007ffcce790000 - 0x00007ffcce89d000 	C:\Windows\System32\gdi32full.dll
0x00007ffcced60000 - 0x00007ffccedfd000 	C:\Windows\System32\msvcp_win.dll
0x00007ffcd0df0000 - 0x00007ffcd0e20000 	C:\Windows\System32\IMM32.DLL
0x00007ffcb0900000 - 0x00007ffcb099d000 	C:\Program Files\Android\Android Studio\jre\bin\msvcp140.dll
0x00007ffc93b70000 - 0x00007ffc94645000 	C:\Program Files\Android\Android Studio\jre\bin\server\jvm.dll
0x00007ffccfd90000 - 0x00007ffccfe3e000 	C:\Windows\System32\ADVAPI32.dll
0x00007ffcd06a0000 - 0x00007ffcd073c000 	C:\Windows\System32\sechost.dll
0x00007ffcd02e0000 - 0x00007ffcd0405000 	C:\Windows\System32\RPCRT4.dll
0x00007ffcd04c0000 - 0x00007ffcd04c8000 	C:\Windows\System32\PSAPI.DLL
0x00007ffcb84e0000 - 0x00007ffcb84e9000 	C:\Windows\SYSTEM32\WSOCK32.dll
0x00007ffcc14b0000 - 0x00007ffcc14d7000 	C:\Windows\SYSTEM32\WINMM.dll
0x00007ffcc84b0000 - 0x00007ffcc84ba000 	C:\Windows\SYSTEM32\VERSION.dll
0x00007ffcd00c0000 - 0x00007ffcd012b000 	C:\Windows\System32\WS2_32.dll
0x00007ffccc530000 - 0x00007ffccc542000 	C:\Windows\SYSTEM32\kernel.appcore.dll
0x00007ffcb49a0000 - 0x00007ffcb49b1000 	C:\Program Files\Android\Android Studio\jre\bin\verify.dll
0x00007ffcc0890000 - 0x00007ffcc0a74000 	C:\Windows\SYSTEM32\DBGHELP.DLL
0x00007ffcae6f0000 - 0x00007ffcae71c000 	C:\Windows\SYSTEM32\dbgcore.DLL
0x00007ffcce650000 - 0x00007ffcce6d2000 	C:\Windows\System32\bcryptPrimitives.dll
0x00007ffc96e70000 - 0x00007ffc96e99000 	C:\Program Files\Android\Android Studio\jre\bin\java.dll
0x00007ffcb4c60000 - 0x00007ffcb4c6b000 	C:\Program Files\Android\Android Studio\jre\bin\jimage.dll
0x00007ffcbad10000 - 0x00007ffcbad1f000 	C:\Program Files\Android\Android Studio\jre\bin\instrument.dll
0x00007ffca8b20000 - 0x00007ffca8b38000 	C:\Program Files\Android\Android Studio\jre\bin\zip.dll
0x00007ffccf5c0000 - 0x00007ffccfd04000 	C:\Windows\System32\SHELL32.dll
0x00007ffccc730000 - 0x00007ffcccec5000 	C:\Windows\SYSTEM32\windows.storage.dll
0x00007ffcd0950000 - 0x00007ffcd0ca5000 	C:\Windows\System32\combase.dll
0x00007ffccdfa0000 - 0x00007ffccdfce000 	C:\Windows\SYSTEM32\Wldp.dll
0x00007ffcd0410000 - 0x00007ffcd04bd000 	C:\Windows\System32\SHCORE.dll
0x00007ffccef50000 - 0x00007ffccefa5000 	C:\Windows\System32\shlwapi.dll
0x00007ffcce560000 - 0x00007ffcce57f000 	C:\Windows\SYSTEM32\profapi.dll
0x00007ffcb61b0000 - 0x00007ffcb61ca000 	C:\Program Files\Android\Android Studio\jre\bin\net.dll
0x00007ffcc6940000 - 0x00007ffcc6a4c000 	C:\Windows\SYSTEM32\WINHTTP.dll
0x00007ffccdd00000 - 0x00007ffccdd6a000 	C:\Windows\system32\mswsock.dll
0x00007ffcb6190000 - 0x00007ffcb61a4000 	C:\Program Files\Android\Android Studio\jre\bin\nio.dll
0x00007ffcacc60000 - 0x00007ffcacc77000 	C:\Windows\system32\napinsp.dll
0x00007ffcac960000 - 0x00007ffcac97b000 	C:\Windows\system32\pnrpnsp.dll
0x00007ffcc8e50000 - 0x00007ffcc8e65000 	C:\Windows\system32\wshbth.dll
0x00007ffcca170000 - 0x00007ffcca18d000 	C:\Windows\system32\NLAapi.dll
0x00007ffccd9f0000 - 0x00007ffccda2b000 	C:\Windows\SYSTEM32\IPHLPAPI.DLL
0x00007ffccda30000 - 0x00007ffccdafb000 	C:\Windows\SYSTEM32\DNSAPI.dll
0x00007ffcd0e20000 - 0x00007ffcd0e28000 	C:\Windows\System32\NSI.dll
0x00007ffcac610000 - 0x00007ffcac622000 	C:\Windows\System32\winrnr.dll
0x0000000074d50000 - 0x0000000074d76000 	C:\Program Files\Bonjour\mdnsNSP.dll
0x00007ffcc71b0000 - 0x00007ffcc71ba000 	C:\Windows\System32\rasadhlp.dll
0x00007ffcc5f00000 - 0x00007ffcc5f7f000 	C:\Windows\System32\fwpuclnt.dll
0x00007ffcce900000 - 0x00007ffcce927000 	C:\Windows\System32\bcrypt.dll
0x00007ffccdef0000 - 0x00007ffccdf08000 	C:\Windows\SYSTEM32\CRYPTSP.dll
0x00007ffccd680000 - 0x00007ffccd6b4000 	C:\Windows\system32\rsaenh.dll
0x00007ffcce520000 - 0x00007ffcce54e000 	C:\Windows\SYSTEM32\USERENV.dll
0x00007ffccdf10000 - 0x00007ffccdf1c000 	C:\Windows\SYSTEM32\CRYPTBASE.dll
0x00007ffcc8570000 - 0x00007ffcc8587000 	C:\Windows\SYSTEM32\dhcpcsvc6.DLL
0x00007ffcc8530000 - 0x00007ffcc854d000 	C:\Windows\SYSTEM32\dhcpcsvc.DLL

dbghelp: loaded successfully - version: 4.0.5 - missing functions: none
symbol engine: initialized successfully - sym options: 0x614 - pdb path: .;C:\Program Files\Android\Android Studio\jre\bin;C:\Windows\SYSTEM32;C:\Windows\WinSxS\amd64_microsoft.windows.common-controls_6595b64144ccf1df_6.0.19041.1110_none_60b5254171f9507e;C:\Program Files\Android\Android Studio\jre\bin\server;C:\Program Files\Bonjour

VM Arguments:
jvm_args: -Djava.awt.headless=true -Dorg.gradle.native=false -javaagent:C:\Users\Emanuele\AppData\Local\Google\AndroidStudio2021.1\testAgent\intellij-coverage-agent-1.0.579.jar=C:\Users\Emanuele\AppData\Local\Temp\coverage5323args -javaagent:build/tmp/expandedArchives/org.jacoco.agent-0.8.3.jar_4b57cf550318c2dfec984d52b9993337/jacocoagent.jar=destfile=build/jacoco/testDebugUnitTest.exec,append=true,inclnolocationclasses=false,dumponexit=true,output=file,jmx=false -Xmx512m -Dfile.encoding=windows-1252 -Duser.country=IT -Duser.language=it -Duser.variant -ea 
java_command: worker.org.gradle.process.internal.worker.GradleWorkerMain 'Gradle Test Executor 44'
java_class_path (initial): C:\\Users\\Emanuele\\.gradle\\caches\\5.4.1\\workerMain\\gradle-worker.jar;D:\\UNISA\\Images-to-PDF-8.8.1\\app\\build\\intermediates\\unit_test_config_directory\\debugUnitTest\\out;D:\\UNISA\\Images-to-PDF-8.8.1\\app\\build\\intermediates\\javac\\debugUnitTest\\classes;D:\\UNISA\\Images-to-PDF-8.8.1\\app\\build\\intermediates\\sourceFolderJavaResources\\test\\debug;D:\\UNISA\\Images-to-PDF-8.8.1\\app\\libs\\aspose-cells-19.3-android.via.java.jar;C:\\Users\\Emanuele\\.gradle\\caches\\modules-2\\files-2.1\\junit\\junit\\4.12\\2973d150c0dc1fefe998f834810d68f278ea58ec\\junit-4.12.jar;C:\\Users\\Emanuele\\.gradle\\caches\\transforms-2\\files-2.1\\7b6909b64f48938995ae3ed4e82d21fb\\design-28.0.0\\jars\\classes.jar;C:\\Users\\Emanuele\\.gradle\\caches\\transforms-2\\files-2.1\\651251c562687d258463be1acb29cef2\\preference-v7-28.0.0\\jars\\classes.jar;C:\\Users\\Emanuele\\.gradle\\caches\\transforms-2\\files-2.1\\486df71dc6ed74dea0b4255c79b1f7bb\\android-morphing-button-98a4986e56\\jars\\classes.jar;C:\\Users\\Emanuele\\.gradle\\caches\\transforms-2\\files-2.1\\e0b8729a29a97f1249360bc34a62f3c6\\core-0.9.6.0\\jars\\classes.jar;C:\\Users\\Emanuele\\.gradle\\caches\\transforms-2\\files-2.1\\9a8a65aafbfe97c85a668158010ad42e\\lottie-2.5.5\\jars\\classes.jar;C:\\Users\\Emanuele\\.gradle\\caches\\transforms-2\\files-2.1\\f759d4cca9c841abfbbf69a3d1988020\\photoeditor-0.2.1\\jars\\classes.jar;C:\\Users\\Emanuele\\.gradle\\caches\\transforms-2\\files-2.1\\136cddfca49c69e99f753cbe0696d868\\android-image-cropper-2.7.0\\jars\\classes.jar;C:\\Users\\Emanuele\\.gradle\\caches\\transforms-2\\files-2.1\\da52e0abd62c4b4fdf635b9f1534cce3\\matisse-0.5.2-beta4\\jars\\classes.jar;C:\\Users\\Emanuele\\.gradle\\caches\\transforms-2\\files-2.1\\fa54b75fd3ca8dcd347227168e2bb359\\library-1.4.2\\jars\\classes.jar;C:\\Users\\Emanuele\\.gradle\\caches\\transforms-2\\files-2.1\\2f076f60f4de0bb3727f48fd42425706\\appcompat-v7-28.0.0\\jars\\classes.jar;C:\\Users\\Emanuele\\.gradle
Launcher Type: SUN_STANDARD

[Global flags]
     intx CICompilerCount                          = 3                                         {product} {ergonomic}
     uint ConcGCThreads                            = 2                                         {product} {ergonomic}
     uint G1ConcRefinementThreads                  = 6                                         {product} {ergonomic}
   size_t G1HeapRegionSize                         = 1048576                                   {product} {ergonomic}
    uintx GCDrainStackTargetSize                   = 64                                        {product} {ergonomic}
   size_t InitialHeapSize                          = 268435456                                 {product} {ergonomic}
   size_t MarkStackSize                            = 4194304                                   {product} {ergonomic}
   size_t MaxHeapSize                              = 536870912                                 {product} {command line}
   size_t MaxNewSize                               = 321912832                                 {product} {ergonomic}
   size_t MinHeapDeltaBytes                        = 1048576                                   {product} {ergonomic}
    uintx NonNMethodCodeHeapSize                   = 5830732                                {pd product} {ergonomic}
    uintx NonProfiledCodeHeapSize                  = 122913754                              {pd product} {ergonomic}
    uintx ProfiledCodeHeapSize                     = 122913754                              {pd product} {ergonomic}
    uintx ReservedCodeCacheSize                    = 251658240                              {pd product} {ergonomic}
     bool SegmentedCodeCache                       = true                                      {product} {ergonomic}
     bool UseCompressedClassPointers               = true                                 {lp64_product} {ergonomic}
     bool UseCompressedOops                        = true                                 {lp64_product} {ergonomic}
     bool UseG1GC                                  = true                                      {product} {ergonomic}
     bool UseLargePagesIndividualAllocation        = false                                  {pd product} {ergonomic}

Logging:
Log output configuration:
 #0: stdout all=warning uptime,level,tags
 #1: stderr all=off uptime,level,tags

Environment Variables:
PATH=C:\Program Files\Common Files\Oracle\Java\javapath;C:\Program Files (x86)\Common Files\Oracle\Java\javapath;C:\Windows\system32;C:\Windows;C:\Windows\System32\Wbem;C:\Windows\System32\WindowsPowerShell\v1.0\;C:\Windows\System32\OpenSSH\;C:\Program Files\NVIDIA Corporation\NVIDIA NvDLISR;C:\Program Files (x86)\NVIDIA Corporation\PhysX\Common;C:\Program Files\dotnet\;C:\Program Files\Git\cmd;C:\Users\Emanuele\AppData\Local\Microsoft\WindowsApps;C:\Users\Emanuele\AppData\Local\GitHubDesktop\bin
USERNAME=Emanuele
OS=Windows_NT
PROCESSOR_IDENTIFIER=Intel64 Family 6 Model 158 Stepping 12, GenuineIntel



---------------  S Y S T E M  ---------------

OS: Windows 10 , 64 bit Build 19041 (10.0.19041.1466)
OS uptime: 0 days 2:24 hours

CPU:total 6 (initial active 6) (6 cores per cpu, 1 threads per core) family 6 model 158 stepping 12 microcode 0xae, cmov, cx8, fxsr, mmx, sse, sse2, sse3, ssse3, sse4.1, sse4.2, popcnt, avx, avx2, aes, clmul, erms, rtm, 3dnowpref, lzcnt, tsc, tscinvbit, bmi1, bmi2, adx, fma

Memory: 4k page, system-wide physical 16316M (4658M free)
TotalPageFile size 18748M (AvailPageFile size 4841M)
current process WorkingSet (physical memory assigned to process): 312M, peak: 315M
current process commit charge ("private bytes"): 461M, peak: 464M

vm_info: OpenJDK 64-Bit Server VM (11.0.11+9-b60-7590822) for windows-amd64 JRE (11.0.11+9-b60-7590822), built on Jul 29 2021 21:43:44 by "builder" with MS VC++ 14.0 (VS2015)

END.
